#
# There is insufficient memory for the Java Runtime Environment to continue.
# Native memory allocation (malloc) failed to allocate 1573936 bytes for Chunk::new
# Possible reasons:
#   The system is out of physical RAM or swap space
#   The process is running with CompressedOops enabled, and the Java Heap may be blocking the growth of the native heap
# Possible solutions:
#   Reduce memory load on the system
#   Increase physical memory or swap space
#   Check if swap backing store is full
#   Decrease Java heap size (-Xmx/-Xms)
#   Decrease number of Java threads
#   Decrease Java thread stack sizes (-Xss)
#   Set larger code cache with -XX:ReservedCodeCacheSize=
#   JVM is running with Unscaled Compressed Oops mode in which the Java heap is
#     placed in the first 4GB address space. The Java Heap base address is the
#     maximum limit for the native heap growth. Please use -XX:HeapBaseMinAddress
#     to set the Java Heap base and to place the Java Heap above 4GB virtual address.
# This output file may be truncated or incomplete.
#
#  Out of Memory Error (./src/hotspot/share/memory/arena.cpp:197), pid=7576, tid=18596
#
# JRE version: OpenJDK Runtime Environment AdoptOpenJDK (11.0.8+10) (build 11.0.8+10)
# Java VM: OpenJDK 64-Bit Server VM AdoptOpenJDK (11.0.8+10, mixed mode, tiered, compressed oops, g1 gc, windows-amd64)
# No core dump will be written. Minidumps are not enabled by default on client versions of Windows
#

---------------  S U M M A R Y ------------

Command Line: -agentlib:jdwp=transport=dt_socket,address=127.0.0.1:54099,suspend=y,server=n -javaagent:C:\Users\Admin\AppData\Local\JetBrains\IntelliJIdea2021.1\captureAgent\debugger-agent.jar -Dfile.encoding=UTF-8 com.example.demo.SpringbootProjectApplication

Host: Intel(R) Core(TM) i5-9300H CPU @ 2.40GHz, 8 cores, 7G,  Windows 10 , 64 bit Build 19041 (10.0.19041.1503)
Time: Tue Mar  1 10:47:49 2022 SE Asia Standard Time elapsed time: 8 seconds (0d 0h 0m 8s)

---------------  T H R E A D  ---------------

Current thread (0x00000170b3cab800):  JavaThread "C2 CompilerThread1" daemon [_thread_in_native, id=18596, stack(0x00000026d3b00000,0x00000026d3c00000)]


Current CompileTask:
C2:   8887 6668   !   4       org.springframework.core.annotation.AnnotationsScanner::processMethodHierarchy (276 bytes)

Stack: [0x00000026d3b00000,0x00000026d3c00000]
Native frames: (J=compiled Java code, j=interpreted, Vv=VM code, C=native code)
V  [jvm.dll+0x5dfa5a]
V  [jvm.dll+0x7175ce]
V  [jvm.dll+0x718c9f]
V  [jvm.dll+0x719363]
V  [jvm.dll+0x240e48]
V  [jvm.dll+0xb96ac]
V  [jvm.dll+0xb9dac]
V  [jvm.dll+0x346342]
V  [jvm.dll+0x314173]
V  [jvm.dll+0x3134ba]
V  [jvm.dll+0x1fa925]
V  [jvm.dll+0x1f9adf]
V  [jvm.dll+0x17e4ec]
V  [jvm.dll+0x208f27]
V  [jvm.dll+0x20710b]
V  [jvm.dll+0x6dc339]
V  [jvm.dll+0x6d53e4]
V  [jvm.dll+0x5de996]
C  [ucrtbase.dll+0x21bb2]
C  [KERNEL32.DLL+0x17034]
C  [ntdll.dll+0x52651]


---------------  P R O C E S S  ---------------

Threads class SMR info:
_java_thread_list=0x00000170ba3e2900, length=23, elements={
0x00000170942a1000, 0x00000170b31ae000, 0x00000170b31b7800, 0x00000170b31c6000,
0x00000170b31c7800, 0x00000170b31c8800, 0x00000170b31cc800, 0x00000170b3b1e000,
0x00000170b3c95800, 0x00000170b3e98000, 0x00000170b3e1d800, 0x00000170b3f47800,
0x00000170b3eb5800, 0x00000170b4dd1000, 0x00000170b4675000, 0x00000170b3cab800,
0x00000170b8db9000, 0x00000170b6cbe000, 0x00000170be37e800, 0x00000170be953800,
0x00000170be5b3000, 0x00000170bc937800, 0x00000170bae7a800
}

Java Threads: ( => current thread )
  0x00000170942a1000 JavaThread "main" [_thread_blocked, id=17508, stack(0x00000026d2c00000,0x00000026d2d00000)]
  0x00000170b31ae000 JavaThread "Reference Handler" daemon [_thread_blocked, id=4488, stack(0x00000026d3300000,0x00000026d3400000)]
  0x00000170b31b7800 JavaThread "Finalizer" daemon [_thread_blocked, id=16116, stack(0x00000026d3400000,0x00000026d3500000)]
  0x00000170b31c6000 JavaThread "Signal Dispatcher" daemon [_thread_blocked, id=16996, stack(0x00000026d3500000,0x00000026d3600000)]
  0x00000170b31c7800 JavaThread "Attach Listener" daemon [_thread_blocked, id=16380, stack(0x00000026d3600000,0x00000026d3700000)]
  0x00000170b31c8800 JavaThread "C2 CompilerThread0" daemon [_thread_in_native, id=15432, stack(0x00000026d3700000,0x00000026d3800000)]
  0x00000170b31cc800 JavaThread "C1 CompilerThread0" daemon [_thread_in_vm, id=13200, stack(0x00000026d3800000,0x00000026d3900000)]
  0x00000170b3b1e000 JavaThread "Sweeper thread" daemon [_thread_blocked, id=7180, stack(0x00000026d3900000,0x00000026d3a00000)]
  0x00000170b3c95800 JavaThread "Common-Cleaner" daemon [_thread_blocked, id=19364, stack(0x00000026d3a00000,0x00000026d3b00000)]
  0x00000170b3e98000 JavaThread "JDWP Transport Listener: dt_socket" daemon [_thread_blocked, id=12860, stack(0x00000026d3c00000,0x00000026d3d00000)]
  0x00000170b3e1d800 JavaThread "JDWP Event Helper Thread" daemon [_thread_blocked, id=15204, stack(0x00000026d3d00000,0x00000026d3e00000)]
  0x00000170b3f47800 JavaThread "JDWP Command Reader" daemon [_thread_in_native, id=16856, stack(0x00000026d3e00000,0x00000026d3f00000)]
  0x00000170b3eb5800 JavaThread "Service Thread" daemon [_thread_blocked, id=14400, stack(0x00000026d3f00000,0x00000026d4000000)]
  0x00000170b4dd1000 JavaThread "Thread-0" [_thread_blocked, id=11872, stack(0x00000026d4300000,0x00000026d4400000)]
  0x00000170b4675000 JavaThread "restartedMain" [_thread_in_native, id=1820, stack(0x00000026d4400000,0x00000026d4500000)]
=>0x00000170b3cab800 JavaThread "C2 CompilerThread1" daemon [_thread_in_native, id=18596, stack(0x00000026d3b00000,0x00000026d3c00000)]
  0x00000170b8db9000 JavaThread "mssql-jdbc-shared-timer-core-0" daemon [_thread_blocked, id=19264, stack(0x00000026d4d00000,0x00000026d4e00000)]
  0x00000170b6cbe000 JavaThread "HikariPool-1 housekeeper" daemon [_thread_blocked, id=16756, stack(0x00000026d4e00000,0x00000026d4f00000)]
  0x00000170be37e800 JavaThread "HikariPool-1 connection adder" daemon [_thread_blocked, id=7980, stack(0x00000026d4f00000,0x00000026d5000000)]
  0x00000170be953800 JavaThread "C2 CompilerThread2" daemon [_thread_in_native, id=8804, stack(0x00000026d4800000,0x00000026d4900000)]
  0x00000170be5b3000 JavaThread "Catalina-utility-1" [_thread_blocked, id=6992, stack(0x00000026d5000000,0x00000026d5100000)]
  0x00000170bc937800 JavaThread "Catalina-utility-2" [_thread_blocked, id=11356, stack(0x00000026d5100000,0x00000026d5200000)]
  0x00000170bae7a800 JavaThread "container-0" [_thread_blocked, id=16280, stack(0x00000026d5200000,0x00000026d5300000)]

Other Threads:
  0x00000170b3189800 VMThread "VM Thread" [stack: 0x00000026d3200000,0x00000026d3300000] [id=18780]
  0x00000170b3f46000 WatcherThread [stack: 0x00000026d4000000,0x00000026d4100000] [id=11340]
  0x00000170942b7800 GCTaskThread "GC Thread#0" [stack: 0x00000026d2d00000,0x00000026d2e00000] [id=11832]
  0x00000170b4a3b000 GCTaskThread "GC Thread#1" [stack: 0x00000026d4100000,0x00000026d4200000] [id=1104]
  0x00000170b4a4d800 GCTaskThread "GC Thread#2" [stack: 0x00000026d4200000,0x00000026d4300000] [id=2544]
  0x00000170b61f1800 GCTaskThread "GC Thread#3" [stack: 0x00000026d4500000,0x00000026d4600000] [id=12912]
  0x00000170b63cb800 GCTaskThread "GC Thread#4" [stack: 0x00000026d4600000,0x00000026d4700000] [id=5444]
  0x00000170b4fe4800 GCTaskThread "GC Thread#5" [stack: 0x00000026d4700000,0x00000026d4800000] [id=3292]
  0x00000170b6480800 GCTaskThread "GC Thread#6" [stack: 0x00000026d4900000,0x00000026d4a00000] [id=3892]
  0x00000170b61d7000 GCTaskThread "GC Thread#7" [stack: 0x00000026d4a00000,0x00000026d4b00000] [id=15928]
  0x00000170942e8800 ConcurrentGCThread "G1 Main Marker" [stack: 0x00000026d2e00000,0x00000026d2f00000] [id=15216]
  0x00000170942ea000 ConcurrentGCThread "G1 Conc#0" [stack: 0x00000026d2f00000,0x00000026d3000000] [id=18376]
  0x00000170b4bfb000 ConcurrentGCThread "G1 Conc#1" [stack: 0x00000026d4b00000,0x00000026d4c00000] [id=12104]
  0x00000170b2ff2800 ConcurrentGCThread "G1 Refine#0" [stack: 0x00000026d3000000,0x00000026d3100000] [id=15380]
  0x000001709436d000 ConcurrentGCThread "G1 Young RemSet Sampling" [stack: 0x00000026d3100000,0x00000026d3200000] [id=10384]

Threads with active compile tasks:
C2 CompilerThread0   8920 6167       4       org.springframework.core.annotation.TypeMappedAnnotations::get (52 bytes)
C2 CompilerThread1   8920 6668   !   4       org.springframework.core.annotation.AnnotationsScanner::processMethodHierarchy (276 bytes)
C2 CompilerThread2   8921 6371       4       org.springframework.core.annotation.TypeMappedAnnotations::get (8 bytes)

VM state:not at safepoint (normal execution)

VM Mutex/Monitor currently owned by a thread: None

Heap address: 0x0000000081c00000, size: 2020 MB, Compressed Oops mode: 32-bit
Narrow klass base: 0x0000000000000000, Narrow klass shift: 3
Compressed class space size: 1073741824 Address: 0x0000000100000000

Heap:
 garbage-first heap   total 189440K, used 101738K [0x0000000081c00000, 0x0000000100000000)
  region size 1024K, 80 young (81920K), 7 survivors (7168K)
 Metaspace       used 75355K, capacity 77297K, committed 77568K, reserved 1116160K
  class space    used 9443K, capacity 10162K, committed 10240K, reserved 1048576K
Heap Regions: E=young(eden), S=young(survivor), O=old, HS=humongous(starts), HC=humongous(continues), CS=collection set, F=free, A=archive, TAMS=top-at-mark-start (previous, next)
|   0|0x0000000081c00000, 0x0000000081d00000, 0x0000000081d00000|100%|HS|  |TAMS 0x0000000081d00000, 0x0000000081c00000| Complete 
|   1|0x0000000081d00000, 0x0000000081e00000, 0x0000000081e00000|100%| O|  |TAMS 0x0000000081e00000, 0x0000000081d00000| Untracked 
|   2|0x0000000081e00000, 0x0000000081f00000, 0x0000000081f00000|100%| O|  |TAMS 0x0000000081f00000, 0x0000000081e00000| Untracked 
|   3|0x0000000081f00000, 0x0000000082000000, 0x0000000082000000|100%| O|  |TAMS 0x0000000082000000, 0x0000000081f00000| Untracked 
|   4|0x0000000082000000, 0x0000000082100000, 0x0000000082100000|100%| O|  |TAMS 0x0000000082100000, 0x0000000082000000| Untracked 
|   5|0x0000000082100000, 0x0000000082200000, 0x0000000082200000|100%| O|  |TAMS 0x0000000082200000, 0x0000000082100000| Untracked 
|   6|0x0000000082200000, 0x0000000082300000, 0x0000000082300000|100%| O|  |TAMS 0x0000000082300000, 0x0000000082200000| Untracked 
|   7|0x0000000082300000, 0x0000000082400000, 0x0000000082400000|100%| O|  |TAMS 0x0000000082400000, 0x0000000082300000| Untracked 
|   8|0x0000000082400000, 0x0000000082500000, 0x0000000082500000|100%| O|  |TAMS 0x0000000082500000, 0x0000000082400000| Untracked 
|   9|0x0000000082500000, 0x0000000082600000, 0x0000000082600000|100%| O|  |TAMS 0x0000000082600000, 0x0000000082500000| Untracked 
|  10|0x0000000082600000, 0x0000000082700000, 0x0000000082700000|100%| O|  |TAMS 0x0000000082700000, 0x0000000082600000| Untracked 
|  11|0x0000000082700000, 0x0000000082800000, 0x0000000082800000|100%| O|  |TAMS 0x0000000082800000, 0x0000000082700000| Untracked 
|  12|0x0000000082800000, 0x0000000082900000, 0x0000000082900000|100%| O|  |TAMS 0x0000000082900000, 0x0000000082800000| Untracked 
|  13|0x0000000082900000, 0x0000000082a00000, 0x0000000082a00000|100%| O|  |TAMS 0x0000000082a00000, 0x0000000082900000| Untracked 
|  14|0x0000000082a00000, 0x0000000082b00000, 0x0000000082b00000|100%| O|  |TAMS 0x0000000082b00000, 0x0000000082a00000| Untracked 
|  15|0x0000000082b00000, 0x0000000082c00000, 0x0000000082c00000|100%| O|  |TAMS 0x0000000082c00000, 0x0000000082b00000| Untracked 
|  16|0x0000000082c00000, 0x0000000082d00000, 0x0000000082d00000|100%| O|  |TAMS 0x0000000082d00000, 0x0000000082c00000| Untracked 
|  17|0x0000000082d00000, 0x0000000082e00000, 0x0000000082e00000|100%| O|  |TAMS 0x0000000082e00000, 0x0000000082d00000| Untracked 
|  18|0x0000000082e00000, 0x0000000082f00000, 0x0000000082f00000|100%| O|  |TAMS 0x0000000082f00000, 0x0000000082e00000| Untracked 
|  19|0x0000000082f00000, 0x0000000083000000, 0x0000000083000000|100%| O|  |TAMS 0x0000000083000000, 0x0000000082f00000| Untracked 
|  20|0x0000000083000000, 0x00000000830a0e00, 0x0000000083100000| 62%| O|  |TAMS 0x00000000830a0e00, 0x0000000083000000| Untracked 
|  21|0x0000000083100000, 0x0000000083100000, 0x0000000083200000|  0%| F|  |TAMS 0x0000000083100000, 0x0000000083100000| Untracked 
|  22|0x0000000083200000, 0x0000000083200000, 0x0000000083300000|  0%| F|  |TAMS 0x0000000083200000, 0x0000000083200000| Untracked 
|  23|0x0000000083300000, 0x0000000083300000, 0x0000000083400000|  0%| F|  |TAMS 0x0000000083300000, 0x0000000083300000| Untracked 
|  24|0x0000000083400000, 0x0000000083400000, 0x0000000083500000|  0%| F|  |TAMS 0x0000000083400000, 0x0000000083400000| Untracked 
|  25|0x0000000083500000, 0x0000000083500000, 0x0000000083600000|  0%| F|  |TAMS 0x0000000083500000, 0x0000000083500000| Untracked 
|  26|0x0000000083600000, 0x0000000083600000, 0x0000000083700000|  0%| F|  |TAMS 0x0000000083600000, 0x0000000083600000| Untracked 
|  27|0x0000000083700000, 0x0000000083700000, 0x0000000083800000|  0%| F|  |TAMS 0x0000000083700000, 0x0000000083700000| Untracked 
|  28|0x0000000083800000, 0x0000000083800000, 0x0000000083900000|  0%| F|  |TAMS 0x0000000083800000, 0x0000000083800000| Untracked 
|  29|0x0000000083900000, 0x0000000083900000, 0x0000000083a00000|  0%| F|  |TAMS 0x0000000083900000, 0x0000000083900000| Untracked 
|  30|0x0000000083a00000, 0x0000000083a00000, 0x0000000083b00000|  0%| F|  |TAMS 0x0000000083a00000, 0x0000000083a00000| Untracked 
|  31|0x0000000083b00000, 0x0000000083b00000, 0x0000000083c00000|  0%| F|  |TAMS 0x0000000083b00000, 0x0000000083b00000| Untracked 
|  32|0x0000000083c00000, 0x0000000083c00000, 0x0000000083d00000|  0%| F|  |TAMS 0x0000000083c00000, 0x0000000083c00000| Untracked 
|  33|0x0000000083d00000, 0x0000000083d00000, 0x0000000083e00000|  0%| F|  |TAMS 0x0000000083d00000, 0x0000000083d00000| Untracked 
|  34|0x0000000083e00000, 0x0000000083e00000, 0x0000000083f00000|  0%| F|  |TAMS 0x0000000083e00000, 0x0000000083e00000| Untracked 
|  35|0x0000000083f00000, 0x0000000083f00000, 0x0000000084000000|  0%| F|  |TAMS 0x0000000083f00000, 0x0000000083f00000| Untracked 
|  36|0x0000000084000000, 0x0000000084000000, 0x0000000084100000|  0%| F|  |TAMS 0x0000000084000000, 0x0000000084000000| Untracked 
|  37|0x0000000084100000, 0x0000000084100000, 0x0000000084200000|  0%| F|  |TAMS 0x0000000084100000, 0x0000000084100000| Untracked 
|  38|0x0000000084200000, 0x0000000084200000, 0x0000000084300000|  0%| F|  |TAMS 0x0000000084200000, 0x0000000084200000| Untracked 
|  39|0x0000000084300000, 0x0000000084300000, 0x0000000084400000|  0%| F|  |TAMS 0x0000000084300000, 0x0000000084300000| Untracked 
|  40|0x0000000084400000, 0x0000000084400000, 0x0000000084500000|  0%| F|  |TAMS 0x0000000084400000, 0x0000000084400000| Untracked 
|  41|0x0000000084500000, 0x0000000084500000, 0x0000000084600000|  0%| F|  |TAMS 0x0000000084500000, 0x0000000084500000| Untracked 
|  42|0x0000000084600000, 0x0000000084600000, 0x0000000084700000|  0%| F|  |TAMS 0x0000000084600000, 0x0000000084600000| Untracked 
|  43|0x0000000084700000, 0x0000000084700000, 0x0000000084800000|  0%| F|  |TAMS 0x0000000084700000, 0x0000000084700000| Untracked 
|  44|0x0000000084800000, 0x0000000084800000, 0x0000000084900000|  0%| F|  |TAMS 0x0000000084800000, 0x0000000084800000| Untracked 
|  45|0x0000000084900000, 0x0000000084900000, 0x0000000084a00000|  0%| F|  |TAMS 0x0000000084900000, 0x0000000084900000| Untracked 
|  46|0x0000000084a00000, 0x0000000084a00000, 0x0000000084b00000|  0%| F|  |TAMS 0x0000000084a00000, 0x0000000084a00000| Untracked 
|  47|0x0000000084b00000, 0x0000000084b00000, 0x0000000084c00000|  0%| F|  |TAMS 0x0000000084b00000, 0x0000000084b00000| Untracked 
|  48|0x0000000084c00000, 0x0000000084c00000, 0x0000000084d00000|  0%| F|  |TAMS 0x0000000084c00000, 0x0000000084c00000| Untracked 
|  49|0x0000000084d00000, 0x0000000084d00000, 0x0000000084e00000|  0%| F|  |TAMS 0x0000000084d00000, 0x0000000084d00000| Untracked 
|  50|0x0000000084e00000, 0x0000000084e00000, 0x0000000084f00000|  0%| F|  |TAMS 0x0000000084e00000, 0x0000000084e00000| Untracked 
|  51|0x0000000084f00000, 0x0000000084f00000, 0x0000000085000000|  0%| F|  |TAMS 0x0000000084f00000, 0x0000000084f00000| Untracked 
|  52|0x0000000085000000, 0x0000000085000000, 0x0000000085100000|  0%| F|  |TAMS 0x0000000085000000, 0x0000000085000000| Untracked 
|  53|0x0000000085100000, 0x0000000085100000, 0x0000000085200000|  0%| F|  |TAMS 0x0000000085100000, 0x0000000085100000| Untracked 
|  54|0x0000000085200000, 0x0000000085200000, 0x0000000085300000|  0%| F|  |TAMS 0x0000000085200000, 0x0000000085200000| Untracked 
|  55|0x0000000085300000, 0x0000000085300000, 0x0000000085400000|  0%| F|  |TAMS 0x0000000085300000, 0x0000000085300000| Untracked 
|  56|0x0000000085400000, 0x0000000085400000, 0x0000000085500000|  0%| F|  |TAMS 0x0000000085400000, 0x0000000085400000| Untracked 
|  57|0x0000000085500000, 0x0000000085500000, 0x0000000085600000|  0%| F|  |TAMS 0x0000000085500000, 0x0000000085500000| Untracked 
|  58|0x0000000085600000, 0x0000000085600000, 0x0000000085700000|  0%| F|  |TAMS 0x0000000085600000, 0x0000000085600000| Untracked 
|  59|0x0000000085700000, 0x0000000085700000, 0x0000000085800000|  0%| F|  |TAMS 0x0000000085700000, 0x0000000085700000| Untracked 
|  60|0x0000000085800000, 0x0000000085800000, 0x0000000085900000|  0%| F|  |TAMS 0x0000000085800000, 0x0000000085800000| Untracked 
|  61|0x0000000085900000, 0x0000000085900000, 0x0000000085a00000|  0%| F|  |TAMS 0x0000000085900000, 0x0000000085900000| Untracked 
|  62|0x0000000085a00000, 0x0000000085a00000, 0x0000000085b00000|  0%| F|  |TAMS 0x0000000085a00000, 0x0000000085a00000| Untracked 
|  63|0x0000000085b00000, 0x0000000085b00000, 0x0000000085c00000|  0%| F|  |TAMS 0x0000000085b00000, 0x0000000085b00000| Untracked 
|  64|0x0000000085c00000, 0x0000000085c00000, 0x0000000085d00000|  0%| F|  |TAMS 0x0000000085c00000, 0x0000000085c00000| Untracked 
|  65|0x0000000085d00000, 0x0000000085d00000, 0x0000000085e00000|  0%| F|  |TAMS 0x0000000085d00000, 0x0000000085d00000| Untracked 
|  66|0x0000000085e00000, 0x0000000085e00000, 0x0000000085f00000|  0%| F|  |TAMS 0x0000000085e00000, 0x0000000085e00000| Untracked 
|  67|0x0000000085f00000, 0x0000000085fb9bb8, 0x0000000086000000| 72%| S|CS|TAMS 0x0000000085f00000, 0x0000000085f00000| Complete 
|  68|0x0000000086000000, 0x0000000086100000, 0x0000000086100000|100%| S|CS|TAMS 0x0000000086000000, 0x0000000086000000| Complete 
|  69|0x0000000086100000, 0x0000000086200000, 0x0000000086200000|100%| S|CS|TAMS 0x0000000086100000, 0x0000000086100000| Complete 
|  70|0x0000000086200000, 0x0000000086300000, 0x0000000086300000|100%| S|CS|TAMS 0x0000000086200000, 0x0000000086200000| Complete 
|  71|0x0000000086300000, 0x0000000086400000, 0x0000000086400000|100%| S|CS|TAMS 0x0000000086300000, 0x0000000086300000| Complete 
|  72|0x0000000086400000, 0x0000000086500000, 0x0000000086500000|100%| S|CS|TAMS 0x0000000086400000, 0x0000000086400000| Complete 
|  73|0x0000000086500000, 0x0000000086600000, 0x0000000086600000|100%| S|CS|TAMS 0x0000000086500000, 0x0000000086500000| Complete 
|  74|0x0000000086600000, 0x0000000086600000, 0x0000000086700000|  0%| F|  |TAMS 0x0000000086600000, 0x0000000086600000| Untracked 
|  75|0x0000000086700000, 0x0000000086700000, 0x0000000086800000|  0%| F|  |TAMS 0x0000000086700000, 0x0000000086700000| Untracked 
|  76|0x0000000086800000, 0x0000000086800000, 0x0000000086900000|  0%| F|  |TAMS 0x0000000086800000, 0x0000000086800000| Untracked 
|  77|0x0000000086900000, 0x0000000086900000, 0x0000000086a00000|  0%| F|  |TAMS 0x0000000086900000, 0x0000000086900000| Untracked 
|  78|0x0000000086a00000, 0x0000000086a00000, 0x0000000086b00000|  0%| F|  |TAMS 0x0000000086a00000, 0x0000000086a00000| Untracked 
|  79|0x0000000086b00000, 0x0000000086b00000, 0x0000000086c00000|  0%| F|  |TAMS 0x0000000086b00000, 0x0000000086b00000| Untracked 
|  80|0x0000000086c00000, 0x0000000086c00000, 0x0000000086d00000|  0%| F|  |TAMS 0x0000000086c00000, 0x0000000086c00000| Untracked 
|  81|0x0000000086d00000, 0x0000000086d00000, 0x0000000086e00000|  0%| F|  |TAMS 0x0000000086d00000, 0x0000000086d00000| Untracked 
|  82|0x0000000086e00000, 0x0000000086e00000, 0x0000000086f00000|  0%| F|  |TAMS 0x0000000086e00000, 0x0000000086e00000| Untracked 
|  83|0x0000000086f00000, 0x0000000086f00000, 0x0000000087000000|  0%| F|  |TAMS 0x0000000086f00000, 0x0000000086f00000| Untracked 
|  84|0x0000000087000000, 0x0000000087000000, 0x0000000087100000|  0%| F|  |TAMS 0x0000000087000000, 0x0000000087000000| Untracked 
|  85|0x0000000087100000, 0x0000000087100000, 0x0000000087200000|  0%| F|  |TAMS 0x0000000087100000, 0x0000000087100000| Untracked 
|  86|0x0000000087200000, 0x0000000087200000, 0x0000000087300000|  0%| F|  |TAMS 0x0000000087200000, 0x0000000087200000| Untracked 
|  87|0x0000000087300000, 0x0000000087300000, 0x0000000087400000|  0%| F|  |TAMS 0x0000000087300000, 0x0000000087300000| Untracked 
|  88|0x0000000087400000, 0x0000000087400000, 0x0000000087500000|  0%| F|  |TAMS 0x0000000087400000, 0x0000000087400000| Untracked 
|  89|0x0000000087500000, 0x0000000087500000, 0x0000000087600000|  0%| F|  |TAMS 0x0000000087500000, 0x0000000087500000| Untracked 
|  90|0x0000000087600000, 0x0000000087600000, 0x0000000087700000|  0%| F|  |TAMS 0x0000000087600000, 0x0000000087600000| Untracked 
|  91|0x0000000087700000, 0x0000000087700000, 0x0000000087800000|  0%| F|  |TAMS 0x0000000087700000, 0x0000000087700000| Untracked 
|  92|0x0000000087800000, 0x0000000087800000, 0x0000000087900000|  0%| F|  |TAMS 0x0000000087800000, 0x0000000087800000| Untracked 
|  93|0x0000000087900000, 0x0000000087900000, 0x0000000087a00000|  0%| F|  |TAMS 0x0000000087900000, 0x0000000087900000| Untracked 
|  94|0x0000000087a00000, 0x0000000087a00000, 0x0000000087b00000|  0%| F|  |TAMS 0x0000000087a00000, 0x0000000087a00000| Untracked 
|  95|0x0000000087b00000, 0x0000000087b00000, 0x0000000087c00000|  0%| F|  |TAMS 0x0000000087b00000, 0x0000000087b00000| Untracked 
|  96|0x0000000087c00000, 0x0000000087c00000, 0x0000000087d00000|  0%| F|  |TAMS 0x0000000087c00000, 0x0000000087c00000| Untracked 
|  97|0x0000000087d00000, 0x0000000087d00000, 0x0000000087e00000|  0%| F|  |TAMS 0x0000000087d00000, 0x0000000087d00000| Untracked 
|  98|0x0000000087e00000, 0x0000000087e00000, 0x0000000087f00000|  0%| F|  |TAMS 0x0000000087e00000, 0x0000000087e00000| Untracked 
|  99|0x0000000087f00000, 0x0000000087f00000, 0x0000000088000000|  0%| F|  |TAMS 0x0000000087f00000, 0x0000000087f00000| Untracked 
| 100|0x0000000088000000, 0x0000000088000000, 0x0000000088100000|  0%| F|  |TAMS 0x0000000088000000, 0x0000000088000000| Untracked 
| 101|0x0000000088100000, 0x0000000088100000, 0x0000000088200000|  0%| F|  |TAMS 0x0000000088100000, 0x0000000088100000| Untracked 
| 102|0x0000000088200000, 0x0000000088200000, 0x0000000088300000|  0%| F|  |TAMS 0x0000000088200000, 0x0000000088200000| Untracked 
| 103|0x0000000088300000, 0x0000000088300000, 0x0000000088400000|  0%| F|  |TAMS 0x0000000088300000, 0x0000000088300000| Untracked 
| 104|0x0000000088400000, 0x0000000088400000, 0x0000000088500000|  0%| F|  |TAMS 0x0000000088400000, 0x0000000088400000| Untracked 
| 105|0x0000000088500000, 0x0000000088500000, 0x0000000088600000|  0%| F|  |TAMS 0x0000000088500000, 0x0000000088500000| Untracked 
| 106|0x0000000088600000, 0x0000000088600000, 0x0000000088700000|  0%| F|  |TAMS 0x0000000088600000, 0x0000000088600000| Untracked 
| 107|0x0000000088700000, 0x0000000088700000, 0x0000000088800000|  0%| F|  |TAMS 0x0000000088700000, 0x0000000088700000| Untracked 
| 108|0x0000000088800000, 0x0000000088800000, 0x0000000088900000|  0%| F|  |TAMS 0x0000000088800000, 0x0000000088800000| Untracked 
| 109|0x0000000088900000, 0x0000000088900000, 0x0000000088a00000|  0%| F|  |TAMS 0x0000000088900000, 0x0000000088900000| Untracked 
| 110|0x0000000088a00000, 0x0000000088a00000, 0x0000000088b00000|  0%| F|  |TAMS 0x0000000088a00000, 0x0000000088a00000| Untracked 
| 111|0x0000000088b00000, 0x0000000088b00000, 0x0000000088c00000|  0%| F|  |TAMS 0x0000000088b00000, 0x0000000088b00000| Untracked 
| 112|0x0000000088c00000, 0x0000000088c80800, 0x0000000088d00000| 50%| E|  |TAMS 0x0000000088c00000, 0x0000000088c00000| Complete 
| 113|0x0000000088d00000, 0x0000000088e00000, 0x0000000088e00000|100%| E|CS|TAMS 0x0000000088d00000, 0x0000000088d00000| Complete 
| 114|0x0000000088e00000, 0x0000000088f00000, 0x0000000088f00000|100%| E|CS|TAMS 0x0000000088e00000, 0x0000000088e00000| Complete 
| 115|0x0000000088f00000, 0x0000000089000000, 0x0000000089000000|100%| E|CS|TAMS 0x0000000088f00000, 0x0000000088f00000| Complete 
| 116|0x0000000089000000, 0x0000000089100000, 0x0000000089100000|100%| E|CS|TAMS 0x0000000089000000, 0x0000000089000000| Complete 
| 117|0x0000000089100000, 0x0000000089200000, 0x0000000089200000|100%| E|CS|TAMS 0x0000000089100000, 0x0000000089100000| Complete 
| 118|0x0000000089200000, 0x0000000089300000, 0x0000000089300000|100%| E|CS|TAMS 0x0000000089200000, 0x0000000089200000| Complete 
| 119|0x0000000089300000, 0x0000000089400000, 0x0000000089400000|100%| E|CS|TAMS 0x0000000089300000, 0x0000000089300000| Complete 
| 120|0x0000000089400000, 0x0000000089500000, 0x0000000089500000|100%| E|CS|TAMS 0x0000000089400000, 0x0000000089400000| Complete 
| 121|0x0000000089500000, 0x0000000089600000, 0x0000000089600000|100%| E|CS|TAMS 0x0000000089500000, 0x0000000089500000| Complete 
| 122|0x0000000089600000, 0x0000000089700000, 0x0000000089700000|100%| E|CS|TAMS 0x0000000089600000, 0x0000000089600000| Complete 
| 123|0x0000000089700000, 0x0000000089800000, 0x0000000089800000|100%| E|CS|TAMS 0x0000000089700000, 0x0000000089700000| Complete 
| 124|0x0000000089800000, 0x0000000089900000, 0x0000000089900000|100%| E|CS|TAMS 0x0000000089800000, 0x0000000089800000| Complete 
| 125|0x0000000089900000, 0x0000000089a00000, 0x0000000089a00000|100%| E|CS|TAMS 0x0000000089900000, 0x0000000089900000| Complete 
| 126|0x0000000089a00000, 0x0000000089b00000, 0x0000000089b00000|100%| E|CS|TAMS 0x0000000089a00000, 0x0000000089a00000| Complete 
| 127|0x0000000089b00000, 0x0000000089c00000, 0x0000000089c00000|100%| E|CS|TAMS 0x0000000089b00000, 0x0000000089b00000| Complete 
| 128|0x0000000089c00000, 0x0000000089d00000, 0x0000000089d00000|100%| E|CS|TAMS 0x0000000089c00000, 0x0000000089c00000| Complete 
| 129|0x0000000089d00000, 0x0000000089e00000, 0x0000000089e00000|100%| E|CS|TAMS 0x0000000089d00000, 0x0000000089d00000| Complete 
| 130|0x0000000089e00000, 0x0000000089f00000, 0x0000000089f00000|100%| E|CS|TAMS 0x0000000089e00000, 0x0000000089e00000| Complete 
| 131|0x0000000089f00000, 0x000000008a000000, 0x000000008a000000|100%| E|CS|TAMS 0x0000000089f00000, 0x0000000089f00000| Complete 
| 132|0x000000008a000000, 0x000000008a100000, 0x000000008a100000|100%| E|CS|TAMS 0x000000008a000000, 0x000000008a000000| Complete 
| 133|0x000000008a100000, 0x000000008a200000, 0x000000008a200000|100%| E|CS|TAMS 0x000000008a100000, 0x000000008a100000| Complete 
| 134|0x000000008a200000, 0x000000008a300000, 0x000000008a300000|100%| E|CS|TAMS 0x000000008a200000, 0x000000008a200000| Complete 
| 135|0x000000008a300000, 0x000000008a400000, 0x000000008a400000|100%| E|CS|TAMS 0x000000008a300000, 0x000000008a300000| Complete 
| 136|0x000000008a400000, 0x000000008a500000, 0x000000008a500000|100%| E|CS|TAMS 0x000000008a400000, 0x000000008a400000| Complete 
| 137|0x000000008a500000, 0x000000008a600000, 0x000000008a600000|100%| E|CS|TAMS 0x000000008a500000, 0x000000008a500000| Complete 
| 138|0x000000008a600000, 0x000000008a700000, 0x000000008a700000|100%| E|CS|TAMS 0x000000008a600000, 0x000000008a600000| Complete 
| 139|0x000000008a700000, 0x000000008a800000, 0x000000008a800000|100%| E|CS|TAMS 0x000000008a700000, 0x000000008a700000| Complete 
| 140|0x000000008a800000, 0x000000008a900000, 0x000000008a900000|100%| E|CS|TAMS 0x000000008a800000, 0x000000008a800000| Complete 
| 141|0x000000008a900000, 0x000000008aa00000, 0x000000008aa00000|100%| E|CS|TAMS 0x000000008a900000, 0x000000008a900000| Complete 
| 142|0x000000008aa00000, 0x000000008ab00000, 0x000000008ab00000|100%| E|CS|TAMS 0x000000008aa00000, 0x000000008aa00000| Complete 
| 143|0x000000008ab00000, 0x000000008ac00000, 0x000000008ac00000|100%| E|CS|TAMS 0x000000008ab00000, 0x000000008ab00000| Complete 
| 144|0x000000008ac00000, 0x000000008ad00000, 0x000000008ad00000|100%| E|CS|TAMS 0x000000008ac00000, 0x000000008ac00000| Complete 
| 145|0x000000008ad00000, 0x000000008ae00000, 0x000000008ae00000|100%| E|CS|TAMS 0x000000008ad00000, 0x000000008ad00000| Complete 
| 146|0x000000008ae00000, 0x000000008af00000, 0x000000008af00000|100%| E|CS|TAMS 0x000000008ae00000, 0x000000008ae00000| Complete 
| 147|0x000000008af00000, 0x000000008b000000, 0x000000008b000000|100%| E|CS|TAMS 0x000000008af00000, 0x000000008af00000| Complete 
| 148|0x000000008b000000, 0x000000008b100000, 0x000000008b100000|100%| E|CS|TAMS 0x000000008b000000, 0x000000008b000000| Complete 
| 149|0x000000008b100000, 0x000000008b200000, 0x000000008b200000|100%| E|CS|TAMS 0x000000008b100000, 0x000000008b100000| Complete 
| 150|0x000000008b200000, 0x000000008b300000, 0x000000008b300000|100%| E|CS|TAMS 0x000000008b200000, 0x000000008b200000| Complete 
| 151|0x000000008b300000, 0x000000008b400000, 0x000000008b400000|100%| E|CS|TAMS 0x000000008b300000, 0x000000008b300000| Complete 
| 152|0x000000008b400000, 0x000000008b500000, 0x000000008b500000|100%| E|CS|TAMS 0x000000008b400000, 0x000000008b400000| Complete 
| 153|0x000000008b500000, 0x000000008b600000, 0x000000008b600000|100%| E|CS|TAMS 0x000000008b500000, 0x000000008b500000| Complete 
| 154|0x000000008b600000, 0x000000008b700000, 0x000000008b700000|100%| E|CS|TAMS 0x000000008b600000, 0x000000008b600000| Complete 
| 155|0x000000008b700000, 0x000000008b800000, 0x000000008b800000|100%| E|CS|TAMS 0x000000008b700000, 0x000000008b700000| Complete 
| 156|0x000000008b800000, 0x000000008b900000, 0x000000008b900000|100%| E|CS|TAMS 0x000000008b800000, 0x000000008b800000| Complete 
| 157|0x000000008b900000, 0x000000008ba00000, 0x000000008ba00000|100%| E|CS|TAMS 0x000000008b900000, 0x000000008b900000| Complete 
| 158|0x000000008ba00000, 0x000000008bb00000, 0x000000008bb00000|100%| E|CS|TAMS 0x000000008ba00000, 0x000000008ba00000| Complete 
| 159|0x000000008bb00000, 0x000000008bc00000, 0x000000008bc00000|100%| E|CS|TAMS 0x000000008bb00000, 0x000000008bb00000| Complete 
| 160|0x000000008bc00000, 0x000000008bd00000, 0x000000008bd00000|100%| E|CS|TAMS 0x000000008bc00000, 0x000000008bc00000| Complete 
| 161|0x000000008bd00000, 0x000000008be00000, 0x000000008be00000|100%| E|CS|TAMS 0x000000008bd00000, 0x000000008bd00000| Complete 
| 162|0x000000008be00000, 0x000000008bf00000, 0x000000008bf00000|100%| E|CS|TAMS 0x000000008be00000, 0x000000008be00000| Complete 
| 163|0x000000008bf00000, 0x000000008c000000, 0x000000008c000000|100%| E|CS|TAMS 0x000000008bf00000, 0x000000008bf00000| Complete 
| 164|0x000000008c000000, 0x000000008c100000, 0x000000008c100000|100%| E|CS|TAMS 0x000000008c000000, 0x000000008c000000| Complete 
| 165|0x000000008c100000, 0x000000008c200000, 0x000000008c200000|100%| E|CS|TAMS 0x000000008c100000, 0x000000008c100000| Complete 
| 166|0x000000008c200000, 0x000000008c300000, 0x000000008c300000|100%| E|CS|TAMS 0x000000008c200000, 0x000000008c200000| Complete 
| 167|0x000000008c300000, 0x000000008c400000, 0x000000008c400000|100%| E|CS|TAMS 0x000000008c300000, 0x000000008c300000| Complete 
| 168|0x000000008c400000, 0x000000008c500000, 0x000000008c500000|100%| E|CS|TAMS 0x000000008c400000, 0x000000008c400000| Complete 
| 169|0x000000008c500000, 0x000000008c600000, 0x000000008c600000|100%| E|CS|TAMS 0x000000008c500000, 0x000000008c500000| Complete 
| 170|0x000000008c600000, 0x000000008c700000, 0x000000008c700000|100%| E|CS|TAMS 0x000000008c600000, 0x000000008c600000| Complete 
| 171|0x000000008c700000, 0x000000008c800000, 0x000000008c800000|100%| E|CS|TAMS 0x000000008c700000, 0x000000008c700000| Complete 
| 172|0x000000008c800000, 0x000000008c900000, 0x000000008c900000|100%| E|CS|TAMS 0x000000008c800000, 0x000000008c800000| Complete 
| 173|0x000000008c900000, 0x000000008ca00000, 0x000000008ca00000|100%| E|CS|TAMS 0x000000008c900000, 0x000000008c900000| Complete 
| 174|0x000000008ca00000, 0x000000008cb00000, 0x000000008cb00000|100%| E|CS|TAMS 0x000000008ca00000, 0x000000008ca00000| Complete 
| 175|0x000000008cb00000, 0x000000008cc00000, 0x000000008cc00000|100%| E|CS|TAMS 0x000000008cb00000, 0x000000008cb00000| Complete 
| 176|0x000000008cc00000, 0x000000008cd00000, 0x000000008cd00000|100%| E|CS|TAMS 0x000000008cc00000, 0x000000008cc00000| Complete 
| 177|0x000000008cd00000, 0x000000008ce00000, 0x000000008ce00000|100%| E|CS|TAMS 0x000000008cd00000, 0x000000008cd00000| Complete 
| 178|0x000000008ce00000, 0x000000008cf00000, 0x000000008cf00000|100%| E|CS|TAMS 0x000000008ce00000, 0x000000008ce00000| Complete 
| 179|0x000000008cf00000, 0x000000008d000000, 0x000000008d000000|100%| E|CS|TAMS 0x000000008cf00000, 0x000000008cf00000| Complete 
| 180|0x000000008d000000, 0x000000008d100000, 0x000000008d100000|100%| E|CS|TAMS 0x000000008d000000, 0x000000008d000000| Complete 
| 181|0x000000008d100000, 0x000000008d200000, 0x000000008d200000|100%| E|CS|TAMS 0x000000008d100000, 0x000000008d100000| Complete 
| 182|0x000000008d200000, 0x000000008d300000, 0x000000008d300000|100%| E|CS|TAMS 0x000000008d200000, 0x000000008d200000| Complete 
| 183|0x000000008d300000, 0x000000008d400000, 0x000000008d400000|100%| E|CS|TAMS 0x000000008d300000, 0x000000008d300000| Complete 
| 184|0x000000008d400000, 0x000000008d500000, 0x000000008d500000|100%| E|CS|TAMS 0x000000008d400000, 0x000000008d400000| Complete 

Card table byte_map: [0x00000170ac030000,0x00000170ac430000] _byte_map_base: 0x00000170abc22000

Marking Bits (Prev, Next): (CMBitMap*) 0x00000170942dfc40, (CMBitMap*) 0x00000170942dfc08
 Prev Bits: [0x00000170ae7c0000, 0x00000170b0750000)
 Next Bits: [0x00000170ac830000, 0x00000170ae7c0000)

Polling page: 0x0000017092290000

Metaspace:

Usage:
  Non-class:     65.56 MB capacity,    64.37 MB ( 98%) used,   977.22 KB (  1%) free+waste,   238.19 KB ( <1%) overhead. 
      Class:      9.92 MB capacity,     9.22 MB ( 93%) used,   609.91 KB (  6%) free+waste,   108.38 KB (  1%) overhead. 
       Both:     75.49 MB capacity,    73.60 MB ( 97%) used,     1.55 MB (  2%) free+waste,   346.56 KB ( <1%) overhead. 

Virtual space:
  Non-class space:       66.00 MB reserved,      65.75 MB (>99%) committed 
      Class space:        1.00 GB reserved,      10.00 MB ( <1%) committed 
             Both:        1.06 GB reserved,      75.75 MB (  7%) committed 

Chunk freelists:
   Non-Class:  1.00 KB
       Class:  14.00 KB
        Both:  15.00 KB

MaxMetaspaceSize: 17179869184.00 GB
CompressedClassSpaceSize: 1.00 GB

CodeHeap 'non-profiled nmethods': size=120000Kb used=4683Kb max_used=4683Kb free=115316Kb
 bounds [0x00000170a43d0000, 0x00000170a4870000, 0x00000170ab900000]
CodeHeap 'profiled nmethods': size=120000Kb used=14841Kb max_used=14841Kb free=105158Kb
 bounds [0x000001709cea0000, 0x000001709dd20000, 0x00000170a43d0000]
CodeHeap 'non-nmethods': size=5760Kb used=1323Kb max_used=1396Kb free=4436Kb
 bounds [0x000001709c900000, 0x000001709cb70000, 0x000001709cea0000]
 total_blobs=7243 nmethods=6624 adapters=538
 compilation: enabled
              stopped_count=0, restarted_count=0
 full_count=0

Compilation events (20 events):
Event: 8.804 Thread 0x00000170b31cc800 6708       2       java.lang.reflect.Method::specificToStringHeader (44 bytes)
Event: 8.804 Thread 0x00000170b31cc800 nmethod 6708 0x000001709dd12110 code [0x000001709dd12320, 0x000001709dd12548]
Event: 8.804 Thread 0x00000170b31cc800 6705       2       java.lang.reflect.Method::toString (20 bytes)
Event: 8.805 Thread 0x00000170b31cc800 nmethod 6705 0x000001709dd12790 code [0x000001709dd12960, 0x000001709dd12af8]
Event: 8.805 Thread 0x00000170b31cc800 6709 %     3       org.springframework.transaction.annotation.AnnotationTransactionAttributeSource::determineTransactionAttribute @ 10 (51 bytes)
Event: 8.806 Thread 0x00000170b31cc800 nmethod 6709% 0x000001709dd12c10 code [0x000001709dd12e20, 0x000001709dd134b8]
Event: 8.811 Thread 0x00000170b31cc800 6710   !   2       jdk.xml.internal.SecuritySupport::readJAXPProperty (147 bytes)
Event: 8.815 Thread 0x00000170b31cc800 nmethod 6710 0x000001709dd13690 code [0x000001709dd13a60, 0x000001709dd14e08]
Event: 8.816 Thread 0x00000170b31cc800 6711       1       com.sun.org.apache.xalan.internal.utils.XMLSecurityManager$Limit::secureValue (5 bytes)
Event: 8.816 Thread 0x00000170b31cc800 nmethod 6711 0x00000170a4862c10 code [0x00000170a4862dc0, 0x00000170a4862e78]
Event: 8.828 Thread 0x00000170b31cc800 6712       2       org.springframework.core.MethodParameter::getNestedParameterType (122 bytes)
Event: 8.829 Thread 0x00000170b31cc800 nmethod 6712 0x000001709dd16310 code [0x000001709dd16580, 0x000001709dd16c48]
Event: 8.848 Thread 0x00000170b31cc800 6713   !   2       org.springframework.boot.devtools.restart.ClassLoaderFilesResourcePatternResolver::isDeleted (175 bytes)
Event: 8.850 Thread 0x00000170b31cc800 nmethod 6713 0x000001709dd16f90 code [0x000001709dd17300, 0x000001709dd18058]
Event: 8.854 Thread 0x00000170b31cc800 6714       2       java.util.ArrayList$Itr::<init> (26 bytes)
Event: 8.854 Thread 0x00000170b31cc800 nmethod 6714 0x000001709dd18a90 code [0x000001709dd18c40, 0x000001709dd18d98]
Event: 8.856 Thread 0x00000170b31cc800 6715       2       org.springframework.transaction.interceptor.TransactionAttributeSourcePointcut$TransactionAttributeSourceClassFilter::matches (57 bytes)
Event: 8.857 Thread 0x00000170b31cc800 nmethod 6715 0x000001709dd18e90 code [0x000001709dd19080, 0x000001709dd192c8]
Event: 8.877 Thread 0x00000170b31cc800 6717       2       org.springframework.expression.spel.standard.InternalSpelExpressionParser::peekToken (30 bytes)
Event: 8.877 Thread 0x00000170b31cc800 nmethod 6717 0x000001709dd19410 code [0x000001709dd195c0, 0x000001709dd19748]

GC Heap History (20 events):
Event: 1.310 GC heap before
{Heap before GC invocations=2 (full 0):
 garbage-first heap   total 131072K, used 60124K [0x0000000081c00000, 0x0000000100000000)
  region size 1024K, 52 young (53248K), 1 survivors (1024K)
 Metaspace       used 17368K, capacity 17849K, committed 17920K, reserved 1064960K
  class space    used 1832K, capacity 1983K, committed 2048K, reserved 1048576K
}
Event: 1.314 GC heap after
{Heap after GC invocations=3 (full 0):
 garbage-first heap   total 131072K, used 10275K [0x0000000081c00000, 0x0000000100000000)
  region size 1024K, 2 young (2048K), 2 survivors (2048K)
 Metaspace       used 17368K, capacity 17849K, committed 17920K, reserved 1064960K
  class space    used 1832K, capacity 1983K, committed 2048K, reserved 1048576K
}
Event: 1.537 GC heap before
{Heap before GC invocations=3 (full 0):
 garbage-first heap   total 131072K, used 29731K [0x0000000081c00000, 0x0000000100000000)
  region size 1024K, 23 young (23552K), 2 survivors (2048K)
 Metaspace       used 20687K, capacity 21182K, committed 21248K, reserved 1069056K
  class space    used 2308K, capacity 2514K, committed 2560K, reserved 1048576K
}
Event: 1.540 GC heap after
{Heap after GC invocations=4 (full 0):
 garbage-first heap   total 131072K, used 11050K [0x0000000081c00000, 0x0000000100000000)
  region size 1024K, 3 young (3072K), 3 survivors (3072K)
 Metaspace       used 20687K, capacity 21182K, committed 21248K, reserved 1069056K
  class space    used 2308K, capacity 2514K, committed 2560K, reserved 1048576K
}
Event: 2.018 GC heap before
{Heap before GC invocations=5 (full 0):
 garbage-first heap   total 131072K, used 72490K [0x0000000081c00000, 0x0000000100000000)
  region size 1024K, 64 young (65536K), 3 survivors (3072K)
 Metaspace       used 27077K, capacity 27752K, committed 28032K, reserved 1073152K
  class space    used 3126K, capacity 3398K, committed 3456K, reserved 1048576K
}
Event: 2.027 GC heap after
{Heap after GC invocations=6 (full 0):
 garbage-first heap   total 157696K, used 13036K [0x0000000081c00000, 0x0000000100000000)
  region size 1024K, 5 young (5120K), 5 survivors (5120K)
 Metaspace       used 27077K, capacity 27752K, committed 28032K, reserved 1073152K
  class space    used 3126K, capacity 3398K, committed 3456K, reserved 1048576K
}
Event: 2.355 GC heap before
{Heap before GC invocations=6 (full 0):
 garbage-first heap   total 157696K, used 88812K [0x0000000081c00000, 0x0000000100000000)
  region size 1024K, 80 young (81920K), 5 survivors (5120K)
 Metaspace       used 30373K, capacity 31142K, committed 31360K, reserved 1077248K
  class space    used 3548K, capacity 3849K, committed 3968K, reserved 1048576K
}
Event: 2.359 GC heap after
{Heap after GC invocations=7 (full 0):
 garbage-first heap   total 157696K, used 14559K [0x0000000081c00000, 0x0000000100000000)
  region size 1024K, 6 young (6144K), 6 survivors (6144K)
 Metaspace       used 30373K, capacity 31142K, committed 31360K, reserved 1077248K
  class space    used 3548K, capacity 3849K, committed 3968K, reserved 1048576K
}
Event: 3.247 GC heap before
{Heap before GC invocations=7 (full 0):
 garbage-first heap   total 157696K, used 69855K [0x0000000081c00000, 0x0000000100000000)
  region size 1024K, 61 young (62464K), 6 survivors (6144K)
 Metaspace       used 34912K, capacity 35775K, committed 35840K, reserved 1081344K
  class space    used 4132K, capacity 4464K, committed 4480K, reserved 1048576K
}
Event: 3.264 GC heap after
{Heap after GC invocations=8 (full 0):
 garbage-first heap   total 157696K, used 16260K [0x0000000081c00000, 0x0000000100000000)
  region size 1024K, 8 young (8192K), 8 survivors (8192K)
 Metaspace       used 34912K, capacity 35775K, committed 35840K, reserved 1081344K
  class space    used 4132K, capacity 4464K, committed 4480K, reserved 1048576K
}
Event: 4.560 GC heap before
{Heap before GC invocations=9 (full 0):
 garbage-first heap   total 157696K, used 101252K [0x0000000081c00000, 0x0000000100000000)
  region size 1024K, 92 young (94208K), 8 survivors (8192K)
 Metaspace       used 41673K, capacity 42837K, committed 43136K, reserved 1087488K
  class space    used 4944K, capacity 5377K, committed 5504K, reserved 1048576K
}
Event: 4.570 GC heap after
{Heap after GC invocations=10 (full 0):
 garbage-first heap   total 157696K, used 19519K [0x0000000081c00000, 0x0000000100000000)
  region size 1024K, 10 young (10240K), 10 survivors (10240K)
 Metaspace       used 41673K, capacity 42837K, committed 43136K, reserved 1087488K
  class space    used 4944K, capacity 5377K, committed 5504K, reserved 1048576K
}
Event: 5.114 GC heap before
{Heap before GC invocations=10 (full 0):
 garbage-first heap   total 157696K, used 102463K [0x0000000081c00000, 0x0000000100000000)
  region size 1024K, 92 young (94208K), 10 survivors (10240K)
 Metaspace       used 45436K, capacity 46774K, committed 46976K, reserved 1089536K
  class space    used 5416K, capacity 5921K, committed 6016K, reserved 1048576K
}
Event: 5.125 GC heap after
{Heap after GC invocations=11 (full 0):
 garbage-first heap   total 157696K, used 21569K [0x0000000081c00000, 0x0000000100000000)
  region size 1024K, 8 young (8192K), 8 survivors (8192K)
 Metaspace       used 45436K, capacity 46774K, committed 46976K, reserved 1089536K
  class space    used 5416K, capacity 5921K, committed 6016K, reserved 1048576K
}
Event: 6.166 GC heap before
{Heap before GC invocations=11 (full 0):
 garbage-first heap   total 157696K, used 107585K [0x0000000081c00000, 0x0000000100000000)
  region size 1024K, 92 young (94208K), 8 survivors (8192K)
 Metaspace       used 57698K, capacity 58993K, committed 59264K, reserved 1101824K
  class space    used 7027K, capacity 7512K, committed 7552K, reserved 1048576K
}
Event: 6.177 GC heap after
{Heap after GC invocations=12 (full 0):
 garbage-first heap   total 189440K, used 27203K [0x0000000081c00000, 0x0000000100000000)
  region size 1024K, 12 young (12288K), 12 survivors (12288K)
 Metaspace       used 57698K, capacity 58993K, committed 59264K, reserved 1101824K
  class space    used 7027K, capacity 7512K, committed 7552K, reserved 1048576K
}
Event: 6.329 GC heap before
{Heap before GC invocations=12 (full 0):
 garbage-first heap   total 189440K, used 37443K [0x0000000081c00000, 0x0000000100000000)
  region size 1024K, 23 young (23552K), 12 survivors (12288K)
 Metaspace       used 58837K, capacity 60128K, committed 60160K, reserved 1101824K
  class space    used 7152K, capacity 7655K, committed 7680K, reserved 1048576K
}
Event: 6.340 GC heap after
{Heap after GC invocations=13 (full 0):
 garbage-first heap   total 189440K, used 24741K [0x0000000081c00000, 0x0000000100000000)
  region size 1024K, 4 young (4096K), 4 survivors (4096K)
 Metaspace       used 58837K, capacity 60128K, committed 60160K, reserved 1101824K
  class space    used 7152K, capacity 7655K, committed 7680K, reserved 1048576K
}
Event: 7.681 GC heap before
{Heap before GC invocations=14 (full 0):
 garbage-first heap   total 189440K, used 134309K [0x0000000081c00000, 0x0000000100000000)
  region size 1024K, 111 young (113664K), 4 survivors (4096K)
 Metaspace       used 70797K, capacity 72474K, committed 72704K, reserved 1112064K
  class space    used 8810K, capacity 9445K, committed 9472K, reserved 1048576K
}
Event: 7.687 GC heap after
{Heap after GC invocations=15 (full 0):
 garbage-first heap   total 189440K, used 28010K [0x0000000081c00000, 0x0000000100000000)
  region size 1024K, 7 young (7168K), 7 survivors (7168K)
 Metaspace       used 70797K, capacity 72474K, committed 72704K, reserved 1112064K
  class space    used 8810K, capacity 9445K, committed 9472K, reserved 1048576K
}

Deoptimization events (20 events):
Event: 8.839 Thread 0x00000170b4675000 DEOPT PACKING pc=0x000001709d3b7a81 sp=0x00000026d44f9a50
Event: 8.839 Thread 0x00000170b4675000 DEOPT UNPACKING pc=0x000001709c93b94e sp=0x00000026d44f8f18 mode 1
Event: 8.839 Thread 0x00000170b4675000 DEOPT PACKING pc=0x000001709d3eeddc sp=0x00000026d44f9ad0
Event: 8.839 Thread 0x00000170b4675000 DEOPT UNPACKING pc=0x000001709c93b94e sp=0x00000026d44f8f78 mode 1
Event: 8.839 Thread 0x00000170b4675000 DEOPT PACKING pc=0x000001709d3b5d14 sp=0x00000026d44f9b30
Event: 8.839 Thread 0x00000170b4675000 DEOPT UNPACKING pc=0x000001709c93b94e sp=0x00000026d44f9080 mode 1
Event: 8.840 Thread 0x00000170b4675000 DEOPT PACKING pc=0x000001709d3b7a81 sp=0x00000026d44f9700
Event: 8.840 Thread 0x00000170b4675000 DEOPT UNPACKING pc=0x000001709c93b94e sp=0x00000026d44f8bc8 mode 1
Event: 8.840 Thread 0x00000170b4675000 DEOPT PACKING pc=0x000001709d3eeddc sp=0x00000026d44f9780
Event: 8.840 Thread 0x00000170b4675000 DEOPT UNPACKING pc=0x000001709c93b94e sp=0x00000026d44f8c28 mode 1
Event: 8.840 Thread 0x00000170b4675000 DEOPT PACKING pc=0x000001709d3b5d14 sp=0x00000026d44f97e0
Event: 8.840 Thread 0x00000170b4675000 DEOPT UNPACKING pc=0x000001709c93b94e sp=0x00000026d44f8d30 mode 1
Event: 8.858 Thread 0x00000170b4675000 DEOPT PACKING pc=0x000001709d55ed74 sp=0x00000026d44fb250
Event: 8.859 Thread 0x00000170b4675000 DEOPT UNPACKING pc=0x000001709c93b94e sp=0x00000026d44fa788 mode 1
Event: 8.859 Thread 0x00000170b4675000 DEOPT PACKING pc=0x000001709d55ed74 sp=0x00000026d44fb250
Event: 8.859 Thread 0x00000170b4675000 DEOPT UNPACKING pc=0x000001709c93b94e sp=0x00000026d44fa788 mode 1
Event: 8.864 Thread 0x00000170b4675000 DEOPT PACKING pc=0x000001709d55ed74 sp=0x00000026d44fbcf0
Event: 8.864 Thread 0x00000170b4675000 DEOPT UNPACKING pc=0x000001709c93b94e sp=0x00000026d44fb228 mode 1
Event: 8.864 Thread 0x00000170b4675000 DEOPT PACKING pc=0x000001709d55ed74 sp=0x00000026d44fbcf0
Event: 8.864 Thread 0x00000170b4675000 DEOPT UNPACKING pc=0x000001709c93b94e sp=0x00000026d44fb228 mode 1

Classes redefined (0 events):
No events

Internal exceptions (20 events):
Event: 7.844 Thread 0x00000170b4675000 Exception <a 'java/lang/ClassNotFoundException'{0x000000008c676378}: org/springframework/security/config/annotation/web/configuration/OAuth2ClientConfiguration$OAuth2ClientWebMvcSecurityConfigurationCustomizer> (0x000000008c676378) thrown at [./src/hotspot/share/classfile/systemDictionary.cpp, line 231]
Event: 7.848 Thread 0x00000170b4675000 Exception <a 'java/lang/ClassNotFoundException'{0x000000008c695d98}: org/springframework/web/servlet/config/annotation/WebMvcConfigurerCustomizer> (0x000000008c695d98) thrown at [./src/hotspot/share/classfile/systemDictionary.cpp, line 231]
Event: 7.876 Thread 0x00000170b4675000 Exception <a 'java/lang/NoSuchMethodError'{0x000000008c5a5e28}: 'void java.lang.invoke.DirectMethodHandle$Holder.invokeStatic(java.lang.Object, java.lang.Object, int)'> (0x000000008c5a5e28) thrown at [./src/hotspot/share/interpreter/linkResolver.cpp, line 773]
Event: 8.045 Thread 0x00000170b4675000 Exception <a 'java/lang/ClassNotFoundException'{0x000000008be82c10}: java/lang/ObjectCustomizer> (0x000000008be82c10) thrown at [./src/hotspot/share/classfile/systemDictionary.cpp, line 231]
Event: 8.046 Thread 0x00000170b4675000 Exception <a 'java/lang/ClassNotFoundException'{0x000000008be983e0}: com/example/demo/entity/CartItemCustomizer> (0x000000008be983e0) thrown at [./src/hotspot/share/classfile/systemDictionary.cpp, line 231]
Event: 8.063 Thread 0x00000170b4675000 Exception <a 'java/lang/reflect/InvocationTargetException'{0x000000008b9a4358}> (0x000000008b9a4358) thrown at [./src/hotspot/share/runtime/reflection.cpp, line 1247]
Event: 8.066 Thread 0x00000170b4675000 Exception <a 'java/lang/reflect/InvocationTargetException'{0x000000008b9c5480}> (0x000000008b9c5480) thrown at [./src/hotspot/share/runtime/reflection.cpp, line 1247]
Event: 8.101 Thread 0x00000170b4675000 Exception <a 'java/io/FileNotFoundException'{0x000000008b740200}> (0x000000008b740200) thrown at [./src/hotspot/share/prims/jni.cpp, line 615]
Event: 8.101 Thread 0x00000170b4675000 Exception <a 'java/io/FileNotFoundException'{0x000000008b740d28}> (0x000000008b740d28) thrown at [./src/hotspot/share/prims/jni.cpp, line 615]
Event: 8.160 Thread 0x00000170b4675000 Exception <a 'java/lang/ClassNotFoundException'{0x000000008b220a10}: java/lang/ObjectCustomizer> (0x000000008b220a10) thrown at [./src/hotspot/share/classfile/systemDictionary.cpp, line 231]
Event: 8.161 Thread 0x00000170b4675000 Exception <a 'java/lang/ClassNotFoundException'{0x000000008b234d78}: com/example/demo/entity/financeCustomizer> (0x000000008b234d78) thrown at [./src/hotspot/share/classfile/systemDictionary.cpp, line 231]
Event: 8.229 Thread 0x00000170b4675000 Exception <a 'java/lang/ClassNotFoundException'{0x000000008aa4f1d0}: java/lang/ObjectCustomizer> (0x000000008aa4f1d0) thrown at [./src/hotspot/share/classfile/systemDictionary.cpp, line 231]
Event: 8.230 Thread 0x00000170b4675000 Exception <a 'java/lang/ClassNotFoundException'{0x000000008aa6ca10}: org/springframework/security/config/annotation/web/configuration/WebSecurityConfigurationCustomizer> (0x000000008aa6ca10) thrown at [./src/hotspot/share/classfile/systemDictionary.cpp, line 231]
Event: 8.231 Thread 0x00000170b4675000 Exception <a 'java/lang/ClassNotFoundException'{0x000000008aa8b1a0}: org/springframework/context/annotation/ImportAwareCustomizer> (0x000000008aa8b1a0) thrown at [./src/hotspot/share/classfile/systemDictionary.cpp, line 231]
Event: 8.233 Thread 0x00000170b4675000 Exception <a 'java/lang/ClassNotFoundException'{0x000000008aa9d7e0}: org/springframework/beans/factory/AwareCustomizer> (0x000000008aa9d7e0) thrown at [./src/hotspot/share/classfile/systemDictionary.cpp, line 231]
Event: 8.233 Thread 0x00000170b4675000 Exception <a 'java/lang/ClassNotFoundException'{0x000000008aab1950}: org/springframework/beans/factory/BeanClassLoaderAwareCustomizer> (0x000000008aab1950) thrown at [./src/hotspot/share/classfile/systemDictionary.cpp, line 231]
Event: 8.234 Thread 0x00000170b4675000 Exception <a 'java/lang/ClassNotFoundException'{0x000000008aac3fa0}: org/springframework/beans/factory/AwareCustomizer> (0x000000008aac3fa0) thrown at [./src/hotspot/share/classfile/systemDictionary.cpp, line 231]
Event: 8.342 Thread 0x00000170b4675000 Implicit null exception at 0x00000170a451bb61 to 0x00000170a451bc22
Event: 8.801 Thread 0x00000170b4675000 Implicit null exception at 0x00000170a4860f34 to 0x00000170a486101c
Event: 8.826 Thread 0x00000170b4675000 Exception <a 'java/lang/IncompatibleClassChangeError'{0x00000000890eb628}: Found class java.lang.Object, but interface was expected> (0x00000000890eb628) thrown at [./src/hotspot/share/interpreter/linkResolver.cpp, line 839]

Events (20 events):
Event: 8.878 loading class org/springframework/security/access/event/PublicInvocationEvent
Event: 8.878 loading class org/springframework/security/access/event/PublicInvocationEvent done
Event: 8.879 loading class org/springframework/security/access/event/AuthorizedEvent
Event: 8.879 loading class org/springframework/security/access/event/AuthorizedEvent done
Event: 8.879 loading class org/springframework/security/access/event/AuthorizationFailureEvent
Event: 8.879 loading class org/springframework/security/access/event/AuthorizationFailureEvent done
Event: 8.880 loading class org/springframework/security/access/intercept/AbstractSecurityInterceptor$NoOpAuthenticationManager
Event: 8.880 loading class org/springframework/security/access/intercept/AbstractSecurityInterceptor$NoOpAuthenticationManager done
Event: 8.880 loading class org/springframework/security/access/intercept/NullRunAsManager
Event: 8.880 loading class org/springframework/security/access/intercept/NullRunAsManager done
Event: 8.881 loading class org/springframework/security/access/vote/AffirmativeBased
Event: 8.881 loading class org/springframework/security/access/vote/AffirmativeBased done
Event: 8.881 loading class org/springframework/security/access/vote/AbstractAccessDecisionManager
Event: 8.881 loading class org/springframework/security/access/vote/AbstractAccessDecisionManager done
Event: 8.882 loading class org/springframework/security/access/AccessDecisionManager
Event: 8.882 loading class org/springframework/security/access/AccessDecisionManager done
Event: 8.882 loading class org/springframework/security/web/access/expression/WebExpressionVoter
Event: 8.882 loading class org/springframework/security/web/access/expression/WebExpressionVoter done
Event: 8.883 loading class org/springframework/security/access/AccessDecisionVoter
Event: 8.883 loading class org/springframework/security/access/AccessDecisionVoter done


Dynamic libraries:
0x00007ff77e810000 - 0x00007ff77e81d000 	C:\Program Files\AdoptOpenJDK\jdk-11.0.8.10-hotspot\bin\java.exe
0x00007ff823650000 - 0x00007ff823845000 	C:\WINDOWS\SYSTEM32\ntdll.dll
0x00007ff821d00000 - 0x00007ff821dbe000 	C:\WINDOWS\System32\KERNEL32.DLL
0x00007ff821050000 - 0x00007ff821318000 	C:\WINDOWS\System32\KERNELBASE.dll
0x00007ff8213b0000 - 0x00007ff8214b0000 	C:\WINDOWS\System32\ucrtbase.dll
0x00007ff81af20000 - 0x00007ff81af37000 	C:\Program Files\AdoptOpenJDK\jdk-11.0.8.10-hotspot\bin\jli.dll
0x00007ff821ee0000 - 0x00007ff822080000 	C:\WINDOWS\System32\USER32.dll
0x00007ff804200000 - 0x00007ff80449a000 	C:\WINDOWS\WinSxS\amd64_microsoft.windows.common-controls_6595b64144ccf1df_6.0.19041.1110_none_60b5254171f9507e\COMCTL32.dll
0x00007ff820f60000 - 0x00007ff820f82000 	C:\WINDOWS\System32\win32u.dll
0x00007ff81acb0000 - 0x00007ff81acc5000 	C:\Program Files\AdoptOpenJDK\jdk-11.0.8.10-hotspot\bin\VCRUNTIME140.dll
0x00007ff821c50000 - 0x00007ff821cee000 	C:\WINDOWS\System32\msvcrt.dll
0x00007ff8235b0000 - 0x00007ff8235db000 	C:\WINDOWS\System32\GDI32.dll
0x00007ff8214b0000 - 0x00007ff8215bd000 	C:\WINDOWS\System32\gdi32full.dll
0x00007ff820ec0000 - 0x00007ff820f5d000 	C:\WINDOWS\System32\msvcp_win.dll
0x00007ff8235e0000 - 0x00007ff823610000 	C:\WINDOWS\System32\IMM32.DLL
0x00007ff81a8d0000 - 0x00007ff81a96b000 	C:\Program Files\AdoptOpenJDK\jdk-11.0.8.10-hotspot\bin\msvcp140.dll
0x00007fffddaa0000 - 0x00007fffde55d000 	C:\Program Files\AdoptOpenJDK\jdk-11.0.8.10-hotspot\bin\server\jvm.dll
0x00007ff8219f0000 - 0x00007ff821a9e000 	C:\WINDOWS\System32\ADVAPI32.dll
0x00007ff822fb0000 - 0x00007ff82304c000 	C:\WINDOWS\System32\sechost.dll
0x00007ff8222b0000 - 0x00007ff8223d5000 	C:\WINDOWS\System32\RPCRT4.dll
0x00007ff8231b0000 - 0x00007ff8231b8000 	C:\WINDOWS\System32\PSAPI.DLL
0x00007ff813a20000 - 0x00007ff813a47000 	C:\WINDOWS\SYSTEM32\WINMM.dll
0x00007ff811660000 - 0x00007ff811669000 	C:\WINDOWS\SYSTEM32\WSOCK32.dll
0x00007ff819c50000 - 0x00007ff819c5a000 	C:\WINDOWS\SYSTEM32\VERSION.dll
0x00007ff8231c0000 - 0x00007ff82322b000 	C:\WINDOWS\System32\WS2_32.dll
0x00007ff81f5e0000 - 0x00007ff81f5f2000 	C:\WINDOWS\SYSTEM32\kernel.appcore.dll
0x00007ff81c2b0000 - 0x00007ff81c2c0000 	C:\Program Files\AdoptOpenJDK\jdk-11.0.8.10-hotspot\bin\verify.dll
0x00007ff81eb50000 - 0x00007ff81ed34000 	C:\WINDOWS\SYSTEM32\DBGHELP.DLL
0x00007ff80ecc0000 - 0x00007ff80ecec000 	C:\WINDOWS\SYSTEM32\dbgcore.DLL
0x00007ff821320000 - 0x00007ff8213a2000 	C:\WINDOWS\System32\bcryptPrimitives.dll
0x00007ff81ac80000 - 0x00007ff81aca8000 	C:\Program Files\AdoptOpenJDK\jdk-11.0.8.10-hotspot\bin\java.dll
0x00007ff81af10000 - 0x00007ff81af1a000 	C:\Program Files\AdoptOpenJDK\jdk-11.0.8.10-hotspot\bin\jimage.dll
0x00007ff8198a0000 - 0x00007ff8198d8000 	C:\Program Files\AdoptOpenJDK\jdk-11.0.8.10-hotspot\bin\jdwp.dll
0x00007ff81add0000 - 0x00007ff81adde000 	C:\Program Files\AdoptOpenJDK\jdk-11.0.8.10-hotspot\bin\instrument.dll
0x00007ff81a8b0000 - 0x00007ff81a8c7000 	C:\Program Files\AdoptOpenJDK\jdk-11.0.8.10-hotspot\bin\zip.dll
0x00007ff8223e0000 - 0x00007ff822b24000 	C:\WINDOWS\System32\SHELL32.dll
0x00007ff81ee30000 - 0x00007ff81f5c4000 	C:\WINDOWS\SYSTEM32\windows.storage.dll
0x00007ff823250000 - 0x00007ff8235a5000 	C:\WINDOWS\System32\combase.dll
0x00007ff8206e0000 - 0x00007ff82070e000 	C:\WINDOWS\SYSTEM32\Wldp.dll
0x00007ff823050000 - 0x00007ff8230fd000 	C:\WINDOWS\System32\SHCORE.dll
0x00007ff821bf0000 - 0x00007ff821c45000 	C:\WINDOWS\System32\shlwapi.dll
0x00007ff820ca0000 - 0x00007ff820cbf000 	C:\WINDOWS\SYSTEM32\profapi.dll
0x00007ff81ac70000 - 0x00007ff81ac7a000 	C:\Program Files\AdoptOpenJDK\jdk-11.0.8.10-hotspot\bin\dt_socket.dll
0x00007ff820440000 - 0x00007ff8204aa000 	C:\WINDOWS\system32\mswsock.dll
0x00007ff81a890000 - 0x00007ff81a8a9000 	C:\Program Files\AdoptOpenJDK\jdk-11.0.8.10-hotspot\bin\net.dll
0x00007ff818d20000 - 0x00007ff818e2c000 	C:\WINDOWS\SYSTEM32\WINHTTP.dll
0x00007ff81a870000 - 0x00007ff81a882000 	C:\Program Files\AdoptOpenJDK\jdk-11.0.8.10-hotspot\bin\nio.dll
0x00007ff81a820000 - 0x00007ff81a829000 	C:\Program Files\AdoptOpenJDK\jdk-11.0.8.10-hotspot\bin\management.dll
0x00007ff819830000 - 0x00007ff81983b000 	C:\Program Files\AdoptOpenJDK\jdk-11.0.8.10-hotspot\bin\management_ext.dll
0x00007ffff7500000 - 0x00007ffff7517000 	C:\WINDOWS\system32\napinsp.dll
0x00007ffff1290000 - 0x00007ffff12ab000 	C:\WINDOWS\system32\pnrpnsp.dll
0x00007ff81ac30000 - 0x00007ff81ac45000 	C:\WINDOWS\system32\wshbth.dll
0x00007ff81c010000 - 0x00007ff81c02d000 	C:\WINDOWS\system32\NLAapi.dll
0x00007ff820130000 - 0x00007ff82016b000 	C:\WINDOWS\SYSTEM32\IPHLPAPI.DLL
0x00007ff820170000 - 0x00007ff82023b000 	C:\WINDOWS\SYSTEM32\DNSAPI.dll
0x00007ff821cf0000 - 0x00007ff821cf8000 	C:\WINDOWS\System32\NSI.dll
0x00007ffff1a90000 - 0x00007ffff1aa2000 	C:\WINDOWS\System32\winrnr.dll
0x00007ff815580000 - 0x00007ff81558a000 	C:\Windows\System32\rasadhlp.dll
0x00007ff816ca0000 - 0x00007ff816d1f000 	C:\WINDOWS\System32\fwpuclnt.dll
0x00007ff8215c0000 - 0x00007ff8215e7000 	C:\WINDOWS\System32\bcrypt.dll
0x0000000180000000 - 0x0000000180285000 	D:\apache-tomcat-9.0.37\bin\tcnative-1.dll
0x00007ff820d60000 - 0x00007ff820eb6000 	C:\WINDOWS\System32\CRYPT32.dll
0x00007ff820640000 - 0x00007ff820658000 	C:\WINDOWS\SYSTEM32\CRYPTSP.dll
0x00007ff81fdc0000 - 0x00007ff81fdf4000 	C:\WINDOWS\system32\rsaenh.dll
0x00007ff820c60000 - 0x00007ff820c8e000 	C:\WINDOWS\SYSTEM32\USERENV.dll
0x00007ff820630000 - 0x00007ff82063c000 	C:\WINDOWS\SYSTEM32\CRYPTBASE.dll
0x00007ff817db0000 - 0x00007ff817dc7000 	C:\WINDOWS\SYSTEM32\dhcpcsvc6.DLL
0x00007ff817e80000 - 0x00007ff817e9d000 	C:\WINDOWS\SYSTEM32\dhcpcsvc.DLL
0x00007ff819300000 - 0x00007ff819325000 	C:\Program Files\AdoptOpenJDK\jdk-11.0.8.10-hotspot\bin\sunec.dll
0x00007ff8194a0000 - 0x00007ff8194ae000 	C:\Program Files\AdoptOpenJDK\jdk-11.0.8.10-hotspot\bin\sunmscapi.dll
0x00007ff820750000 - 0x00007ff820777000 	C:\WINDOWS\SYSTEM32\ncrypt.dll
0x00007ff820710000 - 0x00007ff82074b000 	C:\WINDOWS\SYSTEM32\NTASN1.dll

dbghelp: loaded successfully - version: 4.0.5 - missing functions: none
symbol engine: initialized successfully - sym options: 0x614 - pdb path: .;C:\Program Files\AdoptOpenJDK\jdk-11.0.8.10-hotspot\bin;C:\WINDOWS\SYSTEM32;C:\WINDOWS\WinSxS\amd64_microsoft.windows.common-controls_6595b64144ccf1df_6.0.19041.1110_none_60b5254171f9507e;C:\Program Files\AdoptOpenJDK\jdk-11.0.8.10-hotspot\bin\server;D:\apache-tomcat-9.0.37\bin

VM Arguments:
jvm_args: -agentlib:jdwp=transport=dt_socket,address=127.0.0.1:54099,suspend=y,server=n -javaagent:C:\Users\Admin\AppData\Local\JetBrains\IntelliJIdea2021.1\captureAgent\debugger-agent.jar -Dfile.encoding=UTF-8 
java_command: com.example.demo.SpringbootProjectApplication
java_class_path (initial): C:\Users\Admin\eclipse-workspace\Springboot_project\target\classes;C:\Users\Admin\AppData\Roaming\JetBrains\IntelliJIdea2021.1\javascript\extLibs\http_maxcdn.bootstrapcdn.com_bootstrap_3.4.1_css_bootstrap.css;C:\Users\Admin\.m2\repository\org\springframework\boot\spring-boot-starter-security\2.5.0\spring-boot-starter-security-2.5.0.jar;C:\Users\Admin\.m2\repository\org\springframework\boot\spring-boot-starter\2.5.0\spring-boot-starter-2.5.0.jar;C:\Users\Admin\.m2\repository\org\springframework\boot\spring-boot-starter-logging\2.5.0\spring-boot-starter-logging-2.5.0.jar;C:\Users\Admin\.m2\repository\ch\qos\logback\logback-classic\1.2.3\logback-classic-1.2.3.jar;C:\Users\Admin\.m2\repository\ch\qos\logback\logback-core\1.2.3\logback-core-1.2.3.jar;C:\Users\Admin\.m2\repository\org\apache\logging\log4j\log4j-to-slf4j\2.14.1\log4j-to-slf4j-2.14.1.jar;C:\Users\Admin\.m2\repository\org\apache\logging\log4j\log4j-api\2.14.1\log4j-api-2.14.1.jar;C:\Users\Admin\.m2\repository\org\slf4j\jul-to-slf4j\1.7.30\jul-to-slf4j-1.7.30.jar;C:\Users\Admin\.m2\repository\jakarta\annotation\jakarta.annotation-api\1.3.5\jakarta.annotation-api-1.3.5.jar;C:\Users\Admin\.m2\repository\org\yaml\snakeyaml\1.28\snakeyaml-1.28.jar;C:\Users\Admin\.m2\repository\org\springframework\spring-aop\5.3.7\spring-aop-5.3.7.jar;C:\Users\Admin\.m2\repository\org\springframework\spring-beans\5.3.7\spring-beans-5.3.7.jar;C:\Users\Admin\.m2\repository\org\springframework\security\spring-security-config\5.5.0\spring-security-config-5.5.0.jar;C:\Users\Admin\.m2\repository\org\springframework\spring-context\5.3.7\spring-context-5.3.7.jar;C:\Users\Admin\.m2\repository\org\jetbrains\kotlin\kotlin-stdlib-jdk8\1.5.0\kotlin-stdlib-jdk8-1.5.0.jar;C:\Users\Admin\.m2\repository\org\jetbrains\kotlin\kotlin-stdlib\1.5.0\kotlin-stdlib-1.5.0.jar;C:\Users\Admin\.m2\repository\org\jetbrains\annotations\13.0\annotations-13.0.jar;C:\Users\Admin\.m2\repository\org\jetbrains\kotlin\kotlin-stdlib-common\
Launcher Type: SUN_STANDARD

[Global flags]
     intx CICompilerCount                          = 4                                         {product} {ergonomic}
     uint ConcGCThreads                            = 2                                         {product} {ergonomic}
     uint G1ConcRefinementThreads                  = 8                                         {product} {ergonomic}
   size_t G1HeapRegionSize                         = 1048576                                   {product} {ergonomic}
    uintx GCDrainStackTargetSize                   = 64                                        {product} {ergonomic}
   size_t InitialHeapSize                          = 134217728                                 {product} {ergonomic}
   size_t MarkStackSize                            = 4194304                                   {product} {ergonomic}
   size_t MaxHeapSize                              = 2118123520                                {product} {ergonomic}
   size_t MaxNewSize                               = 1270874112                                {product} {ergonomic}
   size_t MinHeapDeltaBytes                        = 1048576                                   {product} {ergonomic}
    uintx NonNMethodCodeHeapSize                   = 5836300                                {pd product} {ergonomic}
    uintx NonProfiledCodeHeapSize                  = 122910970                              {pd product} {ergonomic}
    uintx ProfiledCodeHeapSize                     = 122910970                              {pd product} {ergonomic}
    uintx ReservedCodeCacheSize                    = 251658240                              {pd product} {ergonomic}
     bool SegmentedCodeCache                       = true                                      {product} {ergonomic}
     bool UseCompressedClassPointers               = true                                 {lp64_product} {ergonomic}
     bool UseCompressedOops                        = true                                 {lp64_product} {ergonomic}
     bool UseG1GC                                  = true                                      {product} {ergonomic}
     bool UseLargePagesIndividualAllocation        = false                                  {pd product} {ergonomic}

Logging:
Log output configuration:
 #0: stdout all=warning uptime,level,tags
 #1: stderr all=off uptime,level,tags

Environment Variables:
JAVA_HOME=C:\Program Files\AdoptOpenJDK\jdk-11.0.8.10-hotspot\
PATH=C:\Program Files\AdoptOpenJDK\jdk-11.0.8.10-hotspot\bin;C:\WINDOWS\system32;C:\WINDOWS;C:\WINDOWS\System32\Wbem;C:\WINDOWS\System32\WindowsPowerShell\v1.0\;C:\WINDOWS\System32\OpenSSH\;C:\Program Files (x86)\Microsoft SQL Server\110\Tools\Binn\ManagementStudio\;C:\Program Files (x86)\Microsoft SQL Server\110\Tools\Binn\;C:\Program Files\Microsoft SQL Server\110\Tools\Binn\;C:\Program Files (x86)\Microsoft SQL Server\110\DTS\Binn\;C:\Program Files\Microsoft SQL Server\Client SDK\ODBC\110\Tools\Binn\;C:\Program Files (x86)\Microsoft SQL Server\120\Tools\Binn\;C:\Program Files\Microsoft SQL Server\120\Tools\Binn\;C:\Program Files\Microsoft SQL Server\120\DTS\Binn\;C:\Program Files (x86)\Microsoft SQL Server\120\Tools\Binn\ManagementStudio\;C:\Program Files (x86)\Microsoft SQL Server\120\DTS\Binn\;C:\Users\Admin\Downloads\apache-maven-3.6.0;C:\Users\Admin\Downloads\apache-maven-3.6.0\bin;C:\Program Files\NVIDIA Corporation\NVIDIA NvDLISR;C:\Program Files (x86)\NVIDIA Corporation\PhysX\Common;C:\Users\Admin\Downloads\apache-maven-3.6.0\bin;C:\Program Files\nodejs\;C:\Program Files\Git\cmd;C:\WINDOWS\system32;C:\WINDOWS;C:\WINDOWS\System32\Wbem;C:\WINDOWS\System32\WindowsPowerShell\v1.0\;C:\WINDOWS\System32\OpenSSH\;C:\Users\Admin\AppData\Local\Microsoft\WindowsApps;C:\Users\Admin\AppData\Local\Programs\Microsoft VS Code\bin;D:\apache-tomcat-9.0.37\bin;C:\Users\Admin\AppData\Roaming\npm;
USERNAME=Admin
OS=Windows_NT
PROCESSOR_IDENTIFIER=Intel64 Family 6 Model 158 Stepping 10, GenuineIntel



---------------  S Y S T E M  ---------------

OS: Windows 10 , 64 bit Build 19041 (10.0.19041.1503)
OS uptime: 7 days 19:51 hours

CPU:total 8 (initial active 8) (4 cores per cpu, 2 threads per core) family 6 model 158 stepping 10, cmov, cx8, fxsr, mmx, sse, sse2, sse3, ssse3, sse4.1, sse4.2, popcnt, avx, avx2, aes, clmul, erms, 3dnowpref, lzcnt, ht, tsc, tscinvbit, bmi1, bmi2, adx, fma

Memory: 4k page, system-wide physical 8072M (563M free)
TotalPageFile size 12168M (AvailPageFile size 9M)
current process WorkingSet (physical memory assigned to process): 458M, peak: 458M
current process commit charge ("private bytes"): 528M, peak: 529M

vm_info: OpenJDK 64-Bit Server VM (11.0.8+10) for windows-amd64 JRE (11.0.8+10), built on Jul 15 2020 11:45:54 by "" with MS VC++ 15.9 (VS2017)

END.
