#
# There is insufficient memory for the Java Runtime Environment to continue.
# Native memory allocation (malloc) failed to allocate 725936 bytes for Chunk::new
# Possible reasons:
#   The system is out of physical RAM or swap space
#   The process is running with CompressedOops enabled, and the Java Heap may be blocking the growth of the native heap
# Possible solutions:
#   Reduce memory load on the system
#   Increase physical memory or swap space
#   Check if swap backing store is full
#   Decrease Java heap size (-Xmx/-Xms)
#   Decrease number of Java threads
#   Decrease Java thread stack sizes (-Xss)
#   Set larger code cache with -XX:ReservedCodeCacheSize=
#   JVM is running with Unscaled Compressed Oops mode in which the Java heap is
#     placed in the first 4GB address space. The Java Heap base address is the
#     maximum limit for the native heap growth. Please use -XX:HeapBaseMinAddress
#     to set the Java Heap base and to place the Java Heap above 4GB virtual address.
# This output file may be truncated or incomplete.
#
#  Out of Memory Error (./src/hotspot/share/memory/arena.cpp:197), pid=15184, tid=13256
#
# JRE version: OpenJDK Runtime Environment AdoptOpenJDK (11.0.8+10) (build 11.0.8+10)
# Java VM: OpenJDK 64-Bit Server VM AdoptOpenJDK (11.0.8+10, mixed mode, tiered, compressed oops, g1 gc, windows-amd64)
# No core dump will be written. Minidumps are not enabled by default on client versions of Windows
#

---------------  S U M M A R Y ------------

Command Line: -javaagent:D:\IntelliJ IDEA 2021.1\lib\idea_rt.jar=55536:D:\IntelliJ IDEA 2021.1\bin -Dfile.encoding=UTF-8 com.example.demo.SpringbootProjectApplication

Host: Intel(R) Core(TM) i5-9300H CPU @ 2.40GHz, 8 cores, 7G,  Windows 10 , 64 bit Build 19041 (10.0.19041.1202)
Time: Thu Oct 14 15:24:01 2021 SE Asia Standard Time elapsed time: 24 seconds (0d 0h 0m 24s)

---------------  T H R E A D  ---------------

Current thread (0x000002197104f800):  JavaThread "C2 CompilerThread2" daemon [_thread_in_native, id=13256, stack(0x0000009cbeb00000,0x0000009cbec00000)]


Current CompileTask:
C2:  24608 7349       4       jdk.internal.loader.URLClassPath::findResource (38 bytes)

Stack: [0x0000009cbeb00000,0x0000009cbec00000]
Native frames: (J=compiled Java code, j=interpreted, Vv=VM code, C=native code)
V  [jvm.dll+0x5dfa5a]
V  [jvm.dll+0x7175ce]
V  [jvm.dll+0x718c9f]
V  [jvm.dll+0x719363]
V  [jvm.dll+0x240e48]
V  [jvm.dll+0xb96ac]
V  [jvm.dll+0xb9dac]
V  [jvm.dll+0x346387]
V  [jvm.dll+0x314173]
V  [jvm.dll+0x3134ba]
V  [jvm.dll+0x1fa925]
V  [jvm.dll+0x1f9adf]
V  [jvm.dll+0x17e4ec]
V  [jvm.dll+0x208f27]
V  [jvm.dll+0x20710b]
V  [jvm.dll+0x6dc339]
V  [jvm.dll+0x6d53e4]
V  [jvm.dll+0x5de996]
C  [ucrtbase.dll+0x21bb2]
C  [KERNEL32.DLL+0x17034]
C  [ntdll.dll+0x52651]


---------------  P R O C E S S  ---------------

Threads class SMR info:
_java_thread_list=0x000002196fc1a9a0, length=33, elements={
0x000002196aaa8000, 0x000002196aab1000, 0x000002196b412800, 0x000002196aabd000,
0x000002196aabd800, 0x000002196b416000, 0x000002196b418800, 0x000002196b57d800,
0x000002196b94b000, 0x000002196b707800, 0x0000021971196000, 0x000002196cba3800,
0x000002196ffa5000, 0x0000021972e8c000, 0x00000219705a3000, 0x0000021970222000,
0x0000021971098000, 0x000002197406d800, 0x0000021973020000, 0x0000021973021800,
0x0000021973021000, 0x0000021973022800, 0x000002197301d000, 0x000002197301f800,
0x000002197301d800, 0x0000021973023800, 0x000002197301e800, 0x0000021973000000,
0x0000021973001000, 0x0000021972ffd800, 0x0000021973002800, 0x0000021971580800,
0x000002197104f800
}

Java Threads: ( => current thread )
  0x000002196aaa8000 JavaThread "Reference Handler" daemon [_thread_blocked, id=4040, stack(0x0000009cbdc00000,0x0000009cbdd00000)]
  0x000002196aab1000 JavaThread "Finalizer" daemon [_thread_blocked, id=11432, stack(0x0000009cbdd00000,0x0000009cbde00000)]
  0x000002196b412800 JavaThread "Signal Dispatcher" daemon [_thread_blocked, id=12220, stack(0x0000009cbde00000,0x0000009cbdf00000)]
  0x000002196aabd000 JavaThread "Attach Listener" daemon [_thread_blocked, id=7128, stack(0x0000009cbdf00000,0x0000009cbe000000)]
  0x000002196aabd800 JavaThread "C2 CompilerThread0" daemon [_thread_blocked, id=8604, stack(0x0000009cbe000000,0x0000009cbe100000)]
  0x000002196b416000 JavaThread "C1 CompilerThread0" daemon [_thread_blocked, id=436, stack(0x0000009cbe100000,0x0000009cbe200000)]
  0x000002196b418800 JavaThread "Sweeper thread" daemon [_thread_blocked, id=9676, stack(0x0000009cbe200000,0x0000009cbe300000)]
  0x000002196b57d800 JavaThread "Common-Cleaner" daemon [_thread_blocked, id=5652, stack(0x0000009cbe300000,0x0000009cbe400000)]
  0x000002196b94b000 JavaThread "Monitor Ctrl-Break" daemon [_thread_in_native, id=2604, stack(0x0000009cbe500000,0x0000009cbe600000)]
  0x000002196b707800 JavaThread "Service Thread" daemon [_thread_blocked, id=9436, stack(0x0000009cbe600000,0x0000009cbe700000)]
  0x0000021971196000 JavaThread "mssql-jdbc-shared-timer-core-0" daemon [_thread_blocked, id=7540, stack(0x0000009cbe400000,0x0000009cbe500000)]
  0x000002196cba3800 JavaThread "HikariPool-1 housekeeper" daemon [_thread_blocked, id=2784, stack(0x0000009cbf300000,0x0000009cbf400000)]
  0x000002196ffa5000 JavaThread "Catalina-utility-1" [_thread_blocked, id=4784, stack(0x0000009cbf700000,0x0000009cbf800000)]
  0x0000021972e8c000 JavaThread "Catalina-utility-2" [_thread_blocked, id=5208, stack(0x0000009cbf800000,0x0000009cbf900000)]
  0x00000219705a3000 JavaThread "container-0" [_thread_blocked, id=13928, stack(0x0000009cbf900000,0x0000009cbfa00000)]
  0x0000021970222000 JavaThread "File Watcher" daemon [_thread_in_native, id=10020, stack(0x0000009cbf400000,0x0000009cbf500000)]
  0x0000021971098000 JavaThread "Live Reload Server" daemon [_thread_in_native, id=2360, stack(0x0000009cbf600000,0x0000009cbf700000)]
  0x000002197406d800 JavaThread "http-nio-6789-BlockPoller" daemon [_thread_in_native, id=13320, stack(0x0000009cbfb00000,0x0000009cbfc00000)]
  0x0000021973020000 JavaThread "http-nio-6789-exec-1" daemon [_thread_blocked, id=15808, stack(0x0000009cbfc00000,0x0000009cbfd00000)]
  0x0000021973021800 JavaThread "http-nio-6789-exec-2" daemon [_thread_blocked, id=15400, stack(0x0000009cbfd00000,0x0000009cbfe00000)]
  0x0000021973021000 JavaThread "http-nio-6789-exec-3" daemon [_thread_blocked, id=9844, stack(0x0000009cbfe00000,0x0000009cbff00000)]
  0x0000021973022800 JavaThread "http-nio-6789-exec-4" daemon [_thread_blocked, id=12096, stack(0x0000009cbff00000,0x0000009cc0000000)]
  0x000002197301d000 JavaThread "http-nio-6789-exec-5" daemon [_thread_blocked, id=12464, stack(0x0000009cc0000000,0x0000009cc0100000)]
  0x000002197301f800 JavaThread "http-nio-6789-exec-6" daemon [_thread_blocked, id=18268, stack(0x0000009cc0100000,0x0000009cc0200000)]
  0x000002197301d800 JavaThread "http-nio-6789-exec-7" daemon [_thread_blocked, id=6336, stack(0x0000009cc0200000,0x0000009cc0300000)]
  0x0000021973023800 JavaThread "http-nio-6789-exec-8" daemon [_thread_blocked, id=9508, stack(0x0000009cc0300000,0x0000009cc0400000)]
  0x000002197301e800 JavaThread "http-nio-6789-exec-9" daemon [_thread_blocked, id=14804, stack(0x0000009cc0400000,0x0000009cc0500000)]
  0x0000021973000000 JavaThread "http-nio-6789-exec-10" daemon [_thread_blocked, id=11396, stack(0x0000009cc0500000,0x0000009cc0600000)]
  0x0000021973001000 JavaThread "http-nio-6789-ClientPoller" daemon [_thread_in_native, id=6504, stack(0x0000009cc0600000,0x0000009cc0700000)]
  0x0000021972ffd800 JavaThread "http-nio-6789-Acceptor" daemon [_thread_in_native, id=1544, stack(0x0000009cc0700000,0x0000009cc0800000)]
  0x0000021973002800 JavaThread "DestroyJavaVM" [_thread_blocked, id=18084, stack(0x0000009cbd500000,0x0000009cbd600000)]
  0x0000021971580800 JavaThread "C2 CompilerThread1" daemon [_thread_blocked, id=10640, stack(0x0000009cbea00000,0x0000009cbeb00000)]
=>0x000002197104f800 JavaThread "C2 CompilerThread2" daemon [_thread_in_native, id=13256, stack(0x0000009cbeb00000,0x0000009cbec00000)]

Other Threads:
  0x000002196aa84000 VMThread "VM Thread" [stack: 0x0000009cbdb00000,0x0000009cbdc00000] [id=15680]
  0x000002196b66f800 WatcherThread [stack: 0x0000009cbe700000,0x0000009cbe800000] [id=10696]
  0x000002194bba6800 GCTaskThread "GC Thread#0" [stack: 0x0000009cbd600000,0x0000009cbd700000] [id=18156]
  0x000002196c2e8800 GCTaskThread "GC Thread#1" [stack: 0x0000009cbe800000,0x0000009cbe900000] [id=11820]
  0x000002196c2b9000 GCTaskThread "GC Thread#2" [stack: 0x0000009cbe900000,0x0000009cbea00000] [id=980]
  0x000002196c54d800 GCTaskThread "GC Thread#3" [stack: 0x0000009cbed00000,0x0000009cbee00000] [id=9288]
  0x000002196c723000 GCTaskThread "GC Thread#4" [stack: 0x0000009cbee00000,0x0000009cbef00000] [id=3944]
  0x000002196c8cb800 GCTaskThread "GC Thread#5" [stack: 0x0000009cbef00000,0x0000009cbf000000] [id=2532]
  0x000002196c856000 GCTaskThread "GC Thread#6" [stack: 0x0000009cbf000000,0x0000009cbf100000] [id=9032]
  0x000002196c5cc000 GCTaskThread "GC Thread#7" [stack: 0x0000009cbf100000,0x0000009cbf200000] [id=12372]
  0x000002194bbd1000 ConcurrentGCThread "G1 Main Marker" [stack: 0x0000009cbd700000,0x0000009cbd800000] [id=8320]
  0x000002194bbd2800 ConcurrentGCThread "G1 Conc#0" [stack: 0x0000009cbd800000,0x0000009cbd900000] [id=1692]
  0x000002196c930000 ConcurrentGCThread "G1 Conc#1" [stack: 0x0000009cbf200000,0x0000009cbf300000] [id=16404]
  0x000002194bc5e800 ConcurrentGCThread "G1 Refine#0" [stack: 0x0000009cbd900000,0x0000009cbda00000] [id=10508]
  0x000002196a8ea800 ConcurrentGCThread "G1 Young RemSet Sampling" [stack: 0x0000009cbda00000,0x0000009cbdb00000] [id=9472]

Threads with active compile tasks:
C2 CompilerThread2  24644 7349       4       jdk.internal.loader.URLClassPath::findResource (38 bytes)

VM state:not at safepoint (normal execution)

VM Mutex/Monitor currently owned by a thread: None

Heap address: 0x0000000081c00000, size: 2020 MB, Compressed Oops mode: 32-bit
Narrow klass base: 0x0000000000000000, Narrow klass shift: 3
Compressed class space size: 1073741824 Address: 0x0000000100000000

Heap:
 garbage-first heap   total 190464K, used 48851K [0x0000000081c00000, 0x0000000100000000)
  region size 1024K, 29 young (29696K), 12 survivors (12288K)
 Metaspace       used 79377K, capacity 81309K, committed 81484K, reserved 1120256K
  class space    used 10054K, capacity 10794K, committed 10828K, reserved 1048576K
Heap Regions: E=young(eden), S=young(survivor), O=old, HS=humongous(starts), HC=humongous(continues), CS=collection set, F=free, A=archive, TAMS=top-at-mark-start (previous, next)
|   0|0x0000000081c00000, 0x0000000081d00000, 0x0000000081d00000|100%|HS|  |TAMS 0x0000000081d00000, 0x0000000081c00000| Complete 
|   1|0x0000000081d00000, 0x0000000081e00000, 0x0000000081e00000|100%| O|  |TAMS 0x0000000081e00000, 0x0000000081d00000| Untracked 
|   2|0x0000000081e00000, 0x0000000081f00000, 0x0000000081f00000|100%| O|  |TAMS 0x0000000081f00000, 0x0000000081e00000| Untracked 
|   3|0x0000000081f00000, 0x0000000082000000, 0x0000000082000000|100%| O|  |TAMS 0x0000000082000000, 0x0000000081f00000| Untracked 
|   4|0x0000000082000000, 0x0000000082100000, 0x0000000082100000|100%| O|  |TAMS 0x0000000082100000, 0x0000000082000000| Untracked 
|   5|0x0000000082100000, 0x0000000082200000, 0x0000000082200000|100%| O|  |TAMS 0x0000000082200000, 0x0000000082100000| Untracked 
|   6|0x0000000082200000, 0x0000000082300000, 0x0000000082300000|100%| O|  |TAMS 0x0000000082300000, 0x0000000082200000| Untracked 
|   7|0x0000000082300000, 0x0000000082400000, 0x0000000082400000|100%| O|  |TAMS 0x0000000082400000, 0x0000000082300000| Untracked 
|   8|0x0000000082400000, 0x0000000082500000, 0x0000000082500000|100%| O|  |TAMS 0x0000000082500000, 0x0000000082400000| Untracked 
|   9|0x0000000082500000, 0x0000000082600000, 0x0000000082600000|100%| O|  |TAMS 0x0000000082600000, 0x0000000082500000| Untracked 
|  10|0x0000000082600000, 0x0000000082700000, 0x0000000082700000|100%| O|  |TAMS 0x0000000082700000, 0x0000000082600000| Untracked 
|  11|0x0000000082700000, 0x0000000082800000, 0x0000000082800000|100%| O|  |TAMS 0x0000000082800000, 0x0000000082700000| Untracked 
|  12|0x0000000082800000, 0x0000000082900000, 0x0000000082900000|100%| O|  |TAMS 0x0000000082900000, 0x0000000082800000| Untracked 
|  13|0x0000000082900000, 0x0000000082a00000, 0x0000000082a00000|100%| O|  |TAMS 0x0000000082a00000, 0x0000000082900000| Untracked 
|  14|0x0000000082a00000, 0x0000000082b00000, 0x0000000082b00000|100%| O|  |TAMS 0x0000000082ade000, 0x0000000082a00000| Untracked 
|  15|0x0000000082b00000, 0x0000000082c00000, 0x0000000082c00000|100%| O|  |TAMS 0x0000000082b00000, 0x0000000082b00000| Untracked 
|  16|0x0000000082c00000, 0x0000000082d00000, 0x0000000082d00000|100%| O|  |TAMS 0x0000000082c00000, 0x0000000082c00000| Untracked 
|  17|0x0000000082d00000, 0x0000000082e00000, 0x0000000082e00000|100%| O|  |TAMS 0x0000000082d00000, 0x0000000082d00000| Untracked 
|  18|0x0000000082e00000, 0x0000000082f00000, 0x0000000082f00000|100%| O|  |TAMS 0x0000000082e00000, 0x0000000082e00000| Untracked 
|  19|0x0000000082f00000, 0x0000000083000000, 0x0000000083000000|100%| O|  |TAMS 0x0000000082f00000, 0x0000000082f00000| Untracked 
|  20|0x0000000083000000, 0x0000000083000000, 0x0000000083100000|  0%| F|  |TAMS 0x0000000083000000, 0x0000000083000000| Untracked 
|  21|0x0000000083100000, 0x0000000083100000, 0x0000000083200000|  0%| F|  |TAMS 0x0000000083100000, 0x0000000083100000| Untracked 
|  22|0x0000000083200000, 0x0000000083200000, 0x0000000083300000|  0%| F|  |TAMS 0x0000000083200000, 0x0000000083200000| Untracked 
|  23|0x0000000083300000, 0x0000000083300000, 0x0000000083400000|  0%| F|  |TAMS 0x0000000083300000, 0x0000000083300000| Untracked 
|  24|0x0000000083400000, 0x0000000083400000, 0x0000000083500000|  0%| F|  |TAMS 0x0000000083400000, 0x0000000083400000| Untracked 
|  25|0x0000000083500000, 0x0000000083500000, 0x0000000083600000|  0%| F|  |TAMS 0x0000000083500000, 0x0000000083500000| Untracked 
|  26|0x0000000083600000, 0x0000000083600000, 0x0000000083700000|  0%| F|  |TAMS 0x0000000083600000, 0x0000000083600000| Untracked 
|  27|0x0000000083700000, 0x0000000083700000, 0x0000000083800000|  0%| F|  |TAMS 0x0000000083700000, 0x0000000083700000| Untracked 
|  28|0x0000000083800000, 0x0000000083800000, 0x0000000083900000|  0%| F|  |TAMS 0x0000000083800000, 0x0000000083800000| Untracked 
|  29|0x0000000083900000, 0x0000000083900000, 0x0000000083a00000|  0%| F|  |TAMS 0x0000000083900000, 0x0000000083900000| Untracked 
|  30|0x0000000083a00000, 0x0000000083a00000, 0x0000000083b00000|  0%| F|  |TAMS 0x0000000083a00000, 0x0000000083a00000| Untracked 
|  31|0x0000000083b00000, 0x0000000083b00000, 0x0000000083c00000|  0%| F|  |TAMS 0x0000000083b00000, 0x0000000083b00000| Untracked 
|  32|0x0000000083c00000, 0x0000000083c00000, 0x0000000083d00000|  0%| F|  |TAMS 0x0000000083c00000, 0x0000000083c00000| Untracked 
|  33|0x0000000083d00000, 0x0000000083d00000, 0x0000000083e00000|  0%| F|  |TAMS 0x0000000083d00000, 0x0000000083d00000| Untracked 
|  34|0x0000000083e00000, 0x0000000083e00000, 0x0000000083f00000|  0%| F|  |TAMS 0x0000000083e00000, 0x0000000083e00000| Untracked 
|  35|0x0000000083f00000, 0x0000000083f00000, 0x0000000084000000|  0%| F|  |TAMS 0x0000000083f00000, 0x0000000083f00000| Untracked 
|  36|0x0000000084000000, 0x0000000084000000, 0x0000000084100000|  0%| F|  |TAMS 0x0000000084000000, 0x0000000084000000| Untracked 
|  37|0x0000000084100000, 0x0000000084100000, 0x0000000084200000|  0%| F|  |TAMS 0x0000000084100000, 0x0000000084100000| Untracked 
|  38|0x0000000084200000, 0x0000000084200000, 0x0000000084300000|  0%| F|  |TAMS 0x0000000084200000, 0x0000000084200000| Untracked 
|  39|0x0000000084300000, 0x0000000084300000, 0x0000000084400000|  0%| F|  |TAMS 0x0000000084300000, 0x0000000084300000| Untracked 
|  40|0x0000000084400000, 0x0000000084400000, 0x0000000084500000|  0%| F|  |TAMS 0x0000000084400000, 0x0000000084400000| Untracked 
|  41|0x0000000084500000, 0x0000000084500000, 0x0000000084600000|  0%| F|  |TAMS 0x0000000084500000, 0x0000000084500000| Untracked 
|  42|0x0000000084600000, 0x0000000084600000, 0x0000000084700000|  0%| F|  |TAMS 0x0000000084600000, 0x0000000084600000| Untracked 
|  43|0x0000000084700000, 0x0000000084700000, 0x0000000084800000|  0%| F|  |TAMS 0x0000000084700000, 0x0000000084700000| Untracked 
|  44|0x0000000084800000, 0x0000000084800000, 0x0000000084900000|  0%| F|  |TAMS 0x0000000084800000, 0x0000000084800000| Untracked 
|  45|0x0000000084900000, 0x0000000084900000, 0x0000000084a00000|  0%| F|  |TAMS 0x0000000084900000, 0x0000000084900000| Untracked 
|  46|0x0000000084a00000, 0x0000000084a00000, 0x0000000084b00000|  0%| F|  |TAMS 0x0000000084a00000, 0x0000000084a00000| Untracked 
|  47|0x0000000084b00000, 0x0000000084b00000, 0x0000000084c00000|  0%| F|  |TAMS 0x0000000084b00000, 0x0000000084b00000| Untracked 
|  48|0x0000000084c00000, 0x0000000084c00000, 0x0000000084d00000|  0%| F|  |TAMS 0x0000000084c00000, 0x0000000084c00000| Untracked 
|  49|0x0000000084d00000, 0x0000000084d00000, 0x0000000084e00000|  0%| F|  |TAMS 0x0000000084d00000, 0x0000000084d00000| Untracked 
|  50|0x0000000084e00000, 0x0000000084e00000, 0x0000000084f00000|  0%| F|  |TAMS 0x0000000084e00000, 0x0000000084e00000| Untracked 
|  51|0x0000000084f00000, 0x0000000084f00000, 0x0000000085000000|  0%| F|  |TAMS 0x0000000084f00000, 0x0000000084f00000| Untracked 
|  52|0x0000000085000000, 0x0000000085000000, 0x0000000085100000|  0%| F|  |TAMS 0x0000000085000000, 0x0000000085000000| Untracked 
|  53|0x0000000085100000, 0x0000000085100000, 0x0000000085200000|  0%| F|  |TAMS 0x0000000085100000, 0x0000000085100000| Untracked 
|  54|0x0000000085200000, 0x0000000085200000, 0x0000000085300000|  0%| F|  |TAMS 0x0000000085200000, 0x0000000085200000| Untracked 
|  55|0x0000000085300000, 0x0000000085300000, 0x0000000085400000|  0%| F|  |TAMS 0x0000000085300000, 0x0000000085300000| Untracked 
|  56|0x0000000085400000, 0x0000000085400000, 0x0000000085500000|  0%| F|  |TAMS 0x0000000085400000, 0x0000000085400000| Untracked 
|  57|0x0000000085500000, 0x0000000085500000, 0x0000000085600000|  0%| F|  |TAMS 0x0000000085500000, 0x0000000085500000| Untracked 
|  58|0x0000000085600000, 0x0000000085600000, 0x0000000085700000|  0%| F|  |TAMS 0x0000000085600000, 0x0000000085600000| Untracked 
|  59|0x0000000085700000, 0x0000000085700000, 0x0000000085800000|  0%| F|  |TAMS 0x0000000085700000, 0x0000000085700000| Untracked 
|  60|0x0000000085800000, 0x0000000085800000, 0x0000000085900000|  0%| F|  |TAMS 0x0000000085800000, 0x0000000085800000| Untracked 
|  61|0x0000000085900000, 0x0000000085900000, 0x0000000085a00000|  0%| F|  |TAMS 0x0000000085900000, 0x0000000085900000| Untracked 
|  62|0x0000000085a00000, 0x0000000085a00000, 0x0000000085b00000|  0%| F|  |TAMS 0x0000000085a00000, 0x0000000085a00000| Untracked 
|  63|0x0000000085b00000, 0x0000000085b00000, 0x0000000085c00000|  0%| F|  |TAMS 0x0000000085b00000, 0x0000000085b00000| Untracked 
|  64|0x0000000085c00000, 0x0000000085c00000, 0x0000000085d00000|  0%| F|  |TAMS 0x0000000085c00000, 0x0000000085c00000| Untracked 
|  65|0x0000000085d00000, 0x0000000085d00000, 0x0000000085e00000|  0%| F|  |TAMS 0x0000000085d00000, 0x0000000085d00000| Untracked 
|  66|0x0000000085e00000, 0x0000000085e00000, 0x0000000085f00000|  0%| F|  |TAMS 0x0000000085e00000, 0x0000000085e00000| Untracked 
|  67|0x0000000085f00000, 0x0000000085f00000, 0x0000000086000000|  0%| F|  |TAMS 0x0000000085f00000, 0x0000000085f00000| Untracked 
|  68|0x0000000086000000, 0x0000000086000000, 0x0000000086100000|  0%| F|  |TAMS 0x0000000086000000, 0x0000000086000000| Untracked 
|  69|0x0000000086100000, 0x0000000086100000, 0x0000000086200000|  0%| F|  |TAMS 0x0000000086100000, 0x0000000086100000| Untracked 
|  70|0x0000000086200000, 0x0000000086200000, 0x0000000086300000|  0%| F|  |TAMS 0x0000000086200000, 0x0000000086200000| Untracked 
|  71|0x0000000086300000, 0x0000000086300000, 0x0000000086400000|  0%| F|  |TAMS 0x0000000086300000, 0x0000000086300000| Untracked 
|  72|0x0000000086400000, 0x00000000864b4ed8, 0x0000000086500000| 70%| S|CS|TAMS 0x0000000086400000, 0x0000000086400000| Complete 
|  73|0x0000000086500000, 0x0000000086600000, 0x0000000086600000|100%| S|CS|TAMS 0x0000000086500000, 0x0000000086500000| Complete 
|  74|0x0000000086600000, 0x0000000086700000, 0x0000000086700000|100%| S|CS|TAMS 0x0000000086600000, 0x0000000086600000| Complete 
|  75|0x0000000086700000, 0x0000000086800000, 0x0000000086800000|100%| S|CS|TAMS 0x0000000086700000, 0x0000000086700000| Complete 
|  76|0x0000000086800000, 0x0000000086900000, 0x0000000086900000|100%| S|CS|TAMS 0x0000000086800000, 0x0000000086800000| Complete 
|  77|0x0000000086900000, 0x0000000086a00000, 0x0000000086a00000|100%| S|CS|TAMS 0x0000000086900000, 0x0000000086900000| Complete 
|  78|0x0000000086a00000, 0x0000000086b00000, 0x0000000086b00000|100%| S|CS|TAMS 0x0000000086a00000, 0x0000000086a00000| Complete 
|  79|0x0000000086b00000, 0x0000000086c00000, 0x0000000086c00000|100%| S|CS|TAMS 0x0000000086b00000, 0x0000000086b00000| Complete 
|  80|0x0000000086c00000, 0x0000000086d00000, 0x0000000086d00000|100%| S|CS|TAMS 0x0000000086c00000, 0x0000000086c00000| Complete 
|  81|0x0000000086d00000, 0x0000000086e00000, 0x0000000086e00000|100%| S|CS|TAMS 0x0000000086d00000, 0x0000000086d00000| Complete 
|  82|0x0000000086e00000, 0x0000000086f00000, 0x0000000086f00000|100%| S|CS|TAMS 0x0000000086e00000, 0x0000000086e00000| Complete 
|  83|0x0000000086f00000, 0x0000000087000000, 0x0000000087000000|100%| S|CS|TAMS 0x0000000086f00000, 0x0000000086f00000| Complete 
|  84|0x0000000087000000, 0x0000000087000000, 0x0000000087100000|  0%| F|  |TAMS 0x0000000087000000, 0x0000000087000000| Untracked 
|  85|0x0000000087100000, 0x0000000087100000, 0x0000000087200000|  0%| F|  |TAMS 0x0000000087100000, 0x0000000087100000| Untracked 
|  86|0x0000000087200000, 0x0000000087200000, 0x0000000087300000|  0%| F|  |TAMS 0x0000000087200000, 0x0000000087200000| Untracked 
|  87|0x0000000087300000, 0x0000000087300000, 0x0000000087400000|  0%| F|  |TAMS 0x0000000087300000, 0x0000000087300000| Untracked 
|  88|0x0000000087400000, 0x0000000087400000, 0x0000000087500000|  0%| F|  |TAMS 0x0000000087400000, 0x0000000087400000| Untracked 
|  89|0x0000000087500000, 0x0000000087500000, 0x0000000087600000|  0%| F|  |TAMS 0x0000000087500000, 0x0000000087500000| Untracked 
|  90|0x0000000087600000, 0x0000000087600000, 0x0000000087700000|  0%| F|  |TAMS 0x0000000087600000, 0x0000000087600000| Untracked 
|  91|0x0000000087700000, 0x0000000087700000, 0x0000000087800000|  0%| F|  |TAMS 0x0000000087700000, 0x0000000087700000| Untracked 
|  92|0x0000000087800000, 0x0000000087800000, 0x0000000087900000|  0%| F|  |TAMS 0x0000000087800000, 0x0000000087800000| Untracked 
|  93|0x0000000087900000, 0x0000000087900000, 0x0000000087a00000|  0%| F|  |TAMS 0x0000000087900000, 0x0000000087900000| Untracked 
|  94|0x0000000087a00000, 0x0000000087a00000, 0x0000000087b00000|  0%| F|  |TAMS 0x0000000087a00000, 0x0000000087a00000| Untracked 
|  95|0x0000000087b00000, 0x0000000087b00000, 0x0000000087c00000|  0%| F|  |TAMS 0x0000000087b00000, 0x0000000087b00000| Untracked 
|  96|0x0000000087c00000, 0x0000000087c00000, 0x0000000087d00000|  0%| F|  |TAMS 0x0000000087c00000, 0x0000000087c00000| Untracked 
|  97|0x0000000087d00000, 0x0000000087d00000, 0x0000000087e00000|  0%| F|  |TAMS 0x0000000087d00000, 0x0000000087d00000| Untracked 
|  98|0x0000000087e00000, 0x0000000087e00000, 0x0000000087f00000|  0%| F|  |TAMS 0x0000000087e00000, 0x0000000087e00000| Untracked 
|  99|0x0000000087f00000, 0x0000000087f00000, 0x0000000088000000|  0%| F|  |TAMS 0x0000000087f00000, 0x0000000087f00000| Untracked 
| 100|0x0000000088000000, 0x0000000088000000, 0x0000000088100000|  0%| F|  |TAMS 0x0000000088000000, 0x0000000088000000| Untracked 
| 101|0x0000000088100000, 0x0000000088100000, 0x0000000088200000|  0%| F|  |TAMS 0x0000000088100000, 0x0000000088100000| Untracked 
| 102|0x0000000088200000, 0x0000000088200000, 0x0000000088300000|  0%| F|  |TAMS 0x0000000088200000, 0x0000000088200000| Untracked 
| 103|0x0000000088300000, 0x0000000088300000, 0x0000000088400000|  0%| F|  |TAMS 0x0000000088300000, 0x0000000088300000| Untracked 
| 104|0x0000000088400000, 0x0000000088400000, 0x0000000088500000|  0%| F|  |TAMS 0x0000000088400000, 0x0000000088400000| Untracked 
| 105|0x0000000088500000, 0x0000000088500000, 0x0000000088600000|  0%| F|  |TAMS 0x0000000088500000, 0x0000000088500000| Untracked 
| 106|0x0000000088600000, 0x0000000088600000, 0x0000000088700000|  0%| F|  |TAMS 0x0000000088600000, 0x0000000088600000| Untracked 
| 107|0x0000000088700000, 0x0000000088700000, 0x0000000088800000|  0%| F|  |TAMS 0x0000000088700000, 0x0000000088700000| Untracked 
| 108|0x0000000088800000, 0x0000000088800000, 0x0000000088900000|  0%| F|  |TAMS 0x0000000088800000, 0x0000000088800000| Untracked 
| 109|0x0000000088900000, 0x0000000088900000, 0x0000000088a00000|  0%| F|  |TAMS 0x0000000088900000, 0x0000000088900000| Untracked 
| 110|0x0000000088a00000, 0x0000000088a00000, 0x0000000088b00000|  0%| F|  |TAMS 0x0000000088a00000, 0x0000000088a00000| Untracked 
| 111|0x0000000088b00000, 0x0000000088b00000, 0x0000000088c00000|  0%| F|  |TAMS 0x0000000088b00000, 0x0000000088b00000| Untracked 
| 112|0x0000000088c00000, 0x0000000088c00000, 0x0000000088d00000|  0%| F|  |TAMS 0x0000000088c00000, 0x0000000088c00000| Untracked 
| 113|0x0000000088d00000, 0x0000000088d00000, 0x0000000088e00000|  0%| F|  |TAMS 0x0000000088d00000, 0x0000000088d00000| Untracked 
| 114|0x0000000088e00000, 0x0000000088e00000, 0x0000000088f00000|  0%| F|  |TAMS 0x0000000088e00000, 0x0000000088e00000| Untracked 
| 115|0x0000000088f00000, 0x0000000088f00000, 0x0000000089000000|  0%| F|  |TAMS 0x0000000088f00000, 0x0000000088f00000| Untracked 
| 116|0x0000000089000000, 0x0000000089000000, 0x0000000089100000|  0%| F|  |TAMS 0x0000000089000000, 0x0000000089000000| Untracked 
| 117|0x0000000089100000, 0x0000000089100000, 0x0000000089200000|  0%| F|  |TAMS 0x0000000089100000, 0x0000000089100000| Untracked 
| 118|0x0000000089200000, 0x0000000089200000, 0x0000000089300000|  0%| F|  |TAMS 0x0000000089200000, 0x0000000089200000| Untracked 
| 119|0x0000000089300000, 0x0000000089300000, 0x0000000089400000|  0%| F|  |TAMS 0x0000000089300000, 0x0000000089300000| Untracked 
| 120|0x0000000089400000, 0x0000000089400000, 0x0000000089500000|  0%| F|  |TAMS 0x0000000089400000, 0x0000000089400000| Untracked 
| 121|0x0000000089500000, 0x0000000089500000, 0x0000000089600000|  0%| F|  |TAMS 0x0000000089500000, 0x0000000089500000| Untracked 
| 122|0x0000000089600000, 0x0000000089600000, 0x0000000089700000|  0%| F|  |TAMS 0x0000000089600000, 0x0000000089600000| Untracked 
| 123|0x0000000089700000, 0x0000000089700000, 0x0000000089800000|  0%| F|  |TAMS 0x0000000089700000, 0x0000000089700000| Untracked 
| 124|0x0000000089800000, 0x0000000089800000, 0x0000000089900000|  0%| F|  |TAMS 0x0000000089800000, 0x0000000089800000| Untracked 
| 125|0x0000000089900000, 0x0000000089900000, 0x0000000089a00000|  0%| F|  |TAMS 0x0000000089900000, 0x0000000089900000| Untracked 
| 126|0x0000000089a00000, 0x0000000089a00000, 0x0000000089b00000|  0%| F|  |TAMS 0x0000000089a00000, 0x0000000089a00000| Untracked 
| 127|0x0000000089b00000, 0x0000000089b00000, 0x0000000089c00000|  0%| F|  |TAMS 0x0000000089b00000, 0x0000000089b00000| Untracked 
| 128|0x0000000089c00000, 0x0000000089c00000, 0x0000000089d00000|  0%| F|  |TAMS 0x0000000089c00000, 0x0000000089c00000| Untracked 
| 129|0x0000000089d00000, 0x0000000089d00000, 0x0000000089e00000|  0%| F|  |TAMS 0x0000000089d00000, 0x0000000089d00000| Untracked 
| 130|0x0000000089e00000, 0x0000000089e00000, 0x0000000089f00000|  0%| F|  |TAMS 0x0000000089e00000, 0x0000000089e00000| Untracked 
| 131|0x0000000089f00000, 0x0000000089f00000, 0x000000008a000000|  0%| F|  |TAMS 0x0000000089f00000, 0x0000000089f00000| Untracked 
| 132|0x000000008a000000, 0x000000008a000000, 0x000000008a100000|  0%| F|  |TAMS 0x000000008a000000, 0x000000008a000000| Untracked 
| 133|0x000000008a100000, 0x000000008a100000, 0x000000008a200000|  0%| F|  |TAMS 0x000000008a100000, 0x000000008a100000| Untracked 
| 134|0x000000008a200000, 0x000000008a200000, 0x000000008a300000|  0%| F|  |TAMS 0x000000008a200000, 0x000000008a200000| Untracked 
| 135|0x000000008a300000, 0x000000008a300000, 0x000000008a400000|  0%| F|  |TAMS 0x000000008a300000, 0x000000008a300000| Untracked 
| 136|0x000000008a400000, 0x000000008a400000, 0x000000008a500000|  0%| F|  |TAMS 0x000000008a400000, 0x000000008a400000| Untracked 
| 137|0x000000008a500000, 0x000000008a500000, 0x000000008a600000|  0%| F|  |TAMS 0x000000008a500000, 0x000000008a500000| Untracked 
| 138|0x000000008a600000, 0x000000008a600000, 0x000000008a700000|  0%| F|  |TAMS 0x000000008a600000, 0x000000008a600000| Untracked 
| 139|0x000000008a700000, 0x000000008a700000, 0x000000008a800000|  0%| F|  |TAMS 0x000000008a700000, 0x000000008a700000| Untracked 
| 140|0x000000008a800000, 0x000000008a800000, 0x000000008a900000|  0%| F|  |TAMS 0x000000008a800000, 0x000000008a800000| Untracked 
| 141|0x000000008a900000, 0x000000008a900000, 0x000000008aa00000|  0%| F|  |TAMS 0x000000008a900000, 0x000000008a900000| Untracked 
| 142|0x000000008aa00000, 0x000000008aa00000, 0x000000008ab00000|  0%| F|  |TAMS 0x000000008aa00000, 0x000000008aa00000| Untracked 
| 143|0x000000008ab00000, 0x000000008ab00000, 0x000000008ac00000|  0%| F|  |TAMS 0x000000008ab00000, 0x000000008ab00000| Untracked 
| 144|0x000000008ac00000, 0x000000008ac00000, 0x000000008ad00000|  0%| F|  |TAMS 0x000000008ac00000, 0x000000008ac00000| Untracked 
| 145|0x000000008ad00000, 0x000000008ad00000, 0x000000008ae00000|  0%| F|  |TAMS 0x000000008ad00000, 0x000000008ad00000| Untracked 
| 146|0x000000008ae00000, 0x000000008ae00000, 0x000000008af00000|  0%| F|  |TAMS 0x000000008ae00000, 0x000000008ae00000| Untracked 
| 147|0x000000008af00000, 0x000000008af00000, 0x000000008b000000|  0%| F|  |TAMS 0x000000008af00000, 0x000000008af00000| Untracked 
| 148|0x000000008b000000, 0x000000008b000000, 0x000000008b100000|  0%| F|  |TAMS 0x000000008b000000, 0x000000008b000000| Untracked 
| 149|0x000000008b100000, 0x000000008b100000, 0x000000008b200000|  0%| F|  |TAMS 0x000000008b100000, 0x000000008b100000| Untracked 
| 150|0x000000008b200000, 0x000000008b200000, 0x000000008b300000|  0%| F|  |TAMS 0x000000008b200000, 0x000000008b200000| Untracked 
| 151|0x000000008b300000, 0x000000008b300000, 0x000000008b400000|  0%| F|  |TAMS 0x000000008b300000, 0x000000008b300000| Untracked 
| 152|0x000000008b400000, 0x000000008b400000, 0x000000008b500000|  0%| F|  |TAMS 0x000000008b400000, 0x000000008b400000| Untracked 
| 153|0x000000008b500000, 0x000000008b500000, 0x000000008b600000|  0%| F|  |TAMS 0x000000008b500000, 0x000000008b500000| Untracked 
| 154|0x000000008b600000, 0x000000008b600000, 0x000000008b700000|  0%| F|  |TAMS 0x000000008b600000, 0x000000008b600000| Untracked 
| 155|0x000000008b700000, 0x000000008b700000, 0x000000008b800000|  0%| F|  |TAMS 0x000000008b700000, 0x000000008b700000| Untracked 
| 156|0x000000008b800000, 0x000000008b800000, 0x000000008b900000|  0%| F|  |TAMS 0x000000008b800000, 0x000000008b800000| Untracked 
| 157|0x000000008b900000, 0x000000008b900000, 0x000000008ba00000|  0%| F|  |TAMS 0x000000008b900000, 0x000000008b900000| Untracked 
| 158|0x000000008ba00000, 0x000000008ba00000, 0x000000008bb00000|  0%| F|  |TAMS 0x000000008ba00000, 0x000000008ba00000| Untracked 
| 159|0x000000008bb00000, 0x000000008bb00000, 0x000000008bc00000|  0%| F|  |TAMS 0x000000008bb00000, 0x000000008bb00000| Untracked 
| 160|0x000000008bc00000, 0x000000008bc00000, 0x000000008bd00000|  0%| F|  |TAMS 0x000000008bc00000, 0x000000008bc00000| Untracked 
| 161|0x000000008bd00000, 0x000000008bd00000, 0x000000008be00000|  0%| F|  |TAMS 0x000000008bd00000, 0x000000008bd00000| Untracked 
| 162|0x000000008be00000, 0x000000008be00000, 0x000000008bf00000|  0%| F|  |TAMS 0x000000008be00000, 0x000000008be00000| Untracked 
| 163|0x000000008bf00000, 0x000000008bf00000, 0x000000008c000000|  0%| F|  |TAMS 0x000000008bf00000, 0x000000008bf00000| Untracked 
| 164|0x000000008c000000, 0x000000008c000000, 0x000000008c100000|  0%| F|  |TAMS 0x000000008c000000, 0x000000008c000000| Untracked 
| 165|0x000000008c100000, 0x000000008c100000, 0x000000008c200000|  0%| F|  |TAMS 0x000000008c100000, 0x000000008c100000| Untracked 
| 166|0x000000008c200000, 0x000000008c200000, 0x000000008c300000|  0%| F|  |TAMS 0x000000008c200000, 0x000000008c200000| Untracked 
| 167|0x000000008c300000, 0x000000008c300000, 0x000000008c400000|  0%| F|  |TAMS 0x000000008c300000, 0x000000008c300000| Untracked 
| 168|0x000000008c400000, 0x000000008c400000, 0x000000008c500000|  0%| F|  |TAMS 0x000000008c400000, 0x000000008c400000| Untracked 
| 169|0x000000008c500000, 0x000000008c56dcc0, 0x000000008c600000| 42%| E|  |TAMS 0x000000008c500000, 0x000000008c500000| Complete 
| 170|0x000000008c600000, 0x000000008c700000, 0x000000008c700000|100%| E|CS|TAMS 0x000000008c600000, 0x000000008c600000| Complete 
| 171|0x000000008c700000, 0x000000008c800000, 0x000000008c800000|100%| E|CS|TAMS 0x000000008c700000, 0x000000008c700000| Complete 
| 172|0x000000008c800000, 0x000000008c900000, 0x000000008c900000|100%| E|CS|TAMS 0x000000008c800000, 0x000000008c800000| Complete 
| 173|0x000000008c900000, 0x000000008ca00000, 0x000000008ca00000|100%| E|CS|TAMS 0x000000008c900000, 0x000000008c900000| Complete 
| 174|0x000000008ca00000, 0x000000008cb00000, 0x000000008cb00000|100%| E|CS|TAMS 0x000000008ca00000, 0x000000008ca00000| Complete 
| 175|0x000000008cb00000, 0x000000008cc00000, 0x000000008cc00000|100%| E|CS|TAMS 0x000000008cb00000, 0x000000008cb00000| Complete 
| 176|0x000000008cc00000, 0x000000008cd00000, 0x000000008cd00000|100%| E|CS|TAMS 0x000000008cc00000, 0x000000008cc00000| Complete 
| 177|0x000000008cd00000, 0x000000008ce00000, 0x000000008ce00000|100%| E|CS|TAMS 0x000000008cd00000, 0x000000008cd00000| Complete 
| 178|0x000000008ce00000, 0x000000008cf00000, 0x000000008cf00000|100%| E|CS|TAMS 0x000000008ce00000, 0x000000008ce00000| Complete 
| 179|0x000000008cf00000, 0x000000008d000000, 0x000000008d000000|100%| E|CS|TAMS 0x000000008cf00000, 0x000000008cf00000| Complete 
| 180|0x000000008d000000, 0x000000008d100000, 0x000000008d100000|100%| E|CS|TAMS 0x000000008d000000, 0x000000008d000000| Complete 
| 181|0x000000008d100000, 0x000000008d200000, 0x000000008d200000|100%| E|CS|TAMS 0x000000008d100000, 0x000000008d100000| Complete 
| 182|0x000000008d200000, 0x000000008d300000, 0x000000008d300000|100%| E|CS|TAMS 0x000000008d200000, 0x000000008d200000| Complete 
| 183|0x000000008d300000, 0x000000008d400000, 0x000000008d400000|100%| E|CS|TAMS 0x000000008d300000, 0x000000008d300000| Complete 
| 184|0x000000008d400000, 0x000000008d500000, 0x000000008d500000|100%| E|CS|TAMS 0x000000008d400000, 0x000000008d400000| Complete 
| 185|0x000000008d500000, 0x000000008d600000, 0x000000008d600000|100%| E|CS|TAMS 0x000000008d500000, 0x000000008d500000| Complete 

Card table byte_map: [0x0000021963920000,0x0000021963d20000] _byte_map_base: 0x0000021963512000

Marking Bits (Prev, Next): (CMBitMap*) 0x000002194bbc8320, (CMBitMap*) 0x000002194bbc82e8
 Prev Bits: [0x00000219660b0000, 0x0000021968040000)
 Next Bits: [0x0000021964120000, 0x00000219660b0000)

Polling page: 0x0000021949a50000

Metaspace:

Usage:
  Non-class:     68.86 MB capacity,    67.70 MB ( 98%) used,   952.36 KB (  1%) free+waste,   238.69 KB ( <1%) overhead. 
      Class:     10.54 MB capacity,     9.82 MB ( 93%) used,   630.88 KB (  6%) free+waste,   109.13 KB (  1%) overhead. 
       Both:     79.40 MB capacity,    77.52 MB ( 98%) used,     1.55 MB (  2%) free+waste,   347.81 KB ( <1%) overhead. 

Virtual space:
  Non-class space:       70.00 MB reserved,      69.00 MB ( 99%) committed 
      Class space:        1.00 GB reserved,      10.57 MB (  1%) committed 
             Both:        1.07 GB reserved,      79.57 MB (  7%) committed 

Chunk freelists:
   Non-Class:  13.00 KB
       Class:  22.00 KB
        Both:  35.00 KB

MaxMetaspaceSize: 17179869184.00 GB
CompressedClassSpaceSize: 1.00 GB

CodeHeap 'non-profiled nmethods': size=120000Kb used=5470Kb max_used=5470Kb free=114530Kb
 bounds [0x000002195bcc0000, 0x000002195c220000, 0x00000219631f0000]
CodeHeap 'profiled nmethods': size=120000Kb used=15841Kb max_used=15841Kb free=104158Kb
 bounds [0x0000021954790000, 0x0000021955710000, 0x000002195bcc0000]
CodeHeap 'non-nmethods': size=5760Kb used=1271Kb max_used=1310Kb free=4488Kb
 bounds [0x00000219541f0000, 0x0000021954460000, 0x0000021954790000]
 total_blobs=7912 nmethods=7254 adapters=568
 compilation: enabled
              stopped_count=0, restarted_count=0
 full_count=0

Compilation events (20 events):
Event: 24.544 Thread 0x000002196b416000 nmethod 7356 0x0000021955703a90 code [0x0000021955703ca0, 0x00000219557042a8]
Event: 24.544 Thread 0x000002196aabd800 nmethod 7355 0x000002195c213a90 code [0x000002195c213c20, 0x000002195c213cd8]
Event: 24.544 Thread 0x000002196b416000 7354       3       java.nio.ByteBuffer::mark (7 bytes)
Event: 24.544 Thread 0x000002196b416000 nmethod 7354 0x0000021955704510 code [0x00000219557046c0, 0x0000021955704818]
Event: 24.544 Thread 0x000002196b416000 7352       3       sun.nio.ch.Util$BufferCache::get (164 bytes)
Event: 24.545 Thread 0x000002196b416000 nmethod 7352 0x0000021955704910 code [0x0000021955704b40, 0x00000219557054f8]
Event: 24.545 Thread 0x000002196b416000 7353       3       sun.nio.ch.Util::isBufferTooLarge (8 bytes)
Event: 24.545 Thread 0x000002196b416000 nmethod 7353 0x0000021955705810 code [0x00000219557059c0, 0x0000021955705b78]
Event: 24.545 Thread 0x000002196b416000 7358       3       java.nio.HeapByteBuffer::put (175 bytes)
Event: 24.547 Thread 0x000002196b416000 nmethod 7358 0x0000021955705c90 code [0x0000021955705f60, 0x0000021955706e98]
Event: 24.547 Thread 0x000002196b416000 7360       3       org.apache.tomcat.util.net.SocketBufferHandler::setWriteBufferConfiguredForWrite (84 bytes)
Event: 24.547 Thread 0x000002196b416000 nmethod 7360 0x0000021955707310 code [0x0000021955707520, 0x0000021955707b88]
Event: 24.547 Thread 0x000002196b416000 7357       3       java.nio.ByteBuffer::reset (5 bytes)
Event: 24.548 Thread 0x000002196b416000 nmethod 7357 0x0000021955707d90 code [0x0000021955707f40, 0x00000219557080e8]
Event: 24.548 Thread 0x000002196b416000 7359       3       java.nio.ByteBuffer::mark (5 bytes)
Event: 24.548 Thread 0x000002196b416000 nmethod 7359 0x0000021955708190 code [0x0000021955708340, 0x00000219557084e8]
Event: 24.548 Thread 0x000002196b416000 7361       1       org.apache.tomcat.util.net.AbstractEndpoint::isPaused (5 bytes)
Event: 24.548 Thread 0x000002196b416000 nmethod 7361 0x000002195c213d90 code [0x000002195c213f40, 0x000002195c213ff8]
Event: 24.548 Thread 0x000002196b416000 7362       1       org.apache.tomcat.util.net.NioEndpoint::access$000 (5 bytes)
Event: 24.548 Thread 0x000002196b416000 nmethod 7362 0x000002195c214090 code [0x000002195c214240, 0x000002195c2142d8]

GC Heap History (20 events):
Event: 1.608 GC heap before
{Heap before GC invocations=1 (full 0):
 garbage-first heap   total 131072K, used 81303K [0x0000000081c00000, 0x0000000100000000)
  region size 1024K, 76 young (77824K), 3 survivors (3072K)
 Metaspace       used 20328K, capacity 20859K, committed 20992K, reserved 1067008K
  class space    used 2254K, capacity 2437K, committed 2560K, reserved 1048576K
}
Event: 1.640 GC heap after
{Heap after GC invocations=2 (full 0):
 garbage-first heap   total 131072K, used 10057K [0x0000000081c00000, 0x0000000100000000)
  region size 1024K, 6 young (6144K), 6 survivors (6144K)
 Metaspace       used 20328K, capacity 20859K, committed 20992K, reserved 1067008K
  class space    used 2254K, capacity 2437K, committed 2560K, reserved 1048576K
}
Event: 1.674 GC heap before
{Heap before GC invocations=2 (full 0):
 garbage-first heap   total 131072K, used 12105K [0x0000000081c00000, 0x0000000100000000)
  region size 1024K, 9 young (9216K), 6 survivors (6144K)
 Metaspace       used 20628K, capacity 21116K, committed 21248K, reserved 1069056K
  class space    used 2295K, capacity 2476K, committed 2560K, reserved 1048576K
}
Event: 1.681 GC heap after
{Heap after GC invocations=3 (full 0):
 garbage-first heap   total 131072K, used 10619K [0x0000000081c00000, 0x0000000100000000)
  region size 1024K, 3 young (3072K), 3 survivors (3072K)
 Metaspace       used 20628K, capacity 21116K, committed 21248K, reserved 1069056K
  class space    used 2295K, capacity 2476K, committed 2560K, reserved 1048576K
}
Event: 2.145 GC heap before
{Heap before GC invocations=4 (full 0):
 garbage-first heap   total 131072K, used 81275K [0x0000000081c00000, 0x0000000100000000)
  region size 1024K, 73 young (74752K), 3 survivors (3072K)
 Metaspace       used 26044K, capacity 26710K, committed 26880K, reserved 1073152K
  class space    used 3044K, capacity 3297K, committed 3328K, reserved 1048576K
}
Event: 2.150 GC heap after
{Heap after GC invocations=5 (full 0):
 garbage-first heap   total 131072K, used 12455K [0x0000000081c00000, 0x0000000100000000)
  region size 1024K, 5 young (5120K), 5 survivors (5120K)
 Metaspace       used 26044K, capacity 26710K, committed 26880K, reserved 1073152K
  class space    used 3044K, capacity 3297K, committed 3328K, reserved 1048576K
}
Event: 2.793 GC heap before
{Heap before GC invocations=5 (full 0):
 garbage-first heap   total 131072K, used 84135K [0x0000000081c00000, 0x0000000100000000)
  region size 1024K, 76 young (77824K), 5 survivors (5120K)
 Metaspace       used 32518K, capacity 33405K, committed 33664K, reserved 1079296K
  class space    used 3860K, capacity 4220K, committed 4224K, reserved 1048576K
}
Event: 2.798 GC heap after
{Heap after GC invocations=6 (full 0):
 garbage-first heap   total 158720K, used 14790K [0x0000000081c00000, 0x0000000100000000)
  region size 1024K, 7 young (7168K), 7 survivors (7168K)
 Metaspace       used 32518K, capacity 33405K, committed 33664K, reserved 1079296K
  class space    used 3860K, capacity 4220K, committed 4224K, reserved 1048576K
}
Event: 3.065 GC heap before
{Heap before GC invocations=6 (full 0):
 garbage-first heap   total 158720K, used 29126K [0x0000000081c00000, 0x0000000100000000)
  region size 1024K, 22 young (22528K), 7 survivors (7168K)
 Metaspace       used 34805K, capacity 35698K, committed 35840K, reserved 1081344K
  class space    used 4164K, capacity 4514K, committed 4608K, reserved 1048576K
}
Event: 3.074 GC heap after
{Heap after GC invocations=7 (full 0):
 garbage-first heap   total 158720K, used 15753K [0x0000000081c00000, 0x0000000100000000)
  region size 1024K, 6 young (6144K), 6 survivors (6144K)
 Metaspace       used 34805K, capacity 35698K, committed 35840K, reserved 1081344K
  class space    used 4164K, capacity 4514K, committed 4608K, reserved 1048576K
}
Event: 4.030 GC heap before
{Heap before GC invocations=8 (full 0):
 garbage-first heap   total 158720K, used 95625K [0x0000000081c00000, 0x0000000100000000)
  region size 1024K, 85 young (87040K), 6 survivors (6144K)
 Metaspace       used 40513K, capacity 41635K, committed 41728K, reserved 1085440K
  class space    used 4845K, capacity 5288K, committed 5376K, reserved 1048576K
}
Event: 4.037 GC heap after
{Heap after GC invocations=9 (full 0):
 garbage-first heap   total 158720K, used 18251K [0x0000000081c00000, 0x0000000100000000)
  region size 1024K, 8 young (8192K), 8 survivors (8192K)
 Metaspace       used 40513K, capacity 41635K, committed 41728K, reserved 1085440K
  class space    used 4845K, capacity 5288K, committed 5376K, reserved 1048576K
}
Event: 5.231 GC heap before
{Heap before GC invocations=9 (full 0):
 garbage-first heap   total 158720K, used 104267K [0x0000000081c00000, 0x0000000100000000)
  region size 1024K, 93 young (95232K), 8 survivors (8192K)
 Metaspace       used 48287K, capacity 49585K, committed 49792K, reserved 1093632K
  class space    used 5966K, capacity 6466K, committed 6528K, reserved 1048576K
}
Event: 5.241 GC heap after
{Heap after GC invocations=10 (full 0):
 garbage-first heap   total 158720K, used 21490K [0x0000000081c00000, 0x0000000100000000)
  region size 1024K, 8 young (8192K), 8 survivors (8192K)
 Metaspace       used 48287K, capacity 49585K, committed 49792K, reserved 1093632K
  class space    used 5966K, capacity 6466K, committed 6528K, reserved 1048576K
}
Event: 7.769 GC heap before
{Heap before GC invocations=10 (full 0):
 garbage-first heap   total 158720K, used 82930K [0x0000000081c00000, 0x0000000100000000)
  region size 1024K, 69 young (70656K), 8 survivors (8192K)
 Metaspace       used 58826K, capacity 60100K, committed 60160K, reserved 1101824K
  class space    used 7304K, capacity 7787K, committed 7808K, reserved 1048576K
}
Event: 7.781 GC heap after
{Heap after GC invocations=11 (full 0):
 garbage-first heap   total 158720K, used 25848K [0x0000000081c00000, 0x0000000100000000)
  region size 1024K, 11 young (11264K), 11 survivors (11264K)
 Metaspace       used 58826K, capacity 60100K, committed 60160K, reserved 1101824K
  class space    used 7304K, capacity 7787K, committed 7808K, reserved 1048576K
}
Event: 9.358 GC heap before
{Heap before GC invocations=12 (full 0):
 garbage-first heap   total 158720K, used 109816K [0x0000000081c00000, 0x0000000100000000)
  region size 1024K, 93 young (95232K), 11 survivors (11264K)
 Metaspace       used 68931K, capacity 70549K, committed 70860K, reserved 1110016K
  class space    used 8721K, capacity 9334K, committed 9420K, reserved 1048576K
}
Event: 9.371 GC heap after
{Heap after GC invocations=13 (full 0):
 garbage-first heap   total 190464K, used 26337K [0x0000000081c00000, 0x0000000100000000)
  region size 1024K, 6 young (6144K), 6 survivors (6144K)
 Metaspace       used 68931K, capacity 70549K, committed 70860K, reserved 1110016K
  class space    used 8721K, capacity 9334K, committed 9420K, reserved 1048576K
}
Event: 23.975 GC heap before
{Heap before GC invocations=13 (full 0):
 garbage-first heap   total 190464K, used 130785K [0x0000000081c00000, 0x0000000100000000)
  region size 1024K, 108 young (110592K), 6 survivors (6144K)
 Metaspace       used 77908K, capacity 79775K, committed 80076K, reserved 1118208K
  class space    used 9921K, capacity 10624K, committed 10700K, reserved 1048576K
}
Event: 23.984 GC heap after
{Heap after GC invocations=14 (full 0):
 garbage-first heap   total 190464K, used 32467K [0x0000000081c00000, 0x0000000100000000)
  region size 1024K, 12 young (12288K), 12 survivors (12288K)
 Metaspace       used 77908K, capacity 79775K, committed 80076K, reserved 1118208K
  class space    used 9921K, capacity 10624K, committed 10700K, reserved 1048576K
}

Deoptimization events (20 events):
Event: 24.354 Thread 0x000002197301f800 Uncommon trap: trap_request=0xffffff4d fr.pc=0x000002195bedd1ac relative=0x00000000000001ec
Event: 24.354 Thread 0x000002197301f800 Uncommon trap: reason=unstable_if action=reinterpret pc=0x000002195bedd1ac method=java.net.URI$Parser.scan(IIJJ)I @ 42 c2
Event: 24.354 Thread 0x000002197301f800 DEOPT PACKING pc=0x000002195bedd1ac sp=0x0000009cc01fb950
Event: 24.354 Thread 0x000002197301f800 DEOPT UNPACKING pc=0x00000219542174af sp=0x0000009cc01fb8d0 mode 2
Event: 24.540 Thread 0x0000021973021800 Uncommon trap: trap_request=0xffffffc6 fr.pc=0x000002195c199264 relative=0x00000000000015e4
Event: 24.540 Thread 0x0000021973021800 Uncommon trap: reason=bimorphic_or_optimized_type_check action=maybe_recompile pc=0x000002195c199264 method=java.util.concurrent.ConcurrentHashMap.putVal(Ljava/lang/Object;Ljava/lang/Object;Z)Ljava/lang/Object; @ 242 c2
Event: 24.540 Thread 0x0000021973021800 DEOPT PACKING pc=0x000002195c199264 sp=0x0000009cbfdfc000
Event: 24.540 Thread 0x0000021973021800 DEOPT UNPACKING pc=0x00000219542174af sp=0x0000009cbfdfbf90 mode 2
Event: 24.540 Thread 0x0000021973021800 Uncommon trap: trap_request=0xffffff5c fr.pc=0x000002195be6635c relative=0x00000000000012fc
Event: 24.540 Thread 0x0000021973021800 Uncommon trap: reason=speculate_null_assert action=make_not_entrant pc=0x000002195be6635c method=java.lang.invoke.MethodType$ConcurrentWeakInternSet.add(Ljava/lang/Object;)Ljava/lang/Object; @ 47 c2
Event: 24.540 Thread 0x0000021973021800 DEOPT PACKING pc=0x000002195be6635c sp=0x0000009cbfdfc0d0
Event: 24.540 Thread 0x0000021973021800 DEOPT UNPACKING pc=0x00000219542174af sp=0x0000009cbfdfc088 mode 2
Event: 24.540 Thread 0x0000021973021800 Uncommon trap: trap_request=0xffffffc6 fr.pc=0x000002195c199264 relative=0x00000000000015e4
Event: 24.540 Thread 0x0000021973021800 Uncommon trap: reason=bimorphic_or_optimized_type_check action=maybe_recompile pc=0x000002195c199264 method=java.util.concurrent.ConcurrentHashMap.putVal(Ljava/lang/Object;Ljava/lang/Object;Z)Ljava/lang/Object; @ 242 c2
Event: 24.540 Thread 0x0000021973021800 DEOPT PACKING pc=0x000002195c199264 sp=0x0000009cbfdfc4f0
Event: 24.540 Thread 0x0000021973021800 DEOPT UNPACKING pc=0x00000219542174af sp=0x0000009cbfdfc480 mode 2
Event: 24.541 Thread 0x0000021973021000 Uncommon trap: trap_request=0xffffffc6 fr.pc=0x000002195c199264 relative=0x00000000000015e4
Event: 24.541 Thread 0x0000021973021000 Uncommon trap: reason=bimorphic_or_optimized_type_check action=maybe_recompile pc=0x000002195c199264 method=java.util.concurrent.ConcurrentHashMap.putVal(Ljava/lang/Object;Ljava/lang/Object;Z)Ljava/lang/Object; @ 242 c2
Event: 24.541 Thread 0x0000021973021000 DEOPT PACKING pc=0x000002195c199264 sp=0x0000009cbfefc510
Event: 24.541 Thread 0x0000021973021000 DEOPT UNPACKING pc=0x00000219542174af sp=0x0000009cbfefc4a0 mode 2

Classes redefined (0 events):
No events

Internal exceptions (20 events):
Event: 9.836 Thread 0x000002196c2d9800 Exception <a 'java/lang/ClassNotFoundException'{0x000000008c853540}: org/springframework/beans/factory/BeanClassLoaderAwareCustomizer> (0x000000008c853540) thrown at [./src/hotspot/share/classfile/systemDictionary.cpp, line 231]
Event: 9.837 Thread 0x000002196c2d9800 Exception <a 'java/lang/ClassNotFoundException'{0x000000008c861270}: org/springframework/beans/factory/AwareCustomizer> (0x000000008c861270) thrown at [./src/hotspot/share/classfile/systemDictionary.cpp, line 231]
Event: 10.023 Thread 0x000002196c2d9800 Implicit null exception at 0x000002195bdd69dd to 0x000002195bdd6a96
Event: 10.732 Thread 0x000002196c2d9800 Exception <a 'java/lang/IncompatibleClassChangeError'{0x000000008b6c01e8}: Found class java.lang.Object, but interface was expected> (0x000000008b6c01e8) thrown at [./src/hotspot/share/interpreter/linkResolver.cpp, line 839]
Event: 10.791 Thread 0x000002196c2d9800 Exception <a 'java/lang/ClassNotFoundException'{0x000000008b311bc0}: java/lang/ObjectCustomizer> (0x000000008b311bc0) thrown at [./src/hotspot/share/classfile/systemDictionary.cpp, line 231]
Event: 10.792 Thread 0x000002196c2d9800 Exception <a 'java/lang/ClassNotFoundException'{0x000000008b328958}: org/springframework/security/config/annotation/web/configuration/HttpSecurityConfigurationCustomizer> (0x000000008b328958) thrown at [./src/hotspot/share/classfile/systemDictionary.cpp, line 231]
Event: 10.819 Thread 0x000002196c2d9800 Exception <a 'java/lang/NoSuchMethodError'{0x000000008b3b2e08}: 'java.lang.Object java.lang.invoke.DirectMethodHandle$Holder.invokeInterface(java.lang.Object, java.lang.Object, java.lang.Object, java.lang.Object)'> (0x000000008b3b2e08) thrown at [./src/hotspot/share/interpreter/linkResolver.cpp, line 773]
Event: 10.891 Thread 0x000002196c2d9800 Exception <a 'java/lang/NoSuchMethodError'{0x000000008b1ce640}: 'void java.lang.invoke.DirectMethodHandle$Holder.invokeVirtual(java.lang.Object, java.lang.Object, int)'> (0x000000008b1ce640) thrown at [./src/hotspot/share/interpreter/linkResolver.cpp, line 773]
Event: 10.894 Thread 0x000002196c2d9800 Exception <a 'java/lang/NoSuchMethodError'{0x000000008b1e8208}: 'void java.lang.invoke.DirectMethodHandle$Holder.invokeVirtual(java.lang.Object, java.lang.Object, long)'> (0x000000008b1e8208) thrown at [./src/hotspot/share/interpreter/linkResolver.cpp, line 773]
Event: 11.180 Thread 0x000002196c2d9800 Exception <a 'java/lang/ClassNotFoundException'{0x000000008a518578}: java/lang/ObjectCustomizer> (0x000000008a518578) thrown at [./src/hotspot/share/classfile/systemDictionary.cpp, line 231]
Event: 11.181 Thread 0x000002196c2d9800 Exception <a 'java/lang/ClassNotFoundException'{0x000000008a5284e0}: com/example/demo/entity/financeCustomizer> (0x000000008a5284e0) thrown at [./src/hotspot/share/classfile/systemDictionary.cpp, line 231]
Event: 12.974 Thread 0x000002196c2d9800 Exception <a 'java/lang/NoSuchMethodError'{0x00000000899362f0}: 'java.lang.Object java.lang.invoke.DirectMethodHandle$Holder.invokeSpecial(java.lang.Object, java.lang.Object, int, java.lang.Object, int, java.lang.Object)'> (0x00000000899362f0) thrown at [./src/hotspot/share/interpreter/linkResolver.cpp, line 773]
Event: 12.975 Thread 0x000002196c2d9800 Exception <a 'java/lang/NoSuchMethodError'{0x000000008993da80}: 'java.lang.Object java.lang.invoke.DirectMethodHandle$Holder.invokeStatic(java.lang.Object, java.lang.Object, int, java.lang.Object, int)'> (0x000000008993da80) thrown at [./src/hotspot/share/interpreter/linkResolver.cpp, line 773]
Event: 12.976 Thread 0x000002196c2d9800 Exception <a 'java/lang/NoSuchMethodError'{0x0000000089941260}: 'java.lang.Object java.lang.invoke.DirectMethodHandle$Holder.invokeSpecial(java.lang.Object, java.lang.Object, java.lang.Object, int, java.lang.Object, int)'> (0x0000000089941260) thrown at [./src/hotspot/share/interpreter/linkResolver.cpp, line 773]
Event: 12.978 Thread 0x000002196c2d9800 Exception <a 'java/lang/NoSuchMethodError'{0x000000008994ae08}: 'void java.lang.invoke.DirectMethodHandle$Holder.invokeVirtual(java.lang.Object, java.lang.Object)'> (0x000000008994ae08) thrown at [./src/hotspot/share/interpreter/linkResolver.cpp, line 773]
Event: 23.634 Thread 0x0000021973021800 Exception <a 'java/lang/NoSuchMethodError'{0x0000000087b279f8}: 'java.lang.Object java.lang.invoke.DirectMethodHandle$Holder.invokeStatic(java.lang.Object, int, java.lang.Object, java.lang.Object)'> (0x0000000087b279f8) thrown at [./src/hotspot/share/interpreter/linkResolver.cpp, line 773]
Event: 23.634 Thread 0x0000021973021800 Exception <a 'java/lang/NoSuchMethodError'{0x0000000087b2ece0}: 'java.lang.Object java.lang.invoke.DirectMethodHandle$Holder.invokeSpecial(java.lang.Object, java.lang.Object, int, java.lang.Object, java.lang.Object)'> (0x0000000087b2ece0) thrown at [./src/hotspot/share/interpreter/linkResolver.cpp, line 773]
Event: 24.198 Thread 0x0000021973021000 Exception <a 'java/lang/ClassNotFoundException'{0x000000008d07c6f0}: java/lang/ObjectCustomizer> (0x000000008d07c6f0) thrown at [./src/hotspot/share/classfile/systemDictionary.cpp, line 231]
Event: 24.200 Thread 0x0000021973021000 Exception <a 'java/lang/ClassNotFoundException'{0x000000008d0911e0}: com/example/demo/entity/UserCustomizer> (0x000000008d0911e0) thrown at [./src/hotspot/share/classfile/systemDictionary.cpp, line 231]
Event: 24.203 Thread 0x0000021973021000 Exception <a 'java/lang/ClassNotFoundException'{0x000000008cf177c8}: org/springframework/security/core/userdetails/UserDetailsCustomizer> (0x000000008cf177c8) thrown at [./src/hotspot/share/classfile/systemDictionary.cpp, line 231]

Events (20 events):
Event: 24.357 Executing coalesced safepoint VM operation: RevokeBias done
Event: 24.357 Executing coalesced safepoint VM operation: RevokeBias
Event: 24.357 Executing coalesced safepoint VM operation: RevokeBias done
Event: 24.357 Executing VM operation: RevokeBias done
Event: 24.358 Executing VM operation: RevokeBias
Event: 24.358 Executing coalesced safepoint VM operation: RevokeBias
Event: 24.358 Executing coalesced safepoint VM operation: RevokeBias done
Event: 24.358 Executing VM operation: RevokeBias done
Event: 24.367 Executing VM operation: RevokeBias
Event: 24.367 Executing VM operation: RevokeBias done
Event: 24.381 Executing VM operation: RevokeBias
Event: 24.382 Executing VM operation: RevokeBias done
Event: 24.382 Executing VM operation: RevokeBias
Event: 24.382 Executing VM operation: RevokeBias done
Event: 24.387 Executing VM operation: RevokeBias
Event: 24.387 Executing VM operation: RevokeBias done
Event: 24.519 loading class org/springframework/http/MediaTypeFactory
Event: 24.519 loading class org/springframework/http/MediaTypeFactory done
Event: 24.540 loading class org/springframework/core/io/Resource
Event: 24.540 loading class org/springframework/core/io/Resource done


Dynamic libraries:
0x00007ff74bd10000 - 0x00007ff74bd1d000 	C:\Program Files\AdoptOpenJDK\jdk-11.0.8.10-hotspot\bin\java.exe
0x00007ff9eb7f0000 - 0x00007ff9eb9e5000 	C:\WINDOWS\SYSTEM32\ntdll.dll
0x00007ff9eaba0000 - 0x00007ff9eac5e000 	C:\WINDOWS\System32\KERNEL32.DLL
0x00007ff9e9570000 - 0x00007ff9e9839000 	C:\WINDOWS\System32\KERNELBASE.dll
0x00007ff9e9030000 - 0x00007ff9e9130000 	C:\WINDOWS\System32\ucrtbase.dll
0x00007ff9e29f0000 - 0x00007ff9e2a07000 	C:\Program Files\AdoptOpenJDK\jdk-11.0.8.10-hotspot\bin\jli.dll
0x00007ff9eb580000 - 0x00007ff9eb721000 	C:\WINDOWS\System32\USER32.dll
0x00007ff9e92f0000 - 0x00007ff9e9312000 	C:\WINDOWS\System32\win32u.dll
0x00007ff9cd1a0000 - 0x00007ff9cd43a000 	C:\WINDOWS\WinSxS\amd64_microsoft.windows.common-controls_6595b64144ccf1df_6.0.19041.1110_none_60b5254171f9507e\COMCTL32.dll
0x00007ff9e9840000 - 0x00007ff9e986b000 	C:\WINDOWS\System32\GDI32.dll
0x00007ff9e9c10000 - 0x00007ff9e9cae000 	C:\WINDOWS\System32\msvcrt.dll
0x00007ff9e91e0000 - 0x00007ff9e92eb000 	C:\WINDOWS\System32\gdi32full.dll
0x00007ff9e8f90000 - 0x00007ff9e902d000 	C:\WINDOWS\System32\msvcp_win.dll
0x00007ff9e15f0000 - 0x00007ff9e1605000 	C:\Program Files\AdoptOpenJDK\jdk-11.0.8.10-hotspot\bin\VCRUNTIME140.dll
0x00007ff9e9be0000 - 0x00007ff9e9c10000 	C:\WINDOWS\System32\IMM32.DLL
0x00007ff9b4b00000 - 0x00007ff9b4b9b000 	C:\Program Files\AdoptOpenJDK\jdk-11.0.8.10-hotspot\bin\msvcp140.dll
0x00007ff9a8c00000 - 0x00007ff9a96bd000 	C:\Program Files\AdoptOpenJDK\jdk-11.0.8.10-hotspot\bin\server\jvm.dll
0x00007ff9e9cb0000 - 0x00007ff9e9d5c000 	C:\WINDOWS\System32\ADVAPI32.dll
0x00007ff9eb310000 - 0x00007ff9eb3ab000 	C:\WINDOWS\System32\sechost.dll
0x00007ff9e9ab0000 - 0x00007ff9e9bda000 	C:\WINDOWS\System32\RPCRT4.dll
0x00007ff9eb3b0000 - 0x00007ff9eb3b8000 	C:\WINDOWS\System32\PSAPI.DLL
0x00007ff9d78e0000 - 0x00007ff9d78e9000 	C:\WINDOWS\SYSTEM32\WSOCK32.dll
0x00007ff9eab30000 - 0x00007ff9eab9b000 	C:\WINDOWS\System32\WS2_32.dll
0x00007ff9db690000 - 0x00007ff9db6b7000 	C:\WINDOWS\SYSTEM32\WINMM.dll
0x00007ff9e1dd0000 - 0x00007ff9e1dda000 	C:\WINDOWS\SYSTEM32\VERSION.dll
0x00007ff9e7790000 - 0x00007ff9e77a2000 	C:\WINDOWS\SYSTEM32\kernel.appcore.dll
0x00007ff9e29e0000 - 0x00007ff9e29f0000 	C:\Program Files\AdoptOpenJDK\jdk-11.0.8.10-hotspot\bin\verify.dll
0x00007ff9e6d10000 - 0x00007ff9e6ef4000 	C:\WINDOWS\SYSTEM32\DBGHELP.DLL
0x00007ff9ce810000 - 0x00007ff9ce83c000 	C:\WINDOWS\SYSTEM32\dbgcore.DLL
0x00007ff9e9320000 - 0x00007ff9e93a3000 	C:\WINDOWS\System32\bcryptPrimitives.dll
0x00007ff9c0ff0000 - 0x00007ff9c1018000 	C:\Program Files\AdoptOpenJDK\jdk-11.0.8.10-hotspot\bin\java.dll
0x00007ff9e15c0000 - 0x00007ff9e15ca000 	C:\Program Files\AdoptOpenJDK\jdk-11.0.8.10-hotspot\bin\jimage.dll
0x00007ff9e15b0000 - 0x00007ff9e15be000 	C:\Program Files\AdoptOpenJDK\jdk-11.0.8.10-hotspot\bin\instrument.dll
0x00007ff9d89f0000 - 0x00007ff9d8a07000 	C:\Program Files\AdoptOpenJDK\jdk-11.0.8.10-hotspot\bin\zip.dll
0x00007ff9e9d60000 - 0x00007ff9ea49f000 	C:\WINDOWS\System32\SHELL32.dll
0x00007ff9e6ff0000 - 0x00007ff9e7780000 	C:\WINDOWS\SYSTEM32\windows.storage.dll
0x00007ff9eaea0000 - 0x00007ff9eb1f5000 	C:\WINDOWS\System32\combase.dll
0x00007ff9e8890000 - 0x00007ff9e88bc000 	C:\WINDOWS\SYSTEM32\Wldp.dll
0x00007ff9eb260000 - 0x00007ff9eb30e000 	C:\WINDOWS\System32\SHCORE.dll
0x00007ff9eb200000 - 0x00007ff9eb255000 	C:\WINDOWS\System32\shlwapi.dll
0x00007ff9e8e50000 - 0x00007ff9e8e6f000 	C:\WINDOWS\SYSTEM32\profapi.dll
0x00007ff9c41e0000 - 0x00007ff9c41f9000 	C:\Program Files\AdoptOpenJDK\jdk-11.0.8.10-hotspot\bin\net.dll
0x00007ff9de220000 - 0x00007ff9de328000 	C:\WINDOWS\SYSTEM32\WINHTTP.dll
0x00007ff9e85f0000 - 0x00007ff9e865a000 	C:\WINDOWS\system32\mswsock.dll
0x00007ff9c2610000 - 0x00007ff9c2622000 	C:\Program Files\AdoptOpenJDK\jdk-11.0.8.10-hotspot\bin\nio.dll
0x00007ff9c0fa0000 - 0x00007ff9c0fba000 	D:\IntelliJ IDEA 2021.1\bin\breakgen64.dll
0x00007ff9d9da0000 - 0x00007ff9d9da9000 	C:\Program Files\AdoptOpenJDK\jdk-11.0.8.10-hotspot\bin\management.dll
0x00007ff9c4e20000 - 0x00007ff9c4e2b000 	C:\Program Files\AdoptOpenJDK\jdk-11.0.8.10-hotspot\bin\management_ext.dll
0x00007ff9d89b0000 - 0x00007ff9d89c7000 	C:\WINDOWS\system32\napinsp.dll
0x00007ff9b2d10000 - 0x00007ff9b2d2b000 	C:\WINDOWS\system32\pnrpnsp.dll
0x00007ff9e3810000 - 0x00007ff9e3825000 	C:\WINDOWS\system32\wshbth.dll
0x00007ff9e4230000 - 0x00007ff9e424d000 	C:\WINDOWS\system32\NLAapi.dll
0x00007ff9e82e0000 - 0x00007ff9e831b000 	C:\WINDOWS\SYSTEM32\IPHLPAPI.DLL
0x00007ff9e8320000 - 0x00007ff9e83ec000 	C:\WINDOWS\SYSTEM32\DNSAPI.dll
0x00007ff9eb570000 - 0x00007ff9eb578000 	C:\WINDOWS\System32\NSI.dll
0x00007ff9b2cf0000 - 0x00007ff9b2d02000 	C:\WINDOWS\System32\winrnr.dll
0x00007ff9e13e0000 - 0x00007ff9e13ea000 	C:\Windows\System32\rasadhlp.dll
0x00007ff9def80000 - 0x00007ff9defff000 	C:\WINDOWS\System32\fwpuclnt.dll
0x00007ff9e8f60000 - 0x00007ff9e8f87000 	C:\WINDOWS\System32\bcrypt.dll
0x0000000180000000 - 0x0000000180285000 	D:\apache-tomcat-9.0.37\bin\tcnative-1.dll
0x00007ff9e93b0000 - 0x00007ff9e9506000 	C:\WINDOWS\System32\CRYPT32.dll
0x00007ff9e87f0000 - 0x00007ff9e8808000 	C:\WINDOWS\SYSTEM32\CRYPTSP.dll
0x00007ff9e7f70000 - 0x00007ff9e7fa4000 	C:\WINDOWS\system32\rsaenh.dll
0x00007ff9e8e10000 - 0x00007ff9e8e3e000 	C:\WINDOWS\SYSTEM32\USERENV.dll
0x00007ff9e87e0000 - 0x00007ff9e87ec000 	C:\WINDOWS\SYSTEM32\CRYPTBASE.dll
0x00007ff9e0010000 - 0x00007ff9e0027000 	C:\WINDOWS\SYSTEM32\dhcpcsvc6.DLL
0x00007ff9e0730000 - 0x00007ff9e074d000 	C:\WINDOWS\SYSTEM32\dhcpcsvc.DLL
0x00007ff9b9ed0000 - 0x00007ff9b9ef5000 	C:\Program Files\AdoptOpenJDK\jdk-11.0.8.10-hotspot\bin\sunec.dll
0x00007ff9c4da0000 - 0x00007ff9c4dae000 	C:\Program Files\AdoptOpenJDK\jdk-11.0.8.10-hotspot\bin\sunmscapi.dll
0x00007ff9e8900000 - 0x00007ff9e8927000 	C:\WINDOWS\SYSTEM32\ncrypt.dll
0x00007ff9e88c0000 - 0x00007ff9e88fb000 	C:\WINDOWS\SYSTEM32\NTASN1.dll

dbghelp: loaded successfully - version: 4.0.5 - missing functions: none
symbol engine: initialized successfully - sym options: 0x614 - pdb path: .;C:\Program Files\AdoptOpenJDK\jdk-11.0.8.10-hotspot\bin;C:\WINDOWS\SYSTEM32;C:\WINDOWS\WinSxS\amd64_microsoft.windows.common-controls_6595b64144ccf1df_6.0.19041.1110_none_60b5254171f9507e;C:\Program Files\AdoptOpenJDK\jdk-11.0.8.10-hotspot\bin\server;D:\IntelliJ IDEA 2021.1\bin;D:\apache-tomcat-9.0.37\bin

VM Arguments:
jvm_args: -javaagent:D:\IntelliJ IDEA 2021.1\lib\idea_rt.jar=55536:D:\IntelliJ IDEA 2021.1\bin -Dfile.encoding=UTF-8 
java_command: com.example.demo.SpringbootProjectApplication
java_class_path (initial): C:\Users\Admin\eclipse-workspace\Springboot_project\target\classes;C:\Users\Admin\.m2\repository\org\springframework\boot\spring-boot-starter-security\2.4.5\spring-boot-starter-security-2.4.5.jar;C:\Users\Admin\.m2\repository\org\springframework\boot\spring-boot-starter\2.4.5\spring-boot-starter-2.4.5.jar;C:\Users\Admin\.m2\repository\org\springframework\boot\spring-boot-starter-logging\2.4.5\spring-boot-starter-logging-2.4.5.jar;C:\Users\Admin\.m2\repository\ch\qos\logback\logback-classic\1.2.3\logback-classic-1.2.3.jar;C:\Users\Admin\.m2\repository\ch\qos\logback\logback-core\1.2.3\logback-core-1.2.3.jar;C:\Users\Admin\.m2\repository\org\apache\logging\log4j\log4j-to-slf4j\2.13.3\log4j-to-slf4j-2.13.3.jar;C:\Users\Admin\.m2\repository\org\apache\logging\log4j\log4j-api\2.13.3\log4j-api-2.13.3.jar;C:\Users\Admin\.m2\repository\org\slf4j\jul-to-slf4j\1.7.30\jul-to-slf4j-1.7.30.jar;C:\Users\Admin\.m2\repository\jakarta\annotation\jakarta.annotation-api\1.3.5\jakarta.annotation-api-1.3.5.jar;C:\Users\Admin\.m2\repository\org\yaml\snakeyaml\1.27\snakeyaml-1.27.jar;C:\Users\Admin\.m2\repository\org\springframework\spring-aop\5.3.6\spring-aop-5.3.6.jar;C:\Users\Admin\.m2\repository\org\springframework\spring-beans\5.3.6\spring-beans-5.3.6.jar;C:\Users\Admin\.m2\repository\org\springframework\security\spring-security-config\5.4.6\spring-security-config-5.4.6.jar;C:\Users\Admin\.m2\repository\org\springframework\spring-context\5.3.6\spring-context-5.3.6.jar;C:\Users\Admin\.m2\repository\org\springframework\security\spring-security-web\5.4.6\spring-security-web-5.4.6.jar;C:\Users\Admin\.m2\repository\org\springframework\spring-expression\5.3.6\spring-expression-5.3.6.jar;C:\Users\Admin\.m2\repository\org\springframework\boot\spring-boot-starter-thymeleaf\2.4.5\spring-boot-starter-thymeleaf-2.4.5.jar;C:\Users\Admin\.m2\repository\org\thymeleaf\thymeleaf-spring5\3.0.12.RELEASE\thymeleaf-spring5-3.0.12.RELEASE.jar;C:\Users\Admin\.m2\repository\org\
Launcher Type: SUN_STANDARD

[Global flags]
     intx CICompilerCount                          = 4                                         {product} {ergonomic}
     uint ConcGCThreads                            = 2                                         {product} {ergonomic}
     uint G1ConcRefinementThreads                  = 8                                         {product} {ergonomic}
   size_t G1HeapRegionSize                         = 1048576                                   {product} {ergonomic}
    uintx GCDrainStackTargetSize                   = 64                                        {product} {ergonomic}
   size_t InitialHeapSize                          = 134217728                                 {product} {ergonomic}
   size_t MarkStackSize                            = 4194304                                   {product} {ergonomic}
   size_t MaxHeapSize                              = 2118123520                                {product} {ergonomic}
   size_t MaxNewSize                               = 1270874112                                {product} {ergonomic}
   size_t MinHeapDeltaBytes                        = 1048576                                   {product} {ergonomic}
    uintx NonNMethodCodeHeapSize                   = 5836300                                {pd product} {ergonomic}
    uintx NonProfiledCodeHeapSize                  = 122910970                              {pd product} {ergonomic}
    uintx ProfiledCodeHeapSize                     = 122910970                              {pd product} {ergonomic}
    uintx ReservedCodeCacheSize                    = 251658240                              {pd product} {ergonomic}
     bool SegmentedCodeCache                       = true                                      {product} {ergonomic}
     bool UseCompressedClassPointers               = true                                 {lp64_product} {ergonomic}
     bool UseCompressedOops                        = true                                 {lp64_product} {ergonomic}
     bool UseG1GC                                  = true                                      {product} {ergonomic}
     bool UseLargePagesIndividualAllocation        = false                                  {pd product} {ergonomic}

Logging:
Log output configuration:
 #0: stdout all=warning uptime,level,tags
 #1: stderr all=off uptime,level,tags

Environment Variables:
JAVA_HOME=C:\Program Files\AdoptOpenJDK\jdk-11.0.8.10-hotspot\
PATH=C:\Program Files\AdoptOpenJDK\jdk-11.0.8.10-hotspot\bin;C:\WINDOWS\system32;C:\WINDOWS;C:\WINDOWS\System32\Wbem;C:\WINDOWS\System32\WindowsPowerShell\v1.0\;C:\WINDOWS\System32\OpenSSH\;C:\Program Files (x86)\Microsoft SQL Server\110\Tools\Binn\ManagementStudio\;C:\Program Files (x86)\Microsoft SQL Server\110\Tools\Binn\;C:\Program Files\Microsoft SQL Server\110\Tools\Binn\;C:\Program Files (x86)\Microsoft SQL Server\110\DTS\Binn\;C:\Program Files\Microsoft SQL Server\Client SDK\ODBC\110\Tools\Binn\;C:\Program Files (x86)\Microsoft SQL Server\120\Tools\Binn\;C:\Program Files\Microsoft SQL Server\120\Tools\Binn\;C:\Program Files\Microsoft SQL Server\120\DTS\Binn\;C:\Program Files (x86)\Microsoft SQL Server\120\Tools\Binn\ManagementStudio\;C:\Program Files (x86)\Microsoft SQL Server\120\DTS\Binn\;C:\Users\Admin\Downloads\apache-maven-3.6.0;C:\Users\Admin\Downloads\apache-maven-3.6.0\bin;C:\Program Files\NVIDIA Corporation\NVIDIA NvDLISR;C:\Program Files (x86)\NVIDIA Corporation\PhysX\Common;C:\Users\Admin\Downloads\apache-maven-3.6.0\bin;C:\Program Files\nodejs\;C:\Program Files\Git\cmd;C:\WINDOWS\system32;C:\WINDOWS;C:\WINDOWS\System32\Wbem;C:\WINDOWS\System32\WindowsPowerShell\v1.0\;C:\WINDOWS\System32\OpenSSH\;C:\Users\Admin\AppData\Local\Microsoft\WindowsApps;C:\Users\Admin\AppData\Local\Programs\Microsoft VS Code\bin;D:\apache-tomcat-9.0.37\bin;C:\Users\Admin\AppData\Roaming\npm;
USERNAME=Admin
OS=Windows_NT
PROCESSOR_IDENTIFIER=Intel64 Family 6 Model 158 Stepping 10, GenuineIntel



---------------  S Y S T E M  ---------------

OS: Windows 10 , 64 bit Build 19041 (10.0.19041.1202)
OS uptime: 0 days 22:16 hours

CPU:total 8 (initial active 8) (4 cores per cpu, 2 threads per core) family 6 model 158 stepping 10, cmov, cx8, fxsr, mmx, sse, sse2, sse3, ssse3, sse4.1, sse4.2, popcnt, avx, avx2, aes, clmul, erms, 3dnowpref, lzcnt, ht, tsc, tscinvbit, bmi1, bmi2, adx, fma

Memory: 4k page, system-wide physical 8072M (747M free)
TotalPageFile size 12168M (AvailPageFile size 5M)
current process WorkingSet (physical memory assigned to process): 373M, peak: 400M
current process commit charge ("private bytes"): 445M, peak: 466M

vm_info: OpenJDK 64-Bit Server VM (11.0.8+10) for windows-amd64 JRE (11.0.8+10), built on Jul 15 2020 11:45:54 by "" with MS VC++ 15.9 (VS2017)

END.
