#
# There is insufficient memory for the Java Runtime Environment to continue.
# Native memory allocation (malloc) failed to allocate 800496 bytes for Chunk::new
# Possible reasons:
#   The system is out of physical RAM or swap space
#   The process is running with CompressedOops enabled, and the Java Heap may be blocking the growth of the native heap
# Possible solutions:
#   Reduce memory load on the system
#   Increase physical memory or swap space
#   Check if swap backing store is full
#   Decrease Java heap size (-Xmx/-Xms)
#   Decrease number of Java threads
#   Decrease Java thread stack sizes (-Xss)
#   Set larger code cache with -XX:ReservedCodeCacheSize=
#   JVM is running with Unscaled Compressed Oops mode in which the Java heap is
#     placed in the first 4GB address space. The Java Heap base address is the
#     maximum limit for the native heap growth. Please use -XX:HeapBaseMinAddress
#     to set the Java Heap base and to place the Java Heap above 4GB virtual address.
# This output file may be truncated or incomplete.
#
#  Out of Memory Error (./src/hotspot/share/memory/arena.cpp:197), pid=10044, tid=11028
#
# JRE version: OpenJDK Runtime Environment AdoptOpenJDK (11.0.8+10) (build 11.0.8+10)
# Java VM: OpenJDK 64-Bit Server VM AdoptOpenJDK (11.0.8+10, mixed mode, tiered, compressed oops, g1 gc, windows-amd64)
# No core dump will be written. Minidumps are not enabled by default on client versions of Windows
#

---------------  S U M M A R Y ------------

Command Line: -javaagent:D:\IntelliJ IDEA 2021.1\lib\idea_rt.jar=58093:D:\IntelliJ IDEA 2021.1\bin -Dfile.encoding=UTF-8 com.example.demo.SpringbootProjectApplication

Host: Intel(R) Core(TM) i5-9300H CPU @ 2.40GHz, 8 cores, 7G,  Windows 10 , 64 bit Build 19041 (10.0.19041.1202)
Time: Mon Oct 25 14:48:32 2021 SE Asia Standard Time elapsed time: 135 seconds (0d 0h 2m 15s)

---------------  T H R E A D  ---------------

Current thread (0x0000024a7ecb5000):  JavaThread "C2 CompilerThread0" daemon [_thread_in_native, id=11028, stack(0x000000e906700000,0x000000e906800000)]


Current CompileTask:
C2: 135359 7636       4       org.springframework.util.AntPathMatcher::doMatch (619 bytes)

Stack: [0x000000e906700000,0x000000e906800000]
Native frames: (J=compiled Java code, j=interpreted, Vv=VM code, C=native code)
V  [jvm.dll+0x5dfa5a]
V  [jvm.dll+0x7175ce]
V  [jvm.dll+0x718c9f]
V  [jvm.dll+0x719363]
V  [jvm.dll+0x240e48]
V  [jvm.dll+0xb96ac]
V  [jvm.dll+0xb9dac]
V  [jvm.dll+0x2b0804]
V  [jvm.dll+0x500086]
V  [jvm.dll+0x1fc0d7]
V  [jvm.dll+0x1f99bf]
V  [jvm.dll+0x17e4ec]
V  [jvm.dll+0x208f27]
V  [jvm.dll+0x20710b]
V  [jvm.dll+0x6dc339]
V  [jvm.dll+0x6d53e4]
V  [jvm.dll+0x5de996]
C  [ucrtbase.dll+0x21bb2]
C  [KERNEL32.DLL+0x17034]
C  [ntdll.dll+0x52651]


---------------  P R O C E S S  ---------------

Threads class SMR info:
_java_thread_list=0x0000024a0695e420, length=32, elements={
0x0000024a7ec9c000, 0x0000024a7eca5000, 0x0000024a7ecb2800, 0x0000024a7ecb3800,
0x0000024a7ecb5000, 0x0000024a7f605800, 0x0000024a7f607000, 0x0000024a7f76b800,
0x0000024a00064800, 0x0000024a7f8b4800, 0x0000024a06bd5800, 0x0000024a062a3800,
0x0000024a049bc000, 0x0000024a049bf800, 0x0000024a049be000, 0x0000024a049c0000,
0x0000024a049bd000, 0x0000024a049ba800, 0x0000024a049c1000, 0x0000024a049bb800,
0x0000024a03f71000, 0x0000024a03f73000, 0x0000024a03f70800, 0x0000024a03f73800,
0x0000024a03f6e000, 0x0000024a03f74800, 0x0000024a03f72000, 0x0000024a03f6f000,
0x0000024a03f75800, 0x0000024a03f6f800, 0x0000024a03f7c000, 0x0000024a03f79800
}

Java Threads: ( => current thread )
  0x0000024a7ec9c000 JavaThread "Reference Handler" daemon [_thread_blocked, id=16672, stack(0x000000e906300000,0x000000e906400000)]
  0x0000024a7eca5000 JavaThread "Finalizer" daemon [_thread_blocked, id=1360, stack(0x000000e906400000,0x000000e906500000)]
  0x0000024a7ecb2800 JavaThread "Signal Dispatcher" daemon [_thread_blocked, id=15036, stack(0x000000e906500000,0x000000e906600000)]
  0x0000024a7ecb3800 JavaThread "Attach Listener" daemon [_thread_blocked, id=10956, stack(0x000000e906600000,0x000000e906700000)]
=>0x0000024a7ecb5000 JavaThread "C2 CompilerThread0" daemon [_thread_in_native, id=11028, stack(0x000000e906700000,0x000000e906800000)]
  0x0000024a7f605800 JavaThread "C1 CompilerThread0" daemon [_thread_blocked, id=18972, stack(0x000000e906800000,0x000000e906900000)]
  0x0000024a7f607000 JavaThread "Sweeper thread" daemon [_thread_blocked, id=18816, stack(0x000000e906900000,0x000000e906a00000)]
  0x0000024a7f76b800 JavaThread "Common-Cleaner" daemon [_thread_blocked, id=9304, stack(0x000000e906a00000,0x000000e906b00000)]
  0x0000024a00064800 JavaThread "Monitor Ctrl-Break" daemon [_thread_in_native, id=5492, stack(0x000000e906c00000,0x000000e906d00000)]
  0x0000024a7f8b4800 JavaThread "Service Thread" daemon [_thread_blocked, id=16440, stack(0x000000e906d00000,0x000000e906e00000)]
  0x0000024a06bd5800 JavaThread "mssql-jdbc-shared-timer-core-0" daemon [_thread_blocked, id=13780, stack(0x000000e907b00000,0x000000e907c00000)]
  0x0000024a062a3800 JavaThread "HikariPool-1 housekeeper" daemon [_thread_blocked, id=7392, stack(0x000000e907c00000,0x000000e907d00000)]
  0x0000024a049bc000 JavaThread "Catalina-utility-1" [_thread_blocked, id=9648, stack(0x000000e905b00000,0x000000e905c00000)]
  0x0000024a049bf800 JavaThread "Catalina-utility-2" [_thread_blocked, id=5944, stack(0x000000e907e00000,0x000000e907f00000)]
  0x0000024a049be000 JavaThread "container-0" [_thread_blocked, id=7996, stack(0x000000e907f00000,0x000000e908000000)]
  0x0000024a049c0000 JavaThread "File Watcher" daemon [_thread_blocked, id=19980, stack(0x000000e907d00000,0x000000e907e00000)]
  0x0000024a049bd000 JavaThread "Live Reload Server" daemon [_thread_in_native, id=17608, stack(0x000000e908100000,0x000000e908200000)]
  0x0000024a049ba800 JavaThread "http-nio-6789-BlockPoller" daemon [_thread_in_native, id=6472, stack(0x000000e908000000,0x000000e908100000)]
  0x0000024a049c1000 JavaThread "http-nio-6789-exec-1" daemon [_thread_blocked, id=14452, stack(0x000000e908200000,0x000000e908300000)]
  0x0000024a049bb800 JavaThread "http-nio-6789-exec-2" daemon [_thread_blocked, id=6628, stack(0x000000e908300000,0x000000e908400000)]
  0x0000024a03f71000 JavaThread "http-nio-6789-exec-3" daemon [_thread_blocked, id=12640, stack(0x000000e908400000,0x000000e908500000)]
  0x0000024a03f73000 JavaThread "http-nio-6789-exec-4" daemon [_thread_blocked, id=3672, stack(0x000000e908500000,0x000000e908600000)]
  0x0000024a03f70800 JavaThread "http-nio-6789-exec-5" daemon [_thread_blocked, id=19328, stack(0x000000e908600000,0x000000e908700000)]
  0x0000024a03f73800 JavaThread "http-nio-6789-exec-6" daemon [_thread_blocked, id=17884, stack(0x000000e908700000,0x000000e908800000)]
  0x0000024a03f6e000 JavaThread "http-nio-6789-exec-7" daemon [_thread_blocked, id=944, stack(0x000000e908800000,0x000000e908900000)]
  0x0000024a03f74800 JavaThread "http-nio-6789-exec-8" daemon [_thread_blocked, id=264, stack(0x000000e908900000,0x000000e908a00000)]
  0x0000024a03f72000 JavaThread "http-nio-6789-exec-9" daemon [_thread_blocked, id=18064, stack(0x000000e908a00000,0x000000e908b00000)]
  0x0000024a03f6f000 JavaThread "http-nio-6789-exec-10" daemon [_thread_blocked, id=10428, stack(0x000000e908b00000,0x000000e908c00000)]
  0x0000024a03f75800 JavaThread "http-nio-6789-ClientPoller" daemon [_thread_in_native, id=8388, stack(0x000000e908c00000,0x000000e908d00000)]
  0x0000024a03f6f800 JavaThread "http-nio-6789-Acceptor" daemon [_thread_in_native, id=14476, stack(0x000000e908d00000,0x000000e908e00000)]
  0x0000024a03f7c000 JavaThread "DestroyJavaVM" [_thread_blocked, id=6812, stack(0x000000e905c00000,0x000000e905d00000)]
  0x0000024a03f79800 JavaThread "C2 CompilerThread1" daemon [_thread_in_native, id=5396, stack(0x000000e905900000,0x000000e905a00000)]

Other Threads:
  0x0000024a7ec78000 VMThread "VM Thread" [stack: 0x000000e906200000,0x000000e906300000] [id=5524]
  0x0000024a7f8b5800 WatcherThread [stack: 0x000000e906e00000,0x000000e906f00000] [id=11484]
  0x0000024a5fd94800 GCTaskThread "GC Thread#0" [stack: 0x000000e905d00000,0x000000e905e00000] [id=19744]
  0x0000024a00a68800 GCTaskThread "GC Thread#1" [stack: 0x000000e906f00000,0x000000e907000000] [id=12416]
  0x0000024a009a2000 GCTaskThread "GC Thread#2" [stack: 0x000000e907000000,0x000000e907100000] [id=4688]
  0x0000024a00f46800 GCTaskThread "GC Thread#3" [stack: 0x000000e907400000,0x000000e907500000] [id=19672]
  0x0000024a00eb2000 GCTaskThread "GC Thread#4" [stack: 0x000000e907500000,0x000000e907600000] [id=3388]
  0x0000024a00ae6000 GCTaskThread "GC Thread#5" [stack: 0x000000e907600000,0x000000e907700000] [id=11404]
  0x0000024a00e13000 GCTaskThread "GC Thread#6" [stack: 0x000000e907700000,0x000000e907800000] [id=9324]
  0x0000024a00b26800 GCTaskThread "GC Thread#7" [stack: 0x000000e907800000,0x000000e907900000] [id=14344]
  0x0000024a5fdc3000 ConcurrentGCThread "G1 Main Marker" [stack: 0x000000e905e00000,0x000000e905f00000] [id=13952]
  0x0000024a5fdc4800 ConcurrentGCThread "G1 Conc#0" [stack: 0x000000e905f00000,0x000000e906000000] [id=17760]
  0x0000024a01fc6800 ConcurrentGCThread "G1 Conc#1" [stack: 0x000000e907900000,0x000000e907a00000] [id=6896]
  0x0000024a7ead8800 ConcurrentGCThread "G1 Refine#0" [stack: 0x000000e906000000,0x000000e906100000] [id=10036]
  0x0000024a7ead9000 ConcurrentGCThread "G1 Young RemSet Sampling" [stack: 0x000000e906100000,0x000000e906200000] [id=9948]

Threads with active compile tasks:
C2 CompilerThread0 135392 7636       4       org.springframework.util.AntPathMatcher::doMatch (619 bytes)
C2 CompilerThread1 135392 7635       4       org.springframework.util.AntPathMatcher::tokenizePattern (91 bytes)

VM state:not at safepoint (normal execution)

VM Mutex/Monitor currently owned by a thread: None

Heap address: 0x0000000081c00000, size: 2020 MB, Compressed Oops mode: 32-bit
Narrow klass base: 0x0000000000000000, Narrow klass shift: 3
Compressed class space size: 1073741824 Address: 0x0000000100000000

Heap:
 garbage-first heap   total 157696K, used 71082K [0x0000000081c00000, 0x0000000100000000)
  region size 1024K, 51 young (52224K), 11 survivors (11264K)
 Metaspace       used 80574K, capacity 82522K, committed 82688K, reserved 1120256K
  class space    used 10205K, capacity 10956K, committed 11008K, reserved 1048576K
Heap Regions: E=young(eden), S=young(survivor), O=old, HS=humongous(starts), HC=humongous(continues), CS=collection set, F=free, A=archive, TAMS=top-at-mark-start (previous, next)
|   0|0x0000000081c00000, 0x0000000081d00000, 0x0000000081d00000|100%|HS|  |TAMS 0x0000000081d00000, 0x0000000081c00000| Complete 
|   1|0x0000000081d00000, 0x0000000081e00000, 0x0000000081e00000|100%| O|  |TAMS 0x0000000081e00000, 0x0000000081d00000| Untracked 
|   2|0x0000000081e00000, 0x0000000081f00000, 0x0000000081f00000|100%| O|  |TAMS 0x0000000081f00000, 0x0000000081e00000| Untracked 
|   3|0x0000000081f00000, 0x0000000082000000, 0x0000000082000000|100%| O|  |TAMS 0x0000000082000000, 0x0000000081f00000| Untracked 
|   4|0x0000000082000000, 0x0000000082100000, 0x0000000082100000|100%| O|  |TAMS 0x0000000082100000, 0x0000000082000000| Untracked 
|   5|0x0000000082100000, 0x0000000082200000, 0x0000000082200000|100%| O|  |TAMS 0x0000000082200000, 0x0000000082100000| Untracked 
|   6|0x0000000082200000, 0x0000000082300000, 0x0000000082300000|100%| O|  |TAMS 0x0000000082300000, 0x0000000082200000| Untracked 
|   7|0x0000000082300000, 0x0000000082400000, 0x0000000082400000|100%| O|  |TAMS 0x0000000082400000, 0x0000000082300000| Untracked 
|   8|0x0000000082400000, 0x0000000082500000, 0x0000000082500000|100%| O|  |TAMS 0x0000000082500000, 0x0000000082400000| Untracked 
|   9|0x0000000082500000, 0x0000000082600000, 0x0000000082600000|100%| O|  |TAMS 0x0000000082600000, 0x0000000082500000| Untracked 
|  10|0x0000000082600000, 0x0000000082700000, 0x0000000082700000|100%| O|  |TAMS 0x0000000082700000, 0x0000000082600000| Untracked 
|  11|0x0000000082700000, 0x0000000082800000, 0x0000000082800000|100%| O|  |TAMS 0x0000000082800000, 0x0000000082700000| Untracked 
|  12|0x0000000082800000, 0x0000000082900000, 0x0000000082900000|100%| O|  |TAMS 0x0000000082900000, 0x0000000082800000| Untracked 
|  13|0x0000000082900000, 0x0000000082a00000, 0x0000000082a00000|100%| O|  |TAMS 0x0000000082a00000, 0x0000000082900000| Untracked 
|  14|0x0000000082a00000, 0x0000000082b00000, 0x0000000082b00000|100%| O|  |TAMS 0x0000000082abcc00, 0x0000000082a00000| Untracked 
|  15|0x0000000082b00000, 0x0000000082c00000, 0x0000000082c00000|100%| O|  |TAMS 0x0000000082b00000, 0x0000000082b00000| Untracked 
|  16|0x0000000082c00000, 0x0000000082d00000, 0x0000000082d00000|100%| O|  |TAMS 0x0000000082c00000, 0x0000000082c00000| Untracked 
|  17|0x0000000082d00000, 0x0000000082e00000, 0x0000000082e00000|100%| O|  |TAMS 0x0000000082d00000, 0x0000000082d00000| Untracked 
|  18|0x0000000082e00000, 0x0000000082f00000, 0x0000000082f00000|100%| O|  |TAMS 0x0000000082e00000, 0x0000000082e00000| Untracked 
|  19|0x0000000082f00000, 0x0000000082f6a800, 0x0000000083000000| 41%| O|  |TAMS 0x0000000082f00000, 0x0000000082f00000| Untracked 
|  20|0x0000000083000000, 0x0000000083000000, 0x0000000083100000|  0%| F|  |TAMS 0x0000000083000000, 0x0000000083000000| Untracked 
|  21|0x0000000083100000, 0x0000000083100000, 0x0000000083200000|  0%| F|  |TAMS 0x0000000083100000, 0x0000000083100000| Untracked 
|  22|0x0000000083200000, 0x0000000083200000, 0x0000000083300000|  0%| F|  |TAMS 0x0000000083200000, 0x0000000083200000| Untracked 
|  23|0x0000000083300000, 0x0000000083300000, 0x0000000083400000|  0%| F|  |TAMS 0x0000000083300000, 0x0000000083300000| Untracked 
|  24|0x0000000083400000, 0x0000000083400000, 0x0000000083500000|  0%| F|  |TAMS 0x0000000083400000, 0x0000000083400000| Untracked 
|  25|0x0000000083500000, 0x0000000083500000, 0x0000000083600000|  0%| F|  |TAMS 0x0000000083500000, 0x0000000083500000| Untracked 
|  26|0x0000000083600000, 0x0000000083600000, 0x0000000083700000|  0%| F|  |TAMS 0x0000000083600000, 0x0000000083600000| Untracked 
|  27|0x0000000083700000, 0x0000000083700000, 0x0000000083800000|  0%| F|  |TAMS 0x0000000083700000, 0x0000000083700000| Untracked 
|  28|0x0000000083800000, 0x0000000083800000, 0x0000000083900000|  0%| F|  |TAMS 0x0000000083800000, 0x0000000083800000| Untracked 
|  29|0x0000000083900000, 0x0000000083900000, 0x0000000083a00000|  0%| F|  |TAMS 0x0000000083900000, 0x0000000083900000| Untracked 
|  30|0x0000000083a00000, 0x0000000083a00000, 0x0000000083b00000|  0%| F|  |TAMS 0x0000000083a00000, 0x0000000083a00000| Untracked 
|  31|0x0000000083b00000, 0x0000000083b00000, 0x0000000083c00000|  0%| F|  |TAMS 0x0000000083b00000, 0x0000000083b00000| Untracked 
|  32|0x0000000083c00000, 0x0000000083c00000, 0x0000000083d00000|  0%| F|  |TAMS 0x0000000083c00000, 0x0000000083c00000| Untracked 
|  33|0x0000000083d00000, 0x0000000083d00000, 0x0000000083e00000|  0%| F|  |TAMS 0x0000000083d00000, 0x0000000083d00000| Untracked 
|  34|0x0000000083e00000, 0x0000000083e00000, 0x0000000083f00000|  0%| F|  |TAMS 0x0000000083e00000, 0x0000000083e00000| Untracked 
|  35|0x0000000083f00000, 0x0000000083f00000, 0x0000000084000000|  0%| F|  |TAMS 0x0000000083f00000, 0x0000000083f00000| Untracked 
|  36|0x0000000084000000, 0x0000000084000000, 0x0000000084100000|  0%| F|  |TAMS 0x0000000084000000, 0x0000000084000000| Untracked 
|  37|0x0000000084100000, 0x0000000084100000, 0x0000000084200000|  0%| F|  |TAMS 0x0000000084100000, 0x0000000084100000| Untracked 
|  38|0x0000000084200000, 0x0000000084200000, 0x0000000084300000|  0%| F|  |TAMS 0x0000000084200000, 0x0000000084200000| Untracked 
|  39|0x0000000084300000, 0x0000000084300000, 0x0000000084400000|  0%| F|  |TAMS 0x0000000084300000, 0x0000000084300000| Untracked 
|  40|0x0000000084400000, 0x0000000084400000, 0x0000000084500000|  0%| F|  |TAMS 0x0000000084400000, 0x0000000084400000| Untracked 
|  41|0x0000000084500000, 0x0000000084500000, 0x0000000084600000|  0%| F|  |TAMS 0x0000000084500000, 0x0000000084500000| Untracked 
|  42|0x0000000084600000, 0x0000000084600000, 0x0000000084700000|  0%| F|  |TAMS 0x0000000084600000, 0x0000000084600000| Untracked 
|  43|0x0000000084700000, 0x0000000084700000, 0x0000000084800000|  0%| F|  |TAMS 0x0000000084700000, 0x0000000084700000| Untracked 
|  44|0x0000000084800000, 0x0000000084800000, 0x0000000084900000|  0%| F|  |TAMS 0x0000000084800000, 0x0000000084800000| Untracked 
|  45|0x0000000084900000, 0x0000000084900000, 0x0000000084a00000|  0%| F|  |TAMS 0x0000000084900000, 0x0000000084900000| Untracked 
|  46|0x0000000084a00000, 0x0000000084a00000, 0x0000000084b00000|  0%| F|  |TAMS 0x0000000084a00000, 0x0000000084a00000| Untracked 
|  47|0x0000000084b00000, 0x0000000084b00000, 0x0000000084c00000|  0%| F|  |TAMS 0x0000000084b00000, 0x0000000084b00000| Untracked 
|  48|0x0000000084c00000, 0x0000000084c00000, 0x0000000084d00000|  0%| F|  |TAMS 0x0000000084c00000, 0x0000000084c00000| Untracked 
|  49|0x0000000084d00000, 0x0000000084d00000, 0x0000000084e00000|  0%| F|  |TAMS 0x0000000084d00000, 0x0000000084d00000| Untracked 
|  50|0x0000000084e00000, 0x0000000084e00000, 0x0000000084f00000|  0%| F|  |TAMS 0x0000000084e00000, 0x0000000084e00000| Untracked 
|  51|0x0000000084f00000, 0x0000000085000000, 0x0000000085000000|100%| S|CS|TAMS 0x0000000084f00000, 0x0000000084f00000| Complete 
|  52|0x0000000085000000, 0x0000000085100000, 0x0000000085100000|100%| S|CS|TAMS 0x0000000085000000, 0x0000000085000000| Complete 
|  53|0x0000000085100000, 0x0000000085200000, 0x0000000085200000|100%| S|CS|TAMS 0x0000000085100000, 0x0000000085100000| Complete 
|  54|0x0000000085200000, 0x0000000085300000, 0x0000000085300000|100%| S|CS|TAMS 0x0000000085200000, 0x0000000085200000| Complete 
|  55|0x0000000085300000, 0x0000000085300000, 0x0000000085400000|  0%| F|  |TAMS 0x0000000085300000, 0x0000000085300000| Untracked 
|  56|0x0000000085400000, 0x0000000085400000, 0x0000000085500000|  0%| F|  |TAMS 0x0000000085400000, 0x0000000085400000| Untracked 
|  57|0x0000000085500000, 0x0000000085500000, 0x0000000085600000|  0%| F|  |TAMS 0x0000000085500000, 0x0000000085500000| Untracked 
|  58|0x0000000085600000, 0x0000000085600000, 0x0000000085700000|  0%| F|  |TAMS 0x0000000085600000, 0x0000000085600000| Untracked 
|  59|0x0000000085700000, 0x0000000085700000, 0x0000000085800000|  0%| F|  |TAMS 0x0000000085700000, 0x0000000085700000| Untracked 
|  60|0x0000000085800000, 0x0000000085800000, 0x0000000085900000|  0%| F|  |TAMS 0x0000000085800000, 0x0000000085800000| Untracked 
|  61|0x0000000085900000, 0x0000000085900000, 0x0000000085a00000|  0%| F|  |TAMS 0x0000000085900000, 0x0000000085900000| Untracked 
|  62|0x0000000085a00000, 0x0000000085b00000, 0x0000000085b00000|100%| S|CS|TAMS 0x0000000085a00000, 0x0000000085a00000| Complete 
|  63|0x0000000085b00000, 0x0000000085c00000, 0x0000000085c00000|100%| S|CS|TAMS 0x0000000085b00000, 0x0000000085b00000| Complete 
|  64|0x0000000085c00000, 0x0000000085d00000, 0x0000000085d00000|100%| S|CS|TAMS 0x0000000085c00000, 0x0000000085c00000| Complete 
|  65|0x0000000085d00000, 0x0000000085e00000, 0x0000000085e00000|100%| S|CS|TAMS 0x0000000085d00000, 0x0000000085d00000| Complete 
|  66|0x0000000085e00000, 0x0000000085f00000, 0x0000000085f00000|100%| S|CS|TAMS 0x0000000085e00000, 0x0000000085e00000| Complete 
|  67|0x0000000085f00000, 0x0000000086000000, 0x0000000086000000|100%| S|CS|TAMS 0x0000000085f00000, 0x0000000085f00000| Complete 
|  68|0x0000000086000000, 0x0000000086100000, 0x0000000086100000|100%| S|CS|TAMS 0x0000000086000000, 0x0000000086000000| Complete 
|  69|0x0000000086100000, 0x0000000086100000, 0x0000000086200000|  0%| F|  |TAMS 0x0000000086100000, 0x0000000086100000| Untracked 
|  70|0x0000000086200000, 0x0000000086200000, 0x0000000086300000|  0%| F|  |TAMS 0x0000000086200000, 0x0000000086200000| Untracked 
|  71|0x0000000086300000, 0x0000000086300000, 0x0000000086400000|  0%| F|  |TAMS 0x0000000086300000, 0x0000000086300000| Untracked 
|  72|0x0000000086400000, 0x0000000086400000, 0x0000000086500000|  0%| F|  |TAMS 0x0000000086400000, 0x0000000086400000| Untracked 
|  73|0x0000000086500000, 0x0000000086500000, 0x0000000086600000|  0%| F|  |TAMS 0x0000000086500000, 0x0000000086500000| Untracked 
|  74|0x0000000086600000, 0x0000000086600000, 0x0000000086700000|  0%| F|  |TAMS 0x0000000086600000, 0x0000000086600000| Untracked 
|  75|0x0000000086700000, 0x0000000086700000, 0x0000000086800000|  0%| F|  |TAMS 0x0000000086700000, 0x0000000086700000| Untracked 
|  76|0x0000000086800000, 0x0000000086800000, 0x0000000086900000|  0%| F|  |TAMS 0x0000000086800000, 0x0000000086800000| Untracked 
|  77|0x0000000086900000, 0x0000000086900000, 0x0000000086a00000|  0%| F|  |TAMS 0x0000000086900000, 0x0000000086900000| Untracked 
|  78|0x0000000086a00000, 0x0000000086a00000, 0x0000000086b00000|  0%| F|  |TAMS 0x0000000086a00000, 0x0000000086a00000| Untracked 
|  79|0x0000000086b00000, 0x0000000086b00000, 0x0000000086c00000|  0%| F|  |TAMS 0x0000000086b00000, 0x0000000086b00000| Untracked 
|  80|0x0000000086c00000, 0x0000000086c00000, 0x0000000086d00000|  0%| F|  |TAMS 0x0000000086c00000, 0x0000000086c00000| Untracked 
|  81|0x0000000086d00000, 0x0000000086d00000, 0x0000000086e00000|  0%| F|  |TAMS 0x0000000086d00000, 0x0000000086d00000| Untracked 
|  82|0x0000000086e00000, 0x0000000086e00000, 0x0000000086f00000|  0%| F|  |TAMS 0x0000000086e00000, 0x0000000086e00000| Untracked 
|  83|0x0000000086f00000, 0x0000000086f00000, 0x0000000087000000|  0%| F|  |TAMS 0x0000000086f00000, 0x0000000086f00000| Untracked 
|  84|0x0000000087000000, 0x0000000087000000, 0x0000000087100000|  0%| F|  |TAMS 0x0000000087000000, 0x0000000087000000| Untracked 
|  85|0x0000000087100000, 0x0000000087100000, 0x0000000087200000|  0%| F|  |TAMS 0x0000000087100000, 0x0000000087100000| Untracked 
|  86|0x0000000087200000, 0x0000000087200000, 0x0000000087300000|  0%| F|  |TAMS 0x0000000087200000, 0x0000000087200000| Untracked 
|  87|0x0000000087300000, 0x0000000087300000, 0x0000000087400000|  0%| F|  |TAMS 0x0000000087300000, 0x0000000087300000| Untracked 
|  88|0x0000000087400000, 0x0000000087400000, 0x0000000087500000|  0%| F|  |TAMS 0x0000000087400000, 0x0000000087400000| Untracked 
|  89|0x0000000087500000, 0x0000000087500000, 0x0000000087600000|  0%| F|  |TAMS 0x0000000087500000, 0x0000000087500000| Untracked 
|  90|0x0000000087600000, 0x0000000087600000, 0x0000000087700000|  0%| F|  |TAMS 0x0000000087600000, 0x0000000087600000| Untracked 
|  91|0x0000000087700000, 0x0000000087700000, 0x0000000087800000|  0%| F|  |TAMS 0x0000000087700000, 0x0000000087700000| Untracked 
|  92|0x0000000087800000, 0x0000000087800000, 0x0000000087900000|  0%| F|  |TAMS 0x0000000087800000, 0x0000000087800000| Untracked 
|  93|0x0000000087900000, 0x0000000087900000, 0x0000000087a00000|  0%| F|  |TAMS 0x0000000087900000, 0x0000000087900000| Untracked 
|  94|0x0000000087a00000, 0x0000000087a00000, 0x0000000087b00000|  0%| F|  |TAMS 0x0000000087a00000, 0x0000000087a00000| Untracked 
|  95|0x0000000087b00000, 0x0000000087b00000, 0x0000000087c00000|  0%| F|  |TAMS 0x0000000087b00000, 0x0000000087b00000| Untracked 
|  96|0x0000000087c00000, 0x0000000087c00000, 0x0000000087d00000|  0%| F|  |TAMS 0x0000000087c00000, 0x0000000087c00000| Untracked 
|  97|0x0000000087d00000, 0x0000000087d00000, 0x0000000087e00000|  0%| F|  |TAMS 0x0000000087d00000, 0x0000000087d00000| Untracked 
|  98|0x0000000087e00000, 0x0000000087e00000, 0x0000000087f00000|  0%| F|  |TAMS 0x0000000087e00000, 0x0000000087e00000| Untracked 
|  99|0x0000000087f00000, 0x0000000087f00000, 0x0000000088000000|  0%| F|  |TAMS 0x0000000087f00000, 0x0000000087f00000| Untracked 
| 100|0x0000000088000000, 0x0000000088000000, 0x0000000088100000|  0%| F|  |TAMS 0x0000000088000000, 0x0000000088000000| Untracked 
| 101|0x0000000088100000, 0x0000000088100000, 0x0000000088200000|  0%| F|  |TAMS 0x0000000088100000, 0x0000000088100000| Untracked 
| 102|0x0000000088200000, 0x0000000088200000, 0x0000000088300000|  0%| F|  |TAMS 0x0000000088200000, 0x0000000088200000| Untracked 
| 103|0x0000000088300000, 0x0000000088300000, 0x0000000088400000|  0%| F|  |TAMS 0x0000000088300000, 0x0000000088300000| Untracked 
| 104|0x0000000088400000, 0x0000000088400000, 0x0000000088500000|  0%| F|  |TAMS 0x0000000088400000, 0x0000000088400000| Untracked 
| 105|0x0000000088500000, 0x0000000088500000, 0x0000000088600000|  0%| F|  |TAMS 0x0000000088500000, 0x0000000088500000| Untracked 
| 106|0x0000000088600000, 0x0000000088600000, 0x0000000088700000|  0%| F|  |TAMS 0x0000000088600000, 0x0000000088600000| Untracked 
| 107|0x0000000088700000, 0x0000000088700000, 0x0000000088800000|  0%| F|  |TAMS 0x0000000088700000, 0x0000000088700000| Untracked 
| 108|0x0000000088800000, 0x0000000088800000, 0x0000000088900000|  0%| F|  |TAMS 0x0000000088800000, 0x0000000088800000| Untracked 
| 109|0x0000000088900000, 0x0000000088900000, 0x0000000088a00000|  0%| F|  |TAMS 0x0000000088900000, 0x0000000088900000| Untracked 
| 110|0x0000000088a00000, 0x0000000088a00000, 0x0000000088b00000|  0%| F|  |TAMS 0x0000000088a00000, 0x0000000088a00000| Untracked 
| 111|0x0000000088b00000, 0x0000000088b00000, 0x0000000088c00000|  0%| F|  |TAMS 0x0000000088b00000, 0x0000000088b00000| Untracked 
| 112|0x0000000088c00000, 0x0000000088c00000, 0x0000000088d00000|  0%| F|  |TAMS 0x0000000088c00000, 0x0000000088c00000| Untracked 
| 113|0x0000000088d00000, 0x0000000088d00000, 0x0000000088e00000|  0%| F|  |TAMS 0x0000000088d00000, 0x0000000088d00000| Untracked 
| 114|0x0000000088e00000, 0x0000000088ecfeb8, 0x0000000088f00000| 81%| E|  |TAMS 0x0000000088e00000, 0x0000000088e00000| Complete 
| 115|0x0000000088f00000, 0x0000000089000000, 0x0000000089000000|100%| E|CS|TAMS 0x0000000088f00000, 0x0000000088f00000| Complete 
| 116|0x0000000089000000, 0x0000000089100000, 0x0000000089100000|100%| E|CS|TAMS 0x0000000089000000, 0x0000000089000000| Complete 
| 117|0x0000000089100000, 0x0000000089200000, 0x0000000089200000|100%| E|CS|TAMS 0x0000000089100000, 0x0000000089100000| Complete 
| 118|0x0000000089200000, 0x0000000089300000, 0x0000000089300000|100%| E|CS|TAMS 0x0000000089200000, 0x0000000089200000| Complete 
| 119|0x0000000089300000, 0x0000000089400000, 0x0000000089400000|100%| E|CS|TAMS 0x0000000089300000, 0x0000000089300000| Complete 
| 120|0x0000000089400000, 0x0000000089500000, 0x0000000089500000|100%| E|CS|TAMS 0x0000000089400000, 0x0000000089400000| Complete 
| 121|0x0000000089500000, 0x0000000089600000, 0x0000000089600000|100%| E|CS|TAMS 0x0000000089500000, 0x0000000089500000| Complete 
| 122|0x0000000089600000, 0x0000000089700000, 0x0000000089700000|100%| E|CS|TAMS 0x0000000089600000, 0x0000000089600000| Complete 
| 123|0x0000000089700000, 0x0000000089800000, 0x0000000089800000|100%| E|CS|TAMS 0x0000000089700000, 0x0000000089700000| Complete 
| 124|0x0000000089800000, 0x0000000089900000, 0x0000000089900000|100%| E|CS|TAMS 0x0000000089800000, 0x0000000089800000| Complete 
| 125|0x0000000089900000, 0x0000000089a00000, 0x0000000089a00000|100%| E|CS|TAMS 0x0000000089900000, 0x0000000089900000| Complete 
| 126|0x0000000089a00000, 0x0000000089b00000, 0x0000000089b00000|100%| E|CS|TAMS 0x0000000089a00000, 0x0000000089a00000| Complete 
| 127|0x0000000089b00000, 0x0000000089c00000, 0x0000000089c00000|100%| E|CS|TAMS 0x0000000089b00000, 0x0000000089b00000| Complete 
| 128|0x0000000089c00000, 0x0000000089d00000, 0x0000000089d00000|100%| E|CS|TAMS 0x0000000089c00000, 0x0000000089c00000| Complete 
| 129|0x0000000089d00000, 0x0000000089e00000, 0x0000000089e00000|100%| E|CS|TAMS 0x0000000089d00000, 0x0000000089d00000| Complete 
| 130|0x0000000089e00000, 0x0000000089f00000, 0x0000000089f00000|100%| E|CS|TAMS 0x0000000089e00000, 0x0000000089e00000| Complete 
| 131|0x0000000089f00000, 0x000000008a000000, 0x000000008a000000|100%| E|CS|TAMS 0x0000000089f00000, 0x0000000089f00000| Complete 
| 132|0x000000008a000000, 0x000000008a100000, 0x000000008a100000|100%| E|CS|TAMS 0x000000008a000000, 0x000000008a000000| Complete 
| 133|0x000000008a100000, 0x000000008a200000, 0x000000008a200000|100%| E|CS|TAMS 0x000000008a100000, 0x000000008a100000| Complete 
| 134|0x000000008a200000, 0x000000008a300000, 0x000000008a300000|100%| E|CS|TAMS 0x000000008a200000, 0x000000008a200000| Complete 
| 135|0x000000008a300000, 0x000000008a400000, 0x000000008a400000|100%| E|CS|TAMS 0x000000008a300000, 0x000000008a300000| Complete 
| 136|0x000000008a400000, 0x000000008a500000, 0x000000008a500000|100%| E|CS|TAMS 0x000000008a400000, 0x000000008a400000| Complete 
| 137|0x000000008a500000, 0x000000008a600000, 0x000000008a600000|100%| E|CS|TAMS 0x000000008a500000, 0x000000008a500000| Complete 
| 138|0x000000008a600000, 0x000000008a700000, 0x000000008a700000|100%| E|CS|TAMS 0x000000008a600000, 0x000000008a600000| Complete 
| 139|0x000000008a700000, 0x000000008a800000, 0x000000008a800000|100%| E|CS|TAMS 0x000000008a700000, 0x000000008a700000| Complete 
| 140|0x000000008a800000, 0x000000008a900000, 0x000000008a900000|100%| E|CS|TAMS 0x000000008a800000, 0x000000008a800000| Complete 
| 141|0x000000008a900000, 0x000000008aa00000, 0x000000008aa00000|100%| E|CS|TAMS 0x000000008a900000, 0x000000008a900000| Complete 
| 142|0x000000008aa00000, 0x000000008ab00000, 0x000000008ab00000|100%| E|CS|TAMS 0x000000008aa00000, 0x000000008aa00000| Complete 
| 143|0x000000008ab00000, 0x000000008ac00000, 0x000000008ac00000|100%| E|CS|TAMS 0x000000008ab00000, 0x000000008ab00000| Complete 
| 144|0x000000008ac00000, 0x000000008ad00000, 0x000000008ad00000|100%| E|CS|TAMS 0x000000008ac00000, 0x000000008ac00000| Complete 
| 145|0x000000008ad00000, 0x000000008ae00000, 0x000000008ae00000|100%| E|CS|TAMS 0x000000008ad00000, 0x000000008ad00000| Complete 
| 146|0x000000008ae00000, 0x000000008af00000, 0x000000008af00000|100%| E|CS|TAMS 0x000000008ae00000, 0x000000008ae00000| Complete 
| 147|0x000000008af00000, 0x000000008b000000, 0x000000008b000000|100%| E|CS|TAMS 0x000000008af00000, 0x000000008af00000| Complete 
| 148|0x000000008b000000, 0x000000008b100000, 0x000000008b100000|100%| E|CS|TAMS 0x000000008b000000, 0x000000008b000000| Complete 
| 149|0x000000008b100000, 0x000000008b200000, 0x000000008b200000|100%| E|CS|TAMS 0x000000008b100000, 0x000000008b100000| Complete 
| 150|0x000000008b200000, 0x000000008b300000, 0x000000008b300000|100%| E|CS|TAMS 0x000000008b200000, 0x000000008b200000| Complete 
| 151|0x000000008b300000, 0x000000008b400000, 0x000000008b400000|100%| E|CS|TAMS 0x000000008b300000, 0x000000008b300000| Complete 
| 152|0x000000008b400000, 0x000000008b500000, 0x000000008b500000|100%| E|CS|TAMS 0x000000008b400000, 0x000000008b400000| Complete 
| 153|0x000000008b500000, 0x000000008b600000, 0x000000008b600000|100%| E|CS|TAMS 0x000000008b500000, 0x000000008b500000| Complete 

Card table byte_map: [0x0000024a77b10000,0x0000024a77f10000] _byte_map_base: 0x0000024a77702000

Marking Bits (Prev, Next): (CMBitMap*) 0x0000024a5fdba7d0, (CMBitMap*) 0x0000024a5fdba798
 Prev Bits: [0x0000024a7a2a0000, 0x0000024a7c230000)
 Next Bits: [0x0000024a78310000, 0x0000024a7a2a0000)

Polling page: 0x0000024a5f550000

Metaspace:

Usage:
  Non-class:     69.89 MB capacity,    68.72 MB ( 98%) used,   949.14 KB (  1%) free+waste,   247.56 KB ( <1%) overhead. 
      Class:     10.70 MB capacity,     9.97 MB ( 93%) used,   637.04 KB (  6%) free+waste,   113.44 KB (  1%) overhead. 
       Both:     80.59 MB capacity,    78.69 MB ( 98%) used,     1.55 MB (  2%) free+waste,   361.00 KB ( <1%) overhead. 

Virtual space:
  Non-class space:       70.00 MB reserved,      70.00 MB (100%) committed 
      Class space:        1.00 GB reserved,      10.75 MB (  1%) committed 
             Both:        1.07 GB reserved,      80.75 MB (  7%) committed 

Chunk freelists:
   Non-Class:  50.00 KB
       Class:  20.00 KB
        Both:  70.00 KB

MaxMetaspaceSize: 17179869184.00 GB
CompressedClassSpaceSize: 1.00 GB

CodeHeap 'non-profiled nmethods': size=120000Kb used=5541Kb max_used=5612Kb free=114458Kb
 bounds [0x0000024a6feb0000, 0x0000024a70430000, 0x0000024a773e0000]
CodeHeap 'profiled nmethods': size=120000Kb used=15772Kb max_used=16005Kb free=104227Kb
 bounds [0x0000024a68980000, 0x0000024a69930000, 0x0000024a6feb0000]
CodeHeap 'non-nmethods': size=5760Kb used=1270Kb max_used=1343Kb free=4489Kb
 bounds [0x0000024a683e0000, 0x0000024a68650000, 0x0000024a68980000]
 total_blobs=7945 nmethods=7287 adapters=568
 compilation: enabled
              stopped_count=0, restarted_count=0
 full_count=0

Compilation events (20 events):
Event: 135.321 Thread 0x0000024a7f605800 7680       3       org.apache.tomcat.util.buf.MessageBytes::<init> (52 bytes)
Event: 135.321 Thread 0x0000024a7f605800 nmethod 7680 0x0000024a68a05790 code [0x0000024a68a05980, 0x0000024a68a05eb8]
Event: 135.321 Thread 0x0000024a7f605800 7681       3       java.nio.charset.CharsetDecoder::onUnmappableCharacter (26 bytes)
Event: 135.321 Thread 0x0000024a7f605800 nmethod 7681 0x0000024a689e2490 code [0x0000024a689e2660, 0x0000024a689e29a8]
Event: 135.321 Thread 0x0000024a7f605800 7682       3       java.nio.charset.CharsetDecoder::implOnUnmappableCharacter (1 bytes)
Event: 135.321 Thread 0x0000024a7f605800 nmethod 7682 0x0000024a689c5090 code [0x0000024a689c5240, 0x0000024a689c5338]
Event: 135.321 Thread 0x0000024a7f605800 7672       3       sun.nio.cs.ISO_8859_1$Decoder::decodeLoop (28 bytes)
Event: 135.322 Thread 0x0000024a7f605800 nmethod 7672 0x0000024a68a12890 code [0x0000024a68a12a80, 0x0000024a68a12e58]
Event: 135.322 Thread 0x0000024a7f605800 7679       1       sun.nio.ch.SelectionKeyImpl::getIndex (5 bytes)
Event: 135.322 Thread 0x0000024a7f605800 nmethod 7679 0x0000024a6fed1f10 code [0x0000024a6fed20c0, 0x0000024a6fed2178]
Event: 135.322 Thread 0x0000024a7f605800 7683       1       org.springframework.util.LinkedCaseInsensitiveMap::removeEldestEntry (2 bytes)
Event: 135.322 Thread 0x0000024a7f605800 nmethod 7683 0x0000024a6fed1c10 code [0x0000024a6fed1dc0, 0x0000024a6fed1e78]
Event: 135.322 Thread 0x0000024a7f605800 7684       1       org.apache.tomcat.util.net.NioEndpoint::access$200 (5 bytes)
Event: 135.322 Thread 0x0000024a7f605800 nmethod 7684 0x0000024a6fed1910 code [0x0000024a6fed1ac0, 0x0000024a6fed1b58]
Event: 135.322 Thread 0x0000024a7f605800 7686       3       org.apache.tomcat.util.http.MimeHeaders::values (10 bytes)
Event: 135.323 Thread 0x0000024a7f605800 nmethod 7686 0x0000024a68a12210 code [0x0000024a68a123e0, 0x0000024a68a12728]
Event: 135.353 Thread 0x0000024a03f79800 nmethod 7627 0x0000024a6ff21610 code [0x0000024a6ff218a0, 0x0000024a6ff22de8]
Event: 135.353 Thread 0x0000024a03f79800 7670       4       java.nio.ByteBuffer::position (8 bytes)
Event: 135.354 Thread 0x0000024a03f79800 nmethod 7670 0x0000024a6fed1490 code [0x0000024a6fed1620, 0x0000024a6fed16d8]
Event: 135.354 Thread 0x0000024a03f79800 7668       4       java.net.URI$Parser::scan (41 bytes)

GC Heap History (20 events):
Event: 0.979 GC heap before
{Heap before GC invocations=1 (full 0):
 garbage-first heap   total 131072K, used 57084K [0x0000000081c00000, 0x0000000100000000)
  region size 1024K, 52 young (53248K), 3 survivors (3072K)
 Metaspace       used 14444K, capacity 14723K, committed 14976K, reserved 1062912K
  class space    used 1447K, capacity 1554K, committed 1664K, reserved 1048576K
}
Event: 0.995 GC heap after
{Heap after GC invocations=2 (full 0):
 garbage-first heap   total 131072K, used 8628K [0x0000000081c00000, 0x0000000100000000)
  region size 1024K, 4 young (4096K), 4 survivors (4096K)
 Metaspace       used 14444K, capacity 14723K, committed 14976K, reserved 1062912K
  class space    used 1447K, capacity 1554K, committed 1664K, reserved 1048576K
}
Event: 1.831 GC heap before
{Heap before GC invocations=2 (full 0):
 garbage-first heap   total 131072K, used 38324K [0x0000000081c00000, 0x0000000100000000)
  region size 1024K, 35 young (35840K), 4 survivors (4096K)
 Metaspace       used 20655K, capacity 21150K, committed 21248K, reserved 1069056K
  class space    used 2299K, capacity 2484K, committed 2560K, reserved 1048576K
}
Event: 1.838 GC heap after
{Heap after GC invocations=3 (full 0):
 garbage-first heap   total 131072K, used 10453K [0x0000000081c00000, 0x0000000100000000)
  region size 1024K, 6 young (6144K), 6 survivors (6144K)
 Metaspace       used 20655K, capacity 21150K, committed 21248K, reserved 1069056K
  class space    used 2299K, capacity 2484K, committed 2560K, reserved 1048576K
}
Event: 2.306 GC heap before
{Heap before GC invocations=4 (full 0):
 garbage-first heap   total 131072K, used 67797K [0x0000000081c00000, 0x0000000100000000)
  region size 1024K, 63 young (64512K), 6 survivors (6144K)
 Metaspace       used 25626K, capacity 26214K, committed 26368K, reserved 1073152K
  class space    used 3004K, capacity 3233K, committed 3328K, reserved 1048576K
}
Event: 2.313 GC heap after
{Heap after GC invocations=5 (full 0):
 garbage-first heap   total 131072K, used 12279K [0x0000000081c00000, 0x0000000100000000)
  region size 1024K, 5 young (5120K), 5 survivors (5120K)
 Metaspace       used 25626K, capacity 26214K, committed 26368K, reserved 1073152K
  class space    used 3004K, capacity 3233K, committed 3328K, reserved 1048576K
}
Event: 2.624 GC heap before
{Heap before GC invocations=5 (full 0):
 garbage-first heap   total 131072K, used 79863K [0x0000000081c00000, 0x0000000100000000)
  region size 1024K, 72 young (73728K), 5 survivors (5120K)
 Metaspace       used 30243K, capacity 30989K, committed 31232K, reserved 1077248K
  class space    used 3547K, capacity 3840K, committed 3840K, reserved 1048576K
}
Event: 2.629 GC heap after
{Heap after GC invocations=6 (full 0):
 garbage-first heap   total 157696K, used 13785K [0x0000000081c00000, 0x0000000100000000)
  region size 1024K, 6 young (6144K), 6 survivors (6144K)
 Metaspace       used 30243K, capacity 30989K, committed 31232K, reserved 1077248K
  class space    used 3547K, capacity 3840K, committed 3840K, reserved 1048576K
}
Event: 3.225 GC heap before
{Heap before GC invocations=6 (full 0):
 garbage-first heap   total 157696K, used 51673K [0x0000000081c00000, 0x0000000100000000)
  region size 1024K, 44 young (45056K), 6 survivors (6144K)
 Metaspace       used 34748K, capacity 35688K, committed 35840K, reserved 1081344K
  class space    used 4144K, capacity 4505K, committed 4608K, reserved 1048576K
}
Event: 3.233 GC heap after
{Heap after GC invocations=7 (full 0):
 garbage-first heap   total 157696K, used 15167K [0x0000000081c00000, 0x0000000100000000)
  region size 1024K, 8 young (8192K), 8 survivors (8192K)
 Metaspace       used 34748K, capacity 35688K, committed 35840K, reserved 1081344K
  class space    used 4144K, capacity 4505K, committed 4608K, reserved 1048576K
}
Event: 4.362 GC heap before
{Heap before GC invocations=8 (full 0):
 garbage-first heap   total 157696K, used 94015K [0x0000000081c00000, 0x0000000100000000)
  region size 1024K, 86 young (88064K), 8 survivors (8192K)
 Metaspace       used 40691K, capacity 41841K, committed 41984K, reserved 1085440K
  class space    used 4869K, capacity 5332K, committed 5376K, reserved 1048576K
}
Event: 4.372 GC heap after
{Heap after GC invocations=9 (full 0):
 garbage-first heap   total 157696K, used 18387K [0x0000000081c00000, 0x0000000100000000)
  region size 1024K, 9 young (9216K), 9 survivors (9216K)
 Metaspace       used 40691K, capacity 41841K, committed 41984K, reserved 1085440K
  class space    used 4869K, capacity 5332K, committed 5376K, reserved 1048576K
}
Event: 5.036 GC heap before
{Heap before GC invocations=9 (full 0):
 garbage-first heap   total 157696K, used 102355K [0x0000000081c00000, 0x0000000100000000)
  region size 1024K, 92 young (94208K), 9 survivors (9216K)
 Metaspace       used 46280K, capacity 47512K, committed 47744K, reserved 1091584K
  class space    used 5713K, capacity 6197K, committed 6272K, reserved 1048576K
}
Event: 5.043 GC heap after
{Heap after GC invocations=10 (full 0):
 garbage-first heap   total 157696K, used 20238K [0x0000000081c00000, 0x0000000100000000)
  region size 1024K, 7 young (7168K), 7 survivors (7168K)
 Metaspace       used 46280K, capacity 47512K, committed 47744K, reserved 1091584K
  class space    used 5713K, capacity 6197K, committed 6272K, reserved 1048576K
}
Event: 128.824 GC heap before
{Heap before GC invocations=10 (full 0):
 garbage-first heap   total 157696K, used 93966K [0x0000000081c00000, 0x0000000100000000)
  region size 1024K, 80 young (81920K), 7 survivors (7168K)
 Metaspace       used 58843K, capacity 60103K, committed 60160K, reserved 1101824K
  class space    used 7288K, capacity 7763K, committed 7808K, reserved 1048576K
}
Event: 128.837 GC heap after
{Heap after GC invocations=11 (full 0):
 garbage-first heap   total 157696K, used 26071K [0x0000000081c00000, 0x0000000100000000)
  region size 1024K, 11 young (11264K), 11 survivors (11264K)
 Metaspace       used 58843K, capacity 60103K, committed 60160K, reserved 1101824K
  class space    used 7288K, capacity 7763K, committed 7808K, reserved 1048576K
}
Event: 130.047 GC heap before
{Heap before GC invocations=12 (full 0):
 garbage-first heap   total 157696K, used 109015K [0x0000000081c00000, 0x0000000100000000)
  region size 1024K, 92 young (94208K), 11 survivors (11264K)
 Metaspace       used 69000K, capacity 70634K, committed 70912K, reserved 1110016K
  class space    used 8728K, capacity 9363K, committed 9472K, reserved 1048576K
}
Event: 130.058 GC heap after
{Heap after GC invocations=13 (full 0):
 garbage-first heap   total 157696K, used 26407K [0x0000000081c00000, 0x0000000100000000)
  region size 1024K, 7 young (7168K), 7 survivors (7168K)
 Metaspace       used 69000K, capacity 70634K, committed 70912K, reserved 1110016K
  class space    used 8728K, capacity 9363K, committed 9472K, reserved 1048576K
}
Event: 131.683 GC heap before
{Heap before GC invocations=13 (full 0):
 garbage-first heap   total 157696K, used 113447K [0x0000000081c00000, 0x0000000100000000)
  region size 1024K, 92 young (94208K), 7 survivors (7168K)
 Metaspace       used 76588K, capacity 78472K, committed 78592K, reserved 1118208K
  class space    used 9757K, capacity 10482K, committed 10496K, reserved 1048576K
}
Event: 131.693 GC heap after
{Heap after GC invocations=14 (full 0):
 garbage-first heap   total 157696K, used 31146K [0x0000000081c00000, 0x0000000100000000)
  region size 1024K, 11 young (11264K), 11 survivors (11264K)
 Metaspace       used 76588K, capacity 78472K, committed 78592K, reserved 1118208K
  class space    used 9757K, capacity 10482K, committed 10496K, reserved 1048576K
}

Deoptimization events (20 events):
Event: 135.181 Thread 0x0000024a03f6e000 Uncommon trap: trap_request=0xffffff4d fr.pc=0x0000024a70201adc relative=0x0000000000000cdc
Event: 135.181 Thread 0x0000024a03f6e000 Uncommon trap: reason=unstable_if action=reinterpret pc=0x0000024a70201adc method=sun.reflect.annotation.AnnotationInvocationHandler.invoke(Ljava/lang/Object;Ljava/lang/reflect/Method;[Ljava/lang/Object;)Ljava/lang/Object; @ 15 c2
Event: 135.181 Thread 0x0000024a03f6e000 DEOPT PACKING pc=0x0000024a70201adc sp=0x000000e9088fa5d0
Event: 135.181 Thread 0x0000024a03f6e000 DEOPT UNPACKING pc=0x0000024a684074af sp=0x000000e9088fa5a0 mode 2
Event: 135.194 Thread 0x0000024a03f6e000 Uncommon trap: trap_request=0xffffff76 fr.pc=0x0000024a7041d1dc relative=0x000000000000041c
Event: 135.195 Thread 0x0000024a03f6e000 Uncommon trap: reason=loop_limit_check action=maybe_recompile pc=0x0000024a7041d1dc method=org.attoparser.ParsingMarkupUtil.findNextWhitespaceCharWildcard([CIIZ[I)I @ 19 c2
Event: 135.195 Thread 0x0000024a03f6e000 DEOPT PACKING pc=0x0000024a7041d1dc sp=0x000000e9088fa5f0
Event: 135.195 Thread 0x0000024a03f6e000 DEOPT UNPACKING pc=0x0000024a684074af sp=0x000000e9088fa550 mode 2
Event: 135.210 Thread 0x0000024a03f72000 DEOPT PACKING pc=0x0000024a689d739b sp=0x000000e908afd390
Event: 135.210 Thread 0x0000024a03f72000 DEOPT UNPACKING pc=0x0000024a684072ce sp=0x000000e908afc8d0 mode 0
Event: 135.247 Thread 0x0000024a03f73800 Uncommon trap: trap_request=0xffffff4d fr.pc=0x0000024a7009acfc relative=0x000000000000005c
Event: 135.247 Thread 0x0000024a03f73800 Uncommon trap: reason=unstable_if action=reinterpret pc=0x0000024a7009acfc method=java.util.concurrent.ConcurrentHashMap.sumCount()J @ 11 c2
Event: 135.247 Thread 0x0000024a03f73800 DEOPT PACKING pc=0x0000024a7009acfc sp=0x000000e9087fb650
Event: 135.247 Thread 0x0000024a03f73800 DEOPT UNPACKING pc=0x0000024a684074af sp=0x000000e9087fb5b0 mode 2
Event: 135.294 Thread 0x0000024a03f6e000 Uncommon trap: trap_request=0xffffff4d fr.pc=0x0000024a703e7dcc relative=0x000000000000038c
Event: 135.294 Thread 0x0000024a03f6e000 Uncommon trap: reason=unstable_if action=reinterpret pc=0x0000024a703e7dcc method=sun.net.www.ParseUtil.firstEncodeIndex(Ljava/lang/String;)I @ 73 c2
Event: 135.294 Thread 0x0000024a03f6e000 DEOPT PACKING pc=0x0000024a703e7dcc sp=0x000000e9088f9310
Event: 135.295 Thread 0x0000024a03f6e000 DEOPT UNPACKING pc=0x0000024a684074af sp=0x000000e9088f9150 mode 2
Event: 135.313 Thread 0x0000024a03f70800 DEOPT PACKING pc=0x0000024a68b23ba1 sp=0x000000e9086fabb0
Event: 135.313 Thread 0x0000024a03f70800 DEOPT UNPACKING pc=0x0000024a684072ce sp=0x000000e9086fa0a8 mode 0

Classes redefined (0 events):
No events

Internal exceptions (20 events):
Event: 130.388 Thread 0x0000024a00a27800 Exception <a 'java/lang/ClassNotFoundException'{0x0000000089d14ce8}: org/springframework/context/annotation/ImportAwareCustomizer> (0x0000000089d14ce8) thrown at [./src/hotspot/share/classfile/systemDictionary.cpp, line 231]
Event: 130.388 Thread 0x0000024a00a27800 Exception <a 'java/lang/ClassNotFoundException'{0x0000000089d247e8}: org/springframework/beans/factory/AwareCustomizer> (0x0000000089d247e8) thrown at [./src/hotspot/share/classfile/systemDictionary.cpp, line 231]
Event: 130.389 Thread 0x0000024a00a27800 Exception <a 'java/lang/ClassNotFoundException'{0x0000000089d35718}: org/springframework/beans/factory/BeanClassLoaderAwareCustomizer> (0x0000000089d35718) thrown at [./src/hotspot/share/classfile/systemDictionary.cpp, line 231]
Event: 130.389 Thread 0x0000024a00a27800 Exception <a 'java/lang/ClassNotFoundException'{0x0000000089d45228}: org/springframework/beans/factory/AwareCustomizer> (0x0000000089d45228) thrown at [./src/hotspot/share/classfile/systemDictionary.cpp, line 231]
Event: 130.448 Thread 0x0000024a00a27800 Implicit null exception at 0x0000024a6ffd00ee to 0x0000024a6ffd019a
Event: 130.779 Thread 0x0000024a00a27800 Exception <a 'java/lang/IncompatibleClassChangeError'{0x000000008884a780}: Found class java.lang.Object, but interface was expected> (0x000000008884a780) thrown at [./src/hotspot/share/interpreter/linkResolver.cpp, line 839]
Event: 130.831 Thread 0x0000024a00a27800 Exception <a 'java/lang/ClassNotFoundException'{0x0000000088531af8}: java/lang/ObjectCustomizer> (0x0000000088531af8) thrown at [./src/hotspot/share/classfile/systemDictionary.cpp, line 231]
Event: 130.832 Thread 0x0000024a00a27800 Exception <a 'java/lang/ClassNotFoundException'{0x000000008854b1d0}: org/springframework/security/config/annotation/web/configuration/HttpSecurityConfigurationCustomizer> (0x000000008854b1d0) thrown at [./src/hotspot/share/classfile/systemDictionary.cpp, line 231]
Event: 130.852 Thread 0x0000024a00a27800 Exception <a 'java/lang/NoSuchMethodError'{0x00000000885d83d0}: 'java.lang.Object java.lang.invoke.DirectMethodHandle$Holder.invokeInterface(java.lang.Object, java.lang.Object, java.lang.Object, java.lang.Object)'> (0x00000000885d83d0) thrown at [./src/hotspot/share/interpreter/linkResolver.cpp, line 773]
Event: 130.908 Thread 0x0000024a00a27800 Exception <a 'java/lang/NoSuchMethodError'{0x00000000881e0400}: 'void java.lang.invoke.DirectMethodHandle$Holder.invokeVirtual(java.lang.Object, java.lang.Object, int)'> (0x00000000881e0400) thrown at [./src/hotspot/share/interpreter/linkResolver.cpp, line 773]
Event: 130.910 Thread 0x0000024a00a27800 Exception <a 'java/lang/NoSuchMethodError'{0x00000000881f9fc8}: 'void java.lang.invoke.DirectMethodHandle$Holder.invokeVirtual(java.lang.Object, java.lang.Object, long)'> (0x00000000881f9fc8) thrown at [./src/hotspot/share/interpreter/linkResolver.cpp, line 773]
Event: 131.056 Thread 0x0000024a00a27800 Exception <a 'java/lang/ClassNotFoundException'{0x000000008783c740}: java/lang/ObjectCustomizer> (0x000000008783c740) thrown at [./src/hotspot/share/classfile/systemDictionary.cpp, line 231]
Event: 131.057 Thread 0x0000024a00a27800 Exception <a 'java/lang/ClassNotFoundException'{0x000000008784e2e8}: com/example/demo/entity/financeCustomizer> (0x000000008784e2e8) thrown at [./src/hotspot/share/classfile/systemDictionary.cpp, line 231]
Event: 131.495 Thread 0x0000024a00a27800 Exception <a 'java/lang/NoSuchMethodError'{0x00000000869946a0}: 'java.lang.Object java.lang.invoke.DirectMethodHandle$Holder.invokeSpecial(java.lang.Object, java.lang.Object, int, java.lang.Object, int, java.lang.Object)'> (0x00000000869946a0) thrown at [./src/hotspot/share/interpreter/linkResolver.cpp, line 773]
Event: 131.496 Thread 0x0000024a00a27800 Exception <a 'java/lang/NoSuchMethodError'{0x000000008699be30}: 'java.lang.Object java.lang.invoke.DirectMethodHandle$Holder.invokeStatic(java.lang.Object, java.lang.Object, int, java.lang.Object, int)'> (0x000000008699be30) thrown at [./src/hotspot/share/interpreter/linkResolver.cpp, line 773]
Event: 131.496 Thread 0x0000024a00a27800 Exception <a 'java/lang/NoSuchMethodError'{0x000000008699f610}: 'java.lang.Object java.lang.invoke.DirectMethodHandle$Holder.invokeSpecial(java.lang.Object, java.lang.Object, java.lang.Object, int, java.lang.Object, int)'> (0x000000008699f610) thrown at [./src/hotspot/share/interpreter/linkResolver.cpp, line 773]
Event: 131.498 Thread 0x0000024a00a27800 Exception <a 'java/lang/NoSuchMethodError'{0x00000000869a92c8}: 'void java.lang.invoke.DirectMethodHandle$Holder.invokeVirtual(java.lang.Object, java.lang.Object)'> (0x00000000869a92c8) thrown at [./src/hotspot/share/interpreter/linkResolver.cpp, line 773]
Event: 135.162 Thread 0x0000024a03f6e000 Exception <a 'java/lang/ClassNotFoundException'{0x00000000895d87f8}: java/lang/ObjectCustomizer> (0x00000000895d87f8) thrown at [./src/hotspot/share/classfile/systemDictionary.cpp, line 231]
Event: 135.164 Thread 0x0000024a03f6e000 Exception <a 'java/lang/ClassNotFoundException'{0x00000000895ef168}: com/example/demo/entity/UserCustomizer> (0x00000000895ef168) thrown at [./src/hotspot/share/classfile/systemDictionary.cpp, line 231]
Event: 135.168 Thread 0x0000024a03f6e000 Exception <a 'java/lang/ClassNotFoundException'{0x0000000089425538}: org/springframework/security/core/userdetails/UserDetailsCustomizer> (0x0000000089425538) thrown at [./src/hotspot/share/classfile/systemDictionary.cpp, line 231]

Events (20 events):
Event: 135.302 Thread 0x0000024a7f607000 flushing nmethod 0x0000024a68c57f90
Event: 135.302 Thread 0x0000024a7f607000 flushing nmethod 0x0000024a68c60610
Event: 135.302 Thread 0x0000024a7f607000 flushing nmethod 0x0000024a68c6ae90
Event: 135.302 Thread 0x0000024a7f607000 flushing nmethod 0x0000024a68ca5190
Event: 135.303 Thread 0x0000024a7f607000 flushing nmethod 0x0000024a68ccae90
Event: 135.303 Thread 0x0000024a7f607000 flushing nmethod 0x0000024a68cd3810
Event: 135.303 Thread 0x0000024a7f607000 flushing nmethod 0x0000024a68cd3c10
Event: 135.303 Thread 0x0000024a7f607000 flushing nmethod 0x0000024a68cd7a10
Event: 135.303 Thread 0x0000024a7f607000 flushing nmethod 0x0000024a68cd8790
Event: 135.303 Thread 0x0000024a7f607000 flushing nmethod 0x0000024a68d06a10
Event: 135.303 Thread 0x0000024a7f607000 flushing nmethod 0x0000024a68d14d10
Event: 135.303 Thread 0x0000024a7f607000 flushing nmethod 0x0000024a68d33990
Event: 135.303 Thread 0x0000024a7f607000 flushing nmethod 0x0000024a68d42210
Event: 135.303 Thread 0x0000024a7f607000 flushing nmethod 0x0000024a68d4ad90
Event: 135.303 Thread 0x0000024a7f607000 flushing nmethod 0x0000024a68dde690
Event: 135.308 Thread 0x0000024a7f607000 flushing nmethod 0x0000024a69199190
Event: 135.323 Executing VM operation: RevokeBias
Event: 135.323 Executing VM operation: RevokeBias done
Event: 135.323 Executing VM operation: RevokeBias
Event: 135.324 Executing VM operation: RevokeBias done


Dynamic libraries:
0x00007ff6bbe70000 - 0x00007ff6bbe7d000 	C:\Program Files\AdoptOpenJDK\jdk-11.0.8.10-hotspot\bin\java.exe
0x00007ff9eb7f0000 - 0x00007ff9eb9e5000 	C:\WINDOWS\SYSTEM32\ntdll.dll
0x00007ff9eaba0000 - 0x00007ff9eac5e000 	C:\WINDOWS\System32\KERNEL32.DLL
0x00007ff9e9570000 - 0x00007ff9e9839000 	C:\WINDOWS\System32\KERNELBASE.dll
0x00007ff9e9030000 - 0x00007ff9e9130000 	C:\WINDOWS\System32\ucrtbase.dll
0x00007ff9e2240000 - 0x00007ff9e2257000 	C:\Program Files\AdoptOpenJDK\jdk-11.0.8.10-hotspot\bin\jli.dll
0x00007ff9eb580000 - 0x00007ff9eb721000 	C:\WINDOWS\System32\USER32.dll
0x00007ff9e92f0000 - 0x00007ff9e9312000 	C:\WINDOWS\System32\win32u.dll
0x00007ff9e9840000 - 0x00007ff9e986b000 	C:\WINDOWS\System32\GDI32.dll
0x00007ff9e91e0000 - 0x00007ff9e92eb000 	C:\WINDOWS\System32\gdi32full.dll
0x00007ff9e8f90000 - 0x00007ff9e902d000 	C:\WINDOWS\System32\msvcp_win.dll
0x00007ff9cd1a0000 - 0x00007ff9cd43a000 	C:\WINDOWS\WinSxS\amd64_microsoft.windows.common-controls_6595b64144ccf1df_6.0.19041.1110_none_60b5254171f9507e\COMCTL32.dll
0x00007ff9e9c10000 - 0x00007ff9e9cae000 	C:\WINDOWS\System32\msvcrt.dll
0x00007ff9e21a0000 - 0x00007ff9e21b5000 	C:\Program Files\AdoptOpenJDK\jdk-11.0.8.10-hotspot\bin\VCRUNTIME140.dll
0x00007ff9e9be0000 - 0x00007ff9e9c10000 	C:\WINDOWS\System32\IMM32.DLL
0x00007ff9d7b50000 - 0x00007ff9d7beb000 	C:\Program Files\AdoptOpenJDK\jdk-11.0.8.10-hotspot\bin\msvcp140.dll
0x00007ff9a04f0000 - 0x00007ff9a0fad000 	C:\Program Files\AdoptOpenJDK\jdk-11.0.8.10-hotspot\bin\server\jvm.dll
0x00007ff9e9cb0000 - 0x00007ff9e9d5c000 	C:\WINDOWS\System32\ADVAPI32.dll
0x00007ff9eb310000 - 0x00007ff9eb3ab000 	C:\WINDOWS\System32\sechost.dll
0x00007ff9e9ab0000 - 0x00007ff9e9bda000 	C:\WINDOWS\System32\RPCRT4.dll
0x00007ff9eb3b0000 - 0x00007ff9eb3b8000 	C:\WINDOWS\System32\PSAPI.DLL
0x00007ff9d78e0000 - 0x00007ff9d78e9000 	C:\WINDOWS\SYSTEM32\WSOCK32.dll
0x00007ff9db690000 - 0x00007ff9db6b7000 	C:\WINDOWS\SYSTEM32\WINMM.dll
0x00007ff9eab30000 - 0x00007ff9eab9b000 	C:\WINDOWS\System32\WS2_32.dll
0x00007ff9e1dd0000 - 0x00007ff9e1dda000 	C:\WINDOWS\SYSTEM32\VERSION.dll
0x00007ff9e7790000 - 0x00007ff9e77a2000 	C:\WINDOWS\SYSTEM32\kernel.appcore.dll
0x00007ff9e64d0000 - 0x00007ff9e64e0000 	C:\Program Files\AdoptOpenJDK\jdk-11.0.8.10-hotspot\bin\verify.dll
0x00007ff9e6d10000 - 0x00007ff9e6ef4000 	C:\WINDOWS\SYSTEM32\DBGHELP.DLL
0x00007ff9ce810000 - 0x00007ff9ce83c000 	C:\WINDOWS\SYSTEM32\dbgcore.DLL
0x00007ff9e9320000 - 0x00007ff9e93a3000 	C:\WINDOWS\System32\bcryptPrimitives.dll
0x00007ff9ddd20000 - 0x00007ff9ddd48000 	C:\Program Files\AdoptOpenJDK\jdk-11.0.8.10-hotspot\bin\java.dll
0x00007ff9e4380000 - 0x00007ff9e438a000 	C:\Program Files\AdoptOpenJDK\jdk-11.0.8.10-hotspot\bin\jimage.dll
0x00007ff9e4360000 - 0x00007ff9e436e000 	C:\Program Files\AdoptOpenJDK\jdk-11.0.8.10-hotspot\bin\instrument.dll
0x00007ff9e2180000 - 0x00007ff9e2197000 	C:\Program Files\AdoptOpenJDK\jdk-11.0.8.10-hotspot\bin\zip.dll
0x00007ff9e9d60000 - 0x00007ff9ea49f000 	C:\WINDOWS\System32\SHELL32.dll
0x00007ff9e6ff0000 - 0x00007ff9e7780000 	C:\WINDOWS\SYSTEM32\windows.storage.dll
0x00007ff9eaea0000 - 0x00007ff9eb1f5000 	C:\WINDOWS\System32\combase.dll
0x00007ff9e8890000 - 0x00007ff9e88bc000 	C:\WINDOWS\SYSTEM32\Wldp.dll
0x00007ff9eb260000 - 0x00007ff9eb30e000 	C:\WINDOWS\System32\SHCORE.dll
0x00007ff9eb200000 - 0x00007ff9eb255000 	C:\WINDOWS\System32\shlwapi.dll
0x00007ff9e8e50000 - 0x00007ff9e8e6f000 	C:\WINDOWS\SYSTEM32\profapi.dll
0x00007ff9e0f70000 - 0x00007ff9e0f89000 	C:\Program Files\AdoptOpenJDK\jdk-11.0.8.10-hotspot\bin\net.dll
0x00007ff9de220000 - 0x00007ff9de328000 	C:\WINDOWS\SYSTEM32\WINHTTP.dll
0x00007ff9e85f0000 - 0x00007ff9e865a000 	C:\WINDOWS\system32\mswsock.dll
0x00007ff9ddea0000 - 0x00007ff9ddeb2000 	C:\Program Files\AdoptOpenJDK\jdk-11.0.8.10-hotspot\bin\nio.dll
0x00007ff9da250000 - 0x00007ff9da26a000 	D:\IntelliJ IDEA 2021.1\bin\breakgen64.dll
0x00007ff9e2c30000 - 0x00007ff9e2c39000 	C:\Program Files\AdoptOpenJDK\jdk-11.0.8.10-hotspot\bin\management.dll
0x00007ff9e2280000 - 0x00007ff9e228b000 	C:\Program Files\AdoptOpenJDK\jdk-11.0.8.10-hotspot\bin\management_ext.dll
0x00007ff9d89b0000 - 0x00007ff9d89c7000 	C:\WINDOWS\system32\napinsp.dll
0x00007ff9b2d10000 - 0x00007ff9b2d2b000 	C:\WINDOWS\system32\pnrpnsp.dll
0x00007ff9e3810000 - 0x00007ff9e3825000 	C:\WINDOWS\system32\wshbth.dll
0x00007ff9e4230000 - 0x00007ff9e424d000 	C:\WINDOWS\system32\NLAapi.dll
0x00007ff9e82e0000 - 0x00007ff9e831b000 	C:\WINDOWS\SYSTEM32\IPHLPAPI.DLL
0x00007ff9e8320000 - 0x00007ff9e83ec000 	C:\WINDOWS\SYSTEM32\DNSAPI.dll
0x00007ff9eb570000 - 0x00007ff9eb578000 	C:\WINDOWS\System32\NSI.dll
0x00007ff9b2cf0000 - 0x00007ff9b2d02000 	C:\WINDOWS\System32\winrnr.dll
0x00007ff9e13e0000 - 0x00007ff9e13ea000 	C:\Windows\System32\rasadhlp.dll
0x00007ff9def80000 - 0x00007ff9defff000 	C:\WINDOWS\System32\fwpuclnt.dll
0x00007ff9e8f60000 - 0x00007ff9e8f87000 	C:\WINDOWS\System32\bcrypt.dll
0x0000000180000000 - 0x0000000180285000 	D:\apache-tomcat-9.0.37\bin\tcnative-1.dll
0x00007ff9e93b0000 - 0x00007ff9e9506000 	C:\WINDOWS\System32\CRYPT32.dll
0x00007ff9e87f0000 - 0x00007ff9e8808000 	C:\WINDOWS\SYSTEM32\CRYPTSP.dll
0x00007ff9e7f70000 - 0x00007ff9e7fa4000 	C:\WINDOWS\system32\rsaenh.dll
0x00007ff9e8e10000 - 0x00007ff9e8e3e000 	C:\WINDOWS\SYSTEM32\USERENV.dll
0x00007ff9e87e0000 - 0x00007ff9e87ec000 	C:\WINDOWS\SYSTEM32\CRYPTBASE.dll
0x00007ff9e0010000 - 0x00007ff9e0027000 	C:\WINDOWS\SYSTEM32\dhcpcsvc6.DLL
0x00007ff9e0730000 - 0x00007ff9e074d000 	C:\WINDOWS\SYSTEM32\dhcpcsvc.DLL
0x00007ff9de1c0000 - 0x00007ff9de1ce000 	C:\Program Files\AdoptOpenJDK\jdk-11.0.8.10-hotspot\bin\sunmscapi.dll
0x00007ff9e8900000 - 0x00007ff9e8927000 	C:\WINDOWS\SYSTEM32\ncrypt.dll
0x00007ff9e88c0000 - 0x00007ff9e88fb000 	C:\WINDOWS\SYSTEM32\NTASN1.dll
0x00007ff9d78f0000 - 0x00007ff9d7915000 	C:\Program Files\AdoptOpenJDK\jdk-11.0.8.10-hotspot\bin\sunec.dll

dbghelp: loaded successfully - version: 4.0.5 - missing functions: none
symbol engine: initialized successfully - sym options: 0x614 - pdb path: .;C:\Program Files\AdoptOpenJDK\jdk-11.0.8.10-hotspot\bin;C:\WINDOWS\SYSTEM32;C:\WINDOWS\WinSxS\amd64_microsoft.windows.common-controls_6595b64144ccf1df_6.0.19041.1110_none_60b5254171f9507e;C:\Program Files\AdoptOpenJDK\jdk-11.0.8.10-hotspot\bin\server;D:\IntelliJ IDEA 2021.1\bin;D:\apache-tomcat-9.0.37\bin

VM Arguments:
jvm_args: -javaagent:D:\IntelliJ IDEA 2021.1\lib\idea_rt.jar=58093:D:\IntelliJ IDEA 2021.1\bin -Dfile.encoding=UTF-8 
java_command: com.example.demo.SpringbootProjectApplication
java_class_path (initial): C:\Users\Admin\eclipse-workspace\Springboot_project\target\classes;C:\Users\Admin\.m2\repository\org\springframework\boot\spring-boot-starter-security\2.4.5\spring-boot-starter-security-2.4.5.jar;C:\Users\Admin\.m2\repository\org\springframework\boot\spring-boot-starter\2.4.5\spring-boot-starter-2.4.5.jar;C:\Users\Admin\.m2\repository\org\springframework\boot\spring-boot-starter-logging\2.4.5\spring-boot-starter-logging-2.4.5.jar;C:\Users\Admin\.m2\repository\ch\qos\logback\logback-classic\1.2.3\logback-classic-1.2.3.jar;C:\Users\Admin\.m2\repository\ch\qos\logback\logback-core\1.2.3\logback-core-1.2.3.jar;C:\Users\Admin\.m2\repository\org\apache\logging\log4j\log4j-to-slf4j\2.13.3\log4j-to-slf4j-2.13.3.jar;C:\Users\Admin\.m2\repository\org\apache\logging\log4j\log4j-api\2.13.3\log4j-api-2.13.3.jar;C:\Users\Admin\.m2\repository\org\slf4j\jul-to-slf4j\1.7.30\jul-to-slf4j-1.7.30.jar;C:\Users\Admin\.m2\repository\jakarta\annotation\jakarta.annotation-api\1.3.5\jakarta.annotation-api-1.3.5.jar;C:\Users\Admin\.m2\repository\org\yaml\snakeyaml\1.27\snakeyaml-1.27.jar;C:\Users\Admin\.m2\repository\org\springframework\spring-aop\5.3.6\spring-aop-5.3.6.jar;C:\Users\Admin\.m2\repository\org\springframework\spring-beans\5.3.6\spring-beans-5.3.6.jar;C:\Users\Admin\.m2\repository\org\springframework\security\spring-security-config\5.4.6\spring-security-config-5.4.6.jar;C:\Users\Admin\.m2\repository\org\springframework\spring-context\5.3.6\spring-context-5.3.6.jar;C:\Users\Admin\.m2\repository\org\springframework\security\spring-security-web\5.4.6\spring-security-web-5.4.6.jar;C:\Users\Admin\.m2\repository\org\springframework\spring-expression\5.3.6\spring-expression-5.3.6.jar;C:\Users\Admin\.m2\repository\org\springframework\boot\spring-boot-starter-thymeleaf\2.4.5\spring-boot-starter-thymeleaf-2.4.5.jar;C:\Users\Admin\.m2\repository\org\thymeleaf\thymeleaf-spring5\3.0.12.RELEASE\thymeleaf-spring5-3.0.12.RELEASE.jar;C:\Users\Admin\.m2\repository\org\
Launcher Type: SUN_STANDARD

[Global flags]
     intx CICompilerCount                          = 4                                         {product} {ergonomic}
     uint ConcGCThreads                            = 2                                         {product} {ergonomic}
     uint G1ConcRefinementThreads                  = 8                                         {product} {ergonomic}
   size_t G1HeapRegionSize                         = 1048576                                   {product} {ergonomic}
    uintx GCDrainStackTargetSize                   = 64                                        {product} {ergonomic}
   size_t InitialHeapSize                          = 134217728                                 {product} {ergonomic}
   size_t MarkStackSize                            = 4194304                                   {product} {ergonomic}
   size_t MaxHeapSize                              = 2118123520                                {product} {ergonomic}
   size_t MaxNewSize                               = 1270874112                                {product} {ergonomic}
   size_t MinHeapDeltaBytes                        = 1048576                                   {product} {ergonomic}
    uintx NonNMethodCodeHeapSize                   = 5836300                                {pd product} {ergonomic}
    uintx NonProfiledCodeHeapSize                  = 122910970                              {pd product} {ergonomic}
    uintx ProfiledCodeHeapSize                     = 122910970                              {pd product} {ergonomic}
    uintx ReservedCodeCacheSize                    = 251658240                              {pd product} {ergonomic}
     bool SegmentedCodeCache                       = true                                      {product} {ergonomic}
     bool UseCompressedClassPointers               = true                                 {lp64_product} {ergonomic}
     bool UseCompressedOops                        = true                                 {lp64_product} {ergonomic}
     bool UseG1GC                                  = true                                      {product} {ergonomic}
     bool UseLargePagesIndividualAllocation        = false                                  {pd product} {ergonomic}

Logging:
Log output configuration:
 #0: stdout all=warning uptime,level,tags
 #1: stderr all=off uptime,level,tags

Environment Variables:
JAVA_HOME=C:\Program Files\AdoptOpenJDK\jdk-11.0.8.10-hotspot\
PATH=C:\Program Files\AdoptOpenJDK\jdk-11.0.8.10-hotspot\bin;C:\WINDOWS\system32;C:\WINDOWS;C:\WINDOWS\System32\Wbem;C:\WINDOWS\System32\WindowsPowerShell\v1.0\;C:\WINDOWS\System32\OpenSSH\;C:\Program Files (x86)\Microsoft SQL Server\110\Tools\Binn\ManagementStudio\;C:\Program Files (x86)\Microsoft SQL Server\110\Tools\Binn\;C:\Program Files\Microsoft SQL Server\110\Tools\Binn\;C:\Program Files (x86)\Microsoft SQL Server\110\DTS\Binn\;C:\Program Files\Microsoft SQL Server\Client SDK\ODBC\110\Tools\Binn\;C:\Program Files (x86)\Microsoft SQL Server\120\Tools\Binn\;C:\Program Files\Microsoft SQL Server\120\Tools\Binn\;C:\Program Files\Microsoft SQL Server\120\DTS\Binn\;C:\Program Files (x86)\Microsoft SQL Server\120\Tools\Binn\ManagementStudio\;C:\Program Files (x86)\Microsoft SQL Server\120\DTS\Binn\;C:\Users\Admin\Downloads\apache-maven-3.6.0;C:\Users\Admin\Downloads\apache-maven-3.6.0\bin;C:\Program Files\NVIDIA Corporation\NVIDIA NvDLISR;C:\Program Files (x86)\NVIDIA Corporation\PhysX\Common;C:\Users\Admin\Downloads\apache-maven-3.6.0\bin;C:\Program Files\nodejs\;C:\Program Files\Git\cmd;C:\WINDOWS\system32;C:\WINDOWS;C:\WINDOWS\System32\Wbem;C:\WINDOWS\System32\WindowsPowerShell\v1.0\;C:\WINDOWS\System32\OpenSSH\;C:\Users\Admin\AppData\Local\Microsoft\WindowsApps;C:\Users\Admin\AppData\Local\Programs\Microsoft VS Code\bin;D:\apache-tomcat-9.0.37\bin;C:\Users\Admin\AppData\Roaming\npm;
USERNAME=Admin
OS=Windows_NT
PROCESSOR_IDENTIFIER=Intel64 Family 6 Model 158 Stepping 10, GenuineIntel



---------------  S Y S T E M  ---------------

OS: Windows 10 , 64 bit Build 19041 (10.0.19041.1202)
OS uptime: 11 days 21:40 hours

CPU:total 8 (initial active 8) (4 cores per cpu, 2 threads per core) family 6 model 158 stepping 10, cmov, cx8, fxsr, mmx, sse, sse2, sse3, ssse3, sse4.1, sse4.2, popcnt, avx, avx2, aes, clmul, erms, 3dnowpref, lzcnt, ht, tsc, tscinvbit, bmi1, bmi2, adx, fma

Memory: 4k page, system-wide physical 8072M (526M free)
TotalPageFile size 12168M (AvailPageFile size 35M)
current process WorkingSet (physical memory assigned to process): 338M, peak: 379M
current process commit charge ("private bytes"): 408M, peak: 450M

vm_info: OpenJDK 64-Bit Server VM (11.0.8+10) for windows-amd64 JRE (11.0.8+10), built on Jul 15 2020 11:45:54 by "" with MS VC++ 15.9 (VS2017)

END.
