#
# There is insufficient memory for the Java Runtime Environment to continue.
# Native memory allocation (malloc) failed to allocate 385456 bytes for Chunk::new
# Possible reasons:
#   The system is out of physical RAM or swap space
#   The process is running with CompressedOops enabled, and the Java Heap may be blocking the growth of the native heap
# Possible solutions:
#   Reduce memory load on the system
#   Increase physical memory or swap space
#   Check if swap backing store is full
#   Decrease Java heap size (-Xmx/-Xms)
#   Decrease number of Java threads
#   Decrease Java thread stack sizes (-Xss)
#   Set larger code cache with -XX:ReservedCodeCacheSize=
#   JVM is running with Unscaled Compressed Oops mode in which the Java heap is
#     placed in the first 4GB address space. The Java Heap base address is the
#     maximum limit for the native heap growth. Please use -XX:HeapBaseMinAddress
#     to set the Java Heap base and to place the Java Heap above 4GB virtual address.
# This output file may be truncated or incomplete.
#
#  Out of Memory Error (./src/hotspot/share/memory/arena.cpp:197), pid=9996, tid=4492
#
# JRE version: OpenJDK Runtime Environment AdoptOpenJDK (11.0.8+10) (build 11.0.8+10)
# Java VM: OpenJDK 64-Bit Server VM AdoptOpenJDK (11.0.8+10, mixed mode, tiered, compressed oops, g1 gc, windows-amd64)
# No core dump will be written. Minidumps are not enabled by default on client versions of Windows
#

---------------  S U M M A R Y ------------

Command Line: -agentlib:jdwp=transport=dt_socket,address=127.0.0.1:54467,suspend=y,server=n -javaagent:C:\Users\Admin\AppData\Local\JetBrains\IntelliJIdea2021.1\captureAgent\debugger-agent.jar -Dfile.encoding=UTF-8 com.example.demo.SpringbootProjectApplication

Host: Intel(R) Core(TM) i5-9300H CPU @ 2.40GHz, 8 cores, 7G,  Windows 10 , 64 bit Build 19041 (10.0.19041.1503)
Time: Tue Mar  1 11:12:47 2022 SE Asia Standard Time elapsed time: 343 seconds (0d 0h 5m 43s)

---------------  T H R E A D  ---------------

Current thread (0x000002e831f4c000):  JavaThread "C2 CompilerThread1" daemon [_thread_in_native, id=4492, stack(0x000000ea22a00000,0x000000ea22b00000)]


Current CompileTask:
C2: 343038 10892       4       java.util.concurrent.locks.ReentrantReadWriteLock$Sync::tryAcquireShared (177 bytes)

Stack: [0x000000ea22a00000,0x000000ea22b00000]
Native frames: (J=compiled Java code, j=interpreted, Vv=VM code, C=native code)
V  [jvm.dll+0x5dfa5a]
V  [jvm.dll+0x7175ce]
V  [jvm.dll+0x718c9f]
V  [jvm.dll+0x719363]
V  [jvm.dll+0x240e48]
V  [jvm.dll+0xb96ac]
V  [jvm.dll+0xb9dac]
V  [jvm.dll+0x346342]
V  [jvm.dll+0x314173]
V  [jvm.dll+0x3134ba]
V  [jvm.dll+0x1fa925]
V  [jvm.dll+0x1f9adf]
V  [jvm.dll+0x17e4ec]
V  [jvm.dll+0x208f27]
V  [jvm.dll+0x20710b]
V  [jvm.dll+0x6dc339]
V  [jvm.dll+0x6d53e4]
V  [jvm.dll+0x5de996]
C  [ucrtbase.dll+0x21bb2]
C  [KERNEL32.DLL+0x17034]
C  [ntdll.dll+0x52651]


---------------  P R O C E S S  ---------------

Threads class SMR info:
_java_thread_list=0x000002e83db21ad0, length=34, elements={
0x000002e830cbe800, 0x000002e830cc7800, 0x000002e830cd5000, 0x000002e830cd6000,
0x000002e830cd7800, 0x000002e83162c000, 0x000002e83162e800, 0x000002e830c55000,
0x000002e8318e3800, 0x000002e83187f000, 0x000002e831880000, 0x000002e831a57000,
0x000002e83a183800, 0x000002e83785a800, 0x000002e83937b800, 0x000002e83bf0b800,
0x000002e8347f6800, 0x000002e83f308000, 0x000002e836a86800, 0x000002e836a88000,
0x000002e836a87800, 0x000002e836a89000, 0x000002e836a8a800, 0x000002e836a89800,
0x000002e836a85800, 0x000002e836a8c000, 0x000002e831f4e800, 0x000002e831f4d000,
0x000002e831f51000, 0x000002e831f4b800, 0x000002e831f52000, 0x000002e831f4f800,
0x000002e831f50000, 0x000002e831f4c000
}

Java Threads: ( => current thread )
  0x000002e830cbe800 JavaThread "Reference Handler" daemon [_thread_blocked, id=14872, stack(0x000000ea23300000,0x000000ea23400000)]
  0x000002e830cc7800 JavaThread "Finalizer" daemon [_thread_blocked, id=8740, stack(0x000000ea23400000,0x000000ea23500000)]
  0x000002e830cd5000 JavaThread "Signal Dispatcher" daemon [_thread_blocked, id=16600, stack(0x000000ea23500000,0x000000ea23600000)]
  0x000002e830cd6000 JavaThread "Attach Listener" daemon [_thread_blocked, id=1692, stack(0x000000ea23600000,0x000000ea23700000)]
  0x000002e830cd7800 JavaThread "C2 CompilerThread0" daemon [_thread_in_native, id=6996, stack(0x000000ea23700000,0x000000ea23800000)]
  0x000002e83162c000 JavaThread "C1 CompilerThread0" daemon [_thread_blocked, id=4844, stack(0x000000ea23800000,0x000000ea23900000)]
  0x000002e83162e800 JavaThread "Sweeper thread" daemon [_thread_blocked, id=11832, stack(0x000000ea23900000,0x000000ea23a00000)]
  0x000002e830c55000 JavaThread "Common-Cleaner" daemon [_thread_blocked, id=18144, stack(0x000000ea23a00000,0x000000ea23b00000)]
  0x000002e8318e3800 JavaThread "JDWP Transport Listener: dt_socket" daemon [_thread_blocked, id=17108, stack(0x000000ea23b00000,0x000000ea23c00000)]
  0x000002e83187f000 JavaThread "JDWP Event Helper Thread" daemon [_thread_blocked, id=8508, stack(0x000000ea23c00000,0x000000ea23d00000)]
  0x000002e831880000 JavaThread "JDWP Command Reader" daemon [_thread_in_native, id=11992, stack(0x000000ea23d00000,0x000000ea23e00000)]
  0x000002e831a57000 JavaThread "Service Thread" daemon [_thread_blocked, id=3240, stack(0x000000ea23f00000,0x000000ea24000000)]
  0x000002e83a183800 JavaThread "mssql-jdbc-shared-timer-core-0" daemon [_thread_blocked, id=13332, stack(0x000000ea24d00000,0x000000ea24e00000)]
  0x000002e83785a800 JavaThread "HikariPool-1 housekeeper" daemon [_thread_blocked, id=7360, stack(0x000000ea24e00000,0x000000ea24f00000)]
  0x000002e83937b800 JavaThread "Catalina-utility-1" [_thread_blocked, id=14536, stack(0x000000ea25000000,0x000000ea25100000)]
  0x000002e83bf0b800 JavaThread "Catalina-utility-2" [_thread_blocked, id=19072, stack(0x000000ea25100000,0x000000ea25200000)]
  0x000002e8347f6800 JavaThread "container-0" [_thread_blocked, id=976, stack(0x000000ea25200000,0x000000ea25300000)]
  0x000002e83f308000 JavaThread "File Watcher" daemon [_thread_blocked, id=10892, stack(0x000000ea25300000,0x000000ea25400000)]
  0x000002e836a86800 JavaThread "Live Reload Server" daemon [_thread_in_native, id=17560, stack(0x000000ea25500000,0x000000ea25600000)]
  0x000002e836a88000 JavaThread "http-nio-6789-BlockPoller" daemon [_thread_in_native, id=18744, stack(0x000000ea25400000,0x000000ea25500000)]
  0x000002e836a87800 JavaThread "http-nio-6789-exec-1" daemon [_thread_blocked, id=18364, stack(0x000000ea25600000,0x000000ea25700000)]
  0x000002e836a89000 JavaThread "http-nio-6789-exec-2" daemon [_thread_blocked, id=7592, stack(0x000000ea25700000,0x000000ea25800000)]
  0x000002e836a8a800 JavaThread "http-nio-6789-exec-3" daemon [_thread_blocked, id=7000, stack(0x000000ea25800000,0x000000ea25900000)]
  0x000002e836a89800 JavaThread "http-nio-6789-exec-4" daemon [_thread_blocked, id=18492, stack(0x000000ea25900000,0x000000ea25a00000)]
  0x000002e836a85800 JavaThread "http-nio-6789-exec-5" daemon [_thread_blocked, id=19316, stack(0x000000ea25a00000,0x000000ea25b00000)]
  0x000002e836a8c000 JavaThread "http-nio-6789-exec-6" daemon [_thread_blocked, id=14004, stack(0x000000ea25b00000,0x000000ea25c00000)]
  0x000002e831f4e800 JavaThread "http-nio-6789-exec-7" daemon [_thread_blocked, id=9684, stack(0x000000ea25c00000,0x000000ea25d00000)]
  0x000002e831f4d000 JavaThread "http-nio-6789-exec-8" daemon [_thread_blocked, id=19040, stack(0x000000ea25d00000,0x000000ea25e00000)]
  0x000002e831f51000 JavaThread "http-nio-6789-exec-9" daemon [_thread_blocked, id=18880, stack(0x000000ea25e00000,0x000000ea25f00000)]
  0x000002e831f4b800 JavaThread "http-nio-6789-exec-10" daemon [_thread_blocked, id=16876, stack(0x000000ea25f00000,0x000000ea26000000)]
  0x000002e831f52000 JavaThread "http-nio-6789-ClientPoller" daemon [_thread_in_native, id=9620, stack(0x000000ea26000000,0x000000ea26100000)]
  0x000002e831f4f800 JavaThread "http-nio-6789-Acceptor" daemon [_thread_in_native, id=4956, stack(0x000000ea26100000,0x000000ea26200000)]
  0x000002e831f50000 JavaThread "DestroyJavaVM" [_thread_blocked, id=13372, stack(0x000000ea22c00000,0x000000ea22d00000)]
=>0x000002e831f4c000 JavaThread "C2 CompilerThread1" daemon [_thread_in_native, id=4492, stack(0x000000ea22a00000,0x000000ea22b00000)]

Other Threads:
  0x000002e830c9a800 VMThread "VM Thread" [stack: 0x000000ea23200000,0x000000ea23300000] [id=18324]
  0x000002e831e91000 WatcherThread [stack: 0x000000ea24000000,0x000000ea24100000] [id=10596]
  0x000002e811dc9800 GCTaskThread "GC Thread#0" [stack: 0x000000ea22d00000,0x000000ea22e00000] [id=11512]
  0x000002e832830800 GCTaskThread "GC Thread#1" [stack: 0x000000ea24200000,0x000000ea24300000] [id=15448]
  0x000002e83287a800 GCTaskThread "GC Thread#2" [stack: 0x000000ea24300000,0x000000ea24400000] [id=1960]
  0x000002e832f5c800 GCTaskThread "GC Thread#3" [stack: 0x000000ea23e00000,0x000000ea23f00000] [id=13592]
  0x000002e832f5d800 GCTaskThread "GC Thread#4" [stack: 0x000000ea24100000,0x000000ea24200000] [id=13988]
  0x000002e832f5e000 GCTaskThread "GC Thread#5" [stack: 0x000000ea24600000,0x000000ea24700000] [id=9252]
  0x000002e8343b2000 GCTaskThread "GC Thread#6" [stack: 0x000000ea24900000,0x000000ea24a00000] [id=16168]
  0x000002e833278800 GCTaskThread "GC Thread#7" [stack: 0x000000ea24a00000,0x000000ea24b00000] [id=18312]
  0x000002e811dfa000 ConcurrentGCThread "G1 Main Marker" [stack: 0x000000ea22e00000,0x000000ea22f00000] [id=9140]
  0x000002e811dfb800 ConcurrentGCThread "G1 Conc#0" [stack: 0x000000ea22f00000,0x000000ea23000000] [id=1840]
  0x000002e832b35000 ConcurrentGCThread "G1 Conc#1" [stack: 0x000000ea24b00000,0x000000ea24c00000] [id=440]
  0x000002e830b00800 ConcurrentGCThread "G1 Refine#0" [stack: 0x000000ea23000000,0x000000ea23100000] [id=18668]
  0x000002e830b02800 ConcurrentGCThread "G1 Young RemSet Sampling" [stack: 0x000000ea23100000,0x000000ea23200000] [id=14056]

Threads with active compile tasks:
C2 CompilerThread0 343069 10898       4       org.springframework.web.servlet.handler.AbstractHandlerMethodMapping::addMatchingMappings (79 bytes)
C2 CompilerThread1 343069 10892       4       java.util.concurrent.locks.ReentrantReadWriteLock$Sync::tryAcquireShared (177 bytes)

VM state:not at safepoint (normal execution)

VM Mutex/Monitor currently owned by a thread: None

Heap address: 0x0000000081c00000, size: 2020 MB, Compressed Oops mode: 32-bit
Narrow klass base: 0x0000000000000000, Narrow klass shift: 3
Compressed class space size: 1073741824 Address: 0x0000000100000000

Heap:
 garbage-first heap   total 189440K, used 124677K [0x0000000081c00000, 0x0000000100000000)
  region size 1024K, 92 young (94208K), 5 survivors (5120K)
 Metaspace       used 87330K, capacity 89492K, committed 89600K, reserved 1128448K
  class space    used 10631K, capacity 11453K, committed 11520K, reserved 1048576K
Heap Regions: E=young(eden), S=young(survivor), O=old, HS=humongous(starts), HC=humongous(continues), CS=collection set, F=free, A=archive, TAMS=top-at-mark-start (previous, next)
|   0|0x0000000081c00000, 0x0000000081d00000, 0x0000000081d00000|100%|HS|  |TAMS 0x0000000081d00000, 0x0000000081c00000| Complete 
|   1|0x0000000081d00000, 0x0000000081e00000, 0x0000000081e00000|100%| O|  |TAMS 0x0000000081e00000, 0x0000000081d00000| Untracked 
|   2|0x0000000081e00000, 0x0000000081f00000, 0x0000000081f00000|100%| O|  |TAMS 0x0000000081f00000, 0x0000000081e00000| Untracked 
|   3|0x0000000081f00000, 0x0000000082000000, 0x0000000082000000|100%| O|  |TAMS 0x0000000082000000, 0x0000000081f00000| Untracked 
|   4|0x0000000082000000, 0x0000000082100000, 0x0000000082100000|100%| O|  |TAMS 0x0000000082100000, 0x0000000082000000| Untracked 
|   5|0x0000000082100000, 0x0000000082200000, 0x0000000082200000|100%| O|  |TAMS 0x0000000082200000, 0x0000000082100000| Untracked 
|   6|0x0000000082200000, 0x0000000082300000, 0x0000000082300000|100%| O|  |TAMS 0x0000000082300000, 0x0000000082200000| Untracked 
|   7|0x0000000082300000, 0x0000000082400000, 0x0000000082400000|100%| O|  |TAMS 0x0000000082400000, 0x0000000082300000| Untracked 
|   8|0x0000000082400000, 0x0000000082500000, 0x0000000082500000|100%| O|  |TAMS 0x0000000082500000, 0x0000000082400000| Untracked 
|   9|0x0000000082500000, 0x0000000082600000, 0x0000000082600000|100%| O|  |TAMS 0x0000000082600000, 0x0000000082500000| Untracked 
|  10|0x0000000082600000, 0x0000000082700000, 0x0000000082700000|100%| O|  |TAMS 0x0000000082700000, 0x0000000082600000| Untracked 
|  11|0x0000000082700000, 0x0000000082800000, 0x0000000082800000|100%| O|  |TAMS 0x0000000082800000, 0x0000000082700000| Untracked 
|  12|0x0000000082800000, 0x0000000082900000, 0x0000000082900000|100%| O|  |TAMS 0x0000000082900000, 0x0000000082800000| Untracked 
|  13|0x0000000082900000, 0x0000000082a00000, 0x0000000082a00000|100%| O|  |TAMS 0x0000000082a00000, 0x0000000082900000| Untracked 
|  14|0x0000000082a00000, 0x0000000082b00000, 0x0000000082b00000|100%| O|  |TAMS 0x0000000082b00000, 0x0000000082a00000| Untracked 
|  15|0x0000000082b00000, 0x0000000082c00000, 0x0000000082c00000|100%| O|  |TAMS 0x0000000082c00000, 0x0000000082b00000| Untracked 
|  16|0x0000000082c00000, 0x0000000082d00000, 0x0000000082d00000|100%| O|  |TAMS 0x0000000082d00000, 0x0000000082c00000| Untracked 
|  17|0x0000000082d00000, 0x0000000082e00000, 0x0000000082e00000|100%| O|  |TAMS 0x0000000082e00000, 0x0000000082d00000| Untracked 
|  18|0x0000000082e00000, 0x0000000082f00000, 0x0000000082f00000|100%| O|  |TAMS 0x0000000082f00000, 0x0000000082e00000| Untracked 
|  19|0x0000000082f00000, 0x0000000083000000, 0x0000000083000000|100%| O|  |TAMS 0x0000000083000000, 0x0000000082f00000| Untracked 
|  20|0x0000000083000000, 0x0000000083100000, 0x0000000083100000|100%| O|  |TAMS 0x0000000083062e00, 0x0000000083000000| Untracked 
|  21|0x0000000083100000, 0x0000000083200000, 0x0000000083200000|100%| O|  |TAMS 0x0000000083100000, 0x0000000083100000| Untracked 
|  22|0x0000000083200000, 0x0000000083300000, 0x0000000083300000|100%| O|  |TAMS 0x0000000083200000, 0x0000000083200000| Untracked 
|  23|0x0000000083300000, 0x0000000083400000, 0x0000000083400000|100%| O|  |TAMS 0x0000000083300000, 0x0000000083300000| Untracked 
|  24|0x0000000083400000, 0x0000000083500000, 0x0000000083500000|100%| O|  |TAMS 0x0000000083400000, 0x0000000083400000| Untracked 
|  25|0x0000000083500000, 0x0000000083600000, 0x0000000083600000|100%| O|  |TAMS 0x0000000083500000, 0x0000000083500000| Untracked 
|  26|0x0000000083600000, 0x0000000083700000, 0x0000000083700000|100%| O|  |TAMS 0x0000000083600000, 0x0000000083600000| Untracked 
|  27|0x0000000083700000, 0x0000000083800000, 0x0000000083800000|100%| O|  |TAMS 0x0000000083700000, 0x0000000083700000| Untracked 
|  28|0x0000000083800000, 0x0000000083900000, 0x0000000083900000|100%| O|  |TAMS 0x0000000083800000, 0x0000000083800000| Untracked 
|  29|0x0000000083900000, 0x0000000083a00000, 0x0000000083a00000|100%| O|  |TAMS 0x0000000083900000, 0x0000000083900000| Untracked 
|  30|0x0000000083a00000, 0x0000000083b00000, 0x0000000083b00000|100%| O|  |TAMS 0x0000000083a00000, 0x0000000083a00000| Untracked 
|  31|0x0000000083b00000, 0x0000000083bf9000, 0x0000000083c00000| 97%| O|  |TAMS 0x0000000083b00000, 0x0000000083b00000| Untracked 
|  32|0x0000000083c00000, 0x0000000083c00000, 0x0000000083d00000|  0%| F|  |TAMS 0x0000000083c00000, 0x0000000083c00000| Untracked 
|  33|0x0000000083d00000, 0x0000000083d00000, 0x0000000083e00000|  0%| F|  |TAMS 0x0000000083d00000, 0x0000000083d00000| Untracked 
|  34|0x0000000083e00000, 0x0000000083e00000, 0x0000000083f00000|  0%| F|  |TAMS 0x0000000083e00000, 0x0000000083e00000| Untracked 
|  35|0x0000000083f00000, 0x0000000083f00000, 0x0000000084000000|  0%| F|  |TAMS 0x0000000083f00000, 0x0000000083f00000| Untracked 
|  36|0x0000000084000000, 0x0000000084000000, 0x0000000084100000|  0%| F|  |TAMS 0x0000000084000000, 0x0000000084000000| Untracked 
|  37|0x0000000084100000, 0x0000000084100000, 0x0000000084200000|  0%| F|  |TAMS 0x0000000084100000, 0x0000000084100000| Untracked 
|  38|0x0000000084200000, 0x0000000084200000, 0x0000000084300000|  0%| F|  |TAMS 0x0000000084200000, 0x0000000084200000| Untracked 
|  39|0x0000000084300000, 0x0000000084300000, 0x0000000084400000|  0%| F|  |TAMS 0x0000000084300000, 0x0000000084300000| Untracked 
|  40|0x0000000084400000, 0x0000000084400000, 0x0000000084500000|  0%| F|  |TAMS 0x0000000084400000, 0x0000000084400000| Untracked 
|  41|0x0000000084500000, 0x0000000084500000, 0x0000000084600000|  0%| F|  |TAMS 0x0000000084500000, 0x0000000084500000| Untracked 
|  42|0x0000000084600000, 0x0000000084600000, 0x0000000084700000|  0%| F|  |TAMS 0x0000000084600000, 0x0000000084600000| Untracked 
|  43|0x0000000084700000, 0x0000000084700000, 0x0000000084800000|  0%| F|  |TAMS 0x0000000084700000, 0x0000000084700000| Untracked 
|  44|0x0000000084800000, 0x0000000084800000, 0x0000000084900000|  0%| F|  |TAMS 0x0000000084800000, 0x0000000084800000| Untracked 
|  45|0x0000000084900000, 0x0000000084900000, 0x0000000084a00000|  0%| F|  |TAMS 0x0000000084900000, 0x0000000084900000| Untracked 
|  46|0x0000000084a00000, 0x0000000084a00000, 0x0000000084b00000|  0%| F|  |TAMS 0x0000000084a00000, 0x0000000084a00000| Untracked 
|  47|0x0000000084b00000, 0x0000000084b00000, 0x0000000084c00000|  0%| F|  |TAMS 0x0000000084b00000, 0x0000000084b00000| Untracked 
|  48|0x0000000084c00000, 0x0000000084c00000, 0x0000000084d00000|  0%| F|  |TAMS 0x0000000084c00000, 0x0000000084c00000| Untracked 
|  49|0x0000000084d00000, 0x0000000084d00000, 0x0000000084e00000|  0%| F|  |TAMS 0x0000000084d00000, 0x0000000084d00000| Untracked 
|  50|0x0000000084e00000, 0x0000000084e00000, 0x0000000084f00000|  0%| F|  |TAMS 0x0000000084e00000, 0x0000000084e00000| Untracked 
|  51|0x0000000084f00000, 0x0000000084f00000, 0x0000000085000000|  0%| F|  |TAMS 0x0000000084f00000, 0x0000000084f00000| Untracked 
|  52|0x0000000085000000, 0x0000000085000000, 0x0000000085100000|  0%| F|  |TAMS 0x0000000085000000, 0x0000000085000000| Untracked 
|  53|0x0000000085100000, 0x0000000085100000, 0x0000000085200000|  0%| F|  |TAMS 0x0000000085100000, 0x0000000085100000| Untracked 
|  54|0x0000000085200000, 0x0000000085200000, 0x0000000085300000|  0%| F|  |TAMS 0x0000000085200000, 0x0000000085200000| Untracked 
|  55|0x0000000085300000, 0x0000000085300000, 0x0000000085400000|  0%| F|  |TAMS 0x0000000085300000, 0x0000000085300000| Untracked 
|  56|0x0000000085400000, 0x0000000085400000, 0x0000000085500000|  0%| F|  |TAMS 0x0000000085400000, 0x0000000085400000| Untracked 
|  57|0x0000000085500000, 0x0000000085500000, 0x0000000085600000|  0%| F|  |TAMS 0x0000000085500000, 0x0000000085500000| Untracked 
|  58|0x0000000085600000, 0x0000000085600000, 0x0000000085700000|  0%| F|  |TAMS 0x0000000085600000, 0x0000000085600000| Untracked 
|  59|0x0000000085700000, 0x0000000085700000, 0x0000000085800000|  0%| F|  |TAMS 0x0000000085700000, 0x0000000085700000| Untracked 
|  60|0x0000000085800000, 0x0000000085800000, 0x0000000085900000|  0%| F|  |TAMS 0x0000000085800000, 0x0000000085800000| Untracked 
|  61|0x0000000085900000, 0x0000000085900000, 0x0000000085a00000|  0%| F|  |TAMS 0x0000000085900000, 0x0000000085900000| Untracked 
|  62|0x0000000085a00000, 0x0000000085a00000, 0x0000000085b00000|  0%| F|  |TAMS 0x0000000085a00000, 0x0000000085a00000| Untracked 
|  63|0x0000000085b00000, 0x0000000085b00000, 0x0000000085c00000|  0%| F|  |TAMS 0x0000000085b00000, 0x0000000085b00000| Untracked 
|  64|0x0000000085c00000, 0x0000000085c00000, 0x0000000085d00000|  0%| F|  |TAMS 0x0000000085c00000, 0x0000000085c00000| Untracked 
|  65|0x0000000085d00000, 0x0000000085d00000, 0x0000000085e00000|  0%| F|  |TAMS 0x0000000085d00000, 0x0000000085d00000| Untracked 
|  66|0x0000000085e00000, 0x0000000085e00000, 0x0000000085f00000|  0%| F|  |TAMS 0x0000000085e00000, 0x0000000085e00000| Untracked 
|  67|0x0000000085f00000, 0x0000000085f00000, 0x0000000086000000|  0%| F|  |TAMS 0x0000000085f00000, 0x0000000085f00000| Untracked 
|  68|0x0000000086000000, 0x0000000086000000, 0x0000000086100000|  0%| F|  |TAMS 0x0000000086000000, 0x0000000086000000| Untracked 
|  69|0x0000000086100000, 0x0000000086100000, 0x0000000086200000|  0%| F|  |TAMS 0x0000000086100000, 0x0000000086100000| Untracked 
|  70|0x0000000086200000, 0x00000000862c85c8, 0x0000000086300000| 78%| S|CS|TAMS 0x0000000086200000, 0x0000000086200000| Complete 
|  71|0x0000000086300000, 0x0000000086400000, 0x0000000086400000|100%| S|CS|TAMS 0x0000000086300000, 0x0000000086300000| Complete 
|  72|0x0000000086400000, 0x0000000086500000, 0x0000000086500000|100%| S|CS|TAMS 0x0000000086400000, 0x0000000086400000| Complete 
|  73|0x0000000086500000, 0x0000000086600000, 0x0000000086600000|100%| S|CS|TAMS 0x0000000086500000, 0x0000000086500000| Complete 
|  74|0x0000000086600000, 0x0000000086600000, 0x0000000086700000|  0%| F|  |TAMS 0x0000000086600000, 0x0000000086600000| Untracked 
|  75|0x0000000086700000, 0x0000000086700000, 0x0000000086800000|  0%| F|  |TAMS 0x0000000086700000, 0x0000000086700000| Untracked 
|  76|0x0000000086800000, 0x0000000086800000, 0x0000000086900000|  0%| F|  |TAMS 0x0000000086800000, 0x0000000086800000| Untracked 
|  77|0x0000000086900000, 0x0000000086900000, 0x0000000086a00000|  0%| F|  |TAMS 0x0000000086900000, 0x0000000086900000| Untracked 
|  78|0x0000000086a00000, 0x0000000086a00000, 0x0000000086b00000|  0%| F|  |TAMS 0x0000000086a00000, 0x0000000086a00000| Untracked 
|  79|0x0000000086b00000, 0x0000000086c00000, 0x0000000086c00000|100%| S|CS|TAMS 0x0000000086b00000, 0x0000000086b00000| Complete 
|  80|0x0000000086c00000, 0x0000000086c00000, 0x0000000086d00000|  0%| F|  |TAMS 0x0000000086c00000, 0x0000000086c00000| Untracked 
|  81|0x0000000086d00000, 0x0000000086d00000, 0x0000000086e00000|  0%| F|  |TAMS 0x0000000086d00000, 0x0000000086d00000| Untracked 
|  82|0x0000000086e00000, 0x0000000086e00000, 0x0000000086f00000|  0%| F|  |TAMS 0x0000000086e00000, 0x0000000086e00000| Untracked 
|  83|0x0000000086f00000, 0x0000000086f00000, 0x0000000087000000|  0%| F|  |TAMS 0x0000000086f00000, 0x0000000086f00000| Untracked 
|  84|0x0000000087000000, 0x0000000087000000, 0x0000000087100000|  0%| F|  |TAMS 0x0000000087000000, 0x0000000087000000| Untracked 
|  85|0x0000000087100000, 0x0000000087100000, 0x0000000087200000|  0%| F|  |TAMS 0x0000000087100000, 0x0000000087100000| Untracked 
|  86|0x0000000087200000, 0x0000000087200000, 0x0000000087300000|  0%| F|  |TAMS 0x0000000087200000, 0x0000000087200000| Untracked 
|  87|0x0000000087300000, 0x0000000087300000, 0x0000000087400000|  0%| F|  |TAMS 0x0000000087300000, 0x0000000087300000| Untracked 
|  88|0x0000000087400000, 0x0000000087400000, 0x0000000087500000|  0%| F|  |TAMS 0x0000000087400000, 0x0000000087400000| Untracked 
|  89|0x0000000087500000, 0x0000000087500000, 0x0000000087600000|  0%| F|  |TAMS 0x0000000087500000, 0x0000000087500000| Untracked 
|  90|0x0000000087600000, 0x0000000087600000, 0x0000000087700000|  0%| F|  |TAMS 0x0000000087600000, 0x0000000087600000| Untracked 
|  91|0x0000000087700000, 0x0000000087700000, 0x0000000087800000|  0%| F|  |TAMS 0x0000000087700000, 0x0000000087700000| Untracked 
|  92|0x0000000087800000, 0x0000000087800000, 0x0000000087900000|  0%| F|  |TAMS 0x0000000087800000, 0x0000000087800000| Untracked 
|  93|0x0000000087900000, 0x0000000087900000, 0x0000000087a00000|  0%| F|  |TAMS 0x0000000087900000, 0x0000000087900000| Untracked 
|  94|0x0000000087a00000, 0x0000000087a00000, 0x0000000087b00000|  0%| F|  |TAMS 0x0000000087a00000, 0x0000000087a00000| Untracked 
|  95|0x0000000087b00000, 0x0000000087b00000, 0x0000000087c00000|  0%| F|  |TAMS 0x0000000087b00000, 0x0000000087b00000| Untracked 
|  96|0x0000000087c00000, 0x0000000087c00000, 0x0000000087d00000|  0%| F|  |TAMS 0x0000000087c00000, 0x0000000087c00000| Untracked 
|  97|0x0000000087d00000, 0x0000000087d00000, 0x0000000087e00000|  0%| F|  |TAMS 0x0000000087d00000, 0x0000000087d00000| Untracked 
|  98|0x0000000087e00000, 0x0000000087e2b248, 0x0000000087f00000| 16%| E|  |TAMS 0x0000000087e00000, 0x0000000087e00000| Complete 
|  99|0x0000000087f00000, 0x0000000088000000, 0x0000000088000000|100%| E|CS|TAMS 0x0000000087f00000, 0x0000000087f00000| Complete 
| 100|0x0000000088000000, 0x0000000088100000, 0x0000000088100000|100%| E|CS|TAMS 0x0000000088000000, 0x0000000088000000| Complete 
| 101|0x0000000088100000, 0x0000000088200000, 0x0000000088200000|100%| E|CS|TAMS 0x0000000088100000, 0x0000000088100000| Complete 
| 102|0x0000000088200000, 0x0000000088300000, 0x0000000088300000|100%| E|CS|TAMS 0x0000000088200000, 0x0000000088200000| Complete 
| 103|0x0000000088300000, 0x0000000088400000, 0x0000000088400000|100%| E|  |TAMS 0x0000000088300000, 0x0000000088300000| Complete 
| 104|0x0000000088400000, 0x0000000088500000, 0x0000000088500000|100%| E|CS|TAMS 0x0000000088400000, 0x0000000088400000| Complete 
| 105|0x0000000088500000, 0x0000000088600000, 0x0000000088600000|100%| E|CS|TAMS 0x0000000088500000, 0x0000000088500000| Complete 
| 106|0x0000000088600000, 0x0000000088700000, 0x0000000088700000|100%| E|CS|TAMS 0x0000000088600000, 0x0000000088600000| Complete 
| 107|0x0000000088700000, 0x0000000088800000, 0x0000000088800000|100%| E|CS|TAMS 0x0000000088700000, 0x0000000088700000| Complete 
| 108|0x0000000088800000, 0x0000000088900000, 0x0000000088900000|100%| E|CS|TAMS 0x0000000088800000, 0x0000000088800000| Complete 
| 109|0x0000000088900000, 0x0000000088a00000, 0x0000000088a00000|100%| E|CS|TAMS 0x0000000088900000, 0x0000000088900000| Complete 
| 110|0x0000000088a00000, 0x0000000088b00000, 0x0000000088b00000|100%| E|CS|TAMS 0x0000000088a00000, 0x0000000088a00000| Complete 
| 111|0x0000000088b00000, 0x0000000088c00000, 0x0000000088c00000|100%| E|CS|TAMS 0x0000000088b00000, 0x0000000088b00000| Complete 
| 112|0x0000000088c00000, 0x0000000088d00000, 0x0000000088d00000|100%| E|CS|TAMS 0x0000000088c00000, 0x0000000088c00000| Complete 
| 113|0x0000000088d00000, 0x0000000088e00000, 0x0000000088e00000|100%| E|CS|TAMS 0x0000000088d00000, 0x0000000088d00000| Complete 
| 114|0x0000000088e00000, 0x0000000088f00000, 0x0000000088f00000|100%| E|CS|TAMS 0x0000000088e00000, 0x0000000088e00000| Complete 
| 115|0x0000000088f00000, 0x0000000089000000, 0x0000000089000000|100%| E|CS|TAMS 0x0000000088f00000, 0x0000000088f00000| Complete 
| 116|0x0000000089000000, 0x0000000089100000, 0x0000000089100000|100%| E|CS|TAMS 0x0000000089000000, 0x0000000089000000| Complete 
| 117|0x0000000089100000, 0x0000000089200000, 0x0000000089200000|100%| E|CS|TAMS 0x0000000089100000, 0x0000000089100000| Complete 
| 118|0x0000000089200000, 0x0000000089300000, 0x0000000089300000|100%| E|CS|TAMS 0x0000000089200000, 0x0000000089200000| Complete 
| 119|0x0000000089300000, 0x0000000089400000, 0x0000000089400000|100%| E|CS|TAMS 0x0000000089300000, 0x0000000089300000| Complete 
| 120|0x0000000089400000, 0x0000000089500000, 0x0000000089500000|100%| E|CS|TAMS 0x0000000089400000, 0x0000000089400000| Complete 
| 121|0x0000000089500000, 0x0000000089600000, 0x0000000089600000|100%| E|CS|TAMS 0x0000000089500000, 0x0000000089500000| Complete 
| 122|0x0000000089600000, 0x0000000089700000, 0x0000000089700000|100%| E|CS|TAMS 0x0000000089600000, 0x0000000089600000| Complete 
| 123|0x0000000089700000, 0x0000000089800000, 0x0000000089800000|100%| E|CS|TAMS 0x0000000089700000, 0x0000000089700000| Complete 
| 124|0x0000000089800000, 0x0000000089900000, 0x0000000089900000|100%| E|CS|TAMS 0x0000000089800000, 0x0000000089800000| Complete 
| 125|0x0000000089900000, 0x0000000089a00000, 0x0000000089a00000|100%| E|CS|TAMS 0x0000000089900000, 0x0000000089900000| Complete 
| 126|0x0000000089a00000, 0x0000000089b00000, 0x0000000089b00000|100%| E|CS|TAMS 0x0000000089a00000, 0x0000000089a00000| Complete 
| 127|0x0000000089b00000, 0x0000000089c00000, 0x0000000089c00000|100%| E|CS|TAMS 0x0000000089b00000, 0x0000000089b00000| Complete 
| 128|0x0000000089c00000, 0x0000000089d00000, 0x0000000089d00000|100%| E|CS|TAMS 0x0000000089c00000, 0x0000000089c00000| Complete 
| 129|0x0000000089d00000, 0x0000000089e00000, 0x0000000089e00000|100%| E|CS|TAMS 0x0000000089d00000, 0x0000000089d00000| Complete 
| 130|0x0000000089e00000, 0x0000000089f00000, 0x0000000089f00000|100%| E|CS|TAMS 0x0000000089e00000, 0x0000000089e00000| Complete 
| 131|0x0000000089f00000, 0x000000008a000000, 0x000000008a000000|100%| E|CS|TAMS 0x0000000089f00000, 0x0000000089f00000| Complete 
| 132|0x000000008a000000, 0x000000008a100000, 0x000000008a100000|100%| E|CS|TAMS 0x000000008a000000, 0x000000008a000000| Complete 
| 133|0x000000008a100000, 0x000000008a200000, 0x000000008a200000|100%| E|CS|TAMS 0x000000008a100000, 0x000000008a100000| Complete 
| 134|0x000000008a200000, 0x000000008a300000, 0x000000008a300000|100%| E|CS|TAMS 0x000000008a200000, 0x000000008a200000| Complete 
| 135|0x000000008a300000, 0x000000008a400000, 0x000000008a400000|100%| E|CS|TAMS 0x000000008a300000, 0x000000008a300000| Complete 
| 136|0x000000008a400000, 0x000000008a500000, 0x000000008a500000|100%| E|CS|TAMS 0x000000008a400000, 0x000000008a400000| Complete 
| 137|0x000000008a500000, 0x000000008a600000, 0x000000008a600000|100%| E|CS|TAMS 0x000000008a500000, 0x000000008a500000| Complete 
| 138|0x000000008a600000, 0x000000008a700000, 0x000000008a700000|100%| E|CS|TAMS 0x000000008a600000, 0x000000008a600000| Complete 
| 139|0x000000008a700000, 0x000000008a800000, 0x000000008a800000|100%| E|CS|TAMS 0x000000008a700000, 0x000000008a700000| Complete 
| 140|0x000000008a800000, 0x000000008a900000, 0x000000008a900000|100%| E|CS|TAMS 0x000000008a800000, 0x000000008a800000| Complete 
| 141|0x000000008a900000, 0x000000008aa00000, 0x000000008aa00000|100%| E|CS|TAMS 0x000000008a900000, 0x000000008a900000| Complete 
| 142|0x000000008aa00000, 0x000000008ab00000, 0x000000008ab00000|100%| E|CS|TAMS 0x000000008aa00000, 0x000000008aa00000| Complete 
| 143|0x000000008ab00000, 0x000000008ac00000, 0x000000008ac00000|100%| E|CS|TAMS 0x000000008ab00000, 0x000000008ab00000| Complete 
| 144|0x000000008ac00000, 0x000000008ad00000, 0x000000008ad00000|100%| E|CS|TAMS 0x000000008ac00000, 0x000000008ac00000| Complete 
| 145|0x000000008ad00000, 0x000000008ae00000, 0x000000008ae00000|100%| E|CS|TAMS 0x000000008ad00000, 0x000000008ad00000| Complete 
| 146|0x000000008ae00000, 0x000000008af00000, 0x000000008af00000|100%| E|CS|TAMS 0x000000008ae00000, 0x000000008ae00000| Complete 
| 147|0x000000008af00000, 0x000000008b000000, 0x000000008b000000|100%| E|CS|TAMS 0x000000008af00000, 0x000000008af00000| Complete 
| 148|0x000000008b000000, 0x000000008b100000, 0x000000008b100000|100%| E|CS|TAMS 0x000000008b000000, 0x000000008b000000| Complete 
| 149|0x000000008b100000, 0x000000008b200000, 0x000000008b200000|100%| E|CS|TAMS 0x000000008b100000, 0x000000008b100000| Complete 
| 150|0x000000008b200000, 0x000000008b300000, 0x000000008b300000|100%| E|CS|TAMS 0x000000008b200000, 0x000000008b200000| Complete 
| 151|0x000000008b300000, 0x000000008b400000, 0x000000008b400000|100%| E|CS|TAMS 0x000000008b300000, 0x000000008b300000| Complete 
| 152|0x000000008b400000, 0x000000008b500000, 0x000000008b500000|100%| E|CS|TAMS 0x000000008b400000, 0x000000008b400000| Complete 
| 153|0x000000008b500000, 0x000000008b600000, 0x000000008b600000|100%| E|CS|TAMS 0x000000008b500000, 0x000000008b500000| Complete 
| 154|0x000000008b600000, 0x000000008b700000, 0x000000008b700000|100%| E|CS|TAMS 0x000000008b600000, 0x000000008b600000| Complete 
| 155|0x000000008b700000, 0x000000008b800000, 0x000000008b800000|100%| E|CS|TAMS 0x000000008b700000, 0x000000008b700000| Complete 
| 156|0x000000008b800000, 0x000000008b900000, 0x000000008b900000|100%| E|CS|TAMS 0x000000008b800000, 0x000000008b800000| Complete 
| 157|0x000000008b900000, 0x000000008ba00000, 0x000000008ba00000|100%| E|CS|TAMS 0x000000008b900000, 0x000000008b900000| Complete 
| 158|0x000000008ba00000, 0x000000008bb00000, 0x000000008bb00000|100%| E|CS|TAMS 0x000000008ba00000, 0x000000008ba00000| Complete 
| 159|0x000000008bb00000, 0x000000008bc00000, 0x000000008bc00000|100%| E|CS|TAMS 0x000000008bb00000, 0x000000008bb00000| Complete 
| 160|0x000000008bc00000, 0x000000008bd00000, 0x000000008bd00000|100%| E|CS|TAMS 0x000000008bc00000, 0x000000008bc00000| Complete 
| 161|0x000000008bd00000, 0x000000008be00000, 0x000000008be00000|100%| E|CS|TAMS 0x000000008bd00000, 0x000000008bd00000| Complete 
| 162|0x000000008be00000, 0x000000008bf00000, 0x000000008bf00000|100%| E|CS|TAMS 0x000000008be00000, 0x000000008be00000| Complete 
| 163|0x000000008bf00000, 0x000000008c000000, 0x000000008c000000|100%| E|CS|TAMS 0x000000008bf00000, 0x000000008bf00000| Complete 
| 164|0x000000008c000000, 0x000000008c100000, 0x000000008c100000|100%| E|CS|TAMS 0x000000008c000000, 0x000000008c000000| Complete 
| 165|0x000000008c100000, 0x000000008c200000, 0x000000008c200000|100%| E|CS|TAMS 0x000000008c100000, 0x000000008c100000| Complete 
| 166|0x000000008c200000, 0x000000008c300000, 0x000000008c300000|100%| E|CS|TAMS 0x000000008c200000, 0x000000008c200000| Complete 
| 167|0x000000008c300000, 0x000000008c400000, 0x000000008c400000|100%| E|CS|TAMS 0x000000008c300000, 0x000000008c300000| Complete 
| 168|0x000000008c400000, 0x000000008c500000, 0x000000008c500000|100%| E|CS|TAMS 0x000000008c400000, 0x000000008c400000| Complete 
| 169|0x000000008c500000, 0x000000008c600000, 0x000000008c600000|100%| E|CS|TAMS 0x000000008c500000, 0x000000008c500000| Complete 
| 170|0x000000008c600000, 0x000000008c700000, 0x000000008c700000|100%| E|CS|TAMS 0x000000008c600000, 0x000000008c600000| Complete 
| 171|0x000000008c700000, 0x000000008c800000, 0x000000008c800000|100%| E|CS|TAMS 0x000000008c700000, 0x000000008c700000| Complete 
| 172|0x000000008c800000, 0x000000008c900000, 0x000000008c900000|100%| E|CS|TAMS 0x000000008c800000, 0x000000008c800000| Complete 
| 173|0x000000008c900000, 0x000000008ca00000, 0x000000008ca00000|100%| E|CS|TAMS 0x000000008c900000, 0x000000008c900000| Complete 
| 174|0x000000008ca00000, 0x000000008cb00000, 0x000000008cb00000|100%| E|CS|TAMS 0x000000008ca00000, 0x000000008ca00000| Complete 
| 175|0x000000008cb00000, 0x000000008cc00000, 0x000000008cc00000|100%| E|CS|TAMS 0x000000008cb00000, 0x000000008cb00000| Complete 
| 176|0x000000008cc00000, 0x000000008cd00000, 0x000000008cd00000|100%| E|CS|TAMS 0x000000008cc00000, 0x000000008cc00000| Complete 
| 177|0x000000008cd00000, 0x000000008ce00000, 0x000000008ce00000|100%| E|CS|TAMS 0x000000008cd00000, 0x000000008cd00000| Complete 
| 178|0x000000008ce00000, 0x000000008cf00000, 0x000000008cf00000|100%| E|CS|TAMS 0x000000008ce00000, 0x000000008ce00000| Complete 
| 179|0x000000008cf00000, 0x000000008d000000, 0x000000008d000000|100%| E|CS|TAMS 0x000000008cf00000, 0x000000008cf00000| Complete 
| 180|0x000000008d000000, 0x000000008d100000, 0x000000008d100000|100%| E|CS|TAMS 0x000000008d000000, 0x000000008d000000| Complete 
| 181|0x000000008d100000, 0x000000008d200000, 0x000000008d200000|100%| E|CS|TAMS 0x000000008d100000, 0x000000008d100000| Complete 
| 182|0x000000008d200000, 0x000000008d300000, 0x000000008d300000|100%| E|CS|TAMS 0x000000008d200000, 0x000000008d200000| Complete 
| 183|0x000000008d300000, 0x000000008d400000, 0x000000008d400000|100%| E|CS|TAMS 0x000000008d300000, 0x000000008d300000| Complete 
| 184|0x000000008d400000, 0x000000008d500000, 0x000000008d500000|100%| E|CS|TAMS 0x000000008d400000, 0x000000008d400000| Complete 

Card table byte_map: [0x000002e829b40000,0x000002e829f40000] _byte_map_base: 0x000002e829732000

Marking Bits (Prev, Next): (CMBitMap*) 0x000002e811df1680, (CMBitMap*) 0x000002e811df1648
 Prev Bits: [0x000002e82c2d0000, 0x000002e82e260000)
 Next Bits: [0x000002e82a340000, 0x000002e82c2d0000)

Polling page: 0x000002e80fd50000

Metaspace:

Usage:
  Non-class:     76.21 MB capacity,    74.90 MB ( 98%) used,     1.04 MB (  1%) free+waste,   279.19 KB ( <1%) overhead. 
      Class:     11.18 MB capacity,    10.38 MB ( 93%) used,   696.48 KB (  6%) free+waste,   125.13 KB (  1%) overhead. 
       Both:     87.39 MB capacity,    85.28 MB ( 98%) used,     1.72 MB (  2%) free+waste,   404.31 KB ( <1%) overhead. 

Virtual space:
  Non-class space:       78.00 MB reserved,      76.25 MB ( 98%) committed 
      Class space:        1.00 GB reserved,      11.25 MB (  1%) committed 
             Both:        1.08 GB reserved,      87.50 MB (  8%) committed 

Chunk freelists:
   Non-Class:  41.00 KB
       Class:  3.00 KB
        Both:  44.00 KB

MaxMetaspaceSize: 17179869184.00 GB
CompressedClassSpaceSize: 1.00 GB

CodeHeap 'non-profiled nmethods': size=120000Kb used=9275Kb max_used=9275Kb free=110724Kb
 bounds [0x000002e821ee0000, 0x000002e8227f0000, 0x000002e829410000]
CodeHeap 'profiled nmethods': size=120000Kb used=24957Kb max_used=24957Kb free=95042Kb
 bounds [0x000002e81a9b0000, 0x000002e81c220000, 0x000002e821ee0000]
CodeHeap 'non-nmethods': size=5760Kb used=1368Kb max_used=1472Kb free=4391Kb
 bounds [0x000002e81a410000, 0x000002e81a680000, 0x000002e81a9b0000]
 total_blobs=11271 nmethods=10593 adapters=596
 compilation: enabled
              stopped_count=0, restarted_count=0
 full_count=0

Compilation events (20 events):
Event: 343.022 Thread 0x000002e83162c000 10901       3       javax.servlet.http.HttpServletResponseWrapper::sendError (11 bytes)
Event: 343.022 Thread 0x000002e83162c000 nmethod 10901 0x000002e81c1fe890 code [0x000002e81c1fea60, 0x000002e81c1feda8]
Event: 343.022 Thread 0x000002e83162c000 10902       3       org.springframework.security.web.FilterChainProxy$VirtualFilterChain::<init> (35 bytes)
Event: 343.022 Thread 0x000002e83162c000 nmethod 10902 0x000002e81c1fef10 code [0x000002e81c1ff0e0, 0x000002e81c1ff428]
Event: 343.022 Thread 0x000002e83162c000 10903       1       org.springframework.web.servlet.mvc.method.RequestMappingInfo::getProducesCondition (5 bytes)
Event: 343.023 Thread 0x000002e83162c000 nmethod 10903 0x000002e8227ec890 code [0x000002e8227eca40, 0x000002e8227ecaf8]
Event: 343.025 Thread 0x000002e83162c000 10906       3       org.springframework.security.core.context.ThreadLocalSecurityContextHolderStrategy::getContext (28 bytes)
Event: 343.025 Thread 0x000002e83162c000 nmethod 10906 0x000002e81c1ff590 code [0x000002e81c1ff7c0, 0x000002e81c2000a8]
Event: 343.025 Thread 0x000002e83162c000 10907       3       jdk.internal.misc.Unsafe::putByte (8 bytes)
Event: 343.026 Thread 0x000002e83162c000 nmethod 10907 0x000002e81c200390 code [0x000002e81c200540, 0x000002e81c200658]
Event: 343.026 Thread 0x000002e83162c000 10908   !   3       java.nio.DirectByteBuffer::put (31 bytes)
Event: 343.026 Thread 0x000002e83162c000 nmethod 10908 0x000002e81c200710 code [0x000002e81c200920, 0x000002e81c200dc8]
Event: 343.026 Thread 0x000002e83162c000 10909       1       org.springframework.web.servlet.mvc.condition.PatternsRequestCondition::getPatterns (5 bytes)
Event: 343.026 Thread 0x000002e83162c000 nmethod 10909 0x000002e8227ecb90 code [0x000002e8227ecd40, 0x000002e8227ecdf8]
Event: 343.028 Thread 0x000002e83162c000 10910       3       org.springframework.web.servlet.mvc.condition.AbstractRequestCondition::<init> (5 bytes)
Event: 343.029 Thread 0x000002e83162c000 nmethod 10910 0x000002e81c201090 code [0x000002e81c201240, 0x000002e81c201398]
Event: 343.032 Thread 0x000002e830cd7800 nmethod 10895 0x000002e8227ece90 code [0x000002e8227ed040, 0x000002e8227edc18]
Event: 343.032 Thread 0x000002e830cd7800 10905       4       java.util.Arrays::fill (21 bytes)
Event: 343.033 Thread 0x000002e83162c000 10912       3       java.lang.ThreadLocal$ThreadLocalMap::expungeStaleEntry (146 bytes)
Event: 343.034 Thread 0x000002e83162c000 nmethod 10912 0x000002e81c201490 code [0x000002e81c2016e0, 0x000002e81c2024d8]

GC Heap History (20 events):
Event: 6.237 GC heap before
{Heap before GC invocations=11 (full 0):
 garbage-first heap   total 157696K, used 44229K [0x0000000081c00000, 0x0000000100000000)
  region size 1024K, 29 young (29696K), 11 survivors (11264K)
 Metaspace       used 58773K, capacity 60096K, committed 60160K, reserved 1101824K
  class space    used 7143K, capacity 7623K, committed 7680K, reserved 1048576K
}
Event: 6.245 GC heap after
{Heap after GC invocations=12 (full 0):
 garbage-first heap   total 189440K, used 24971K [0x0000000081c00000, 0x0000000100000000)
  region size 1024K, 4 young (4096K), 4 survivors (4096K)
 Metaspace       used 58773K, capacity 60096K, committed 60160K, reserved 1101824K
  class space    used 7143K, capacity 7623K, committed 7680K, reserved 1048576K
}
Event: 7.613 GC heap before
{Heap before GC invocations=13 (full 0):
 garbage-first heap   total 189440K, used 134539K [0x0000000081c00000, 0x0000000100000000)
  region size 1024K, 111 young (113664K), 4 survivors (4096K)
 Metaspace       used 70774K, capacity 72476K, committed 72704K, reserved 1112064K
  class space    used 8801K, capacity 9445K, committed 9472K, reserved 1048576K
}
Event: 7.623 GC heap after
{Heap after GC invocations=14 (full 0):
 garbage-first heap   total 189440K, used 27798K [0x0000000081c00000, 0x0000000100000000)
  region size 1024K, 7 young (7168K), 7 survivors (7168K)
 Metaspace       used 70774K, capacity 72476K, committed 72704K, reserved 1112064K
  class space    used 8801K, capacity 9445K, committed 9472K, reserved 1048576K
}
Event: 10.310 GC heap before
{Heap before GC invocations=14 (full 0):
 garbage-first heap   total 189440K, used 134294K [0x0000000081c00000, 0x0000000100000000)
  region size 1024K, 111 young (113664K), 7 survivors (7168K)
 Metaspace       used 77960K, capacity 79894K, committed 80256K, reserved 1118208K
  class space    used 9778K, capacity 10507K, committed 10624K, reserved 1048576K
}
Event: 10.318 GC heap after
{Heap after GC invocations=15 (full 0):
 garbage-first heap   total 189440K, used 33311K [0x0000000081c00000, 0x0000000100000000)
  region size 1024K, 13 young (13312K), 13 survivors (13312K)
 Metaspace       used 77960K, capacity 79894K, committed 80256K, reserved 1118208K
  class space    used 9778K, capacity 10507K, committed 10624K, reserved 1048576K
}
Event: 32.862 GC heap before
{Heap before GC invocations=15 (full 0):
 garbage-first heap   total 189440K, used 132639K [0x0000000081c00000, 0x0000000100000000)
  region size 1024K, 111 young (113664K), 13 survivors (13312K)
 Metaspace       used 84447K, capacity 86521K, committed 86656K, reserved 1124352K
  class space    used 10505K, capacity 11283K, committed 11392K, reserved 1048576K
}
Event: 32.874 GC heap after
{Heap after GC invocations=16 (full 0):
 garbage-first heap   total 189440K, used 37955K [0x0000000081c00000, 0x0000000100000000)
  region size 1024K, 11 young (11264K), 11 survivors (11264K)
 Metaspace       used 84447K, capacity 86521K, committed 86656K, reserved 1124352K
  class space    used 10505K, capacity 11283K, committed 11392K, reserved 1048576K
}
Event: 62.453 GC heap before
{Heap before GC invocations=16 (full 0):
 garbage-first heap   total 189440K, used 140355K [0x0000000081c00000, 0x0000000100000000)
  region size 1024K, 111 young (113664K), 11 survivors (11264K)
 Metaspace       used 86250K, capacity 88393K, committed 88576K, reserved 1126400K
  class space    used 10619K, capacity 11413K, committed 11520K, reserved 1048576K
}
Event: 62.461 GC heap after
{Heap after GC invocations=17 (full 0):
 garbage-first heap   total 189440K, used 37860K [0x0000000081c00000, 0x0000000100000000)
  region size 1024K, 5 young (5120K), 5 survivors (5120K)
 Metaspace       used 86250K, capacity 88393K, committed 88576K, reserved 1126400K
  class space    used 10619K, capacity 11413K, committed 11520K, reserved 1048576K
}
Event: 116.261 GC heap before
{Heap before GC invocations=17 (full 0):
 garbage-first heap   total 189440K, used 146404K [0x0000000081c00000, 0x0000000100000000)
  region size 1024K, 111 young (113664K), 5 survivors (5120K)
 Metaspace       used 86263K, capacity 88393K, committed 88576K, reserved 1126400K
  class space    used 10620K, capacity 11413K, committed 11520K, reserved 1048576K
}
Event: 116.265 GC heap after
{Heap after GC invocations=18 (full 0):
 garbage-first heap   total 189440K, used 37860K [0x0000000081c00000, 0x0000000100000000)
  region size 1024K, 5 young (5120K), 5 survivors (5120K)
 Metaspace       used 86263K, capacity 88393K, committed 88576K, reserved 1126400K
  class space    used 10620K, capacity 11413K, committed 11520K, reserved 1048576K
}
Event: 171.556 GC heap before
{Heap before GC invocations=18 (full 0):
 garbage-first heap   total 189440K, used 146404K [0x0000000081c00000, 0x0000000100000000)
  region size 1024K, 111 young (113664K), 5 survivors (5120K)
 Metaspace       used 86274K, capacity 88393K, committed 88576K, reserved 1126400K
  class space    used 10620K, capacity 11413K, committed 11520K, reserved 1048576K
}
Event: 171.559 GC heap after
{Heap after GC invocations=19 (full 0):
 garbage-first heap   total 189440K, used 37680K [0x0000000081c00000, 0x0000000100000000)
  region size 1024K, 5 young (5120K), 5 survivors (5120K)
 Metaspace       used 86274K, capacity 88393K, committed 88576K, reserved 1126400K
  class space    used 10620K, capacity 11413K, committed 11520K, reserved 1048576K
}
Event: 219.282 GC heap before
{Heap before GC invocations=19 (full 0):
 garbage-first heap   total 189440K, used 145200K [0x0000000081c00000, 0x0000000100000000)
  region size 1024K, 111 young (113664K), 5 survivors (5120K)
 Metaspace       used 86525K, capacity 88667K, committed 88832K, reserved 1126400K
  class space    used 10625K, capacity 11416K, committed 11520K, reserved 1048576K
}
Event: 219.286 GC heap after
{Heap after GC invocations=20 (full 0):
 garbage-first heap   total 189440K, used 37393K [0x0000000081c00000, 0x0000000100000000)
  region size 1024K, 5 young (5120K), 5 survivors (5120K)
 Metaspace       used 86525K, capacity 88667K, committed 88832K, reserved 1126400K
  class space    used 10625K, capacity 11416K, committed 11520K, reserved 1048576K
}
Event: 261.506 GC heap before
{Heap before GC invocations=20 (full 0):
 garbage-first heap   total 189440K, used 145937K [0x0000000081c00000, 0x0000000100000000)
  region size 1024K, 111 young (113664K), 5 survivors (5120K)
 Metaspace       used 86914K, capacity 89063K, committed 89344K, reserved 1126400K
  class space    used 10627K, capacity 11418K, committed 11520K, reserved 1048576K
}
Event: 261.510 GC heap after
{Heap after GC invocations=21 (full 0):
 garbage-first heap   total 189440K, used 38075K [0x0000000081c00000, 0x0000000100000000)
  region size 1024K, 6 young (6144K), 6 survivors (6144K)
 Metaspace       used 86914K, capacity 89063K, committed 89344K, reserved 1126400K
  class space    used 10627K, capacity 11418K, committed 11520K, reserved 1048576K
}
Event: 318.100 GC heap before
{Heap before GC invocations=21 (full 0):
 garbage-first heap   total 189440K, used 145595K [0x0000000081c00000, 0x0000000100000000)
  region size 1024K, 111 young (113664K), 6 survivors (6144K)
 Metaspace       used 86922K, capacity 89063K, committed 89344K, reserved 1126400K
  class space    used 10627K, capacity 11418K, committed 11520K, reserved 1048576K
}
Event: 318.104 GC heap after
{Heap after GC invocations=22 (full 0):
 garbage-first heap   total 189440K, used 37637K [0x0000000081c00000, 0x0000000100000000)
  region size 1024K, 5 young (5120K), 5 survivors (5120K)
 Metaspace       used 86922K, capacity 89063K, committed 89344K, reserved 1126400K
  class space    used 10627K, capacity 11418K, committed 11520K, reserved 1048576K
}

Deoptimization events (20 events):
Event: 343.035 Thread 0x000002e831f51000 DEOPT PACKING pc=0x000002e81c0af054 sp=0x000000ea25ef96e0
Event: 343.035 Thread 0x000002e831f51000 DEOPT UNPACKING pc=0x000002e81a44b94e sp=0x000000ea25ef8c38 mode 1
Event: 343.035 Thread 0x000002e831f51000 DEOPT PACKING pc=0x000002e81bd44864 sp=0x000000ea25ef97e0
Event: 343.035 Thread 0x000002e831f51000 DEOPT UNPACKING pc=0x000002e81a44b94e sp=0x000000ea25ef8d60 mode 1
Event: 343.035 Thread 0x000002e831f51000 DEOPT PACKING pc=0x000002e81c0af054 sp=0x000000ea25ef96e0
Event: 343.035 Thread 0x000002e831f51000 DEOPT UNPACKING pc=0x000002e81a44b94e sp=0x000000ea25ef8c38 mode 1
Event: 343.035 Thread 0x000002e831f51000 DEOPT PACKING pc=0x000002e81bd44864 sp=0x000000ea25ef97e0
Event: 343.035 Thread 0x000002e831f51000 DEOPT UNPACKING pc=0x000002e81a44b94e sp=0x000000ea25ef8d60 mode 1
Event: 343.035 Thread 0x000002e836a85800 DEOPT PACKING pc=0x000002e81c0af054 sp=0x000000ea25af9790
Event: 343.035 Thread 0x000002e836a85800 DEOPT UNPACKING pc=0x000002e81a44b94e sp=0x000000ea25af8ce8 mode 1
Event: 343.036 Thread 0x000002e831f51000 DEOPT PACKING pc=0x000002e81c0af054 sp=0x000000ea25ef96e0
Event: 343.036 Thread 0x000002e831f51000 DEOPT UNPACKING pc=0x000002e81a44b94e sp=0x000000ea25ef8c38 mode 1
Event: 343.036 Thread 0x000002e831f51000 DEOPT PACKING pc=0x000002e81bd44864 sp=0x000000ea25ef97e0
Event: 343.036 Thread 0x000002e831f51000 DEOPT UNPACKING pc=0x000002e81a44b94e sp=0x000000ea25ef8d60 mode 1
Event: 343.036 Thread 0x000002e836a85800 DEOPT PACKING pc=0x000002e81bd44864 sp=0x000000ea25af9890
Event: 343.036 Thread 0x000002e836a85800 DEOPT UNPACKING pc=0x000002e81a44b94e sp=0x000000ea25af8e10 mode 1
Event: 343.037 Thread 0x000002e836a85800 DEOPT PACKING pc=0x000002e81c0af054 sp=0x000000ea25af9790
Event: 343.037 Thread 0x000002e836a85800 DEOPT UNPACKING pc=0x000002e81a44b94e sp=0x000000ea25af8ce8 mode 1
Event: 343.037 Thread 0x000002e836a85800 DEOPT PACKING pc=0x000002e81bd44864 sp=0x000000ea25af9890
Event: 343.037 Thread 0x000002e836a85800 DEOPT UNPACKING pc=0x000002e81a44b94e sp=0x000000ea25af8e10 mode 1

Classes redefined (0 events):
No events

Internal exceptions (20 events):
Event: 33.122 Thread 0x000002e836a87800 Exception <a 'java/lang/ClassNotFoundException'{0x000000008d0e40f8}: org/springframework/security/core/CredentialsContainerCustomizer> (0x000000008d0e40f8) thrown at [./src/hotspot/share/classfile/systemDictionary.cpp, line 231]
Event: 43.306 Thread 0x000002e836a87800 Exception <a 'java/lang/ClassNotFoundException'{0x00000000898d1b00}: java/lang/ObjectCustomizer> (0x00000000898d1b00) thrown at [./src/hotspot/share/classfile/systemDictionary.cpp, line 231]
Event: 43.307 Thread 0x000002e836a87800 Exception <a 'java/lang/ClassNotFoundException'{0x00000000898ec340}: com/example/demo/entity/CartItemCustomizer> (0x00000000898ec340) thrown at [./src/hotspot/share/classfile/systemDictionary.cpp, line 231]
Event: 43.322 Thread 0x000002e836a87800 Exception <a 'java/lang/NoSuchMethodError'{0x00000000896a4928}: 'java.lang.Object java.lang.invoke.DirectMethodHandle$Holder.invokeSpecial(java.lang.Object, java.lang.Object, int, int, java.lang.Object, java.lang.Object, int)'> (0x00000000896a4928) thrown at [./src/hotspot/share/interpreter/linkResolver.cpp, line 773]
Event: 43.323 Thread 0x000002e836a87800 Exception <a 'java/lang/NoSuchMethodError'{0x00000000896a8b00}: 'java.lang.Object java.lang.invoke.DelegatingMethodHandle$Holder.reinvoke_L(java.lang.Object, int, int, java.lang.Object, java.lang.Object, int)'> (0x00000000896a8b00) thrown at [./src/hotspot/share/interpreter/linkResolver.cpp, line 773]
Event: 43.324 Thread 0x000002e836a87800 Exception <a 'java/lang/NoSuchMethodError'{0x00000000896c6078}: 'java.lang.Object java.lang.invoke.DirectMethodHandle$Holder.invokeSpecial(java.lang.Object, java.lang.Object, java.lang.Object, java.lang.Object, int)'> (0x00000000896c6078) thrown at [./src/hotspot/share/interpreter/linkResolver.cpp, line 773]
Event: 43.324 Thread 0x000002e836a87800 Exception <a 'java/lang/NoSuchMethodError'{0x00000000896c9e28}: 'java.lang.Object java.lang.invoke.Invokers$Holder.linkToTargetMethod(java.lang.Object, java.lang.Object, int, java.lang.Object)'> (0x00000000896c9e28) thrown at [./src/hotspot/share/interpreter/linkResolver.cpp, line 773]
Event: 43.327 Thread 0x000002e836a87800 Exception <a 'java/lang/reflect/InvocationTargetException'{0x00000000896e5a70}> (0x00000000896e5a70) thrown at [./src/hotspot/share/runtime/reflection.cpp, line 1247]
Event: 43.327 Thread 0x000002e836a87800 Exception <a 'java/lang/reflect/InvocationTargetException'{0x00000000896e67e0}> (0x00000000896e67e0) thrown at [./src/hotspot/share/runtime/reflection.cpp, line 1247]
Event: 43.327 Thread 0x000002e836a87800 Exception <a 'java/lang/reflect/InvocationTargetException'{0x00000000896e7550}> (0x00000000896e7550) thrown at [./src/hotspot/share/runtime/reflection.cpp, line 1247]
Event: 43.333 Thread 0x000002e836a87800 Exception <a 'java/lang/reflect/InvocationTargetException'{0x000000008954d2e0}> (0x000000008954d2e0) thrown at [./src/hotspot/share/runtime/reflection.cpp, line 1247]
Event: 43.337 Thread 0x000002e836a87800 Exception <a 'java/lang/NoClassDefFoundError'{0x0000000089588c78}: sun/reflect/Reflection> (0x0000000089588c78) thrown at [./src/hotspot/share/classfile/systemDictionary.cpp, line 220]
Event: 244.398 Thread 0x000002e836a89000 Exception <a 'java/lang/reflect/InvocationTargetException'{0x0000000088ea3a28}> (0x0000000088ea3a28) thrown at [./src/hotspot/share/runtime/reflection.cpp, line 1247]
Event: 244.398 Thread 0x000002e836a89000 Exception <a 'java/lang/reflect/InvocationTargetException'{0x0000000088ea4a28}> (0x0000000088ea4a28) thrown at [./src/hotspot/share/runtime/reflection.cpp, line 1247]
Event: 244.398 Thread 0x000002e836a89000 Exception <a 'java/lang/reflect/InvocationTargetException'{0x0000000088ea5798}> (0x0000000088ea5798) thrown at [./src/hotspot/share/runtime/reflection.cpp, line 1247]
Event: 244.399 Thread 0x000002e836a89000 Exception <a 'java/lang/reflect/InvocationTargetException'{0x0000000088eabae0}> (0x0000000088eabae0) thrown at [./src/hotspot/share/runtime/reflection.cpp, line 1247]
Event: 258.811 Thread 0x000002e836a89000 Exception <a 'java/lang/reflect/InvocationTargetException'{0x00000000871a3f08}> (0x00000000871a3f08) thrown at [./src/hotspot/share/runtime/reflection.cpp, line 1247]
Event: 258.811 Thread 0x000002e836a89000 Exception <a 'java/lang/reflect/InvocationTargetException'{0x00000000871a4eb8}> (0x00000000871a4eb8) thrown at [./src/hotspot/share/runtime/reflection.cpp, line 1247]
Event: 258.811 Thread 0x000002e836a89000 Exception <a 'java/lang/reflect/InvocationTargetException'{0x00000000871a5c28}> (0x00000000871a5c28) thrown at [./src/hotspot/share/runtime/reflection.cpp, line 1247]
Event: 258.812 Thread 0x000002e836a89000 Exception <a 'java/lang/reflect/InvocationTargetException'{0x00000000871abf70}> (0x00000000871abf70) thrown at [./src/hotspot/share/runtime/reflection.cpp, line 1247]

Events (20 events):
Event: 335.277 Executing VM operation: RevokeBias done
Event: 339.319 Thread 0x000002e831f4c000 Thread added: 0x000002e831f4c000
Event: 339.347 Executing VM operation: RevokeBias
Event: 339.347 Executing VM operation: RevokeBias done
Event: 339.393 Executing VM operation: RevokeBias
Event: 339.393 Executing VM operation: RevokeBias done
Event: 339.393 Executing VM operation: RevokeBias
Event: 339.393 Executing VM operation: RevokeBias done
Event: 339.393 Executing VM operation: RevokeBias
Event: 339.393 Executing VM operation: RevokeBias done
Event: 339.396 Executing VM operation: RevokeBias
Event: 339.397 Executing VM operation: RevokeBias done
Event: 339.398 Executing VM operation: RevokeBias
Event: 339.398 Executing VM operation: RevokeBias done
Event: 341.051 Executing VM operation: RevokeBias
Event: 341.051 Executing VM operation: RevokeBias done
Event: 341.052 Thread 0x000002e831f4c000 Thread exited: 0x000002e831f4c000
Event: 341.221 Thread 0x000002e831f4c000 Thread added: 0x000002e831f4c000
Event: 342.878 Thread 0x000002e831f4c000 Thread exited: 0x000002e831f4c000
Event: 342.892 Thread 0x000002e831f4c000 Thread added: 0x000002e831f4c000


Dynamic libraries:
0x00007ff77e810000 - 0x00007ff77e81d000 	C:\Program Files\AdoptOpenJDK\jdk-11.0.8.10-hotspot\bin\java.exe
0x00007ff823650000 - 0x00007ff823845000 	C:\WINDOWS\SYSTEM32\ntdll.dll
0x00007ff821d00000 - 0x00007ff821dbe000 	C:\WINDOWS\System32\KERNEL32.DLL
0x00007ff821050000 - 0x00007ff821318000 	C:\WINDOWS\System32\KERNELBASE.dll
0x00007ff8213b0000 - 0x00007ff8214b0000 	C:\WINDOWS\System32\ucrtbase.dll
0x00007ff81af40000 - 0x00007ff81af57000 	C:\Program Files\AdoptOpenJDK\jdk-11.0.8.10-hotspot\bin\jli.dll
0x00007ff821ee0000 - 0x00007ff822080000 	C:\WINDOWS\System32\USER32.dll
0x00007ff81ac80000 - 0x00007ff81ac95000 	C:\Program Files\AdoptOpenJDK\jdk-11.0.8.10-hotspot\bin\VCRUNTIME140.dll
0x00007ff804200000 - 0x00007ff80449a000 	C:\WINDOWS\WinSxS\amd64_microsoft.windows.common-controls_6595b64144ccf1df_6.0.19041.1110_none_60b5254171f9507e\COMCTL32.dll
0x00007ff820f60000 - 0x00007ff820f82000 	C:\WINDOWS\System32\win32u.dll
0x00007ff821c50000 - 0x00007ff821cee000 	C:\WINDOWS\System32\msvcrt.dll
0x00007ff8235b0000 - 0x00007ff8235db000 	C:\WINDOWS\System32\GDI32.dll
0x00007ff8214b0000 - 0x00007ff8215bd000 	C:\WINDOWS\System32\gdi32full.dll
0x00007ff820ec0000 - 0x00007ff820f5d000 	C:\WINDOWS\System32\msvcp_win.dll
0x00007ff8235e0000 - 0x00007ff823610000 	C:\WINDOWS\System32\IMM32.DLL
0x00007fffef1e0000 - 0x00007fffef27b000 	C:\Program Files\AdoptOpenJDK\jdk-11.0.8.10-hotspot\bin\msvcp140.dll
0x00007fffda9d0000 - 0x00007fffdb48d000 	C:\Program Files\AdoptOpenJDK\jdk-11.0.8.10-hotspot\bin\server\jvm.dll
0x00007ff8219f0000 - 0x00007ff821a9e000 	C:\WINDOWS\System32\ADVAPI32.dll
0x00007ff822fb0000 - 0x00007ff82304c000 	C:\WINDOWS\System32\sechost.dll
0x00007ff8222b0000 - 0x00007ff8223d5000 	C:\WINDOWS\System32\RPCRT4.dll
0x00007ff8231b0000 - 0x00007ff8231b8000 	C:\WINDOWS\System32\PSAPI.DLL
0x00007ff813a20000 - 0x00007ff813a47000 	C:\WINDOWS\SYSTEM32\WINMM.dll
0x00007ff819c50000 - 0x00007ff819c5a000 	C:\WINDOWS\SYSTEM32\VERSION.dll
0x00007ff811660000 - 0x00007ff811669000 	C:\WINDOWS\SYSTEM32\WSOCK32.dll
0x00007ff8231c0000 - 0x00007ff82322b000 	C:\WINDOWS\System32\WS2_32.dll
0x00007ff81f5e0000 - 0x00007ff81f5f2000 	C:\WINDOWS\SYSTEM32\kernel.appcore.dll
0x00007ff819880000 - 0x00007ff819890000 	C:\Program Files\AdoptOpenJDK\jdk-11.0.8.10-hotspot\bin\verify.dll
0x00007ff81eb50000 - 0x00007ff81ed34000 	C:\WINDOWS\SYSTEM32\DBGHELP.DLL
0x00007ff80ecc0000 - 0x00007ff80ecec000 	C:\WINDOWS\SYSTEM32\dbgcore.DLL
0x00007ff821320000 - 0x00007ff8213a2000 	C:\WINDOWS\System32\bcryptPrimitives.dll
0x00007ff819030000 - 0x00007ff819058000 	C:\Program Files\AdoptOpenJDK\jdk-11.0.8.10-hotspot\bin\java.dll
0x00007ff819830000 - 0x00007ff81983a000 	C:\Program Files\AdoptOpenJDK\jdk-11.0.8.10-hotspot\bin\jimage.dll
0x00007ff810120000 - 0x00007ff810158000 	C:\Program Files\AdoptOpenJDK\jdk-11.0.8.10-hotspot\bin\jdwp.dll
0x00007ff8194a0000 - 0x00007ff8194ae000 	C:\Program Files\AdoptOpenJDK\jdk-11.0.8.10-hotspot\bin\instrument.dll
0x00007ff816450000 - 0x00007ff816467000 	C:\Program Files\AdoptOpenJDK\jdk-11.0.8.10-hotspot\bin\zip.dll
0x00007ff8223e0000 - 0x00007ff822b24000 	C:\WINDOWS\System32\SHELL32.dll
0x00007ff81ee30000 - 0x00007ff81f5c4000 	C:\WINDOWS\SYSTEM32\windows.storage.dll
0x00007ff823250000 - 0x00007ff8235a5000 	C:\WINDOWS\System32\combase.dll
0x00007ff8206e0000 - 0x00007ff82070e000 	C:\WINDOWS\SYSTEM32\Wldp.dll
0x00007ff823050000 - 0x00007ff8230fd000 	C:\WINDOWS\System32\SHCORE.dll
0x00007ff821bf0000 - 0x00007ff821c45000 	C:\WINDOWS\System32\shlwapi.dll
0x00007ff820ca0000 - 0x00007ff820cbf000 	C:\WINDOWS\SYSTEM32\profapi.dll
0x00007ff8192f0000 - 0x00007ff8192fa000 	C:\Program Files\AdoptOpenJDK\jdk-11.0.8.10-hotspot\bin\dt_socket.dll
0x00007ff820440000 - 0x00007ff8204aa000 	C:\WINDOWS\system32\mswsock.dll
0x00007ff811b80000 - 0x00007ff811b99000 	C:\Program Files\AdoptOpenJDK\jdk-11.0.8.10-hotspot\bin\net.dll
0x00007ff818d20000 - 0x00007ff818e2c000 	C:\WINDOWS\SYSTEM32\WINHTTP.dll
0x00007ff811ab0000 - 0x00007ff811ac2000 	C:\Program Files\AdoptOpenJDK\jdk-11.0.8.10-hotspot\bin\nio.dll
0x00007ff819020000 - 0x00007ff819029000 	C:\Program Files\AdoptOpenJDK\jdk-11.0.8.10-hotspot\bin\management.dll
0x00007ff818770000 - 0x00007ff81877b000 	C:\Program Files\AdoptOpenJDK\jdk-11.0.8.10-hotspot\bin\management_ext.dll
0x00007ffff7500000 - 0x00007ffff7517000 	C:\WINDOWS\system32\napinsp.dll
0x00007ffff1290000 - 0x00007ffff12ab000 	C:\WINDOWS\system32\pnrpnsp.dll
0x00007ff81ac30000 - 0x00007ff81ac45000 	C:\WINDOWS\system32\wshbth.dll
0x00007ff81c010000 - 0x00007ff81c02d000 	C:\WINDOWS\system32\NLAapi.dll
0x00007ff820130000 - 0x00007ff82016b000 	C:\WINDOWS\SYSTEM32\IPHLPAPI.DLL
0x00007ff820170000 - 0x00007ff82023b000 	C:\WINDOWS\SYSTEM32\DNSAPI.dll
0x00007ff821cf0000 - 0x00007ff821cf8000 	C:\WINDOWS\System32\NSI.dll
0x00007ffff1a90000 - 0x00007ffff1aa2000 	C:\WINDOWS\System32\winrnr.dll
0x00007ff815580000 - 0x00007ff81558a000 	C:\Windows\System32\rasadhlp.dll
0x00007ff816ca0000 - 0x00007ff816d1f000 	C:\WINDOWS\System32\fwpuclnt.dll
0x00007ff8215c0000 - 0x00007ff8215e7000 	C:\WINDOWS\System32\bcrypt.dll
0x0000000180000000 - 0x0000000180285000 	D:\apache-tomcat-9.0.37\bin\tcnative-1.dll
0x00007ff820d60000 - 0x00007ff820eb6000 	C:\WINDOWS\System32\CRYPT32.dll
0x00007ff820640000 - 0x00007ff820658000 	C:\WINDOWS\SYSTEM32\CRYPTSP.dll
0x00007ff81fdc0000 - 0x00007ff81fdf4000 	C:\WINDOWS\system32\rsaenh.dll
0x00007ff820c60000 - 0x00007ff820c8e000 	C:\WINDOWS\SYSTEM32\USERENV.dll
0x00007ff820630000 - 0x00007ff82063c000 	C:\WINDOWS\SYSTEM32\CRYPTBASE.dll
0x00007ff817db0000 - 0x00007ff817dc7000 	C:\WINDOWS\SYSTEM32\dhcpcsvc6.DLL
0x00007ff817e80000 - 0x00007ff817e9d000 	C:\WINDOWS\SYSTEM32\dhcpcsvc.DLL
0x00007ff801e80000 - 0x00007ff801ea5000 	C:\Program Files\AdoptOpenJDK\jdk-11.0.8.10-hotspot\bin\sunec.dll
0x00007ff812200000 - 0x00007ff81220e000 	C:\Program Files\AdoptOpenJDK\jdk-11.0.8.10-hotspot\bin\sunmscapi.dll
0x00007ff820750000 - 0x00007ff820777000 	C:\WINDOWS\SYSTEM32\ncrypt.dll
0x00007ff820710000 - 0x00007ff82074b000 	C:\WINDOWS\SYSTEM32\NTASN1.dll

dbghelp: loaded successfully - version: 4.0.5 - missing functions: none
symbol engine: initialized successfully - sym options: 0x614 - pdb path: .;C:\Program Files\AdoptOpenJDK\jdk-11.0.8.10-hotspot\bin;C:\WINDOWS\SYSTEM32;C:\WINDOWS\WinSxS\amd64_microsoft.windows.common-controls_6595b64144ccf1df_6.0.19041.1110_none_60b5254171f9507e;C:\Program Files\AdoptOpenJDK\jdk-11.0.8.10-hotspot\bin\server;D:\apache-tomcat-9.0.37\bin

VM Arguments:
jvm_args: -agentlib:jdwp=transport=dt_socket,address=127.0.0.1:54467,suspend=y,server=n -javaagent:C:\Users\Admin\AppData\Local\JetBrains\IntelliJIdea2021.1\captureAgent\debugger-agent.jar -Dfile.encoding=UTF-8 
java_command: com.example.demo.SpringbootProjectApplication
java_class_path (initial): C:\Users\Admin\eclipse-workspace\Springboot_project\target\classes;C:\Users\Admin\AppData\Roaming\JetBrains\IntelliJIdea2021.1\javascript\extLibs\http_maxcdn.bootstrapcdn.com_bootstrap_3.4.1_css_bootstrap.css;C:\Users\Admin\.m2\repository\org\springframework\boot\spring-boot-starter-security\2.5.0\spring-boot-starter-security-2.5.0.jar;C:\Users\Admin\.m2\repository\org\springframework\boot\spring-boot-starter\2.5.0\spring-boot-starter-2.5.0.jar;C:\Users\Admin\.m2\repository\org\springframework\boot\spring-boot-starter-logging\2.5.0\spring-boot-starter-logging-2.5.0.jar;C:\Users\Admin\.m2\repository\ch\qos\logback\logback-classic\1.2.3\logback-classic-1.2.3.jar;C:\Users\Admin\.m2\repository\ch\qos\logback\logback-core\1.2.3\logback-core-1.2.3.jar;C:\Users\Admin\.m2\repository\org\apache\logging\log4j\log4j-to-slf4j\2.14.1\log4j-to-slf4j-2.14.1.jar;C:\Users\Admin\.m2\repository\org\apache\logging\log4j\log4j-api\2.14.1\log4j-api-2.14.1.jar;C:\Users\Admin\.m2\repository\org\slf4j\jul-to-slf4j\1.7.30\jul-to-slf4j-1.7.30.jar;C:\Users\Admin\.m2\repository\jakarta\annotation\jakarta.annotation-api\1.3.5\jakarta.annotation-api-1.3.5.jar;C:\Users\Admin\.m2\repository\org\yaml\snakeyaml\1.28\snakeyaml-1.28.jar;C:\Users\Admin\.m2\repository\org\springframework\spring-aop\5.3.7\spring-aop-5.3.7.jar;C:\Users\Admin\.m2\repository\org\springframework\spring-beans\5.3.7\spring-beans-5.3.7.jar;C:\Users\Admin\.m2\repository\org\springframework\security\spring-security-config\5.5.0\spring-security-config-5.5.0.jar;C:\Users\Admin\.m2\repository\org\springframework\spring-context\5.3.7\spring-context-5.3.7.jar;C:\Users\Admin\.m2\repository\org\jetbrains\kotlin\kotlin-stdlib-jdk8\1.5.0\kotlin-stdlib-jdk8-1.5.0.jar;C:\Users\Admin\.m2\repository\org\jetbrains\kotlin\kotlin-stdlib\1.5.0\kotlin-stdlib-1.5.0.jar;C:\Users\Admin\.m2\repository\org\jetbrains\annotations\13.0\annotations-13.0.jar;C:\Users\Admin\.m2\repository\org\jetbrains\kotlin\kotlin-stdlib-common\
Launcher Type: SUN_STANDARD

[Global flags]
     intx CICompilerCount                          = 4                                         {product} {ergonomic}
     uint ConcGCThreads                            = 2                                         {product} {ergonomic}
     uint G1ConcRefinementThreads                  = 8                                         {product} {ergonomic}
   size_t G1HeapRegionSize                         = 1048576                                   {product} {ergonomic}
    uintx GCDrainStackTargetSize                   = 64                                        {product} {ergonomic}
   size_t InitialHeapSize                          = 134217728                                 {product} {ergonomic}
   size_t MarkStackSize                            = 4194304                                   {product} {ergonomic}
   size_t MaxHeapSize                              = 2118123520                                {product} {ergonomic}
   size_t MaxNewSize                               = 1270874112                                {product} {ergonomic}
   size_t MinHeapDeltaBytes                        = 1048576                                   {product} {ergonomic}
    uintx NonNMethodCodeHeapSize                   = 5836300                                {pd product} {ergonomic}
    uintx NonProfiledCodeHeapSize                  = 122910970                              {pd product} {ergonomic}
    uintx ProfiledCodeHeapSize                     = 122910970                              {pd product} {ergonomic}
    uintx ReservedCodeCacheSize                    = 251658240                              {pd product} {ergonomic}
     bool SegmentedCodeCache                       = true                                      {product} {ergonomic}
     bool UseCompressedClassPointers               = true                                 {lp64_product} {ergonomic}
     bool UseCompressedOops                        = true                                 {lp64_product} {ergonomic}
     bool UseG1GC                                  = true                                      {product} {ergonomic}
     bool UseLargePagesIndividualAllocation        = false                                  {pd product} {ergonomic}

Logging:
Log output configuration:
 #0: stdout all=warning uptime,level,tags
 #1: stderr all=off uptime,level,tags

Environment Variables:
JAVA_HOME=C:\Program Files\AdoptOpenJDK\jdk-11.0.8.10-hotspot\
PATH=C:\Program Files\AdoptOpenJDK\jdk-11.0.8.10-hotspot\bin;C:\WINDOWS\system32;C:\WINDOWS;C:\WINDOWS\System32\Wbem;C:\WINDOWS\System32\WindowsPowerShell\v1.0\;C:\WINDOWS\System32\OpenSSH\;C:\Program Files (x86)\Microsoft SQL Server\110\Tools\Binn\ManagementStudio\;C:\Program Files (x86)\Microsoft SQL Server\110\Tools\Binn\;C:\Program Files\Microsoft SQL Server\110\Tools\Binn\;C:\Program Files (x86)\Microsoft SQL Server\110\DTS\Binn\;C:\Program Files\Microsoft SQL Server\Client SDK\ODBC\110\Tools\Binn\;C:\Program Files (x86)\Microsoft SQL Server\120\Tools\Binn\;C:\Program Files\Microsoft SQL Server\120\Tools\Binn\;C:\Program Files\Microsoft SQL Server\120\DTS\Binn\;C:\Program Files (x86)\Microsoft SQL Server\120\Tools\Binn\ManagementStudio\;C:\Program Files (x86)\Microsoft SQL Server\120\DTS\Binn\;C:\Users\Admin\Downloads\apache-maven-3.6.0;C:\Users\Admin\Downloads\apache-maven-3.6.0\bin;C:\Program Files\NVIDIA Corporation\NVIDIA NvDLISR;C:\Program Files (x86)\NVIDIA Corporation\PhysX\Common;C:\Users\Admin\Downloads\apache-maven-3.6.0\bin;C:\Program Files\nodejs\;C:\Program Files\Git\cmd;C:\WINDOWS\system32;C:\WINDOWS;C:\WINDOWS\System32\Wbem;C:\WINDOWS\System32\WindowsPowerShell\v1.0\;C:\WINDOWS\System32\OpenSSH\;C:\Users\Admin\AppData\Local\Microsoft\WindowsApps;C:\Users\Admin\AppData\Local\Programs\Microsoft VS Code\bin;D:\apache-tomcat-9.0.37\bin;C:\Users\Admin\AppData\Roaming\npm;
USERNAME=Admin
OS=Windows_NT
PROCESSOR_IDENTIFIER=Intel64 Family 6 Model 158 Stepping 10, GenuineIntel



---------------  S Y S T E M  ---------------

OS: Windows 10 , 64 bit Build 19041 (10.0.19041.1503)
OS uptime: 7 days 20:16 hours

CPU:total 8 (initial active 8) (4 cores per cpu, 2 threads per core) family 6 model 158 stepping 10, cmov, cx8, fxsr, mmx, sse, sse2, sse3, ssse3, sse4.1, sse4.2, popcnt, avx, avx2, aes, clmul, erms, 3dnowpref, lzcnt, ht, tsc, tscinvbit, bmi1, bmi2, adx, fma

Memory: 4k page, system-wide physical 8072M (569M free)
TotalPageFile size 12168M (AvailPageFile size 4M)
current process WorkingSet (physical memory assigned to process): 416M, peak: 527M
current process commit charge ("private bytes"): 472M, peak: 595M

vm_info: OpenJDK 64-Bit Server VM (11.0.8+10) for windows-amd64 JRE (11.0.8+10), built on Jul 15 2020 11:45:54 by "" with MS VC++ 15.9 (VS2017)

END.
