#
# There is insufficient memory for the Java Runtime Environment to continue.
# Native memory allocation (mmap) failed to map 134217728 bytes for Failed to commit area from 0x0000000081c00000 to 0x0000000089c00000 of length 134217728.
# Possible reasons:
#   The system is out of physical RAM or swap space
#   The process is running with CompressedOops enabled, and the Java Heap may be blocking the growth of the native heap
# Possible solutions:
#   Reduce memory load on the system
#   Increase physical memory or swap space
#   Check if swap backing store is full
#   Decrease Java heap size (-Xmx/-Xms)
#   Decrease number of Java threads
#   Decrease Java thread stack sizes (-Xss)
#   Set larger code cache with -XX:ReservedCodeCacheSize=
# This output file may be truncated or incomplete.
#
#  Out of Memory Error (./src/hotspot/os/windows/os_windows.cpp:3303), pid=17744, tid=16980
#
# JRE version:  (11.0.8+10) (build )
# Java VM: OpenJDK 64-Bit Server VM (11.0.8+10, mixed mode, sharing, tiered, compressed oops, g1 gc, windows-amd64)
# No core dump will be written. Minidumps are not enabled by default on client versions of Windows
#

---------------  S U M M A R Y ------------

Command Line: -javaagent:D:\IntelliJ IDEA 2021.1\lib\idea_rt.jar=50323:D:\IntelliJ IDEA 2021.1\bin -Dfile.encoding=UTF-8 com.example.demo.SpringbootProjectApplication

Host: Intel(R) Core(TM) i5-9300H CPU @ 2.40GHz, 8 cores, 7G,  Windows 10 , 64 bit Build 19041 (10.0.19041.1202)
Time: Fri Nov 12 15:19:25 2021 SE Asia Standard Time elapsed time: 0 seconds (0d 0h 0m 0s)

---------------  T H R E A D  ---------------

Current thread (0x000002027998c800):  JavaThread "Unknown thread" [_thread_in_vm, id=16980, stack(0x000000daf0300000,0x000000daf0400000)]

Stack: [0x000000daf0300000,0x000000daf0400000]
Native frames: (J=compiled Java code, j=interpreted, Vv=VM code, C=native code)
V  [jvm.dll+0x5dfa5a]
V  [jvm.dll+0x7175ce]
V  [jvm.dll+0x718c9f]
V  [jvm.dll+0x719363]
V  [jvm.dll+0x240e48]
V  [jvm.dll+0x5dccca]
V  [jvm.dll+0x5d1935]
V  [jvm.dll+0x2f650c]
V  [jvm.dll+0x2f6392]
V  [jvm.dll+0x2fb046]
V  [jvm.dll+0x33f06f]
V  [jvm.dll+0x33eaa0]
V  [jvm.dll+0x2d38d8]
V  [jvm.dll+0x2d4a26]
V  [jvm.dll+0x6f32c7]
V  [jvm.dll+0x6f4a4f]
V  [jvm.dll+0x34bdf9]
V  [jvm.dll+0x6d66d0]
V  [jvm.dll+0x3b32ef]
V  [jvm.dll+0x3b55a1]
C  [jli.dll+0x520b]
C  [ucrtbase.dll+0x21bb2]
C  [KERNEL32.DLL+0x17034]
C  [ntdll.dll+0x52651]


---------------  P R O C E S S  ---------------

Threads class SMR info:
_java_thread_list=0x0000020277740580, length=0, elements={
}

Java Threads: ( => current thread )

Other Threads:
  0x00000202799a7000 GCTaskThread "GC Thread#0" [stack: 0x000000daf0400000,0x000000daf0500000] [id=11620]
  0x00000202799d6000 ConcurrentGCThread "G1 Main Marker" [stack: 0x000000daf0500000,0x000000daf0600000] [id=15384]
  0x00000202799d7800 ConcurrentGCThread "G1 Conc#0" [stack: 0x000000daf0600000,0x000000daf0700000] [id=4776]

[error occurred during error reporting (printing all threads), id 0xc0000005, EXCEPTION_ACCESS_VIOLATION (0xc0000005) at pc=0x00007ffe0a1c2f27]

VM state:not at safepoint (not fully initialized)

VM Mutex/Monitor currently owned by a thread:  ([mutex/lock_event])
[0x000002027998b120] Heap_lock - owner thread: 0x000002027998c800

Heap address: 0x0000000081c00000, size: 2020 MB, Compressed Oops mode: Non-zero based: 0x0000000081c00000
Narrow klass base: 0x0000000000000000, Narrow klass shift: 0

GC Heap History (0 events):
No events

Deoptimization events (0 events):
No events

Classes redefined (0 events):
No events

Internal exceptions (0 events):
No events

Events (1 events):
Event: 0.010 Loaded shared library C:\Program Files\AdoptOpenJDK\jdk-11.0.8.10-hotspot\bin\zip.dll


Dynamic libraries:
0x00007ff7de240000 - 0x00007ff7de24d000 	C:\Program Files\AdoptOpenJDK\jdk-11.0.8.10-hotspot\bin\java.exe
0x00007ffe50470000 - 0x00007ffe50665000 	C:\WINDOWS\SYSTEM32\ntdll.dll
0x00007ffe500a0000 - 0x00007ffe5015e000 	C:\WINDOWS\System32\KERNEL32.DLL
0x00007ffe4df40000 - 0x00007ffe4e209000 	C:\WINDOWS\System32\KERNELBASE.dll
0x00007ffe4e260000 - 0x00007ffe4e360000 	C:\WINDOWS\System32\ucrtbase.dll
0x00007ffe48fc0000 - 0x00007ffe48fd7000 	C:\Program Files\AdoptOpenJDK\jdk-11.0.8.10-hotspot\bin\jli.dll
0x00007ffe4ef30000 - 0x00007ffe4f0d1000 	C:\WINDOWS\System32\USER32.dll
0x00007ffe4dcb0000 - 0x00007ffe4dcd2000 	C:\WINDOWS\System32\win32u.dll
0x00007ffe50050000 - 0x00007ffe5007b000 	C:\WINDOWS\System32\GDI32.dll
0x00007ffe4de30000 - 0x00007ffe4df3b000 	C:\WINDOWS\System32\gdi32full.dll
0x00007ffe474d0000 - 0x00007ffe474e5000 	C:\Program Files\AdoptOpenJDK\jdk-11.0.8.10-hotspot\bin\VCRUNTIME140.dll
0x00007ffe4dd90000 - 0x00007ffe4de2d000 	C:\WINDOWS\System32\msvcp_win.dll
0x00007ffe3aad0000 - 0x00007ffe3ad6a000 	C:\WINDOWS\WinSxS\amd64_microsoft.windows.common-controls_6595b64144ccf1df_6.0.19041.1110_none_60b5254171f9507e\COMCTL32.dll
0x00007ffe4fb50000 - 0x00007ffe4fbee000 	C:\WINDOWS\System32\msvcrt.dll
0x00007ffe4f180000 - 0x00007ffe4f1b0000 	C:\WINDOWS\System32\IMM32.DLL
0x00007ffe460c0000 - 0x00007ffe4615b000 	C:\Program Files\AdoptOpenJDK\jdk-11.0.8.10-hotspot\bin\msvcp140.dll
0x00007ffe09ee0000 - 0x00007ffe0a99d000 	C:\Program Files\AdoptOpenJDK\jdk-11.0.8.10-hotspot\bin\server\jvm.dll
0x00007ffe50380000 - 0x00007ffe5042c000 	C:\WINDOWS\System32\ADVAPI32.dll
0x00007ffe4f0e0000 - 0x00007ffe4f17b000 	C:\WINDOWS\System32\sechost.dll
0x00007ffe4e4c0000 - 0x00007ffe4e5ea000 	C:\WINDOWS\System32\RPCRT4.dll
0x00007ffe4fb40000 - 0x00007ffe4fb48000 	C:\WINDOWS\System32\PSAPI.DLL
0x00007ffe3daa0000 - 0x00007ffe3daa9000 	C:\WINDOWS\SYSTEM32\WSOCK32.dll
0x00007ffe40b80000 - 0x00007ffe40ba7000 	C:\WINDOWS\SYSTEM32\WINMM.dll
0x00007ffe46540000 - 0x00007ffe4654a000 	C:\WINDOWS\SYSTEM32\VERSION.dll
0x00007ffe4f640000 - 0x00007ffe4f6ab000 	C:\WINDOWS\System32\WS2_32.dll
0x00007ffe4c410000 - 0x00007ffe4c422000 	C:\WINDOWS\SYSTEM32\kernel.appcore.dll
0x00007ffe4b110000 - 0x00007ffe4b120000 	C:\Program Files\AdoptOpenJDK\jdk-11.0.8.10-hotspot\bin\verify.dll
0x00007ffe4b990000 - 0x00007ffe4bb74000 	C:\WINDOWS\SYSTEM32\DBGHELP.DLL
0x00007ffe3c6e0000 - 0x00007ffe3c70c000 	C:\WINDOWS\SYSTEM32\dbgcore.DLL
0x00007ffe4dbf0000 - 0x00007ffe4dc73000 	C:\WINDOWS\System32\bcryptPrimitives.dll
0x00007ffe474a0000 - 0x00007ffe474c8000 	C:\Program Files\AdoptOpenJDK\jdk-11.0.8.10-hotspot\bin\java.dll
0x00007ffe4b0a0000 - 0x00007ffe4b0aa000 	C:\Program Files\AdoptOpenJDK\jdk-11.0.8.10-hotspot\bin\jimage.dll
0x00007ffe47e10000 - 0x00007ffe47e1e000 	C:\Program Files\AdoptOpenJDK\jdk-11.0.8.10-hotspot\bin\instrument.dll
0x00007ffe468a0000 - 0x00007ffe468b7000 	C:\Program Files\AdoptOpenJDK\jdk-11.0.8.10-hotspot\bin\zip.dll

dbghelp: loaded successfully - version: 4.0.5 - missing functions: none
symbol engine: initialized successfully - sym options: 0x614 - pdb path: .;C:\Program Files\AdoptOpenJDK\jdk-11.0.8.10-hotspot\bin;C:\WINDOWS\SYSTEM32;C:\WINDOWS\WinSxS\amd64_microsoft.windows.common-controls_6595b64144ccf1df_6.0.19041.1110_none_60b5254171f9507e;C:\Program Files\AdoptOpenJDK\jdk-11.0.8.10-hotspot\bin\server

VM Arguments:
jvm_args: -javaagent:D:\IntelliJ IDEA 2021.1\lib\idea_rt.jar=50323:D:\IntelliJ IDEA 2021.1\bin -Dfile.encoding=UTF-8 
java_command: com.example.demo.SpringbootProjectApplication
java_class_path (initial): C:\Users\Admin\eclipse-workspace\Springboot_project\target\classes;C:\Users\Admin\.m2\repository\org\springframework\boot\spring-boot-starter-security\2.4.5\spring-boot-starter-security-2.4.5.jar;C:\Users\Admin\.m2\repository\org\springframework\boot\spring-boot-starter\2.4.5\spring-boot-starter-2.4.5.jar;C:\Users\Admin\.m2\repository\org\springframework\boot\spring-boot-starter-logging\2.4.5\spring-boot-starter-logging-2.4.5.jar;C:\Users\Admin\.m2\repository\ch\qos\logback\logback-classic\1.2.3\logback-classic-1.2.3.jar;C:\Users\Admin\.m2\repository\ch\qos\logback\logback-core\1.2.3\logback-core-1.2.3.jar;C:\Users\Admin\.m2\repository\org\apache\logging\log4j\log4j-to-slf4j\2.13.3\log4j-to-slf4j-2.13.3.jar;C:\Users\Admin\.m2\repository\org\apache\logging\log4j\log4j-api\2.13.3\log4j-api-2.13.3.jar;C:\Users\Admin\.m2\repository\org\slf4j\jul-to-slf4j\1.7.30\jul-to-slf4j-1.7.30.jar;C:\Users\Admin\.m2\repository\jakarta\annotation\jakarta.annotation-api\1.3.5\jakarta.annotation-api-1.3.5.jar;C:\Users\Admin\.m2\repository\org\yaml\snakeyaml\1.27\snakeyaml-1.27.jar;C:\Users\Admin\.m2\repository\org\springframework\spring-aop\5.3.6\spring-aop-5.3.6.jar;C:\Users\Admin\.m2\repository\org\springframework\spring-beans\5.3.6\spring-beans-5.3.6.jar;C:\Users\Admin\.m2\repository\org\springframework\security\spring-security-config\5.4.6\spring-security-config-5.4.6.jar;C:\Users\Admin\.m2\repository\org\springframework\spring-context\5.3.6\spring-context-5.3.6.jar;C:\Users\Admin\.m2\repository\org\springframework\security\spring-security-web\5.4.6\spring-security-web-5.4.6.jar;C:\Users\Admin\.m2\repository\org\springframework\spring-expression\5.3.6\spring-expression-5.3.6.jar;C:\Users\Admin\.m2\repository\org\springframework\boot\spring-boot-starter-thymeleaf\2.4.5\spring-boot-starter-thymeleaf-2.4.5.jar;C:\Users\Admin\.m2\repository\org\thymeleaf\thymeleaf-spring5\3.0.12.RELEASE\thymeleaf-spring5-3.0.12.RELEASE.jar;C:\Users\Admin\.m2\repository\org\
Launcher Type: SUN_STANDARD

[Global flags]
     intx CICompilerCount                          = 4                                         {product} {ergonomic}
     uint ConcGCThreads                            = 2                                         {product} {ergonomic}
     uint G1ConcRefinementThreads                  = 8                                         {product} {ergonomic}
   size_t G1HeapRegionSize                         = 1048576                                   {product} {ergonomic}
    uintx GCDrainStackTargetSize                   = 64                                        {product} {ergonomic}
   size_t InitialHeapSize                          = 134217728                                 {product} {ergonomic}
   size_t MarkStackSize                            = 4194304                                   {product} {ergonomic}
   size_t MaxHeapSize                              = 2118123520                                {product} {ergonomic}
   size_t MinHeapDeltaBytes                        = 1048576                                   {product} {ergonomic}
    uintx NonNMethodCodeHeapSize                   = 5836300                                {pd product} {ergonomic}
    uintx NonProfiledCodeHeapSize                  = 122910970                              {pd product} {ergonomic}
    uintx ProfiledCodeHeapSize                     = 122910970                              {pd product} {ergonomic}
    uintx ReservedCodeCacheSize                    = 251658240                              {pd product} {ergonomic}
     bool SegmentedCodeCache                       = true                                      {product} {ergonomic}
     bool UseCompressedClassPointers               = true                                 {lp64_product} {ergonomic}
     bool UseCompressedOops                        = true                                 {lp64_product} {ergonomic}
     bool UseG1GC                                  = true                                      {product} {ergonomic}
     bool UseLargePagesIndividualAllocation        = false                                  {pd product} {ergonomic}

Logging:
Log output configuration:
 #0: stdout all=warning uptime,level,tags
 #1: stderr all=off uptime,level,tags

Environment Variables:
JAVA_HOME=C:\Program Files\AdoptOpenJDK\jdk-11.0.8.10-hotspot\
PATH=C:\Program Files\AdoptOpenJDK\jdk-11.0.8.10-hotspot\bin;C:\WINDOWS\system32;C:\WINDOWS;C:\WINDOWS\System32\Wbem;C:\WINDOWS\System32\WindowsPowerShell\v1.0\;C:\WINDOWS\System32\OpenSSH\;C:\Program Files (x86)\Microsoft SQL Server\110\Tools\Binn\ManagementStudio\;C:\Program Files (x86)\Microsoft SQL Server\110\Tools\Binn\;C:\Program Files\Microsoft SQL Server\110\Tools\Binn\;C:\Program Files (x86)\Microsoft SQL Server\110\DTS\Binn\;C:\Program Files\Microsoft SQL Server\Client SDK\ODBC\110\Tools\Binn\;C:\Program Files (x86)\Microsoft SQL Server\120\Tools\Binn\;C:\Program Files\Microsoft SQL Server\120\Tools\Binn\;C:\Program Files\Microsoft SQL Server\120\DTS\Binn\;C:\Program Files (x86)\Microsoft SQL Server\120\Tools\Binn\ManagementStudio\;C:\Program Files (x86)\Microsoft SQL Server\120\DTS\Binn\;C:\Users\Admin\Downloads\apache-maven-3.6.0;C:\Users\Admin\Downloads\apache-maven-3.6.0\bin;C:\Program Files\NVIDIA Corporation\NVIDIA NvDLISR;C:\Program Files (x86)\NVIDIA Corporation\PhysX\Common;C:\Users\Admin\Downloads\apache-maven-3.6.0\bin;C:\Program Files\nodejs\;C:\Program Files\Git\cmd;C:\WINDOWS\system32;C:\WINDOWS;C:\WINDOWS\System32\Wbem;C:\WINDOWS\System32\WindowsPowerShell\v1.0\;C:\WINDOWS\System32\OpenSSH\;C:\Users\Admin\AppData\Local\Microsoft\WindowsApps;C:\Users\Admin\AppData\Local\Programs\Microsoft VS Code\bin;D:\apache-tomcat-9.0.37\bin;C:\Users\Admin\AppData\Roaming\npm;
USERNAME=Admin
OS=Windows_NT
PROCESSOR_IDENTIFIER=Intel64 Family 6 Model 158 Stepping 10, GenuineIntel



---------------  S Y S T E M  ---------------

OS: Windows 10 , 64 bit Build 19041 (10.0.19041.1202)
OS uptime: 9 days 0:48 hours

CPU:total 8 (initial active 8) (4 cores per cpu, 2 threads per core) family 6 model 158 stepping 10, cmov, cx8, fxsr, mmx, sse, sse2, sse3, ssse3, sse4.1, sse4.2, popcnt, avx, avx2, aes, clmul, erms, 3dnowpref, lzcnt, ht, tsc, tscinvbit, bmi1, bmi2, adx, fma

Memory: 4k page, system-wide physical 8072M (634M free)
TotalPageFile size 12168M (AvailPageFile size 38M)
current process WorkingSet (physical memory assigned to process): 10M, peak: 10M
current process commit charge ("private bytes"): 60M, peak: 188M

vm_info: OpenJDK 64-Bit Server VM (11.0.8+10) for windows-amd64 JRE (11.0.8+10), built on Jul 15 2020 11:45:54 by "" with MS VC++ 15.9 (VS2017)

END.
