#
# There is insufficient memory for the Java Runtime Environment to continue.
# Native memory allocation (malloc) failed to allocate 32784 bytes for Chunk::new
# Possible reasons:
#   The system is out of physical RAM or swap space
#   The process is running with CompressedOops enabled, and the Java Heap may be blocking the growth of the native heap
# Possible solutions:
#   Reduce memory load on the system
#   Increase physical memory or swap space
#   Check if swap backing store is full
#   Decrease Java heap size (-Xmx/-Xms)
#   Decrease number of Java threads
#   Decrease Java thread stack sizes (-Xss)
#   Set larger code cache with -XX:ReservedCodeCacheSize=
#   JVM is running with Unscaled Compressed Oops mode in which the Java heap is
#     placed in the first 4GB address space. The Java Heap base address is the
#     maximum limit for the native heap growth. Please use -XX:HeapBaseMinAddress
#     to set the Java Heap base and to place the Java Heap above 4GB virtual address.
# This output file may be truncated or incomplete.
#
#  Out of Memory Error (./src/hotspot/share/memory/arena.cpp:197), pid=916, tid=7520
#
# JRE version: OpenJDK Runtime Environment AdoptOpenJDK (11.0.8+10) (build 11.0.8+10)
# Java VM: OpenJDK 64-Bit Server VM AdoptOpenJDK (11.0.8+10, mixed mode, tiered, compressed oops, g1 gc, windows-amd64)
# No core dump will be written. Minidumps are not enabled by default on client versions of Windows
#

---------------  S U M M A R Y ------------

Command Line: -javaagent:D:\IntelliJ IDEA 2021.1\lib\idea_rt.jar=64049:D:\IntelliJ IDEA 2021.1\bin -Dfile.encoding=UTF-8 com.example.demo.SpringbootProjectApplication

Host: Intel(R) Core(TM) i5-9300H CPU @ 2.40GHz, 8 cores, 7G,  Windows 10 , 64 bit Build 19041 (10.0.19041.1202)
Time: Thu Oct 14 15:46:00 2021 SE Asia Standard Time elapsed time: 990 seconds (0d 0h 16m 30s)

---------------  T H R E A D  ---------------

Current thread (0x0000022b14f3e800):  JavaThread "C2 CompilerThread1" daemon [_thread_in_native, id=7520, stack(0x0000002e02900000,0x0000002e02a00000)]


Current CompileTask:
C2: 990235 14275   !   4       sun.nio.ch.SocketChannelImpl::write (173 bytes)

Stack: [0x0000002e02900000,0x0000002e02a00000]
Native frames: (J=compiled Java code, j=interpreted, Vv=VM code, C=native code)
V  [jvm.dll+0x5dfa5a]
V  [jvm.dll+0x7175ce]
V  [jvm.dll+0x718c9f]
V  [jvm.dll+0x719363]
V  [jvm.dll+0x240e48]
V  [jvm.dll+0xb96ac]
V  [jvm.dll+0xb981d]
V  [jvm.dll+0x5bfd58]
V  [jvm.dll+0x825fc]
V  [jvm.dll+0x575b98]
V  [jvm.dll+0x57444e]
V  [jvm.dll+0x1fa7c7]
V  [jvm.dll+0x1f9adf]
V  [jvm.dll+0x17e4ec]
V  [jvm.dll+0x208f27]
V  [jvm.dll+0x20710b]
V  [jvm.dll+0x6dc339]
V  [jvm.dll+0x6d53e4]
V  [jvm.dll+0x5de996]
C  [ucrtbase.dll+0x21bb2]
C  [KERNEL32.DLL+0x17034]
C  [ntdll.dll+0x52651]


---------------  P R O C E S S  ---------------

Threads class SMR info:
_java_thread_list=0x0000022b10ee4060, length=31, elements={
0x0000022b7d89a800, 0x0000022b7d8a3800, 0x0000022b7d8af000, 0x0000022b7d8b0000,
0x0000022b7d8b2000, 0x0000022b7e21e800, 0x0000022b7d8b8000, 0x0000022b7e37f000,
0x0000022b7e8b4000, 0x0000022b12fa6000, 0x0000022b14f37800, 0x0000022b1629e000,
0x0000022b162a3000, 0x0000022b162a7000, 0x0000022b162a9000, 0x0000022b162a8000,
0x0000022b162a5800, 0x0000022b162a6800, 0x0000022b162a9800, 0x0000022b162a4000,
0x0000022b162a4800, 0x0000022b162aa800, 0x0000022b162ab800, 0x0000022b14f37000,
0x0000022b14f38800, 0x0000022b14f39800, 0x0000022b14f3b000, 0x0000022b14f35800,
0x0000022b14f40800, 0x0000022b14f3f000, 0x0000022b14f3e800
}

Java Threads: ( => current thread )
  0x0000022b7d89a800 JavaThread "Reference Handler" daemon [_thread_blocked, id=8460, stack(0x0000002e03300000,0x0000002e03400000)]
  0x0000022b7d8a3800 JavaThread "Finalizer" daemon [_thread_blocked, id=8992, stack(0x0000002e03400000,0x0000002e03500000)]
  0x0000022b7d8af000 JavaThread "Signal Dispatcher" daemon [_thread_blocked, id=10244, stack(0x0000002e03500000,0x0000002e03600000)]
  0x0000022b7d8b0000 JavaThread "Attach Listener" daemon [_thread_blocked, id=17896, stack(0x0000002e03600000,0x0000002e03700000)]
  0x0000022b7d8b2000 JavaThread "C2 CompilerThread0" daemon [_thread_in_native, id=18096, stack(0x0000002e03700000,0x0000002e03800000)]
  0x0000022b7e21e800 JavaThread "C1 CompilerThread0" daemon [_thread_blocked, id=4800, stack(0x0000002e03800000,0x0000002e03900000)]
  0x0000022b7d8b8000 JavaThread "Sweeper thread" daemon [_thread_blocked, id=11976, stack(0x0000002e03900000,0x0000002e03a00000)]
  0x0000022b7e37f000 JavaThread "Common-Cleaner" daemon [_thread_blocked, id=7820, stack(0x0000002e03a00000,0x0000002e03b00000)]
  0x0000022b7e8b4000 JavaThread "Service Thread" daemon [_thread_blocked, id=14096, stack(0x0000002e03d00000,0x0000002e03e00000)]
  0x0000022b12fa6000 JavaThread "Live Reload Server" daemon [_thread_in_native, id=15460, stack(0x0000002e05200000,0x0000002e05300000)]
  0x0000022b14f37800 JavaThread "DestroyJavaVM" [_thread_blocked, id=17004, stack(0x0000002e02c00000,0x0000002e02d00000)]
  0x0000022b1629e000 JavaThread "mssql-jdbc-shared-timer-core-6" daemon [_thread_blocked, id=2392, stack(0x0000002e04300000,0x0000002e04400000)]
  0x0000022b162a3000 JavaThread "HikariPool-7 housekeeper" daemon [_thread_blocked, id=3860, stack(0x0000002e04a00000,0x0000002e04b00000)]
  0x0000022b162a7000 JavaThread "Catalina-utility-1" [_thread_blocked, id=17548, stack(0x0000002e04c00000,0x0000002e04d00000)]
  0x0000022b162a9000 JavaThread "Catalina-utility-2" [_thread_blocked, id=13204, stack(0x0000002e04d00000,0x0000002e04e00000)]
  0x0000022b162a8000 JavaThread "container-0" [_thread_blocked, id=984, stack(0x0000002e04e00000,0x0000002e04f00000)]
  0x0000022b162a5800 JavaThread "File Watcher" daemon [_thread_blocked, id=7132, stack(0x0000002e04f00000,0x0000002e05000000)]
  0x0000022b162a6800 JavaThread "http-nio-6789-BlockPoller" daemon [_thread_in_native, id=10224, stack(0x0000002e05000000,0x0000002e05100000)]
  0x0000022b162a9800 JavaThread "http-nio-6789-exec-1" daemon [_thread_blocked, id=5184, stack(0x0000002e05100000,0x0000002e05200000)]
  0x0000022b162a4000 JavaThread "http-nio-6789-exec-2" daemon [_thread_blocked, id=18368, stack(0x0000002e05300000,0x0000002e05400000)]
  0x0000022b162a4800 JavaThread "http-nio-6789-exec-3" daemon [_thread_blocked, id=14580, stack(0x0000002e05400000,0x0000002e05500000)]
  0x0000022b162aa800 JavaThread "http-nio-6789-exec-4" daemon [_thread_blocked, id=17524, stack(0x0000002e05500000,0x0000002e05600000)]
  0x0000022b162ab800 JavaThread "http-nio-6789-exec-5" daemon [_thread_blocked, id=11556, stack(0x0000002e05600000,0x0000002e05700000)]
  0x0000022b14f37000 JavaThread "http-nio-6789-exec-6" daemon [_thread_blocked, id=17800, stack(0x0000002e05700000,0x0000002e05800000)]
  0x0000022b14f38800 JavaThread "http-nio-6789-exec-7" daemon [_thread_blocked, id=7572, stack(0x0000002e05800000,0x0000002e05900000)]
  0x0000022b14f39800 JavaThread "http-nio-6789-exec-8" daemon [_thread_blocked, id=12808, stack(0x0000002e05900000,0x0000002e05a00000)]
  0x0000022b14f3b000 JavaThread "http-nio-6789-exec-9" daemon [_thread_blocked, id=5308, stack(0x0000002e05a00000,0x0000002e05b00000)]
  0x0000022b14f35800 JavaThread "http-nio-6789-exec-10" daemon [_thread_blocked, id=13228, stack(0x0000002e05b00000,0x0000002e05c00000)]
  0x0000022b14f40800 JavaThread "http-nio-6789-ClientPoller" daemon [_thread_in_native, id=17052, stack(0x0000002e05c00000,0x0000002e05d00000)]
  0x0000022b14f3f000 JavaThread "http-nio-6789-Acceptor" daemon [_thread_in_native, id=12380, stack(0x0000002e05d00000,0x0000002e05e00000)]
=>0x0000022b14f3e800 JavaThread "C2 CompilerThread1" daemon [_thread_in_native, id=7520, stack(0x0000002e02900000,0x0000002e02a00000)]

Other Threads:
  0x0000022b7d894800 VMThread "VM Thread" [stack: 0x0000002e03200000,0x0000002e03300000] [id=11020]
  0x0000022b7e949800 WatcherThread [stack: 0x0000002e03e00000,0x0000002e03f00000] [id=7828]
  0x0000022b6ba03800 GCTaskThread "GC Thread#0" [stack: 0x0000002e02d00000,0x0000002e02e00000] [id=10876]
  0x0000022b7ec77800 GCTaskThread "GC Thread#1" [stack: 0x0000002e03f00000,0x0000002e04000000] [id=10712]
  0x0000022b7ec78800 GCTaskThread "GC Thread#2" [stack: 0x0000002e04000000,0x0000002e04100000] [id=8276]
  0x0000022b7f611800 GCTaskThread "GC Thread#3" [stack: 0x0000002e04400000,0x0000002e04500000] [id=11108]
  0x0000022b7f612000 GCTaskThread "GC Thread#4" [stack: 0x0000002e04500000,0x0000002e04600000] [id=12612]
  0x0000022b7f719800 GCTaskThread "GC Thread#5" [stack: 0x0000002e04600000,0x0000002e04700000] [id=16512]
  0x0000022b7f71a000 GCTaskThread "GC Thread#6" [stack: 0x0000002e04700000,0x0000002e04800000] [id=15924]
  0x0000022b7f27c800 GCTaskThread "GC Thread#7" [stack: 0x0000002e04800000,0x0000002e04900000] [id=15180]
  0x0000022b6ba33800 ConcurrentGCThread "G1 Main Marker" [stack: 0x0000002e02e00000,0x0000002e02f00000] [id=14912]
  0x0000022b6ba35000 ConcurrentGCThread "G1 Conc#0" [stack: 0x0000002e02f00000,0x0000002e03000000] [id=15672]
  0x0000022b7f448800 ConcurrentGCThread "G1 Conc#1" [stack: 0x0000002e04900000,0x0000002e04a00000] [id=17444]
  0x0000022b7d6e2800 ConcurrentGCThread "G1 Refine#0" [stack: 0x0000002e03000000,0x0000002e03100000] [id=10536]
  0x0000022b6babc000 ConcurrentGCThread "G1 Young RemSet Sampling" [stack: 0x0000002e03100000,0x0000002e03200000] [id=3788]

Threads with active compile tasks:
C2 CompilerThread0 990264 14273   !   4       org.apache.tomcat.util.net.NioBlockingSelector::write (428 bytes)
C2 CompilerThread1 990264 14275   !   4       sun.nio.ch.SocketChannelImpl::write (173 bytes)

VM state:not at safepoint (normal execution)

VM Mutex/Monitor currently owned by a thread: None

Heap address: 0x0000000081c00000, size: 2020 MB, Compressed Oops mode: 32-bit
Narrow klass base: 0x0000000000000000, Narrow klass shift: 3
Compressed class space size: 1073741824 Address: 0x0000000100000000

Heap:
 garbage-first heap   total 99328K, used 71485K [0x0000000081c00000, 0x0000000100000000)
  region size 1024K, 34 young (34816K), 1 survivors (1024K)
 Metaspace       used 90089K, capacity 92689K, committed 92920K, reserved 1130496K
  class space    used 10778K, capacity 11724K, committed 11776K, reserved 1048576K
Heap Regions: E=young(eden), S=young(survivor), O=old, HS=humongous(starts), HC=humongous(continues), CS=collection set, F=free, A=archive, TAMS=top-at-mark-start (previous, next)
|   0|0x0000000081c00000, 0x0000000081d00000, 0x0000000081d00000|100%|HS|  |TAMS 0x0000000081c00000, 0x0000000081c00000| Untracked 
|   1|0x0000000081d00000, 0x0000000081dffe98, 0x0000000081e00000| 99%| O|  |TAMS 0x0000000081d00000, 0x0000000081d00000| Untracked 
|   2|0x0000000081e00000, 0x0000000081effff8, 0x0000000081f00000| 99%| O|  |TAMS 0x0000000081e00000, 0x0000000081e00000| Untracked 
|   3|0x0000000081f00000, 0x0000000081fffff8, 0x0000000082000000| 99%| O|  |TAMS 0x0000000081f00000, 0x0000000081f00000| Untracked 
|   4|0x0000000082000000, 0x00000000820fffd8, 0x0000000082100000| 99%| O|  |TAMS 0x0000000082000000, 0x0000000082000000| Untracked 
|   5|0x0000000082100000, 0x0000000082200000, 0x0000000082200000|100%| O|  |TAMS 0x0000000082100000, 0x0000000082100000| Untracked 
|   6|0x0000000082200000, 0x00000000822ffff0, 0x0000000082300000| 99%| O|  |TAMS 0x0000000082200000, 0x0000000082200000| Untracked 
|   7|0x0000000082300000, 0x00000000823ffff8, 0x0000000082400000| 99%| O|  |TAMS 0x0000000082300000, 0x0000000082300000| Untracked 
|   8|0x0000000082400000, 0x00000000824ffff8, 0x0000000082500000| 99%| O|  |TAMS 0x0000000082400000, 0x0000000082400000| Untracked 
|   9|0x0000000082500000, 0x00000000825fffd8, 0x0000000082600000| 99%| O|  |TAMS 0x0000000082500000, 0x0000000082500000| Untracked 
|  10|0x0000000082600000, 0x00000000826fffe8, 0x0000000082700000| 99%| O|  |TAMS 0x0000000082600000, 0x0000000082600000| Untracked 
|  11|0x0000000082700000, 0x00000000827fffe8, 0x0000000082800000| 99%| O|  |TAMS 0x0000000082700000, 0x0000000082700000| Untracked 
|  12|0x0000000082800000, 0x00000000828fffe8, 0x0000000082900000| 99%| O|  |TAMS 0x0000000082800000, 0x0000000082800000| Untracked 
|  13|0x0000000082900000, 0x00000000829ffff8, 0x0000000082a00000| 99%| O|  |TAMS 0x0000000082900000, 0x0000000082900000| Untracked 
|  14|0x0000000082a00000, 0x0000000082afffc0, 0x0000000082b00000| 99%| O|  |TAMS 0x0000000082a00000, 0x0000000082a00000| Untracked 
|  15|0x0000000082b00000, 0x0000000082bffff8, 0x0000000082c00000| 99%| O|  |TAMS 0x0000000082b00000, 0x0000000082b00000| Untracked 
|  16|0x0000000082c00000, 0x0000000082cffff0, 0x0000000082d00000| 99%| O|  |TAMS 0x0000000082c00000, 0x0000000082c00000| Untracked 
|  17|0x0000000082d00000, 0x0000000082e00000, 0x0000000082e00000|100%| O|  |TAMS 0x0000000082d00000, 0x0000000082d00000| Untracked 
|  18|0x0000000082e00000, 0x0000000082efff78, 0x0000000082f00000| 99%| O|  |TAMS 0x0000000082e00000, 0x0000000082e00000| Untracked 
|  19|0x0000000082f00000, 0x0000000082fffff8, 0x0000000083000000| 99%| O|  |TAMS 0x0000000082f00000, 0x0000000082f00000| Untracked 
|  20|0x0000000083000000, 0x00000000830ffff0, 0x0000000083100000| 99%| O|  |TAMS 0x0000000083000000, 0x0000000083000000| Untracked 
|  21|0x0000000083100000, 0x00000000831ffff8, 0x0000000083200000| 99%| O|  |TAMS 0x0000000083100000, 0x0000000083100000| Untracked 
|  22|0x0000000083200000, 0x00000000832ffff8, 0x0000000083300000| 99%| O|  |TAMS 0x0000000083200000, 0x0000000083200000| Untracked 
|  23|0x0000000083300000, 0x00000000833fffa8, 0x0000000083400000| 99%| O|  |TAMS 0x0000000083300000, 0x0000000083300000| Untracked 
|  24|0x0000000083400000, 0x00000000834ffff8, 0x0000000083500000| 99%| O|  |TAMS 0x0000000083400000, 0x0000000083400000| Untracked 
|  25|0x0000000083500000, 0x00000000835ffff0, 0x0000000083600000| 99%| O|  |TAMS 0x0000000083500000, 0x0000000083500000| Untracked 
|  26|0x0000000083600000, 0x00000000836fffe8, 0x0000000083700000| 99%| O|  |TAMS 0x0000000083600000, 0x0000000083600000| Untracked 
|  27|0x0000000083700000, 0x0000000083725d68, 0x0000000083800000| 14%| O|  |TAMS 0x0000000083700000, 0x0000000083700000| Untracked 
|  28|0x0000000083800000, 0x00000000838e15c8, 0x0000000083900000| 88%| O|  |TAMS 0x0000000083800000, 0x0000000083800000| Untracked 
|  29|0x0000000083900000, 0x0000000083a00000, 0x0000000083a00000|100%| O|  |TAMS 0x0000000083900000, 0x0000000083900000| Untracked 
|  30|0x0000000083a00000, 0x0000000083b00000, 0x0000000083b00000|100%| O|  |TAMS 0x0000000083a00000, 0x0000000083a00000| Untracked 
|  31|0x0000000083b00000, 0x0000000083b8b040, 0x0000000083c00000| 54%| O|  |TAMS 0x0000000083b00000, 0x0000000083b00000| Untracked 
|  32|0x0000000083c00000, 0x0000000083d00000, 0x0000000083d00000|100%| O|  |TAMS 0x0000000083c00000, 0x0000000083c00000| Untracked 
|  33|0x0000000083d00000, 0x0000000083e00000, 0x0000000083e00000|100%| O|  |TAMS 0x0000000083d00000, 0x0000000083d00000| Untracked 
|  34|0x0000000083e00000, 0x0000000083e8f740, 0x0000000083f00000| 56%| O|  |TAMS 0x0000000083e00000, 0x0000000083e00000| Untracked 
|  35|0x0000000083f00000, 0x0000000083f00ef8, 0x0000000084000000|  0%| O|  |TAMS 0x0000000083f00000, 0x0000000083f00000| Untracked 
|  36|0x0000000084000000, 0x0000000084100000, 0x0000000084100000|100%| O|  |TAMS 0x0000000084000000, 0x0000000084000000| Untracked 
|  37|0x0000000084100000, 0x0000000084200000, 0x0000000084200000|100%| O|  |TAMS 0x0000000084100000, 0x0000000084100000| Untracked 
|  38|0x0000000084200000, 0x0000000084300000, 0x0000000084300000|100%| O|  |TAMS 0x0000000084200000, 0x0000000084200000| Untracked 
|  39|0x0000000084300000, 0x0000000084400000, 0x0000000084400000|100%| O|  |TAMS 0x0000000084300000, 0x0000000084300000| Untracked 
|  40|0x0000000084400000, 0x00000000844ad000, 0x0000000084500000| 67%| O|  |TAMS 0x0000000084400000, 0x0000000084400000| Untracked 
|  41|0x0000000084500000, 0x0000000084500000, 0x0000000084600000|  0%| F|  |TAMS 0x0000000084500000, 0x0000000084500000| Untracked 
|  42|0x0000000084600000, 0x0000000084600000, 0x0000000084700000|  0%| F|  |TAMS 0x0000000084600000, 0x0000000084600000| Untracked 
|  43|0x0000000084700000, 0x0000000084700000, 0x0000000084800000|  0%| F|  |TAMS 0x0000000084700000, 0x0000000084700000| Untracked 
|  44|0x0000000084800000, 0x0000000084800000, 0x0000000084900000|  0%| F|  |TAMS 0x0000000084800000, 0x0000000084800000| Untracked 
|  45|0x0000000084900000, 0x0000000084900000, 0x0000000084a00000|  0%| F|  |TAMS 0x0000000084900000, 0x0000000084900000| Untracked 
|  46|0x0000000084a00000, 0x0000000084a00000, 0x0000000084b00000|  0%| F|  |TAMS 0x0000000084a00000, 0x0000000084a00000| Untracked 
|  47|0x0000000084b00000, 0x0000000084b00000, 0x0000000084c00000|  0%| F|  |TAMS 0x0000000084b00000, 0x0000000084b00000| Untracked 
|  48|0x0000000084c00000, 0x0000000084c00000, 0x0000000084d00000|  0%| F|  |TAMS 0x0000000084c00000, 0x0000000084c00000| Untracked 
|  49|0x0000000084d00000, 0x0000000084d00000, 0x0000000084e00000|  0%| F|  |TAMS 0x0000000084d00000, 0x0000000084d00000| Untracked 
|  50|0x0000000084e00000, 0x0000000084e00000, 0x0000000084f00000|  0%| F|  |TAMS 0x0000000084e00000, 0x0000000084e00000| Untracked 
|  51|0x0000000084f00000, 0x0000000084f00000, 0x0000000085000000|  0%| F|  |TAMS 0x0000000084f00000, 0x0000000084f00000| Untracked 
|  52|0x0000000085000000, 0x0000000085000000, 0x0000000085100000|  0%| F|  |TAMS 0x0000000085000000, 0x0000000085000000| Untracked 
|  53|0x0000000085100000, 0x0000000085100000, 0x0000000085200000|  0%| F|  |TAMS 0x0000000085100000, 0x0000000085100000| Untracked 
|  54|0x0000000085200000, 0x0000000085200000, 0x0000000085300000|  0%| F|  |TAMS 0x0000000085200000, 0x0000000085200000| Untracked 
|  55|0x0000000085300000, 0x0000000085300000, 0x0000000085400000|  0%| F|  |TAMS 0x0000000085300000, 0x0000000085300000| Untracked 
|  56|0x0000000085400000, 0x0000000085400000, 0x0000000085500000|  0%| F|  |TAMS 0x0000000085400000, 0x0000000085400000| Untracked 
|  57|0x0000000085500000, 0x0000000085600000, 0x0000000085600000|100%| S|CS|TAMS 0x0000000085500000, 0x0000000085500000| Complete 
|  58|0x0000000085600000, 0x0000000085600000, 0x0000000085700000|  0%| F|  |TAMS 0x0000000085600000, 0x0000000085600000| Untracked 
|  59|0x0000000085700000, 0x0000000085700000, 0x0000000085800000|  0%| F|  |TAMS 0x0000000085700000, 0x0000000085700000| Untracked 
|  60|0x0000000085800000, 0x0000000085800000, 0x0000000085900000|  0%| F|  |TAMS 0x0000000085800000, 0x0000000085800000| Untracked 
|  61|0x0000000085900000, 0x0000000085900000, 0x0000000085a00000|  0%| F|  |TAMS 0x0000000085900000, 0x0000000085900000| Untracked 
|  62|0x0000000085a00000, 0x0000000085a00000, 0x0000000085b00000|  0%| F|  |TAMS 0x0000000085a00000, 0x0000000085a00000| Untracked 
|  63|0x0000000085b00000, 0x0000000085b00000, 0x0000000085c00000|  0%| F|  |TAMS 0x0000000085b00000, 0x0000000085b00000| Untracked 
|  64|0x0000000085c00000, 0x0000000085cd5578, 0x0000000085d00000| 83%| E|  |TAMS 0x0000000085c00000, 0x0000000085c00000| Complete 
|  65|0x0000000085d00000, 0x0000000085e00000, 0x0000000085e00000|100%| E|CS|TAMS 0x0000000085d00000, 0x0000000085d00000| Complete 
|  66|0x0000000085e00000, 0x0000000085f00000, 0x0000000085f00000|100%| E|CS|TAMS 0x0000000085e00000, 0x0000000085e00000| Complete 
|  67|0x0000000085f00000, 0x0000000086000000, 0x0000000086000000|100%| E|CS|TAMS 0x0000000085f00000, 0x0000000085f00000| Complete 
|  68|0x0000000086000000, 0x0000000086100000, 0x0000000086100000|100%| E|CS|TAMS 0x0000000086000000, 0x0000000086000000| Complete 
|  69|0x0000000086100000, 0x0000000086200000, 0x0000000086200000|100%| E|CS|TAMS 0x0000000086100000, 0x0000000086100000| Complete 
|  70|0x0000000086200000, 0x0000000086300000, 0x0000000086300000|100%| E|CS|TAMS 0x0000000086200000, 0x0000000086200000| Complete 
|  71|0x0000000086300000, 0x0000000086400000, 0x0000000086400000|100%| E|CS|TAMS 0x0000000086300000, 0x0000000086300000| Complete 
|  72|0x0000000086400000, 0x0000000086500000, 0x0000000086500000|100%| E|CS|TAMS 0x0000000086400000, 0x0000000086400000| Complete 
|  73|0x0000000086500000, 0x0000000086600000, 0x0000000086600000|100%| E|CS|TAMS 0x0000000086500000, 0x0000000086500000| Complete 
|  74|0x0000000086600000, 0x0000000086700000, 0x0000000086700000|100%| E|CS|TAMS 0x0000000086600000, 0x0000000086600000| Complete 
|  75|0x0000000086700000, 0x0000000086800000, 0x0000000086800000|100%| E|CS|TAMS 0x0000000086700000, 0x0000000086700000| Complete 
|  76|0x0000000086800000, 0x0000000086900000, 0x0000000086900000|100%| E|CS|TAMS 0x0000000086800000, 0x0000000086800000| Complete 
|  77|0x0000000086900000, 0x0000000086a00000, 0x0000000086a00000|100%| E|CS|TAMS 0x0000000086900000, 0x0000000086900000| Complete 
|  78|0x0000000086a00000, 0x0000000086b00000, 0x0000000086b00000|100%| E|CS|TAMS 0x0000000086a00000, 0x0000000086a00000| Complete 
|  79|0x0000000086b00000, 0x0000000086c00000, 0x0000000086c00000|100%| E|CS|TAMS 0x0000000086b00000, 0x0000000086b00000| Complete 
|  80|0x0000000086c00000, 0x0000000086d00000, 0x0000000086d00000|100%| E|CS|TAMS 0x0000000086c00000, 0x0000000086c00000| Complete 
|  81|0x0000000086d00000, 0x0000000086e00000, 0x0000000086e00000|100%| E|CS|TAMS 0x0000000086d00000, 0x0000000086d00000| Complete 
|  82|0x0000000086e00000, 0x0000000086f00000, 0x0000000086f00000|100%| E|CS|TAMS 0x0000000086e00000, 0x0000000086e00000| Complete 
|  83|0x0000000086f00000, 0x0000000087000000, 0x0000000087000000|100%| E|CS|TAMS 0x0000000086f00000, 0x0000000086f00000| Complete 
|  84|0x0000000087000000, 0x0000000087100000, 0x0000000087100000|100%| E|CS|TAMS 0x0000000087000000, 0x0000000087000000| Complete 
|  85|0x0000000087100000, 0x0000000087200000, 0x0000000087200000|100%| E|CS|TAMS 0x0000000087100000, 0x0000000087100000| Complete 
|  86|0x0000000087200000, 0x0000000087300000, 0x0000000087300000|100%| E|CS|TAMS 0x0000000087200000, 0x0000000087200000| Complete 
|  87|0x0000000087300000, 0x0000000087400000, 0x0000000087400000|100%| E|CS|TAMS 0x0000000087300000, 0x0000000087300000| Complete 
|  88|0x0000000087400000, 0x0000000087500000, 0x0000000087500000|100%| E|CS|TAMS 0x0000000087400000, 0x0000000087400000| Complete 
|  89|0x0000000087500000, 0x0000000087600000, 0x0000000087600000|100%| E|CS|TAMS 0x0000000087500000, 0x0000000087500000| Complete 
|  90|0x0000000087600000, 0x0000000087700000, 0x0000000087700000|100%| E|  |TAMS 0x0000000087600000, 0x0000000087600000| Complete 
|  91|0x0000000087700000, 0x0000000087800000, 0x0000000087800000|100%| E|CS|TAMS 0x0000000087700000, 0x0000000087700000| Complete 
|  98|0x0000000087e00000, 0x0000000087f00000, 0x0000000087f00000|100%| E|CS|TAMS 0x0000000087e00000, 0x0000000087e00000| Complete 
|  99|0x0000000087f00000, 0x0000000088000000, 0x0000000088000000|100%| E|CS|TAMS 0x0000000087f00000, 0x0000000087f00000| Complete 
| 100|0x0000000088000000, 0x0000000088100000, 0x0000000088100000|100%| E|CS|TAMS 0x0000000088000000, 0x0000000088000000| Complete 
| 101|0x0000000088100000, 0x0000000088200000, 0x0000000088200000|100%| E|CS|TAMS 0x0000000088100000, 0x0000000088100000| Complete 
| 102|0x0000000088200000, 0x0000000088300000, 0x0000000088300000|100%| E|CS|TAMS 0x0000000088200000, 0x0000000088200000| Complete 

Card table byte_map: [0x0000022b76680000,0x0000022b76a80000] _byte_map_base: 0x0000022b76272000

Marking Bits (Prev, Next): (CMBitMap*) 0x0000022b6ba29d88, (CMBitMap*) 0x0000022b6ba29dc0
 Prev Bits: [0x0000022b76e80000, 0x0000022b78e10000)
 Next Bits: [0x0000022b78e10000, 0x0000022b7ada0000)

Polling page: 0x0000022b6b8a0000

Metaspace:

Usage:
  Non-class:     79.07 MB capacity,    77.45 MB ( 98%) used,     1.33 MB (  2%) free+waste,   295.00 KB ( <1%) overhead. 
      Class:     11.45 MB capacity,    10.53 MB ( 92%) used,   814.64 KB (  7%) free+waste,   130.69 KB (  1%) overhead. 
       Both:     90.52 MB capacity,    87.98 MB ( 97%) used,     2.12 MB (  2%) free+waste,   425.69 KB ( <1%) overhead. 

Virtual space:
  Non-class space:       80.00 MB reserved,      79.24 MB (>99%) committed 
      Class space:        1.00 GB reserved,      11.50 MB (  1%) committed 
             Both:        1.08 GB reserved,      90.74 MB (  8%) committed 

Chunk freelists:
   Non-Class:  0 bytes
       Class:  0 bytes
        Both:  0 bytes

MaxMetaspaceSize: 17179869184.00 GB
CompressedClassSpaceSize: 1.00 GB

CodeHeap 'non-profiled nmethods': size=120000Kb used=10202Kb max_used=10202Kb free=109797Kb
 bounds [0x0000022b07ad0000, 0x0000022b084d0000, 0x0000022b0f000000]
CodeHeap 'profiled nmethods': size=120000Kb used=24819Kb max_used=24819Kb free=95181Kb
 bounds [0x0000022b005a0000, 0x0000022b01e00000, 0x0000022b07ad0000]
CodeHeap 'non-nmethods': size=5760Kb used=1284Kb max_used=1355Kb free=4475Kb
 bounds [0x0000022b00000000, 0x0000022b00270000, 0x0000022b005a0000]
 total_blobs=12643 nmethods=11967 adapters=586
 compilation: enabled
              stopped_count=0, restarted_count=0
 full_count=0

Compilation events (20 events):
Event: 989.957 Thread 0x0000022b7d8b2000 14273   !   4       org.apache.tomcat.util.net.NioBlockingSelector::write (428 bytes)
Event: 990.123 Thread 0x0000022b7e21e800 14278       3       org.springframework.util.MimeType::toString (34 bytes)
Event: 990.124 Thread 0x0000022b7e21e800 nmethod 14278 0x0000022b01df4590 code [0x0000022b01df4860, 0x0000022b01df56e8]
Event: 990.124 Thread 0x0000022b7e21e800 14279   !   3       org.apache.coyote.Response::checkSpecialHeader (42 bytes)
Event: 990.124 Thread 0x0000022b14f3e800 14274       4       sun.nio.ch.SelectorImpl::select (35 bytes)
Event: 990.124 Thread 0x0000022b7e21e800 nmethod 14279 0x0000022b01df5c10 code [0x0000022b01df5e00, 0x0000022b01df6158]
Event: 990.129 Thread 0x0000022b14f3e800 nmethod 14274 0x0000022b084c6890 code [0x0000022b084c6a40, 0x0000022b084c70c8]
Event: 990.129 Thread 0x0000022b14f3e800 14277       4       sun.nio.ch.Util$BufferCache::offerFirst (73 bytes)
Event: 990.131 Thread 0x0000022b14f3e800 nmethod 14277 0x0000022b084c7390 code [0x0000022b084c7520, 0x0000022b084c7718]
Event: 990.131 Thread 0x0000022b14f3e800 14280   !   4       java.nio.DirectByteBuffer::put (289 bytes)
Event: 990.139 Thread 0x0000022b14f3e800 nmethod 14280 0x0000022b084c7810 code [0x0000022b084c79e0, 0x0000022b084c7f48]
Event: 990.139 Thread 0x0000022b14f3e800 14281       4       sun.nio.ch.IOUtil::writeFromNativeBuffer (157 bytes)
Event: 990.142 Thread 0x0000022b14f3e800 nmethod 14281 0x0000022b084c8690 code [0x0000022b084c8840, 0x0000022b084c8a88]
Event: 990.142 Thread 0x0000022b14f3e800 14282  s    4       org.apache.tomcat.util.collections.SynchronizedQueue::poll (61 bytes)
Event: 990.145 Thread 0x0000022b14f3e800 nmethod 14282 0x0000022b084c8e10 code [0x0000022b084c8fa0, 0x0000022b084c9278]
Event: 990.145 Thread 0x0000022b14f3e800 14276   !   4       org.apache.coyote.http11.Http11OutputBuffer$SocketOutputBuffer::doWrite (88 bytes)
Event: 990.148 Thread 0x0000022b14f3e800 nmethod 14276 0x0000022b084c9390 code [0x0000022b084c9560, 0x0000022b084c9808]
Event: 990.148 Thread 0x0000022b14f3e800 14275   !   4       sun.nio.ch.SocketChannelImpl::write (173 bytes)
Event: 990.149 Thread 0x0000022b7e21e800 14283       3       org.springframework.context.support.AbstractApplicationContext::publishEvent (118 bytes)
Event: 990.151 Thread 0x0000022b7e21e800 nmethod 14283 0x0000022b01df6310 code [0x0000022b01df6600, 0x0000022b01df7a28]

GC Heap History (20 events):
Event: 843.044 GC heap before
{Heap before GC invocations=61 (full 6):
 garbage-first heap   total 99328K, used 77961K [0x0000000081c00000, 0x0000000100000000)
  region size 1024K, 48 young (49152K), 0 survivors (0K)
 Metaspace       used 89125K, capacity 91742K, committed 91896K, reserved 1130496K
  class space    used 10736K, capacity 11673K, committed 11776K, reserved 1048576K
}
Event: 843.047 GC heap after
{Heap after GC invocations=62 (full 6):
 garbage-first heap   total 99328K, used 32739K [0x0000000081c00000, 0x0000000100000000)
  region size 1024K, 3 young (3072K), 3 survivors (3072K)
 Metaspace       used 89125K, capacity 91742K, committed 91896K, reserved 1130496K
  class space    used 10736K, capacity 11673K, committed 11776K, reserved 1048576K
}
Event: 843.414 GC heap before
{Heap before GC invocations=62 (full 6):
 garbage-first heap   total 99328K, used 77795K [0x0000000081c00000, 0x0000000100000000)
  region size 1024K, 48 young (49152K), 3 survivors (3072K)
 Metaspace       used 89193K, capacity 91742K, committed 91896K, reserved 1130496K
  class space    used 10739K, capacity 11673K, committed 11776K, reserved 1048576K
}
Event: 843.417 GC heap after
{Heap after GC invocations=63 (full 6):
 garbage-first heap   total 99328K, used 33574K [0x0000000081c00000, 0x0000000100000000)
  region size 1024K, 4 young (4096K), 4 survivors (4096K)
 Metaspace       used 89193K, capacity 91742K, committed 91896K, reserved 1130496K
  class space    used 10739K, capacity 11673K, committed 11776K, reserved 1048576K
}
Event: 843.617 GC heap before
{Heap before GC invocations=63 (full 6):
 garbage-first heap   total 99328K, used 78630K [0x0000000081c00000, 0x0000000100000000)
  region size 1024K, 48 young (49152K), 4 survivors (4096K)
 Metaspace       used 89596K, capacity 92170K, committed 92408K, reserved 1130496K
  class space    used 10761K, capacity 11707K, committed 11776K, reserved 1048576K
}
Event: 843.621 GC heap after
{Heap after GC invocations=64 (full 6):
 garbage-first heap   total 99328K, used 37949K [0x0000000081c00000, 0x0000000100000000)
  region size 1024K, 6 young (6144K), 6 survivors (6144K)
 Metaspace       used 89596K, capacity 92170K, committed 92408K, reserved 1130496K
  class space    used 10761K, capacity 11707K, committed 11776K, reserved 1048576K
}
Event: 849.722 GC heap before
{Heap before GC invocations=64 (full 6):
 garbage-first heap   total 99328K, used 77885K [0x0000000081c00000, 0x0000000100000000)
  region size 1024K, 45 young (46080K), 6 survivors (6144K)
 Metaspace       used 89750K, capacity 92308K, committed 92408K, reserved 1130496K
  class space    used 10769K, capacity 11708K, committed 11776K, reserved 1048576K
}
Event: 849.724 GC heap after
{Heap after GC invocations=65 (full 6):
 garbage-first heap   total 99328K, used 36936K [0x0000000081c00000, 0x0000000100000000)
  region size 1024K, 3 young (3072K), 3 survivors (3072K)
 Metaspace       used 89750K, capacity 92308K, committed 92408K, reserved 1130496K
  class space    used 10769K, capacity 11708K, committed 11776K, reserved 1048576K
}
Event: 872.131 GC heap before
{Heap before GC invocations=65 (full 6):
 garbage-first heap   total 99328K, used 77896K [0x0000000081c00000, 0x0000000100000000)
  region size 1024K, 43 young (44032K), 3 survivors (3072K)
 Metaspace       used 89750K, capacity 92308K, committed 92408K, reserved 1130496K
  class space    used 10769K, capacity 11708K, committed 11776K, reserved 1048576K
}
Event: 872.133 GC heap after
{Heap after GC invocations=66 (full 6):
 garbage-first heap   total 99328K, used 36616K [0x0000000081c00000, 0x0000000100000000)
  region size 1024K, 2 young (2048K), 2 survivors (2048K)
 Metaspace       used 89750K, capacity 92308K, committed 92408K, reserved 1130496K
  class space    used 10769K, capacity 11708K, committed 11776K, reserved 1048576K
}
Event: 896.917 GC heap before
{Heap before GC invocations=66 (full 6):
 garbage-first heap   total 99328K, used 79624K [0x0000000081c00000, 0x0000000100000000)
  region size 1024K, 44 young (45056K), 2 survivors (2048K)
 Metaspace       used 89751K, capacity 92308K, committed 92408K, reserved 1130496K
  class space    used 10769K, capacity 11708K, committed 11776K, reserved 1048576K
}
Event: 896.922 GC heap after
{Heap after GC invocations=67 (full 6):
 garbage-first heap   total 99328K, used 36915K [0x0000000081c00000, 0x0000000100000000)
  region size 1024K, 3 young (3072K), 3 survivors (3072K)
 Metaspace       used 89751K, capacity 92308K, committed 92408K, reserved 1130496K
  class space    used 10769K, capacity 11708K, committed 11776K, reserved 1048576K
}
Event: 919.125 GC heap before
{Heap before GC invocations=67 (full 6):
 garbage-first heap   total 99328K, used 79923K [0x0000000081c00000, 0x0000000100000000)
  region size 1024K, 45 young (46080K), 3 survivors (3072K)
 Metaspace       used 89751K, capacity 92308K, committed 92408K, reserved 1130496K
  class space    used 10769K, capacity 11708K, committed 11776K, reserved 1048576K
}
Event: 919.127 GC heap after
{Heap after GC invocations=68 (full 6):
 garbage-first heap   total 99328K, used 36968K [0x0000000081c00000, 0x0000000100000000)
  region size 1024K, 3 young (3072K), 3 survivors (3072K)
 Metaspace       used 89751K, capacity 92308K, committed 92408K, reserved 1130496K
  class space    used 10769K, capacity 11708K, committed 11776K, reserved 1048576K
}
Event: 936.759 GC heap before
{Heap before GC invocations=68 (full 6):
 garbage-first heap   total 99328K, used 78952K [0x0000000081c00000, 0x0000000100000000)
  region size 1024K, 45 young (46080K), 3 survivors (3072K)
 Metaspace       used 89858K, capacity 92445K, committed 92664K, reserved 1130496K
  class space    used 10770K, capacity 11710K, committed 11776K, reserved 1048576K
}
Event: 936.761 GC heap after
{Heap after GC invocations=69 (full 6):
 garbage-first heap   total 99328K, used 38917K [0x0000000081c00000, 0x0000000100000000)
  region size 1024K, 4 young (4096K), 4 survivors (4096K)
 Metaspace       used 89858K, capacity 92445K, committed 92664K, reserved 1130496K
  class space    used 10770K, capacity 11710K, committed 11776K, reserved 1048576K
}
Event: 954.618 GC heap before
{Heap before GC invocations=69 (full 6):
 garbage-first heap   total 99328K, used 80901K [0x0000000081c00000, 0x0000000100000000)
  region size 1024K, 45 young (46080K), 4 survivors (4096K)
 Metaspace       used 89986K, capacity 92594K, committed 92664K, reserved 1130496K
  class space    used 10773K, capacity 11715K, committed 11776K, reserved 1048576K
}
Event: 954.620 GC heap after
{Heap after GC invocations=70 (full 6):
 garbage-first heap   total 99328K, used 40057K [0x0000000081c00000, 0x0000000100000000)
  region size 1024K, 4 young (4096K), 4 survivors (4096K)
 Metaspace       used 89986K, capacity 92594K, committed 92664K, reserved 1130496K
  class space    used 10773K, capacity 11715K, committed 11776K, reserved 1048576K
}
Event: 974.974 GC heap before
{Heap before GC invocations=70 (full 6):
 garbage-first heap   total 99328K, used 78969K [0x0000000081c00000, 0x0000000100000000)
  region size 1024K, 43 young (44032K), 4 survivors (4096K)
 Metaspace       used 90020K, capacity 92603K, committed 92664K, reserved 1130496K
  class space    used 10775K, capacity 11718K, committed 11776K, reserved 1048576K
}
Event: 974.975 GC heap after
{Heap after GC invocations=71 (full 6):
 garbage-first heap   total 99328K, used 39741K [0x0000000081c00000, 0x0000000100000000)
  region size 1024K, 1 young (1024K), 1 survivors (1024K)
 Metaspace       used 90020K, capacity 92603K, committed 92664K, reserved 1130496K
  class space    used 10775K, capacity 11718K, committed 11776K, reserved 1048576K
}

Deoptimization events (20 events):
Event: 938.849 Thread 0x0000022b162a4800 Uncommon trap: trap_request=0xffffffd6 fr.pc=0x0000022b0847efc8 relative=0x0000000000000708
Event: 938.849 Thread 0x0000022b162a4800 Uncommon trap: reason=array_check action=maybe_recompile pc=0x0000022b0847efc8 method=java.util.TimSort.reverseRange([Ljava/lang/Object;II)V @ 20 c2
Event: 938.849 Thread 0x0000022b162a4800 DEOPT PACKING pc=0x0000022b0847efc8 sp=0x0000002e054fa3e0
Event: 938.849 Thread 0x0000022b162a4800 DEOPT UNPACKING pc=0x0000022b000274af sp=0x0000002e054fa310 mode 2
Event: 954.968 Thread 0x0000022b14f39800 Uncommon trap: trap_request=0xffffffd6 fr.pc=0x0000022b0847efc8 relative=0x0000000000000708
Event: 954.968 Thread 0x0000022b14f39800 Uncommon trap: reason=array_check action=maybe_recompile pc=0x0000022b0847efc8 method=java.util.TimSort.reverseRange([Ljava/lang/Object;II)V @ 20 c2
Event: 954.968 Thread 0x0000022b14f39800 DEOPT PACKING pc=0x0000022b0847efc8 sp=0x0000002e059fa2a0
Event: 954.968 Thread 0x0000022b14f39800 DEOPT UNPACKING pc=0x0000022b000274af sp=0x0000002e059fa1d0 mode 2
Event: 977.873 Thread 0x0000022b14f38800 Uncommon trap: trap_request=0xffffffd6 fr.pc=0x0000022b0847efc8 relative=0x0000000000000708
Event: 977.873 Thread 0x0000022b14f38800 Uncommon trap: reason=array_check action=maybe_recompile pc=0x0000022b0847efc8 method=java.util.TimSort.reverseRange([Ljava/lang/Object;II)V @ 20 c2
Event: 977.873 Thread 0x0000022b14f38800 DEOPT PACKING pc=0x0000022b0847efc8 sp=0x0000002e058fa750
Event: 977.873 Thread 0x0000022b14f38800 DEOPT UNPACKING pc=0x0000022b000274af sp=0x0000002e058fa680 mode 2
Event: 981.981 Thread 0x0000022b162a9800 Uncommon trap: trap_request=0xffffffd6 fr.pc=0x0000022b0847efc8 relative=0x0000000000000708
Event: 981.981 Thread 0x0000022b162a9800 Uncommon trap: reason=array_check action=maybe_recompile pc=0x0000022b0847efc8 method=java.util.TimSort.reverseRange([Ljava/lang/Object;II)V @ 20 c2
Event: 981.981 Thread 0x0000022b162a9800 DEOPT PACKING pc=0x0000022b0847efc8 sp=0x0000002e051fa340
Event: 981.981 Thread 0x0000022b162a9800 DEOPT UNPACKING pc=0x0000022b000274af sp=0x0000002e051fa270 mode 2
Event: 981.986 Thread 0x0000022b162a9800 Uncommon trap: trap_request=0xfffffff4 fr.pc=0x0000022b084af704 relative=0x0000000000006ba4
Event: 981.986 Thread 0x0000022b162a9800 Uncommon trap: reason=null_check action=make_not_entrant pc=0x0000022b084af704 method=org.springframework.core.convert.TypeDescriptor.isMap()Z @ 6 c2
Event: 981.986 Thread 0x0000022b162a9800 DEOPT PACKING pc=0x0000022b084af704 sp=0x0000002e051f9bd0
Event: 981.986 Thread 0x0000022b162a9800 DEOPT UNPACKING pc=0x0000022b000274af sp=0x0000002e051f9b80 mode 2

Classes redefined (0 events):
No events

Internal exceptions (20 events):
Event: 937.513 Thread 0x0000022b162a9800 Exception <a 'java/io/IOException'{0x000000008764fd10}> (0x000000008764fd10) thrown at [./src/hotspot/share/prims/jni.cpp, line 615]
Event: 937.513 Thread 0x0000022b162a9800 Exception <a 'java/io/IOException'{0x0000000087650818}> (0x0000000087650818) thrown at [./src/hotspot/share/prims/jni.cpp, line 615]
Event: 937.543 Thread 0x0000022b14f38800 Exception <a 'java/io/IOException'{0x00000000876ab8e0}> (0x00000000876ab8e0) thrown at [./src/hotspot/share/prims/jni.cpp, line 615]
Event: 937.543 Thread 0x0000022b14f38800 Exception <a 'java/io/IOException'{0x00000000876ac3e8}> (0x00000000876ac3e8) thrown at [./src/hotspot/share/prims/jni.cpp, line 615]
Event: 938.841 Thread 0x0000022b162a4800 Exception <a 'java/lang/ClassNotFoundException'{0x0000000087392ec8}: java/lang/ObjectCustomizer> (0x0000000087392ec8) thrown at [./src/hotspot/share/classfile/systemDictionary.cpp, line 231]
Event: 938.842 Thread 0x0000022b162a4800 Exception <a 'java/lang/ClassNotFoundException'{0x00000000873a8628}: com/example/demo/model/dto/productDTOCustomizer> (0x00000000873a8628) thrown at [./src/hotspot/share/classfile/systemDictionary.cpp, line 231]
Event: 938.874 Thread 0x0000022b14f3b000 Exception <a 'java/io/IOException'{0x000000008712cab8}> (0x000000008712cab8) thrown at [./src/hotspot/share/prims/jni.cpp, line 615]
Event: 938.874 Thread 0x0000022b14f3b000 Exception <a 'java/io/IOException'{0x000000008712d5c0}> (0x000000008712d5c0) thrown at [./src/hotspot/share/prims/jni.cpp, line 615]
Event: 955.069 Thread 0x0000022b14f37000 Exception <a 'java/io/IOException'{0x0000000088017708}> (0x0000000088017708) thrown at [./src/hotspot/share/prims/jni.cpp, line 615]
Event: 955.069 Thread 0x0000022b14f37000 Exception <a 'java/io/IOException'{0x0000000088018210}> (0x0000000088018210) thrown at [./src/hotspot/share/prims/jni.cpp, line 615]
Event: 958.298 Thread 0x0000022b14f35800 Exception <a 'java/io/IOException'{0x000000008732e098}> (0x000000008732e098) thrown at [./src/hotspot/share/prims/jni.cpp, line 615]
Event: 958.301 Thread 0x0000022b162aa800 Exception <a 'java/io/IOException'{0x0000000087336f18}> (0x0000000087336f18) thrown at [./src/hotspot/share/prims/jni.cpp, line 615]
Event: 978.030 Thread 0x0000022b14f3b000 Exception <a 'java/io/IOException'{0x0000000087571120}> (0x0000000087571120) thrown at [./src/hotspot/share/prims/jni.cpp, line 615]
Event: 978.030 Thread 0x0000022b14f3b000 Exception <a 'java/io/IOException'{0x0000000087571ed8}> (0x0000000087571ed8) thrown at [./src/hotspot/share/prims/jni.cpp, line 615]
Event: 978.256 Thread 0x0000022b14f39800 Exception <a 'java/io/IOException'{0x0000000087431748}> (0x0000000087431748) thrown at [./src/hotspot/share/prims/jni.cpp, line 615]
Event: 978.256 Thread 0x0000022b14f39800 Exception <a 'java/io/IOException'{0x0000000087432510}> (0x0000000087432510) thrown at [./src/hotspot/share/prims/jni.cpp, line 615]
Event: 981.986 Thread 0x0000022b162a9800 Implicit null exception at 0x0000022b084a8e5a to 0x0000022b084af6f4
Event: 982.088 Thread 0x0000022b162a4000 Exception <a 'java/net/SocketException'{0x0000000086c3bc40}: Connection reset by peer: shutdown> (0x0000000086c3bc40) thrown at [./src/hotspot/share/prims/jni.cpp, line 636]
Event: 987.687 Thread 0x0000022b14f38800 Exception <a 'java/io/IOException'{0x00000000861e1f28}> (0x00000000861e1f28) thrown at [./src/hotspot/share/prims/jni.cpp, line 615]
Event: 987.687 Thread 0x0000022b14f38800 Exception <a 'java/io/IOException'{0x00000000861e2a30}> (0x00000000861e2a30) thrown at [./src/hotspot/share/prims/jni.cpp, line 615]

Events (20 events):
Event: 946.690 Executing VM operation: RevokeBias done
Event: 946.692 loading class org/springframework/http/MediaTypeFactory
Event: 946.692 loading class org/springframework/http/MediaTypeFactory done
Event: 946.699 loading class org/springframework/core/io/Resource
Event: 946.699 loading class org/springframework/core/io/Resource done
Event: 954.618 Executing VM operation: G1CollectForAllocation
Event: 954.620 Executing VM operation: G1CollectForAllocation done
Event: 955.015 Executing VM operation: RevokeBias
Event: 955.015 Executing VM operation: RevokeBias done
Event: 958.298 Executing VM operation: RevokeBias
Event: 958.298 Executing VM operation: RevokeBias done
Event: 974.974 Executing VM operation: G1CollectForAllocation
Event: 974.975 Executing VM operation: G1CollectForAllocation done
Event: 977.943 Executing VM operation: RevokeBias
Event: 977.943 Executing VM operation: RevokeBias done
Event: 981.967 Executing VM operation: RevokeBias
Event: 981.967 Executing VM operation: RevokeBias done
Event: 987.630 Executing VM operation: RevokeBias
Event: 987.631 Executing VM operation: RevokeBias done
Event: 990.124 Thread 0x0000022b14f3e800 Thread added: 0x0000022b14f3e800


Dynamic libraries:
0x00007ff74bd10000 - 0x00007ff74bd1d000 	C:\Program Files\AdoptOpenJDK\jdk-11.0.8.10-hotspot\bin\java.exe
0x00007ff9eb7f0000 - 0x00007ff9eb9e5000 	C:\WINDOWS\SYSTEM32\ntdll.dll
0x00007ff9eaba0000 - 0x00007ff9eac5e000 	C:\WINDOWS\System32\KERNEL32.DLL
0x00007ff9e9570000 - 0x00007ff9e9839000 	C:\WINDOWS\System32\KERNELBASE.dll
0x00007ff9e9030000 - 0x00007ff9e9130000 	C:\WINDOWS\System32\ucrtbase.dll
0x00007ff9e32b0000 - 0x00007ff9e32c7000 	C:\Program Files\AdoptOpenJDK\jdk-11.0.8.10-hotspot\bin\jli.dll
0x00007ff9eb580000 - 0x00007ff9eb721000 	C:\WINDOWS\System32\USER32.dll
0x00007ff9e29f0000 - 0x00007ff9e2a05000 	C:\Program Files\AdoptOpenJDK\jdk-11.0.8.10-hotspot\bin\VCRUNTIME140.dll
0x00007ff9cd1a0000 - 0x00007ff9cd43a000 	C:\WINDOWS\WinSxS\amd64_microsoft.windows.common-controls_6595b64144ccf1df_6.0.19041.1110_none_60b5254171f9507e\COMCTL32.dll
0x00007ff9e92f0000 - 0x00007ff9e9312000 	C:\WINDOWS\System32\win32u.dll
0x00007ff9e9c10000 - 0x00007ff9e9cae000 	C:\WINDOWS\System32\msvcrt.dll
0x00007ff9e9840000 - 0x00007ff9e986b000 	C:\WINDOWS\System32\GDI32.dll
0x00007ff9e91e0000 - 0x00007ff9e92eb000 	C:\WINDOWS\System32\gdi32full.dll
0x00007ff9e8f90000 - 0x00007ff9e902d000 	C:\WINDOWS\System32\msvcp_win.dll
0x00007ff9e9be0000 - 0x00007ff9e9c10000 	C:\WINDOWS\System32\IMM32.DLL
0x00007ff9e1330000 - 0x00007ff9e13cb000 	C:\Program Files\AdoptOpenJDK\jdk-11.0.8.10-hotspot\bin\msvcp140.dll
0x00007ff9a8dd0000 - 0x00007ff9a988d000 	C:\Program Files\AdoptOpenJDK\jdk-11.0.8.10-hotspot\bin\server\jvm.dll
0x00007ff9e9cb0000 - 0x00007ff9e9d5c000 	C:\WINDOWS\System32\ADVAPI32.dll
0x00007ff9eb310000 - 0x00007ff9eb3ab000 	C:\WINDOWS\System32\sechost.dll
0x00007ff9e9ab0000 - 0x00007ff9e9bda000 	C:\WINDOWS\System32\RPCRT4.dll
0x00007ff9eb3b0000 - 0x00007ff9eb3b8000 	C:\WINDOWS\System32\PSAPI.DLL
0x00007ff9db690000 - 0x00007ff9db6b7000 	C:\WINDOWS\SYSTEM32\WINMM.dll
0x00007ff9d78e0000 - 0x00007ff9d78e9000 	C:\WINDOWS\SYSTEM32\WSOCK32.dll
0x00007ff9e1dd0000 - 0x00007ff9e1dda000 	C:\WINDOWS\SYSTEM32\VERSION.dll
0x00007ff9eab30000 - 0x00007ff9eab9b000 	C:\WINDOWS\System32\WS2_32.dll
0x00007ff9e7790000 - 0x00007ff9e77a2000 	C:\WINDOWS\SYSTEM32\kernel.appcore.dll
0x00007ff9e3660000 - 0x00007ff9e3670000 	C:\Program Files\AdoptOpenJDK\jdk-11.0.8.10-hotspot\bin\verify.dll
0x00007ff9e6d10000 - 0x00007ff9e6ef4000 	C:\WINDOWS\SYSTEM32\DBGHELP.DLL
0x00007ff9ce810000 - 0x00007ff9ce83c000 	C:\WINDOWS\SYSTEM32\dbgcore.DLL
0x00007ff9e9320000 - 0x00007ff9e93a3000 	C:\WINDOWS\System32\bcryptPrimitives.dll
0x00007ff9d8a10000 - 0x00007ff9d8a38000 	C:\Program Files\AdoptOpenJDK\jdk-11.0.8.10-hotspot\bin\java.dll
0x00007ff9e29e0000 - 0x00007ff9e29ea000 	C:\Program Files\AdoptOpenJDK\jdk-11.0.8.10-hotspot\bin\jimage.dll
0x00007ff9e0c90000 - 0x00007ff9e0c9e000 	C:\Program Files\AdoptOpenJDK\jdk-11.0.8.10-hotspot\bin\instrument.dll
0x00007ff9e15f0000 - 0x00007ff9e1607000 	C:\Program Files\AdoptOpenJDK\jdk-11.0.8.10-hotspot\bin\zip.dll
0x00007ff9e9d60000 - 0x00007ff9ea49f000 	C:\WINDOWS\System32\SHELL32.dll
0x00007ff9e6ff0000 - 0x00007ff9e7780000 	C:\WINDOWS\SYSTEM32\windows.storage.dll
0x00007ff9eaea0000 - 0x00007ff9eb1f5000 	C:\WINDOWS\System32\combase.dll
0x00007ff9e8890000 - 0x00007ff9e88bc000 	C:\WINDOWS\SYSTEM32\Wldp.dll
0x00007ff9eb260000 - 0x00007ff9eb30e000 	C:\WINDOWS\System32\SHCORE.dll
0x00007ff9eb200000 - 0x00007ff9eb255000 	C:\WINDOWS\System32\shlwapi.dll
0x00007ff9e8e50000 - 0x00007ff9e8e6f000 	C:\WINDOWS\SYSTEM32\profapi.dll
0x00007ff9e15b0000 - 0x00007ff9e15c9000 	C:\Program Files\AdoptOpenJDK\jdk-11.0.8.10-hotspot\bin\net.dll
0x00007ff9de220000 - 0x00007ff9de328000 	C:\WINDOWS\SYSTEM32\WINHTTP.dll
0x00007ff9e85f0000 - 0x00007ff9e865a000 	C:\WINDOWS\system32\mswsock.dll
0x00007ff9d89f0000 - 0x00007ff9d8a02000 	C:\Program Files\AdoptOpenJDK\jdk-11.0.8.10-hotspot\bin\nio.dll
0x00007ff9c2610000 - 0x00007ff9c262a000 	D:\IntelliJ IDEA 2021.1\bin\breakgen64.dll
0x00007ff9d9da0000 - 0x00007ff9d9da9000 	C:\Program Files\AdoptOpenJDK\jdk-11.0.8.10-hotspot\bin\management.dll
0x00007ff9d8630000 - 0x00007ff9d863b000 	C:\Program Files\AdoptOpenJDK\jdk-11.0.8.10-hotspot\bin\management_ext.dll
0x00007ff9d89b0000 - 0x00007ff9d89c7000 	C:\WINDOWS\system32\napinsp.dll
0x00007ff9b2d10000 - 0x00007ff9b2d2b000 	C:\WINDOWS\system32\pnrpnsp.dll
0x00007ff9e3810000 - 0x00007ff9e3825000 	C:\WINDOWS\system32\wshbth.dll
0x00007ff9e4230000 - 0x00007ff9e424d000 	C:\WINDOWS\system32\NLAapi.dll
0x00007ff9e82e0000 - 0x00007ff9e831b000 	C:\WINDOWS\SYSTEM32\IPHLPAPI.DLL
0x00007ff9e8320000 - 0x00007ff9e83ec000 	C:\WINDOWS\SYSTEM32\DNSAPI.dll
0x00007ff9eb570000 - 0x00007ff9eb578000 	C:\WINDOWS\System32\NSI.dll
0x00007ff9b2cf0000 - 0x00007ff9b2d02000 	C:\WINDOWS\System32\winrnr.dll
0x00007ff9e13e0000 - 0x00007ff9e13ea000 	C:\Windows\System32\rasadhlp.dll
0x00007ff9def80000 - 0x00007ff9defff000 	C:\WINDOWS\System32\fwpuclnt.dll
0x00007ff9e8f60000 - 0x00007ff9e8f87000 	C:\WINDOWS\System32\bcrypt.dll
0x0000000180000000 - 0x0000000180285000 	D:\apache-tomcat-9.0.37\bin\tcnative-1.dll
0x00007ff9e93b0000 - 0x00007ff9e9506000 	C:\WINDOWS\System32\CRYPT32.dll
0x00007ff9e87f0000 - 0x00007ff9e8808000 	C:\WINDOWS\SYSTEM32\CRYPTSP.dll
0x00007ff9e7f70000 - 0x00007ff9e7fa4000 	C:\WINDOWS\system32\rsaenh.dll
0x00007ff9e8e10000 - 0x00007ff9e8e3e000 	C:\WINDOWS\SYSTEM32\USERENV.dll
0x00007ff9e87e0000 - 0x00007ff9e87ec000 	C:\WINDOWS\SYSTEM32\CRYPTBASE.dll
0x00007ff9e0010000 - 0x00007ff9e0027000 	C:\WINDOWS\SYSTEM32\dhcpcsvc6.DLL
0x00007ff9e0730000 - 0x00007ff9e074d000 	C:\WINDOWS\SYSTEM32\dhcpcsvc.DLL
0x00007ff9c4e20000 - 0x00007ff9c4e2e000 	C:\Program Files\AdoptOpenJDK\jdk-11.0.8.10-hotspot\bin\sunmscapi.dll
0x00007ff9e8900000 - 0x00007ff9e8927000 	C:\WINDOWS\SYSTEM32\ncrypt.dll
0x00007ff9e88c0000 - 0x00007ff9e88fb000 	C:\WINDOWS\SYSTEM32\NTASN1.dll
0x00007ff9c1140000 - 0x00007ff9c1165000 	C:\Program Files\AdoptOpenJDK\jdk-11.0.8.10-hotspot\bin\sunec.dll

dbghelp: loaded successfully - version: 4.0.5 - missing functions: none
symbol engine: initialized successfully - sym options: 0x614 - pdb path: .;C:\Program Files\AdoptOpenJDK\jdk-11.0.8.10-hotspot\bin;C:\WINDOWS\SYSTEM32;C:\WINDOWS\WinSxS\amd64_microsoft.windows.common-controls_6595b64144ccf1df_6.0.19041.1110_none_60b5254171f9507e;C:\Program Files\AdoptOpenJDK\jdk-11.0.8.10-hotspot\bin\server;D:\IntelliJ IDEA 2021.1\bin;D:\apache-tomcat-9.0.37\bin

VM Arguments:
jvm_args: -javaagent:D:\IntelliJ IDEA 2021.1\lib\idea_rt.jar=64049:D:\IntelliJ IDEA 2021.1\bin -Dfile.encoding=UTF-8 
java_command: com.example.demo.SpringbootProjectApplication
java_class_path (initial): C:\Users\Admin\eclipse-workspace\Springboot_project\target\classes;C:\Users\Admin\.m2\repository\org\springframework\boot\spring-boot-starter-security\2.4.5\spring-boot-starter-security-2.4.5.jar;C:\Users\Admin\.m2\repository\org\springframework\boot\spring-boot-starter\2.4.5\spring-boot-starter-2.4.5.jar;C:\Users\Admin\.m2\repository\org\springframework\boot\spring-boot-starter-logging\2.4.5\spring-boot-starter-logging-2.4.5.jar;C:\Users\Admin\.m2\repository\ch\qos\logback\logback-classic\1.2.3\logback-classic-1.2.3.jar;C:\Users\Admin\.m2\repository\ch\qos\logback\logback-core\1.2.3\logback-core-1.2.3.jar;C:\Users\Admin\.m2\repository\org\apache\logging\log4j\log4j-to-slf4j\2.13.3\log4j-to-slf4j-2.13.3.jar;C:\Users\Admin\.m2\repository\org\apache\logging\log4j\log4j-api\2.13.3\log4j-api-2.13.3.jar;C:\Users\Admin\.m2\repository\org\slf4j\jul-to-slf4j\1.7.30\jul-to-slf4j-1.7.30.jar;C:\Users\Admin\.m2\repository\jakarta\annotation\jakarta.annotation-api\1.3.5\jakarta.annotation-api-1.3.5.jar;C:\Users\Admin\.m2\repository\org\yaml\snakeyaml\1.27\snakeyaml-1.27.jar;C:\Users\Admin\.m2\repository\org\springframework\spring-aop\5.3.6\spring-aop-5.3.6.jar;C:\Users\Admin\.m2\repository\org\springframework\spring-beans\5.3.6\spring-beans-5.3.6.jar;C:\Users\Admin\.m2\repository\org\springframework\security\spring-security-config\5.4.6\spring-security-config-5.4.6.jar;C:\Users\Admin\.m2\repository\org\springframework\spring-context\5.3.6\spring-context-5.3.6.jar;C:\Users\Admin\.m2\repository\org\springframework\security\spring-security-web\5.4.6\spring-security-web-5.4.6.jar;C:\Users\Admin\.m2\repository\org\springframework\spring-expression\5.3.6\spring-expression-5.3.6.jar;C:\Users\Admin\.m2\repository\org\springframework\boot\spring-boot-starter-thymeleaf\2.4.5\spring-boot-starter-thymeleaf-2.4.5.jar;C:\Users\Admin\.m2\repository\org\thymeleaf\thymeleaf-spring5\3.0.12.RELEASE\thymeleaf-spring5-3.0.12.RELEASE.jar;C:\Users\Admin\.m2\repository\org\
Launcher Type: SUN_STANDARD

[Global flags]
     intx CICompilerCount                          = 4                                         {product} {ergonomic}
     uint ConcGCThreads                            = 2                                         {product} {ergonomic}
     uint G1ConcRefinementThreads                  = 8                                         {product} {ergonomic}
   size_t G1HeapRegionSize                         = 1048576                                   {product} {ergonomic}
    uintx GCDrainStackTargetSize                   = 64                                        {product} {ergonomic}
   size_t InitialHeapSize                          = 134217728                                 {product} {ergonomic}
   size_t MarkStackSize                            = 4194304                                   {product} {ergonomic}
   size_t MaxHeapSize                              = 2118123520                                {product} {ergonomic}
   size_t MaxNewSize                               = 1270874112                                {product} {ergonomic}
   size_t MinHeapDeltaBytes                        = 1048576                                   {product} {ergonomic}
    uintx NonNMethodCodeHeapSize                   = 5836300                                {pd product} {ergonomic}
    uintx NonProfiledCodeHeapSize                  = 122910970                              {pd product} {ergonomic}
    uintx ProfiledCodeHeapSize                     = 122910970                              {pd product} {ergonomic}
    uintx ReservedCodeCacheSize                    = 251658240                              {pd product} {ergonomic}
     bool SegmentedCodeCache                       = true                                      {product} {ergonomic}
     bool UseCompressedClassPointers               = true                                 {lp64_product} {ergonomic}
     bool UseCompressedOops                        = true                                 {lp64_product} {ergonomic}
     bool UseG1GC                                  = true                                      {product} {ergonomic}
     bool UseLargePagesIndividualAllocation        = false                                  {pd product} {ergonomic}

Logging:
Log output configuration:
 #0: stdout all=warning uptime,level,tags
 #1: stderr all=off uptime,level,tags

Environment Variables:
JAVA_HOME=C:\Program Files\AdoptOpenJDK\jdk-11.0.8.10-hotspot\
PATH=C:\Program Files\AdoptOpenJDK\jdk-11.0.8.10-hotspot\bin;C:\WINDOWS\system32;C:\WINDOWS;C:\WINDOWS\System32\Wbem;C:\WINDOWS\System32\WindowsPowerShell\v1.0\;C:\WINDOWS\System32\OpenSSH\;C:\Program Files (x86)\Microsoft SQL Server\110\Tools\Binn\ManagementStudio\;C:\Program Files (x86)\Microsoft SQL Server\110\Tools\Binn\;C:\Program Files\Microsoft SQL Server\110\Tools\Binn\;C:\Program Files (x86)\Microsoft SQL Server\110\DTS\Binn\;C:\Program Files\Microsoft SQL Server\Client SDK\ODBC\110\Tools\Binn\;C:\Program Files (x86)\Microsoft SQL Server\120\Tools\Binn\;C:\Program Files\Microsoft SQL Server\120\Tools\Binn\;C:\Program Files\Microsoft SQL Server\120\DTS\Binn\;C:\Program Files (x86)\Microsoft SQL Server\120\Tools\Binn\ManagementStudio\;C:\Program Files (x86)\Microsoft SQL Server\120\DTS\Binn\;C:\Users\Admin\Downloads\apache-maven-3.6.0;C:\Users\Admin\Downloads\apache-maven-3.6.0\bin;C:\Program Files\NVIDIA Corporation\NVIDIA NvDLISR;C:\Program Files (x86)\NVIDIA Corporation\PhysX\Common;C:\Users\Admin\Downloads\apache-maven-3.6.0\bin;C:\Program Files\nodejs\;C:\Program Files\Git\cmd;C:\WINDOWS\system32;C:\WINDOWS;C:\WINDOWS\System32\Wbem;C:\WINDOWS\System32\WindowsPowerShell\v1.0\;C:\WINDOWS\System32\OpenSSH\;C:\Users\Admin\AppData\Local\Microsoft\WindowsApps;C:\Users\Admin\AppData\Local\Programs\Microsoft VS Code\bin;D:\apache-tomcat-9.0.37\bin;C:\Users\Admin\AppData\Roaming\npm;
USERNAME=Admin
OS=Windows_NT
PROCESSOR_IDENTIFIER=Intel64 Family 6 Model 158 Stepping 10, GenuineIntel



---------------  S Y S T E M  ---------------

OS: Windows 10 , 64 bit Build 19041 (10.0.19041.1202)
OS uptime: 0 days 22:38 hours

CPU:total 8 (initial active 8) (4 cores per cpu, 2 threads per core) family 6 model 158 stepping 10, cmov, cx8, fxsr, mmx, sse, sse2, sse3, ssse3, sse4.1, sse4.2, popcnt, avx, avx2, aes, clmul, erms, 3dnowpref, lzcnt, ht, tsc, tscinvbit, bmi1, bmi2, adx, fma

Memory: 4k page, system-wide physical 8072M (702M free)
TotalPageFile size 12168M (AvailPageFile size 0M)
current process WorkingSet (physical memory assigned to process): 323M, peak: 477M
current process commit charge ("private bytes"): 378M, peak: 547M

vm_info: OpenJDK 64-Bit Server VM (11.0.8+10) for windows-amd64 JRE (11.0.8+10), built on Jul 15 2020 11:45:54 by "" with MS VC++ 15.9 (VS2017)

END.
