#
# There is insufficient memory for the Java Runtime Environment to continue.
# Native memory allocation (malloc) failed to allocate 32744 bytes for ChunkPool::allocate
# Possible reasons:
#   The system is out of physical RAM or swap space
#   The process is running with CompressedOops enabled, and the Java Heap may be blocking the growth of the native heap
# Possible solutions:
#   Reduce memory load on the system
#   Increase physical memory or swap space
#   Check if swap backing store is full
#   Decrease Java heap size (-Xmx/-Xms)
#   Decrease number of Java threads
#   Decrease Java thread stack sizes (-Xss)
#   Set larger code cache with -XX:ReservedCodeCacheSize=
#   JVM is running with Unscaled Compressed Oops mode in which the Java heap is
#     placed in the first 4GB address space. The Java Heap base address is the
#     maximum limit for the native heap growth. Please use -XX:HeapBaseMinAddress
#     to set the Java Heap base and to place the Java Heap above 4GB virtual address.
# This output file may be truncated or incomplete.
#
#  Out of Memory Error (./src/hotspot/share/memory/arena.cpp:81), pid=16672, tid=18780
#
# JRE version: OpenJDK Runtime Environment AdoptOpenJDK (11.0.8+10) (build 11.0.8+10)
# Java VM: OpenJDK 64-Bit Server VM AdoptOpenJDK (11.0.8+10, mixed mode, tiered, compressed oops, g1 gc, windows-amd64)
# No core dump will be written. Minidumps are not enabled by default on client versions of Windows
#

---------------  S U M M A R Y ------------

Command Line: -javaagent:D:\IntelliJ IDEA 2021.1\lib\idea_rt.jar=50300:D:\IntelliJ IDEA 2021.1\bin -Dfile.encoding=UTF-8 com.example.demo.SpringbootProjectApplication

Host: Intel(R) Core(TM) i5-9300H CPU @ 2.40GHz, 8 cores, 7G,  Windows 10 , 64 bit Build 19041 (10.0.19041.1202)
Time: Thu Nov  4 15:38:51 2021 SE Asia Standard Time elapsed time: 23 seconds (0d 0h 0m 23s)

---------------  T H R E A D  ---------------

Current thread (0x0000022237b80800):  JavaThread "C1 CompilerThread0" daemon [_thread_in_native, id=18780, stack(0x000000d94b500000,0x000000d94b600000)]


Current CompileTask:
C1:  23377 6192   !   2       java.util.concurrent.ConcurrentHashMap::clear (176 bytes)

Stack: [0x000000d94b500000,0x000000d94b600000]
Native frames: (J=compiled Java code, j=interpreted, Vv=VM code, C=native code)
V  [jvm.dll+0x5dfa5a]
V  [jvm.dll+0x7175ce]
V  [jvm.dll+0x718c9f]
V  [jvm.dll+0x719363]
V  [jvm.dll+0x240e48]
V  [jvm.dll+0xb9a4b]
V  [jvm.dll+0xb9dac]
V  [jvm.dll+0x32f9fa]
V  [jvm.dll+0xc7c8a]
V  [jvm.dll+0x25038c]
V  [jvm.dll+0x24d4f7]
V  [jvm.dll+0x24da25]
V  [jvm.dll+0x1290af]
V  [jvm.dll+0x12b62d]
V  [jvm.dll+0x129b54]
V  [jvm.dll+0x12344c]
V  [jvm.dll+0x13395a]
V  [jvm.dll+0x11e589]
V  [jvm.dll+0x11e8f0]
V  [jvm.dll+0x11ebaf]
V  [jvm.dll+0x11de57]
V  [jvm.dll+0x11fd67]
V  [jvm.dll+0x208f27]
V  [jvm.dll+0x20710b]
V  [jvm.dll+0x6dc339]
V  [jvm.dll+0x6d53e4]
V  [jvm.dll+0x5de996]
C  [ucrtbase.dll+0x21bb2]
C  [KERNEL32.DLL+0x17034]
C  [ntdll.dll+0x52651]


---------------  P R O C E S S  ---------------

Threads class SMR info:
_java_thread_list=0x0000022238ae7180, length=19, elements={
0x00000222182fc000, 0x000002223720b800, 0x0000022237215000, 0x0000022237220800,
0x0000022237223800, 0x0000022237225000, 0x0000022237b80800, 0x0000022237b83000,
0x00000222371a3800, 0x0000022238385000, 0x0000022238386000, 0x0000022238a7b000,
0x0000022238acb000, 0x0000022237ef6800, 0x000002223c915800, 0x0000022239442000,
0x000002223db47000, 0x000002223db25800, 0x000002223d9bc000
}

Java Threads: ( => current thread )
  0x00000222182fc000 JavaThread "main" [_thread_blocked, id=14720, stack(0x000000d94a900000,0x000000d94aa00000)]
  0x000002223720b800 JavaThread "Reference Handler" daemon [_thread_blocked, id=1492, stack(0x000000d94b000000,0x000000d94b100000)]
  0x0000022237215000 JavaThread "Finalizer" daemon [_thread_blocked, id=8372, stack(0x000000d94b100000,0x000000d94b200000)]
  0x0000022237220800 JavaThread "Signal Dispatcher" daemon [_thread_blocked, id=13972, stack(0x000000d94b200000,0x000000d94b300000)]
  0x0000022237223800 JavaThread "Attach Listener" daemon [_thread_blocked, id=4912, stack(0x000000d94b300000,0x000000d94b400000)]
  0x0000022237225000 JavaThread "C2 CompilerThread0" daemon [_thread_in_native, id=11248, stack(0x000000d94b400000,0x000000d94b500000)]
=>0x0000022237b80800 JavaThread "C1 CompilerThread0" daemon [_thread_in_native, id=18780, stack(0x000000d94b500000,0x000000d94b600000)]
  0x0000022237b83000 JavaThread "Sweeper thread" daemon [_thread_blocked, id=11376, stack(0x000000d94b600000,0x000000d94b700000)]
  0x00000222371a3800 JavaThread "Common-Cleaner" daemon [_thread_blocked, id=17420, stack(0x000000d94b700000,0x000000d94b800000)]
  0x0000022238385000 JavaThread "Monitor Ctrl-Break" daemon [_thread_in_native, id=8124, stack(0x000000d94b900000,0x000000d94ba00000)]
  0x0000022238386000 JavaThread "Service Thread" daemon [_thread_blocked, id=9952, stack(0x000000d94ba00000,0x000000d94bb00000)]
  0x0000022238a7b000 JavaThread "Thread-0" [_thread_blocked, id=6592, stack(0x000000d94be00000,0x000000d94bf00000)]
  0x0000022238acb000 JavaThread "restartedMain" [_thread_in_vm, id=12888, stack(0x000000d94bf00000,0x000000d94c000000)]
  0x0000022237ef6800 JavaThread "mssql-jdbc-shared-timer-core-0" daemon [_thread_blocked, id=19204, stack(0x000000d94b800000,0x000000d94b900000)]
  0x000002223c915800 JavaThread "HikariPool-1 housekeeper" daemon [_thread_blocked, id=11608, stack(0x000000d94c400000,0x000000d94c500000)]
  0x0000022239442000 JavaThread "C2 CompilerThread1" daemon [_thread_in_native, id=9504, stack(0x000000d94c800000,0x000000d94c900000)]
  0x000002223db47000 JavaThread "Catalina-utility-1" [_thread_blocked, id=7616, stack(0x000000d94c900000,0x000000d94ca00000)]
  0x000002223db25800 JavaThread "Catalina-utility-2" [_thread_blocked, id=5928, stack(0x000000d94ca00000,0x000000d94cb00000)]
  0x000002223d9bc000 JavaThread "container-0" [_thread_blocked, id=7740, stack(0x000000d94cb00000,0x000000d94cc00000)]

Other Threads:
  0x000002223720a000 VMThread "VM Thread" [stack: 0x000000d94af00000,0x000000d94b000000] [id=148]
  0x0000022238387800 WatcherThread [stack: 0x000000d94bb00000,0x000000d94bc00000] [id=15924]
  0x0000022218316000 GCTaskThread "GC Thread#0" [stack: 0x000000d94aa00000,0x000000d94ab00000] [id=324]
  0x0000022238b2e800 GCTaskThread "GC Thread#1" [stack: 0x000000d94bc00000,0x000000d94bd00000] [id=388]
  0x0000022238aa4800 GCTaskThread "GC Thread#2" [stack: 0x000000d94bd00000,0x000000d94be00000] [id=2808]
  0x0000022238a9b000 GCTaskThread "GC Thread#3" [stack: 0x000000d94c100000,0x000000d94c200000] [id=12648]
  0x00000222392d4000 GCTaskThread "GC Thread#4" [stack: 0x000000d94c200000,0x000000d94c300000] [id=4836]
  0x0000022238fcf000 GCTaskThread "GC Thread#5" [stack: 0x000000d94c300000,0x000000d94c400000] [id=18364]
  0x000002223974d000 GCTaskThread "GC Thread#6" [stack: 0x000000d94c500000,0x000000d94c600000] [id=8212]
  0x000002223976b800 GCTaskThread "GC Thread#7" [stack: 0x000000d94c600000,0x000000d94c700000] [id=5672]
  0x0000022218346800 ConcurrentGCThread "G1 Main Marker" [stack: 0x000000d94ab00000,0x000000d94ac00000] [id=6580]
  0x0000022218347800 ConcurrentGCThread "G1 Conc#0" [stack: 0x000000d94ac00000,0x000000d94ad00000] [id=5576]
  0x0000022238fb4000 ConcurrentGCThread "G1 Conc#1" [stack: 0x000000d94c700000,0x000000d94c800000] [id=2556]
  0x00000222183ca000 ConcurrentGCThread "G1 Refine#0" [stack: 0x000000d94ad00000,0x000000d94ae00000] [id=8676]
  0x00000222183cb000 ConcurrentGCThread "G1 Young RemSet Sampling" [stack: 0x000000d94ae00000,0x000000d94af00000] [id=18344]

Threads with active compile tasks:
C2 CompilerThread0  23404 5911       4       org.springframework.beans.factory.support.AbstractBeanFactory::isTypeMatch (607 bytes)
C1 CompilerThread0  23404 6192   !   2       java.util.concurrent.ConcurrentHashMap::clear (176 bytes)
C2 CompilerThread1  23404 5602       4       org.springframework.core.annotation.TypeMappedAnnotations$MergedAnnotationFinder::doWithAnnotations (10 bytes)

VM state:not at safepoint (normal execution)

VM Mutex/Monitor currently owned by a thread: None

OutOfMemory and StackOverflow Exception counts:
OutOfMemoryError java_heap_errors=1
LinkageErrors=66

Heap address: 0x0000000081c00000, size: 2020 MB, Compressed Oops mode: 32-bit
Narrow klass base: 0x0000000000000000, Narrow klass shift: 3
Compressed class space size: 1073741824 Address: 0x0000000100000000

Heap:
 garbage-first heap   total 157696K, used 58754K [0x0000000081c00000, 0x0000000100000000)
  region size 1024K, 39 young (39936K), 7 survivors (7168K)
 Metaspace       used 70932K, capacity 72582K, committed 72876K, reserved 1112064K
  class space    used 9005K, capacity 9659K, committed 9728K, reserved 1048576K
Heap Regions: E=young(eden), S=young(survivor), O=old, HS=humongous(starts), HC=humongous(continues), CS=collection set, F=free, A=archive, TAMS=top-at-mark-start (previous, next)
|   0|0x0000000081c00000, 0x0000000081d00000, 0x0000000081d00000|100%|HS|  |TAMS 0x0000000081d00000, 0x0000000081c00000| Complete 
|   1|0x0000000081d00000, 0x0000000081e00000, 0x0000000081e00000|100%| O|  |TAMS 0x0000000081e00000, 0x0000000081d00000| Untracked 
|   2|0x0000000081e00000, 0x0000000081f00000, 0x0000000081f00000|100%| O|  |TAMS 0x0000000081f00000, 0x0000000081e00000| Untracked 
|   3|0x0000000081f00000, 0x0000000082000000, 0x0000000082000000|100%| O|  |TAMS 0x0000000082000000, 0x0000000081f00000| Untracked 
|   4|0x0000000082000000, 0x0000000082100000, 0x0000000082100000|100%| O|  |TAMS 0x0000000082100000, 0x0000000082000000| Untracked 
|   5|0x0000000082100000, 0x0000000082200000, 0x0000000082200000|100%| O|  |TAMS 0x0000000082200000, 0x0000000082100000| Untracked 
|   6|0x0000000082200000, 0x0000000082300000, 0x0000000082300000|100%| O|  |TAMS 0x0000000082300000, 0x0000000082200000| Untracked 
|   7|0x0000000082300000, 0x0000000082400000, 0x0000000082400000|100%| O|  |TAMS 0x0000000082400000, 0x0000000082300000| Untracked 
|   8|0x0000000082400000, 0x0000000082500000, 0x0000000082500000|100%| O|  |TAMS 0x0000000082500000, 0x0000000082400000| Untracked 
|   9|0x0000000082500000, 0x0000000082600000, 0x0000000082600000|100%| O|  |TAMS 0x0000000082600000, 0x0000000082500000| Untracked 
|  10|0x0000000082600000, 0x0000000082700000, 0x0000000082700000|100%| O|  |TAMS 0x0000000082700000, 0x0000000082600000| Untracked 
|  11|0x0000000082700000, 0x0000000082800000, 0x0000000082800000|100%| O|  |TAMS 0x0000000082800000, 0x0000000082700000| Untracked 
|  12|0x0000000082800000, 0x0000000082900000, 0x0000000082900000|100%| O|  |TAMS 0x0000000082900000, 0x0000000082800000| Untracked 
|  13|0x0000000082900000, 0x0000000082a00000, 0x0000000082a00000|100%| O|  |TAMS 0x0000000082a00000, 0x0000000082900000| Untracked 
|  14|0x0000000082a00000, 0x0000000082b00000, 0x0000000082b00000|100%| O|  |TAMS 0x0000000082b00000, 0x0000000082a00000| Untracked 
|  15|0x0000000082b00000, 0x0000000082c00000, 0x0000000082c00000|100%| O|  |TAMS 0x0000000082b41400, 0x0000000082b00000| Untracked 
|  16|0x0000000082c00000, 0x0000000082d00000, 0x0000000082d00000|100%| O|  |TAMS 0x0000000082c00000, 0x0000000082c00000| Untracked 
|  17|0x0000000082d00000, 0x0000000082e00000, 0x0000000082e00000|100%| O|  |TAMS 0x0000000082d00000, 0x0000000082d00000| Untracked 
|  18|0x0000000082e00000, 0x0000000082f00000, 0x0000000082f00000|100%| O|  |TAMS 0x0000000082e00000, 0x0000000082e00000| Untracked 
|  19|0x0000000082f00000, 0x0000000083000000, 0x0000000083000000|100%| O|  |TAMS 0x0000000082f00000, 0x0000000082f00000| Untracked 
|  20|0x0000000083000000, 0x0000000083000000, 0x0000000083100000|  0%| F|  |TAMS 0x0000000083000000, 0x0000000083000000| Untracked 
|  21|0x0000000083100000, 0x0000000083100000, 0x0000000083200000|  0%| F|  |TAMS 0x0000000083100000, 0x0000000083100000| Untracked 
|  22|0x0000000083200000, 0x0000000083200000, 0x0000000083300000|  0%| F|  |TAMS 0x0000000083200000, 0x0000000083200000| Untracked 
|  23|0x0000000083300000, 0x0000000083300000, 0x0000000083400000|  0%| F|  |TAMS 0x0000000083300000, 0x0000000083300000| Untracked 
|  24|0x0000000083400000, 0x0000000083400000, 0x0000000083500000|  0%| F|  |TAMS 0x0000000083400000, 0x0000000083400000| Untracked 
|  25|0x0000000083500000, 0x0000000083500000, 0x0000000083600000|  0%| F|  |TAMS 0x0000000083500000, 0x0000000083500000| Untracked 
|  26|0x0000000083600000, 0x0000000083600000, 0x0000000083700000|  0%| F|  |TAMS 0x0000000083600000, 0x0000000083600000| Untracked 
|  27|0x0000000083700000, 0x0000000083700000, 0x0000000083800000|  0%| F|  |TAMS 0x0000000083700000, 0x0000000083700000| Untracked 
|  28|0x0000000083800000, 0x0000000083800000, 0x0000000083900000|  0%| F|  |TAMS 0x0000000083800000, 0x0000000083800000| Untracked 
|  29|0x0000000083900000, 0x0000000083900000, 0x0000000083a00000|  0%| F|  |TAMS 0x0000000083900000, 0x0000000083900000| Untracked 
|  30|0x0000000083a00000, 0x0000000083a00000, 0x0000000083b00000|  0%| F|  |TAMS 0x0000000083a00000, 0x0000000083a00000| Untracked 
|  31|0x0000000083b00000, 0x0000000083b00000, 0x0000000083c00000|  0%| F|  |TAMS 0x0000000083b00000, 0x0000000083b00000| Untracked 
|  32|0x0000000083c00000, 0x0000000083c00000, 0x0000000083d00000|  0%| F|  |TAMS 0x0000000083c00000, 0x0000000083c00000| Untracked 
|  33|0x0000000083d00000, 0x0000000083d00000, 0x0000000083e00000|  0%| F|  |TAMS 0x0000000083d00000, 0x0000000083d00000| Untracked 
|  34|0x0000000083e00000, 0x0000000083e00000, 0x0000000083f00000|  0%| F|  |TAMS 0x0000000083e00000, 0x0000000083e00000| Untracked 
|  35|0x0000000083f00000, 0x0000000083f00000, 0x0000000084000000|  0%| F|  |TAMS 0x0000000083f00000, 0x0000000083f00000| Untracked 
|  36|0x0000000084000000, 0x0000000084000000, 0x0000000084100000|  0%| F|  |TAMS 0x0000000084000000, 0x0000000084000000| Untracked 
|  37|0x0000000084100000, 0x0000000084100000, 0x0000000084200000|  0%| F|  |TAMS 0x0000000084100000, 0x0000000084100000| Untracked 
|  38|0x0000000084200000, 0x0000000084200000, 0x0000000084300000|  0%| F|  |TAMS 0x0000000084200000, 0x0000000084200000| Untracked 
|  39|0x0000000084300000, 0x0000000084300000, 0x0000000084400000|  0%| F|  |TAMS 0x0000000084300000, 0x0000000084300000| Untracked 
|  40|0x0000000084400000, 0x0000000084400000, 0x0000000084500000|  0%| F|  |TAMS 0x0000000084400000, 0x0000000084400000| Untracked 
|  41|0x0000000084500000, 0x0000000084500000, 0x0000000084600000|  0%| F|  |TAMS 0x0000000084500000, 0x0000000084500000| Untracked 
|  42|0x0000000084600000, 0x0000000084600000, 0x0000000084700000|  0%| F|  |TAMS 0x0000000084600000, 0x0000000084600000| Untracked 
|  43|0x0000000084700000, 0x0000000084700000, 0x0000000084800000|  0%| F|  |TAMS 0x0000000084700000, 0x0000000084700000| Untracked 
|  44|0x0000000084800000, 0x0000000084800000, 0x0000000084900000|  0%| F|  |TAMS 0x0000000084800000, 0x0000000084800000| Untracked 
|  45|0x0000000084900000, 0x0000000084900000, 0x0000000084a00000|  0%| F|  |TAMS 0x0000000084900000, 0x0000000084900000| Untracked 
|  46|0x0000000084a00000, 0x0000000084a00000, 0x0000000084b00000|  0%| F|  |TAMS 0x0000000084a00000, 0x0000000084a00000| Untracked 
|  47|0x0000000084b00000, 0x0000000084b00000, 0x0000000084c00000|  0%| F|  |TAMS 0x0000000084b00000, 0x0000000084b00000| Untracked 
|  48|0x0000000084c00000, 0x0000000084c00000, 0x0000000084d00000|  0%| F|  |TAMS 0x0000000084c00000, 0x0000000084c00000| Untracked 
|  49|0x0000000084d00000, 0x0000000084d00000, 0x0000000084e00000|  0%| F|  |TAMS 0x0000000084d00000, 0x0000000084d00000| Untracked 
|  50|0x0000000084e00000, 0x0000000084e00000, 0x0000000084f00000|  0%| F|  |TAMS 0x0000000084e00000, 0x0000000084e00000| Untracked 
|  51|0x0000000084f00000, 0x0000000084f00000, 0x0000000085000000|  0%| F|  |TAMS 0x0000000084f00000, 0x0000000084f00000| Untracked 
|  52|0x0000000085000000, 0x0000000085000000, 0x0000000085100000|  0%| F|  |TAMS 0x0000000085000000, 0x0000000085000000| Untracked 
|  53|0x0000000085100000, 0x0000000085100000, 0x0000000085200000|  0%| F|  |TAMS 0x0000000085100000, 0x0000000085100000| Untracked 
|  54|0x0000000085200000, 0x0000000085200000, 0x0000000085300000|  0%| F|  |TAMS 0x0000000085200000, 0x0000000085200000| Untracked 
|  55|0x0000000085300000, 0x00000000853608f0, 0x0000000085400000| 37%| S|CS|TAMS 0x0000000085300000, 0x0000000085300000| Complete 
|  56|0x0000000085400000, 0x0000000085500000, 0x0000000085500000|100%| S|CS|TAMS 0x0000000085400000, 0x0000000085400000| Complete 
|  57|0x0000000085500000, 0x0000000085500000, 0x0000000085600000|  0%| F|  |TAMS 0x0000000085500000, 0x0000000085500000| Untracked 
|  58|0x0000000085600000, 0x0000000085700000, 0x0000000085700000|100%| S|CS|TAMS 0x0000000085600000, 0x0000000085600000| Complete 
|  59|0x0000000085700000, 0x0000000085800000, 0x0000000085800000|100%| S|CS|TAMS 0x0000000085700000, 0x0000000085700000| Complete 
|  60|0x0000000085800000, 0x0000000085900000, 0x0000000085900000|100%| S|CS|TAMS 0x0000000085800000, 0x0000000085800000| Complete 
|  61|0x0000000085900000, 0x0000000085900000, 0x0000000085a00000|  0%| F|  |TAMS 0x0000000085900000, 0x0000000085900000| Untracked 
|  62|0x0000000085a00000, 0x0000000085a00000, 0x0000000085b00000|  0%| F|  |TAMS 0x0000000085a00000, 0x0000000085a00000| Untracked 
|  63|0x0000000085b00000, 0x0000000085b00000, 0x0000000085c00000|  0%| F|  |TAMS 0x0000000085b00000, 0x0000000085b00000| Untracked 
|  64|0x0000000085c00000, 0x0000000085c00000, 0x0000000085d00000|  0%| F|  |TAMS 0x0000000085c00000, 0x0000000085c00000| Untracked 
|  65|0x0000000085d00000, 0x0000000085d00000, 0x0000000085e00000|  0%| F|  |TAMS 0x0000000085d00000, 0x0000000085d00000| Untracked 
|  66|0x0000000085e00000, 0x0000000085e00000, 0x0000000085f00000|  0%| F|  |TAMS 0x0000000085e00000, 0x0000000085e00000| Untracked 
|  67|0x0000000085f00000, 0x0000000085f00000, 0x0000000086000000|  0%| F|  |TAMS 0x0000000085f00000, 0x0000000085f00000| Untracked 
|  68|0x0000000086000000, 0x0000000086000000, 0x0000000086100000|  0%| F|  |TAMS 0x0000000086000000, 0x0000000086000000| Untracked 
|  69|0x0000000086100000, 0x0000000086100000, 0x0000000086200000|  0%| F|  |TAMS 0x0000000086100000, 0x0000000086100000| Untracked 
|  70|0x0000000086200000, 0x0000000086300000, 0x0000000086300000|100%| S|CS|TAMS 0x0000000086200000, 0x0000000086200000| Complete 
|  71|0x0000000086300000, 0x0000000086400000, 0x0000000086400000|100%| S|CS|TAMS 0x0000000086300000, 0x0000000086300000| Complete 
|  72|0x0000000086400000, 0x0000000086400000, 0x0000000086500000|  0%| F|  |TAMS 0x0000000086400000, 0x0000000086400000| Untracked 
|  73|0x0000000086500000, 0x0000000086500000, 0x0000000086600000|  0%| F|  |TAMS 0x0000000086500000, 0x0000000086500000| Untracked 
|  74|0x0000000086600000, 0x0000000086600000, 0x0000000086700000|  0%| F|  |TAMS 0x0000000086600000, 0x0000000086600000| Untracked 
|  75|0x0000000086700000, 0x0000000086700000, 0x0000000086800000|  0%| F|  |TAMS 0x0000000086700000, 0x0000000086700000| Untracked 
|  76|0x0000000086800000, 0x0000000086800000, 0x0000000086900000|  0%| F|  |TAMS 0x0000000086800000, 0x0000000086800000| Untracked 
|  77|0x0000000086900000, 0x0000000086900000, 0x0000000086a00000|  0%| F|  |TAMS 0x0000000086900000, 0x0000000086900000| Untracked 
|  78|0x0000000086a00000, 0x0000000086a00000, 0x0000000086b00000|  0%| F|  |TAMS 0x0000000086a00000, 0x0000000086a00000| Untracked 
|  79|0x0000000086b00000, 0x0000000086b00000, 0x0000000086c00000|  0%| F|  |TAMS 0x0000000086b00000, 0x0000000086b00000| Untracked 
|  80|0x0000000086c00000, 0x0000000086c00000, 0x0000000086d00000|  0%| F|  |TAMS 0x0000000086c00000, 0x0000000086c00000| Untracked 
|  81|0x0000000086d00000, 0x0000000086d00000, 0x0000000086e00000|  0%| F|  |TAMS 0x0000000086d00000, 0x0000000086d00000| Untracked 
|  82|0x0000000086e00000, 0x0000000086e00000, 0x0000000086f00000|  0%| F|  |TAMS 0x0000000086e00000, 0x0000000086e00000| Untracked 
|  83|0x0000000086f00000, 0x0000000086f00000, 0x0000000087000000|  0%| F|  |TAMS 0x0000000086f00000, 0x0000000086f00000| Untracked 
|  84|0x0000000087000000, 0x0000000087000000, 0x0000000087100000|  0%| F|  |TAMS 0x0000000087000000, 0x0000000087000000| Untracked 
|  85|0x0000000087100000, 0x0000000087100000, 0x0000000087200000|  0%| F|  |TAMS 0x0000000087100000, 0x0000000087100000| Untracked 
|  86|0x0000000087200000, 0x0000000087200000, 0x0000000087300000|  0%| F|  |TAMS 0x0000000087200000, 0x0000000087200000| Untracked 
|  87|0x0000000087300000, 0x0000000087300000, 0x0000000087400000|  0%| F|  |TAMS 0x0000000087300000, 0x0000000087300000| Untracked 
|  88|0x0000000087400000, 0x0000000087400000, 0x0000000087500000|  0%| F|  |TAMS 0x0000000087400000, 0x0000000087400000| Untracked 
|  89|0x0000000087500000, 0x0000000087500000, 0x0000000087600000|  0%| F|  |TAMS 0x0000000087500000, 0x0000000087500000| Untracked 
|  90|0x0000000087600000, 0x0000000087600000, 0x0000000087700000|  0%| F|  |TAMS 0x0000000087600000, 0x0000000087600000| Untracked 
|  91|0x0000000087700000, 0x0000000087700000, 0x0000000087800000|  0%| F|  |TAMS 0x0000000087700000, 0x0000000087700000| Untracked 
|  92|0x0000000087800000, 0x0000000087800000, 0x0000000087900000|  0%| F|  |TAMS 0x0000000087800000, 0x0000000087800000| Untracked 
|  93|0x0000000087900000, 0x0000000087900000, 0x0000000087a00000|  0%| F|  |TAMS 0x0000000087900000, 0x0000000087900000| Untracked 
|  94|0x0000000087a00000, 0x0000000087a00000, 0x0000000087b00000|  0%| F|  |TAMS 0x0000000087a00000, 0x0000000087a00000| Untracked 
|  95|0x0000000087b00000, 0x0000000087b00000, 0x0000000087c00000|  0%| F|  |TAMS 0x0000000087b00000, 0x0000000087b00000| Untracked 
|  96|0x0000000087c00000, 0x0000000087c00000, 0x0000000087d00000|  0%| F|  |TAMS 0x0000000087c00000, 0x0000000087c00000| Untracked 
|  97|0x0000000087d00000, 0x0000000087d00000, 0x0000000087e00000|  0%| F|  |TAMS 0x0000000087d00000, 0x0000000087d00000| Untracked 
|  98|0x0000000087e00000, 0x0000000087e00000, 0x0000000087f00000|  0%| F|  |TAMS 0x0000000087e00000, 0x0000000087e00000| Untracked 
|  99|0x0000000087f00000, 0x0000000087f00000, 0x0000000088000000|  0%| F|  |TAMS 0x0000000087f00000, 0x0000000087f00000| Untracked 
| 100|0x0000000088000000, 0x0000000088000000, 0x0000000088100000|  0%| F|  |TAMS 0x0000000088000000, 0x0000000088000000| Untracked 
| 101|0x0000000088100000, 0x0000000088100000, 0x0000000088200000|  0%| F|  |TAMS 0x0000000088100000, 0x0000000088100000| Untracked 
| 102|0x0000000088200000, 0x0000000088200000, 0x0000000088300000|  0%| F|  |TAMS 0x0000000088200000, 0x0000000088200000| Untracked 
| 103|0x0000000088300000, 0x0000000088300000, 0x0000000088400000|  0%| F|  |TAMS 0x0000000088300000, 0x0000000088300000| Untracked 
| 104|0x0000000088400000, 0x0000000088400000, 0x0000000088500000|  0%| F|  |TAMS 0x0000000088400000, 0x0000000088400000| Untracked 
| 105|0x0000000088500000, 0x0000000088500000, 0x0000000088600000|  0%| F|  |TAMS 0x0000000088500000, 0x0000000088500000| Untracked 
| 106|0x0000000088600000, 0x0000000088600000, 0x0000000088700000|  0%| F|  |TAMS 0x0000000088600000, 0x0000000088600000| Untracked 
| 107|0x0000000088700000, 0x0000000088700000, 0x0000000088800000|  0%| F|  |TAMS 0x0000000088700000, 0x0000000088700000| Untracked 
| 108|0x0000000088800000, 0x0000000088800000, 0x0000000088900000|  0%| F|  |TAMS 0x0000000088800000, 0x0000000088800000| Untracked 
| 109|0x0000000088900000, 0x0000000088900000, 0x0000000088a00000|  0%| F|  |TAMS 0x0000000088900000, 0x0000000088900000| Untracked 
| 110|0x0000000088a00000, 0x0000000088a00000, 0x0000000088b00000|  0%| F|  |TAMS 0x0000000088a00000, 0x0000000088a00000| Untracked 
| 111|0x0000000088b00000, 0x0000000088b00000, 0x0000000088c00000|  0%| F|  |TAMS 0x0000000088b00000, 0x0000000088b00000| Untracked 
| 112|0x0000000088c00000, 0x0000000088c00000, 0x0000000088d00000|  0%| F|  |TAMS 0x0000000088c00000, 0x0000000088c00000| Untracked 
| 113|0x0000000088d00000, 0x0000000088d00000, 0x0000000088e00000|  0%| F|  |TAMS 0x0000000088d00000, 0x0000000088d00000| Untracked 
| 114|0x0000000088e00000, 0x0000000088e00000, 0x0000000088f00000|  0%| F|  |TAMS 0x0000000088e00000, 0x0000000088e00000| Untracked 
| 115|0x0000000088f00000, 0x0000000088f00000, 0x0000000089000000|  0%| F|  |TAMS 0x0000000088f00000, 0x0000000088f00000| Untracked 
| 116|0x0000000089000000, 0x0000000089000000, 0x0000000089100000|  0%| F|  |TAMS 0x0000000089000000, 0x0000000089000000| Untracked 
| 117|0x0000000089100000, 0x0000000089100000, 0x0000000089200000|  0%| F|  |TAMS 0x0000000089100000, 0x0000000089100000| Untracked 
| 118|0x0000000089200000, 0x0000000089200000, 0x0000000089300000|  0%| F|  |TAMS 0x0000000089200000, 0x0000000089200000| Untracked 
| 119|0x0000000089300000, 0x0000000089300000, 0x0000000089400000|  0%| F|  |TAMS 0x0000000089300000, 0x0000000089300000| Untracked 
| 120|0x0000000089400000, 0x0000000089400000, 0x0000000089500000|  0%| F|  |TAMS 0x0000000089400000, 0x0000000089400000| Untracked 
| 121|0x0000000089500000, 0x0000000089500000, 0x0000000089600000|  0%| F|  |TAMS 0x0000000089500000, 0x0000000089500000| Untracked 
| 122|0x0000000089600000, 0x0000000089680c10, 0x0000000089700000| 50%| E|  |TAMS 0x0000000089600000, 0x0000000089600000| Complete 
| 123|0x0000000089700000, 0x0000000089800000, 0x0000000089800000|100%| E|CS|TAMS 0x0000000089700000, 0x0000000089700000| Complete 
| 124|0x0000000089800000, 0x0000000089900000, 0x0000000089900000|100%| E|CS|TAMS 0x0000000089800000, 0x0000000089800000| Complete 
| 125|0x0000000089900000, 0x0000000089a00000, 0x0000000089a00000|100%| E|CS|TAMS 0x0000000089900000, 0x0000000089900000| Complete 
| 126|0x0000000089a00000, 0x0000000089b00000, 0x0000000089b00000|100%| E|CS|TAMS 0x0000000089a00000, 0x0000000089a00000| Complete 
| 127|0x0000000089b00000, 0x0000000089c00000, 0x0000000089c00000|100%| E|CS|TAMS 0x0000000089b00000, 0x0000000089b00000| Complete 
| 128|0x0000000089c00000, 0x0000000089d00000, 0x0000000089d00000|100%| E|CS|TAMS 0x0000000089c00000, 0x0000000089c00000| Complete 
| 129|0x0000000089d00000, 0x0000000089e00000, 0x0000000089e00000|100%| E|CS|TAMS 0x0000000089d00000, 0x0000000089d00000| Complete 
| 130|0x0000000089e00000, 0x0000000089f00000, 0x0000000089f00000|100%| E|CS|TAMS 0x0000000089e00000, 0x0000000089e00000| Complete 
| 131|0x0000000089f00000, 0x000000008a000000, 0x000000008a000000|100%| E|CS|TAMS 0x0000000089f00000, 0x0000000089f00000| Complete 
| 132|0x000000008a000000, 0x000000008a100000, 0x000000008a100000|100%| E|CS|TAMS 0x000000008a000000, 0x000000008a000000| Complete 
| 133|0x000000008a100000, 0x000000008a200000, 0x000000008a200000|100%| E|CS|TAMS 0x000000008a100000, 0x000000008a100000| Complete 
| 134|0x000000008a200000, 0x000000008a300000, 0x000000008a300000|100%| E|CS|TAMS 0x000000008a200000, 0x000000008a200000| Complete 
| 135|0x000000008a300000, 0x000000008a400000, 0x000000008a400000|100%| E|CS|TAMS 0x000000008a300000, 0x000000008a300000| Complete 
| 136|0x000000008a400000, 0x000000008a500000, 0x000000008a500000|100%| E|CS|TAMS 0x000000008a400000, 0x000000008a400000| Complete 
| 137|0x000000008a500000, 0x000000008a600000, 0x000000008a600000|100%| E|CS|TAMS 0x000000008a500000, 0x000000008a500000| Complete 
| 138|0x000000008a600000, 0x000000008a700000, 0x000000008a700000|100%| E|CS|TAMS 0x000000008a600000, 0x000000008a600000| Complete 
| 139|0x000000008a700000, 0x000000008a800000, 0x000000008a800000|100%| E|CS|TAMS 0x000000008a700000, 0x000000008a700000| Complete 
| 140|0x000000008a800000, 0x000000008a900000, 0x000000008a900000|100%| E|CS|TAMS 0x000000008a800000, 0x000000008a800000| Complete 
| 141|0x000000008a900000, 0x000000008aa00000, 0x000000008aa00000|100%| E|CS|TAMS 0x000000008a900000, 0x000000008a900000| Complete 
| 142|0x000000008aa00000, 0x000000008ab00000, 0x000000008ab00000|100%| E|CS|TAMS 0x000000008aa00000, 0x000000008aa00000| Complete 
| 143|0x000000008ab00000, 0x000000008ac00000, 0x000000008ac00000|100%| E|CS|TAMS 0x000000008ab00000, 0x000000008ab00000| Complete 
| 144|0x000000008ac00000, 0x000000008ad00000, 0x000000008ad00000|100%| E|CS|TAMS 0x000000008ac00000, 0x000000008ac00000| Complete 
| 145|0x000000008ad00000, 0x000000008ae00000, 0x000000008ae00000|100%| E|CS|TAMS 0x000000008ad00000, 0x000000008ad00000| Complete 
| 146|0x000000008ae00000, 0x000000008af00000, 0x000000008af00000|100%| E|CS|TAMS 0x000000008ae00000, 0x000000008ae00000| Complete 
| 147|0x000000008af00000, 0x000000008b000000, 0x000000008b000000|100%| E|CS|TAMS 0x000000008af00000, 0x000000008af00000| Complete 
| 148|0x000000008b000000, 0x000000008b100000, 0x000000008b100000|100%| E|CS|TAMS 0x000000008b000000, 0x000000008b000000| Complete 
| 149|0x000000008b100000, 0x000000008b200000, 0x000000008b200000|100%| E|CS|TAMS 0x000000008b100000, 0x000000008b100000| Complete 
| 150|0x000000008b200000, 0x000000008b300000, 0x000000008b300000|100%| E|CS|TAMS 0x000000008b200000, 0x000000008b200000| Complete 
| 151|0x000000008b300000, 0x000000008b400000, 0x000000008b400000|100%| E|CS|TAMS 0x000000008b300000, 0x000000008b300000| Complete 
| 152|0x000000008b400000, 0x000000008b500000, 0x000000008b500000|100%| E|CS|TAMS 0x000000008b400000, 0x000000008b400000| Complete 
| 153|0x000000008b500000, 0x000000008b600000, 0x000000008b600000|100%| E|CS|TAMS 0x000000008b500000, 0x000000008b500000| Complete 

Card table byte_map: [0x0000022230090000,0x0000022230490000] _byte_map_base: 0x000002222fc82000

Marking Bits (Prev, Next): (CMBitMap*) 0x000002221833dae0, (CMBitMap*) 0x000002221833daa8
 Prev Bits: [0x0000022232820000, 0x00000222347b0000)
 Next Bits: [0x0000022230890000, 0x0000022232820000)

Polling page: 0x0000022216300000

Metaspace:

Usage:
  Non-class:     61.45 MB capacity,    60.48 MB ( 98%) used,   785.49 KB (  1%) free+waste,   209.88 KB ( <1%) overhead. 
      Class:      9.43 MB capacity,     8.79 MB ( 93%) used,   557.53 KB (  6%) free+waste,    96.31 KB ( <1%) overhead. 
       Both:     70.88 MB capacity,    69.27 MB ( 98%) used,     1.31 MB (  2%) free+waste,   306.19 KB ( <1%) overhead. 

Virtual space:
  Non-class space:       62.00 MB reserved,      61.67 MB (>99%) committed 
      Class space:        1.00 GB reserved,       9.50 MB ( <1%) committed 
             Both:        1.06 GB reserved,      71.17 MB (  7%) committed 

Chunk freelists:
   Non-Class:  33.00 KB
       Class:  5.00 KB
        Both:  38.00 KB

MaxMetaspaceSize: 17179869184.00 GB
CompressedClassSpaceSize: 1.00 GB

CodeHeap 'non-profiled nmethods': size=120000Kb used=3851Kb max_used=3851Kb free=116148Kb
 bounds [0x0000022228430000, 0x0000022228800000, 0x000002222f960000]
CodeHeap 'profiled nmethods': size=120000Kb used=12993Kb max_used=12993Kb free=107006Kb
 bounds [0x0000022220f00000, 0x0000022221bc0000, 0x0000022228430000]
CodeHeap 'non-nmethods': size=5760Kb used=1238Kb max_used=1335Kb free=4522Kb
 bounds [0x0000022220960000, 0x0000022220bd0000, 0x0000022220f00000]
 total_blobs=6698 nmethods=6079 adapters=530
 compilation: enabled
              stopped_count=0, restarted_count=0
 full_count=0

Compilation events (20 events):
Event: 23.313 Thread 0x0000022237b80800 nmethod 6181 0x00000222287d3610 code [0x00000222287d37c0, 0x00000222287d3878]
Event: 23.313 Thread 0x0000022237b80800 6182       1       org.springframework.beans.factory.config.DependencyDescriptor::isEager (5 bytes)
Event: 23.313 Thread 0x0000022237b80800 nmethod 6182 0x00000222287d3910 code [0x00000222287d3ac0, 0x00000222287d3b78]
Event: 23.313 Thread 0x0000022237b80800 6183       2       org.springframework.beans.factory.support.ConstructorResolver::setCurrentInjectionPoint (32 bytes)
Event: 23.314 Thread 0x0000022237b80800 nmethod 6183 0x0000022221baf410 code [0x0000022221baf600, 0x0000022221baf8f8]
Event: 23.314 Thread 0x0000022237b80800 6184       2       sun.reflect.generics.repository.ConstructorRepository::parse (6 bytes)
Event: 23.314 Thread 0x0000022237b80800 nmethod 6184 0x0000022221bafb10 code [0x0000022221bafcc0, 0x0000022221bafe88]
Event: 23.314 Thread 0x0000022237b80800 6185       2       sun.reflect.generics.repository.ConstructorRepository::parse (8 bytes)
Event: 23.314 Thread 0x0000022237b80800 nmethod 6185 0x0000022221baff90 code [0x0000022221bb0140, 0x0000022221bb0308]
Event: 23.314 Thread 0x0000022237b80800 6186       2       sun.reflect.generics.parser.SignatureParser::parseMethodSig (10 bytes)
Event: 23.314 Thread 0x0000022237b80800 nmethod 6186 0x0000022221bb0410 code [0x0000022221bb05c0, 0x0000022221bb0728]
Event: 23.335 Thread 0x0000022237b80800 6187       2       org.springframework.asm.Label::accept (65 bytes)
Event: 23.336 Thread 0x0000022237b80800 nmethod 6187 0x0000022221bb0810 code [0x0000022221bb0a00, 0x0000022221bb0ca8]
Event: 23.349 Thread 0x0000022237b80800 6189       1       org.springframework.data.jpa.repository.config.JpaMetamodelMappingContextFactoryBean::getObjectType (3 bytes)
Event: 23.349 Thread 0x0000022237b80800 nmethod 6189 0x00000222287d3e10 code [0x00000222287d3fc0, 0x00000222287d4078]
Event: 23.351 Thread 0x0000022237b80800 6190       1       org.springframework.aop.support.DefaultPointcutAdvisor::getPointcut (5 bytes)
Event: 23.351 Thread 0x0000022237b80800 nmethod 6190 0x00000222287d4110 code [0x00000222287d42c0, 0x00000222287d4378]
Event: 23.367 Thread 0x0000022237b80800 6191       1       org.springframework.aop.support.ComposablePointcut::getClassFilter (5 bytes)
Event: 23.367 Thread 0x0000022237b80800 nmethod 6191 0x00000222287d4410 code [0x00000222287d45c0, 0x00000222287d4678]
Event: 23.376 Thread 0x0000022237b80800 6192   !   2       java.util.concurrent.ConcurrentHashMap::clear (176 bytes)

GC Heap History (20 events):
Event: 0.694 GC heap before
{Heap before GC invocations=0 (full 0):
 garbage-first heap   total 131072K, used 24576K [0x0000000081c00000, 0x0000000100000000)
  region size 1024K, 24 young (24576K), 0 survivors (0K)
 Metaspace       used 11665K, capacity 11852K, committed 12032K, reserved 1060864K
  class space    used 1127K, capacity 1186K, committed 1280K, reserved 1048576K
}
Event: 0.700 GC heap after
{Heap after GC invocations=1 (full 0):
 garbage-first heap   total 131072K, used 8036K [0x0000000081c00000, 0x0000000100000000)
  region size 1024K, 3 young (3072K), 3 survivors (3072K)
 Metaspace       used 11665K, capacity 11852K, committed 12032K, reserved 1060864K
  class space    used 1127K, capacity 1186K, committed 1280K, reserved 1048576K
}
Event: 0.984 GC heap before
{Heap before GC invocations=1 (full 0):
 garbage-first heap   total 131072K, used 57188K [0x0000000081c00000, 0x0000000100000000)
  region size 1024K, 52 young (53248K), 3 survivors (3072K)
 Metaspace       used 14461K, capacity 14723K, committed 14976K, reserved 1062912K
  class space    used 1447K, capacity 1554K, committed 1664K, reserved 1048576K
}
Event: 0.988 GC heap after
{Heap after GC invocations=2 (full 0):
 garbage-first heap   total 131072K, used 8518K [0x0000000081c00000, 0x0000000100000000)
  region size 1024K, 4 young (4096K), 4 survivors (4096K)
 Metaspace       used 14461K, capacity 14723K, committed 14976K, reserved 1062912K
  class space    used 1447K, capacity 1554K, committed 1664K, reserved 1048576K
}
Event: 1.668 GC heap before
{Heap before GC invocations=2 (full 0):
 garbage-first heap   total 131072K, used 39238K [0x0000000081c00000, 0x0000000100000000)
  region size 1024K, 35 young (35840K), 4 survivors (4096K)
 Metaspace       used 20646K, capacity 21129K, committed 21248K, reserved 1069056K
  class space    used 2293K, capacity 2476K, committed 2560K, reserved 1048576K
}
Event: 1.681 GC heap after
{Heap after GC invocations=3 (full 0):
 garbage-first heap   total 131072K, used 10573K [0x0000000081c00000, 0x0000000100000000)
  region size 1024K, 6 young (6144K), 6 survivors (6144K)
 Metaspace       used 20646K, capacity 21129K, committed 21248K, reserved 1069056K
  class space    used 2293K, capacity 2476K, committed 2560K, reserved 1048576K
}
Event: 2.246 GC heap before
{Heap before GC invocations=4 (full 0):
 garbage-first heap   total 131072K, used 68941K [0x0000000081c00000, 0x0000000100000000)
  region size 1024K, 64 young (65536K), 6 survivors (6144K)
 Metaspace       used 26399K, capacity 27044K, committed 27136K, reserved 1073152K
  class space    used 3066K, capacity 3297K, committed 3328K, reserved 1048576K
}
Event: 2.252 GC heap after
{Heap after GC invocations=5 (full 0):
 garbage-first heap   total 131072K, used 12580K [0x0000000081c00000, 0x0000000100000000)
  region size 1024K, 5 young (5120K), 5 survivors (5120K)
 Metaspace       used 26399K, capacity 27044K, committed 27136K, reserved 1073152K
  class space    used 3066K, capacity 3297K, committed 3328K, reserved 1048576K
}
Event: 2.790 GC heap before
{Heap before GC invocations=5 (full 0):
 garbage-first heap   total 131072K, used 84260K [0x0000000081c00000, 0x0000000100000000)
  region size 1024K, 76 young (77824K), 5 survivors (5120K)
 Metaspace       used 30617K, capacity 31405K, committed 31616K, reserved 1077248K
  class space    used 3599K, capacity 3913K, committed 3968K, reserved 1048576K
}
Event: 2.798 GC heap after
{Heap after GC invocations=6 (full 0):
 garbage-first heap   total 131072K, used 14165K [0x0000000081c00000, 0x0000000100000000)
  region size 1024K, 6 young (6144K), 6 survivors (6144K)
 Metaspace       used 30617K, capacity 31405K, committed 31616K, reserved 1077248K
  class space    used 3599K, capacity 3913K, committed 3968K, reserved 1048576K
}
Event: 3.682 GC heap before
{Heap before GC invocations=6 (full 0):
 garbage-first heap   total 131072K, used 47957K [0x0000000081c00000, 0x0000000100000000)
  region size 1024K, 40 young (40960K), 6 survivors (6144K)
 Metaspace       used 34764K, capacity 35723K, committed 35840K, reserved 1081344K
  class space    used 4142K, capacity 4472K, committed 4480K, reserved 1048576K
}
Event: 3.694 GC heap after
{Heap after GC invocations=7 (full 0):
 garbage-first heap   total 157696K, used 15798K [0x0000000081c00000, 0x0000000100000000)
  region size 1024K, 7 young (7168K), 7 survivors (7168K)
 Metaspace       used 34764K, capacity 35723K, committed 35840K, reserved 1081344K
  class space    used 4142K, capacity 4472K, committed 4480K, reserved 1048576K
}
Event: 4.889 GC heap before
{Heap before GC invocations=8 (full 0):
 garbage-first heap   total 157696K, used 93622K [0x0000000081c00000, 0x0000000100000000)
  region size 1024K, 84 young (86016K), 7 survivors (7168K)
 Metaspace       used 40762K, capacity 41851K, committed 41984K, reserved 1085440K
  class space    used 4875K, capacity 5333K, committed 5376K, reserved 1048576K
}
Event: 4.900 GC heap after
{Heap after GC invocations=9 (full 0):
 garbage-first heap   total 157696K, used 18595K [0x0000000081c00000, 0x0000000100000000)
  region size 1024K, 9 young (9216K), 9 survivors (9216K)
 Metaspace       used 40762K, capacity 41851K, committed 41984K, reserved 1085440K
  class space    used 4875K, capacity 5333K, committed 5376K, reserved 1048576K
}
Event: 5.615 GC heap before
{Heap before GC invocations=9 (full 0):
 garbage-first heap   total 157696K, used 99491K [0x0000000081c00000, 0x0000000100000000)
  region size 1024K, 89 young (91136K), 9 survivors (9216K)
 Metaspace       used 45386K, capacity 46620K, committed 46720K, reserved 1089536K
  class space    used 5514K, capacity 6004K, committed 6016K, reserved 1048576K
}
Event: 5.623 GC heap after
{Heap after GC invocations=10 (full 0):
 garbage-first heap   total 157696K, used 20523K [0x0000000081c00000, 0x0000000100000000)
  region size 1024K, 7 young (7168K), 7 survivors (7168K)
 Metaspace       used 45386K, capacity 46620K, committed 46720K, reserved 1089536K
  class space    used 5514K, capacity 6004K, committed 6016K, reserved 1048576K
}
Event: 21.995 GC heap before
{Heap before GC invocations=10 (full 0):
 garbage-first heap   total 157696K, used 100395K [0x0000000081c00000, 0x0000000100000000)
  region size 1024K, 86 young (88064K), 7 survivors (7168K)
 Metaspace       used 58609K, capacity 59825K, committed 59948K, reserved 1101824K
  class space    used 7248K, capacity 7732K, committed 7808K, reserved 1048576K
}
Event: 22.012 GC heap after
{Heap after GC invocations=11 (full 0):
 garbage-first heap   total 157696K, used 26501K [0x0000000081c00000, 0x0000000100000000)
  region size 1024K, 11 young (11264K), 11 survivors (11264K)
 Metaspace       used 58609K, capacity 59825K, committed 59948K, reserved 1101824K
  class space    used 7248K, capacity 7732K, committed 7808K, reserved 1048576K
}
Event: 23.030 GC heap before
{Heap before GC invocations=12 (full 0):
 garbage-first heap   total 157696K, used 109445K [0x0000000081c00000, 0x0000000100000000)
  region size 1024K, 92 young (94208K), 11 survivors (11264K)
 Metaspace       used 68752K, capacity 70359K, committed 70444K, reserved 1110016K
  class space    used 8702K, capacity 9310K, committed 9344K, reserved 1048576K
}
Event: 23.039 GC heap after
{Heap after GC invocations=13 (full 0):
 garbage-first heap   total 157696K, used 27010K [0x0000000081c00000, 0x0000000100000000)
  region size 1024K, 7 young (7168K), 7 survivors (7168K)
 Metaspace       used 68752K, capacity 70359K, committed 70444K, reserved 1110016K
  class space    used 8702K, capacity 9310K, committed 9344K, reserved 1048576K
}

Deoptimization events (20 events):
Event: 23.160 Thread 0x0000022238acb000 Uncommon trap: trap_request=0xffffffc6 fr.pc=0x0000022228583fa4 relative=0x00000000000002c4
Event: 23.160 Thread 0x0000022238acb000 Uncommon trap: reason=bimorphic_or_optimized_type_check action=maybe_recompile pc=0x0000022228583fa4 method=java.util.Collections$SetFromMap.contains(Ljava/lang/Object;)Z @ 5 c2
Event: 23.160 Thread 0x0000022238acb000 DEOPT PACKING pc=0x0000022228583fa4 sp=0x000000d94bff8580
Event: 23.160 Thread 0x0000022238acb000 DEOPT UNPACKING pc=0x00000222209874af sp=0x000000d94bff8528 mode 2
Event: 23.218 Thread 0x0000022238acb000 Uncommon trap: trap_request=0xffffff4d fr.pc=0x00000222286039fc relative=0x000000000000139c
Event: 23.218 Thread 0x0000022238acb000 Uncommon trap: reason=unstable_if action=reinterpret pc=0x00000222286039fc method=java.util.concurrent.ConcurrentHashMap.putVal(Ljava/lang/Object;Ljava/lang/Object;Z)Ljava/lang/Object; @ 401 c2
Event: 23.218 Thread 0x0000022238acb000 DEOPT PACKING pc=0x00000222286039fc sp=0x000000d94bffacc0
Event: 23.218 Thread 0x0000022238acb000 DEOPT UNPACKING pc=0x00000222209874af sp=0x000000d94bffac60 mode 2
Event: 23.220 Thread 0x0000022238acb000 Uncommon trap: trap_request=0xffffff4d fr.pc=0x00000222286a9af0 relative=0x0000000000000230
Event: 23.220 Thread 0x0000022238acb000 Uncommon trap: reason=unstable_if action=reinterpret pc=0x00000222286a9af0 method=java.util.concurrent.ConcurrentHashMap.get(Ljava/lang/Object;)Ljava/lang/Object; @ 86 c2
Event: 23.220 Thread 0x0000022238acb000 DEOPT PACKING pc=0x00000222286a9af0 sp=0x000000d94bffad70
Event: 23.220 Thread 0x0000022238acb000 DEOPT UNPACKING pc=0x00000222209874af sp=0x000000d94bffacd8 mode 2
Event: 23.314 Thread 0x0000022238acb000 Uncommon trap: trap_request=0xffffffde fr.pc=0x00000222285c48ac relative=0x0000000000001bcc
Event: 23.314 Thread 0x0000022238acb000 Uncommon trap: reason=class_check action=maybe_recompile pc=0x00000222285c48ac method=org.springframework.core.ResolvableType.equals(Ljava/lang/Object;)Z @ 66 c2
Event: 23.314 Thread 0x0000022238acb000 DEOPT PACKING pc=0x00000222285c48ac sp=0x000000d94bffcfa0
Event: 23.314 Thread 0x0000022238acb000 DEOPT UNPACKING pc=0x00000222209874af sp=0x000000d94bffcf68 mode 2
Event: 23.367 Thread 0x0000022238acb000 Uncommon trap: trap_request=0xffffff4d fr.pc=0x000002222854b8a8 relative=0x00000000000000e8
Event: 23.367 Thread 0x0000022238acb000 Uncommon trap: reason=unstable_if action=reinterpret pc=0x000002222854b8a8 method=org.springframework.util.ObjectUtils.nullSafeEquals(Ljava/lang/Object;Ljava/lang/Object;)Z @ 12 c2
Event: 23.367 Thread 0x0000022238acb000 DEOPT PACKING pc=0x000002222854b8a8 sp=0x000000d94bffc4e0
Event: 23.367 Thread 0x0000022238acb000 DEOPT UNPACKING pc=0x00000222209874af sp=0x000000d94bffc480 mode 2

Classes redefined (0 events):
No events

Internal exceptions (20 events):
Event: 23.172 Thread 0x0000022238acb000 Exception <a 'java/lang/ClassNotFoundException'{0x000000008a735138}: org/springframework/web/context/ServletContextAwareCustomizer> (0x000000008a735138) thrown at [./src/hotspot/share/classfile/systemDictionary.cpp, line 231]
Event: 23.172 Thread 0x0000022238acb000 Exception <a 'java/lang/ClassNotFoundException'{0x000000008a746020}: org/springframework/beans/factory/AwareCustomizer> (0x000000008a746020) thrown at [./src/hotspot/share/classfile/systemDictionary.cpp, line 231]
Event: 23.176 Thread 0x0000022238acb000 Exception <a 'java/lang/ClassNotFoundException'{0x000000008a792f70}: java/lang/ObjectCustomizer> (0x000000008a792f70) thrown at [./src/hotspot/share/classfile/systemDictionary.cpp, line 231]
Event: 23.176 Thread 0x0000022238acb000 Exception <a 'java/lang/ClassNotFoundException'{0x000000008a7b3950}: org/springframework/security/config/annotation/web/configuration/OAuth2ClientConfiguration$OAuth2ClientWebMvcSecurityConfigurationCustomizer> (0x000000008a7b3950) thrown at [./src/hotspot/share/classfile/systemDictionary.cpp, line 231]
Event: 23.178 Thread 0x0000022238acb000 Exception <a 'java/lang/ClassNotFoundException'{0x000000008a7cc888}: org/springframework/web/servlet/config/annotation/WebMvcConfigurerCustomizer> (0x000000008a7cc888) thrown at [./src/hotspot/share/classfile/systemDictionary.cpp, line 231]
Event: 23.194 Thread 0x0000022238acb000 Exception <a 'java/lang/NoSuchMethodError'{0x000000008a6c81e0}: 'void java.lang.invoke.DirectMethodHandle$Holder.invokeStatic(java.lang.Object, java.lang.Object, int)'> (0x000000008a6c81e0) thrown at [./src/hotspot/share/interpreter/linkResolver.cpp, line 773]
Event: 23.273 Thread 0x0000022238acb000 Exception <a 'java/io/FileNotFoundException'{0x000000008a051c60}> (0x000000008a051c60) thrown at [./src/hotspot/share/prims/jni.cpp, line 615]
Event: 23.273 Thread 0x0000022238acb000 Exception <a 'java/io/FileNotFoundException'{0x000000008a052788}> (0x000000008a052788) thrown at [./src/hotspot/share/prims/jni.cpp, line 615]
Event: 23.282 Thread 0x0000022238acb000 Exception <a 'java/lang/ClassNotFoundException'{0x0000000089f262a0}: java/lang/ObjectCustomizer> (0x0000000089f262a0) thrown at [./src/hotspot/share/classfile/systemDictionary.cpp, line 231]
Event: 23.282 Thread 0x0000022238acb000 Exception <a 'java/lang/ClassNotFoundException'{0x0000000089f38c78}: com/example/demo/entity/CartItemCustomizer> (0x0000000089f38c78) thrown at [./src/hotspot/share/classfile/systemDictionary.cpp, line 231]
Event: 23.292 Thread 0x0000022238acb000 Exception <a 'java/lang/reflect/InvocationTargetException'{0x0000000089c89408}> (0x0000000089c89408) thrown at [./src/hotspot/share/runtime/reflection.cpp, line 1247]
Event: 23.311 Thread 0x0000022238acb000 Exception <a 'java/lang/ClassNotFoundException'{0x0000000089baecd0}: java/lang/ObjectCustomizer> (0x0000000089baecd0) thrown at [./src/hotspot/share/classfile/systemDictionary.cpp, line 231]
Event: 23.312 Thread 0x0000022238acb000 Exception <a 'java/lang/ClassNotFoundException'{0x0000000089bc87d0}: org/springframework/security/config/annotation/web/configuration/WebSecurityConfigurationCustomizer> (0x0000000089bc87d0) thrown at [./src/hotspot/share/classfile/systemDictionary.cpp, line 231]
Event: 23.312 Thread 0x0000022238acb000 Exception <a 'java/lang/ClassNotFoundException'{0x0000000089be3fd8}: org/springframework/context/annotation/ImportAwareCustomizer> (0x0000000089be3fd8) thrown at [./src/hotspot/share/classfile/systemDictionary.cpp, line 231]
Event: 23.312 Thread 0x0000022238acb000 Exception <a 'java/lang/ClassNotFoundException'{0x0000000089bf3d58}: org/springframework/beans/factory/AwareCustomizer> (0x0000000089bf3d58) thrown at [./src/hotspot/share/classfile/systemDictionary.cpp, line 231]
Event: 23.313 Thread 0x0000022238acb000 Exception <a 'java/lang/ClassNotFoundException'{0x0000000089a05468}: org/springframework/beans/factory/BeanClassLoaderAwareCustomizer> (0x0000000089a05468) thrown at [./src/hotspot/share/classfile/systemDictionary.cpp, line 231]
Event: 23.313 Thread 0x0000022238acb000 Exception <a 'java/lang/ClassNotFoundException'{0x0000000089a151f8}: org/springframework/beans/factory/AwareCustomizer> (0x0000000089a151f8) thrown at [./src/hotspot/share/classfile/systemDictionary.cpp, line 231]
Event: 23.367 Thread 0x0000022238acb000 Implicit null exception at 0x000002222854b7dd to 0x000002222854b896
Event: 23.374 Thread 0x0000022238acb000 Exception <a 'java/lang/OutOfMemoryError'{0x0000000089628628}> (0x0000000089628628) thrown at [./src/hotspot/share/prims/jni.cpp, line 636]
Event: 23.375 Thread 0x0000022238acb000 Exception <a 'java/lang/reflect/InvocationTargetException'{0x0000000089628ba0}> (0x0000000089628ba0) thrown at [./src/hotspot/share/runtime/reflection.cpp, line 1247]

Events (20 events):
Event: 23.371 loading class org/springframework/security/config/annotation/web/configurers/ServletApiConfigurer
Event: 23.371 loading class org/springframework/security/config/annotation/web/configurers/ServletApiConfigurer done
Event: 23.371 loading class org/springframework/security/config/annotation/web/configurers/CsrfConfigurer
Event: 23.371 loading class org/springframework/security/config/annotation/web/configurers/CsrfConfigurer done
Event: 23.371 loading class org/springframework/security/config/annotation/web/configurers/SessionManagementConfigurer
Event: 23.371 loading class org/springframework/security/config/annotation/web/configurers/SessionManagementConfigurer done
Event: 23.372 loading class org/springframework/security/config/annotation/web/configurers/CorsConfigurer
Event: 23.372 loading class org/springframework/security/config/annotation/web/configurers/CorsConfigurer done
Event: 23.372 loading class org/springframework/security/config/annotation/web/configurers/ExpressionUrlAuthorizationConfigurer
Event: 23.372 loading class org/springframework/security/config/annotation/web/configurers/ExpressionUrlAuthorizationConfigurer done
Event: 23.372 loading class org/springframework/security/config/annotation/web/configurers/AbstractInterceptUrlConfigurer
Event: 23.372 loading class org/springframework/security/config/annotation/web/configurers/AbstractInterceptUrlConfigurer done
Event: 23.373 loading class org/springframework/security/config/annotation/web/configurers/RememberMeConfigurer
Event: 23.373 loading class org/springframework/security/config/annotation/web/configurers/RememberMeConfigurer done
Event: 23.373 loading class org/springframework/security/config/annotation/web/configurers/FormLoginConfigurer
Event: 23.373 loading class org/springframework/security/config/annotation/web/configurers/FormLoginConfigurer done
Event: 23.373 loading class org/springframework/security/config/annotation/web/configurers/AbstractAuthenticationFilterConfigurer
Event: 23.373 loading class org/springframework/security/config/annotation/web/configurers/AbstractAuthenticationFilterConfigurer done
Event: 23.374 loading class org/springframework/security/config/annotation/web/configurers/oauth2/client/OAuth2LoginConfigurer
Event: 23.374 loading class org/springframework/security/config/annotation/web/configurers/oauth2/client/OAuth2LoginConfigurer done


Dynamic libraries:
0x00007ff782250000 - 0x00007ff78225d000 	C:\Program Files\AdoptOpenJDK\jdk-11.0.8.10-hotspot\bin\java.exe
0x00007ffe50470000 - 0x00007ffe50665000 	C:\WINDOWS\SYSTEM32\ntdll.dll
0x00007ffe500a0000 - 0x00007ffe5015e000 	C:\WINDOWS\System32\KERNEL32.DLL
0x00007ffe4df40000 - 0x00007ffe4e209000 	C:\WINDOWS\System32\KERNELBASE.dll
0x00007ffe4e260000 - 0x00007ffe4e360000 	C:\WINDOWS\System32\ucrtbase.dll
0x00007ffe48fd0000 - 0x00007ffe48fe7000 	C:\Program Files\AdoptOpenJDK\jdk-11.0.8.10-hotspot\bin\jli.dll
0x00007ffe4ef30000 - 0x00007ffe4f0d1000 	C:\WINDOWS\System32\USER32.dll
0x00007ffe3aad0000 - 0x00007ffe3ad6a000 	C:\WINDOWS\WinSxS\amd64_microsoft.windows.common-controls_6595b64144ccf1df_6.0.19041.1110_none_60b5254171f9507e\COMCTL32.dll
0x00007ffe47a00000 - 0x00007ffe47a15000 	C:\Program Files\AdoptOpenJDK\jdk-11.0.8.10-hotspot\bin\VCRUNTIME140.dll
0x00007ffe4dcb0000 - 0x00007ffe4dcd2000 	C:\WINDOWS\System32\win32u.dll
0x00007ffe4fb50000 - 0x00007ffe4fbee000 	C:\WINDOWS\System32\msvcrt.dll
0x00007ffe50050000 - 0x00007ffe5007b000 	C:\WINDOWS\System32\GDI32.dll
0x00007ffe4de30000 - 0x00007ffe4df3b000 	C:\WINDOWS\System32\gdi32full.dll
0x00007ffe4dd90000 - 0x00007ffe4de2d000 	C:\WINDOWS\System32\msvcp_win.dll
0x00007ffe4f180000 - 0x00007ffe4f1b0000 	C:\WINDOWS\System32\IMM32.DLL
0x00007ffe46bc0000 - 0x00007ffe46c5b000 	C:\Program Files\AdoptOpenJDK\jdk-11.0.8.10-hotspot\bin\msvcp140.dll
0x00007ffe06290000 - 0x00007ffe06d4d000 	C:\Program Files\AdoptOpenJDK\jdk-11.0.8.10-hotspot\bin\server\jvm.dll
0x00007ffe50380000 - 0x00007ffe5042c000 	C:\WINDOWS\System32\ADVAPI32.dll
0x00007ffe4f0e0000 - 0x00007ffe4f17b000 	C:\WINDOWS\System32\sechost.dll
0x00007ffe4e4c0000 - 0x00007ffe4e5ea000 	C:\WINDOWS\System32\RPCRT4.dll
0x00007ffe4fb40000 - 0x00007ffe4fb48000 	C:\WINDOWS\System32\PSAPI.DLL
0x00007ffe3daa0000 - 0x00007ffe3daa9000 	C:\WINDOWS\SYSTEM32\WSOCK32.dll
0x00007ffe46540000 - 0x00007ffe4654a000 	C:\WINDOWS\SYSTEM32\VERSION.dll
0x00007ffe40b80000 - 0x00007ffe40ba7000 	C:\WINDOWS\SYSTEM32\WINMM.dll
0x00007ffe4f640000 - 0x00007ffe4f6ab000 	C:\WINDOWS\System32\WS2_32.dll
0x00007ffe4c410000 - 0x00007ffe4c422000 	C:\WINDOWS\SYSTEM32\kernel.appcore.dll
0x00007ffe49440000 - 0x00007ffe49450000 	C:\Program Files\AdoptOpenJDK\jdk-11.0.8.10-hotspot\bin\verify.dll
0x00007ffe4b990000 - 0x00007ffe4bb74000 	C:\WINDOWS\SYSTEM32\DBGHELP.DLL
0x00007ffe3c6e0000 - 0x00007ffe3c70c000 	C:\WINDOWS\SYSTEM32\dbgcore.DLL
0x00007ffe4dbf0000 - 0x00007ffe4dc73000 	C:\WINDOWS\System32\bcryptPrimitives.dll
0x00007ffe479d0000 - 0x00007ffe479f8000 	C:\Program Files\AdoptOpenJDK\jdk-11.0.8.10-hotspot\bin\java.dll
0x00007ffe48f60000 - 0x00007ffe48f6a000 	C:\Program Files\AdoptOpenJDK\jdk-11.0.8.10-hotspot\bin\jimage.dll
0x00007ffe48f40000 - 0x00007ffe48f4e000 	C:\Program Files\AdoptOpenJDK\jdk-11.0.8.10-hotspot\bin\instrument.dll
0x00007ffe479b0000 - 0x00007ffe479c7000 	C:\Program Files\AdoptOpenJDK\jdk-11.0.8.10-hotspot\bin\zip.dll
0x00007ffe4e6d0000 - 0x00007ffe4ee0f000 	C:\WINDOWS\System32\SHELL32.dll
0x00007ffe4bc70000 - 0x00007ffe4c400000 	C:\WINDOWS\SYSTEM32\windows.storage.dll
0x00007ffe4f1b0000 - 0x00007ffe4f505000 	C:\WINDOWS\System32\combase.dll
0x00007ffe4d510000 - 0x00007ffe4d53c000 	C:\WINDOWS\SYSTEM32\Wldp.dll
0x00007ffe4ffa0000 - 0x00007ffe5004d000 	C:\WINDOWS\System32\SHCORE.dll
0x00007ffe4fbf0000 - 0x00007ffe4fc45000 	C:\WINDOWS\System32\shlwapi.dll
0x00007ffe4dad0000 - 0x00007ffe4daef000 	C:\WINDOWS\SYSTEM32\profapi.dll
0x00007ffe474d0000 - 0x00007ffe474e9000 	C:\Program Files\AdoptOpenJDK\jdk-11.0.8.10-hotspot\bin\net.dll
0x00007ffe42ec0000 - 0x00007ffe42fc8000 	C:\WINDOWS\SYSTEM32\WINHTTP.dll
0x00007ffe4d270000 - 0x00007ffe4d2da000 	C:\WINDOWS\system32\mswsock.dll
0x00007ffe474b0000 - 0x00007ffe474c2000 	C:\Program Files\AdoptOpenJDK\jdk-11.0.8.10-hotspot\bin\nio.dll
0x00007ffe46b10000 - 0x00007ffe46b2a000 	D:\IntelliJ IDEA 2021.1\bin\breakgen64.dll
0x00007ffe479a0000 - 0x00007ffe479a9000 	C:\Program Files\AdoptOpenJDK\jdk-11.0.8.10-hotspot\bin\management.dll
0x00007ffe462e0000 - 0x00007ffe462eb000 	C:\Program Files\AdoptOpenJDK\jdk-11.0.8.10-hotspot\bin\management_ext.dll
0x00007ffe0cd40000 - 0x00007ffe0cd57000 	C:\WINDOWS\system32\napinsp.dll
0x00007ffe0cd20000 - 0x00007ffe0cd3b000 	C:\WINDOWS\system32\pnrpnsp.dll
0x00007ffe48250000 - 0x00007ffe48265000 	C:\WINDOWS\system32\wshbth.dll
0x00007ffe48e40000 - 0x00007ffe48e5d000 	C:\WINDOWS\system32\NLAapi.dll
0x00007ffe4cf60000 - 0x00007ffe4cf9b000 	C:\WINDOWS\SYSTEM32\IPHLPAPI.DLL
0x00007ffe4cfa0000 - 0x00007ffe4d06c000 	C:\WINDOWS\SYSTEM32\DNSAPI.dll
0x00007ffe4fb30000 - 0x00007ffe4fb38000 	C:\WINDOWS\System32\NSI.dll
0x00007ffe0c850000 - 0x00007ffe0c862000 	C:\WINDOWS\System32\winrnr.dll
0x00007ffe456c0000 - 0x00007ffe456ca000 	C:\Windows\System32\rasadhlp.dll
0x00007ffe434f0000 - 0x00007ffe4356f000 	C:\WINDOWS\System32\fwpuclnt.dll
0x00007ffe4dc80000 - 0x00007ffe4dca7000 	C:\WINDOWS\System32\bcrypt.dll
0x0000000180000000 - 0x0000000180285000 	D:\apache-tomcat-9.0.37\bin\tcnative-1.dll
0x00007ffe4e360000 - 0x00007ffe4e4b6000 	C:\WINDOWS\System32\CRYPT32.dll
0x00007ffe4d470000 - 0x00007ffe4d488000 	C:\WINDOWS\SYSTEM32\CRYPTSP.dll
0x00007ffe4cbf0000 - 0x00007ffe4cc24000 	C:\WINDOWS\system32\rsaenh.dll
0x00007ffe4da90000 - 0x00007ffe4dabe000 	C:\WINDOWS\SYSTEM32\USERENV.dll
0x00007ffe4d460000 - 0x00007ffe4d46c000 	C:\WINDOWS\SYSTEM32\CRYPTBASE.dll
0x00007ffe44c40000 - 0x00007ffe44c57000 	C:\WINDOWS\SYSTEM32\dhcpcsvc6.DLL
0x00007ffe45480000 - 0x00007ffe4549d000 	C:\WINDOWS\SYSTEM32\dhcpcsvc.DLL
0x00007ffe29930000 - 0x00007ffe29955000 	C:\Program Files\AdoptOpenJDK\jdk-11.0.8.10-hotspot\bin\sunec.dll
0x00007ffe41050000 - 0x00007ffe4105e000 	C:\Program Files\AdoptOpenJDK\jdk-11.0.8.10-hotspot\bin\sunmscapi.dll
0x00007ffe4d580000 - 0x00007ffe4d5a7000 	C:\WINDOWS\SYSTEM32\ncrypt.dll
0x00007ffe4d540000 - 0x00007ffe4d57b000 	C:\WINDOWS\SYSTEM32\NTASN1.dll

dbghelp: loaded successfully - version: 4.0.5 - missing functions: none
symbol engine: initialized successfully - sym options: 0x614 - pdb path: .;C:\Program Files\AdoptOpenJDK\jdk-11.0.8.10-hotspot\bin;C:\WINDOWS\SYSTEM32;C:\WINDOWS\WinSxS\amd64_microsoft.windows.common-controls_6595b64144ccf1df_6.0.19041.1110_none_60b5254171f9507e;C:\Program Files\AdoptOpenJDK\jdk-11.0.8.10-hotspot\bin\server;D:\IntelliJ IDEA 2021.1\bin;D:\apache-tomcat-9.0.37\bin

VM Arguments:
jvm_args: -javaagent:D:\IntelliJ IDEA 2021.1\lib\idea_rt.jar=50300:D:\IntelliJ IDEA 2021.1\bin -Dfile.encoding=UTF-8 
java_command: com.example.demo.SpringbootProjectApplication
java_class_path (initial): C:\Users\Admin\eclipse-workspace\Springboot_project\target\classes;C:\Users\Admin\.m2\repository\org\springframework\boot\spring-boot-starter-security\2.4.5\spring-boot-starter-security-2.4.5.jar;C:\Users\Admin\.m2\repository\org\springframework\boot\spring-boot-starter\2.4.5\spring-boot-starter-2.4.5.jar;C:\Users\Admin\.m2\repository\org\springframework\boot\spring-boot-starter-logging\2.4.5\spring-boot-starter-logging-2.4.5.jar;C:\Users\Admin\.m2\repository\ch\qos\logback\logback-classic\1.2.3\logback-classic-1.2.3.jar;C:\Users\Admin\.m2\repository\ch\qos\logback\logback-core\1.2.3\logback-core-1.2.3.jar;C:\Users\Admin\.m2\repository\org\apache\logging\log4j\log4j-to-slf4j\2.13.3\log4j-to-slf4j-2.13.3.jar;C:\Users\Admin\.m2\repository\org\apache\logging\log4j\log4j-api\2.13.3\log4j-api-2.13.3.jar;C:\Users\Admin\.m2\repository\org\slf4j\jul-to-slf4j\1.7.30\jul-to-slf4j-1.7.30.jar;C:\Users\Admin\.m2\repository\jakarta\annotation\jakarta.annotation-api\1.3.5\jakarta.annotation-api-1.3.5.jar;C:\Users\Admin\.m2\repository\org\yaml\snakeyaml\1.27\snakeyaml-1.27.jar;C:\Users\Admin\.m2\repository\org\springframework\spring-aop\5.3.6\spring-aop-5.3.6.jar;C:\Users\Admin\.m2\repository\org\springframework\spring-beans\5.3.6\spring-beans-5.3.6.jar;C:\Users\Admin\.m2\repository\org\springframework\security\spring-security-config\5.4.6\spring-security-config-5.4.6.jar;C:\Users\Admin\.m2\repository\org\springframework\spring-context\5.3.6\spring-context-5.3.6.jar;C:\Users\Admin\.m2\repository\org\springframework\security\spring-security-web\5.4.6\spring-security-web-5.4.6.jar;C:\Users\Admin\.m2\repository\org\springframework\spring-expression\5.3.6\spring-expression-5.3.6.jar;C:\Users\Admin\.m2\repository\org\springframework\boot\spring-boot-starter-thymeleaf\2.4.5\spring-boot-starter-thymeleaf-2.4.5.jar;C:\Users\Admin\.m2\repository\org\thymeleaf\thymeleaf-spring5\3.0.12.RELEASE\thymeleaf-spring5-3.0.12.RELEASE.jar;C:\Users\Admin\.m2\repository\org\
Launcher Type: SUN_STANDARD

[Global flags]
     intx CICompilerCount                          = 4                                         {product} {ergonomic}
     uint ConcGCThreads                            = 2                                         {product} {ergonomic}
     uint G1ConcRefinementThreads                  = 8                                         {product} {ergonomic}
   size_t G1HeapRegionSize                         = 1048576                                   {product} {ergonomic}
    uintx GCDrainStackTargetSize                   = 64                                        {product} {ergonomic}
   size_t InitialHeapSize                          = 134217728                                 {product} {ergonomic}
   size_t MarkStackSize                            = 4194304                                   {product} {ergonomic}
   size_t MaxHeapSize                              = 2118123520                                {product} {ergonomic}
   size_t MaxNewSize                               = 1270874112                                {product} {ergonomic}
   size_t MinHeapDeltaBytes                        = 1048576                                   {product} {ergonomic}
    uintx NonNMethodCodeHeapSize                   = 5836300                                {pd product} {ergonomic}
    uintx NonProfiledCodeHeapSize                  = 122910970                              {pd product} {ergonomic}
    uintx ProfiledCodeHeapSize                     = 122910970                              {pd product} {ergonomic}
    uintx ReservedCodeCacheSize                    = 251658240                              {pd product} {ergonomic}
     bool SegmentedCodeCache                       = true                                      {product} {ergonomic}
     bool UseCompressedClassPointers               = true                                 {lp64_product} {ergonomic}
     bool UseCompressedOops                        = true                                 {lp64_product} {ergonomic}
     bool UseG1GC                                  = true                                      {product} {ergonomic}
     bool UseLargePagesIndividualAllocation        = false                                  {pd product} {ergonomic}

Logging:
Log output configuration:
 #0: stdout all=warning uptime,level,tags
 #1: stderr all=off uptime,level,tags

Environment Variables:
JAVA_HOME=C:\Program Files\AdoptOpenJDK\jdk-11.0.8.10-hotspot\
PATH=C:\Program Files\AdoptOpenJDK\jdk-11.0.8.10-hotspot\bin;C:\WINDOWS\system32;C:\WINDOWS;C:\WINDOWS\System32\Wbem;C:\WINDOWS\System32\WindowsPowerShell\v1.0\;C:\WINDOWS\System32\OpenSSH\;C:\Program Files (x86)\Microsoft SQL Server\110\Tools\Binn\ManagementStudio\;C:\Program Files (x86)\Microsoft SQL Server\110\Tools\Binn\;C:\Program Files\Microsoft SQL Server\110\Tools\Binn\;C:\Program Files (x86)\Microsoft SQL Server\110\DTS\Binn\;C:\Program Files\Microsoft SQL Server\Client SDK\ODBC\110\Tools\Binn\;C:\Program Files (x86)\Microsoft SQL Server\120\Tools\Binn\;C:\Program Files\Microsoft SQL Server\120\Tools\Binn\;C:\Program Files\Microsoft SQL Server\120\DTS\Binn\;C:\Program Files (x86)\Microsoft SQL Server\120\Tools\Binn\ManagementStudio\;C:\Program Files (x86)\Microsoft SQL Server\120\DTS\Binn\;C:\Users\Admin\Downloads\apache-maven-3.6.0;C:\Users\Admin\Downloads\apache-maven-3.6.0\bin;C:\Program Files\NVIDIA Corporation\NVIDIA NvDLISR;C:\Program Files (x86)\NVIDIA Corporation\PhysX\Common;C:\Users\Admin\Downloads\apache-maven-3.6.0\bin;C:\Program Files\nodejs\;C:\Program Files\Git\cmd;C:\WINDOWS\system32;C:\WINDOWS;C:\WINDOWS\System32\Wbem;C:\WINDOWS\System32\WindowsPowerShell\v1.0\;C:\WINDOWS\System32\OpenSSH\;C:\Users\Admin\AppData\Local\Microsoft\WindowsApps;C:\Users\Admin\AppData\Local\Programs\Microsoft VS Code\bin;D:\apache-tomcat-9.0.37\bin;C:\Users\Admin\AppData\Roaming\npm;
USERNAME=Admin
OS=Windows_NT
PROCESSOR_IDENTIFIER=Intel64 Family 6 Model 158 Stepping 10, GenuineIntel



---------------  S Y S T E M  ---------------

OS: Windows 10 , 64 bit Build 19041 (10.0.19041.1202)
OS uptime: 1 days 1:07 hours

CPU:total 8 (initial active 8) (4 cores per cpu, 2 threads per core) family 6 model 158 stepping 10, cmov, cx8, fxsr, mmx, sse, sse2, sse3, ssse3, sse4.1, sse4.2, popcnt, avx, avx2, aes, clmul, erms, 3dnowpref, lzcnt, ht, tsc, tscinvbit, bmi1, bmi2, adx, fma

Memory: 4k page, system-wide physical 8072M (505M free)
TotalPageFile size 12168M (AvailPageFile size 11M)
current process WorkingSet (physical memory assigned to process): 327M, peak: 338M
current process commit charge ("private bytes"): 395M, peak: 407M

vm_info: OpenJDK 64-Bit Server VM (11.0.8+10) for windows-amd64 JRE (11.0.8+10), built on Jul 15 2020 11:45:54 by "" with MS VC++ 15.9 (VS2017)

END.
