#
# There is insufficient memory for the Java Runtime Environment to continue.
# Native memory allocation (malloc) failed to allocate 1091376 bytes for Chunk::new
# Possible reasons:
#   The system is out of physical RAM or swap space
#   The process is running with CompressedOops enabled, and the Java Heap may be blocking the growth of the native heap
# Possible solutions:
#   Reduce memory load on the system
#   Increase physical memory or swap space
#   Check if swap backing store is full
#   Decrease Java heap size (-Xmx/-Xms)
#   Decrease number of Java threads
#   Decrease Java thread stack sizes (-Xss)
#   Set larger code cache with -XX:ReservedCodeCacheSize=
#   JVM is running with Unscaled Compressed Oops mode in which the Java heap is
#     placed in the first 4GB address space. The Java Heap base address is the
#     maximum limit for the native heap growth. Please use -XX:HeapBaseMinAddress
#     to set the Java Heap base and to place the Java Heap above 4GB virtual address.
# This output file may be truncated or incomplete.
#
#  Out of Memory Error (./src/hotspot/share/memory/arena.cpp:197), pid=2528, tid=3268
#
# JRE version: OpenJDK Runtime Environment AdoptOpenJDK (11.0.8+10) (build 11.0.8+10)
# Java VM: OpenJDK 64-Bit Server VM AdoptOpenJDK (11.0.8+10, mixed mode, tiered, compressed oops, g1 gc, windows-amd64)
# No core dump will be written. Minidumps are not enabled by default on client versions of Windows
#

---------------  S U M M A R Y ------------

Command Line: -javaagent:D:\IntelliJ IDEA 2021.1\lib\idea_rt.jar=57689:D:\IntelliJ IDEA 2021.1\bin -Dfile.encoding=UTF-8 com.example.demo.SpringbootProjectApplication

Host: Intel(R) Core(TM) i5-9300H CPU @ 2.40GHz, 8 cores, 7G,  Windows 10 , 64 bit Build 19041 (10.0.19041.1151)
Time: Tue Sep 21 16:17:07 2021 SE Asia Standard Time elapsed time: 7 seconds (0d 0h 0m 7s)

---------------  T H R E A D  ---------------

Current thread (0x000002d6480a0000):  JavaThread "C2 CompilerThread1" daemon [_thread_in_native, id=3268, stack(0x000000f3dab00000,0x000000f3dac00000)]


Current CompileTask:
C2:   7821 6002       4       org.springframework.core.annotation.TypeMappedAnnotations::get (8 bytes)

Stack: [0x000000f3dab00000,0x000000f3dac00000]
Native frames: (J=compiled Java code, j=interpreted, Vv=VM code, C=native code)
V  [jvm.dll+0x5dfa5a]
V  [jvm.dll+0x7175ce]
V  [jvm.dll+0x718c9f]
V  [jvm.dll+0x719363]
V  [jvm.dll+0x240e48]
V  [jvm.dll+0xb96ac]
V  [jvm.dll+0xb9dac]
V  [jvm.dll+0x346387]
V  [jvm.dll+0x314173]
V  [jvm.dll+0x3134ba]
V  [jvm.dll+0x1fa925]
V  [jvm.dll+0x1f9adf]
V  [jvm.dll+0x17e4ec]
V  [jvm.dll+0x208f27]
V  [jvm.dll+0x20710b]
V  [jvm.dll+0x6dc339]
V  [jvm.dll+0x6d53e4]
V  [jvm.dll+0x5de996]
C  [ucrtbase.dll+0x21bb2]
C  [KERNEL32.DLL+0x17034]
C  [ntdll.dll+0x52651]


---------------  P R O C E S S  ---------------

Threads class SMR info:
_java_thread_list=0x000002d64c2b4b50, length=22, elements={
0x000002d62656a000, 0x000002d647427800, 0x000002d647429000, 0x000002d647da2800,
0x000002d64743d000, 0x000002d64743d800, 0x000002d647441800, 0x000002d647443800,
0x000002d647f0d800, 0x000002d64808c000, 0x000002d64848f800, 0x000002d648bd5000,
0x000002d648499000, 0x000002d64e8df800, 0x000002d64e1e4800, 0x000002d64c3a9000,
0x000002d6480a0000, 0x000002d64c3ae000, 0x000002d6493d3000, 0x000002d6493d4000,
0x000002d6493d1800, 0x000002d6493d2000
}

Java Threads: ( => current thread )
  0x000002d62656a000 JavaThread "main" [_thread_blocked, id=11436, stack(0x000000f3d9c00000,0x000000f3d9d00000)]
  0x000002d647427800 JavaThread "Reference Handler" daemon [_thread_blocked, id=14388, stack(0x000000f3da300000,0x000000f3da400000)]
  0x000002d647429000 JavaThread "Finalizer" daemon [_thread_blocked, id=17888, stack(0x000000f3da400000,0x000000f3da500000)]
  0x000002d647da2800 JavaThread "Signal Dispatcher" daemon [_thread_blocked, id=17480, stack(0x000000f3da500000,0x000000f3da600000)]
  0x000002d64743d000 JavaThread "Attach Listener" daemon [_thread_blocked, id=10424, stack(0x000000f3da600000,0x000000f3da700000)]
  0x000002d64743d800 JavaThread "C2 CompilerThread0" daemon [_thread_in_native, id=13360, stack(0x000000f3da700000,0x000000f3da800000)]
  0x000002d647441800 JavaThread "C1 CompilerThread0" daemon [_thread_blocked, id=17000, stack(0x000000f3da800000,0x000000f3da900000)]
  0x000002d647443800 JavaThread "Sweeper thread" daemon [_thread_blocked, id=15808, stack(0x000000f3da900000,0x000000f3daa00000)]
  0x000002d647f0d800 JavaThread "Common-Cleaner" daemon [_thread_blocked, id=13272, stack(0x000000f3daa00000,0x000000f3dab00000)]
  0x000002d64808c000 JavaThread "Monitor Ctrl-Break" daemon [_thread_in_native, id=9572, stack(0x000000f3dad00000,0x000000f3dae00000)]
  0x000002d64848f800 JavaThread "Service Thread" daemon [_thread_blocked, id=13792, stack(0x000000f3dae00000,0x000000f3daf00000)]
  0x000002d648bd5000 JavaThread "Thread-0" [_thread_blocked, id=13240, stack(0x000000f3db200000,0x000000f3db300000)]
  0x000002d648499000 JavaThread "restartedMain" [_thread_in_Java, id=10936, stack(0x000000f3db300000,0x000000f3db400000)]
  0x000002d64e8df800 JavaThread "mssql-jdbc-shared-timer-core-0" daemon [_thread_blocked, id=4164, stack(0x000000f3dbb00000,0x000000f3dbc00000)]
  0x000002d64e1e4800 JavaThread "HikariPool-1 housekeeper" daemon [_thread_blocked, id=9252, stack(0x000000f3dbc00000,0x000000f3dbd00000)]
  0x000002d64c3a9000 JavaThread "HikariPool-1 connection adder" daemon [_thread_blocked, id=16264, stack(0x000000f3dbd00000,0x000000f3dbe00000)]
=>0x000002d6480a0000 JavaThread "C2 CompilerThread1" daemon [_thread_in_native, id=3268, stack(0x000000f3dab00000,0x000000f3dac00000)]
  0x000002d64c3ae000 JavaThread "C2 CompilerThread2" daemon [_thread_in_native, id=5860, stack(0x000000f3dac00000,0x000000f3dad00000)]
  0x000002d6493d3000 JavaThread "Catalina-utility-1" [_thread_blocked, id=18740, stack(0x000000f3dbe00000,0x000000f3dbf00000)]
  0x000002d6493d4000 JavaThread "Catalina-utility-2" [_thread_blocked, id=10464, stack(0x000000f3dbf00000,0x000000f3dc000000)]
  0x000002d6493d1800 JavaThread "container-0" [_thread_blocked, id=14592, stack(0x000000f3dc000000,0x000000f3dc100000)]
  0x000002d6493d2000 JavaThread "Live Reload Server" daemon [_thread_in_native, id=10912, stack(0x000000f3dc200000,0x000000f3dc300000)]

Other Threads:
  0x000002d647403800 VMThread "VM Thread" [stack: 0x000000f3da200000,0x000000f3da300000] [id=4868]
  0x000002d648494000 WatcherThread [stack: 0x000000f3daf00000,0x000000f3db000000] [id=15708]
  0x000002d626582800 GCTaskThread "GC Thread#0" [stack: 0x000000f3d9d00000,0x000000f3d9e00000] [id=8280]
  0x000002d648d08000 GCTaskThread "GC Thread#1" [stack: 0x000000f3db000000,0x000000f3db100000] [id=18604]
  0x000002d648d17800 GCTaskThread "GC Thread#2" [stack: 0x000000f3db100000,0x000000f3db200000] [id=344]
  0x000002d648c95800 GCTaskThread "GC Thread#3" [stack: 0x000000f3db400000,0x000000f3db500000] [id=3320]
  0x000002d648ca9800 GCTaskThread "GC Thread#4" [stack: 0x000000f3db500000,0x000000f3db600000] [id=8704]
  0x000002d648ca7800 GCTaskThread "GC Thread#5" [stack: 0x000000f3db600000,0x000000f3db700000] [id=14852]
  0x000002d64998f000 GCTaskThread "GC Thread#6" [stack: 0x000000f3db800000,0x000000f3db900000] [id=4540]
  0x000002d64ac4f800 GCTaskThread "GC Thread#7" [stack: 0x000000f3db900000,0x000000f3dba00000] [id=17808]
  0x000002d6265b2000 ConcurrentGCThread "G1 Main Marker" [stack: 0x000000f3d9e00000,0x000000f3d9f00000] [id=9128]
  0x000002d6265b3000 ConcurrentGCThread "G1 Conc#0" [stack: 0x000000f3d9f00000,0x000000f3da000000] [id=5404]
  0x000002d648fea800 ConcurrentGCThread "G1 Conc#1" [stack: 0x000000f3dba00000,0x000000f3dbb00000] [id=6844]
  0x000002d62663d800 ConcurrentGCThread "G1 Refine#0" [stack: 0x000000f3da000000,0x000000f3da100000] [id=16448]
  0x000002d64726c800 ConcurrentGCThread "G1 Young RemSet Sampling" [stack: 0x000000f3da100000,0x000000f3da200000] [id=17752]

Threads with active compile tasks:
C2 CompilerThread0   7837 6007       4       org.springframework.boot.context.properties.source.ConfigurationPropertyName$ElementsParser::parse (234 bytes)
C2 CompilerThread1   7837 6002       4       org.springframework.core.annotation.TypeMappedAnnotations::get (8 bytes)
C2 CompilerThread2   7837 6110   !   4       java.net.URL::<init> (543 bytes)

VM state:not at safepoint (normal execution)

VM Mutex/Monitor currently owned by a thread: None

Heap address: 0x0000000081c00000, size: 2020 MB, Compressed Oops mode: 32-bit
Narrow klass base: 0x0000000000000000, Narrow klass shift: 3
Compressed class space size: 1073741824 Address: 0x0000000100000000

Heap:
 garbage-first heap   total 189440K, used 27894K [0x0000000081c00000, 0x0000000100000000)
  region size 1024K, 11 young (11264K), 10 survivors (10240K)
 Metaspace       used 71439K, capacity 73137K, committed 73216K, reserved 1112064K
  class space    used 9025K, capacity 9676K, committed 9728K, reserved 1048576K
Heap Regions: E=young(eden), S=young(survivor), O=old, HS=humongous(starts), HC=humongous(continues), CS=collection set, F=free, A=archive, TAMS=top-at-mark-start (previous, next)
|   0|0x0000000081c00000, 0x0000000081d00000, 0x0000000081d00000|100%|HS|  |TAMS 0x0000000081d00000, 0x0000000081c00000| Complete 
|   1|0x0000000081d00000, 0x0000000081e00000, 0x0000000081e00000|100%| O|  |TAMS 0x0000000081e00000, 0x0000000081d00000| Untracked 
|   2|0x0000000081e00000, 0x0000000081f00000, 0x0000000081f00000|100%| O|  |TAMS 0x0000000081f00000, 0x0000000081e00000| Untracked 
|   3|0x0000000081f00000, 0x0000000082000000, 0x0000000082000000|100%| O|  |TAMS 0x0000000082000000, 0x0000000081f00000| Untracked 
|   4|0x0000000082000000, 0x0000000082100000, 0x0000000082100000|100%| O|  |TAMS 0x0000000082100000, 0x0000000082000000| Untracked 
|   5|0x0000000082100000, 0x0000000082200000, 0x0000000082200000|100%| O|  |TAMS 0x0000000082200000, 0x0000000082100000| Untracked 
|   6|0x0000000082200000, 0x0000000082300000, 0x0000000082300000|100%| O|  |TAMS 0x0000000082300000, 0x0000000082200000| Untracked 
|   7|0x0000000082300000, 0x0000000082400000, 0x0000000082400000|100%| O|  |TAMS 0x0000000082400000, 0x0000000082300000| Untracked 
|   8|0x0000000082400000, 0x0000000082500000, 0x0000000082500000|100%| O|  |TAMS 0x0000000082500000, 0x0000000082400000| Untracked 
|   9|0x0000000082500000, 0x0000000082600000, 0x0000000082600000|100%| O|  |TAMS 0x0000000082600000, 0x0000000082500000| Untracked 
|  10|0x0000000082600000, 0x0000000082700000, 0x0000000082700000|100%| O|  |TAMS 0x0000000082700000, 0x0000000082600000| Untracked 
|  11|0x0000000082700000, 0x0000000082800000, 0x0000000082800000|100%| O|  |TAMS 0x0000000082800000, 0x0000000082700000| Untracked 
|  12|0x0000000082800000, 0x0000000082900000, 0x0000000082900000|100%| O|  |TAMS 0x0000000082900000, 0x0000000082800000| Untracked 
|  13|0x0000000082900000, 0x0000000082a00000, 0x0000000082a00000|100%| O|  |TAMS 0x0000000082a00000, 0x0000000082900000| Untracked 
|  14|0x0000000082a00000, 0x0000000082b00000, 0x0000000082b00000|100%| O|  |TAMS 0x0000000082b00000, 0x0000000082a00000| Untracked 
|  15|0x0000000082b00000, 0x0000000082c00000, 0x0000000082c00000|100%| O|  |TAMS 0x0000000082b51400, 0x0000000082b00000| Untracked 
|  16|0x0000000082c00000, 0x0000000082d00000, 0x0000000082d00000|100%| O|  |TAMS 0x0000000082c00000, 0x0000000082c00000| Untracked 
|  17|0x0000000082d00000, 0x0000000082dada00, 0x0000000082e00000| 67%| O|  |TAMS 0x0000000082d00000, 0x0000000082d00000| Untracked 
|  18|0x0000000082e00000, 0x0000000082e00000, 0x0000000082f00000|  0%| F|  |TAMS 0x0000000082e00000, 0x0000000082e00000| Untracked 
|  19|0x0000000082f00000, 0x0000000082f00000, 0x0000000083000000|  0%| F|  |TAMS 0x0000000082f00000, 0x0000000082f00000| Untracked 
|  20|0x0000000083000000, 0x0000000083000000, 0x0000000083100000|  0%| F|  |TAMS 0x0000000083000000, 0x0000000083000000| Untracked 
|  21|0x0000000083100000, 0x0000000083100000, 0x0000000083200000|  0%| F|  |TAMS 0x0000000083100000, 0x0000000083100000| Untracked 
|  22|0x0000000083200000, 0x0000000083200000, 0x0000000083300000|  0%| F|  |TAMS 0x0000000083200000, 0x0000000083200000| Untracked 
|  23|0x0000000083300000, 0x0000000083300000, 0x0000000083400000|  0%| F|  |TAMS 0x0000000083300000, 0x0000000083300000| Untracked 
|  24|0x0000000083400000, 0x0000000083400000, 0x0000000083500000|  0%| F|  |TAMS 0x0000000083400000, 0x0000000083400000| Untracked 
|  25|0x0000000083500000, 0x0000000083500000, 0x0000000083600000|  0%| F|  |TAMS 0x0000000083500000, 0x0000000083500000| Untracked 
|  26|0x0000000083600000, 0x0000000083600000, 0x0000000083700000|  0%| F|  |TAMS 0x0000000083600000, 0x0000000083600000| Untracked 
|  27|0x0000000083700000, 0x0000000083700000, 0x0000000083800000|  0%| F|  |TAMS 0x0000000083700000, 0x0000000083700000| Untracked 
|  28|0x0000000083800000, 0x0000000083800000, 0x0000000083900000|  0%| F|  |TAMS 0x0000000083800000, 0x0000000083800000| Untracked 
|  29|0x0000000083900000, 0x0000000083900000, 0x0000000083a00000|  0%| F|  |TAMS 0x0000000083900000, 0x0000000083900000| Untracked 
|  30|0x0000000083a00000, 0x0000000083a00000, 0x0000000083b00000|  0%| F|  |TAMS 0x0000000083a00000, 0x0000000083a00000| Untracked 
|  31|0x0000000083b00000, 0x0000000083b00000, 0x0000000083c00000|  0%| F|  |TAMS 0x0000000083b00000, 0x0000000083b00000| Untracked 
|  32|0x0000000083c00000, 0x0000000083c00000, 0x0000000083d00000|  0%| F|  |TAMS 0x0000000083c00000, 0x0000000083c00000| Untracked 
|  33|0x0000000083d00000, 0x0000000083d00000, 0x0000000083e00000|  0%| F|  |TAMS 0x0000000083d00000, 0x0000000083d00000| Untracked 
|  34|0x0000000083e00000, 0x0000000083e00000, 0x0000000083f00000|  0%| F|  |TAMS 0x0000000083e00000, 0x0000000083e00000| Untracked 
|  35|0x0000000083f00000, 0x0000000083f00000, 0x0000000084000000|  0%| F|  |TAMS 0x0000000083f00000, 0x0000000083f00000| Untracked 
|  36|0x0000000084000000, 0x0000000084000000, 0x0000000084100000|  0%| F|  |TAMS 0x0000000084000000, 0x0000000084000000| Untracked 
|  37|0x0000000084100000, 0x0000000084100000, 0x0000000084200000|  0%| F|  |TAMS 0x0000000084100000, 0x0000000084100000| Untracked 
|  38|0x0000000084200000, 0x0000000084200000, 0x0000000084300000|  0%| F|  |TAMS 0x0000000084200000, 0x0000000084200000| Untracked 
|  39|0x0000000084300000, 0x0000000084300000, 0x0000000084400000|  0%| F|  |TAMS 0x0000000084300000, 0x0000000084300000| Untracked 
|  40|0x0000000084400000, 0x0000000084400000, 0x0000000084500000|  0%| F|  |TAMS 0x0000000084400000, 0x0000000084400000| Untracked 
|  41|0x0000000084500000, 0x0000000084500000, 0x0000000084600000|  0%| F|  |TAMS 0x0000000084500000, 0x0000000084500000| Untracked 
|  42|0x0000000084600000, 0x0000000084600000, 0x0000000084700000|  0%| F|  |TAMS 0x0000000084600000, 0x0000000084600000| Untracked 
|  43|0x0000000084700000, 0x0000000084700000, 0x0000000084800000|  0%| F|  |TAMS 0x0000000084700000, 0x0000000084700000| Untracked 
|  44|0x0000000084800000, 0x0000000084800000, 0x0000000084900000|  0%| F|  |TAMS 0x0000000084800000, 0x0000000084800000| Untracked 
|  45|0x0000000084900000, 0x0000000084900000, 0x0000000084a00000|  0%| F|  |TAMS 0x0000000084900000, 0x0000000084900000| Untracked 
|  46|0x0000000084a00000, 0x0000000084a00000, 0x0000000084b00000|  0%| F|  |TAMS 0x0000000084a00000, 0x0000000084a00000| Untracked 
|  47|0x0000000084b00000, 0x0000000084b00000, 0x0000000084c00000|  0%| F|  |TAMS 0x0000000084b00000, 0x0000000084b00000| Untracked 
|  48|0x0000000084c00000, 0x0000000084c00000, 0x0000000084d00000|  0%| F|  |TAMS 0x0000000084c00000, 0x0000000084c00000| Untracked 
|  49|0x0000000084d00000, 0x0000000084d00000, 0x0000000084e00000|  0%| F|  |TAMS 0x0000000084d00000, 0x0000000084d00000| Untracked 
|  50|0x0000000084e00000, 0x0000000084e00000, 0x0000000084f00000|  0%| F|  |TAMS 0x0000000084e00000, 0x0000000084e00000| Untracked 
|  51|0x0000000084f00000, 0x0000000084f00000, 0x0000000085000000|  0%| F|  |TAMS 0x0000000084f00000, 0x0000000084f00000| Untracked 
|  52|0x0000000085000000, 0x0000000085000000, 0x0000000085100000|  0%| F|  |TAMS 0x0000000085000000, 0x0000000085000000| Untracked 
|  53|0x0000000085100000, 0x0000000085100000, 0x0000000085200000|  0%| F|  |TAMS 0x0000000085100000, 0x0000000085100000| Untracked 
|  54|0x0000000085200000, 0x0000000085200000, 0x0000000085300000|  0%| F|  |TAMS 0x0000000085200000, 0x0000000085200000| Untracked 
|  55|0x0000000085300000, 0x0000000085300000, 0x0000000085400000|  0%| F|  |TAMS 0x0000000085300000, 0x0000000085300000| Untracked 
|  56|0x0000000085400000, 0x0000000085400000, 0x0000000085500000|  0%| F|  |TAMS 0x0000000085400000, 0x0000000085400000| Untracked 
|  57|0x0000000085500000, 0x0000000085500000, 0x0000000085600000|  0%| F|  |TAMS 0x0000000085500000, 0x0000000085500000| Untracked 
|  58|0x0000000085600000, 0x0000000085600000, 0x0000000085700000|  0%| F|  |TAMS 0x0000000085600000, 0x0000000085600000| Untracked 
|  59|0x0000000085700000, 0x0000000085700000, 0x0000000085800000|  0%| F|  |TAMS 0x0000000085700000, 0x0000000085700000| Untracked 
|  60|0x0000000085800000, 0x0000000085800000, 0x0000000085900000|  0%| F|  |TAMS 0x0000000085800000, 0x0000000085800000| Untracked 
|  61|0x0000000085900000, 0x0000000085900000, 0x0000000085a00000|  0%| F|  |TAMS 0x0000000085900000, 0x0000000085900000| Untracked 
|  62|0x0000000085a00000, 0x0000000085a00000, 0x0000000085b00000|  0%| F|  |TAMS 0x0000000085a00000, 0x0000000085a00000| Untracked 
|  63|0x0000000085b00000, 0x0000000085b00000, 0x0000000085c00000|  0%| F|  |TAMS 0x0000000085b00000, 0x0000000085b00000| Untracked 
|  64|0x0000000085c00000, 0x0000000085c90060, 0x0000000085d00000| 56%| S|CS|TAMS 0x0000000085c00000, 0x0000000085c00000| Complete 
|  65|0x0000000085d00000, 0x0000000085e00000, 0x0000000085e00000|100%| S|CS|TAMS 0x0000000085d00000, 0x0000000085d00000| Complete 
|  66|0x0000000085e00000, 0x0000000085f00000, 0x0000000085f00000|100%| S|CS|TAMS 0x0000000085e00000, 0x0000000085e00000| Complete 
|  67|0x0000000085f00000, 0x0000000086000000, 0x0000000086000000|100%| S|CS|TAMS 0x0000000085f00000, 0x0000000085f00000| Complete 
|  68|0x0000000086000000, 0x0000000086100000, 0x0000000086100000|100%| S|CS|TAMS 0x0000000086000000, 0x0000000086000000| Complete 
|  69|0x0000000086100000, 0x0000000086200000, 0x0000000086200000|100%| S|CS|TAMS 0x0000000086100000, 0x0000000086100000| Complete 
|  70|0x0000000086200000, 0x0000000086300000, 0x0000000086300000|100%| S|CS|TAMS 0x0000000086200000, 0x0000000086200000| Complete 
|  71|0x0000000086300000, 0x0000000086400000, 0x0000000086400000|100%| S|CS|TAMS 0x0000000086300000, 0x0000000086300000| Complete 
|  72|0x0000000086400000, 0x0000000086500000, 0x0000000086500000|100%| S|CS|TAMS 0x0000000086400000, 0x0000000086400000| Complete 
|  73|0x0000000086500000, 0x0000000086600000, 0x0000000086600000|100%| S|CS|TAMS 0x0000000086500000, 0x0000000086500000| Complete 
|  74|0x0000000086600000, 0x0000000086600000, 0x0000000086700000|  0%| F|  |TAMS 0x0000000086600000, 0x0000000086600000| Untracked 
|  75|0x0000000086700000, 0x0000000086700000, 0x0000000086800000|  0%| F|  |TAMS 0x0000000086700000, 0x0000000086700000| Untracked 
|  76|0x0000000086800000, 0x0000000086800000, 0x0000000086900000|  0%| F|  |TAMS 0x0000000086800000, 0x0000000086800000| Untracked 
|  77|0x0000000086900000, 0x0000000086900000, 0x0000000086a00000|  0%| F|  |TAMS 0x0000000086900000, 0x0000000086900000| Untracked 
|  78|0x0000000086a00000, 0x0000000086a00000, 0x0000000086b00000|  0%| F|  |TAMS 0x0000000086a00000, 0x0000000086a00000| Untracked 
|  79|0x0000000086b00000, 0x0000000086b00000, 0x0000000086c00000|  0%| F|  |TAMS 0x0000000086b00000, 0x0000000086b00000| Untracked 
|  80|0x0000000086c00000, 0x0000000086c00000, 0x0000000086d00000|  0%| F|  |TAMS 0x0000000086c00000, 0x0000000086c00000| Untracked 
|  81|0x0000000086d00000, 0x0000000086d00000, 0x0000000086e00000|  0%| F|  |TAMS 0x0000000086d00000, 0x0000000086d00000| Untracked 
|  82|0x0000000086e00000, 0x0000000086e00000, 0x0000000086f00000|  0%| F|  |TAMS 0x0000000086e00000, 0x0000000086e00000| Untracked 
|  83|0x0000000086f00000, 0x0000000086f00000, 0x0000000087000000|  0%| F|  |TAMS 0x0000000086f00000, 0x0000000086f00000| Untracked 
|  84|0x0000000087000000, 0x0000000087000000, 0x0000000087100000|  0%| F|  |TAMS 0x0000000087000000, 0x0000000087000000| Untracked 
|  85|0x0000000087100000, 0x0000000087100000, 0x0000000087200000|  0%| F|  |TAMS 0x0000000087100000, 0x0000000087100000| Untracked 
|  86|0x0000000087200000, 0x0000000087200000, 0x0000000087300000|  0%| F|  |TAMS 0x0000000087200000, 0x0000000087200000| Untracked 
|  87|0x0000000087300000, 0x0000000087300000, 0x0000000087400000|  0%| F|  |TAMS 0x0000000087300000, 0x0000000087300000| Untracked 
|  88|0x0000000087400000, 0x0000000087400000, 0x0000000087500000|  0%| F|  |TAMS 0x0000000087400000, 0x0000000087400000| Untracked 
|  89|0x0000000087500000, 0x0000000087500000, 0x0000000087600000|  0%| F|  |TAMS 0x0000000087500000, 0x0000000087500000| Untracked 
|  90|0x0000000087600000, 0x0000000087600000, 0x0000000087700000|  0%| F|  |TAMS 0x0000000087600000, 0x0000000087600000| Untracked 
|  91|0x0000000087700000, 0x0000000087700000, 0x0000000087800000|  0%| F|  |TAMS 0x0000000087700000, 0x0000000087700000| Untracked 
|  92|0x0000000087800000, 0x0000000087800000, 0x0000000087900000|  0%| F|  |TAMS 0x0000000087800000, 0x0000000087800000| Untracked 
|  93|0x0000000087900000, 0x0000000087900000, 0x0000000087a00000|  0%| F|  |TAMS 0x0000000087900000, 0x0000000087900000| Untracked 
|  94|0x0000000087a00000, 0x0000000087a00000, 0x0000000087b00000|  0%| F|  |TAMS 0x0000000087a00000, 0x0000000087a00000| Untracked 
|  95|0x0000000087b00000, 0x0000000087b00000, 0x0000000087c00000|  0%| F|  |TAMS 0x0000000087b00000, 0x0000000087b00000| Untracked 
|  96|0x0000000087c00000, 0x0000000087c00000, 0x0000000087d00000|  0%| F|  |TAMS 0x0000000087c00000, 0x0000000087c00000| Untracked 
|  97|0x0000000087d00000, 0x0000000087d00000, 0x0000000087e00000|  0%| F|  |TAMS 0x0000000087d00000, 0x0000000087d00000| Untracked 
|  98|0x0000000087e00000, 0x0000000087e00000, 0x0000000087f00000|  0%| F|  |TAMS 0x0000000087e00000, 0x0000000087e00000| Untracked 
|  99|0x0000000087f00000, 0x0000000087f00000, 0x0000000088000000|  0%| F|  |TAMS 0x0000000087f00000, 0x0000000087f00000| Untracked 
| 100|0x0000000088000000, 0x0000000088000000, 0x0000000088100000|  0%| F|  |TAMS 0x0000000088000000, 0x0000000088000000| Untracked 
| 101|0x0000000088100000, 0x0000000088100000, 0x0000000088200000|  0%| F|  |TAMS 0x0000000088100000, 0x0000000088100000| Untracked 
| 102|0x0000000088200000, 0x0000000088200000, 0x0000000088300000|  0%| F|  |TAMS 0x0000000088200000, 0x0000000088200000| Untracked 
| 103|0x0000000088300000, 0x0000000088300000, 0x0000000088400000|  0%| F|  |TAMS 0x0000000088300000, 0x0000000088300000| Untracked 
| 104|0x0000000088400000, 0x0000000088400000, 0x0000000088500000|  0%| F|  |TAMS 0x0000000088400000, 0x0000000088400000| Untracked 
| 105|0x0000000088500000, 0x0000000088500000, 0x0000000088600000|  0%| F|  |TAMS 0x0000000088500000, 0x0000000088500000| Untracked 
| 106|0x0000000088600000, 0x0000000088600000, 0x0000000088700000|  0%| F|  |TAMS 0x0000000088600000, 0x0000000088600000| Untracked 
| 107|0x0000000088700000, 0x0000000088700000, 0x0000000088800000|  0%| F|  |TAMS 0x0000000088700000, 0x0000000088700000| Untracked 
| 108|0x0000000088800000, 0x0000000088800000, 0x0000000088900000|  0%| F|  |TAMS 0x0000000088800000, 0x0000000088800000| Untracked 
| 109|0x0000000088900000, 0x0000000088900000, 0x0000000088a00000|  0%| F|  |TAMS 0x0000000088900000, 0x0000000088900000| Untracked 
| 110|0x0000000088a00000, 0x0000000088a00000, 0x0000000088b00000|  0%| F|  |TAMS 0x0000000088a00000, 0x0000000088a00000| Untracked 
| 111|0x0000000088b00000, 0x0000000088b00000, 0x0000000088c00000|  0%| F|  |TAMS 0x0000000088b00000, 0x0000000088b00000| Untracked 
| 112|0x0000000088c00000, 0x0000000088c00000, 0x0000000088d00000|  0%| F|  |TAMS 0x0000000088c00000, 0x0000000088c00000| Untracked 
| 113|0x0000000088d00000, 0x0000000088d00000, 0x0000000088e00000|  0%| F|  |TAMS 0x0000000088d00000, 0x0000000088d00000| Untracked 
| 114|0x0000000088e00000, 0x0000000088e00000, 0x0000000088f00000|  0%| F|  |TAMS 0x0000000088e00000, 0x0000000088e00000| Untracked 
| 115|0x0000000088f00000, 0x0000000088f00000, 0x0000000089000000|  0%| F|  |TAMS 0x0000000088f00000, 0x0000000088f00000| Untracked 
| 116|0x0000000089000000, 0x0000000089000000, 0x0000000089100000|  0%| F|  |TAMS 0x0000000089000000, 0x0000000089000000| Untracked 
| 117|0x0000000089100000, 0x0000000089100000, 0x0000000089200000|  0%| F|  |TAMS 0x0000000089100000, 0x0000000089100000| Untracked 
| 118|0x0000000089200000, 0x0000000089200000, 0x0000000089300000|  0%| F|  |TAMS 0x0000000089200000, 0x0000000089200000| Untracked 
| 119|0x0000000089300000, 0x0000000089300000, 0x0000000089400000|  0%| F|  |TAMS 0x0000000089300000, 0x0000000089300000| Untracked 
| 120|0x0000000089400000, 0x0000000089400000, 0x0000000089500000|  0%| F|  |TAMS 0x0000000089400000, 0x0000000089400000| Untracked 
| 121|0x0000000089500000, 0x0000000089500000, 0x0000000089600000|  0%| F|  |TAMS 0x0000000089500000, 0x0000000089500000| Untracked 
| 122|0x0000000089600000, 0x0000000089600000, 0x0000000089700000|  0%| F|  |TAMS 0x0000000089600000, 0x0000000089600000| Untracked 
| 123|0x0000000089700000, 0x0000000089700000, 0x0000000089800000|  0%| F|  |TAMS 0x0000000089700000, 0x0000000089700000| Untracked 
| 124|0x0000000089800000, 0x0000000089800000, 0x0000000089900000|  0%| F|  |TAMS 0x0000000089800000, 0x0000000089800000| Untracked 
| 125|0x0000000089900000, 0x0000000089900000, 0x0000000089a00000|  0%| F|  |TAMS 0x0000000089900000, 0x0000000089900000| Untracked 
| 126|0x0000000089a00000, 0x0000000089a00000, 0x0000000089b00000|  0%| F|  |TAMS 0x0000000089a00000, 0x0000000089a00000| Untracked 
| 127|0x0000000089b00000, 0x0000000089b00000, 0x0000000089c00000|  0%| F|  |TAMS 0x0000000089b00000, 0x0000000089b00000| Untracked 
| 128|0x0000000089c00000, 0x0000000089c00000, 0x0000000089d00000|  0%| F|  |TAMS 0x0000000089c00000, 0x0000000089c00000| Untracked 
| 129|0x0000000089d00000, 0x0000000089d00000, 0x0000000089e00000|  0%| F|  |TAMS 0x0000000089d00000, 0x0000000089d00000| Untracked 
| 130|0x0000000089e00000, 0x0000000089e00000, 0x0000000089f00000|  0%| F|  |TAMS 0x0000000089e00000, 0x0000000089e00000| Untracked 
| 131|0x0000000089f00000, 0x0000000089f00000, 0x000000008a000000|  0%| F|  |TAMS 0x0000000089f00000, 0x0000000089f00000| Untracked 
| 132|0x000000008a000000, 0x000000008a000000, 0x000000008a100000|  0%| F|  |TAMS 0x000000008a000000, 0x000000008a000000| Untracked 
| 133|0x000000008a100000, 0x000000008a100000, 0x000000008a200000|  0%| F|  |TAMS 0x000000008a100000, 0x000000008a100000| Untracked 
| 134|0x000000008a200000, 0x000000008a200000, 0x000000008a300000|  0%| F|  |TAMS 0x000000008a200000, 0x000000008a200000| Untracked 
| 135|0x000000008a300000, 0x000000008a300000, 0x000000008a400000|  0%| F|  |TAMS 0x000000008a300000, 0x000000008a300000| Untracked 
| 136|0x000000008a400000, 0x000000008a400000, 0x000000008a500000|  0%| F|  |TAMS 0x000000008a400000, 0x000000008a400000| Untracked 
| 137|0x000000008a500000, 0x000000008a500000, 0x000000008a600000|  0%| F|  |TAMS 0x000000008a500000, 0x000000008a500000| Untracked 
| 138|0x000000008a600000, 0x000000008a600000, 0x000000008a700000|  0%| F|  |TAMS 0x000000008a600000, 0x000000008a600000| Untracked 
| 139|0x000000008a700000, 0x000000008a700000, 0x000000008a800000|  0%| F|  |TAMS 0x000000008a700000, 0x000000008a700000| Untracked 
| 140|0x000000008a800000, 0x000000008a800000, 0x000000008a900000|  0%| F|  |TAMS 0x000000008a800000, 0x000000008a800000| Untracked 
| 141|0x000000008a900000, 0x000000008a900000, 0x000000008aa00000|  0%| F|  |TAMS 0x000000008a900000, 0x000000008a900000| Untracked 
| 142|0x000000008aa00000, 0x000000008aa00000, 0x000000008ab00000|  0%| F|  |TAMS 0x000000008aa00000, 0x000000008aa00000| Untracked 
| 143|0x000000008ab00000, 0x000000008ab00000, 0x000000008ac00000|  0%| F|  |TAMS 0x000000008ab00000, 0x000000008ab00000| Untracked 
| 144|0x000000008ac00000, 0x000000008ac00000, 0x000000008ad00000|  0%| F|  |TAMS 0x000000008ac00000, 0x000000008ac00000| Untracked 
| 145|0x000000008ad00000, 0x000000008ad00000, 0x000000008ae00000|  0%| F|  |TAMS 0x000000008ad00000, 0x000000008ad00000| Untracked 
| 146|0x000000008ae00000, 0x000000008ae00000, 0x000000008af00000|  0%| F|  |TAMS 0x000000008ae00000, 0x000000008ae00000| Untracked 
| 147|0x000000008af00000, 0x000000008af00000, 0x000000008b000000|  0%| F|  |TAMS 0x000000008af00000, 0x000000008af00000| Untracked 
| 148|0x000000008b000000, 0x000000008b000000, 0x000000008b100000|  0%| F|  |TAMS 0x000000008b000000, 0x000000008b000000| Untracked 
| 149|0x000000008b100000, 0x000000008b100000, 0x000000008b200000|  0%| F|  |TAMS 0x000000008b100000, 0x000000008b100000| Untracked 
| 150|0x000000008b200000, 0x000000008b200000, 0x000000008b300000|  0%| F|  |TAMS 0x000000008b200000, 0x000000008b200000| Untracked 
| 151|0x000000008b300000, 0x000000008b300000, 0x000000008b400000|  0%| F|  |TAMS 0x000000008b300000, 0x000000008b300000| Untracked 
| 152|0x000000008b400000, 0x000000008b400000, 0x000000008b500000|  0%| F|  |TAMS 0x000000008b400000, 0x000000008b400000| Untracked 
| 153|0x000000008b500000, 0x000000008b500000, 0x000000008b600000|  0%| F|  |TAMS 0x000000008b500000, 0x000000008b500000| Untracked 
| 154|0x000000008b600000, 0x000000008b600000, 0x000000008b700000|  0%| F|  |TAMS 0x000000008b600000, 0x000000008b600000| Untracked 
| 155|0x000000008b700000, 0x000000008b700000, 0x000000008b800000|  0%| F|  |TAMS 0x000000008b700000, 0x000000008b700000| Untracked 
| 156|0x000000008b800000, 0x000000008b800000, 0x000000008b900000|  0%| F|  |TAMS 0x000000008b800000, 0x000000008b800000| Untracked 
| 157|0x000000008b900000, 0x000000008b900000, 0x000000008ba00000|  0%| F|  |TAMS 0x000000008b900000, 0x000000008b900000| Untracked 
| 158|0x000000008ba00000, 0x000000008ba00000, 0x000000008bb00000|  0%| F|  |TAMS 0x000000008ba00000, 0x000000008ba00000| Untracked 
| 159|0x000000008bb00000, 0x000000008bb00000, 0x000000008bc00000|  0%| F|  |TAMS 0x000000008bb00000, 0x000000008bb00000| Untracked 
| 160|0x000000008bc00000, 0x000000008bc00000, 0x000000008bd00000|  0%| F|  |TAMS 0x000000008bc00000, 0x000000008bc00000| Untracked 
| 161|0x000000008bd00000, 0x000000008bd00000, 0x000000008be00000|  0%| F|  |TAMS 0x000000008bd00000, 0x000000008bd00000| Untracked 
| 162|0x000000008be00000, 0x000000008be00000, 0x000000008bf00000|  0%| F|  |TAMS 0x000000008be00000, 0x000000008be00000| Untracked 
| 163|0x000000008bf00000, 0x000000008bf00000, 0x000000008c000000|  0%| F|  |TAMS 0x000000008bf00000, 0x000000008bf00000| Untracked 
| 164|0x000000008c000000, 0x000000008c000000, 0x000000008c100000|  0%| F|  |TAMS 0x000000008c000000, 0x000000008c000000| Untracked 
| 165|0x000000008c100000, 0x000000008c100000, 0x000000008c200000|  0%| F|  |TAMS 0x000000008c100000, 0x000000008c100000| Untracked 
| 166|0x000000008c200000, 0x000000008c200000, 0x000000008c300000|  0%| F|  |TAMS 0x000000008c200000, 0x000000008c200000| Untracked 
| 167|0x000000008c300000, 0x000000008c300000, 0x000000008c400000|  0%| F|  |TAMS 0x000000008c300000, 0x000000008c300000| Untracked 
| 168|0x000000008c400000, 0x000000008c400000, 0x000000008c500000|  0%| F|  |TAMS 0x000000008c400000, 0x000000008c400000| Untracked 
| 169|0x000000008c500000, 0x000000008c500000, 0x000000008c600000|  0%| F|  |TAMS 0x000000008c500000, 0x000000008c500000| Untracked 
| 170|0x000000008c600000, 0x000000008c600000, 0x000000008c700000|  0%| F|  |TAMS 0x000000008c600000, 0x000000008c600000| Untracked 
| 171|0x000000008c700000, 0x000000008c700000, 0x000000008c800000|  0%| F|  |TAMS 0x000000008c700000, 0x000000008c700000| Untracked 
| 172|0x000000008c800000, 0x000000008c800000, 0x000000008c900000|  0%| F|  |TAMS 0x000000008c800000, 0x000000008c800000| Untracked 
| 173|0x000000008c900000, 0x000000008c900000, 0x000000008ca00000|  0%| F|  |TAMS 0x000000008c900000, 0x000000008c900000| Untracked 
| 174|0x000000008ca00000, 0x000000008ca00000, 0x000000008cb00000|  0%| F|  |TAMS 0x000000008ca00000, 0x000000008ca00000| Untracked 
| 175|0x000000008cb00000, 0x000000008cb00000, 0x000000008cc00000|  0%| F|  |TAMS 0x000000008cb00000, 0x000000008cb00000| Untracked 
| 176|0x000000008cc00000, 0x000000008cc00000, 0x000000008cd00000|  0%| F|  |TAMS 0x000000008cc00000, 0x000000008cc00000| Untracked 
| 177|0x000000008cd00000, 0x000000008cd00000, 0x000000008ce00000|  0%| F|  |TAMS 0x000000008cd00000, 0x000000008cd00000| Untracked 
| 178|0x000000008ce00000, 0x000000008ce00000, 0x000000008cf00000|  0%| F|  |TAMS 0x000000008ce00000, 0x000000008ce00000| Untracked 
| 179|0x000000008cf00000, 0x000000008cf00000, 0x000000008d000000|  0%| F|  |TAMS 0x000000008cf00000, 0x000000008cf00000| Untracked 
| 180|0x000000008d000000, 0x000000008d000000, 0x000000008d100000|  0%| F|  |TAMS 0x000000008d000000, 0x000000008d000000| Untracked 
| 181|0x000000008d100000, 0x000000008d100000, 0x000000008d200000|  0%| F|  |TAMS 0x000000008d100000, 0x000000008d100000| Untracked 
| 182|0x000000008d200000, 0x000000008d200000, 0x000000008d300000|  0%| F|  |TAMS 0x000000008d200000, 0x000000008d200000| Untracked 
| 183|0x000000008d300000, 0x000000008d380800, 0x000000008d400000| 50%| E|  |TAMS 0x000000008d300000, 0x000000008d300000| Complete 
| 184|0x000000008d400000, 0x000000008d500000, 0x000000008d500000|100%| E|CS|TAMS 0x000000008d400000, 0x000000008d400000| Complete 

Card table byte_map: [0x000002d640210000,0x000002d640610000] _byte_map_base: 0x000002d63fe02000

Marking Bits (Prev, Next): (CMBitMap*) 0x000002d6265a9180, (CMBitMap*) 0x000002d6265a9148
 Prev Bits: [0x000002d6429a0000, 0x000002d644930000)
 Next Bits: [0x000002d640a10000, 0x000002d6429a0000)

Polling page: 0x000002d630380000

Metaspace:

Usage:
  Non-class:     61.98 MB capacity,    60.97 MB ( 98%) used,   823.84 KB (  1%) free+waste,   208.31 KB ( <1%) overhead. 
      Class:      9.45 MB capacity,     8.82 MB ( 93%) used,   554.41 KB (  6%) free+waste,    95.56 KB ( <1%) overhead. 
       Both:     71.43 MB capacity,    69.79 MB ( 98%) used,     1.35 MB (  2%) free+waste,   303.88 KB ( <1%) overhead. 

Virtual space:
  Non-class space:       62.00 MB reserved,      62.00 MB (100%) committed 
      Class space:        1.00 GB reserved,       9.50 MB ( <1%) committed 
             Both:        1.06 GB reserved,      71.50 MB (  7%) committed 

Chunk freelists:
   Non-Class:  23.00 KB
       Class:  18.00 KB
        Both:  41.00 KB

MaxMetaspaceSize: 17179869184.00 GB
CompressedClassSpaceSize: 1.00 GB

CodeHeap 'non-profiled nmethods': size=120000Kb used=3980Kb max_used=3980Kb free=116019Kb
 bounds [0x000002d637e70000, 0x000002d638260000, 0x000002d63f3a0000]
CodeHeap 'profiled nmethods': size=120000Kb used=13702Kb max_used=13702Kb free=106298Kb
 bounds [0x000002d630940000, 0x000002d6316b0000, 0x000002d637e70000]
CodeHeap 'non-nmethods': size=5760Kb used=1243Kb max_used=1300Kb free=4516Kb
 bounds [0x000002d6303a0000, 0x000002d630610000, 0x000002d630940000]
 total_blobs=6740 nmethods=6117 adapters=534
 compilation: enabled
              stopped_count=0, restarted_count=0
 full_count=0

Compilation events (20 events):
Event: 7.774 Thread 0x000002d647441800 nmethod 6146 0x000002d631680310 code [0x000002d6316804c0, 0x000002d6316806d8]
Event: 7.774 Thread 0x000002d647441800 6147       3       org.springframework.core.MethodParameter::getParameterAnnotations (97 bytes)
Event: 7.775 Thread 0x000002d647441800 nmethod 6147 0x000002d631680810 code [0x000002d631680a80, 0x000002d631681648]
Event: 7.775 Thread 0x000002d647441800 6148       1       org.springframework.beans.factory.config.BeanDefinitionHolder::getBeanName (5 bytes)
Event: 7.775 Thread 0x000002d647441800 nmethod 6148 0x000002d638252610 code [0x000002d6382527c0, 0x000002d638252878]
Event: 7.777 Thread 0x000002d647441800 6149       1       org.springframework.data.jpa.repository.config.JpaMetamodelMappingContextFactoryBean::getObjectType (3 bytes)
Event: 7.777 Thread 0x000002d647441800 nmethod 6149 0x000002d638252910 code [0x000002d638252ac0, 0x000002d638252b78]
Event: 7.788 Thread 0x000002d647441800 6150       3       org.springframework.aop.support.annotation.AnnotationClassFilter::matches (27 bytes)
Event: 7.789 Thread 0x000002d647441800 nmethod 6150 0x000002d631681990 code [0x000002d631681bc0, 0x000002d631682238]
Event: 7.789 Thread 0x000002d647441800 6151       1       org.springframework.aop.support.annotation.AnnotationMatchingPointcut::getClassFilter (5 bytes)
Event: 7.789 Thread 0x000002d647441800 nmethod 6151 0x000002d638252c10 code [0x000002d638252dc0, 0x000002d638252e78]
Event: 7.797 Thread 0x000002d647441800 6152       1       org.springframework.dao.annotation.PersistenceExceptionTranslationAdvisor::getPointcut (5 bytes)
Event: 7.797 Thread 0x000002d647441800 nmethod 6152 0x000002d638252f10 code [0x000002d6382530c0, 0x000002d638253178]
Event: 7.797 Thread 0x000002d647441800 6153       3       org.springframework.asm.Label::addLineNumber (89 bytes)
Event: 7.797 Thread 0x000002d647441800 nmethod 6153 0x000002d631682490 code [0x000002d631682680, 0x000002d631682b88]
Event: 7.797 Thread 0x000002d647441800 6154       3       org.springframework.asm.MethodVisitor::visitLineNumber (17 bytes)
Event: 7.798 Thread 0x000002d647441800 nmethod 6154 0x000002d631682d10 code [0x000002d631682ec0, 0x000002d6316830a8]
Event: 7.798 Thread 0x000002d647441800 6155       3       org.springframework.asm.MethodVisitor::visitLdcInsn (87 bytes)
Event: 7.798 Thread 0x000002d647441800 nmethod 6155 0x000002d631683190 code [0x000002d6316833c0, 0x000002d631683d48]
Event: 7.798 Thread 0x000002d647441800 6156       3       org.springframework.asm.ClassReader::readCode (5105 bytes)

GC Heap History (19 events):
Event: 0.686 GC heap before
{Heap before GC invocations=0 (full 0):
 garbage-first heap   total 131072K, used 24576K [0x0000000081c00000, 0x0000000100000000)
  region size 1024K, 24 young (24576K), 0 survivors (0K)
 Metaspace       used 11625K, capacity 11791K, committed 12032K, reserved 1060864K
  class space    used 1127K, capacity 1186K, committed 1280K, reserved 1048576K
}
Event: 0.690 GC heap after
{Heap after GC invocations=1 (full 0):
 garbage-first heap   total 131072K, used 7770K [0x0000000081c00000, 0x0000000100000000)
  region size 1024K, 3 young (3072K), 3 survivors (3072K)
 Metaspace       used 11625K, capacity 11791K, committed 12032K, reserved 1060864K
  class space    used 1127K, capacity 1186K, committed 1280K, reserved 1048576K
}
Event: 0.971 GC heap before
{Heap before GC invocations=1 (full 0):
 garbage-first heap   total 131072K, used 59994K [0x0000000081c00000, 0x0000000100000000)
  region size 1024K, 55 young (56320K), 3 survivors (3072K)
 Metaspace       used 15637K, capacity 15973K, committed 16128K, reserved 1062912K
  class space    used 1620K, capacity 1739K, committed 1792K, reserved 1048576K
}
Event: 0.975 GC heap after
{Heap after GC invocations=2 (full 0):
 garbage-first heap   total 131072K, used 8940K [0x0000000081c00000, 0x0000000100000000)
  region size 1024K, 5 young (5120K), 5 survivors (5120K)
 Metaspace       used 15637K, capacity 15973K, committed 16128K, reserved 1062912K
  class space    used 1620K, capacity 1739K, committed 1792K, reserved 1048576K
}
Event: 1.451 GC heap before
{Heap before GC invocations=2 (full 0):
 garbage-first heap   total 131072K, used 35564K [0x0000000081c00000, 0x0000000100000000)
  region size 1024K, 32 young (32768K), 5 survivors (5120K)
 Metaspace       used 20718K, capacity 21195K, committed 21248K, reserved 1069056K
  class space    used 2317K, capacity 2520K, committed 2560K, reserved 1048576K
}
Event: 1.456 GC heap after
{Heap after GC invocations=3 (full 0):
 garbage-first heap   total 131072K, used 10299K [0x0000000081c00000, 0x0000000100000000)
  region size 1024K, 6 young (6144K), 6 survivors (6144K)
 Metaspace       used 20718K, capacity 21195K, committed 21248K, reserved 1069056K
  class space    used 2317K, capacity 2520K, committed 2560K, reserved 1048576K
}
Event: 1.867 GC heap before
{Heap before GC invocations=4 (full 0):
 garbage-first heap   total 131072K, used 72763K [0x0000000081c00000, 0x0000000100000000)
  region size 1024K, 68 young (69632K), 6 survivors (6144K)
 Metaspace       used 26894K, capacity 27504K, committed 27776K, reserved 1073152K
  class space    used 3111K, capacity 3363K, committed 3456K, reserved 1048576K
}
Event: 1.872 GC heap after
{Heap after GC invocations=5 (full 0):
 garbage-first heap   total 131072K, used 12575K [0x0000000081c00000, 0x0000000100000000)
  region size 1024K, 5 young (5120K), 5 survivors (5120K)
 Metaspace       used 26894K, capacity 27504K, committed 27776K, reserved 1073152K
  class space    used 3111K, capacity 3363K, committed 3456K, reserved 1048576K
}
Event: 2.467 GC heap before
{Heap before GC invocations=5 (full 0):
 garbage-first heap   total 131072K, used 84255K [0x0000000081c00000, 0x0000000100000000)
  region size 1024K, 76 young (77824K), 5 survivors (5120K)
 Metaspace       used 31747K, capacity 32678K, committed 32896K, reserved 1077248K
  class space    used 3746K, capacity 4102K, committed 4224K, reserved 1048576K
}
Event: 2.473 GC heap after
{Heap after GC invocations=6 (full 0):
 garbage-first heap   total 157696K, used 14533K [0x0000000081c00000, 0x0000000100000000)
  region size 1024K, 7 young (7168K), 7 survivors (7168K)
 Metaspace       used 31747K, capacity 32678K, committed 32896K, reserved 1077248K
  class space    used 3746K, capacity 4102K, committed 4224K, reserved 1048576K
}
Event: 2.887 GC heap before
{Heap before GC invocations=6 (full 0):
 garbage-first heap   total 157696K, used 38085K [0x0000000081c00000, 0x0000000100000000)
  region size 1024K, 31 young (31744K), 7 survivors (7168K)
 Metaspace       used 34783K, capacity 35759K, committed 35840K, reserved 1081344K
  class space    used 4170K, capacity 4542K, committed 4608K, reserved 1048576K
}
Event: 2.896 GC heap after
{Heap after GC invocations=7 (full 0):
 garbage-first heap   total 157696K, used 15933K [0x0000000081c00000, 0x0000000100000000)
  region size 1024K, 7 young (7168K), 7 survivors (7168K)
 Metaspace       used 34783K, capacity 35759K, committed 35840K, reserved 1081344K
  class space    used 4170K, capacity 4542K, committed 4608K, reserved 1048576K
}
Event: 3.657 GC heap before
{Heap before GC invocations=8 (full 0):
 garbage-first heap   total 157696K, used 101949K [0x0000000081c00000, 0x0000000100000000)
  region size 1024K, 92 young (94208K), 7 survivors (7168K)
 Metaspace       used 40000K, capacity 41141K, committed 41344K, reserved 1085440K
  class space    used 4772K, capacity 5225K, committed 5248K, reserved 1048576K
}
Event: 3.665 GC heap after
{Heap after GC invocations=9 (full 0):
 garbage-first heap   total 157696K, used 18542K [0x0000000081c00000, 0x0000000100000000)
  region size 1024K, 8 young (8192K), 8 survivors (8192K)
 Metaspace       used 40000K, capacity 41141K, committed 41344K, reserved 1085440K
  class space    used 4772K, capacity 5225K, committed 5248K, reserved 1048576K
}
Event: 4.733 GC heap before
{Heap before GC invocations=9 (full 0):
 garbage-first heap   total 157696K, used 103534K [0x0000000081c00000, 0x0000000100000000)
  region size 1024K, 92 young (94208K), 8 survivors (8192K)
 Metaspace       used 51831K, capacity 53072K, committed 53376K, reserved 1095680K
  class space    used 6410K, capacity 6919K, committed 7040K, reserved 1048576K
}
Event: 4.740 GC heap after
{Heap after GC invocations=10 (full 0):
 garbage-first heap   total 157696K, used 22135K [0x0000000081c00000, 0x0000000100000000)
  region size 1024K, 10 young (10240K), 10 survivors (10240K)
 Metaspace       used 51831K, capacity 53072K, committed 53376K, reserved 1095680K
  class space    used 6410K, capacity 6919K, committed 7040K, reserved 1048576K
}
Event: 5.285 GC heap before
{Heap before GC invocations=10 (full 0):
 garbage-first heap   total 157696K, used 75383K [0x0000000081c00000, 0x0000000100000000)
  region size 1024K, 63 young (64512K), 10 survivors (10240K)
 Metaspace       used 58790K, capacity 60060K, committed 60160K, reserved 1101824K
  class space    used 7355K, capacity 7853K, committed 7936K, reserved 1048576K
}
Event: 5.298 GC heap after
{Heap after GC invocations=11 (full 0):
 garbage-first heap   total 189440K, used 25735K [0x0000000081c00000, 0x0000000100000000)
  region size 1024K, 10 young (10240K), 10 survivors (10240K)
 Metaspace       used 58790K, capacity 60060K, committed 60160K, reserved 1101824K
  class space    used 7355K, capacity 7853K, committed 7936K, reserved 1048576K
}
Event: 7.810 GC heap before
{Heap before GC invocations=12 (full 0):
 garbage-first heap   total 189440K, used 129159K [0x0000000081c00000, 0x0000000100000000)
  region size 1024K, 111 young (113664K), 10 survivors (10240K)
 Metaspace       used 71263K, capacity 72933K, committed 73216K, reserved 1112064K
  class space    used 9007K, capacity 9672K, committed 9728K, reserved 1048576K
}

Deoptimization events (20 events):
Event: 7.439 Thread 0x000002d648499000 Uncommon trap: trap_request=0xffffff4d fr.pc=0x000002d6381da0c4 relative=0x0000000000005484
Event: 7.439 Thread 0x000002d648499000 Uncommon trap: reason=unstable_if action=reinterpret pc=0x000002d6381da0c4 method=org.springframework.core.annotation.AnnotationsScanner.processMethodHierarchy(Ljava/lang/Object;[ILjava/lang/Class;Lorg/springframework/core/annotation/AnnotationsProcessor;
Event: 7.439 Thread 0x000002d648499000 DEOPT PACKING pc=0x000002d6381da0c4 sp=0x000000f3db3fb8f0
Event: 7.439 Thread 0x000002d648499000 DEOPT UNPACKING pc=0x000002d6303c74af sp=0x000000f3db3fb6b0 mode 2
Event: 7.552 Thread 0x000002d648499000 Uncommon trap: trap_request=0xffffffc6 fr.pc=0x000002d637fb4e10 relative=0x00000000000002b0
Event: 7.552 Thread 0x000002d648499000 Uncommon trap: reason=bimorphic_or_optimized_type_check action=maybe_recompile pc=0x000002d637fb4e10 method=java.util.Collections$SetFromMap.contains(Ljava/lang/Object;)Z @ 5 c2
Event: 7.552 Thread 0x000002d648499000 DEOPT PACKING pc=0x000002d637fb4e10 sp=0x000000f3db3f8640
Event: 7.552 Thread 0x000002d648499000 DEOPT UNPACKING pc=0x000002d6303c74af sp=0x000000f3db3f85e8 mode 2
Event: 7.600 Thread 0x000002d648499000 Uncommon trap: trap_request=0xffffff4d fr.pc=0x000002d6380add4c relative=0x000000000000220c
Event: 7.600 Thread 0x000002d648499000 Uncommon trap: reason=unstable_if action=reinterpret pc=0x000002d6380add4c method=org.springframework.core.annotation.AnnotationsScanner.processClassHierarchy(Ljava/lang/Object;[ILjava/lang/Class;Lorg/springframework/core/annotation/AnnotationsProcessor;Z
Event: 7.600 Thread 0x000002d648499000 DEOPT PACKING pc=0x000002d6380add4c sp=0x000000f3db3face0
Event: 7.600 Thread 0x000002d648499000 DEOPT UNPACKING pc=0x000002d6303c74af sp=0x000000f3db3facc8 mode 2
Event: 7.690 Thread 0x000002d648499000 Uncommon trap: trap_request=0xffffff4d fr.pc=0x000002d637f877a8 relative=0x00000000000000e8
Event: 7.690 Thread 0x000002d648499000 Uncommon trap: reason=unstable_if action=reinterpret pc=0x000002d637f877a8 method=org.springframework.util.ObjectUtils.nullSafeEquals(Ljava/lang/Object;Ljava/lang/Object;)Z @ 12 c2
Event: 7.690 Thread 0x000002d648499000 DEOPT PACKING pc=0x000002d637f877a8 sp=0x000000f3db3fc500
Event: 7.690 Thread 0x000002d648499000 DEOPT UNPACKING pc=0x000002d6303c74af sp=0x000000f3db3fc4a0 mode 2
Event: 7.794 Thread 0x000002d648499000 Uncommon trap: trap_request=0xffffff4d fr.pc=0x000002d63802f2e0 relative=0x0000000000000260
Event: 7.794 Thread 0x000002d648499000 Uncommon trap: reason=unstable_if action=reinterpret pc=0x000002d63802f2e0 method=org.springframework.core.ResolvableType.resolveType()Lorg/springframework/core/ResolvableType; @ 37 c2
Event: 7.794 Thread 0x000002d648499000 DEOPT PACKING pc=0x000002d63802f2e0 sp=0x000000f3db3f8ee0
Event: 7.794 Thread 0x000002d648499000 DEOPT UNPACKING pc=0x000002d6303c74af sp=0x000000f3db3f8e68 mode 2

Classes redefined (0 events):
No events

Internal exceptions (20 events):
Event: 7.530 Thread 0x000002d648499000 Exception <a 'java/lang/ClassNotFoundException'{0x000000008752f448}: org/springframework/security/config/annotation/SecurityConfigurerCustomizer> (0x000000008752f448) thrown at [./src/hotspot/share/classfile/systemDictionary.cpp, line 231]
Event: 7.563 Thread 0x000002d648499000 Exception <a 'java/lang/ClassNotFoundException'{0x000000008730b638}: java/lang/ObjectCustomizer> (0x000000008730b638) thrown at [./src/hotspot/share/classfile/systemDictionary.cpp, line 231]
Event: 7.563 Thread 0x000002d648499000 Exception <a 'java/lang/ClassNotFoundException'{0x0000000087321348}: org/springframework/web/servlet/config/annotation/WebMvcConfigurationSupportCustomizer> (0x0000000087321348) thrown at [./src/hotspot/share/classfile/systemDictionary.cpp, line 231]
Event: 7.565 Thread 0x000002d648499000 Exception <a 'java/lang/ClassNotFoundException'{0x00000000873435c8}: org/springframework/web/servlet/config/annotation/DelegatingWebMvcConfigurationCustomizer> (0x00000000873435c8) thrown at [./src/hotspot/share/classfile/systemDictionary.cpp, line 231]
Event: 7.566 Thread 0x000002d648499000 Exception <a 'java/lang/ClassNotFoundException'{0x000000008735d558}: org/springframework/boot/autoconfigure/web/servlet/WebMvcAutoConfiguration$EnableWebMvcConfigurationCustomizer> (0x000000008735d558) thrown at [./src/hotspot/share/classfile/systemDictionary.cpp, line 231]
Event: 7.567 Thread 0x000002d648499000 Exception <a 'java/lang/ClassNotFoundException'{0x000000008737b390}: org/springframework/context/ResourceLoaderAwareCustomizer> (0x000000008737b390) thrown at [./src/hotspot/share/classfile/systemDictionary.cpp, line 231]
Event: 7.568 Thread 0x000002d648499000 Exception <a 'java/lang/ClassNotFoundException'{0x0000000087389ff0}: org/springframework/beans/factory/AwareCustomizer> (0x0000000087389ff0) thrown at [./src/hotspot/share/classfile/systemDictionary.cpp, line 231]
Event: 7.568 Thread 0x000002d648499000 Exception <a 'java/lang/ClassNotFoundException'{0x00000000873995c0}: org/springframework/context/ApplicationContextAwareCustomizer> (0x00000000873995c0) thrown at [./src/hotspot/share/classfile/systemDictionary.cpp, line 231]
Event: 7.569 Thread 0x000002d648499000 Exception <a 'java/lang/ClassNotFoundException'{0x00000000873a8970}: org/springframework/beans/factory/AwareCustomizer> (0x00000000873a8970) thrown at [./src/hotspot/share/classfile/systemDictionary.cpp, line 231]
Event: 7.569 Thread 0x000002d648499000 Exception <a 'java/lang/ClassNotFoundException'{0x00000000873b7f18}: org/springframework/web/context/ServletContextAwareCustomizer> (0x00000000873b7f18) thrown at [./src/hotspot/share/classfile/systemDictionary.cpp, line 231]
Event: 7.570 Thread 0x000002d648499000 Exception <a 'java/lang/ClassNotFoundException'{0x00000000873c6da0}: org/springframework/beans/factory/AwareCustomizer> (0x00000000873c6da0) thrown at [./src/hotspot/share/classfile/systemDictionary.cpp, line 231]
Event: 7.596 Thread 0x000002d648499000 Exception <a 'java/lang/ClassNotFoundException'{0x00000000872f01b8}: java/lang/ObjectCustomizer> (0x00000000872f01b8) thrown at [./src/hotspot/share/classfile/systemDictionary.cpp, line 231]
Event: 7.596 Thread 0x000002d648499000 Exception <a 'java/lang/ClassNotFoundException'{0x0000000087109490}: org/springframework/security/config/annotation/authentication/configuration/AuthenticationConfigurationCustomizer> (0x0000000087109490) thrown at [./src/hotspot/share/classfile/systemDictionary.cpp, line 231]
Event: 7.628 Thread 0x000002d648499000 Exception <a 'java/lang/ClassNotFoundException'{0x00000000870f7128}: java/lang/ObjectCustomizer> (0x00000000870f7128) thrown at [./src/hotspot/share/classfile/systemDictionary.cpp, line 231]
Event: 7.629 Thread 0x000002d648499000 Exception <a 'java/lang/ClassNotFoundException'{0x0000000086f0e3b0}: org/springframework/security/config/annotation/web/configuration/WebSecurityConfigurationCustomizer> (0x0000000086f0e3b0) thrown at [./src/hotspot/share/classfile/systemDictionary.cpp, line 231]
Event: 7.630 Thread 0x000002d648499000 Exception <a 'java/lang/ClassNotFoundException'{0x0000000086f27798}: org/springframework/context/annotation/ImportAwareCustomizer> (0x0000000086f27798) thrown at [./src/hotspot/share/classfile/systemDictionary.cpp, line 231]
Event: 7.631 Thread 0x000002d648499000 Exception <a 'java/lang/ClassNotFoundException'{0x0000000086f354b8}: org/springframework/beans/factory/AwareCustomizer> (0x0000000086f354b8) thrown at [./src/hotspot/share/classfile/systemDictionary.cpp, line 231]
Event: 7.631 Thread 0x000002d648499000 Exception <a 'java/lang/ClassNotFoundException'{0x0000000086f442c8}: org/springframework/beans/factory/BeanClassLoaderAwareCustomizer> (0x0000000086f442c8) thrown at [./src/hotspot/share/classfile/systemDictionary.cpp, line 231]
Event: 7.631 Thread 0x000002d648499000 Exception <a 'java/lang/ClassNotFoundException'{0x0000000086f51ff8}: org/springframework/beans/factory/AwareCustomizer> (0x0000000086f51ff8) thrown at [./src/hotspot/share/classfile/systemDictionary.cpp, line 231]
Event: 7.690 Thread 0x000002d648499000 Implicit null exception at 0x000002d637f876dd to 0x000002d637f87796

Events (20 events):
Event: 7.804 loading class org/springframework/core/annotation/SynthesizingMethodParameter done
Event: 7.804 Executing VM operation: Deoptimize
Event: 7.805 Executing VM operation: Deoptimize done
Event: 7.805 Executing VM operation: Deoptimize
Event: 7.806 Executing VM operation: Deoptimize done
Event: 7.806 loading class org/springframework/web/method/HandlerMethod$ReturnValueMethodParameter
Event: 7.806 loading class org/springframework/web/method/HandlerMethod$ReturnValueMethodParameter done
Event: 7.806 Executing VM operation: Deoptimize
Event: 7.807 Executing VM operation: Deoptimize done
Event: 7.807 loading class org/springframework/web/servlet/handler/AbstractHandlerMethodMapping$EmptyHandler
Event: 7.807 loading class org/springframework/web/servlet/handler/AbstractHandlerMethodMapping$EmptyHandler done
Event: 7.807 loading class org/springframework/web/bind/annotation/ResponseStatus
Event: 7.807 loading class org/springframework/web/bind/annotation/ResponseStatus done
Event: 7.808 loading class org/springframework/web/cors/CorsConfiguration$OriginPattern
Event: 7.808 loading class org/springframework/web/cors/CorsConfiguration$OriginPattern done
Event: 7.810 loading class org/springframework/web/servlet/mvc/method/RequestMappingInfoHandlerMapping$HttpOptionsHandler
Event: 7.810 loading class org/springframework/web/servlet/mvc/method/RequestMappingInfoHandlerMapping$HttpOptionsHandler done
Event: 7.810 loading class org/springframework/http/HttpHeaders
Event: 7.810 loading class org/springframework/http/HttpHeaders done
Event: 7.810 Executing VM operation: G1CollectForAllocation


Dynamic libraries:
0x00007ff6ec090000 - 0x00007ff6ec09d000 	C:\Program Files\AdoptOpenJDK\jdk-11.0.8.10-hotspot\bin\java.exe
0x00007ff95df90000 - 0x00007ff95e185000 	C:\WINDOWS\SYSTEM32\ntdll.dll
0x00007ff95d680000 - 0x00007ff95d73d000 	C:\WINDOWS\System32\KERNEL32.DLL
0x00007ff95ba90000 - 0x00007ff95bd59000 	C:\WINDOWS\System32\KERNELBASE.dll
0x00007ff95b990000 - 0x00007ff95ba90000 	C:\WINDOWS\System32\ucrtbase.dll
0x00007ff93e4c0000 - 0x00007ff93e4d7000 	C:\Program Files\AdoptOpenJDK\jdk-11.0.8.10-hotspot\bin\jli.dll
0x00007ff95da10000 - 0x00007ff95dbb0000 	C:\WINDOWS\System32\USER32.dll
0x00007ff95b6c0000 - 0x00007ff95b6e2000 	C:\WINDOWS\System32\win32u.dll
0x00007ff95dbb0000 - 0x00007ff95dbda000 	C:\WINDOWS\System32\GDI32.dll
0x00007ff95b6f0000 - 0x00007ff95b7fb000 	C:\WINDOWS\System32\gdi32full.dll
0x00007ff95bf50000 - 0x00007ff95bfed000 	C:\WINDOWS\System32\msvcp_win.dll
0x00007ff93f360000 - 0x00007ff93f5fa000 	C:\WINDOWS\WinSxS\amd64_microsoft.windows.common-controls_6595b64144ccf1df_6.0.19041.1110_none_60b5254171f9507e\COMCTL32.dll
0x00007ff95d490000 - 0x00007ff95d52e000 	C:\WINDOWS\System32\msvcrt.dll
0x00007ff93bda0000 - 0x00007ff93bdb5000 	C:\Program Files\AdoptOpenJDK\jdk-11.0.8.10-hotspot\bin\VCRUNTIME140.dll
0x00007ff95d460000 - 0x00007ff95d490000 	C:\WINDOWS\System32\IMM32.DLL
0x00007ff92e020000 - 0x00007ff92e0bb000 	C:\Program Files\AdoptOpenJDK\jdk-11.0.8.10-hotspot\bin\msvcp140.dll
0x00007ff90ce00000 - 0x00007ff90d8bd000 	C:\Program Files\AdoptOpenJDK\jdk-11.0.8.10-hotspot\bin\server\jvm.dll
0x00007ff95bff0000 - 0x00007ff95c09c000 	C:\WINDOWS\System32\ADVAPI32.dll
0x00007ff95cef0000 - 0x00007ff95cf8b000 	C:\WINDOWS\System32\sechost.dll
0x00007ff95d8c0000 - 0x00007ff95d9ea000 	C:\WINDOWS\System32\RPCRT4.dll
0x00007ff95d090000 - 0x00007ff95d098000 	C:\WINDOWS\System32\PSAPI.DLL
0x00007ff94bf30000 - 0x00007ff94bf39000 	C:\WINDOWS\SYSTEM32\WSOCK32.dll
0x00007ff94c6a0000 - 0x00007ff94c6c7000 	C:\WINDOWS\SYSTEM32\WINMM.dll
0x00007ff95d590000 - 0x00007ff95d5fb000 	C:\WINDOWS\System32\WS2_32.dll
0x00007ff953f00000 - 0x00007ff953f0a000 	C:\WINDOWS\SYSTEM32\VERSION.dll
0x00007ff959f50000 - 0x00007ff959f62000 	C:\WINDOWS\SYSTEM32\kernel.appcore.dll
0x00007ff954550000 - 0x00007ff954560000 	C:\Program Files\AdoptOpenJDK\jdk-11.0.8.10-hotspot\bin\verify.dll
0x00007ff9594d0000 - 0x00007ff9596b4000 	C:\WINDOWS\SYSTEM32\DBGHELP.DLL
0x00007ff9422c0000 - 0x00007ff9422ec000 	C:\WINDOWS\SYSTEM32\dbgcore.DLL
0x00007ff95b900000 - 0x00007ff95b983000 	C:\WINDOWS\System32\bcryptPrimitives.dll
0x00007ff935b80000 - 0x00007ff935ba8000 	C:\Program Files\AdoptOpenJDK\jdk-11.0.8.10-hotspot\bin\java.dll
0x00007ff9541a0000 - 0x00007ff9541aa000 	C:\Program Files\AdoptOpenJDK\jdk-11.0.8.10-hotspot\bin\jimage.dll
0x00007ff953740000 - 0x00007ff95374e000 	C:\Program Files\AdoptOpenJDK\jdk-11.0.8.10-hotspot\bin\instrument.dll
0x00007ff932860000 - 0x00007ff932877000 	C:\Program Files\AdoptOpenJDK\jdk-11.0.8.10-hotspot\bin\zip.dll
0x00007ff95c200000 - 0x00007ff95c93f000 	C:\WINDOWS\System32\SHELL32.dll
0x00007ff9597b0000 - 0x00007ff959f40000 	C:\WINDOWS\SYSTEM32\windows.storage.dll
0x00007ff95d100000 - 0x00007ff95d455000 	C:\WINDOWS\System32\combase.dll
0x00007ff95b050000 - 0x00007ff95b07c000 	C:\WINDOWS\SYSTEM32\Wldp.dll
0x00007ff95c0a0000 - 0x00007ff95c14e000 	C:\WINDOWS\System32\SHCORE.dll
0x00007ff95d530000 - 0x00007ff95d585000 	C:\WINDOWS\System32\shlwapi.dll
0x00007ff95b600000 - 0x00007ff95b61f000 	C:\WINDOWS\SYSTEM32\profapi.dll
0x00007ff92c8f0000 - 0x00007ff92c909000 	C:\Program Files\AdoptOpenJDK\jdk-11.0.8.10-hotspot\bin\net.dll
0x00007ff9511c0000 - 0x00007ff9512c8000 	C:\WINDOWS\SYSTEM32\WINHTTP.dll
0x00007ff95adb0000 - 0x00007ff95ae1a000 	C:\WINDOWS\system32\mswsock.dll
0x00007ff92c8d0000 - 0x00007ff92c8e2000 	C:\Program Files\AdoptOpenJDK\jdk-11.0.8.10-hotspot\bin\nio.dll
0x00007ff92c8b0000 - 0x00007ff92c8ca000 	D:\IntelliJ IDEA 2021.1\bin\breakgen64.dll
0x00007ff951060000 - 0x00007ff951069000 	C:\Program Files\AdoptOpenJDK\jdk-11.0.8.10-hotspot\bin\management.dll
0x00007ff94c1c0000 - 0x00007ff94c1cb000 	C:\Program Files\AdoptOpenJDK\jdk-11.0.8.10-hotspot\bin\management_ext.dll
0x00007ff93cc20000 - 0x00007ff93cc37000 	C:\WINDOWS\system32\napinsp.dll
0x00007ff93a170000 - 0x00007ff93a18b000 	C:\WINDOWS\system32\pnrpnsp.dll
0x00007ff955c70000 - 0x00007ff955c85000 	C:\WINDOWS\system32\wshbth.dll
0x00007ff956800000 - 0x00007ff95681d000 	C:\WINDOWS\system32\NLAapi.dll
0x00007ff95aaa0000 - 0x00007ff95aadb000 	C:\WINDOWS\SYSTEM32\IPHLPAPI.DLL
0x00007ff95aae0000 - 0x00007ff95abac000 	C:\WINDOWS\SYSTEM32\DNSAPI.dll
0x00007ff95d9f0000 - 0x00007ff95d9f8000 	C:\WINDOWS\System32\NSI.dll
0x00007ff939a10000 - 0x00007ff939a22000 	C:\WINDOWS\System32\winrnr.dll
0x00007ff952f60000 - 0x00007ff952f6a000 	C:\Windows\System32\rasadhlp.dll
0x00007ff951560000 - 0x00007ff9515df000 	C:\WINDOWS\System32\fwpuclnt.dll
0x00007ff95bf20000 - 0x00007ff95bf47000 	C:\WINDOWS\System32\bcrypt.dll
0x0000000180000000 - 0x0000000180285000 	D:\apache-tomcat-9.0.37\bin\tcnative-1.dll
0x00007ff95bdc0000 - 0x00007ff95bf1f000 	C:\WINDOWS\System32\CRYPT32.dll
0x00007ff95afb0000 - 0x00007ff95afc8000 	C:\WINDOWS\SYSTEM32\CRYPTSP.dll
0x00007ff95a730000 - 0x00007ff95a764000 	C:\WINDOWS\system32\rsaenh.dll
0x00007ff95b5c0000 - 0x00007ff95b5ee000 	C:\WINDOWS\SYSTEM32\USERENV.dll
0x00007ff95afa0000 - 0x00007ff95afac000 	C:\WINDOWS\SYSTEM32\CRYPTBASE.dll
0x00007ff9526f0000 - 0x00007ff952707000 	C:\WINDOWS\SYSTEM32\dhcpcsvc6.DLL
0x00007ff952850000 - 0x00007ff95286d000 	C:\WINDOWS\SYSTEM32\dhcpcsvc.DLL
0x00007ff92c810000 - 0x00007ff92c835000 	C:\Program Files\AdoptOpenJDK\jdk-11.0.8.10-hotspot\bin\sunec.dll
0x00007ff948470000 - 0x00007ff94847e000 	C:\Program Files\AdoptOpenJDK\jdk-11.0.8.10-hotspot\bin\sunmscapi.dll
0x00007ff95b0c0000 - 0x00007ff95b0e7000 	C:\WINDOWS\SYSTEM32\ncrypt.dll
0x00007ff95b080000 - 0x00007ff95b0bb000 	C:\WINDOWS\SYSTEM32\NTASN1.dll

dbghelp: loaded successfully - version: 4.0.5 - missing functions: none
symbol engine: initialized successfully - sym options: 0x614 - pdb path: .;C:\Program Files\AdoptOpenJDK\jdk-11.0.8.10-hotspot\bin;C:\WINDOWS\SYSTEM32;C:\WINDOWS\WinSxS\amd64_microsoft.windows.common-controls_6595b64144ccf1df_6.0.19041.1110_none_60b5254171f9507e;C:\Program Files\AdoptOpenJDK\jdk-11.0.8.10-hotspot\bin\server;D:\IntelliJ IDEA 2021.1\bin;D:\apache-tomcat-9.0.37\bin

VM Arguments:
jvm_args: -javaagent:D:\IntelliJ IDEA 2021.1\lib\idea_rt.jar=57689:D:\IntelliJ IDEA 2021.1\bin -Dfile.encoding=UTF-8 
java_command: com.example.demo.SpringbootProjectApplication
java_class_path (initial): C:\Users\Admin\eclipse-workspace\Springboot_project\target\classes;C:\Users\Admin\.m2\repository\org\springframework\boot\spring-boot-starter-security\2.4.5\spring-boot-starter-security-2.4.5.jar;C:\Users\Admin\.m2\repository\org\springframework\boot\spring-boot-starter\2.4.5\spring-boot-starter-2.4.5.jar;C:\Users\Admin\.m2\repository\org\springframework\boot\spring-boot-starter-logging\2.4.5\spring-boot-starter-logging-2.4.5.jar;C:\Users\Admin\.m2\repository\ch\qos\logback\logback-classic\1.2.3\logback-classic-1.2.3.jar;C:\Users\Admin\.m2\repository\ch\qos\logback\logback-core\1.2.3\logback-core-1.2.3.jar;C:\Users\Admin\.m2\repository\org\apache\logging\log4j\log4j-to-slf4j\2.13.3\log4j-to-slf4j-2.13.3.jar;C:\Users\Admin\.m2\repository\org\apache\logging\log4j\log4j-api\2.13.3\log4j-api-2.13.3.jar;C:\Users\Admin\.m2\repository\org\slf4j\jul-to-slf4j\1.7.30\jul-to-slf4j-1.7.30.jar;C:\Users\Admin\.m2\repository\jakarta\annotation\jakarta.annotation-api\1.3.5\jakarta.annotation-api-1.3.5.jar;C:\Users\Admin\.m2\repository\org\yaml\snakeyaml\1.27\snakeyaml-1.27.jar;C:\Users\Admin\.m2\repository\org\springframework\spring-aop\5.3.6\spring-aop-5.3.6.jar;C:\Users\Admin\.m2\repository\org\springframework\spring-beans\5.3.6\spring-beans-5.3.6.jar;C:\Users\Admin\.m2\repository\org\springframework\security\spring-security-config\5.4.6\spring-security-config-5.4.6.jar;C:\Users\Admin\.m2\repository\org\springframework\spring-context\5.3.6\spring-context-5.3.6.jar;C:\Users\Admin\.m2\repository\org\springframework\security\spring-security-web\5.4.6\spring-security-web-5.4.6.jar;C:\Users\Admin\.m2\repository\org\springframework\spring-expression\5.3.6\spring-expression-5.3.6.jar;C:\Users\Admin\.m2\repository\org\springframework\boot\spring-boot-starter-thymeleaf\2.4.5\spring-boot-starter-thymeleaf-2.4.5.jar;C:\Users\Admin\.m2\repository\org\thymeleaf\thymeleaf-spring5\3.0.12.RELEASE\thymeleaf-spring5-3.0.12.RELEASE.jar;C:\Users\Admin\.m2\repository\org\
Launcher Type: SUN_STANDARD

[Global flags]
     intx CICompilerCount                          = 4                                         {product} {ergonomic}
     uint ConcGCThreads                            = 2                                         {product} {ergonomic}
     uint G1ConcRefinementThreads                  = 8                                         {product} {ergonomic}
   size_t G1HeapRegionSize                         = 1048576                                   {product} {ergonomic}
    uintx GCDrainStackTargetSize                   = 64                                        {product} {ergonomic}
   size_t InitialHeapSize                          = 134217728                                 {product} {ergonomic}
   size_t MarkStackSize                            = 4194304                                   {product} {ergonomic}
   size_t MaxHeapSize                              = 2118123520                                {product} {ergonomic}
   size_t MaxNewSize                               = 1270874112                                {product} {ergonomic}
   size_t MinHeapDeltaBytes                        = 1048576                                   {product} {ergonomic}
    uintx NonNMethodCodeHeapSize                   = 5836300                                {pd product} {ergonomic}
    uintx NonProfiledCodeHeapSize                  = 122910970                              {pd product} {ergonomic}
    uintx ProfiledCodeHeapSize                     = 122910970                              {pd product} {ergonomic}
    uintx ReservedCodeCacheSize                    = 251658240                              {pd product} {ergonomic}
     bool SegmentedCodeCache                       = true                                      {product} {ergonomic}
     bool UseCompressedClassPointers               = true                                 {lp64_product} {ergonomic}
     bool UseCompressedOops                        = true                                 {lp64_product} {ergonomic}
     bool UseG1GC                                  = true                                      {product} {ergonomic}
     bool UseLargePagesIndividualAllocation        = false                                  {pd product} {ergonomic}

Logging:
Log output configuration:
 #0: stdout all=warning uptime,level,tags
 #1: stderr all=off uptime,level,tags

Environment Variables:
JAVA_HOME=C:\Program Files\AdoptOpenJDK\jdk-11.0.8.10-hotspot\
PATH=C:\Program Files\AdoptOpenJDK\jdk-11.0.8.10-hotspot\bin;C:\WINDOWS\system32;C:\WINDOWS;C:\WINDOWS\System32\Wbem;C:\WINDOWS\System32\WindowsPowerShell\v1.0\;C:\WINDOWS\System32\OpenSSH\;C:\Program Files (x86)\Microsoft SQL Server\110\Tools\Binn\ManagementStudio\;C:\Program Files (x86)\Microsoft SQL Server\110\Tools\Binn\;C:\Program Files\Microsoft SQL Server\110\Tools\Binn\;C:\Program Files (x86)\Microsoft SQL Server\110\DTS\Binn\;C:\Program Files\Microsoft SQL Server\Client SDK\ODBC\110\Tools\Binn\;C:\Program Files (x86)\Microsoft SQL Server\120\Tools\Binn\;C:\Program Files\Microsoft SQL Server\120\Tools\Binn\;C:\Program Files\Microsoft SQL Server\120\DTS\Binn\;C:\Program Files (x86)\Microsoft SQL Server\120\Tools\Binn\ManagementStudio\;C:\Program Files (x86)\Microsoft SQL Server\120\DTS\Binn\;C:\Users\Admin\Downloads\apache-maven-3.6.0;C:\Users\Admin\Downloads\apache-maven-3.6.0\bin;C:\Program Files\NVIDIA Corporation\NVIDIA NvDLISR;C:\Program Files (x86)\NVIDIA Corporation\PhysX\Common;C:\Users\Admin\Downloads\apache-maven-3.6.0\bin;C:\Program Files\nodejs\;C:\Program Files\Git\cmd;C:\WINDOWS\system32;C:\WINDOWS;C:\WINDOWS\System32\Wbem;C:\WINDOWS\System32\WindowsPowerShell\v1.0\;C:\WINDOWS\System32\OpenSSH\;C:\Users\Admin\AppData\Local\Microsoft\WindowsApps;C:\Users\Admin\AppData\Local\Programs\Microsoft VS Code\bin;D:\apache-tomcat-9.0.37\bin;C:\Users\Admin\AppData\Roaming\npm;
USERNAME=Admin
OS=Windows_NT
PROCESSOR_IDENTIFIER=Intel64 Family 6 Model 158 Stepping 10, GenuineIntel



---------------  S Y S T E M  ---------------

OS: Windows 10 , 64 bit Build 19041 (10.0.19041.1151)
OS uptime: 12 days 23:45 hours

CPU:total 8 (initial active 8) (4 cores per cpu, 2 threads per core) family 6 model 158 stepping 10, cmov, cx8, fxsr, mmx, sse, sse2, sse3, ssse3, sse4.1, sse4.2, popcnt, avx, avx2, aes, clmul, erms, 3dnowpref, lzcnt, ht, tsc, tscinvbit, bmi1, bmi2, adx, fma

Memory: 4k page, system-wide physical 8072M (748M free)
TotalPageFile size 12168M (AvailPageFile size 7M)
current process WorkingSet (physical memory assigned to process): 370M, peak: 374M
current process commit charge ("private bytes"): 441M, peak: 444M

vm_info: OpenJDK 64-Bit Server VM (11.0.8+10) for windows-amd64 JRE (11.0.8+10), built on Jul 15 2020 11:45:54 by "" with MS VC++ 15.9 (VS2017)

END.
