#
# There is insufficient memory for the Java Runtime Environment to continue.
# Native memory allocation (malloc) failed to allocate 599856 bytes for Chunk::new
# Possible reasons:
#   The system is out of physical RAM or swap space
#   The process is running with CompressedOops enabled, and the Java Heap may be blocking the growth of the native heap
# Possible solutions:
#   Reduce memory load on the system
#   Increase physical memory or swap space
#   Check if swap backing store is full
#   Decrease Java heap size (-Xmx/-Xms)
#   Decrease number of Java threads
#   Decrease Java thread stack sizes (-Xss)
#   Set larger code cache with -XX:ReservedCodeCacheSize=
#   JVM is running with Unscaled Compressed Oops mode in which the Java heap is
#     placed in the first 4GB address space. The Java Heap base address is the
#     maximum limit for the native heap growth. Please use -XX:HeapBaseMinAddress
#     to set the Java Heap base and to place the Java Heap above 4GB virtual address.
# This output file may be truncated or incomplete.
#
#  Out of Memory Error (./src/hotspot/share/memory/arena.cpp:197), pid=18704, tid=1952
#
# JRE version: OpenJDK Runtime Environment AdoptOpenJDK (11.0.8+10) (build 11.0.8+10)
# Java VM: OpenJDK 64-Bit Server VM AdoptOpenJDK (11.0.8+10, mixed mode, tiered, compressed oops, g1 gc, windows-amd64)
# No core dump will be written. Minidumps are not enabled by default on client versions of Windows
#

---------------  S U M M A R Y ------------

Command Line: -javaagent:D:\IntelliJ IDEA 2021.1\lib\idea_rt.jar=55529:D:\IntelliJ IDEA 2021.1\bin -Dfile.encoding=UTF-8 com.example.demo.SpringbootProjectApplication

Host: Intel(R) Core(TM) i5-9300H CPU @ 2.40GHz, 8 cores, 7G,  Windows 10 , 64 bit Build 19041 (10.0.19041.1151)
Time: Tue Sep 14 16:21:54 2021 SE Asia Standard Time elapsed time: 72 seconds (0d 0h 1m 12s)

---------------  T H R E A D  ---------------

Current thread (0x00000228531e1800):  JavaThread "C2 CompilerThread1" daemon [_thread_in_native, id=1952, stack(0x0000003f70000000,0x0000003f70100000)]


Current CompileTask:
C2:  72659 8239       4       java.io.WinNTFileSystem::normalize (224 bytes)

Stack: [0x0000003f70000000,0x0000003f70100000]
Native frames: (J=compiled Java code, j=interpreted, Vv=VM code, C=native code)
V  [jvm.dll+0x5dfa5a]
V  [jvm.dll+0x7175ce]
V  [jvm.dll+0x718c9f]
V  [jvm.dll+0x719363]
V  [jvm.dll+0x240e48]
V  [jvm.dll+0xb96ac]
V  [jvm.dll+0xb9dac]
V  [jvm.dll+0x346387]
V  [jvm.dll+0x193831]
V  [jvm.dll+0x1faa32]
V  [jvm.dll+0x1f9adf]
V  [jvm.dll+0x17e4ec]
V  [jvm.dll+0x208f27]
V  [jvm.dll+0x20710b]
V  [jvm.dll+0x6dc339]
V  [jvm.dll+0x6d53e4]
V  [jvm.dll+0x5de996]
C  [ucrtbase.dll+0x21bb2]
C  [KERNEL32.DLL+0x17034]
C  [ntdll.dll+0x52651]


---------------  P R O C E S S  ---------------

Threads class SMR info:
_java_thread_list=0x0000022851faadc0, length=32, elements={
0x000002284e328000, 0x000002284e331800, 0x000002284ec92800, 0x000002284e33d000,
0x000002284e33e000, 0x000002284ec96000, 0x000002284ec98000, 0x000002284ee0b000,
0x000002284f349800, 0x000002284f416000, 0x00000228555c3800, 0x0000022853aa6800,
0x00000228557c4000, 0x000002285237c000, 0x000002285777e800, 0x0000022852344000,
0x0000022852344800, 0x0000022852341800, 0x0000022852346800, 0x0000022852340800,
0x0000022852347000, 0x0000022852342800, 0x00000228531dc800, 0x00000228531e0000,
0x00000228531da000, 0x00000228531dd800, 0x00000228531e0800, 0x00000228531de800,
0x00000228531dc000, 0x00000228531df000, 0x00000228531db000, 0x00000228531e1800
}

Java Threads: ( => current thread )
  0x000002284e328000 JavaThread "Reference Handler" daemon [_thread_blocked, id=8792, stack(0x0000003f70a00000,0x0000003f70b00000)]
  0x000002284e331800 JavaThread "Finalizer" daemon [_thread_blocked, id=18820, stack(0x0000003f70b00000,0x0000003f70c00000)]
  0x000002284ec92800 JavaThread "Signal Dispatcher" daemon [_thread_blocked, id=13756, stack(0x0000003f70c00000,0x0000003f70d00000)]
  0x000002284e33d000 JavaThread "Attach Listener" daemon [_thread_blocked, id=17384, stack(0x0000003f70d00000,0x0000003f70e00000)]
  0x000002284e33e000 JavaThread "C2 CompilerThread0" daemon [_thread_blocked, id=4132, stack(0x0000003f70e00000,0x0000003f70f00000)]
  0x000002284ec96000 JavaThread "C1 CompilerThread0" daemon [_thread_blocked, id=17056, stack(0x0000003f70f00000,0x0000003f71000000)]
  0x000002284ec98000 JavaThread "Sweeper thread" daemon [_thread_blocked, id=15452, stack(0x0000003f71000000,0x0000003f71100000)]
  0x000002284ee0b000 JavaThread "Common-Cleaner" daemon [_thread_blocked, id=6796, stack(0x0000003f71100000,0x0000003f71200000)]
  0x000002284f349800 JavaThread "Monitor Ctrl-Break" daemon [_thread_in_native, id=10516, stack(0x0000003f71300000,0x0000003f71400000)]
  0x000002284f416000 JavaThread "Service Thread" daemon [_thread_blocked, id=10692, stack(0x0000003f71400000,0x0000003f71500000)]
  0x00000228555c3800 JavaThread "mssql-jdbc-shared-timer-core-0" daemon [_thread_blocked, id=13276, stack(0x0000003f72200000,0x0000003f72300000)]
  0x0000022853aa6800 JavaThread "HikariPool-1 housekeeper" daemon [_thread_blocked, id=13948, stack(0x0000003f72300000,0x0000003f72400000)]
  0x00000228557c4000 JavaThread "Catalina-utility-1" [_thread_blocked, id=10112, stack(0x0000003f72600000,0x0000003f72700000)]
  0x000002285237c000 JavaThread "Catalina-utility-2" [_thread_blocked, id=9220, stack(0x0000003f72700000,0x0000003f72800000)]
  0x000002285777e800 JavaThread "container-0" [_thread_blocked, id=11312, stack(0x0000003f72800000,0x0000003f72900000)]
  0x0000022852344000 JavaThread "Live Reload Server" daemon [_thread_in_native, id=13792, stack(0x0000003f72a00000,0x0000003f72b00000)]
  0x0000022852344800 JavaThread "File Watcher" daemon [_thread_in_native, id=15204, stack(0x0000003f72500000,0x0000003f72600000)]
  0x0000022852341800 JavaThread "http-nio-6789-BlockPoller" daemon [_thread_in_native, id=15564, stack(0x0000003f72b00000,0x0000003f72c00000)]
  0x0000022852346800 JavaThread "http-nio-6789-exec-1" daemon [_thread_blocked, id=16728, stack(0x0000003f72c00000,0x0000003f72d00000)]
  0x0000022852340800 JavaThread "http-nio-6789-exec-2" daemon [_thread_blocked, id=7876, stack(0x0000003f72d00000,0x0000003f72e00000)]
  0x0000022852347000 JavaThread "http-nio-6789-exec-3" daemon [_thread_blocked, id=11992, stack(0x0000003f72e00000,0x0000003f72f00000)]
  0x0000022852342800 JavaThread "http-nio-6789-exec-4" daemon [_thread_blocked, id=8556, stack(0x0000003f72f00000,0x0000003f73000000)]
  0x00000228531dc800 JavaThread "http-nio-6789-exec-5" daemon [_thread_blocked, id=11232, stack(0x0000003f73000000,0x0000003f73100000)]
  0x00000228531e0000 JavaThread "http-nio-6789-exec-6" daemon [_thread_blocked, id=9720, stack(0x0000003f73100000,0x0000003f73200000)]
  0x00000228531da000 JavaThread "http-nio-6789-exec-7" daemon [_thread_blocked, id=17276, stack(0x0000003f73200000,0x0000003f73300000)]
  0x00000228531dd800 JavaThread "http-nio-6789-exec-8" daemon [_thread_blocked, id=8336, stack(0x0000003f73300000,0x0000003f73400000)]
  0x00000228531e0800 JavaThread "http-nio-6789-exec-9" daemon [_thread_blocked, id=7284, stack(0x0000003f73400000,0x0000003f73500000)]
  0x00000228531de800 JavaThread "http-nio-6789-exec-10" daemon [_thread_blocked, id=18212, stack(0x0000003f73500000,0x0000003f73600000)]
  0x00000228531dc000 JavaThread "http-nio-6789-ClientPoller" daemon [_thread_in_native, id=19040, stack(0x0000003f73600000,0x0000003f73700000)]
  0x00000228531df000 JavaThread "http-nio-6789-Acceptor" daemon [_thread_in_native, id=16048, stack(0x0000003f73700000,0x0000003f73800000)]
  0x00000228531db000 JavaThread "DestroyJavaVM" [_thread_blocked, id=16964, stack(0x0000003f70300000,0x0000003f70400000)]
=>0x00000228531e1800 JavaThread "C2 CompilerThread1" daemon [_thread_in_native, id=1952, stack(0x0000003f70000000,0x0000003f70100000)]

Other Threads:
  0x000002284e326800 VMThread "VM Thread" [stack: 0x0000003f70900000,0x0000003f70a00000] [id=12884]
  0x000002284f419000 WatcherThread [stack: 0x0000003f71500000,0x0000003f71600000] [id=15764]
  0x000002282f425800 GCTaskThread "GC Thread#0" [stack: 0x0000003f70400000,0x0000003f70500000] [id=11652]
  0x000002284fb39000 GCTaskThread "GC Thread#1" [stack: 0x0000003f71600000,0x0000003f71700000] [id=19336]
  0x000002284fb1b000 GCTaskThread "GC Thread#2" [stack: 0x0000003f71700000,0x0000003f71800000] [id=12188]
  0x000002284fcbd800 GCTaskThread "GC Thread#3" [stack: 0x0000003f71a00000,0x0000003f71b00000] [id=14472]
  0x000002284fe64800 GCTaskThread "GC Thread#4" [stack: 0x0000003f71b00000,0x0000003f71c00000] [id=19088]
  0x000002284fca2800 GCTaskThread "GC Thread#5" [stack: 0x0000003f71c00000,0x0000003f71d00000] [id=14288]
  0x0000022850112000 GCTaskThread "GC Thread#6" [stack: 0x0000003f71f00000,0x0000003f72000000] [id=9536]
  0x000002284fdbd800 GCTaskThread "GC Thread#7" [stack: 0x0000003f72000000,0x0000003f72100000] [id=17992]
  0x000002282f455800 ConcurrentGCThread "G1 Main Marker" [stack: 0x0000003f70500000,0x0000003f70600000] [id=9500]
  0x000002282f458000 ConcurrentGCThread "G1 Conc#0" [stack: 0x0000003f70600000,0x0000003f70700000] [id=8048]
  0x0000022850117800 ConcurrentGCThread "G1 Conc#1" [stack: 0x0000003f72100000,0x0000003f72200000] [id=13768]
  0x000002284e172800 ConcurrentGCThread "G1 Refine#0" [stack: 0x0000003f70700000,0x0000003f70800000] [id=5128]
  0x000002282f4d8000 ConcurrentGCThread "G1 Young RemSet Sampling" [stack: 0x0000003f70800000,0x0000003f70900000] [id=7164]

Threads with active compile tasks:
C2 CompilerThread1  72703 8239       4       java.io.WinNTFileSystem::normalize (224 bytes)

VM state:not at safepoint (normal execution)

VM Mutex/Monitor currently owned by a thread: None

Heap address: 0x0000000081c00000, size: 2020 MB, Compressed Oops mode: 32-bit
Narrow klass base: 0x0000000000000000, Narrow klass shift: 3
Compressed class space size: 1073741824 Address: 0x0000000100000000

Heap:
 garbage-first heap   total 189440K, used 78526K [0x0000000081c00000, 0x0000000100000000)
  region size 1024K, 58 young (59392K), 14 survivors (14336K)
 Metaspace       used 80177K, capacity 82032K, committed 82304K, reserved 1120256K
  class space    used 10025K, capacity 10762K, committed 10880K, reserved 1048576K
Heap Regions: E=young(eden), S=young(survivor), O=old, HS=humongous(starts), HC=humongous(continues), CS=collection set, F=free, A=archive, TAMS=top-at-mark-start (previous, next)
|   0|0x0000000081c00000, 0x0000000081d00000, 0x0000000081d00000|100%|HS|  |TAMS 0x0000000081d00000, 0x0000000081c00000| Complete 
|   1|0x0000000081d00000, 0x0000000081e00000, 0x0000000081e00000|100%| O|  |TAMS 0x0000000081e00000, 0x0000000081d00000| Untracked 
|   2|0x0000000081e00000, 0x0000000081f00000, 0x0000000081f00000|100%| O|  |TAMS 0x0000000081f00000, 0x0000000081e00000| Untracked 
|   3|0x0000000081f00000, 0x0000000082000000, 0x0000000082000000|100%| O|  |TAMS 0x0000000082000000, 0x0000000081f00000| Untracked 
|   4|0x0000000082000000, 0x0000000082100000, 0x0000000082100000|100%| O|  |TAMS 0x0000000082100000, 0x0000000082000000| Untracked 
|   5|0x0000000082100000, 0x0000000082200000, 0x0000000082200000|100%| O|  |TAMS 0x0000000082200000, 0x0000000082100000| Untracked 
|   6|0x0000000082200000, 0x0000000082300000, 0x0000000082300000|100%| O|  |TAMS 0x0000000082300000, 0x0000000082200000| Untracked 
|   7|0x0000000082300000, 0x0000000082400000, 0x0000000082400000|100%| O|  |TAMS 0x0000000082400000, 0x0000000082300000| Untracked 
|   8|0x0000000082400000, 0x0000000082500000, 0x0000000082500000|100%| O|  |TAMS 0x0000000082500000, 0x0000000082400000| Untracked 
|   9|0x0000000082500000, 0x0000000082600000, 0x0000000082600000|100%| O|  |TAMS 0x0000000082600000, 0x0000000082500000| Untracked 
|  10|0x0000000082600000, 0x0000000082700000, 0x0000000082700000|100%| O|  |TAMS 0x0000000082700000, 0x0000000082600000| Untracked 
|  11|0x0000000082700000, 0x0000000082800000, 0x0000000082800000|100%| O|  |TAMS 0x0000000082800000, 0x0000000082700000| Untracked 
|  12|0x0000000082800000, 0x0000000082900000, 0x0000000082900000|100%| O|  |TAMS 0x0000000082900000, 0x0000000082800000| Untracked 
|  13|0x0000000082900000, 0x0000000082a00000, 0x0000000082a00000|100%| O|  |TAMS 0x0000000082a00000, 0x0000000082900000| Untracked 
|  14|0x0000000082a00000, 0x0000000082b00000, 0x0000000082b00000|100%| O|  |TAMS 0x0000000082b00000, 0x0000000082a00000| Untracked 
|  15|0x0000000082b00000, 0x0000000082c00000, 0x0000000082c00000|100%| O|  |TAMS 0x0000000082b0b400, 0x0000000082b00000| Untracked 
|  16|0x0000000082c00000, 0x0000000082d00000, 0x0000000082d00000|100%| O|  |TAMS 0x0000000082c00000, 0x0000000082c00000| Untracked 
|  17|0x0000000082d00000, 0x0000000082e00000, 0x0000000082e00000|100%| O|  |TAMS 0x0000000082d00000, 0x0000000082d00000| Untracked 
|  18|0x0000000082e00000, 0x0000000082f00000, 0x0000000082f00000|100%| O|  |TAMS 0x0000000082e00000, 0x0000000082e00000| Untracked 
|  19|0x0000000082f00000, 0x0000000082fcde00, 0x0000000083000000| 80%| O|  |TAMS 0x0000000082f00000, 0x0000000082f00000| Untracked 
|  20|0x0000000083000000, 0x0000000083000000, 0x0000000083100000|  0%| F|  |TAMS 0x0000000083000000, 0x0000000083000000| Untracked 
|  21|0x0000000083100000, 0x0000000083100000, 0x0000000083200000|  0%| F|  |TAMS 0x0000000083100000, 0x0000000083100000| Untracked 
|  22|0x0000000083200000, 0x0000000083200000, 0x0000000083300000|  0%| F|  |TAMS 0x0000000083200000, 0x0000000083200000| Untracked 
|  23|0x0000000083300000, 0x0000000083300000, 0x0000000083400000|  0%| F|  |TAMS 0x0000000083300000, 0x0000000083300000| Untracked 
|  24|0x0000000083400000, 0x0000000083400000, 0x0000000083500000|  0%| F|  |TAMS 0x0000000083400000, 0x0000000083400000| Untracked 
|  25|0x0000000083500000, 0x0000000083500000, 0x0000000083600000|  0%| F|  |TAMS 0x0000000083500000, 0x0000000083500000| Untracked 
|  26|0x0000000083600000, 0x0000000083600000, 0x0000000083700000|  0%| F|  |TAMS 0x0000000083600000, 0x0000000083600000| Untracked 
|  27|0x0000000083700000, 0x0000000083700000, 0x0000000083800000|  0%| F|  |TAMS 0x0000000083700000, 0x0000000083700000| Untracked 
|  28|0x0000000083800000, 0x0000000083800000, 0x0000000083900000|  0%| F|  |TAMS 0x0000000083800000, 0x0000000083800000| Untracked 
|  29|0x0000000083900000, 0x0000000083900000, 0x0000000083a00000|  0%| F|  |TAMS 0x0000000083900000, 0x0000000083900000| Untracked 
|  30|0x0000000083a00000, 0x0000000083a00000, 0x0000000083b00000|  0%| F|  |TAMS 0x0000000083a00000, 0x0000000083a00000| Untracked 
|  31|0x0000000083b00000, 0x0000000083b00000, 0x0000000083c00000|  0%| F|  |TAMS 0x0000000083b00000, 0x0000000083b00000| Untracked 
|  32|0x0000000083c00000, 0x0000000083c00000, 0x0000000083d00000|  0%| F|  |TAMS 0x0000000083c00000, 0x0000000083c00000| Untracked 
|  33|0x0000000083d00000, 0x0000000083d00000, 0x0000000083e00000|  0%| F|  |TAMS 0x0000000083d00000, 0x0000000083d00000| Untracked 
|  34|0x0000000083e00000, 0x0000000083e00000, 0x0000000083f00000|  0%| F|  |TAMS 0x0000000083e00000, 0x0000000083e00000| Untracked 
|  35|0x0000000083f00000, 0x0000000083f00000, 0x0000000084000000|  0%| F|  |TAMS 0x0000000083f00000, 0x0000000083f00000| Untracked 
|  36|0x0000000084000000, 0x0000000084000000, 0x0000000084100000|  0%| F|  |TAMS 0x0000000084000000, 0x0000000084000000| Untracked 
|  37|0x0000000084100000, 0x0000000084100000, 0x0000000084200000|  0%| F|  |TAMS 0x0000000084100000, 0x0000000084100000| Untracked 
|  38|0x0000000084200000, 0x0000000084200000, 0x0000000084300000|  0%| F|  |TAMS 0x0000000084200000, 0x0000000084200000| Untracked 
|  39|0x0000000084300000, 0x0000000084300000, 0x0000000084400000|  0%| F|  |TAMS 0x0000000084300000, 0x0000000084300000| Untracked 
|  40|0x0000000084400000, 0x0000000084400000, 0x0000000084500000|  0%| F|  |TAMS 0x0000000084400000, 0x0000000084400000| Untracked 
|  41|0x0000000084500000, 0x0000000084500000, 0x0000000084600000|  0%| F|  |TAMS 0x0000000084500000, 0x0000000084500000| Untracked 
|  42|0x0000000084600000, 0x0000000084600000, 0x0000000084700000|  0%| F|  |TAMS 0x0000000084600000, 0x0000000084600000| Untracked 
|  43|0x0000000084700000, 0x0000000084700000, 0x0000000084800000|  0%| F|  |TAMS 0x0000000084700000, 0x0000000084700000| Untracked 
|  44|0x0000000084800000, 0x0000000084800000, 0x0000000084900000|  0%| F|  |TAMS 0x0000000084800000, 0x0000000084800000| Untracked 
|  45|0x0000000084900000, 0x0000000084900000, 0x0000000084a00000|  0%| F|  |TAMS 0x0000000084900000, 0x0000000084900000| Untracked 
|  46|0x0000000084a00000, 0x0000000084a00000, 0x0000000084b00000|  0%| F|  |TAMS 0x0000000084a00000, 0x0000000084a00000| Untracked 
|  47|0x0000000084b00000, 0x0000000084b00000, 0x0000000084c00000|  0%| F|  |TAMS 0x0000000084b00000, 0x0000000084b00000| Untracked 
|  48|0x0000000084c00000, 0x0000000084c00000, 0x0000000084d00000|  0%| F|  |TAMS 0x0000000084c00000, 0x0000000084c00000| Untracked 
|  49|0x0000000084d00000, 0x0000000084d00000, 0x0000000084e00000|  0%| F|  |TAMS 0x0000000084d00000, 0x0000000084d00000| Untracked 
|  50|0x0000000084e00000, 0x0000000084e00000, 0x0000000084f00000|  0%| F|  |TAMS 0x0000000084e00000, 0x0000000084e00000| Untracked 
|  51|0x0000000084f00000, 0x0000000084f00000, 0x0000000085000000|  0%| F|  |TAMS 0x0000000084f00000, 0x0000000084f00000| Untracked 
|  52|0x0000000085000000, 0x0000000085000000, 0x0000000085100000|  0%| F|  |TAMS 0x0000000085000000, 0x0000000085000000| Untracked 
|  53|0x0000000085100000, 0x0000000085100000, 0x0000000085200000|  0%| F|  |TAMS 0x0000000085100000, 0x0000000085100000| Untracked 
|  54|0x0000000085200000, 0x0000000085200000, 0x0000000085300000|  0%| F|  |TAMS 0x0000000085200000, 0x0000000085200000| Untracked 
|  55|0x0000000085300000, 0x0000000085300000, 0x0000000085400000|  0%| F|  |TAMS 0x0000000085300000, 0x0000000085300000| Untracked 
|  56|0x0000000085400000, 0x0000000085400000, 0x0000000085500000|  0%| F|  |TAMS 0x0000000085400000, 0x0000000085400000| Untracked 
|  57|0x0000000085500000, 0x0000000085500000, 0x0000000085600000|  0%| F|  |TAMS 0x0000000085500000, 0x0000000085500000| Untracked 
|  58|0x0000000085600000, 0x0000000085600000, 0x0000000085700000|  0%| F|  |TAMS 0x0000000085600000, 0x0000000085600000| Untracked 
|  59|0x0000000085700000, 0x0000000085700000, 0x0000000085800000|  0%| F|  |TAMS 0x0000000085700000, 0x0000000085700000| Untracked 
|  60|0x0000000085800000, 0x0000000085800000, 0x0000000085900000|  0%| F|  |TAMS 0x0000000085800000, 0x0000000085800000| Untracked 
|  61|0x0000000085900000, 0x0000000085900000, 0x0000000085a00000|  0%| F|  |TAMS 0x0000000085900000, 0x0000000085900000| Untracked 
|  62|0x0000000085a00000, 0x0000000085a00000, 0x0000000085b00000|  0%| F|  |TAMS 0x0000000085a00000, 0x0000000085a00000| Untracked 
|  63|0x0000000085b00000, 0x0000000085b00000, 0x0000000085c00000|  0%| F|  |TAMS 0x0000000085b00000, 0x0000000085b00000| Untracked 
|  64|0x0000000085c00000, 0x0000000085c00000, 0x0000000085d00000|  0%| F|  |TAMS 0x0000000085c00000, 0x0000000085c00000| Untracked 
|  65|0x0000000085d00000, 0x0000000085d00000, 0x0000000085e00000|  0%| F|  |TAMS 0x0000000085d00000, 0x0000000085d00000| Untracked 
|  66|0x0000000085e00000, 0x0000000085ee1cf0, 0x0000000085f00000| 88%| S|CS|TAMS 0x0000000085e00000, 0x0000000085e00000| Complete 
|  67|0x0000000085f00000, 0x0000000086000000, 0x0000000086000000|100%| S|CS|TAMS 0x0000000085f00000, 0x0000000085f00000| Complete 
|  68|0x0000000086000000, 0x0000000086100000, 0x0000000086100000|100%| S|CS|TAMS 0x0000000086000000, 0x0000000086000000| Complete 
|  69|0x0000000086100000, 0x0000000086200000, 0x0000000086200000|100%| S|CS|TAMS 0x0000000086100000, 0x0000000086100000| Complete 
|  70|0x0000000086200000, 0x0000000086300000, 0x0000000086300000|100%| S|CS|TAMS 0x0000000086200000, 0x0000000086200000| Complete 
|  71|0x0000000086300000, 0x0000000086400000, 0x0000000086400000|100%| S|CS|TAMS 0x0000000086300000, 0x0000000086300000| Complete 
|  72|0x0000000086400000, 0x0000000086500000, 0x0000000086500000|100%| S|CS|TAMS 0x0000000086400000, 0x0000000086400000| Complete 
|  73|0x0000000086500000, 0x0000000086600000, 0x0000000086600000|100%| S|CS|TAMS 0x0000000086500000, 0x0000000086500000| Complete 
|  74|0x0000000086600000, 0x0000000086700000, 0x0000000086700000|100%| S|CS|TAMS 0x0000000086600000, 0x0000000086600000| Complete 
|  75|0x0000000086700000, 0x0000000086800000, 0x0000000086800000|100%| S|CS|TAMS 0x0000000086700000, 0x0000000086700000| Complete 
|  76|0x0000000086800000, 0x0000000086900000, 0x0000000086900000|100%| S|CS|TAMS 0x0000000086800000, 0x0000000086800000| Complete 
|  77|0x0000000086900000, 0x0000000086a00000, 0x0000000086a00000|100%| S|CS|TAMS 0x0000000086900000, 0x0000000086900000| Complete 
|  78|0x0000000086a00000, 0x0000000086b00000, 0x0000000086b00000|100%| S|CS|TAMS 0x0000000086a00000, 0x0000000086a00000| Complete 
|  79|0x0000000086b00000, 0x0000000086c00000, 0x0000000086c00000|100%| S|CS|TAMS 0x0000000086b00000, 0x0000000086b00000| Complete 
|  80|0x0000000086c00000, 0x0000000086c00000, 0x0000000086d00000|  0%| F|  |TAMS 0x0000000086c00000, 0x0000000086c00000| Untracked 
|  81|0x0000000086d00000, 0x0000000086d00000, 0x0000000086e00000|  0%| F|  |TAMS 0x0000000086d00000, 0x0000000086d00000| Untracked 
|  82|0x0000000086e00000, 0x0000000086e00000, 0x0000000086f00000|  0%| F|  |TAMS 0x0000000086e00000, 0x0000000086e00000| Untracked 
|  83|0x0000000086f00000, 0x0000000086f00000, 0x0000000087000000|  0%| F|  |TAMS 0x0000000086f00000, 0x0000000086f00000| Untracked 
|  84|0x0000000087000000, 0x0000000087000000, 0x0000000087100000|  0%| F|  |TAMS 0x0000000087000000, 0x0000000087000000| Untracked 
|  85|0x0000000087100000, 0x0000000087100000, 0x0000000087200000|  0%| F|  |TAMS 0x0000000087100000, 0x0000000087100000| Untracked 
|  86|0x0000000087200000, 0x0000000087200000, 0x0000000087300000|  0%| F|  |TAMS 0x0000000087200000, 0x0000000087200000| Untracked 
|  87|0x0000000087300000, 0x0000000087300000, 0x0000000087400000|  0%| F|  |TAMS 0x0000000087300000, 0x0000000087300000| Untracked 
|  88|0x0000000087400000, 0x0000000087400000, 0x0000000087500000|  0%| F|  |TAMS 0x0000000087400000, 0x0000000087400000| Untracked 
|  89|0x0000000087500000, 0x0000000087500000, 0x0000000087600000|  0%| F|  |TAMS 0x0000000087500000, 0x0000000087500000| Untracked 
|  90|0x0000000087600000, 0x0000000087600000, 0x0000000087700000|  0%| F|  |TAMS 0x0000000087600000, 0x0000000087600000| Untracked 
|  91|0x0000000087700000, 0x0000000087700000, 0x0000000087800000|  0%| F|  |TAMS 0x0000000087700000, 0x0000000087700000| Untracked 
|  92|0x0000000087800000, 0x0000000087800000, 0x0000000087900000|  0%| F|  |TAMS 0x0000000087800000, 0x0000000087800000| Untracked 
|  93|0x0000000087900000, 0x0000000087900000, 0x0000000087a00000|  0%| F|  |TAMS 0x0000000087900000, 0x0000000087900000| Untracked 
|  94|0x0000000087a00000, 0x0000000087a00000, 0x0000000087b00000|  0%| F|  |TAMS 0x0000000087a00000, 0x0000000087a00000| Untracked 
|  95|0x0000000087b00000, 0x0000000087b00000, 0x0000000087c00000|  0%| F|  |TAMS 0x0000000087b00000, 0x0000000087b00000| Untracked 
|  96|0x0000000087c00000, 0x0000000087c00000, 0x0000000087d00000|  0%| F|  |TAMS 0x0000000087c00000, 0x0000000087c00000| Untracked 
|  97|0x0000000087d00000, 0x0000000087d00000, 0x0000000087e00000|  0%| F|  |TAMS 0x0000000087d00000, 0x0000000087d00000| Untracked 
|  98|0x0000000087e00000, 0x0000000087e00000, 0x0000000087f00000|  0%| F|  |TAMS 0x0000000087e00000, 0x0000000087e00000| Untracked 
|  99|0x0000000087f00000, 0x0000000087f00000, 0x0000000088000000|  0%| F|  |TAMS 0x0000000087f00000, 0x0000000087f00000| Untracked 
| 100|0x0000000088000000, 0x0000000088000000, 0x0000000088100000|  0%| F|  |TAMS 0x0000000088000000, 0x0000000088000000| Untracked 
| 101|0x0000000088100000, 0x0000000088100000, 0x0000000088200000|  0%| F|  |TAMS 0x0000000088100000, 0x0000000088100000| Untracked 
| 102|0x0000000088200000, 0x0000000088200000, 0x0000000088300000|  0%| F|  |TAMS 0x0000000088200000, 0x0000000088200000| Untracked 
| 103|0x0000000088300000, 0x0000000088300000, 0x0000000088400000|  0%| F|  |TAMS 0x0000000088300000, 0x0000000088300000| Untracked 
| 104|0x0000000088400000, 0x0000000088400000, 0x0000000088500000|  0%| F|  |TAMS 0x0000000088400000, 0x0000000088400000| Untracked 
| 105|0x0000000088500000, 0x0000000088500000, 0x0000000088600000|  0%| F|  |TAMS 0x0000000088500000, 0x0000000088500000| Untracked 
| 106|0x0000000088600000, 0x0000000088600000, 0x0000000088700000|  0%| F|  |TAMS 0x0000000088600000, 0x0000000088600000| Untracked 
| 107|0x0000000088700000, 0x0000000088700000, 0x0000000088800000|  0%| F|  |TAMS 0x0000000088700000, 0x0000000088700000| Untracked 
| 108|0x0000000088800000, 0x0000000088800000, 0x0000000088900000|  0%| F|  |TAMS 0x0000000088800000, 0x0000000088800000| Untracked 
| 109|0x0000000088900000, 0x0000000088900000, 0x0000000088a00000|  0%| F|  |TAMS 0x0000000088900000, 0x0000000088900000| Untracked 
| 110|0x0000000088a00000, 0x0000000088a00000, 0x0000000088b00000|  0%| F|  |TAMS 0x0000000088a00000, 0x0000000088a00000| Untracked 
| 111|0x0000000088b00000, 0x0000000088b00000, 0x0000000088c00000|  0%| F|  |TAMS 0x0000000088b00000, 0x0000000088b00000| Untracked 
| 112|0x0000000088c00000, 0x0000000088c00000, 0x0000000088d00000|  0%| F|  |TAMS 0x0000000088c00000, 0x0000000088c00000| Untracked 
| 113|0x0000000088d00000, 0x0000000088d00000, 0x0000000088e00000|  0%| F|  |TAMS 0x0000000088d00000, 0x0000000088d00000| Untracked 
| 114|0x0000000088e00000, 0x0000000088e00000, 0x0000000088f00000|  0%| F|  |TAMS 0x0000000088e00000, 0x0000000088e00000| Untracked 
| 115|0x0000000088f00000, 0x0000000088f00000, 0x0000000089000000|  0%| F|  |TAMS 0x0000000088f00000, 0x0000000088f00000| Untracked 
| 116|0x0000000089000000, 0x0000000089000000, 0x0000000089100000|  0%| F|  |TAMS 0x0000000089000000, 0x0000000089000000| Untracked 
| 117|0x0000000089100000, 0x0000000089100000, 0x0000000089200000|  0%| F|  |TAMS 0x0000000089100000, 0x0000000089100000| Untracked 
| 118|0x0000000089200000, 0x0000000089200000, 0x0000000089300000|  0%| F|  |TAMS 0x0000000089200000, 0x0000000089200000| Untracked 
| 119|0x0000000089300000, 0x0000000089300000, 0x0000000089400000|  0%| F|  |TAMS 0x0000000089300000, 0x0000000089300000| Untracked 
| 120|0x0000000089400000, 0x0000000089400000, 0x0000000089500000|  0%| F|  |TAMS 0x0000000089400000, 0x0000000089400000| Untracked 
| 121|0x0000000089500000, 0x0000000089500000, 0x0000000089600000|  0%| F|  |TAMS 0x0000000089500000, 0x0000000089500000| Untracked 
| 122|0x0000000089600000, 0x0000000089600000, 0x0000000089700000|  0%| F|  |TAMS 0x0000000089600000, 0x0000000089600000| Untracked 
| 123|0x0000000089700000, 0x0000000089700000, 0x0000000089800000|  0%| F|  |TAMS 0x0000000089700000, 0x0000000089700000| Untracked 
| 124|0x0000000089800000, 0x0000000089800000, 0x0000000089900000|  0%| F|  |TAMS 0x0000000089800000, 0x0000000089800000| Untracked 
| 125|0x0000000089900000, 0x0000000089900000, 0x0000000089a00000|  0%| F|  |TAMS 0x0000000089900000, 0x0000000089900000| Untracked 
| 126|0x0000000089a00000, 0x0000000089a00000, 0x0000000089b00000|  0%| F|  |TAMS 0x0000000089a00000, 0x0000000089a00000| Untracked 
| 127|0x0000000089b00000, 0x0000000089b00000, 0x0000000089c00000|  0%| F|  |TAMS 0x0000000089b00000, 0x0000000089b00000| Untracked 
| 128|0x0000000089c00000, 0x0000000089c00000, 0x0000000089d00000|  0%| F|  |TAMS 0x0000000089c00000, 0x0000000089c00000| Untracked 
| 129|0x0000000089d00000, 0x0000000089d00000, 0x0000000089e00000|  0%| F|  |TAMS 0x0000000089d00000, 0x0000000089d00000| Untracked 
| 130|0x0000000089e00000, 0x0000000089e00000, 0x0000000089f00000|  0%| F|  |TAMS 0x0000000089e00000, 0x0000000089e00000| Untracked 
| 131|0x0000000089f00000, 0x0000000089f00000, 0x000000008a000000|  0%| F|  |TAMS 0x0000000089f00000, 0x0000000089f00000| Untracked 
| 132|0x000000008a000000, 0x000000008a000000, 0x000000008a100000|  0%| F|  |TAMS 0x000000008a000000, 0x000000008a000000| Untracked 
| 133|0x000000008a100000, 0x000000008a100000, 0x000000008a200000|  0%| F|  |TAMS 0x000000008a100000, 0x000000008a100000| Untracked 
| 134|0x000000008a200000, 0x000000008a200000, 0x000000008a300000|  0%| F|  |TAMS 0x000000008a200000, 0x000000008a200000| Untracked 
| 135|0x000000008a300000, 0x000000008a300000, 0x000000008a400000|  0%| F|  |TAMS 0x000000008a300000, 0x000000008a300000| Untracked 
| 136|0x000000008a400000, 0x000000008a400000, 0x000000008a500000|  0%| F|  |TAMS 0x000000008a400000, 0x000000008a400000| Untracked 
| 137|0x000000008a500000, 0x000000008a500000, 0x000000008a600000|  0%| F|  |TAMS 0x000000008a500000, 0x000000008a500000| Untracked 
| 138|0x000000008a600000, 0x000000008a600000, 0x000000008a700000|  0%| F|  |TAMS 0x000000008a600000, 0x000000008a600000| Untracked 
| 139|0x000000008a700000, 0x000000008a700000, 0x000000008a800000|  0%| F|  |TAMS 0x000000008a700000, 0x000000008a700000| Untracked 
| 140|0x000000008a800000, 0x000000008a800000, 0x000000008a900000|  0%| F|  |TAMS 0x000000008a800000, 0x000000008a800000| Untracked 
| 141|0x000000008a900000, 0x000000008a951310, 0x000000008aa00000| 31%| E|  |TAMS 0x000000008a900000, 0x000000008a900000| Complete 
| 142|0x000000008aa00000, 0x000000008ab00000, 0x000000008ab00000|100%| E|CS|TAMS 0x000000008aa00000, 0x000000008aa00000| Complete 
| 143|0x000000008ab00000, 0x000000008ac00000, 0x000000008ac00000|100%| E|CS|TAMS 0x000000008ab00000, 0x000000008ab00000| Complete 
| 144|0x000000008ac00000, 0x000000008ad00000, 0x000000008ad00000|100%| E|CS|TAMS 0x000000008ac00000, 0x000000008ac00000| Complete 
| 145|0x000000008ad00000, 0x000000008ae00000, 0x000000008ae00000|100%| E|CS|TAMS 0x000000008ad00000, 0x000000008ad00000| Complete 
| 146|0x000000008ae00000, 0x000000008af00000, 0x000000008af00000|100%| E|CS|TAMS 0x000000008ae00000, 0x000000008ae00000| Complete 
| 147|0x000000008af00000, 0x000000008b000000, 0x000000008b000000|100%| E|CS|TAMS 0x000000008af00000, 0x000000008af00000| Complete 
| 148|0x000000008b000000, 0x000000008b100000, 0x000000008b100000|100%| E|CS|TAMS 0x000000008b000000, 0x000000008b000000| Complete 
| 149|0x000000008b100000, 0x000000008b200000, 0x000000008b200000|100%| E|CS|TAMS 0x000000008b100000, 0x000000008b100000| Complete 
| 150|0x000000008b200000, 0x000000008b300000, 0x000000008b300000|100%| E|CS|TAMS 0x000000008b200000, 0x000000008b200000| Complete 
| 151|0x000000008b300000, 0x000000008b400000, 0x000000008b400000|100%| E|CS|TAMS 0x000000008b300000, 0x000000008b300000| Complete 
| 152|0x000000008b400000, 0x000000008b500000, 0x000000008b500000|100%| E|CS|TAMS 0x000000008b400000, 0x000000008b400000| Complete 
| 153|0x000000008b500000, 0x000000008b600000, 0x000000008b600000|100%| E|CS|TAMS 0x000000008b500000, 0x000000008b500000| Complete 
| 154|0x000000008b600000, 0x000000008b700000, 0x000000008b700000|100%| E|CS|TAMS 0x000000008b600000, 0x000000008b600000| Complete 
| 155|0x000000008b700000, 0x000000008b800000, 0x000000008b800000|100%| E|CS|TAMS 0x000000008b700000, 0x000000008b700000| Complete 
| 156|0x000000008b800000, 0x000000008b900000, 0x000000008b900000|100%| E|CS|TAMS 0x000000008b800000, 0x000000008b800000| Complete 
| 157|0x000000008b900000, 0x000000008ba00000, 0x000000008ba00000|100%| E|CS|TAMS 0x000000008b900000, 0x000000008b900000| Complete 
| 158|0x000000008ba00000, 0x000000008bb00000, 0x000000008bb00000|100%| E|CS|TAMS 0x000000008ba00000, 0x000000008ba00000| Complete 
| 159|0x000000008bb00000, 0x000000008bc00000, 0x000000008bc00000|100%| E|CS|TAMS 0x000000008bb00000, 0x000000008bb00000| Complete 
| 160|0x000000008bc00000, 0x000000008bd00000, 0x000000008bd00000|100%| E|CS|TAMS 0x000000008bc00000, 0x000000008bc00000| Complete 
| 161|0x000000008bd00000, 0x000000008be00000, 0x000000008be00000|100%| E|CS|TAMS 0x000000008bd00000, 0x000000008bd00000| Complete 
| 162|0x000000008be00000, 0x000000008bf00000, 0x000000008bf00000|100%| E|CS|TAMS 0x000000008be00000, 0x000000008be00000| Complete 
| 163|0x000000008bf00000, 0x000000008c000000, 0x000000008c000000|100%| E|CS|TAMS 0x000000008bf00000, 0x000000008bf00000| Complete 
| 164|0x000000008c000000, 0x000000008c100000, 0x000000008c100000|100%| E|CS|TAMS 0x000000008c000000, 0x000000008c000000| Complete 
| 165|0x000000008c100000, 0x000000008c200000, 0x000000008c200000|100%| E|CS|TAMS 0x000000008c100000, 0x000000008c100000| Complete 
| 166|0x000000008c200000, 0x000000008c300000, 0x000000008c300000|100%| E|CS|TAMS 0x000000008c200000, 0x000000008c200000| Complete 
| 167|0x000000008c300000, 0x000000008c400000, 0x000000008c400000|100%| E|CS|TAMS 0x000000008c300000, 0x000000008c300000| Complete 
| 168|0x000000008c400000, 0x000000008c500000, 0x000000008c500000|100%| E|CS|TAMS 0x000000008c400000, 0x000000008c400000| Complete 
| 169|0x000000008c500000, 0x000000008c600000, 0x000000008c600000|100%| E|CS|TAMS 0x000000008c500000, 0x000000008c500000| Complete 
| 170|0x000000008c600000, 0x000000008c700000, 0x000000008c700000|100%| E|CS|TAMS 0x000000008c600000, 0x000000008c600000| Complete 
| 171|0x000000008c700000, 0x000000008c800000, 0x000000008c800000|100%| E|CS|TAMS 0x000000008c700000, 0x000000008c700000| Complete 
| 172|0x000000008c800000, 0x000000008c900000, 0x000000008c900000|100%| E|CS|TAMS 0x000000008c800000, 0x000000008c800000| Complete 
| 173|0x000000008c900000, 0x000000008ca00000, 0x000000008ca00000|100%| E|CS|TAMS 0x000000008c900000, 0x000000008c900000| Complete 
| 174|0x000000008ca00000, 0x000000008cb00000, 0x000000008cb00000|100%| E|CS|TAMS 0x000000008ca00000, 0x000000008ca00000| Complete 
| 175|0x000000008cb00000, 0x000000008cc00000, 0x000000008cc00000|100%| E|CS|TAMS 0x000000008cb00000, 0x000000008cb00000| Complete 
| 176|0x000000008cc00000, 0x000000008cd00000, 0x000000008cd00000|100%| E|CS|TAMS 0x000000008cc00000, 0x000000008cc00000| Complete 
| 177|0x000000008cd00000, 0x000000008ce00000, 0x000000008ce00000|100%| E|CS|TAMS 0x000000008cd00000, 0x000000008cd00000| Complete 
| 178|0x000000008ce00000, 0x000000008cf00000, 0x000000008cf00000|100%| E|CS|TAMS 0x000000008ce00000, 0x000000008ce00000| Complete 
| 179|0x000000008cf00000, 0x000000008d000000, 0x000000008d000000|100%| E|CS|TAMS 0x000000008cf00000, 0x000000008cf00000| Complete 
| 180|0x000000008d000000, 0x000000008d100000, 0x000000008d100000|100%| E|CS|TAMS 0x000000008d000000, 0x000000008d000000| Complete 
| 181|0x000000008d100000, 0x000000008d200000, 0x000000008d200000|100%| E|CS|TAMS 0x000000008d100000, 0x000000008d100000| Complete 
| 182|0x000000008d200000, 0x000000008d300000, 0x000000008d300000|100%| E|CS|TAMS 0x000000008d200000, 0x000000008d200000| Complete 
| 183|0x000000008d300000, 0x000000008d400000, 0x000000008d400000|100%| E|CS|TAMS 0x000000008d300000, 0x000000008d300000| Complete 
| 184|0x000000008d400000, 0x000000008d500000, 0x000000008d500000|100%| E|CS|TAMS 0x000000008d400000, 0x000000008d400000| Complete 

Card table byte_map: [0x00000228471a0000,0x00000228475a0000] _byte_map_base: 0x0000022846d92000

Marking Bits (Prev, Next): (CMBitMap*) 0x000002282f44ce80, (CMBitMap*) 0x000002282f44ce48
 Prev Bits: [0x0000022849930000, 0x000002284b8c0000)
 Next Bits: [0x00000228479a0000, 0x0000022849930000)

Polling page: 0x000002282d390000

Metaspace:

Usage:
  Non-class:     69.60 MB capacity,    68.51 MB ( 98%) used,   878.87 KB (  1%) free+waste,   239.00 KB ( <1%) overhead. 
      Class:     10.51 MB capacity,     9.79 MB ( 93%) used,   627.43 KB (  6%) free+waste,   109.06 KB (  1%) overhead. 
       Both:     80.11 MB capacity,    78.30 MB ( 98%) used,     1.47 MB (  2%) free+waste,   348.06 KB ( <1%) overhead. 

Virtual space:
  Non-class space:       70.00 MB reserved,      69.75 MB (>99%) committed 
      Class space:        1.00 GB reserved,      10.63 MB (  1%) committed 
             Both:        1.07 GB reserved,      80.38 MB (  7%) committed 

Chunk freelists:
   Non-Class:  26.00 KB
       Class:  22.00 KB
        Both:  48.00 KB

MaxMetaspaceSize: 17179869184.00 GB
CompressedClassSpaceSize: 1.00 GB

CodeHeap 'non-profiled nmethods': size=120000Kb used=5683Kb max_used=5683Kb free=114316Kb
 bounds [0x000002283f540000, 0x000002283fad0000, 0x0000022846a70000]
CodeHeap 'profiled nmethods': size=120000Kb used=17680Kb max_used=17680Kb free=102319Kb
 bounds [0x0000022838010000, 0x0000022839160000, 0x000002283f540000]
CodeHeap 'non-nmethods': size=5760Kb used=1275Kb max_used=1319Kb free=4485Kb
 bounds [0x0000022837a70000, 0x0000022837ce0000, 0x0000022838010000]
 total_blobs=8803 nmethods=8140 adapters=573
 compilation: enabled
              stopped_count=0, restarted_count=0
 full_count=0

Compilation events (20 events):
Event: 72.534 Thread 0x000002284ec96000 nmethod 8232 0x000002283fac1710 code [0x000002283fac18c0, 0x000002283fac1978]
Event: 72.534 Thread 0x000002284ec96000 8233       1       org.hibernate.internal.SessionFactoryImpl$SessionBuilderImpl::shouldAutoClear (5 bytes)
Event: 72.534 Thread 0x000002284ec96000 nmethod 8233 0x000002283fac1a10 code [0x000002283fac1bc0, 0x000002283fac1c78]
Event: 72.534 Thread 0x000002284ec96000 8235       1       org.hibernate.internal.AbstractSharedSessionContract::setCacheMode (6 bytes)
Event: 72.534 Thread 0x000002284ec96000 nmethod 8235 0x000002283fac1d10 code [0x000002283fac1ec0, 0x000002283fac1fb8]
Event: 72.534 Thread 0x000002284ec96000 8229       3       org.apache.catalina.connector.Request$1::get (18 bytes)
Event: 72.534 Thread 0x000002284ec96000 nmethod 8229 0x0000022839154110 code [0x00000228391542c0, 0x0000022839154418]
Event: 72.534 Thread 0x000002284ec96000 8240       1       org.hibernate.resource.jdbc.internal.AbstractLogicalConnectionImplementor::getResourceRegistry (5 bytes)
Event: 72.534 Thread 0x000002284ec96000 nmethod 8240 0x000002283fac2010 code [0x000002283fac21c0, 0x000002283fac2278]
Event: 72.534 Thread 0x000002284ec96000 8241       1       org.hibernate.engine.internal.StatefulPersistenceContext::getSession (5 bytes)
Event: 72.534 Thread 0x000002284ec96000 nmethod 8241 0x000002283fac2310 code [0x000002283fac24c0, 0x000002283fac2578]
Event: 72.534 Thread 0x000002284ec96000 8242       1       org.apache.coyote.Request::remoteAddr (5 bytes)
Event: 72.535 Thread 0x000002284ec96000 nmethod 8242 0x000002283fac2610 code [0x000002283fac27c0, 0x000002283fac2878]
Event: 72.535 Thread 0x000002284ec96000 8228       1       org.apache.tomcat.util.net.AbstractEndpoint::getExecutor (5 bytes)
Event: 72.535 Thread 0x000002284ec96000 nmethod 8228 0x000002283fac2910 code [0x000002283fac2ac0, 0x000002283fac2b78]
Event: 72.542 Thread 0x000002284ec96000 8244       3       jdk.internal.misc.Unsafe::getAndAddLong (27 bytes)
Event: 72.543 Thread 0x000002284ec96000 nmethod 8244 0x0000022839154510 code [0x00000228391546c0, 0x0000022839154918]
Event: 72.564 Thread 0x000002284e33e000 nmethod 8029 0x000002283fac2c10 code [0x000002283fac30a0, 0x000002283fac7428]
Event: 72.564 Thread 0x000002284e33e000 8243   !   4       java.util.concurrent.ConcurrentHashMap::putVal (432 bytes)
Event: 72.649 Thread 0x000002284e33e000 nmethod 8243 0x000002283fac9e90 code [0x000002283faca0e0, 0x000002283facc030]

GC Heap History (20 events):
Event: 0.955 GC heap before
{Heap before GC invocations=1 (full 0):
 garbage-first heap   total 131072K, used 57873K [0x0000000081c00000, 0x0000000100000000)
  region size 1024K, 53 young (54272K), 3 survivors (3072K)
 Metaspace       used 15255K, capacity 15588K, committed 15872K, reserved 1062912K
  class space    used 1561K, capacity 1677K, committed 1792K, reserved 1048576K
}
Event: 0.959 GC heap after
{Heap after GC invocations=2 (full 0):
 garbage-first heap   total 131072K, used 8659K [0x0000000081c00000, 0x0000000100000000)
  region size 1024K, 4 young (4096K), 4 survivors (4096K)
 Metaspace       used 15255K, capacity 15588K, committed 15872K, reserved 1062912K
  class space    used 1561K, capacity 1677K, committed 1792K, reserved 1048576K
}
Event: 1.380 GC heap before
{Heap before GC invocations=2 (full 0):
 garbage-first heap   total 131072K, used 36307K [0x0000000081c00000, 0x0000000100000000)
  region size 1024K, 32 young (32768K), 4 survivors (4096K)
 Metaspace       used 20721K, capacity 21226K, committed 21248K, reserved 1069056K
  class space    used 2334K, capacity 2558K, committed 2560K, reserved 1048576K
}
Event: 1.386 GC heap after
{Heap after GC invocations=3 (full 0):
 garbage-first heap   total 131072K, used 10401K [0x0000000081c00000, 0x0000000100000000)
  region size 1024K, 6 young (6144K), 6 survivors (6144K)
 Metaspace       used 20721K, capacity 21226K, committed 21248K, reserved 1069056K
  class space    used 2334K, capacity 2558K, committed 2560K, reserved 1048576K
}
Event: 1.730 GC heap before
{Heap before GC invocations=4 (full 0):
 garbage-first heap   total 131072K, used 65697K [0x0000000081c00000, 0x0000000100000000)
  region size 1024K, 61 young (62464K), 6 survivors (6144K)
 Metaspace       used 25872K, capacity 26460K, committed 26624K, reserved 1073152K
  class space    used 3012K, capacity 3235K, committed 3328K, reserved 1048576K
}
Event: 1.737 GC heap after
{Heap after GC invocations=5 (full 0):
 garbage-first heap   total 131072K, used 12310K [0x0000000081c00000, 0x0000000100000000)
  region size 1024K, 5 young (5120K), 5 survivors (5120K)
 Metaspace       used 25872K, capacity 26460K, committed 26624K, reserved 1073152K
  class space    used 3012K, capacity 3235K, committed 3328K, reserved 1048576K
}
Event: 2.240 GC heap before
{Heap before GC invocations=5 (full 0):
 garbage-first heap   total 131072K, used 72726K [0x0000000081c00000, 0x0000000100000000)
  region size 1024K, 65 young (66560K), 5 survivors (5120K)
 Metaspace       used 29542K, capacity 30309K, committed 30464K, reserved 1075200K
  class space    used 3464K, capacity 3769K, committed 3840K, reserved 1048576K
}
Event: 2.246 GC heap after
{Heap after GC invocations=6 (full 0):
 garbage-first heap   total 131072K, used 13653K [0x0000000081c00000, 0x0000000100000000)
  region size 1024K, 6 young (6144K), 6 survivors (6144K)
 Metaspace       used 29542K, capacity 30309K, committed 30464K, reserved 1075200K
  class space    used 3464K, capacity 3769K, committed 3840K, reserved 1048576K
}
Event: 3.779 GC heap before
{Heap before GC invocations=6 (full 0):
 garbage-first heap   total 131072K, used 55637K [0x0000000081c00000, 0x0000000100000000)
  region size 1024K, 48 young (49152K), 6 survivors (6144K)
 Metaspace       used 34783K, capacity 35741K, committed 35840K, reserved 1081344K
  class space    used 4167K, capacity 4542K, committed 4608K, reserved 1048576K
}
Event: 3.798 GC heap after
{Heap after GC invocations=7 (full 0):
 garbage-first heap   total 157696K, used 15834K [0x0000000081c00000, 0x0000000100000000)
  region size 1024K, 8 young (8192K), 8 survivors (8192K)
 Metaspace       used 34783K, capacity 35741K, committed 35840K, reserved 1081344K
  class space    used 4167K, capacity 4542K, committed 4608K, reserved 1048576K
}
Event: 5.599 GC heap before
{Heap before GC invocations=8 (full 0):
 garbage-first heap   total 157696K, used 89562K [0x0000000081c00000, 0x0000000100000000)
  region size 1024K, 81 young (82944K), 8 survivors (8192K)
 Metaspace       used 40006K, capacity 41123K, committed 41344K, reserved 1085440K
  class space    used 4770K, capacity 5225K, committed 5248K, reserved 1048576K
}
Event: 5.609 GC heap after
{Heap after GC invocations=9 (full 0):
 garbage-first heap   total 157696K, used 18112K [0x0000000081c00000, 0x0000000100000000)
  region size 1024K, 8 young (8192K), 8 survivors (8192K)
 Metaspace       used 40006K, capacity 41123K, committed 41344K, reserved 1085440K
  class space    used 4770K, capacity 5225K, committed 5248K, reserved 1048576K
}
Event: 6.632 GC heap before
{Heap before GC invocations=9 (full 0):
 garbage-first heap   total 157696K, used 103104K [0x0000000081c00000, 0x0000000100000000)
  region size 1024K, 92 young (94208K), 8 survivors (8192K)
 Metaspace       used 47381K, capacity 48590K, committed 48896K, reserved 1091584K
  class space    used 5839K, capacity 6327K, committed 6400K, reserved 1048576K
}
Event: 6.641 GC heap after
{Heap after GC invocations=10 (full 0):
 garbage-first heap   total 157696K, used 20758K [0x0000000081c00000, 0x0000000100000000)
  region size 1024K, 9 young (9216K), 9 survivors (9216K)
 Metaspace       used 47381K, capacity 48590K, committed 48896K, reserved 1091584K
  class space    used 5839K, capacity 6327K, committed 6400K, reserved 1048576K
}
Event: 8.678 GC heap before
{Heap before GC invocations=10 (full 0):
 garbage-first heap   total 157696K, used 85270K [0x0000000081c00000, 0x0000000100000000)
  region size 1024K, 73 young (74752K), 9 survivors (9216K)
 Metaspace       used 58688K, capacity 60010K, committed 60160K, reserved 1101824K
  class space    used 7335K, capacity 7821K, committed 7936K, reserved 1048576K
}
Event: 8.688 GC heap after
{Heap after GC invocations=11 (full 0):
 garbage-first heap   total 157696K, used 25534K [0x0000000081c00000, 0x0000000100000000)
  region size 1024K, 10 young (10240K), 10 survivors (10240K)
 Metaspace       used 58688K, capacity 60010K, committed 60160K, reserved 1101824K
  class space    used 7335K, capacity 7821K, committed 7936K, reserved 1048576K
}
Event: 46.507 GC heap before
{Heap before GC invocations=12 (full 0):
 garbage-first heap   total 157696K, used 109502K [0x0000000081c00000, 0x0000000100000000)
  region size 1024K, 92 young (94208K), 10 survivors (10240K)
 Metaspace       used 69155K, capacity 70685K, committed 70784K, reserved 1110016K
  class space    used 8698K, capacity 9275K, committed 9344K, reserved 1048576K
}
Event: 46.518 GC heap after
{Heap after GC invocations=13 (full 0):
 garbage-first heap   total 189440K, used 26423K [0x0000000081c00000, 0x0000000100000000)
  region size 1024K, 6 young (6144K), 6 survivors (6144K)
 Metaspace       used 69155K, capacity 70685K, committed 70784K, reserved 1110016K
  class space    used 8698K, capacity 9275K, committed 9344K, reserved 1048576K
}
Event: 55.520 GC heap before
{Heap before GC invocations=13 (full 0):
 garbage-first heap   total 189440K, used 133943K [0x0000000081c00000, 0x0000000100000000)
  region size 1024K, 111 young (113664K), 6 survivors (6144K)
 Metaspace       used 79669K, capacity 81576K, committed 81792K, reserved 1120256K
  class space    used 10020K, capacity 10760K, committed 10880K, reserved 1048576K
}
Event: 55.528 GC heap after
{Heap after GC invocations=14 (full 0):
 garbage-first heap   total 189440K, used 34494K [0x0000000081c00000, 0x0000000100000000)
  region size 1024K, 14 young (14336K), 14 survivors (14336K)
 Metaspace       used 79669K, capacity 81576K, committed 81792K, reserved 1120256K
  class space    used 10020K, capacity 10760K, committed 10880K, reserved 1048576K
}

Deoptimization events (20 events):
Event: 53.711 Thread 0x00000228531e0800 DEOPT UNPACKING pc=0x0000022837a974af sp=0x0000003f734faad8 mode 2
Event: 53.711 Thread 0x00000228531dd800 DEOPT UNPACKING pc=0x0000022837a974af sp=0x0000003f733facd8 mode 2
Event: 53.714 Thread 0x0000022852346800 Uncommon trap: trap_request=0xffffff4d fr.pc=0x000002283f96a4a4 relative=0x0000000000000f24
Event: 53.714 Thread 0x0000022852346800 Uncommon trap: reason=unstable_if action=reinterpret pc=0x000002283f96a4a4 method=java.lang.reflect.Executable.declaredAnnotations()Ljava/util/Map; @ 19 c2
Event: 53.714 Thread 0x0000022852346800 DEOPT PACKING pc=0x000002283f96a4a4 sp=0x0000003f72cfab90
Event: 53.714 Thread 0x0000022852346800 DEOPT UNPACKING pc=0x0000022837a974af sp=0x0000003f72cfab18 mode 2
Event: 56.328 Thread 0x00000228531de800 Uncommon trap: trap_request=0xffffff4d fr.pc=0x000002283f74ae4c relative=0x00000000000004ac
Event: 56.328 Thread 0x00000228531de800 Uncommon trap: reason=unstable_if action=reinterpret pc=0x000002283f74ae4c method=java.util.Properties.load0(Ljava/util/Properties$LineReader;)V @ 79 c2
Event: 56.328 Thread 0x00000228531de800 DEOPT PACKING pc=0x000002283f74ae4c sp=0x0000003f735fae90
Event: 56.328 Thread 0x00000228531de800 DEOPT UNPACKING pc=0x0000022837a974af sp=0x0000003f735fae48 mode 2
Event: 57.970 Thread 0x00000228531dd800 Uncommon trap: trap_request=0xffffff76 fr.pc=0x000002283f9fdb30 relative=0x0000000000000270
Event: 57.970 Thread 0x00000228531dd800 Uncommon trap: reason=loop_limit_check action=maybe_recompile pc=0x000002283f9fdb30 method=org.attoparser.ParsingMarkupUtil.findNextNonWhitespaceCharWildcard([CII[I)I @ 13 c2
Event: 57.970 Thread 0x00000228531dd800 DEOPT PACKING pc=0x000002283f9fdb30 sp=0x0000003f733fa690
Event: 57.970 Thread 0x00000228531dd800 DEOPT UNPACKING pc=0x0000022837a974af sp=0x0000003f733fa600 mode 2
Event: 57.970 Thread 0x00000228531dd800 Uncommon trap: trap_request=0xffffff76 fr.pc=0x000002283fa4b65c relative=0x000000000000041c
Event: 57.970 Thread 0x00000228531dd800 Uncommon trap: reason=loop_limit_check action=maybe_recompile pc=0x000002283fa4b65c method=org.attoparser.ParsingMarkupUtil.findNextWhitespaceCharWildcard([CIIZ[I)I @ 19 c2
Event: 57.970 Thread 0x00000228531dd800 DEOPT PACKING pc=0x000002283fa4b65c sp=0x0000003f733fa7a0
Event: 57.970 Thread 0x00000228531dd800 DEOPT UNPACKING pc=0x0000022837a974af sp=0x0000003f733fa700 mode 2
Event: 72.530 Thread 0x00000228531dd800 DEOPT PACKING pc=0x000002283806be9b sp=0x0000003f733fca80
Event: 72.530 Thread 0x00000228531dd800 DEOPT UNPACKING pc=0x0000022837a972ce sp=0x0000003f733fbfc0 mode 0

Classes redefined (0 events):
No events

Internal exceptions (20 events):
Event: 46.733 Thread 0x000002284f008800 Exception <a 'java/lang/ClassNotFoundException'{0x000000008ca6e8b8}: org/springframework/beans/factory/BeanClassLoaderAwareCustomizer> (0x000000008ca6e8b8) thrown at [./src/hotspot/share/classfile/systemDictionary.cpp, line 231]
Event: 46.734 Thread 0x000002284f008800 Exception <a 'java/lang/ClassNotFoundException'{0x000000008ca7c5e8}: org/springframework/beans/factory/AwareCustomizer> (0x000000008ca7c5e8) thrown at [./src/hotspot/share/classfile/systemDictionary.cpp, line 231]
Event: 46.798 Thread 0x000002284f008800 Implicit null exception at 0x000002283f659c5d to 0x000002283f659d16
Event: 47.079 Thread 0x000002284f008800 Exception <a 'java/lang/IncompatibleClassChangeError'{0x000000008b9b8e70}: Found class java.lang.Object, but interface was expected> (0x000000008b9b8e70) thrown at [./src/hotspot/share/interpreter/linkResolver.cpp, line 839]
Event: 47.123 Thread 0x000002284f008800 Exception <a 'java/lang/ClassNotFoundException'{0x000000008b7fdb70}: java/lang/ObjectCustomizer> (0x000000008b7fdb70) thrown at [./src/hotspot/share/classfile/systemDictionary.cpp, line 231]
Event: 47.123 Thread 0x000002284f008800 Exception <a 'java/lang/ClassNotFoundException'{0x000000008b614da0}: org/springframework/security/config/annotation/web/configuration/HttpSecurityConfigurationCustomizer> (0x000000008b614da0) thrown at [./src/hotspot/share/classfile/systemDictionary.cpp, line 231]
Event: 47.137 Thread 0x000002284f008800 Exception <a 'java/lang/NoSuchMethodError'{0x000000008b69f688}: 'java.lang.Object java.lang.invoke.DirectMethodHandle$Holder.invokeInterface(java.lang.Object, java.lang.Object, java.lang.Object, java.lang.Object)'> (0x000000008b69f688) thrown at [./src/hotspot/share/interpreter/linkResolver.cpp, line 773]
Event: 47.165 Thread 0x000002284f008800 Exception <a 'java/lang/NoSuchMethodError'{0x000000008b4bbe98}: 'void java.lang.invoke.DirectMethodHandle$Holder.invokeVirtual(java.lang.Object, java.lang.Object, int)'> (0x000000008b4bbe98) thrown at [./src/hotspot/share/interpreter/linkResolver.cpp, line 773]
Event: 47.167 Thread 0x000002284f008800 Exception <a 'java/lang/NoSuchMethodError'{0x000000008b4d5a60}: 'void java.lang.invoke.DirectMethodHandle$Holder.invokeVirtual(java.lang.Object, java.lang.Object, long)'> (0x000000008b4d5a60) thrown at [./src/hotspot/share/interpreter/linkResolver.cpp, line 773]
Event: 47.316 Thread 0x000002284f008800 Exception <a 'java/lang/ClassNotFoundException'{0x000000008acf9828}: java/lang/ObjectCustomizer> (0x000000008acf9828) thrown at [./src/hotspot/share/classfile/systemDictionary.cpp, line 231]
Event: 47.316 Thread 0x000002284f008800 Exception <a 'java/lang/ClassNotFoundException'{0x000000008ab09c20}: com/example/demo/entity/financeCustomizer> (0x000000008ab09c20) thrown at [./src/hotspot/share/classfile/systemDictionary.cpp, line 231]
Event: 47.762 Thread 0x000002284f008800 Exception <a 'java/lang/NoSuchMethodError'{0x0000000089d8d080}: 'java.lang.Object java.lang.invoke.DirectMethodHandle$Holder.invokeSpecial(java.lang.Object, java.lang.Object, int, java.lang.Object, int, java.lang.Object)'> (0x0000000089d8d080) thrown at [./src/hotspot/share/interpreter/linkResolver.cpp, line 773]
Event: 47.762 Thread 0x000002284f008800 Exception <a 'java/lang/NoSuchMethodError'{0x0000000089d94810}: 'java.lang.Object java.lang.invoke.DirectMethodHandle$Holder.invokeStatic(java.lang.Object, java.lang.Object, int, java.lang.Object, int)'> (0x0000000089d94810) thrown at [./src/hotspot/share/interpreter/linkResolver.cpp, line 773]
Event: 47.762 Thread 0x000002284f008800 Exception <a 'java/lang/NoSuchMethodError'{0x0000000089d97ff0}: 'java.lang.Object java.lang.invoke.DirectMethodHandle$Holder.invokeSpecial(java.lang.Object, java.lang.Object, java.lang.Object, int, java.lang.Object, int)'> (0x0000000089d97ff0) thrown at [./src/hotspot/share/interpreter/linkResolver.cpp, line 773]
Event: 47.763 Thread 0x000002284f008800 Exception <a 'java/lang/NoSuchMethodError'{0x0000000089da1b98}: 'void java.lang.invoke.DirectMethodHandle$Holder.invokeVirtual(java.lang.Object, java.lang.Object)'> (0x0000000089da1b98) thrown at [./src/hotspot/share/interpreter/linkResolver.cpp, line 773]
Event: 53.577 Thread 0x00000228531da000 Exception <a 'java/lang/NoSuchMethodError'{0x0000000089bf31d8}: 'java.lang.Object java.lang.invoke.DirectMethodHandle$Holder.invokeStatic(java.lang.Object, int, java.lang.Object, java.lang.Object)'> (0x0000000089bf31d8) thrown at [./src/hotspot/share/interpreter/linkResolver.cpp, line 773]
Event: 53.578 Thread 0x00000228531da000 Exception <a 'java/lang/NoSuchMethodError'{0x0000000089bfa4c0}: 'java.lang.Object java.lang.invoke.DirectMethodHandle$Holder.invokeSpecial(java.lang.Object, java.lang.Object, int, java.lang.Object, java.lang.Object)'> (0x0000000089bfa4c0) thrown at [./src/hotspot/share/interpreter/linkResolver.cpp, line 773]
Event: 53.579 Thread 0x00000228531e0800 Exception <a 'java/lang/NoSuchMethodError'{0x0000000089a1ab78}: 'java.lang.Object java.lang.invoke.Invokers$Holder.linkToTargetMethod(int, java.lang.Object, java.lang.Object, java.lang.Object)'> (0x0000000089a1ab78) thrown at [./src/hotspot/share/interpreter/linkResolver.cpp, line 773]
Event: 72.536 Thread 0x0000022852347000 Exception <a 'java/io/IOException'{0x000000008abe27c8}> (0x000000008abe27c8) thrown at [./src/hotspot/share/prims/jni.cpp, line 615]
Event: 72.541 Thread 0x0000022852347000 Exception <a 'java/io/IOException'{0x000000008abf27c0}> (0x000000008abf27c0) thrown at [./src/hotspot/share/prims/jni.cpp, line 615]

Events (20 events):
Event: 70.882 Executing VM operation: RevokeBias done
Event: 72.169 Thread 0x00000228531e1800 Thread added: 0x00000228531e1800
Event: 72.234 Executing VM operation: RevokeBias
Event: 72.234 Executing VM operation: RevokeBias done
Event: 72.380 Executing VM operation: RevokeBias
Event: 72.380 Executing VM operation: RevokeBias done
Event: 72.381 Executing VM operation: RevokeBias
Event: 72.381 Executing VM operation: RevokeBias done
Event: 72.381 Executing VM operation: RevokeBias
Event: 72.381 Executing VM operation: RevokeBias done
Event: 72.388 Executing VM operation: RevokeBias
Event: 72.391 Executing coalesced safepoint VM operation: RevokeBias
Event: 72.391 Executing coalesced safepoint VM operation: RevokeBias done
Event: 72.391 Executing VM operation: RevokeBias done
Event: 72.537 loading class org/springframework/web/servlet/ModelAndViewDefiningException
Event: 72.537 loading class org/springframework/web/servlet/ModelAndViewDefiningException done
Event: 72.538 loading class org/springframework/web/server/ResponseStatusException
Event: 72.538 loading class org/springframework/web/server/ResponseStatusException done
Event: 72.539 loading class org/springframework/web/context/request/async/AsyncRequestTimeoutException
Event: 72.539 loading class org/springframework/web/context/request/async/AsyncRequestTimeoutException done


Dynamic libraries:
0x00007ff67f420000 - 0x00007ff67f42d000 	C:\Program Files\AdoptOpenJDK\jdk-11.0.8.10-hotspot\bin\java.exe
0x00007ff95df90000 - 0x00007ff95e185000 	C:\WINDOWS\SYSTEM32\ntdll.dll
0x00007ff95d680000 - 0x00007ff95d73d000 	C:\WINDOWS\System32\KERNEL32.DLL
0x00007ff95ba90000 - 0x00007ff95bd59000 	C:\WINDOWS\System32\KERNELBASE.dll
0x00007ff95b990000 - 0x00007ff95ba90000 	C:\WINDOWS\System32\ucrtbase.dll
0x00007ff958c90000 - 0x00007ff958ca7000 	C:\Program Files\AdoptOpenJDK\jdk-11.0.8.10-hotspot\bin\jli.dll
0x00007ff95da10000 - 0x00007ff95dbb0000 	C:\WINDOWS\System32\USER32.dll
0x00007ff9568f0000 - 0x00007ff956905000 	C:\Program Files\AdoptOpenJDK\jdk-11.0.8.10-hotspot\bin\VCRUNTIME140.dll
0x00007ff95b6c0000 - 0x00007ff95b6e2000 	C:\WINDOWS\System32\win32u.dll
0x00007ff93f360000 - 0x00007ff93f5fa000 	C:\WINDOWS\WinSxS\amd64_microsoft.windows.common-controls_6595b64144ccf1df_6.0.19041.1110_none_60b5254171f9507e\COMCTL32.dll
0x00007ff95dbb0000 - 0x00007ff95dbda000 	C:\WINDOWS\System32\GDI32.dll
0x00007ff95b6f0000 - 0x00007ff95b7fb000 	C:\WINDOWS\System32\gdi32full.dll
0x00007ff95d490000 - 0x00007ff95d52e000 	C:\WINDOWS\System32\msvcrt.dll
0x00007ff95bf50000 - 0x00007ff95bfed000 	C:\WINDOWS\System32\msvcp_win.dll
0x00007ff95d460000 - 0x00007ff95d490000 	C:\WINDOWS\System32\IMM32.DLL
0x00007ff950c90000 - 0x00007ff950d2b000 	C:\Program Files\AdoptOpenJDK\jdk-11.0.8.10-hotspot\bin\msvcp140.dll
0x00007ff911990000 - 0x00007ff91244d000 	C:\Program Files\AdoptOpenJDK\jdk-11.0.8.10-hotspot\bin\server\jvm.dll
0x00007ff95bff0000 - 0x00007ff95c09c000 	C:\WINDOWS\System32\ADVAPI32.dll
0x00007ff95cef0000 - 0x00007ff95cf8b000 	C:\WINDOWS\System32\sechost.dll
0x00007ff95d8c0000 - 0x00007ff95d9ea000 	C:\WINDOWS\System32\RPCRT4.dll
0x00007ff95d090000 - 0x00007ff95d098000 	C:\WINDOWS\System32\PSAPI.DLL
0x00007ff94bf30000 - 0x00007ff94bf39000 	C:\WINDOWS\SYSTEM32\WSOCK32.dll
0x00007ff94c6a0000 - 0x00007ff94c6c7000 	C:\WINDOWS\SYSTEM32\WINMM.dll
0x00007ff953f00000 - 0x00007ff953f0a000 	C:\WINDOWS\SYSTEM32\VERSION.dll
0x00007ff95d590000 - 0x00007ff95d5fb000 	C:\WINDOWS\System32\WS2_32.dll
0x00007ff959f50000 - 0x00007ff959f62000 	C:\WINDOWS\SYSTEM32\kernel.appcore.dll
0x00007ff956d40000 - 0x00007ff956d50000 	C:\Program Files\AdoptOpenJDK\jdk-11.0.8.10-hotspot\bin\verify.dll
0x00007ff9594d0000 - 0x00007ff9596b4000 	C:\WINDOWS\SYSTEM32\DBGHELP.DLL
0x00007ff9422c0000 - 0x00007ff9422ec000 	C:\WINDOWS\SYSTEM32\dbgcore.DLL
0x00007ff95b900000 - 0x00007ff95b983000 	C:\WINDOWS\System32\bcryptPrimitives.dll
0x00007ff955560000 - 0x00007ff955588000 	C:\Program Files\AdoptOpenJDK\jdk-11.0.8.10-hotspot\bin\java.dll
0x00007ff955710000 - 0x00007ff95571a000 	C:\Program Files\AdoptOpenJDK\jdk-11.0.8.10-hotspot\bin\jimage.dll
0x00007ff954fe0000 - 0x00007ff954fee000 	C:\Program Files\AdoptOpenJDK\jdk-11.0.8.10-hotspot\bin\instrument.dll
0x00007ff955540000 - 0x00007ff955557000 	C:\Program Files\AdoptOpenJDK\jdk-11.0.8.10-hotspot\bin\zip.dll
0x00007ff95c200000 - 0x00007ff95c93f000 	C:\WINDOWS\System32\SHELL32.dll
0x00007ff9597b0000 - 0x00007ff959f40000 	C:\WINDOWS\SYSTEM32\windows.storage.dll
0x00007ff95d100000 - 0x00007ff95d455000 	C:\WINDOWS\System32\combase.dll
0x00007ff95b050000 - 0x00007ff95b07c000 	C:\WINDOWS\SYSTEM32\Wldp.dll
0x00007ff95c0a0000 - 0x00007ff95c14e000 	C:\WINDOWS\System32\SHCORE.dll
0x00007ff95d530000 - 0x00007ff95d585000 	C:\WINDOWS\System32\shlwapi.dll
0x00007ff95b600000 - 0x00007ff95b61f000 	C:\WINDOWS\SYSTEM32\profapi.dll
0x00007ff954320000 - 0x00007ff954339000 	C:\Program Files\AdoptOpenJDK\jdk-11.0.8.10-hotspot\bin\net.dll
0x00007ff9511c0000 - 0x00007ff9512c8000 	C:\WINDOWS\SYSTEM32\WINHTTP.dll
0x00007ff95adb0000 - 0x00007ff95ae1a000 	C:\WINDOWS\system32\mswsock.dll
0x00007ff950c70000 - 0x00007ff950c82000 	C:\Program Files\AdoptOpenJDK\jdk-11.0.8.10-hotspot\bin\nio.dll
0x00007ff950c50000 - 0x00007ff950c6a000 	D:\IntelliJ IDEA 2021.1\bin\breakgen64.dll
0x00007ff954030000 - 0x00007ff954039000 	C:\Program Files\AdoptOpenJDK\jdk-11.0.8.10-hotspot\bin\management.dll
0x00007ff953ce0000 - 0x00007ff953ceb000 	C:\Program Files\AdoptOpenJDK\jdk-11.0.8.10-hotspot\bin\management_ext.dll
0x00007ff93cc20000 - 0x00007ff93cc37000 	C:\WINDOWS\system32\napinsp.dll
0x00007ff93a170000 - 0x00007ff93a18b000 	C:\WINDOWS\system32\pnrpnsp.dll
0x00007ff955c70000 - 0x00007ff955c85000 	C:\WINDOWS\system32\wshbth.dll
0x00007ff956800000 - 0x00007ff95681d000 	C:\WINDOWS\system32\NLAapi.dll
0x00007ff95aaa0000 - 0x00007ff95aadb000 	C:\WINDOWS\SYSTEM32\IPHLPAPI.DLL
0x00007ff95aae0000 - 0x00007ff95abac000 	C:\WINDOWS\SYSTEM32\DNSAPI.dll
0x00007ff95d9f0000 - 0x00007ff95d9f8000 	C:\WINDOWS\System32\NSI.dll
0x00007ff939a10000 - 0x00007ff939a22000 	C:\WINDOWS\System32\winrnr.dll
0x00007ff952f60000 - 0x00007ff952f6a000 	C:\Windows\System32\rasadhlp.dll
0x00007ff951560000 - 0x00007ff9515df000 	C:\WINDOWS\System32\fwpuclnt.dll
0x00007ff95bf20000 - 0x00007ff95bf47000 	C:\WINDOWS\System32\bcrypt.dll
0x0000000180000000 - 0x0000000180285000 	D:\apache-tomcat-9.0.37\bin\tcnative-1.dll
0x00007ff95bdc0000 - 0x00007ff95bf1f000 	C:\WINDOWS\System32\CRYPT32.dll
0x00007ff95afb0000 - 0x00007ff95afc8000 	C:\WINDOWS\SYSTEM32\CRYPTSP.dll
0x00007ff95a730000 - 0x00007ff95a764000 	C:\WINDOWS\system32\rsaenh.dll
0x00007ff95b5c0000 - 0x00007ff95b5ee000 	C:\WINDOWS\SYSTEM32\USERENV.dll
0x00007ff95afa0000 - 0x00007ff95afac000 	C:\WINDOWS\SYSTEM32\CRYPTBASE.dll
0x00007ff9526f0000 - 0x00007ff952707000 	C:\WINDOWS\SYSTEM32\dhcpcsvc6.DLL
0x00007ff952850000 - 0x00007ff95286d000 	C:\WINDOWS\SYSTEM32\dhcpcsvc.DLL
0x00007ff950c30000 - 0x00007ff950c3e000 	C:\Program Files\AdoptOpenJDK\jdk-11.0.8.10-hotspot\bin\sunmscapi.dll
0x00007ff95b0c0000 - 0x00007ff95b0e7000 	C:\WINDOWS\SYSTEM32\ncrypt.dll
0x00007ff95b080000 - 0x00007ff95b0bb000 	C:\WINDOWS\SYSTEM32\NTASN1.dll
0x00007ff950c00000 - 0x00007ff950c25000 	C:\Program Files\AdoptOpenJDK\jdk-11.0.8.10-hotspot\bin\sunec.dll

dbghelp: loaded successfully - version: 4.0.5 - missing functions: none
symbol engine: initialized successfully - sym options: 0x614 - pdb path: .;C:\Program Files\AdoptOpenJDK\jdk-11.0.8.10-hotspot\bin;C:\WINDOWS\SYSTEM32;C:\WINDOWS\WinSxS\amd64_microsoft.windows.common-controls_6595b64144ccf1df_6.0.19041.1110_none_60b5254171f9507e;C:\Program Files\AdoptOpenJDK\jdk-11.0.8.10-hotspot\bin\server;D:\IntelliJ IDEA 2021.1\bin;D:\apache-tomcat-9.0.37\bin

VM Arguments:
jvm_args: -javaagent:D:\IntelliJ IDEA 2021.1\lib\idea_rt.jar=55529:D:\IntelliJ IDEA 2021.1\bin -Dfile.encoding=UTF-8 
java_command: com.example.demo.SpringbootProjectApplication
java_class_path (initial): C:\Users\Admin\eclipse-workspace\Springboot_project\target\classes;C:\Users\Admin\.m2\repository\org\springframework\boot\spring-boot-starter-security\2.4.5\spring-boot-starter-security-2.4.5.jar;C:\Users\Admin\.m2\repository\org\springframework\boot\spring-boot-starter\2.4.5\spring-boot-starter-2.4.5.jar;C:\Users\Admin\.m2\repository\org\springframework\boot\spring-boot-starter-logging\2.4.5\spring-boot-starter-logging-2.4.5.jar;C:\Users\Admin\.m2\repository\ch\qos\logback\logback-classic\1.2.3\logback-classic-1.2.3.jar;C:\Users\Admin\.m2\repository\ch\qos\logback\logback-core\1.2.3\logback-core-1.2.3.jar;C:\Users\Admin\.m2\repository\org\apache\logging\log4j\log4j-to-slf4j\2.13.3\log4j-to-slf4j-2.13.3.jar;C:\Users\Admin\.m2\repository\org\apache\logging\log4j\log4j-api\2.13.3\log4j-api-2.13.3.jar;C:\Users\Admin\.m2\repository\org\slf4j\jul-to-slf4j\1.7.30\jul-to-slf4j-1.7.30.jar;C:\Users\Admin\.m2\repository\jakarta\annotation\jakarta.annotation-api\1.3.5\jakarta.annotation-api-1.3.5.jar;C:\Users\Admin\.m2\repository\org\yaml\snakeyaml\1.27\snakeyaml-1.27.jar;C:\Users\Admin\.m2\repository\org\springframework\spring-aop\5.3.6\spring-aop-5.3.6.jar;C:\Users\Admin\.m2\repository\org\springframework\spring-beans\5.3.6\spring-beans-5.3.6.jar;C:\Users\Admin\.m2\repository\org\springframework\security\spring-security-config\5.4.6\spring-security-config-5.4.6.jar;C:\Users\Admin\.m2\repository\org\springframework\spring-context\5.3.6\spring-context-5.3.6.jar;C:\Users\Admin\.m2\repository\org\springframework\security\spring-security-web\5.4.6\spring-security-web-5.4.6.jar;C:\Users\Admin\.m2\repository\org\springframework\spring-expression\5.3.6\spring-expression-5.3.6.jar;C:\Users\Admin\.m2\repository\org\springframework\boot\spring-boot-starter-thymeleaf\2.4.5\spring-boot-starter-thymeleaf-2.4.5.jar;C:\Users\Admin\.m2\repository\org\thymeleaf\thymeleaf-spring5\3.0.12.RELEASE\thymeleaf-spring5-3.0.12.RELEASE.jar;C:\Users\Admin\.m2\repository\org\
Launcher Type: SUN_STANDARD

[Global flags]
     intx CICompilerCount                          = 4                                         {product} {ergonomic}
     uint ConcGCThreads                            = 2                                         {product} {ergonomic}
     uint G1ConcRefinementThreads                  = 8                                         {product} {ergonomic}
   size_t G1HeapRegionSize                         = 1048576                                   {product} {ergonomic}
    uintx GCDrainStackTargetSize                   = 64                                        {product} {ergonomic}
   size_t InitialHeapSize                          = 134217728                                 {product} {ergonomic}
   size_t MarkStackSize                            = 4194304                                   {product} {ergonomic}
   size_t MaxHeapSize                              = 2118123520                                {product} {ergonomic}
   size_t MaxNewSize                               = 1270874112                                {product} {ergonomic}
   size_t MinHeapDeltaBytes                        = 1048576                                   {product} {ergonomic}
    uintx NonNMethodCodeHeapSize                   = 5836300                                {pd product} {ergonomic}
    uintx NonProfiledCodeHeapSize                  = 122910970                              {pd product} {ergonomic}
    uintx ProfiledCodeHeapSize                     = 122910970                              {pd product} {ergonomic}
    uintx ReservedCodeCacheSize                    = 251658240                              {pd product} {ergonomic}
     bool SegmentedCodeCache                       = true                                      {product} {ergonomic}
     bool UseCompressedClassPointers               = true                                 {lp64_product} {ergonomic}
     bool UseCompressedOops                        = true                                 {lp64_product} {ergonomic}
     bool UseG1GC                                  = true                                      {product} {ergonomic}
     bool UseLargePagesIndividualAllocation        = false                                  {pd product} {ergonomic}

Logging:
Log output configuration:
 #0: stdout all=warning uptime,level,tags
 #1: stderr all=off uptime,level,tags

Environment Variables:
JAVA_HOME=C:\Program Files\AdoptOpenJDK\jdk-11.0.8.10-hotspot\
PATH=C:\Program Files\AdoptOpenJDK\jdk-11.0.8.10-hotspot\bin;C:\WINDOWS\system32;C:\WINDOWS;C:\WINDOWS\System32\Wbem;C:\WINDOWS\System32\WindowsPowerShell\v1.0\;C:\WINDOWS\System32\OpenSSH\;C:\Program Files (x86)\Microsoft SQL Server\110\Tools\Binn\ManagementStudio\;C:\Program Files (x86)\Microsoft SQL Server\110\Tools\Binn\;C:\Program Files\Microsoft SQL Server\110\Tools\Binn\;C:\Program Files (x86)\Microsoft SQL Server\110\DTS\Binn\;C:\Program Files\Microsoft SQL Server\Client SDK\ODBC\110\Tools\Binn\;C:\Program Files (x86)\Microsoft SQL Server\120\Tools\Binn\;C:\Program Files\Microsoft SQL Server\120\Tools\Binn\;C:\Program Files\Microsoft SQL Server\120\DTS\Binn\;C:\Program Files (x86)\Microsoft SQL Server\120\Tools\Binn\ManagementStudio\;C:\Program Files (x86)\Microsoft SQL Server\120\DTS\Binn\;C:\Users\Admin\Downloads\apache-maven-3.6.0;C:\Users\Admin\Downloads\apache-maven-3.6.0\bin;C:\Program Files\NVIDIA Corporation\NVIDIA NvDLISR;C:\Program Files (x86)\NVIDIA Corporation\PhysX\Common;C:\Users\Admin\Downloads\apache-maven-3.6.0\bin;C:\Program Files\nodejs\;C:\Program Files\Git\cmd;C:\WINDOWS\system32;C:\WINDOWS;C:\WINDOWS\System32\Wbem;C:\WINDOWS\System32\WindowsPowerShell\v1.0\;C:\WINDOWS\System32\OpenSSH\;C:\Users\Admin\AppData\Local\Microsoft\WindowsApps;C:\Users\Admin\AppData\Local\Programs\Microsoft VS Code\bin;D:\apache-tomcat-9.0.37\bin;C:\Users\Admin\AppData\Roaming\npm;
USERNAME=Admin
OS=Windows_NT
PROCESSOR_IDENTIFIER=Intel64 Family 6 Model 158 Stepping 10, GenuineIntel



---------------  S Y S T E M  ---------------

OS: Windows 10 , 64 bit Build 19041 (10.0.19041.1151)
OS uptime: 5 days 23:50 hours

CPU:total 8 (initial active 8) (4 cores per cpu, 2 threads per core) family 6 model 158 stepping 10, cmov, cx8, fxsr, mmx, sse, sse2, sse3, ssse3, sse4.1, sse4.2, popcnt, avx, avx2, aes, clmul, erms, 3dnowpref, lzcnt, ht, tsc, tscinvbit, bmi1, bmi2, adx, fma

Memory: 4k page, system-wide physical 8072M (477M free)
TotalPageFile size 12168M (AvailPageFile size 0M)
current process WorkingSet (physical memory assigned to process): 355M, peak: 395M
current process commit charge ("private bytes"): 430M, peak: 469M

vm_info: OpenJDK 64-Bit Server VM (11.0.8+10) for windows-amd64 JRE (11.0.8+10), built on Jul 15 2020 11:45:54 by "" with MS VC++ 15.9 (VS2017)

END.
