#
# There is insufficient memory for the Java Runtime Environment to continue.
# Native memory allocation (malloc) failed to allocate 1013616 bytes for Chunk::new
# Possible reasons:
#   The system is out of physical RAM or swap space
#   The process is running with CompressedOops enabled, and the Java Heap may be blocking the growth of the native heap
# Possible solutions:
#   Reduce memory load on the system
#   Increase physical memory or swap space
#   Check if swap backing store is full
#   Decrease Java heap size (-Xmx/-Xms)
#   Decrease number of Java threads
#   Decrease Java thread stack sizes (-Xss)
#   Set larger code cache with -XX:ReservedCodeCacheSize=
#   JVM is running with Unscaled Compressed Oops mode in which the Java heap is
#     placed in the first 4GB address space. The Java Heap base address is the
#     maximum limit for the native heap growth. Please use -XX:HeapBaseMinAddress
#     to set the Java Heap base and to place the Java Heap above 4GB virtual address.
# This output file may be truncated or incomplete.
#
#  Out of Memory Error (./src/hotspot/share/memory/arena.cpp:197), pid=18676, tid=19448
#
# JRE version: OpenJDK Runtime Environment AdoptOpenJDK (11.0.8+10) (build 11.0.8+10)
# Java VM: OpenJDK 64-Bit Server VM AdoptOpenJDK (11.0.8+10, mixed mode, tiered, compressed oops, g1 gc, windows-amd64)
# No core dump will be written. Minidumps are not enabled by default on client versions of Windows
#

---------------  S U M M A R Y ------------

Command Line: -javaagent:D:\IntelliJ IDEA 2021.1\lib\idea_rt.jar=51965:D:\IntelliJ IDEA 2021.1\bin -Dfile.encoding=UTF-8 com.example.demo.SpringbootProjectApplication

Host: Intel(R) Core(TM) i5-9300H CPU @ 2.40GHz, 8 cores, 7G,  Windows 10 , 64 bit Build 19041 (10.0.19041.1151)
Time: Tue Sep 21 15:54:06 2021 SE Asia Standard Time elapsed time: 1 seconds (0d 0h 0m 1s)

---------------  T H R E A D  ---------------

Current thread (0x000001991977b800):  JavaThread "C2 CompilerThread2" daemon [_thread_in_native, id=19448, stack(0x0000006efa900000,0x0000006efaa00000)]


Current CompileTask:
C2:   1774 2273 % !   4       java.util.jar.Attributes::read @ 5 (388 bytes)

Stack: [0x0000006efa900000,0x0000006efaa00000]
Native frames: (J=compiled Java code, j=interpreted, Vv=VM code, C=native code)
V  [jvm.dll+0x5dfa5a]
V  [jvm.dll+0x7175ce]
V  [jvm.dll+0x718c9f]
V  [jvm.dll+0x719363]
V  [jvm.dll+0x240e48]
V  [jvm.dll+0xb96ac]
V  [jvm.dll+0xb9dac]
V  [jvm.dll+0x346387]
V  [jvm.dll+0x193639]
V  [jvm.dll+0x1faa32]
V  [jvm.dll+0x1f9adf]
V  [jvm.dll+0x17e4ec]
V  [jvm.dll+0x208f27]
V  [jvm.dll+0x20710b]
V  [jvm.dll+0x6dc339]
V  [jvm.dll+0x6d53e4]
V  [jvm.dll+0x5de996]
C  [ucrtbase.dll+0x21bb2]
C  [KERNEL32.DLL+0x17034]
C  [ntdll.dll+0x52651]


---------------  P R O C E S S  ---------------

Threads class SMR info:
_java_thread_list=0x0000019919294be0, length=16, elements={
0x00000199788bb000, 0x0000019917877800, 0x0000019917879000, 0x00000199181e2800,
0x000001991788f000, 0x0000019917890000, 0x00000199181e6800, 0x00000199181e7000,
0x000001991834b000, 0x0000019918384800, 0x00000199186d9000, 0x0000019918682000,
0x0000019919125000, 0x00000199184ca800, 0x0000019919376000, 0x000001991977b800
}

Java Threads: ( => current thread )
  0x00000199788bb000 JavaThread "main" [_thread_blocked, id=2424, stack(0x0000006ef8e00000,0x0000006ef8f00000)]
  0x0000019917877800 JavaThread "Reference Handler" daemon [_thread_blocked, id=15304, stack(0x0000006ef9500000,0x0000006ef9600000)]
  0x0000019917879000 JavaThread "Finalizer" daemon [_thread_blocked, id=12316, stack(0x0000006ef9600000,0x0000006ef9700000)]
  0x00000199181e2800 JavaThread "Signal Dispatcher" daemon [_thread_blocked, id=15196, stack(0x0000006ef9700000,0x0000006ef9800000)]
  0x000001991788f000 JavaThread "Attach Listener" daemon [_thread_blocked, id=7572, stack(0x0000006ef9800000,0x0000006ef9900000)]
  0x0000019917890000 JavaThread "C2 CompilerThread0" daemon [_thread_in_native, id=15224, stack(0x0000006ef9900000,0x0000006ef9a00000)]
  0x00000199181e6800 JavaThread "C1 CompilerThread0" daemon [_thread_in_native, id=15164, stack(0x0000006ef9a00000,0x0000006ef9b00000)]
  0x00000199181e7000 JavaThread "Sweeper thread" daemon [_thread_blocked, id=17480, stack(0x0000006ef9b00000,0x0000006ef9c00000)]
  0x000001991834b000 JavaThread "Common-Cleaner" daemon [_thread_blocked, id=16928, stack(0x0000006ef9c00000,0x0000006ef9d00000)]
  0x0000019918384800 JavaThread "C2 CompilerThread1" daemon [_thread_in_native, id=8644, stack(0x0000006ef9d00000,0x0000006ef9e00000)]
  0x00000199186d9000 JavaThread "Monitor Ctrl-Break" daemon [_thread_in_native, id=5108, stack(0x0000006ef9e00000,0x0000006ef9f00000)]
  0x0000019918682000 JavaThread "Service Thread" daemon [_thread_blocked, id=15492, stack(0x0000006ef9f00000,0x0000006efa000000)]
  0x0000019919125000 JavaThread "Thread-0" [_thread_blocked, id=6408, stack(0x0000006efa300000,0x0000006efa400000)]
  0x00000199184ca800 JavaThread "restartedMain" [_thread_in_Java, id=17488, stack(0x0000006efa400000,0x0000006efa500000)]
  0x0000019919376000 JavaThread "background-preinit" [_thread_in_Java, id=8280, stack(0x0000006efa800000,0x0000006efa900000)]
=>0x000001991977b800 JavaThread "C2 CompilerThread2" daemon [_thread_in_native, id=19448, stack(0x0000006efa900000,0x0000006efaa00000)]

Other Threads:
  0x0000019917855000 VMThread "VM Thread" [stack: 0x0000006ef9400000,0x0000006ef9500000] [id=18040]
  0x0000019918683800 WatcherThread [stack: 0x0000006efa000000,0x0000006efa100000] [id=16668]
  0x00000199788d2800 GCTaskThread "GC Thread#0" [stack: 0x0000006ef8f00000,0x0000006ef9000000] [id=4604]
  0x00000199190f4800 GCTaskThread "GC Thread#1" [stack: 0x0000006efa100000,0x0000006efa200000] [id=7212]
  0x0000019919119800 GCTaskThread "GC Thread#2" [stack: 0x0000006efa200000,0x0000006efa300000] [id=2832]
  0x00000199190b6800 GCTaskThread "GC Thread#3" [stack: 0x0000006efa500000,0x0000006efa600000] [id=10888]
  0x0000019919049800 GCTaskThread "GC Thread#4" [stack: 0x0000006efa600000,0x0000006efa700000] [id=10164]
  0x000001991904a800 GCTaskThread "GC Thread#5" [stack: 0x0000006efa700000,0x0000006efa800000] [id=11192]
  0x00000199198db000 GCTaskThread "GC Thread#6" [stack: 0x0000006efaa00000,0x0000006efab00000] [id=2528]
  0x000001991934e000 GCTaskThread "GC Thread#7" [stack: 0x0000006efab00000,0x0000006efac00000] [id=13944]
  0x0000019978902800 ConcurrentGCThread "G1 Main Marker" [stack: 0x0000006ef9000000,0x0000006ef9100000] [id=18500]
  0x0000019978904000 ConcurrentGCThread "G1 Conc#0" [stack: 0x0000006ef9100000,0x0000006ef9200000] [id=16556]
  0x000001991ad0d800 ConcurrentGCThread "G1 Conc#1" [stack: 0x0000006efac00000,0x0000006efad00000] [id=19188]
  0x00000199176bc800 ConcurrentGCThread "G1 Refine#0" [stack: 0x0000006ef9200000,0x0000006ef9300000] [id=6984]
  0x000001997898d800 ConcurrentGCThread "G1 Young RemSet Sampling" [stack: 0x0000006ef9300000,0x0000006ef9400000] [id=6120]

Threads with active compile tasks:
C2 CompilerThread0   1797 2307 %     4       java.util.Properties::load0 @ 29 (249 bytes)
C1 CompilerThread0   1797 2455       3       org.springframework.asm.ClassReader::readField (666 bytes)
C2 CompilerThread1   1797 2286       4       java.net.URLStreamHandler::parseURL (1201 bytes)
C2 CompilerThread2   1797 2273 % !   4       java.util.jar.Attributes::read @ 5 (388 bytes)

VM state:not at safepoint (normal execution)

VM Mutex/Monitor currently owned by a thread: None

Heap address: 0x0000000081c00000, size: 2020 MB, Compressed Oops mode: 32-bit
Narrow klass base: 0x0000000000000000, Narrow klass shift: 3
Compressed class space size: 1073741824 Address: 0x0000000100000000

Heap:
 garbage-first heap   total 131072K, used 57172K [0x0000000081c00000, 0x0000000100000000)
  region size 1024K, 51 young (52224K), 5 survivors (5120K)
 Metaspace       used 28826K, capacity 29533K, committed 29824K, reserved 1075200K
  class space    used 3372K, capacity 3644K, committed 3712K, reserved 1048576K
Heap Regions: E=young(eden), S=young(survivor), O=old, HS=humongous(starts), HC=humongous(continues), CS=collection set, F=free, A=archive, TAMS=top-at-mark-start (previous, next)
|   0|0x0000000081c00000, 0x0000000081d00000, 0x0000000081d00000|100%|HS|  |TAMS 0x0000000081d00000, 0x0000000081c00000| Complete 
|   1|0x0000000081d00000, 0x0000000081e00000, 0x0000000081e00000|100%| O|  |TAMS 0x0000000081e00000, 0x0000000081d00000| Untracked 
|   2|0x0000000081e00000, 0x0000000081f00000, 0x0000000081f00000|100%| O|  |TAMS 0x0000000081f00000, 0x0000000081e00000| Untracked 
|   3|0x0000000081f00000, 0x0000000082000000, 0x0000000082000000|100%| O|  |TAMS 0x0000000082000000, 0x0000000081f00000| Untracked 
|   4|0x0000000082000000, 0x0000000082100000, 0x0000000082100000|100%| O|  |TAMS 0x0000000082093400, 0x0000000082000000| Untracked 
|   5|0x0000000082100000, 0x0000000082200000, 0x0000000082200000|100%| O|  |TAMS 0x0000000082100000, 0x0000000082100000| Untracked 
|   6|0x0000000082200000, 0x0000000082300000, 0x0000000082300000|100%| O|  |TAMS 0x0000000082200000, 0x0000000082200000| Untracked 
|   7|0x0000000082300000, 0x000000008238c608, 0x0000000082400000| 54%| O|  |TAMS 0x0000000082300000, 0x0000000082300000| Untracked 
|   8|0x0000000082400000, 0x0000000082400000, 0x0000000082500000|  0%| F|  |TAMS 0x0000000082400000, 0x0000000082400000| Untracked 
|   9|0x0000000082500000, 0x0000000082500000, 0x0000000082600000|  0%| F|  |TAMS 0x0000000082500000, 0x0000000082500000| Untracked 
|  10|0x0000000082600000, 0x0000000082600000, 0x0000000082700000|  0%| F|  |TAMS 0x0000000082600000, 0x0000000082600000| Untracked 
|  11|0x0000000082700000, 0x0000000082700000, 0x0000000082800000|  0%| F|  |TAMS 0x0000000082700000, 0x0000000082700000| Untracked 
|  12|0x0000000082800000, 0x0000000082800000, 0x0000000082900000|  0%| F|  |TAMS 0x0000000082800000, 0x0000000082800000| Untracked 
|  13|0x0000000082900000, 0x0000000082900000, 0x0000000082a00000|  0%| F|  |TAMS 0x0000000082900000, 0x0000000082900000| Untracked 
|  14|0x0000000082a00000, 0x0000000082a00000, 0x0000000082b00000|  0%| F|  |TAMS 0x0000000082a00000, 0x0000000082a00000| Untracked 
|  15|0x0000000082b00000, 0x0000000082b00000, 0x0000000082c00000|  0%| F|  |TAMS 0x0000000082b00000, 0x0000000082b00000| Untracked 
|  16|0x0000000082c00000, 0x0000000082c00000, 0x0000000082d00000|  0%| F|  |TAMS 0x0000000082c00000, 0x0000000082c00000| Untracked 
|  17|0x0000000082d00000, 0x0000000082d00000, 0x0000000082e00000|  0%| F|  |TAMS 0x0000000082d00000, 0x0000000082d00000| Untracked 
|  18|0x0000000082e00000, 0x0000000082e00000, 0x0000000082f00000|  0%| F|  |TAMS 0x0000000082e00000, 0x0000000082e00000| Untracked 
|  19|0x0000000082f00000, 0x0000000082f00000, 0x0000000083000000|  0%| F|  |TAMS 0x0000000082f00000, 0x0000000082f00000| Untracked 
|  20|0x0000000083000000, 0x0000000083000000, 0x0000000083100000|  0%| F|  |TAMS 0x0000000083000000, 0x0000000083000000| Untracked 
|  21|0x0000000083100000, 0x0000000083100000, 0x0000000083200000|  0%| F|  |TAMS 0x0000000083100000, 0x0000000083100000| Untracked 
|  22|0x0000000083200000, 0x0000000083200000, 0x0000000083300000|  0%| F|  |TAMS 0x0000000083200000, 0x0000000083200000| Untracked 
|  23|0x0000000083300000, 0x0000000083300000, 0x0000000083400000|  0%| F|  |TAMS 0x0000000083300000, 0x0000000083300000| Untracked 
|  24|0x0000000083400000, 0x0000000083400000, 0x0000000083500000|  0%| F|  |TAMS 0x0000000083400000, 0x0000000083400000| Untracked 
|  25|0x0000000083500000, 0x0000000083500000, 0x0000000083600000|  0%| F|  |TAMS 0x0000000083500000, 0x0000000083500000| Untracked 
|  26|0x0000000083600000, 0x0000000083600000, 0x0000000083700000|  0%| F|  |TAMS 0x0000000083600000, 0x0000000083600000| Untracked 
|  27|0x0000000083700000, 0x0000000083700000, 0x0000000083800000|  0%| F|  |TAMS 0x0000000083700000, 0x0000000083700000| Untracked 
|  28|0x0000000083800000, 0x0000000083800000, 0x0000000083900000|  0%| F|  |TAMS 0x0000000083800000, 0x0000000083800000| Untracked 
|  29|0x0000000083900000, 0x0000000083900000, 0x0000000083a00000|  0%| F|  |TAMS 0x0000000083900000, 0x0000000083900000| Untracked 
|  30|0x0000000083a00000, 0x0000000083a00000, 0x0000000083b00000|  0%| F|  |TAMS 0x0000000083a00000, 0x0000000083a00000| Untracked 
|  31|0x0000000083b00000, 0x0000000083b00000, 0x0000000083c00000|  0%| F|  |TAMS 0x0000000083b00000, 0x0000000083b00000| Untracked 
|  32|0x0000000083c00000, 0x0000000083c00000, 0x0000000083d00000|  0%| F|  |TAMS 0x0000000083c00000, 0x0000000083c00000| Untracked 
|  33|0x0000000083d00000, 0x0000000083d00000, 0x0000000083e00000|  0%| F|  |TAMS 0x0000000083d00000, 0x0000000083d00000| Untracked 
|  34|0x0000000083e00000, 0x0000000083e00000, 0x0000000083f00000|  0%| F|  |TAMS 0x0000000083e00000, 0x0000000083e00000| Untracked 
|  35|0x0000000083f00000, 0x0000000083f00000, 0x0000000084000000|  0%| F|  |TAMS 0x0000000083f00000, 0x0000000083f00000| Untracked 
|  36|0x0000000084000000, 0x0000000084000000, 0x0000000084100000|  0%| F|  |TAMS 0x0000000084000000, 0x0000000084000000| Untracked 
|  37|0x0000000084100000, 0x0000000084100000, 0x0000000084200000|  0%| F|  |TAMS 0x0000000084100000, 0x0000000084100000| Untracked 
|  38|0x0000000084200000, 0x0000000084200000, 0x0000000084300000|  0%| F|  |TAMS 0x0000000084200000, 0x0000000084200000| Untracked 
|  39|0x0000000084300000, 0x0000000084300000, 0x0000000084400000|  0%| F|  |TAMS 0x0000000084300000, 0x0000000084300000| Untracked 
|  40|0x0000000084400000, 0x0000000084400000, 0x0000000084500000|  0%| F|  |TAMS 0x0000000084400000, 0x0000000084400000| Untracked 
|  41|0x0000000084500000, 0x0000000084500000, 0x0000000084600000|  0%| F|  |TAMS 0x0000000084500000, 0x0000000084500000| Untracked 
|  42|0x0000000084600000, 0x0000000084600000, 0x0000000084700000|  0%| F|  |TAMS 0x0000000084600000, 0x0000000084600000| Untracked 
|  43|0x0000000084700000, 0x0000000084700000, 0x0000000084800000|  0%| F|  |TAMS 0x0000000084700000, 0x0000000084700000| Untracked 
|  44|0x0000000084800000, 0x0000000084800000, 0x0000000084900000|  0%| F|  |TAMS 0x0000000084800000, 0x0000000084800000| Untracked 
|  45|0x0000000084900000, 0x0000000084900000, 0x0000000084a00000|  0%| F|  |TAMS 0x0000000084900000, 0x0000000084900000| Untracked 
|  46|0x0000000084a00000, 0x0000000084a00000, 0x0000000084b00000|  0%| F|  |TAMS 0x0000000084a00000, 0x0000000084a00000| Untracked 
|  47|0x0000000084b00000, 0x0000000084b00000, 0x0000000084c00000|  0%| F|  |TAMS 0x0000000084b00000, 0x0000000084b00000| Untracked 
|  48|0x0000000084c00000, 0x0000000084c00000, 0x0000000084d00000|  0%| F|  |TAMS 0x0000000084c00000, 0x0000000084c00000| Untracked 
|  49|0x0000000084d00000, 0x0000000084d00000, 0x0000000084e00000|  0%| F|  |TAMS 0x0000000084d00000, 0x0000000084d00000| Untracked 
|  50|0x0000000084e00000, 0x0000000084e00000, 0x0000000084f00000|  0%| F|  |TAMS 0x0000000084e00000, 0x0000000084e00000| Untracked 
|  51|0x0000000084f00000, 0x0000000084f00000, 0x0000000085000000|  0%| F|  |TAMS 0x0000000084f00000, 0x0000000084f00000| Untracked 
|  52|0x0000000085000000, 0x0000000085000000, 0x0000000085100000|  0%| F|  |TAMS 0x0000000085000000, 0x0000000085000000| Untracked 
|  53|0x0000000085100000, 0x0000000085100000, 0x0000000085200000|  0%| F|  |TAMS 0x0000000085100000, 0x0000000085100000| Untracked 
|  54|0x0000000085200000, 0x0000000085200000, 0x0000000085300000|  0%| F|  |TAMS 0x0000000085200000, 0x0000000085200000| Untracked 
|  55|0x0000000085300000, 0x0000000085300000, 0x0000000085400000|  0%| F|  |TAMS 0x0000000085300000, 0x0000000085300000| Untracked 
|  56|0x0000000085400000, 0x0000000085400000, 0x0000000085500000|  0%| F|  |TAMS 0x0000000085400000, 0x0000000085400000| Untracked 
|  57|0x0000000085500000, 0x0000000085500000, 0x0000000085600000|  0%| F|  |TAMS 0x0000000085500000, 0x0000000085500000| Untracked 
|  58|0x0000000085600000, 0x0000000085600000, 0x0000000085700000|  0%| F|  |TAMS 0x0000000085600000, 0x0000000085600000| Untracked 
|  59|0x0000000085700000, 0x0000000085700000, 0x0000000085800000|  0%| F|  |TAMS 0x0000000085700000, 0x0000000085700000| Untracked 
|  60|0x0000000085800000, 0x0000000085800000, 0x0000000085900000|  0%| F|  |TAMS 0x0000000085800000, 0x0000000085800000| Untracked 
|  61|0x0000000085900000, 0x0000000085900000, 0x0000000085a00000|  0%| F|  |TAMS 0x0000000085900000, 0x0000000085900000| Untracked 
|  62|0x0000000085a00000, 0x0000000085a48d00, 0x0000000085b00000| 28%| S|CS|TAMS 0x0000000085a00000, 0x0000000085a00000| Complete 
|  63|0x0000000085b00000, 0x0000000085c00000, 0x0000000085c00000|100%| S|CS|TAMS 0x0000000085b00000, 0x0000000085b00000| Complete 
|  64|0x0000000085c00000, 0x0000000085d00000, 0x0000000085d00000|100%| S|CS|TAMS 0x0000000085c00000, 0x0000000085c00000| Complete 
|  65|0x0000000085d00000, 0x0000000085e00000, 0x0000000085e00000|100%| S|CS|TAMS 0x0000000085d00000, 0x0000000085d00000| Complete 
|  66|0x0000000085e00000, 0x0000000085f00000, 0x0000000085f00000|100%| S|CS|TAMS 0x0000000085e00000, 0x0000000085e00000| Complete 
|  67|0x0000000085f00000, 0x0000000085f00000, 0x0000000086000000|  0%| F|  |TAMS 0x0000000085f00000, 0x0000000085f00000| Untracked 
|  68|0x0000000086000000, 0x0000000086000000, 0x0000000086100000|  0%| F|  |TAMS 0x0000000086000000, 0x0000000086000000| Untracked 
|  69|0x0000000086100000, 0x0000000086100000, 0x0000000086200000|  0%| F|  |TAMS 0x0000000086100000, 0x0000000086100000| Untracked 
|  70|0x0000000086200000, 0x0000000086200000, 0x0000000086300000|  0%| F|  |TAMS 0x0000000086200000, 0x0000000086200000| Untracked 
|  71|0x0000000086300000, 0x0000000086300000, 0x0000000086400000|  0%| F|  |TAMS 0x0000000086300000, 0x0000000086300000| Untracked 
|  72|0x0000000086400000, 0x0000000086400000, 0x0000000086500000|  0%| F|  |TAMS 0x0000000086400000, 0x0000000086400000| Untracked 
|  73|0x0000000086500000, 0x0000000086500000, 0x0000000086600000|  0%| F|  |TAMS 0x0000000086500000, 0x0000000086500000| Untracked 
|  74|0x0000000086600000, 0x0000000086600000, 0x0000000086700000|  0%| F|  |TAMS 0x0000000086600000, 0x0000000086600000| Untracked 
|  75|0x0000000086700000, 0x0000000086700000, 0x0000000086800000|  0%| F|  |TAMS 0x0000000086700000, 0x0000000086700000| Untracked 
|  76|0x0000000086800000, 0x0000000086800000, 0x0000000086900000|  0%| F|  |TAMS 0x0000000086800000, 0x0000000086800000| Untracked 
|  77|0x0000000086900000, 0x0000000086900000, 0x0000000086a00000|  0%| F|  |TAMS 0x0000000086900000, 0x0000000086900000| Untracked 
|  78|0x0000000086a00000, 0x0000000086a00000, 0x0000000086b00000|  0%| F|  |TAMS 0x0000000086a00000, 0x0000000086a00000| Untracked 
|  79|0x0000000086b00000, 0x0000000086b00000, 0x0000000086c00000|  0%| F|  |TAMS 0x0000000086b00000, 0x0000000086b00000| Untracked 
|  80|0x0000000086c00000, 0x0000000086c00000, 0x0000000086d00000|  0%| F|  |TAMS 0x0000000086c00000, 0x0000000086c00000| Untracked 
|  81|0x0000000086d00000, 0x0000000086df0e50, 0x0000000086e00000| 94%| E|  |TAMS 0x0000000086d00000, 0x0000000086d00000| Complete 
|  82|0x0000000086e00000, 0x0000000086f00000, 0x0000000086f00000|100%| E|CS|TAMS 0x0000000086e00000, 0x0000000086e00000| Complete 
|  83|0x0000000086f00000, 0x0000000087000000, 0x0000000087000000|100%| E|CS|TAMS 0x0000000086f00000, 0x0000000086f00000| Complete 
|  84|0x0000000087000000, 0x0000000087100000, 0x0000000087100000|100%| E|CS|TAMS 0x0000000087000000, 0x0000000087000000| Complete 
|  85|0x0000000087100000, 0x0000000087200000, 0x0000000087200000|100%| E|CS|TAMS 0x0000000087100000, 0x0000000087100000| Complete 
|  86|0x0000000087200000, 0x0000000087300000, 0x0000000087300000|100%| E|CS|TAMS 0x0000000087200000, 0x0000000087200000| Complete 
|  87|0x0000000087300000, 0x0000000087400000, 0x0000000087400000|100%| E|CS|TAMS 0x0000000087300000, 0x0000000087300000| Complete 
|  88|0x0000000087400000, 0x0000000087500000, 0x0000000087500000|100%| E|CS|TAMS 0x0000000087400000, 0x0000000087400000| Complete 
|  89|0x0000000087500000, 0x0000000087600000, 0x0000000087600000|100%| E|CS|TAMS 0x0000000087500000, 0x0000000087500000| Complete 
|  90|0x0000000087600000, 0x0000000087700000, 0x0000000087700000|100%| E|CS|TAMS 0x0000000087600000, 0x0000000087600000| Complete 
|  91|0x0000000087700000, 0x0000000087800000, 0x0000000087800000|100%| E|CS|TAMS 0x0000000087700000, 0x0000000087700000| Complete 
|  92|0x0000000087800000, 0x0000000087900000, 0x0000000087900000|100%| E|CS|TAMS 0x0000000087800000, 0x0000000087800000| Complete 
|  93|0x0000000087900000, 0x0000000087a00000, 0x0000000087a00000|100%| E|CS|TAMS 0x0000000087900000, 0x0000000087900000| Complete 
|  94|0x0000000087a00000, 0x0000000087b00000, 0x0000000087b00000|100%| E|CS|TAMS 0x0000000087a00000, 0x0000000087a00000| Complete 
|  95|0x0000000087b00000, 0x0000000087c00000, 0x0000000087c00000|100%| E|CS|TAMS 0x0000000087b00000, 0x0000000087b00000| Complete 
|  96|0x0000000087c00000, 0x0000000087d00000, 0x0000000087d00000|100%| E|CS|TAMS 0x0000000087c00000, 0x0000000087c00000| Complete 
|  97|0x0000000087d00000, 0x0000000087e00000, 0x0000000087e00000|100%| E|CS|TAMS 0x0000000087d00000, 0x0000000087d00000| Complete 
|  98|0x0000000087e00000, 0x0000000087f00000, 0x0000000087f00000|100%| E|CS|TAMS 0x0000000087e00000, 0x0000000087e00000| Complete 
|  99|0x0000000087f00000, 0x0000000088000000, 0x0000000088000000|100%| E|CS|TAMS 0x0000000087f00000, 0x0000000087f00000| Complete 
| 100|0x0000000088000000, 0x0000000088100000, 0x0000000088100000|100%| E|CS|TAMS 0x0000000088000000, 0x0000000088000000| Complete 
| 101|0x0000000088100000, 0x0000000088200000, 0x0000000088200000|100%| E|  |TAMS 0x0000000088100000, 0x0000000088100000| Complete 
| 102|0x0000000088200000, 0x0000000088300000, 0x0000000088300000|100%| E|CS|TAMS 0x0000000088200000, 0x0000000088200000| Complete 
| 103|0x0000000088300000, 0x0000000088400000, 0x0000000088400000|100%| E|CS|TAMS 0x0000000088300000, 0x0000000088300000| Complete 
| 104|0x0000000088400000, 0x0000000088500000, 0x0000000088500000|100%| E|CS|TAMS 0x0000000088400000, 0x0000000088400000| Complete 
| 105|0x0000000088500000, 0x0000000088600000, 0x0000000088600000|100%| E|CS|TAMS 0x0000000088500000, 0x0000000088500000| Complete 
| 106|0x0000000088600000, 0x0000000088700000, 0x0000000088700000|100%| E|CS|TAMS 0x0000000088600000, 0x0000000088600000| Complete 
| 107|0x0000000088700000, 0x0000000088800000, 0x0000000088800000|100%| E|CS|TAMS 0x0000000088700000, 0x0000000088700000| Complete 
| 108|0x0000000088800000, 0x0000000088900000, 0x0000000088900000|100%| E|CS|TAMS 0x0000000088800000, 0x0000000088800000| Complete 
| 109|0x0000000088900000, 0x0000000088a00000, 0x0000000088a00000|100%| E|CS|TAMS 0x0000000088900000, 0x0000000088900000| Complete 
| 110|0x0000000088a00000, 0x0000000088b00000, 0x0000000088b00000|100%| E|CS|TAMS 0x0000000088a00000, 0x0000000088a00000| Complete 
| 111|0x0000000088b00000, 0x0000000088c00000, 0x0000000088c00000|100%| E|CS|TAMS 0x0000000088b00000, 0x0000000088b00000| Complete 
| 112|0x0000000088c00000, 0x0000000088d00000, 0x0000000088d00000|100%| E|CS|TAMS 0x0000000088c00000, 0x0000000088c00000| Complete 
| 113|0x0000000088d00000, 0x0000000088e00000, 0x0000000088e00000|100%| E|CS|TAMS 0x0000000088d00000, 0x0000000088d00000| Complete 
| 114|0x0000000088e00000, 0x0000000088f00000, 0x0000000088f00000|100%| E|CS|TAMS 0x0000000088e00000, 0x0000000088e00000| Complete 
| 115|0x0000000088f00000, 0x0000000089000000, 0x0000000089000000|100%| E|CS|TAMS 0x0000000088f00000, 0x0000000088f00000| Complete 
| 116|0x0000000089000000, 0x0000000089100000, 0x0000000089100000|100%| E|CS|TAMS 0x0000000089000000, 0x0000000089000000| Complete 
| 117|0x0000000089100000, 0x0000000089200000, 0x0000000089200000|100%| E|CS|TAMS 0x0000000089100000, 0x0000000089100000| Complete 
| 118|0x0000000089200000, 0x0000000089300000, 0x0000000089300000|100%| E|CS|TAMS 0x0000000089200000, 0x0000000089200000| Complete 
| 119|0x0000000089300000, 0x0000000089400000, 0x0000000089400000|100%| E|CS|TAMS 0x0000000089300000, 0x0000000089300000| Complete 
| 120|0x0000000089400000, 0x0000000089500000, 0x0000000089500000|100%| E|CS|TAMS 0x0000000089400000, 0x0000000089400000| Complete 
| 121|0x0000000089500000, 0x0000000089600000, 0x0000000089600000|100%| E|CS|TAMS 0x0000000089500000, 0x0000000089500000| Complete 
| 122|0x0000000089600000, 0x0000000089700000, 0x0000000089700000|100%| E|CS|TAMS 0x0000000089600000, 0x0000000089600000| Complete 
| 123|0x0000000089700000, 0x0000000089800000, 0x0000000089800000|100%| E|CS|TAMS 0x0000000089700000, 0x0000000089700000| Complete 
| 124|0x0000000089800000, 0x0000000089900000, 0x0000000089900000|100%| E|CS|TAMS 0x0000000089800000, 0x0000000089800000| Complete 
| 125|0x0000000089900000, 0x0000000089a00000, 0x0000000089a00000|100%| E|CS|TAMS 0x0000000089900000, 0x0000000089900000| Complete 
| 126|0x0000000089a00000, 0x0000000089b00000, 0x0000000089b00000|100%| E|CS|TAMS 0x0000000089a00000, 0x0000000089a00000| Complete 
| 127|0x0000000089b00000, 0x0000000089c00000, 0x0000000089c00000|100%| E|CS|TAMS 0x0000000089b00000, 0x0000000089b00000| Complete 

Card table byte_map: [0x00000199790c0000,0x00000199794c0000] _byte_map_base: 0x0000019978cb2000

Marking Bits (Prev, Next): (CMBitMap*) 0x00000199788f9d90, (CMBitMap*) 0x00000199788f9d58
 Prev Bits: [0x000001997b850000, 0x000001997d7e0000)
 Next Bits: [0x00000199798c0000, 0x000001997b850000)

Polling page: 0x0000019976710000

Metaspace:

Usage:
  Non-class:     25.35 MB capacity,    24.89 MB ( 98%) used,   388.80 KB (  1%) free+waste,    78.81 KB ( <1%) overhead. 
      Class:      3.59 MB capacity,     3.30 MB ( 92%) used,   257.84 KB (  7%) free+waste,    38.38 KB (  1%) overhead. 
       Both:     28.94 MB capacity,    28.19 MB ( 97%) used,   646.63 KB (  2%) free+waste,   117.19 KB ( <1%) overhead. 

Virtual space:
  Non-class space:       26.00 MB reserved,      25.50 MB ( 98%) committed 
      Class space:        1.00 GB reserved,       3.63 MB ( <1%) committed 
             Both:        1.03 GB reserved,      29.13 MB (  3%) committed 

Chunk freelists:
   Non-Class:  27.00 KB
       Class:  2.00 KB
        Both:  29.00 KB

MaxMetaspaceSize: 17179869184.00 GB
CompressedClassSpaceSize: 1.00 GB

CodeHeap 'non-profiled nmethods': size=120000Kb used=1072Kb max_used=1072Kb free=118927Kb
 bounds [0x0000019910060000, 0x00000199102d0000, 0x0000019917590000]
CodeHeap 'profiled nmethods': size=120000Kb used=4798Kb max_used=4798Kb free=115201Kb
 bounds [0x0000019908b30000, 0x0000019908fe0000, 0x0000019910060000]
CodeHeap 'non-nmethods': size=5760Kb used=1121Kb max_used=1160Kb free=4638Kb
 bounds [0x0000019908590000, 0x0000019908800000, 0x0000019908b30000]
 total_blobs=2899 nmethods=2454 adapters=356
 compilation: enabled
              stopped_count=0, restarted_count=0
 full_count=0

Compilation events (20 events):
Event: 1.766 Thread 0x00000199181e6800 nmethod 2414 0x0000019908fb3990 code [0x0000019908fb3c00, 0x0000019908fb4988]
Event: 1.766 Thread 0x00000199181e6800 2421       3       org.springframework.core.io.ClassPathResource::<init> (51 bytes)
Event: 1.766 Thread 0x00000199181e6800 nmethod 2421 0x0000019908fb4e90 code [0x0000019908fb50c0, 0x0000019908fb56e8]
Event: 1.767 Thread 0x00000199181e6800 2422       3       java.util.zip.ZipUtils::get32S (17 bytes)
Event: 1.768 Thread 0x00000199181e6800 nmethod 2422 0x0000019908fb5990 code [0x0000019908fb5b60, 0x0000019908fb5db8]
Event: 1.768 Thread 0x00000199181e6800 2423       3       java.util.zip.ZipUtils::unixTimeToFileTime (8 bytes)
Event: 1.768 Thread 0x00000199181e6800 nmethod 2423 0x0000019908fb5f10 code [0x0000019908fb60e0, 0x0000019908fb6418]
Event: 1.768 Thread 0x00000199181e6800 2425       3       org.springframework.core.annotation.AttributeMethods::canThrowTypeNotPresentException (7 bytes)
Event: 1.768 Thread 0x00000199181e6800 nmethod 2425 0x0000019908fb6590 code [0x0000019908fb6740, 0x0000019908fb6878]
Event: 1.768 Thread 0x00000199181e6800 2424       3       org.springframework.core.annotation.MergedAnnotationsCollection::isPresent (7 bytes)
Event: 1.768 Thread 0x00000199181e6800 nmethod 2424 0x0000019908fb6990 code [0x0000019908fb6b40, 0x0000019908fb6c88]
Event: 1.769 Thread 0x0000019917890000 nmethod 2301 0x0000019910168890 code [0x0000019910168aa0, 0x0000019910169460]
Event: 1.769 Thread 0x0000019917890000 2305       4       java.util.Properties$LineReader::readLine (635 bytes)
Event: 1.769 Thread 0x00000199181e6800 2426       1       org.springframework.core.annotation.AnnotationTypeMapping::getMetaTypes (5 bytes)
Event: 1.769 Thread 0x00000199181e6800 nmethod 2426 0x0000019910169b10 code [0x0000019910169cc0, 0x0000019910169d78]
Event: 1.769 Thread 0x00000199181e6800 2427   !   3       org.springframework.core.annotation.TypeMappedAnnotation::createIfPossible (139 bytes)
Event: 1.771 Thread 0x00000199181e6800 nmethod 2427 0x0000019908fb6d10 code [0x0000019908fb7180, 0x0000019908fb8f78]
Event: 1.771 Thread 0x00000199181e6800 2430   !   3       jdk.internal.loader.BuiltinClassLoader::findResource (154 bytes)
Event: 1.773 Thread 0x00000199181e6800 nmethod 2430 0x0000019908fb9a90 code [0x0000019908fb9e00, 0x0000019908fbb1e8]
Event: 1.773 Thread 0x00000199181e6800 2433       3       java.util.zip.ZipEntry::setExtra0 (493 bytes)

GC Heap History (8 events):
Event: 0.625 GC heap before
{Heap before GC invocations=0 (full 0):
 garbage-first heap   total 131072K, used 24576K [0x0000000081c00000, 0x0000000100000000)
  region size 1024K, 24 young (24576K), 0 survivors (0K)
 Metaspace       used 11656K, capacity 11840K, committed 12032K, reserved 1060864K
  class space    used 1127K, capacity 1186K, committed 1280K, reserved 1048576K
}
Event: 0.631 GC heap after
{Heap after GC invocations=1 (full 0):
 garbage-first heap   total 131072K, used 7757K [0x0000000081c00000, 0x0000000100000000)
  region size 1024K, 3 young (3072K), 3 survivors (3072K)
 Metaspace       used 11656K, capacity 11840K, committed 12032K, reserved 1060864K
  class space    used 1127K, capacity 1186K, committed 1280K, reserved 1048576K
}
Event: 0.669 GC heap before
{Heap before GC invocations=1 (full 0):
 garbage-first heap   total 131072K, used 47693K [0x0000000081c00000, 0x0000000100000000)
  region size 1024K, 43 young (44032K), 3 survivors (3072K)
 Metaspace       used 11927K, capacity 12159K, committed 12288K, reserved 1060864K
  class space    used 1158K, capacity 1229K, committed 1280K, reserved 1048576K
}
Event: 0.671 GC heap after
{Heap after GC invocations=2 (full 0):
 garbage-first heap   total 131072K, used 7931K [0x0000000081c00000, 0x0000000100000000)
  region size 1024K, 4 young (4096K), 4 survivors (4096K)
 Metaspace       used 11927K, capacity 12159K, committed 12288K, reserved 1060864K
  class space    used 1158K, capacity 1229K, committed 1280K, reserved 1048576K
}
Event: 1.285 GC heap before
{Heap before GC invocations=2 (full 0):
 garbage-first heap   total 131072K, used 45819K [0x0000000081c00000, 0x0000000100000000)
  region size 1024K, 42 young (43008K), 4 survivors (4096K)
 Metaspace       used 20705K, capacity 21194K, committed 21248K, reserved 1069056K
  class space    used 2318K, capacity 2526K, committed 2560K, reserved 1048576K
}
Event: 1.290 GC heap after
{Heap after GC invocations=3 (full 0):
 garbage-first heap   total 131072K, used 10465K [0x0000000081c00000, 0x0000000100000000)
  region size 1024K, 6 young (6144K), 6 survivors (6144K)
 Metaspace       used 20705K, capacity 21194K, committed 21248K, reserved 1069056K
  class space    used 2318K, capacity 2526K, committed 2560K, reserved 1048576K
}
Event: 1.594 GC heap before
{Heap before GC invocations=4 (full 0):
 garbage-first heap   total 131072K, used 65761K [0x0000000081c00000, 0x0000000100000000)
  region size 1024K, 61 young (62464K), 6 survivors (6144K)
 Metaspace       used 25388K, capacity 26045K, committed 26368K, reserved 1073152K
  class space    used 2958K, capacity 3203K, committed 3328K, reserved 1048576K
}
Event: 1.599 GC heap after
{Heap after GC invocations=5 (full 0):
 garbage-first heap   total 131072K, used 12116K [0x0000000081c00000, 0x0000000100000000)
  region size 1024K, 5 young (5120K), 5 survivors (5120K)
 Metaspace       used 25388K, capacity 26045K, committed 26368K, reserved 1073152K
  class space    used 2958K, capacity 3203K, committed 3328K, reserved 1048576K
}

Deoptimization events (20 events):
Event: 1.679 Thread 0x00000199184ca800 DEOPT PACKING pc=0x0000019908cdf391 sp=0x0000006efa4fdae0
Event: 1.679 Thread 0x00000199184ca800 DEOPT UNPACKING pc=0x00000199085b72ce sp=0x0000006efa4fcfb8 mode 0
Event: 1.679 Thread 0x00000199184ca800 DEOPT PACKING pc=0x0000019908c41216 sp=0x0000006efa4fdab0
Event: 1.679 Thread 0x00000199184ca800 DEOPT UNPACKING pc=0x00000199085b72ce sp=0x0000006efa4fcfc8 mode 0
Event: 1.679 Thread 0x00000199184ca800 DEOPT PACKING pc=0x0000019908cdf391 sp=0x0000006efa4fdae0
Event: 1.679 Thread 0x00000199184ca800 DEOPT UNPACKING pc=0x00000199085b72ce sp=0x0000006efa4fcfb8 mode 0
Event: 1.679 Thread 0x00000199184ca800 DEOPT PACKING pc=0x0000019908c41216 sp=0x0000006efa4fdab0
Event: 1.679 Thread 0x00000199184ca800 DEOPT UNPACKING pc=0x00000199085b72ce sp=0x0000006efa4fcfc8 mode 0
Event: 1.679 Thread 0x00000199184ca800 DEOPT PACKING pc=0x0000019908cdf391 sp=0x0000006efa4fdae0
Event: 1.679 Thread 0x00000199184ca800 DEOPT UNPACKING pc=0x00000199085b72ce sp=0x0000006efa4fcfb8 mode 0
Event: 1.679 Thread 0x00000199184ca800 DEOPT PACKING pc=0x0000019908c41216 sp=0x0000006efa4fdab0
Event: 1.679 Thread 0x00000199184ca800 DEOPT UNPACKING pc=0x00000199085b72ce sp=0x0000006efa4fcfc8 mode 0
Event: 1.680 Thread 0x00000199184ca800 DEOPT PACKING pc=0x0000019908cdf391 sp=0x0000006efa4fdae0
Event: 1.680 Thread 0x00000199184ca800 DEOPT UNPACKING pc=0x00000199085b72ce sp=0x0000006efa4fcfb8 mode 0
Event: 1.680 Thread 0x00000199184ca800 DEOPT PACKING pc=0x0000019908c41216 sp=0x0000006efa4fdab0
Event: 1.680 Thread 0x00000199184ca800 DEOPT UNPACKING pc=0x00000199085b72ce sp=0x0000006efa4fcfc8 mode 0
Event: 1.753 Thread 0x0000019919376000 Uncommon trap: trap_request=0xffffff4d fr.pc=0x00000199101017c4 relative=0x00000000000000a4
Event: 1.753 Thread 0x0000019919376000 Uncommon trap: reason=unstable_if action=reinterpret pc=0x00000199101017c4 method=java.nio.Buffer.limit(I)Ljava/nio/Buffer; @ 42 c2
Event: 1.753 Thread 0x0000019919376000 DEOPT PACKING pc=0x00000199101017c4 sp=0x0000006efa8fcf10
Event: 1.753 Thread 0x0000019919376000 DEOPT UNPACKING pc=0x00000199085b74af sp=0x0000006efa8fce98 mode 2

Classes redefined (0 events):
No events

Internal exceptions (20 events):
Event: 1.257 Thread 0x00000199184ca800 Exception <a 'java/lang/NoSuchMethodError'{0x000000008780b200}: 'int java.lang.invoke.DirectMethodHandle$Holder.invokeInterface(java.lang.Object, java.lang.Object)'> (0x000000008780b200) thrown at [./src/hotspot/share/interpreter/linkResolver.cpp, line 773]
Event: 1.342 Thread 0x00000199184ca800 Exception <a 'java/lang/ClassNotFoundException'{0x0000000089641018}: java/lang/ObjectCustomizer> (0x0000000089641018) thrown at [./src/hotspot/share/classfile/systemDictionary.cpp, line 231]
Event: 1.353 Thread 0x00000199184ca800 Exception <a 'java/lang/ClassNotFoundException'{0x00000000895adce8}: org/springframework/context/annotation/ConfigurationClassPostProcessorCustomizer> (0x00000000895adce8) thrown at [./src/hotspot/share/classfile/systemDictionary.cpp, line 231]
Event: 1.357 Thread 0x00000199184ca800 Exception <a 'java/lang/ClassNotFoundException'{0x00000000895db6d0}: org/springframework/beans/factory/support/BeanDefinitionRegistryPostProcessorCustomizer> (0x00000000895db6d0) thrown at [./src/hotspot/share/classfile/systemDictionary.cpp, line 231]
Event: 1.358 Thread 0x00000199184ca800 Exception <a 'java/lang/ClassNotFoundException'{0x00000000895ed068}: org/springframework/beans/factory/config/BeanFactoryPostProcessorCustomizer> (0x00000000895ed068) thrown at [./src/hotspot/share/classfile/systemDictionary.cpp, line 231]
Event: 1.359 Thread 0x00000199184ca800 Exception <a 'java/lang/ClassNotFoundException'{0x00000000895fb690}: org/springframework/core/PriorityOrderedCustomizer> (0x00000000895fb690) thrown at [./src/hotspot/share/classfile/systemDictionary.cpp, line 231]
Event: 1.359 Thread 0x00000199184ca800 Exception <a 'java/lang/ClassNotFoundException'{0x00000000894ae758}: org/springframework/core/OrderedCustomizer> (0x00000000894ae758) thrown at [./src/hotspot/share/classfile/systemDictionary.cpp, line 231]
Event: 1.360 Thread 0x00000199184ca800 Exception <a 'java/lang/ClassNotFoundException'{0x00000000894bd600}: org/springframework/context/ResourceLoaderAwareCustomizer> (0x00000000894bd600) thrown at [./src/hotspot/share/classfile/systemDictionary.cpp, line 231]
Event: 1.360 Thread 0x00000199184ca800 Exception <a 'java/lang/ClassNotFoundException'{0x00000000894cb780}: org/springframework/beans/factory/AwareCustomizer> (0x00000000894cb780) thrown at [./src/hotspot/share/classfile/systemDictionary.cpp, line 231]
Event: 1.361 Thread 0x00000199184ca800 Exception <a 'java/lang/ClassNotFoundException'{0x00000000894da370}: org/springframework/context/ApplicationStartupAwareCustomizer> (0x00000000894da370) thrown at [./src/hotspot/share/classfile/systemDictionary.cpp, line 231]
Event: 1.361 Thread 0x00000199184ca800 Exception <a 'java/lang/ClassNotFoundException'{0x00000000894e8a68}: org/springframework/beans/factory/AwareCustomizer> (0x00000000894e8a68) thrown at [./src/hotspot/share/classfile/systemDictionary.cpp, line 231]
Event: 1.361 Thread 0x00000199184ca800 Exception <a 'java/lang/ClassNotFoundException'{0x00000000894f78b8}: org/springframework/beans/factory/BeanClassLoaderAwareCustomizer> (0x00000000894f78b8) thrown at [./src/hotspot/share/classfile/systemDictionary.cpp, line 231]
Event: 1.362 Thread 0x00000199184ca800 Exception <a 'java/lang/ClassNotFoundException'{0x00000000893ac5e8}: org/springframework/beans/factory/AwareCustomizer> (0x00000000893ac5e8) thrown at [./src/hotspot/share/classfile/systemDictionary.cpp, line 231]
Event: 1.362 Thread 0x00000199184ca800 Exception <a 'java/lang/ClassNotFoundException'{0x00000000893ba2e0}: org/springframework/context/EnvironmentAwareCustomizer> (0x00000000893ba2e0) thrown at [./src/hotspot/share/classfile/systemDictionary.cpp, line 231]
Event: 1.363 Thread 0x00000199184ca800 Exception <a 'java/lang/ClassNotFoundException'{0x00000000893c83f0}: org/springframework/beans/factory/AwareCustomizer> (0x00000000893c83f0) thrown at [./src/hotspot/share/classfile/systemDictionary.cpp, line 231]
Event: 1.507 Thread 0x0000019919376000 Exception <a 'java/lang/NoSuchMethodError'{0x0000000087f99398}: 'java.lang.Object java.lang.invoke.DirectMethodHandle$Holder.invokeStaticInit(java.lang.Object, java.lang.Object, java.lang.Object, java.lang.Object, java.lang.Object)'> (0x0000000087f99398) thrown at [./src/hotspot/share/interpreter/linkResolver.cpp, line 773]
Event: 1.513 Thread 0x0000019919376000 Exception <a 'java/lang/NoSuchMethodError'{0x0000000087eb15b0}: 'java.lang.Object java.lang.invoke.DirectMethodHandle$Holder.invokeSpecial(java.lang.Object, java.lang.Object, int, int, java.lang.Object, java.lang.Object, java.lang.Object)'> (0x0000000087eb15b0) thrown at [./src/hotspot/share/interpreter/linkResolver.cpp, line 773]
Event: 1.513 Thread 0x0000019919376000 Exception <a 'java/lang/NoSuchMethodError'{0x0000000087eb4b40}: 'java.lang.Object java.lang.invoke.DelegatingMethodHandle$Holder.reinvoke_L(java.lang.Object, int, int, java.lang.Object, java.lang.Object, java.lang.Object)'> (0x0000000087eb4b40) thrown at [./src/hotspot/share/interpreter/linkResolver.cpp, line 773]
Event: 1.672 Thread 0x00000199184ca800 Exception <a 'java/lang/IncompatibleClassChangeError'{0x0000000087fb4bd8}: Found class java.lang.Object, but interface was expected> (0x0000000087fb4bd8) thrown at [./src/hotspot/share/interpreter/linkResolver.cpp, line 839]
Event: 1.708 Thread 0x00000199184ca800 Exception <a 'java/lang/NoSuchMethodError'{0x0000000087a14370}: 'void java.lang.invoke.DirectMethodHandle$Holder.invokeInterface(java.lang.Object, java.lang.Object, java.lang.Object, java.lang.Object)'> (0x0000000087a14370) thrown at [./src/hotspot/share/interpreter/linkResolver.cpp, line 773]

Events (20 events):
Event: 1.771 loading class com/fasterxml/jackson/datatype/jsr310/deser/key/MonthDayKeyDeserializer
Event: 1.771 loading class com/fasterxml/jackson/datatype/jsr310/deser/key/MonthDayKeyDeserializer done
Event: 1.771 loading class com/fasterxml/jackson/datatype/jsr310/deser/key/OffsetDateTimeKeyDeserializer
Event: 1.771 loading class com/fasterxml/jackson/datatype/jsr310/deser/key/OffsetDateTimeKeyDeserializer done
Event: 1.772 loading class com/fasterxml/jackson/datatype/jsr310/deser/key/OffsetTimeKeyDeserializer
Event: 1.772 loading class com/fasterxml/jackson/datatype/jsr310/deser/key/OffsetTimeKeyDeserializer done
Event: 1.772 loading class com/fasterxml/jackson/datatype/jsr310/deser/key/PeriodKeyDeserializer
Event: 1.772 loading class com/fasterxml/jackson/datatype/jsr310/deser/key/PeriodKeyDeserializer done
Event: 1.772 loading class com/fasterxml/jackson/datatype/jsr310/deser/key/YearKeyDeserializer
Event: 1.772 loading class com/fasterxml/jackson/datatype/jsr310/deser/key/YearKeyDeserializer done
Event: 1.772 loading class com/fasterxml/jackson/datatype/jsr310/deser/key/YearMonthKeyDeserializer
Event: 1.772 loading class com/fasterxml/jackson/datatype/jsr310/deser/key/YearMonthKeyDeserializer done
Event: 1.773 loading class com/fasterxml/jackson/datatype/jsr310/deser/key/ZonedDateTimeKeyDeserializer
Event: 1.773 loading class com/fasterxml/jackson/datatype/jsr310/deser/key/ZonedDateTimeKeyDeserializer done
Event: 1.773 loading class com/fasterxml/jackson/datatype/jsr310/deser/key/ZoneIdKeyDeserializer
Event: 1.773 loading class com/fasterxml/jackson/datatype/jsr310/deser/key/ZoneIdKeyDeserializer done
Event: 1.773 loading class org/springframework/boot/autoconfigure/web/servlet/error/ErrorMvcAutoConfiguration$ErrorTemplateMissingCondition
Event: 1.773 loading class org/springframework/boot/autoconfigure/web/servlet/error/ErrorMvcAutoConfiguration$ErrorTemplateMissingCondition done
Event: 1.773 loading class com/fasterxml/jackson/datatype/jsr310/deser/key/ZoneOffsetKeyDeserializer
Event: 1.773 loading class com/fasterxml/jackson/datatype/jsr310/deser/key/ZoneOffsetKeyDeserializer done


Dynamic libraries:
0x00007ff6ec090000 - 0x00007ff6ec09d000 	C:\Program Files\AdoptOpenJDK\jdk-11.0.8.10-hotspot\bin\java.exe
0x00007ff95df90000 - 0x00007ff95e185000 	C:\WINDOWS\SYSTEM32\ntdll.dll
0x00007ff95d680000 - 0x00007ff95d73d000 	C:\WINDOWS\System32\KERNEL32.DLL
0x00007ff95ba90000 - 0x00007ff95bd59000 	C:\WINDOWS\System32\KERNELBASE.dll
0x00007ff95b990000 - 0x00007ff95ba90000 	C:\WINDOWS\System32\ucrtbase.dll
0x00007ff958c90000 - 0x00007ff958ca7000 	C:\Program Files\AdoptOpenJDK\jdk-11.0.8.10-hotspot\bin\jli.dll
0x00007ff95da10000 - 0x00007ff95dbb0000 	C:\WINDOWS\System32\USER32.dll
0x00007ff93f360000 - 0x00007ff93f5fa000 	C:\WINDOWS\WinSxS\amd64_microsoft.windows.common-controls_6595b64144ccf1df_6.0.19041.1110_none_60b5254171f9507e\COMCTL32.dll
0x00007ff95b6c0000 - 0x00007ff95b6e2000 	C:\WINDOWS\System32\win32u.dll
0x00007ff95dbb0000 - 0x00007ff95dbda000 	C:\WINDOWS\System32\GDI32.dll
0x00007ff95d490000 - 0x00007ff95d52e000 	C:\WINDOWS\System32\msvcrt.dll
0x00007ff95b6f0000 - 0x00007ff95b7fb000 	C:\WINDOWS\System32\gdi32full.dll
0x00007ff95bf50000 - 0x00007ff95bfed000 	C:\WINDOWS\System32\msvcp_win.dll
0x00007ff958c60000 - 0x00007ff958c75000 	C:\Program Files\AdoptOpenJDK\jdk-11.0.8.10-hotspot\bin\VCRUNTIME140.dll
0x00007ff95d460000 - 0x00007ff95d490000 	C:\WINDOWS\System32\IMM32.DLL
0x00007ff9537d0000 - 0x00007ff95386b000 	C:\Program Files\AdoptOpenJDK\jdk-11.0.8.10-hotspot\bin\msvcp140.dll
0x00007ff90f790000 - 0x00007ff91024d000 	C:\Program Files\AdoptOpenJDK\jdk-11.0.8.10-hotspot\bin\server\jvm.dll
0x00007ff95bff0000 - 0x00007ff95c09c000 	C:\WINDOWS\System32\ADVAPI32.dll
0x00007ff95cef0000 - 0x00007ff95cf8b000 	C:\WINDOWS\System32\sechost.dll
0x00007ff95d8c0000 - 0x00007ff95d9ea000 	C:\WINDOWS\System32\RPCRT4.dll
0x00007ff95d090000 - 0x00007ff95d098000 	C:\WINDOWS\System32\PSAPI.DLL
0x00007ff94bf30000 - 0x00007ff94bf39000 	C:\WINDOWS\SYSTEM32\WSOCK32.dll
0x00007ff94c6a0000 - 0x00007ff94c6c7000 	C:\WINDOWS\SYSTEM32\WINMM.dll
0x00007ff953f00000 - 0x00007ff953f0a000 	C:\WINDOWS\SYSTEM32\VERSION.dll
0x00007ff95d590000 - 0x00007ff95d5fb000 	C:\WINDOWS\System32\WS2_32.dll
0x00007ff959f50000 - 0x00007ff959f62000 	C:\WINDOWS\SYSTEM32\kernel.appcore.dll
0x00007ff956d30000 - 0x00007ff956d40000 	C:\Program Files\AdoptOpenJDK\jdk-11.0.8.10-hotspot\bin\verify.dll
0x00007ff9594d0000 - 0x00007ff9596b4000 	C:\WINDOWS\SYSTEM32\DBGHELP.DLL
0x00007ff9422c0000 - 0x00007ff9422ec000 	C:\WINDOWS\SYSTEM32\dbgcore.DLL
0x00007ff95b900000 - 0x00007ff95b983000 	C:\WINDOWS\System32\bcryptPrimitives.dll
0x00007ff9547d0000 - 0x00007ff9547f8000 	C:\Program Files\AdoptOpenJDK\jdk-11.0.8.10-hotspot\bin\java.dll
0x00007ff956d20000 - 0x00007ff956d2a000 	C:\Program Files\AdoptOpenJDK\jdk-11.0.8.10-hotspot\bin\jimage.dll
0x00007ff956960000 - 0x00007ff95696e000 	C:\Program Files\AdoptOpenJDK\jdk-11.0.8.10-hotspot\bin\instrument.dll
0x00007ff9547b0000 - 0x00007ff9547c7000 	C:\Program Files\AdoptOpenJDK\jdk-11.0.8.10-hotspot\bin\zip.dll
0x00007ff95c200000 - 0x00007ff95c93f000 	C:\WINDOWS\System32\SHELL32.dll
0x00007ff9597b0000 - 0x00007ff959f40000 	C:\WINDOWS\SYSTEM32\windows.storage.dll
0x00007ff95d100000 - 0x00007ff95d455000 	C:\WINDOWS\System32\combase.dll
0x00007ff95b050000 - 0x00007ff95b07c000 	C:\WINDOWS\SYSTEM32\Wldp.dll
0x00007ff95c0a0000 - 0x00007ff95c14e000 	C:\WINDOWS\System32\SHCORE.dll
0x00007ff95d530000 - 0x00007ff95d585000 	C:\WINDOWS\System32\shlwapi.dll
0x00007ff95b600000 - 0x00007ff95b61f000 	C:\WINDOWS\SYSTEM32\profapi.dll
0x00007ff9541d0000 - 0x00007ff9541e9000 	C:\Program Files\AdoptOpenJDK\jdk-11.0.8.10-hotspot\bin\net.dll
0x00007ff9511c0000 - 0x00007ff9512c8000 	C:\WINDOWS\SYSTEM32\WINHTTP.dll
0x00007ff95adb0000 - 0x00007ff95ae1a000 	C:\WINDOWS\system32\mswsock.dll
0x00007ff954160000 - 0x00007ff954172000 	C:\Program Files\AdoptOpenJDK\jdk-11.0.8.10-hotspot\bin\nio.dll
0x00007ff953740000 - 0x00007ff95375a000 	D:\IntelliJ IDEA 2021.1\bin\breakgen64.dll
0x00007ff955b60000 - 0x00007ff955b69000 	C:\Program Files\AdoptOpenJDK\jdk-11.0.8.10-hotspot\bin\management.dll
0x00007ff954150000 - 0x00007ff95415b000 	C:\Program Files\AdoptOpenJDK\jdk-11.0.8.10-hotspot\bin\management_ext.dll
0x00007ff93cc20000 - 0x00007ff93cc37000 	C:\WINDOWS\system32\napinsp.dll
0x00007ff93a170000 - 0x00007ff93a18b000 	C:\WINDOWS\system32\pnrpnsp.dll
0x00007ff955c70000 - 0x00007ff955c85000 	C:\WINDOWS\system32\wshbth.dll
0x00007ff956800000 - 0x00007ff95681d000 	C:\WINDOWS\system32\NLAapi.dll
0x00007ff95aaa0000 - 0x00007ff95aadb000 	C:\WINDOWS\SYSTEM32\IPHLPAPI.DLL
0x00007ff95aae0000 - 0x00007ff95abac000 	C:\WINDOWS\SYSTEM32\DNSAPI.dll
0x00007ff95d9f0000 - 0x00007ff95d9f8000 	C:\WINDOWS\System32\NSI.dll
0x00007ff939a10000 - 0x00007ff939a22000 	C:\WINDOWS\System32\winrnr.dll
0x00007ff952f60000 - 0x00007ff952f6a000 	C:\Windows\System32\rasadhlp.dll
0x00007ff951560000 - 0x00007ff9515df000 	C:\WINDOWS\System32\fwpuclnt.dll
0x00007ff95bf20000 - 0x00007ff95bf47000 	C:\WINDOWS\System32\bcrypt.dll

dbghelp: loaded successfully - version: 4.0.5 - missing functions: none
symbol engine: initialized successfully - sym options: 0x614 - pdb path: .;C:\Program Files\AdoptOpenJDK\jdk-11.0.8.10-hotspot\bin;C:\WINDOWS\SYSTEM32;C:\WINDOWS\WinSxS\amd64_microsoft.windows.common-controls_6595b64144ccf1df_6.0.19041.1110_none_60b5254171f9507e;C:\Program Files\AdoptOpenJDK\jdk-11.0.8.10-hotspot\bin\server;D:\IntelliJ IDEA 2021.1\bin

VM Arguments:
jvm_args: -javaagent:D:\IntelliJ IDEA 2021.1\lib\idea_rt.jar=51965:D:\IntelliJ IDEA 2021.1\bin -Dfile.encoding=UTF-8 
java_command: com.example.demo.SpringbootProjectApplication
java_class_path (initial): C:\Users\Admin\eclipse-workspace\Springboot_project\target\classes;C:\Users\Admin\.m2\repository\org\springframework\boot\spring-boot-starter-security\2.4.5\spring-boot-starter-security-2.4.5.jar;C:\Users\Admin\.m2\repository\org\springframework\boot\spring-boot-starter\2.4.5\spring-boot-starter-2.4.5.jar;C:\Users\Admin\.m2\repository\org\springframework\boot\spring-boot-starter-logging\2.4.5\spring-boot-starter-logging-2.4.5.jar;C:\Users\Admin\.m2\repository\ch\qos\logback\logback-classic\1.2.3\logback-classic-1.2.3.jar;C:\Users\Admin\.m2\repository\ch\qos\logback\logback-core\1.2.3\logback-core-1.2.3.jar;C:\Users\Admin\.m2\repository\org\apache\logging\log4j\log4j-to-slf4j\2.13.3\log4j-to-slf4j-2.13.3.jar;C:\Users\Admin\.m2\repository\org\apache\logging\log4j\log4j-api\2.13.3\log4j-api-2.13.3.jar;C:\Users\Admin\.m2\repository\org\slf4j\jul-to-slf4j\1.7.30\jul-to-slf4j-1.7.30.jar;C:\Users\Admin\.m2\repository\jakarta\annotation\jakarta.annotation-api\1.3.5\jakarta.annotation-api-1.3.5.jar;C:\Users\Admin\.m2\repository\org\yaml\snakeyaml\1.27\snakeyaml-1.27.jar;C:\Users\Admin\.m2\repository\org\springframework\spring-aop\5.3.6\spring-aop-5.3.6.jar;C:\Users\Admin\.m2\repository\org\springframework\spring-beans\5.3.6\spring-beans-5.3.6.jar;C:\Users\Admin\.m2\repository\org\springframework\security\spring-security-config\5.4.6\spring-security-config-5.4.6.jar;C:\Users\Admin\.m2\repository\org\springframework\spring-context\5.3.6\spring-context-5.3.6.jar;C:\Users\Admin\.m2\repository\org\springframework\security\spring-security-web\5.4.6\spring-security-web-5.4.6.jar;C:\Users\Admin\.m2\repository\org\springframework\spring-expression\5.3.6\spring-expression-5.3.6.jar;C:\Users\Admin\.m2\repository\org\springframework\boot\spring-boot-starter-thymeleaf\2.4.5\spring-boot-starter-thymeleaf-2.4.5.jar;C:\Users\Admin\.m2\repository\org\thymeleaf\thymeleaf-spring5\3.0.12.RELEASE\thymeleaf-spring5-3.0.12.RELEASE.jar;C:\Users\Admin\.m2\repository\org\
Launcher Type: SUN_STANDARD

[Global flags]
     intx CICompilerCount                          = 4                                         {product} {ergonomic}
     uint ConcGCThreads                            = 2                                         {product} {ergonomic}
     uint G1ConcRefinementThreads                  = 8                                         {product} {ergonomic}
   size_t G1HeapRegionSize                         = 1048576                                   {product} {ergonomic}
    uintx GCDrainStackTargetSize                   = 64                                        {product} {ergonomic}
   size_t InitialHeapSize                          = 134217728                                 {product} {ergonomic}
   size_t MarkStackSize                            = 4194304                                   {product} {ergonomic}
   size_t MaxHeapSize                              = 2118123520                                {product} {ergonomic}
   size_t MaxNewSize                               = 1270874112                                {product} {ergonomic}
   size_t MinHeapDeltaBytes                        = 1048576                                   {product} {ergonomic}
    uintx NonNMethodCodeHeapSize                   = 5836300                                {pd product} {ergonomic}
    uintx NonProfiledCodeHeapSize                  = 122910970                              {pd product} {ergonomic}
    uintx ProfiledCodeHeapSize                     = 122910970                              {pd product} {ergonomic}
    uintx ReservedCodeCacheSize                    = 251658240                              {pd product} {ergonomic}
     bool SegmentedCodeCache                       = true                                      {product} {ergonomic}
     bool UseCompressedClassPointers               = true                                 {lp64_product} {ergonomic}
     bool UseCompressedOops                        = true                                 {lp64_product} {ergonomic}
     bool UseG1GC                                  = true                                      {product} {ergonomic}
     bool UseLargePagesIndividualAllocation        = false                                  {pd product} {ergonomic}

Logging:
Log output configuration:
 #0: stdout all=warning uptime,level,tags
 #1: stderr all=off uptime,level,tags

Environment Variables:
JAVA_HOME=C:\Program Files\AdoptOpenJDK\jdk-11.0.8.10-hotspot\
PATH=C:\Program Files\AdoptOpenJDK\jdk-11.0.8.10-hotspot\bin;C:\WINDOWS\system32;C:\WINDOWS;C:\WINDOWS\System32\Wbem;C:\WINDOWS\System32\WindowsPowerShell\v1.0\;C:\WINDOWS\System32\OpenSSH\;C:\Program Files (x86)\Microsoft SQL Server\110\Tools\Binn\ManagementStudio\;C:\Program Files (x86)\Microsoft SQL Server\110\Tools\Binn\;C:\Program Files\Microsoft SQL Server\110\Tools\Binn\;C:\Program Files (x86)\Microsoft SQL Server\110\DTS\Binn\;C:\Program Files\Microsoft SQL Server\Client SDK\ODBC\110\Tools\Binn\;C:\Program Files (x86)\Microsoft SQL Server\120\Tools\Binn\;C:\Program Files\Microsoft SQL Server\120\Tools\Binn\;C:\Program Files\Microsoft SQL Server\120\DTS\Binn\;C:\Program Files (x86)\Microsoft SQL Server\120\Tools\Binn\ManagementStudio\;C:\Program Files (x86)\Microsoft SQL Server\120\DTS\Binn\;C:\Users\Admin\Downloads\apache-maven-3.6.0;C:\Users\Admin\Downloads\apache-maven-3.6.0\bin;C:\Program Files\NVIDIA Corporation\NVIDIA NvDLISR;C:\Program Files (x86)\NVIDIA Corporation\PhysX\Common;C:\Users\Admin\Downloads\apache-maven-3.6.0\bin;C:\Program Files\nodejs\;C:\Program Files\Git\cmd;C:\WINDOWS\system32;C:\WINDOWS;C:\WINDOWS\System32\Wbem;C:\WINDOWS\System32\WindowsPowerShell\v1.0\;C:\WINDOWS\System32\OpenSSH\;C:\Users\Admin\AppData\Local\Microsoft\WindowsApps;C:\Users\Admin\AppData\Local\Programs\Microsoft VS Code\bin;D:\apache-tomcat-9.0.37\bin;C:\Users\Admin\AppData\Roaming\npm;
USERNAME=Admin
OS=Windows_NT
PROCESSOR_IDENTIFIER=Intel64 Family 6 Model 158 Stepping 10, GenuineIntel



---------------  S Y S T E M  ---------------

OS: Windows 10 , 64 bit Build 19041 (10.0.19041.1151)
OS uptime: 12 days 23:22 hours

CPU:total 8 (initial active 8) (4 cores per cpu, 2 threads per core) family 6 model 158 stepping 10, cmov, cx8, fxsr, mmx, sse, sse2, sse3, ssse3, sse4.1, sse4.2, popcnt, avx, avx2, aes, clmul, erms, 3dnowpref, lzcnt, ht, tsc, tscinvbit, bmi1, bmi2, adx, fma

Memory: 4k page, system-wide physical 8072M (627M free)
TotalPageFile size 12168M (AvailPageFile size 6M)
current process WorkingSet (physical memory assigned to process): 177M, peak: 180M
current process commit charge ("private bytes"): 276M, peak: 277M

vm_info: OpenJDK 64-Bit Server VM (11.0.8+10) for windows-amd64 JRE (11.0.8+10), built on Jul 15 2020 11:45:54 by "" with MS VC++ 15.9 (VS2017)

END.
