#
# There is insufficient memory for the Java Runtime Environment to continue.
# Native memory allocation (mmap) failed to map 27262976 bytes for Failed to commit area from 0x0000000089c00000 to 0x000000008b600000 of length 27262976.
# Possible reasons:
#   The system is out of physical RAM or swap space
#   The process is running with CompressedOops enabled, and the Java Heap may be blocking the growth of the native heap
# Possible solutions:
#   Reduce memory load on the system
#   Increase physical memory or swap space
#   Check if swap backing store is full
#   Decrease Java heap size (-Xmx/-Xms)
#   Decrease number of Java threads
#   Decrease Java thread stack sizes (-Xss)
#   Set larger code cache with -XX:ReservedCodeCacheSize=
#   JVM is running with Unscaled Compressed Oops mode in which the Java heap is
#     placed in the first 4GB address space. The Java Heap base address is the
#     maximum limit for the native heap growth. Please use -XX:HeapBaseMinAddress
#     to set the Java Heap base and to place the Java Heap above 4GB virtual address.
# This output file may be truncated or incomplete.
#
#  Out of Memory Error (./src/hotspot/os/windows/os_windows.cpp:3303), pid=16924, tid=8360
#
# JRE version: OpenJDK Runtime Environment AdoptOpenJDK (11.0.8+10) (build 11.0.8+10)
# Java VM: OpenJDK 64-Bit Server VM AdoptOpenJDK (11.0.8+10, mixed mode, tiered, compressed oops, g1 gc, windows-amd64)
# No core dump will be written. Minidumps are not enabled by default on client versions of Windows
#

---------------  S U M M A R Y ------------

Command Line: -XX:TieredStopAtLevel=1 -Xverify:none -Dspring.output.ansi.enabled=always -javaagent:D:\IntelliJ IDEA 2021.1\lib\idea_rt.jar=64145:D:\IntelliJ IDEA 2021.1\bin -Dcom.sun.management.jmxremote -Dspring.jmx.enabled=true -Dspring.liveBeansView.mbeanDomain -Dspring.application.admin.enabled=true -Dfile.encoding=UTF-8 com.example.demo.SpringbootProjectApplication

Host: Intel(R) Core(TM) i5-9300H CPU @ 2.40GHz, 8 cores, 7G,  Windows 10 , 64 bit Build 19041 (10.0.19041.1202)
Time: Mon Oct  4 16:22:58 2021 SE Asia Standard Time elapsed time: 5 seconds (0d 0h 0m 5s)

---------------  T H R E A D  ---------------

Current thread (0x000001a6d4c42000):  VMThread "VM Thread" [stack: 0x000000780eb00000,0x000000780ec00000] [id=8360]

Stack: [0x000000780eb00000,0x000000780ec00000]
[error occurred during error reporting (printing stack bounds), id 0xc0000005, EXCEPTION_ACCESS_VIOLATION (0xc0000005) at pc=0x000001a6be390dad]

Native frames: (J=compiled Java code, j=interpreted, Vv=VM code, C=native code)
V  [jvm.dll+0x5dfa5a]
V  [jvm.dll+0x7175ce]
V  [jvm.dll+0x718c9f]
V  [jvm.dll+0x7192c5]
V  [jvm.dll+0x71927b]
V  [jvm.dll+0x5df003]
V  [jvm.dll+0x5df708]
C  [ntdll.dll+0xa20cf]
C  [ntdll.dll+0x51454]
C  [ntdll.dll+0xa0bfe]
C  0x000001a6be390dad

VM_Operation (0x000000780fcf5b30): G1CollectForAllocation, mode: safepoint, requested by thread 0x000001a6d6cc0000


---------------  P R O C E S S  ---------------

Threads class SMR info:
_java_thread_list=0x000001a6d90fe2c0, length=15, elements={
0x000001a6b5d2c000, 0x000001a6d4c46000, 0x000001a6d4c47800, 0x000001a6d4c62800,
0x000001a6d4c64000, 0x000001a6d4c65000, 0x000001a6d4c67000, 0x000001a6d56e3800,
0x000001a6d5b39000, 0x000001a6d5b3c000, 0x000001a6d5d35000, 0x000001a6d5d04800,
0x000001a6d6c8b800, 0x000001a6d6cbd000, 0x000001a6d6cc0000
}

Java Threads: ( => current thread )
  0x000001a6b5d2c000 JavaThread "main" [_thread_blocked, id=7588, stack(0x000000780e500000,0x000000780e600000)]
  0x000001a6d4c46000 JavaThread "Reference Handler" daemon [_thread_blocked, id=6180, stack(0x000000780ec00000,0x000000780ed00000)]
  0x000001a6d4c47800 JavaThread "Finalizer" daemon [_thread_blocked, id=11056, stack(0x000000780ed00000,0x000000780ee00000)]
  0x000001a6d4c62800 JavaThread "Signal Dispatcher" daemon [_thread_blocked, id=2840, stack(0x000000780ee00000,0x000000780ef00000)]
  0x000001a6d4c64000 JavaThread "Attach Listener" daemon [_thread_blocked, id=13956, stack(0x000000780ef00000,0x000000780f000000)]
  0x000001a6d4c65000 JavaThread "C1 CompilerThread0" daemon [_thread_blocked, id=15812, stack(0x000000780f000000,0x000000780f100000)]
  0x000001a6d4c67000 JavaThread "Sweeper thread" daemon [_thread_blocked, id=13436, stack(0x000000780f100000,0x000000780f200000)]
  0x000001a6d56e3800 JavaThread "Common-Cleaner" daemon [_thread_blocked, id=8552, stack(0x000000780f200000,0x000000780f300000)]
  0x000001a6d5b39000 JavaThread "Monitor Ctrl-Break" daemon [_thread_in_native, id=18068, stack(0x000000780f300000,0x000000780f400000)]
  0x000001a6d5b3c000 JavaThread "Service Thread" daemon [_thread_blocked, id=12908, stack(0x000000780f400000,0x000000780f500000)]
  0x000001a6d5d35000 JavaThread "RMI TCP Accept-0" daemon [_thread_in_native, id=12240, stack(0x000000780f500000,0x000000780f600000)]
  0x000001a6d5d04800 JavaThread "RMI TCP Connection(1)-192.168.1.112" daemon [_thread_in_native, id=2292, stack(0x000000780f900000,0x000000780fa00000)]
  0x000001a6d6c8b800 JavaThread "RMI Scheduler(0)" daemon [_thread_blocked, id=15296, stack(0x000000780fa00000,0x000000780fb00000)]
  0x000001a6d6cbd000 JavaThread "Thread-0" [_thread_blocked, id=7220, stack(0x000000780fb00000,0x000000780fc00000)]
  0x000001a6d6cc0000 JavaThread "restartedMain" [_thread_blocked, id=11312, stack(0x000000780fc00000,0x000000780fd00000)]

Other Threads:
=>0x000001a6d4c42000 VMThread "VM Thread" [stack: 0x000000780eb00000,0x000000780ec00000] [id=8360]
  0x000001a6d5d20800 WatcherThread [stack: 0x000000780f600000,0x000000780f700000] [id=5532]
  0x000001a6b5d43000 GCTaskThread "GC Thread#0" [stack: 0x000000780e600000,0x000000780e700000] [id=12104]
  0x000001a6d5eeb800 GCTaskThread "GC Thread#1" [stack: 0x000000780f700000,0x000000780f800000] [id=1060]
  0x000001a6d616e000 GCTaskThread "GC Thread#2" [stack: 0x000000780f800000,0x000000780f900000] [id=9136]
  0x000001a6d6e80800 GCTaskThread "GC Thread#3" [stack: 0x000000780fe00000,0x000000780ff00000] [id=17368]
  0x000001a6d6e81000 GCTaskThread "GC Thread#4" [stack: 0x000000780ff00000,0x0000007810000000] [id=2084]
  0x000001a6d6eb3800 GCTaskThread "GC Thread#5" [stack: 0x0000007810000000,0x0000007810100000] [id=10144]
  0x000001a6d6eb4000 GCTaskThread "GC Thread#6" [stack: 0x0000007810100000,0x0000007810200000] [id=16644]
  0x000001a6d6eb5000 GCTaskThread "GC Thread#7" [stack: 0x0000007810200000,0x0000007810300000] [id=12860]
  0x000001a6b5d74000 ConcurrentGCThread "G1 Main Marker" [stack: 0x000000780e700000,0x000000780e800000] [id=6720]
  0x000001a6b5d75800 ConcurrentGCThread "G1 Conc#0" [stack: 0x000000780e800000,0x000000780e900000] [id=7056]
  0x000001a6d6de7800 ConcurrentGCThread "G1 Conc#1" [stack: 0x0000007810300000,0x0000007810400000] [id=14664]
  0x000001a6d4a88800 ConcurrentGCThread "G1 Refine#0" [stack: 0x000000780e900000,0x000000780ea00000] [id=6916]
  0x000001a6d4a8a000 ConcurrentGCThread "G1 Young RemSet Sampling" [stack: 0x000000780ea00000,0x000000780eb00000] [id=16864]

Threads with active compile tasks:

VM state:at safepoint (normal execution)

VM Mutex/Monitor currently owned by a thread:  ([mutex/lock_event])
[0x000001a6b5d26e50] Threads_lock - owner thread: 0x000001a6d4c42000
[0x000001a6b5d283b0] Heap_lock - owner thread: 0x000001a6d6cc0000

Heap address: 0x0000000081c00000, size: 2020 MB, Compressed Oops mode: 32-bit
Narrow klass base: 0x0000000000000000, Narrow klass shift: 3
Compressed class space size: 1073741824 Address: 0x0000000100000000

Heap:
 garbage-first heap   total 157696K, used 20423K [0x0000000081c00000, 0x0000000100000000)
  region size 1024K, 5 young (5120K), 5 survivors (5120K)
 Metaspace       used 40710K, capacity 42099K, committed 42364K, reserved 1085440K
  class space    used 5204K, capacity 5793K, committed 5836K, reserved 1048576K
Heap Regions: E=young(eden), S=young(survivor), O=old, HS=humongous(starts), HC=humongous(continues), CS=collection set, F=free, A=archive, TAMS=top-at-mark-start (previous, next)
|   0|0x0000000081c00000, 0x0000000081d00000, 0x0000000081d00000|100%|HS|  |TAMS 0x0000000081d00000, 0x0000000081c00000| Complete 
|   1|0x0000000081d00000, 0x0000000081e00000, 0x0000000081e00000|100%| O|  |TAMS 0x0000000081e00000, 0x0000000081d00000| Untracked 
|   2|0x0000000081e00000, 0x0000000081f00000, 0x0000000081f00000|100%| O|  |TAMS 0x0000000081f00000, 0x0000000081e00000| Untracked 
|   3|0x0000000081f00000, 0x0000000082000000, 0x0000000082000000|100%| O|  |TAMS 0x0000000082000000, 0x0000000081f00000| Untracked 
|   4|0x0000000082000000, 0x0000000082100000, 0x0000000082100000|100%| O|  |TAMS 0x0000000082100000, 0x0000000082000000| Untracked 
|   5|0x0000000082100000, 0x0000000082200000, 0x0000000082200000|100%| O|  |TAMS 0x0000000082200000, 0x0000000082100000| Untracked 
|   6|0x0000000082200000, 0x0000000082300000, 0x0000000082300000|100%| O|  |TAMS 0x0000000082300000, 0x0000000082200000| Untracked 
|   7|0x0000000082300000, 0x0000000082400000, 0x0000000082400000|100%| O|  |TAMS 0x0000000082400000, 0x0000000082300000| Untracked 
|   8|0x0000000082400000, 0x0000000082500000, 0x0000000082500000|100%| O|  |TAMS 0x0000000082500000, 0x0000000082400000| Untracked 
|   9|0x0000000082500000, 0x0000000082600000, 0x0000000082600000|100%| O|  |TAMS 0x0000000082600000, 0x0000000082500000| Untracked 
|  10|0x0000000082600000, 0x0000000082700000, 0x0000000082700000|100%| O|  |TAMS 0x000000008262ea00, 0x0000000082600000| Untracked 
|  11|0x0000000082700000, 0x0000000082800000, 0x0000000082800000|100%| O|  |TAMS 0x0000000082700000, 0x0000000082700000| Untracked 
|  12|0x0000000082800000, 0x0000000082900000, 0x0000000082900000|100%| O|  |TAMS 0x0000000082800000, 0x0000000082800000| Untracked 
|  13|0x0000000082900000, 0x0000000082a00000, 0x0000000082a00000|100%| O|  |TAMS 0x0000000082900000, 0x0000000082900000| Untracked 
|  14|0x0000000082a00000, 0x0000000082b00000, 0x0000000082b00000|100%| O|  |TAMS 0x0000000082a00000, 0x0000000082a00000| Untracked 
|  15|0x0000000082b00000, 0x0000000082b2c000, 0x0000000082c00000| 17%| O|  |TAMS 0x0000000082b00000, 0x0000000082b00000| Untracked 
|  16|0x0000000082c00000, 0x0000000082c00000, 0x0000000082d00000|  0%| F|  |TAMS 0x0000000082c00000, 0x0000000082c00000| Untracked 
|  17|0x0000000082d00000, 0x0000000082d00000, 0x0000000082e00000|  0%| F|  |TAMS 0x0000000082d00000, 0x0000000082d00000| Untracked 
|  18|0x0000000082e00000, 0x0000000082e00000, 0x0000000082f00000|  0%| F|  |TAMS 0x0000000082e00000, 0x0000000082e00000| Untracked 
|  19|0x0000000082f00000, 0x0000000082f00000, 0x0000000083000000|  0%| F|  |TAMS 0x0000000082f00000, 0x0000000082f00000| Untracked 
|  20|0x0000000083000000, 0x0000000083000000, 0x0000000083100000|  0%| F|  |TAMS 0x0000000083000000, 0x0000000083000000| Untracked 
|  21|0x0000000083100000, 0x0000000083100000, 0x0000000083200000|  0%| F|  |TAMS 0x0000000083100000, 0x0000000083100000| Untracked 
|  22|0x0000000083200000, 0x0000000083200000, 0x0000000083300000|  0%| F|  |TAMS 0x0000000083200000, 0x0000000083200000| Untracked 
|  23|0x0000000083300000, 0x0000000083300000, 0x0000000083400000|  0%| F|  |TAMS 0x0000000083300000, 0x0000000083300000| Untracked 
|  24|0x0000000083400000, 0x0000000083400000, 0x0000000083500000|  0%| F|  |TAMS 0x0000000083400000, 0x0000000083400000| Untracked 
|  25|0x0000000083500000, 0x0000000083500000, 0x0000000083600000|  0%| F|  |TAMS 0x0000000083500000, 0x0000000083500000| Untracked 
|  26|0x0000000083600000, 0x0000000083600000, 0x0000000083700000|  0%| F|  |TAMS 0x0000000083600000, 0x0000000083600000| Untracked 
|  27|0x0000000083700000, 0x0000000083700000, 0x0000000083800000|  0%| F|  |TAMS 0x0000000083700000, 0x0000000083700000| Untracked 
|  28|0x0000000083800000, 0x0000000083800000, 0x0000000083900000|  0%| F|  |TAMS 0x0000000083800000, 0x0000000083800000| Untracked 
|  29|0x0000000083900000, 0x0000000083900000, 0x0000000083a00000|  0%| F|  |TAMS 0x0000000083900000, 0x0000000083900000| Untracked 
|  30|0x0000000083a00000, 0x0000000083a00000, 0x0000000083b00000|  0%| F|  |TAMS 0x0000000083a00000, 0x0000000083a00000| Untracked 
|  31|0x0000000083b00000, 0x0000000083b00000, 0x0000000083c00000|  0%| F|  |TAMS 0x0000000083b00000, 0x0000000083b00000| Untracked 
|  32|0x0000000083c00000, 0x0000000083c00000, 0x0000000083d00000|  0%| F|  |TAMS 0x0000000083c00000, 0x0000000083c00000| Untracked 
|  33|0x0000000083d00000, 0x0000000083d00000, 0x0000000083e00000|  0%| F|  |TAMS 0x0000000083d00000, 0x0000000083d00000| Untracked 
|  34|0x0000000083e00000, 0x0000000083e00000, 0x0000000083f00000|  0%| F|  |TAMS 0x0000000083e00000, 0x0000000083e00000| Untracked 
|  35|0x0000000083f00000, 0x0000000083f00000, 0x0000000084000000|  0%| F|  |TAMS 0x0000000083f00000, 0x0000000083f00000| Untracked 
|  36|0x0000000084000000, 0x0000000084000000, 0x0000000084100000|  0%| F|  |TAMS 0x0000000084000000, 0x0000000084000000| Untracked 
|  37|0x0000000084100000, 0x0000000084100000, 0x0000000084200000|  0%| F|  |TAMS 0x0000000084100000, 0x0000000084100000| Untracked 
|  38|0x0000000084200000, 0x0000000084200000, 0x0000000084300000|  0%| F|  |TAMS 0x0000000084200000, 0x0000000084200000| Untracked 
|  39|0x0000000084300000, 0x0000000084300000, 0x0000000084400000|  0%| F|  |TAMS 0x0000000084300000, 0x0000000084300000| Untracked 
|  40|0x0000000084400000, 0x0000000084400000, 0x0000000084500000|  0%| F|  |TAMS 0x0000000084400000, 0x0000000084400000| Untracked 
|  41|0x0000000084500000, 0x0000000084500000, 0x0000000084600000|  0%| F|  |TAMS 0x0000000084500000, 0x0000000084500000| Untracked 
|  42|0x0000000084600000, 0x0000000084600000, 0x0000000084700000|  0%| F|  |TAMS 0x0000000084600000, 0x0000000084600000| Untracked 
|  43|0x0000000084700000, 0x0000000084700000, 0x0000000084800000|  0%| F|  |TAMS 0x0000000084700000, 0x0000000084700000| Untracked 
|  44|0x0000000084800000, 0x0000000084800000, 0x0000000084900000|  0%| F|  |TAMS 0x0000000084800000, 0x0000000084800000| Untracked 
|  45|0x0000000084900000, 0x0000000084900000, 0x0000000084a00000|  0%| F|  |TAMS 0x0000000084900000, 0x0000000084900000| Untracked 
|  46|0x0000000084a00000, 0x0000000084a00000, 0x0000000084b00000|  0%| F|  |TAMS 0x0000000084a00000, 0x0000000084a00000| Untracked 
|  47|0x0000000084b00000, 0x0000000084b00000, 0x0000000084c00000|  0%| F|  |TAMS 0x0000000084b00000, 0x0000000084b00000| Untracked 
|  48|0x0000000084c00000, 0x0000000084c00000, 0x0000000084d00000|  0%| F|  |TAMS 0x0000000084c00000, 0x0000000084c00000| Untracked 
|  49|0x0000000084d00000, 0x0000000084d00000, 0x0000000084e00000|  0%| F|  |TAMS 0x0000000084d00000, 0x0000000084d00000| Untracked 
|  50|0x0000000084e00000, 0x0000000084e00000, 0x0000000084f00000|  0%| F|  |TAMS 0x0000000084e00000, 0x0000000084e00000| Untracked 
|  51|0x0000000084f00000, 0x0000000084f00000, 0x0000000085000000|  0%| F|  |TAMS 0x0000000084f00000, 0x0000000084f00000| Untracked 
|  52|0x0000000085000000, 0x0000000085000000, 0x0000000085100000|  0%| F|  |TAMS 0x0000000085000000, 0x0000000085000000| Untracked 
|  53|0x0000000085100000, 0x0000000085100000, 0x0000000085200000|  0%| F|  |TAMS 0x0000000085100000, 0x0000000085100000| Untracked 
|  54|0x0000000085200000, 0x0000000085200000, 0x0000000085300000|  0%| F|  |TAMS 0x0000000085200000, 0x0000000085200000| Untracked 
|  55|0x0000000085300000, 0x0000000085300000, 0x0000000085400000|  0%| F|  |TAMS 0x0000000085300000, 0x0000000085300000| Untracked 
|  56|0x0000000085400000, 0x0000000085400000, 0x0000000085500000|  0%| F|  |TAMS 0x0000000085400000, 0x0000000085400000| Untracked 
|  57|0x0000000085500000, 0x0000000085500000, 0x0000000085600000|  0%| F|  |TAMS 0x0000000085500000, 0x0000000085500000| Untracked 
|  58|0x0000000085600000, 0x00000000856c5ce0, 0x0000000085700000| 77%| S|CS|TAMS 0x0000000085600000, 0x0000000085600000| Complete 
|  59|0x0000000085700000, 0x0000000085800000, 0x0000000085800000|100%| S|CS|TAMS 0x0000000085700000, 0x0000000085700000| Complete 
|  60|0x0000000085800000, 0x0000000085900000, 0x0000000085900000|100%| S|CS|TAMS 0x0000000085800000, 0x0000000085800000| Complete 
|  61|0x0000000085900000, 0x0000000085a00000, 0x0000000085a00000|100%| S|CS|TAMS 0x0000000085900000, 0x0000000085900000| Complete 
|  62|0x0000000085a00000, 0x0000000085b00000, 0x0000000085b00000|100%| S|CS|TAMS 0x0000000085a00000, 0x0000000085a00000| Complete 
|  63|0x0000000085b00000, 0x0000000085b00000, 0x0000000085c00000|  0%| F|  |TAMS 0x0000000085b00000, 0x0000000085b00000| Untracked 
|  64|0x0000000085c00000, 0x0000000085c00000, 0x0000000085d00000|  0%| F|  |TAMS 0x0000000085c00000, 0x0000000085c00000| Untracked 
|  65|0x0000000085d00000, 0x0000000085d00000, 0x0000000085e00000|  0%| F|  |TAMS 0x0000000085d00000, 0x0000000085d00000| Untracked 
|  66|0x0000000085e00000, 0x0000000085e00000, 0x0000000085f00000|  0%| F|  |TAMS 0x0000000085e00000, 0x0000000085e00000| Untracked 
|  67|0x0000000085f00000, 0x0000000085f00000, 0x0000000086000000|  0%| F|  |TAMS 0x0000000085f00000, 0x0000000085f00000| Untracked 
|  68|0x0000000086000000, 0x0000000086000000, 0x0000000086100000|  0%| F|  |TAMS 0x0000000086000000, 0x0000000086000000| Untracked 
|  69|0x0000000086100000, 0x0000000086100000, 0x0000000086200000|  0%| F|  |TAMS 0x0000000086100000, 0x0000000086100000| Untracked 
|  70|0x0000000086200000, 0x0000000086200000, 0x0000000086300000|  0%| F|  |TAMS 0x0000000086200000, 0x0000000086200000| Untracked 
|  71|0x0000000086300000, 0x0000000086300000, 0x0000000086400000|  0%| F|  |TAMS 0x0000000086300000, 0x0000000086300000| Untracked 
|  72|0x0000000086400000, 0x0000000086400000, 0x0000000086500000|  0%| F|  |TAMS 0x0000000086400000, 0x0000000086400000| Untracked 
|  73|0x0000000086500000, 0x0000000086500000, 0x0000000086600000|  0%| F|  |TAMS 0x0000000086500000, 0x0000000086500000| Untracked 
|  74|0x0000000086600000, 0x0000000086600000, 0x0000000086700000|  0%| F|  |TAMS 0x0000000086600000, 0x0000000086600000| Untracked 
|  75|0x0000000086700000, 0x0000000086700000, 0x0000000086800000|  0%| F|  |TAMS 0x0000000086700000, 0x0000000086700000| Untracked 
|  76|0x0000000086800000, 0x0000000086800000, 0x0000000086900000|  0%| F|  |TAMS 0x0000000086800000, 0x0000000086800000| Untracked 
|  77|0x0000000086900000, 0x0000000086900000, 0x0000000086a00000|  0%| F|  |TAMS 0x0000000086900000, 0x0000000086900000| Untracked 
|  78|0x0000000086a00000, 0x0000000086a00000, 0x0000000086b00000|  0%| F|  |TAMS 0x0000000086a00000, 0x0000000086a00000| Untracked 
|  79|0x0000000086b00000, 0x0000000086b00000, 0x0000000086c00000|  0%| F|  |TAMS 0x0000000086b00000, 0x0000000086b00000| Untracked 
|  80|0x0000000086c00000, 0x0000000086c00000, 0x0000000086d00000|  0%| F|  |TAMS 0x0000000086c00000, 0x0000000086c00000| Untracked 
|  81|0x0000000086d00000, 0x0000000086d00000, 0x0000000086e00000|  0%| F|  |TAMS 0x0000000086d00000, 0x0000000086d00000| Untracked 
|  82|0x0000000086e00000, 0x0000000086e00000, 0x0000000086f00000|  0%| F|  |TAMS 0x0000000086e00000, 0x0000000086e00000| Untracked 
|  83|0x0000000086f00000, 0x0000000086f00000, 0x0000000087000000|  0%| F|  |TAMS 0x0000000086f00000, 0x0000000086f00000| Untracked 
|  84|0x0000000087000000, 0x0000000087000000, 0x0000000087100000|  0%| F|  |TAMS 0x0000000087000000, 0x0000000087000000| Untracked 
|  85|0x0000000087100000, 0x0000000087100000, 0x0000000087200000|  0%| F|  |TAMS 0x0000000087100000, 0x0000000087100000| Untracked 
|  86|0x0000000087200000, 0x0000000087200000, 0x0000000087300000|  0%| F|  |TAMS 0x0000000087200000, 0x0000000087200000| Untracked 
|  87|0x0000000087300000, 0x0000000087300000, 0x0000000087400000|  0%| F|  |TAMS 0x0000000087300000, 0x0000000087300000| Untracked 
|  88|0x0000000087400000, 0x0000000087400000, 0x0000000087500000|  0%| F|  |TAMS 0x0000000087400000, 0x0000000087400000| Untracked 
|  89|0x0000000087500000, 0x0000000087500000, 0x0000000087600000|  0%| F|  |TAMS 0x0000000087500000, 0x0000000087500000| Untracked 
|  90|0x0000000087600000, 0x0000000087600000, 0x0000000087700000|  0%| F|  |TAMS 0x0000000087600000, 0x0000000087600000| Untracked 
|  91|0x0000000087700000, 0x0000000087700000, 0x0000000087800000|  0%| F|  |TAMS 0x0000000087700000, 0x0000000087700000| Untracked 
|  92|0x0000000087800000, 0x0000000087800000, 0x0000000087900000|  0%| F|  |TAMS 0x0000000087800000, 0x0000000087800000| Untracked 
|  93|0x0000000087900000, 0x0000000087900000, 0x0000000087a00000|  0%| F|  |TAMS 0x0000000087900000, 0x0000000087900000| Untracked 
|  94|0x0000000087a00000, 0x0000000087a00000, 0x0000000087b00000|  0%| F|  |TAMS 0x0000000087a00000, 0x0000000087a00000| Untracked 
|  95|0x0000000087b00000, 0x0000000087b00000, 0x0000000087c00000|  0%| F|  |TAMS 0x0000000087b00000, 0x0000000087b00000| Untracked 
|  96|0x0000000087c00000, 0x0000000087c00000, 0x0000000087d00000|  0%| F|  |TAMS 0x0000000087c00000, 0x0000000087c00000| Untracked 
|  97|0x0000000087d00000, 0x0000000087d00000, 0x0000000087e00000|  0%| F|  |TAMS 0x0000000087d00000, 0x0000000087d00000| Untracked 
|  98|0x0000000087e00000, 0x0000000087e00000, 0x0000000087f00000|  0%| F|  |TAMS 0x0000000087e00000, 0x0000000087e00000| Untracked 
|  99|0x0000000087f00000, 0x0000000087f00000, 0x0000000088000000|  0%| F|  |TAMS 0x0000000087f00000, 0x0000000087f00000| Untracked 
| 100|0x0000000088000000, 0x0000000088000000, 0x0000000088100000|  0%| F|  |TAMS 0x0000000088000000, 0x0000000088000000| Untracked 
| 101|0x0000000088100000, 0x0000000088100000, 0x0000000088200000|  0%| F|  |TAMS 0x0000000088100000, 0x0000000088100000| Untracked 
| 102|0x0000000088200000, 0x0000000088200000, 0x0000000088300000|  0%| F|  |TAMS 0x0000000088200000, 0x0000000088200000| Untracked 
| 103|0x0000000088300000, 0x0000000088300000, 0x0000000088400000|  0%| F|  |TAMS 0x0000000088300000, 0x0000000088300000| Untracked 
| 104|0x0000000088400000, 0x0000000088400000, 0x0000000088500000|  0%| F|  |TAMS 0x0000000088400000, 0x0000000088400000| Untracked 
| 105|0x0000000088500000, 0x0000000088500000, 0x0000000088600000|  0%| F|  |TAMS 0x0000000088500000, 0x0000000088500000| Untracked 
| 106|0x0000000088600000, 0x0000000088600000, 0x0000000088700000|  0%| F|  |TAMS 0x0000000088600000, 0x0000000088600000| Untracked 
| 107|0x0000000088700000, 0x0000000088700000, 0x0000000088800000|  0%| F|  |TAMS 0x0000000088700000, 0x0000000088700000| Untracked 
| 108|0x0000000088800000, 0x0000000088800000, 0x0000000088900000|  0%| F|  |TAMS 0x0000000088800000, 0x0000000088800000| Untracked 
| 109|0x0000000088900000, 0x0000000088900000, 0x0000000088a00000|  0%| F|  |TAMS 0x0000000088900000, 0x0000000088900000| Untracked 
| 110|0x0000000088a00000, 0x0000000088a00000, 0x0000000088b00000|  0%| F|  |TAMS 0x0000000088a00000, 0x0000000088a00000| Untracked 
| 111|0x0000000088b00000, 0x0000000088b00000, 0x0000000088c00000|  0%| F|  |TAMS 0x0000000088b00000, 0x0000000088b00000| Untracked 
| 112|0x0000000088c00000, 0x0000000088c00000, 0x0000000088d00000|  0%| F|  |TAMS 0x0000000088c00000, 0x0000000088c00000| Untracked 
| 113|0x0000000088d00000, 0x0000000088d00000, 0x0000000088e00000|  0%| F|  |TAMS 0x0000000088d00000, 0x0000000088d00000| Untracked 
| 114|0x0000000088e00000, 0x0000000088e00000, 0x0000000088f00000|  0%| F|  |TAMS 0x0000000088e00000, 0x0000000088e00000| Untracked 
| 115|0x0000000088f00000, 0x0000000088f00000, 0x0000000089000000|  0%| F|  |TAMS 0x0000000088f00000, 0x0000000088f00000| Untracked 
| 116|0x0000000089000000, 0x0000000089000000, 0x0000000089100000|  0%| F|  |TAMS 0x0000000089000000, 0x0000000089000000| Untracked 
| 117|0x0000000089100000, 0x0000000089100000, 0x0000000089200000|  0%| F|  |TAMS 0x0000000089100000, 0x0000000089100000| Untracked 
| 118|0x0000000089200000, 0x0000000089200000, 0x0000000089300000|  0%| F|  |TAMS 0x0000000089200000, 0x0000000089200000| Untracked 
| 119|0x0000000089300000, 0x0000000089300000, 0x0000000089400000|  0%| F|  |TAMS 0x0000000089300000, 0x0000000089300000| Untracked 
| 120|0x0000000089400000, 0x0000000089400000, 0x0000000089500000|  0%| F|  |TAMS 0x0000000089400000, 0x0000000089400000| Untracked 
| 121|0x0000000089500000, 0x0000000089500000, 0x0000000089600000|  0%| F|  |TAMS 0x0000000089500000, 0x0000000089500000| Untracked 
| 122|0x0000000089600000, 0x0000000089600000, 0x0000000089700000|  0%| F|  |TAMS 0x0000000089600000, 0x0000000089600000| Untracked 
| 123|0x0000000089700000, 0x0000000089700000, 0x0000000089800000|  0%| F|  |TAMS 0x0000000089700000, 0x0000000089700000| Untracked 
| 124|0x0000000089800000, 0x0000000089800000, 0x0000000089900000|  0%| F|  |TAMS 0x0000000089800000, 0x0000000089800000| Untracked 
| 125|0x0000000089900000, 0x0000000089900000, 0x0000000089a00000|  0%| F|  |TAMS 0x0000000089900000, 0x0000000089900000| Untracked 
| 126|0x0000000089a00000, 0x0000000089a00000, 0x0000000089b00000|  0%| F|  |TAMS 0x0000000089a00000, 0x0000000089a00000| Untracked 
| 127|0x0000000089b00000, 0x0000000089b00000, 0x0000000089c00000|  0%| F|  |TAMS 0x0000000089b00000, 0x0000000089b00000| Untracked 

Card table byte_map: [0x000001a6cdad0000,0x000001a6cded0000] _byte_map_base: 0x000001a6cd6c2000

Marking Bits (Prev, Next): (CMBitMap*) 0x000001a6b5d6b808, (CMBitMap*) 0x000001a6b5d6b840
 Prev Bits: [0x000001a6ce2d0000, 0x000001a6d0260000)
 Next Bits: [0x000001a6d0260000, 0x000001a6d21f0000)

Polling page: 0x000001a6b5500000

Metaspace:

Usage:
  Non-class:     35.46 MB capacity,    34.67 MB ( 98%) used,   645.38 KB (  2%) free+waste,   154.88 KB ( <1%) overhead. 
      Class:      5.66 MB capacity,     5.08 MB ( 90%) used,   510.72 KB (  9%) free+waste,    77.50 KB (  1%) overhead. 
       Both:     41.11 MB capacity,    39.76 MB ( 97%) used,     1.13 MB (  3%) free+waste,   232.38 KB ( <1%) overhead. 

Virtual space:
  Non-class space:       36.00 MB reserved,      35.67 MB (>99%) committed 
      Class space:        1.00 GB reserved,       5.70 MB ( <1%) committed 
             Both:        1.04 GB reserved,      41.37 MB (  4%) committed 

Chunk freelists:
   Non-Class:  30.00 KB
       Class:  31.00 KB
        Both:  61.00 KB

MaxMetaspaceSize: 17179869184.00 GB
CompressedClassSpaceSize: 1.00 GB

CodeHeap 'non-profiled nmethods': size=238336Kb used=6188Kb max_used=6188Kb free=232147Kb
 bounds [0x000001a6bead0000, 0x000001a6bf0e0000, 0x000001a6cd390000]
CodeHeap 'non-nmethods': size=7424Kb used=1160Kb max_used=1160Kb free=6263Kb
 bounds [0x000001a6be390000, 0x000001a6be600000, 0x000001a6bead0000]
 total_blobs=4525 nmethods=4024 adapters=427
 compilation: enabled
              stopped_count=0, restarted_count=0
 full_count=0

Compilation events (20 events):
Event: 5.089 Thread 0x000001a6d4c65000 4018   !   1       java.io.ObjectOutputStream::defaultWriteFields (284 bytes)
Event: 5.090 Thread 0x000001a6d4c65000 nmethod 4018 0x000001a6bf0d5c90 code [0x000001a6bf0d5ee0, 0x000001a6bf0d6598]
Event: 5.090 Thread 0x000001a6d4c65000 4017       1       java.io.ObjectOutputStream::writeString (74 bytes)
Event: 5.090 Thread 0x000001a6d4c65000 nmethod 4017 0x000001a6bf0d6a90 code [0x000001a6bf0d6cc0, 0x000001a6bf0d7058]
Event: 5.090 Thread 0x000001a6d4c65000 4015       1       java.io.ObjectOutputStream::writeUTF (9 bytes)
Event: 5.090 Thread 0x000001a6d4c65000 nmethod 4015 0x000001a6bf0d7390 code [0x000001a6bf0d7540, 0x000001a6bf0d7658]
Event: 5.090 Thread 0x000001a6d4c65000 4016       1       java.io.ObjectOutputStream$BlockDataOutputStream::writeUTF (11 bytes)
Event: 5.090 Thread 0x000001a6d4c65000 nmethod 4016 0x000001a6bf0d7710 code [0x000001a6bf0d78c0, 0x000001a6bf0d79d8]
Event: 5.090 Thread 0x000001a6d4c65000 4019       1       java.io.ObjectStreamClass::isExternalizable (9 bytes)
Event: 5.090 Thread 0x000001a6d4c65000 nmethod 4019 0x000001a6bf0d7a90 code [0x000001a6bf0d7c40, 0x000001a6bf0d7dc8]
Event: 5.090 Thread 0x000001a6d4c65000 4020       1       java.io.ObjectStreamClass::getClassDataLayout (20 bytes)
Event: 5.090 Thread 0x000001a6d4c65000 nmethod 4020 0x000001a6bf0d7e90 code [0x000001a6bf0d8040, 0x000001a6bf0d8188]
Event: 5.111 Thread 0x000001a6d4c65000 4021       1       java.util.Calendar::internalGet (7 bytes)
Event: 5.111 Thread 0x000001a6d4c65000 nmethod 4021 0x000001a6bf0d8210 code [0x000001a6bf0d83c0, 0x000001a6bf0d8498]
Event: 5.166 Thread 0x000001a6d4c65000 4022       1       java.util.AbstractList$Itr::hasNext (20 bytes)
Event: 5.166 Thread 0x000001a6d4c65000 nmethod 4022 0x000001a6bf0d8590 code [0x000001a6bf0d8740, 0x000001a6bf0d8848]
Event: 5.174 Thread 0x000001a6d4c65000 4023       1       java.util.jar.JarFile$JarFileEntry::getRealName (5 bytes)
Event: 5.174 Thread 0x000001a6d4c65000 nmethod 4023 0x000001a6bf0d8910 code [0x000001a6bf0d8ac0, 0x000001a6bf0d8b78]
Event: 5.175 Thread 0x000001a6d4c65000 4024       1       java.lang.reflect.ProxyGenerator$MethodInfo::write (283 bytes)
Event: 5.177 Thread 0x000001a6d4c65000 nmethod 4024 0x000001a6bf0d8c10 code [0x000001a6bf0d90a0, 0x000001a6bf0da7a8]

GC Heap History (15 events):
Event: 1.884 GC heap before
{Heap before GC invocations=0 (full 0):
 garbage-first heap   total 131072K, used 24576K [0x0000000081c00000, 0x0000000100000000)
  region size 1024K, 24 young (24576K), 0 survivors (0K)
 Metaspace       used 14271K, capacity 14628K, committed 14848K, reserved 1062912K
  class space    used 1505K, capacity 1667K, committed 1792K, reserved 1048576K
}
Event: 1.905 GC heap after
{Heap after GC invocations=1 (full 0):
 garbage-first heap   total 131072K, used 8625K [0x0000000081c00000, 0x0000000100000000)
  region size 1024K, 3 young (3072K), 3 survivors (3072K)
 Metaspace       used 14271K, capacity 14628K, committed 14848K, reserved 1062912K
  class space    used 1505K, capacity 1667K, committed 1792K, reserved 1048576K
}
Event: 2.727 GC heap before
{Heap before GC invocations=1 (full 0):
 garbage-first heap   total 131072K, used 80305K [0x0000000081c00000, 0x0000000100000000)
  region size 1024K, 75 young (76800K), 3 survivors (3072K)
 Metaspace       used 20528K, capacity 21181K, committed 21296K, reserved 1069056K
  class space    used 2398K, capacity 2667K, committed 2688K, reserved 1048576K
}
Event: 2.736 GC heap after
{Heap after GC invocations=2 (full 0):
 garbage-first heap   total 131072K, used 10919K [0x0000000081c00000, 0x0000000100000000)
  region size 1024K, 6 young (6144K), 6 survivors (6144K)
 Metaspace       used 20528K, capacity 21181K, committed 21296K, reserved 1069056K
  class space    used 2398K, capacity 2667K, committed 2688K, reserved 1048576K
}
Event: 2.937 GC heap before
{Heap before GC invocations=3 (full 0):
 garbage-first heap   total 131072K, used 31399K [0x0000000081c00000, 0x0000000100000000)
  region size 1024K, 26 young (26624K), 6 survivors (6144K)
 Metaspace       used 22942K, capacity 23677K, committed 23804K, reserved 1071104K
  class space    used 2785K, capacity 3069K, committed 3148K, reserved 1048576K
}
Event: 2.945 GC heap after
{Heap after GC invocations=4 (full 0):
 garbage-first heap   total 131072K, used 11519K [0x0000000081c00000, 0x0000000100000000)
  region size 1024K, 3 young (3072K), 3 survivors (3072K)
 Metaspace       used 22942K, capacity 23677K, committed 23804K, reserved 1071104K
  class space    used 2785K, capacity 3069K, committed 3148K, reserved 1048576K
}
Event: 3.368 GC heap before
{Heap before GC invocations=4 (full 0):
 garbage-first heap   total 131072K, used 85247K [0x0000000081c00000, 0x0000000100000000)
  region size 1024K, 76 young (77824K), 3 survivors (3072K)
 Metaspace       used 27286K, capacity 28179K, committed 28284K, reserved 1073152K
  class space    used 3380K, capacity 3720K, committed 3788K, reserved 1048576K
}
Event: 3.372 GC heap after
{Heap after GC invocations=5 (full 0):
 garbage-first heap   total 131072K, used 13073K [0x0000000081c00000, 0x0000000100000000)
  region size 1024K, 5 young (5120K), 5 survivors (5120K)
 Metaspace       used 27286K, capacity 28179K, committed 28284K, reserved 1073152K
  class space    used 3380K, capacity 3720K, committed 3788K, reserved 1048576K
}
Event: 4.256 GC heap before
{Heap before GC invocations=5 (full 0):
 garbage-first heap   total 131072K, used 84753K [0x0000000081c00000, 0x0000000100000000)
  region size 1024K, 76 young (77824K), 5 survivors (5120K)
 Metaspace       used 32476K, capacity 33647K, committed 33788K, reserved 1079296K
  class space    used 4143K, capacity 4582K, committed 4684K, reserved 1048576K
}
Event: 4.261 GC heap after
{Heap after GC invocations=6 (full 0):
 garbage-first heap   total 131072K, used 15645K [0x0000000081c00000, 0x0000000100000000)
  region size 1024K, 7 young (7168K), 7 survivors (7168K)
 Metaspace       used 32476K, capacity 33647K, committed 33788K, reserved 1079296K
  class space    used 4143K, capacity 4582K, committed 4684K, reserved 1048576K
}
Event: 4.505 GC heap before
{Heap before GC invocations=6 (full 0):
 garbage-first heap   total 131072K, used 34077K [0x0000000081c00000, 0x0000000100000000)
  region size 1024K, 26 young (26624K), 7 survivors (7168K)
 Metaspace       used 34537K, capacity 35905K, committed 35964K, reserved 1081344K
  class space    used 4488K, capacity 5030K, committed 5068K, reserved 1048576K
}
Event: 4.523 GC heap after
{Heap after GC invocations=7 (full 0):
 garbage-first heap   total 131072K, used 17556K [0x0000000081c00000, 0x0000000100000000)
  region size 1024K, 7 young (7168K), 7 survivors (7168K)
 Metaspace       used 34537K, capacity 35905K, committed 35964K, reserved 1081344K
  class space    used 4488K, capacity 5030K, committed 5068K, reserved 1048576K
}
Event: 4.832 GC heap before
{Heap before GC invocations=8 (full 0):
 garbage-first heap   total 131072K, used 81044K [0x0000000081c00000, 0x0000000100000000)
  region size 1024K, 70 young (71680K), 7 survivors (7168K)
 Metaspace       used 37350K, capacity 38763K, committed 39036K, reserved 1083392K
  class space    used 4753K, capacity 5300K, committed 5324K, reserved 1048576K
}
Event: 4.838 GC heap after
{Heap after GC invocations=9 (full 0):
 garbage-first heap   total 131072K, used 18819K [0x0000000081c00000, 0x0000000100000000)
  region size 1024K, 7 young (7168K), 7 survivors (7168K)
 Metaspace       used 37350K, capacity 38763K, committed 39036K, reserved 1083392K
  class space    used 4753K, capacity 5300K, committed 5324K, reserved 1048576K
}
Event: 5.185 GC heap before
{Heap before GC invocations=9 (full 0):
 garbage-first heap   total 131072K, used 84355K [0x0000000081c00000, 0x0000000100000000)
  region size 1024K, 72 young (73728K), 7 survivors (7168K)
 Metaspace       used 40710K, capacity 42099K, committed 42364K, reserved 1085440K
  class space    used 5204K, capacity 5793K, committed 5836K, reserved 1048576K
}

Deoptimization events (2 events):
Event: 4.014 Thread 0x000001a6d6cc0000 DEOPT PACKING pc=0x000001a6bedb2e64 sp=0x000000780fcfcab0
Event: 4.014 Thread 0x000001a6d6cc0000 DEOPT UNPACKING pc=0x000001a6be3b72ce sp=0x000000780fcfc018 mode 0

Classes redefined (0 events):
No events

Internal exceptions (20 events):
Event: 4.915 Thread 0x000001a6d6cc0000 Exception <a 'java/lang/ClassNotFoundException'{0x00000000878ece68}: org/springframework/data/repository/core/support/RepositoryFactoryBeanSupportCustomizer> (0x00000000878ece68) thrown at [./src/hotspot/share/classfile/systemDictionary.cpp, line 231]
Event: 4.917 Thread 0x000001a6d6cc0000 Exception <a 'java/lang/ClassNotFoundException'{0x000000008773c4f0}: org/springframework/data/repository/core/support/TransactionalRepositoryFactoryBeanSupportCustomizer> (0x000000008773c4f0) thrown at [./src/hotspot/share/classfile/systemDictionary.cpp, line 231]
Event: 4.918 Thread 0x000001a6d6cc0000 Exception <a 'java/lang/ClassNotFoundException'{0x000000008775e128}: org/springframework/data/jpa/repository/support/JpaRepositoryFactoryBeanCustomizer> (0x000000008775e128) thrown at [./src/hotspot/share/classfile/systemDictionary.cpp, line 231]
Event: 4.920 Thread 0x000001a6d6cc0000 Exception <a 'java/lang/ClassNotFoundException'{0x000000008779df40}: org/springframework/beans/factory/BeanFactoryAwareCustomizer> (0x000000008779df40) thrown at [./src/hotspot/share/classfile/systemDictionary.cpp, line 231]
Event: 4.921 Thread 0x000001a6d6cc0000 Exception <a 'java/lang/ClassNotFoundException'{0x00000000877b26e0}: org/springframework/beans/factory/AwareCustomizer> (0x00000000877b26e0) thrown at [./src/hotspot/share/classfile/systemDictionary.cpp, line 231]
Event: 4.921 Thread 0x000001a6d6cc0000 Exception <a 'java/lang/ClassNotFoundException'{0x00000000877c7990}: org/springframework/beans/factory/InitializingBeanCustomizer> (0x00000000877c7990) thrown at [./src/hotspot/share/classfile/systemDictionary.cpp, line 231]
Event: 4.922 Thread 0x000001a6d6cc0000 Exception <a 'java/lang/ClassNotFoundException'{0x00000000877e12c0}: org/springframework/data/repository/core/support/RepositoryFactoryInformationCustomizer> (0x00000000877e12c0) thrown at [./src/hotspot/share/classfile/systemDictionary.cpp, line 231]
Event: 4.924 Thread 0x000001a6d6cc0000 Exception <a 'java/lang/ClassNotFoundException'{0x00000000877fc0e8}: org/springframework/beans/factory/FactoryBeanCustomizer> (0x00000000877fc0e8) thrown at [./src/hotspot/share/classfile/systemDictionary.cpp, line 231]
Event: 4.925 Thread 0x000001a6d6cc0000 Exception <a 'java/lang/ClassNotFoundException'{0x0000000087615ce8}: org/springframework/beans/factory/BeanClassLoaderAwareCustomizer> (0x0000000087615ce8) thrown at [./src/hotspot/share/classfile/systemDictionary.cpp, line 231]
Event: 4.926 Thread 0x000001a6d6cc0000 Exception <a 'java/lang/ClassNotFoundException'{0x0000000087629cf8}: org/springframework/beans/factory/AwareCustomizer> (0x0000000087629cf8) thrown at [./src/hotspot/share/classfile/systemDictionary.cpp, line 231]
Event: 4.927 Thread 0x000001a6d6cc0000 Exception <a 'java/lang/ClassNotFoundException'{0x000000008763eca8}: org/springframework/beans/factory/BeanFactoryAwareCustomizer> (0x000000008763eca8) thrown at [./src/hotspot/share/classfile/systemDictionary.cpp, line 231]
Event: 4.927 Thread 0x000001a6d6cc0000 Exception <a 'java/lang/ClassNotFoundException'{0x00000000876531b8}: org/springframework/beans/factory/AwareCustomizer> (0x00000000876531b8) thrown at [./src/hotspot/share/classfile/systemDictionary.cpp, line 231]
Event: 4.928 Thread 0x000001a6d6cc0000 Exception <a 'java/lang/ClassNotFoundException'{0x00000000876695b8}: org/springframework/context/ApplicationEventPublisherAwareCustomizer> (0x00000000876695b8) thrown at [./src/hotspot/share/classfile/systemDictionary.cpp, line 231]
Event: 4.928 Thread 0x000001a6d6cc0000 Exception <a 'java/lang/ClassNotFoundException'{0x000000008767dd20}: org/springframework/beans/factory/AwareCustomizer> (0x000000008767dd20) thrown at [./src/hotspot/share/classfile/systemDictionary.cpp, line 231]
Event: 4.932 Thread 0x000001a6d6cc0000 Exception <a 'java/lang/ClassNotFoundException'{0x00000000876c5170}: java/lang/ObjectCustomizer> (0x00000000876c5170) thrown at [./src/hotspot/share/classfile/systemDictionary.cpp, line 231]
Event: 4.933 Thread 0x000001a6d6cc0000 Exception <a 'java/lang/ClassNotFoundException'{0x00000000876dee88}: org/springframework/core/io/support/PropertiesLoaderSupportCustomizer> (0x00000000876dee88) thrown at [./src/hotspot/share/classfile/systemDictionary.cpp, line 231]
Event: 4.934 Thread 0x000001a6d6cc0000 Exception <a 'java/lang/ClassNotFoundException'{0x00000000876fe198}: org/springframework/beans/factory/config/PropertiesFactoryBeanCustomizer> (0x00000000876fe198) thrown at [./src/hotspot/share/classfile/systemDictionary.cpp, line 231]
Event: 4.935 Thread 0x000001a6d6cc0000 Exception <a 'java/lang/ClassNotFoundException'{0x0000000087525aa8}: org/springframework/beans/factory/FactoryBeanCustomizer> (0x0000000087525aa8) thrown at [./src/hotspot/share/classfile/systemDictionary.cpp, line 231]
Event: 4.936 Thread 0x000001a6d6cc0000 Exception <a 'java/lang/ClassNotFoundException'{0x000000008753d768}: org/springframework/beans/factory/InitializingBeanCustomizer> (0x000000008753d768) thrown at [./src/hotspot/share/classfile/systemDictionary.cpp, line 231]
Event: 5.088 Thread 0x000001a6d5d04800 Exception <a 'java/lang/reflect/InvocationTargetException'{0x0000000086489bf8}> (0x0000000086489bf8) thrown at [./src/hotspot/share/runtime/reflection.cpp, line 1247]

Events (20 events):
Event: 5.183 loading class net/bytebuddy/description/method/ParameterDescription$ForLoadedParameter done
Event: 5.183 loading class net/bytebuddy/description/method/ParameterDescription$InDefinedShape$AbstractBase
Event: 5.183 loading class net/bytebuddy/description/method/ParameterDescription$InDefinedShape$AbstractBase done
Event: 5.183 loading class net/bytebuddy/description/method/ParameterDescription$InDefinedShape
Event: 5.183 loading class net/bytebuddy/description/method/ParameterDescription$InDefinedShape done
Event: 5.183 loading class net/bytebuddy/description/method/ParameterDescription
Event: 5.183 loading class net/bytebuddy/description/method/ParameterDescription done
Event: 5.184 loading class net/bytebuddy/description/NamedElement$WithOptionalName
Event: 5.184 loading class net/bytebuddy/description/NamedElement$WithOptionalName done
Event: 5.184 loading class net/bytebuddy/description/method/ParameterDescription$AbstractBase
Event: 5.184 loading class net/bytebuddy/description/method/ParameterDescription$AbstractBase done
Event: 5.184 loading class net/bytebuddy/description/method/ParameterDescription$ForLoadedParameter$Dispatcher$CreationAction
Event: 5.184 loading class net/bytebuddy/description/method/ParameterDescription$ForLoadedParameter$Dispatcher$CreationAction done
Event: 5.184 loading class net/bytebuddy/description/method/ParameterDescription$ForLoadedParameter$Dispatcher$ForJava8CapableVm
Event: 5.184 loading class net/bytebuddy/description/method/ParameterDescription$ForLoadedParameter$Dispatcher$ForJava8CapableVm done
Event: 5.184 loading class net/bytebuddy/description/method/ParameterDescription$ForLoadedParameter$Dispatcher
Event: 5.184 loading class net/bytebuddy/description/method/ParameterDescription$ForLoadedParameter$Dispatcher done
Event: 5.185 loading class net/bytebuddy/implementation/bind/annotation/RuntimeType$Verifier
Event: 5.185 loading class net/bytebuddy/implementation/bind/annotation/RuntimeType$Verifier done
Event: 5.185 Executing VM operation: G1CollectForAllocation


Dynamic libraries:
0x00007ff6eaeb0000 - 0x00007ff6eaebd000 	C:\Program Files\AdoptOpenJDK\jdk-11.0.8.10-hotspot\bin\java.exe
0x00007ffa70970000 - 0x00007ffa70b65000 	C:\WINDOWS\SYSTEM32\ntdll.dll
0x00007ffa6f3a0000 - 0x00007ffa6f45e000 	C:\WINDOWS\System32\KERNEL32.DLL
0x00007ffa6e2c0000 - 0x00007ffa6e589000 	C:\WINDOWS\System32\KERNELBASE.dll
0x00007ffa6e5f0000 - 0x00007ffa6e6f0000 	C:\WINDOWS\System32\ucrtbase.dll
0x00007ffa680f0000 - 0x00007ffa68107000 	C:\Program Files\AdoptOpenJDK\jdk-11.0.8.10-hotspot\bin\jli.dll
0x00007ffa70300000 - 0x00007ffa704a1000 	C:\WINDOWS\System32\USER32.dll
0x00007ffa6e740000 - 0x00007ffa6e762000 	C:\WINDOWS\System32\win32u.dll
0x00007ffa6ff50000 - 0x00007ffa6ff7b000 	C:\WINDOWS\System32\GDI32.dll
0x00007ffa6e770000 - 0x00007ffa6e87b000 	C:\WINDOWS\System32\gdi32full.dll
0x00007ffa6e090000 - 0x00007ffa6e12d000 	C:\WINDOWS\System32\msvcp_win.dll
0x00007ffa680d0000 - 0x00007ffa680e5000 	C:\Program Files\AdoptOpenJDK\jdk-11.0.8.10-hotspot\bin\VCRUNTIME140.dll
0x00007ffa54960000 - 0x00007ffa54bfa000 	C:\WINDOWS\WinSxS\amd64_microsoft.windows.common-controls_6595b64144ccf1df_6.0.19041.1110_none_60b5254171f9507e\COMCTL32.dll
0x00007ffa6eff0000 - 0x00007ffa6f08e000 	C:\WINDOWS\System32\msvcrt.dll
0x00007ffa6f370000 - 0x00007ffa6f3a0000 	C:\WINDOWS\System32\IMM32.DLL
0x00007ffa665b0000 - 0x00007ffa6664b000 	C:\Program Files\AdoptOpenJDK\jdk-11.0.8.10-hotspot\bin\msvcp140.dll
0x00007ffa25340000 - 0x00007ffa25dfd000 	C:\Program Files\AdoptOpenJDK\jdk-11.0.8.10-hotspot\bin\server\jvm.dll
0x00007ffa700d0000 - 0x00007ffa7017c000 	C:\WINDOWS\System32\ADVAPI32.dll
0x00007ffa6ff80000 - 0x00007ffa7001b000 	C:\WINDOWS\System32\sechost.dll
0x00007ffa6fda0000 - 0x00007ffa6feca000 	C:\WINDOWS\System32\RPCRT4.dll
0x00007ffa6ff40000 - 0x00007ffa6ff48000 	C:\WINDOWS\System32\PSAPI.DLL
0x00007ffa5d9e0000 - 0x00007ffa5d9e9000 	C:\WINDOWS\SYSTEM32\WSOCK32.dll
0x00007ffa6fed0000 - 0x00007ffa6ff3b000 	C:\WINDOWS\System32\WS2_32.dll
0x00007ffa602a0000 - 0x00007ffa602c7000 	C:\WINDOWS\SYSTEM32\WINMM.dll
0x00007ffa671d0000 - 0x00007ffa671da000 	C:\WINDOWS\SYSTEM32\VERSION.dll
0x00007ffa6c910000 - 0x00007ffa6c922000 	C:\WINDOWS\SYSTEM32\kernel.appcore.dll
0x00007ffa6b1c0000 - 0x00007ffa6b1d0000 	C:\Program Files\AdoptOpenJDK\jdk-11.0.8.10-hotspot\bin\verify.dll
0x00007ffa6be90000 - 0x00007ffa6c074000 	C:\WINDOWS\SYSTEM32\DBGHELP.DLL
0x00007ffa5e290000 - 0x00007ffa5e2bc000 	C:\WINDOWS\SYSTEM32\dbgcore.DLL
0x00007ffa6e880000 - 0x00007ffa6e903000 	C:\WINDOWS\System32\bcryptPrimitives.dll
0x00007ffa68050000 - 0x00007ffa68078000 	C:\Program Files\AdoptOpenJDK\jdk-11.0.8.10-hotspot\bin\java.dll
0x00007ffa6b180000 - 0x00007ffa6b18a000 	C:\Program Files\AdoptOpenJDK\jdk-11.0.8.10-hotspot\bin\jimage.dll
0x00007ffa680c0000 - 0x00007ffa680ce000 	C:\Program Files\AdoptOpenJDK\jdk-11.0.8.10-hotspot\bin\instrument.dll
0x00007ffa68030000 - 0x00007ffa68047000 	C:\Program Files\AdoptOpenJDK\jdk-11.0.8.10-hotspot\bin\zip.dll
0x00007ffa6f600000 - 0x00007ffa6fd3f000 	C:\WINDOWS\System32\SHELL32.dll
0x00007ffa6c170000 - 0x00007ffa6c900000 	C:\WINDOWS\SYSTEM32\windows.storage.dll
0x00007ffa70540000 - 0x00007ffa70895000 	C:\WINDOWS\System32\combase.dll
0x00007ffa6da10000 - 0x00007ffa6da3c000 	C:\WINDOWS\SYSTEM32\Wldp.dll
0x00007ffa70020000 - 0x00007ffa700ce000 	C:\WINDOWS\System32\SHCORE.dll
0x00007ffa702a0000 - 0x00007ffa702f5000 	C:\WINDOWS\System32\shlwapi.dll
0x00007ffa6dfd0000 - 0x00007ffa6dfef000 	C:\WINDOWS\SYSTEM32\profapi.dll
0x00007ffa67f80000 - 0x00007ffa67f99000 	C:\Program Files\AdoptOpenJDK\jdk-11.0.8.10-hotspot\bin\net.dll
0x00007ffa633a0000 - 0x00007ffa634a8000 	C:\WINDOWS\SYSTEM32\WINHTTP.dll
0x00007ffa6d770000 - 0x00007ffa6d7da000 	C:\WINDOWS\system32\mswsock.dll
0x00007ffa67f60000 - 0x00007ffa67f72000 	C:\Program Files\AdoptOpenJDK\jdk-11.0.8.10-hotspot\bin\nio.dll
0x00007ffa62e70000 - 0x00007ffa62e8a000 	D:\IntelliJ IDEA 2021.1\bin\breakgen64.dll
0x00007ffa6d4a0000 - 0x00007ffa6d56c000 	C:\WINDOWS\SYSTEM32\DNSAPI.dll
0x00007ffa6d460000 - 0x00007ffa6d49b000 	C:\WINDOWS\SYSTEM32\IPHLPAPI.DLL
0x00007ffa708a0000 - 0x00007ffa708a8000 	C:\WINDOWS\System32\NSI.dll
0x00007ffa659d0000 - 0x00007ffa659da000 	C:\Windows\System32\rasadhlp.dll
0x00007ffa639d0000 - 0x00007ffa63a4f000 	C:\WINDOWS\System32\fwpuclnt.dll
0x00007ffa6e130000 - 0x00007ffa6e157000 	C:\WINDOWS\System32\bcrypt.dll
0x00007ffa68020000 - 0x00007ffa68029000 	C:\Program Files\AdoptOpenJDK\jdk-11.0.8.10-hotspot\bin\management.dll
0x00007ffa66a80000 - 0x00007ffa66a8b000 	C:\Program Files\AdoptOpenJDK\jdk-11.0.8.10-hotspot\bin\management_ext.dll
0x00007ffa6d970000 - 0x00007ffa6d988000 	C:\WINDOWS\SYSTEM32\CRYPTSP.dll
0x00007ffa6d0f0000 - 0x00007ffa6d124000 	C:\WINDOWS\system32\rsaenh.dll
0x00007ffa6df90000 - 0x00007ffa6dfbe000 	C:\WINDOWS\SYSTEM32\USERENV.dll
0x00007ffa6d960000 - 0x00007ffa6d96c000 	C:\WINDOWS\SYSTEM32\CRYPTBASE.dll
0x00007ffa650c0000 - 0x00007ffa650d7000 	C:\WINDOWS\SYSTEM32\dhcpcsvc6.DLL
0x00007ffa65870000 - 0x00007ffa6588d000 	C:\WINDOWS\SYSTEM32\dhcpcsvc.DLL
0x00007ffa31d00000 - 0x00007ffa31d17000 	C:\WINDOWS\system32\napinsp.dll
0x00007ffa31ce0000 - 0x00007ffa31cfb000 	C:\WINDOWS\system32\pnrpnsp.dll
0x00007ffa68540000 - 0x00007ffa68555000 	C:\WINDOWS\system32\wshbth.dll
0x00007ffa68ee0000 - 0x00007ffa68efd000 	C:\WINDOWS\system32\NLAapi.dll
0x00007ffa2b080000 - 0x00007ffa2b092000 	C:\WINDOWS\System32\winrnr.dll
0x0000000180000000 - 0x0000000180285000 	D:\apache-tomcat-9.0.37\bin\tcnative-1.dll
0x00007ffa6e160000 - 0x00007ffa6e2b6000 	C:\WINDOWS\System32\CRYPT32.dll

dbghelp: loaded successfully - version: 4.0.5 - missing functions: none
symbol engine: initialized successfully - sym options: 0x614 - pdb path: .;C:\Program Files\AdoptOpenJDK\jdk-11.0.8.10-hotspot\bin;C:\WINDOWS\SYSTEM32;C:\WINDOWS\WinSxS\amd64_microsoft.windows.common-controls_6595b64144ccf1df_6.0.19041.1110_none_60b5254171f9507e;C:\Program Files\AdoptOpenJDK\jdk-11.0.8.10-hotspot\bin\server;D:\IntelliJ IDEA 2021.1\bin;D:\apache-tomcat-9.0.37\bin

VM Arguments:
jvm_args: -XX:TieredStopAtLevel=1 -Xverify:none -Dspring.output.ansi.enabled=always -javaagent:D:\IntelliJ IDEA 2021.1\lib\idea_rt.jar=64145:D:\IntelliJ IDEA 2021.1\bin -Dcom.sun.management.jmxremote -Dspring.jmx.enabled=true -Dspring.liveBeansView.mbeanDomain -Dspring.application.admin.enabled=true -Dfile.encoding=UTF-8 
java_command: com.example.demo.SpringbootProjectApplication
java_class_path (initial): C:\Users\Admin\eclipse-workspace\Springboot_project\target\classes;C:\Users\Admin\.m2\repository\org\springframework\boot\spring-boot-starter-security\2.4.5\spring-boot-starter-security-2.4.5.jar;C:\Users\Admin\.m2\repository\org\springframework\boot\spring-boot-starter\2.4.5\spring-boot-starter-2.4.5.jar;C:\Users\Admin\.m2\repository\org\springframework\boot\spring-boot-starter-logging\2.4.5\spring-boot-starter-logging-2.4.5.jar;C:\Users\Admin\.m2\repository\ch\qos\logback\logback-classic\1.2.3\logback-classic-1.2.3.jar;C:\Users\Admin\.m2\repository\ch\qos\logback\logback-core\1.2.3\logback-core-1.2.3.jar;C:\Users\Admin\.m2\repository\org\apache\logging\log4j\log4j-to-slf4j\2.13.3\log4j-to-slf4j-2.13.3.jar;C:\Users\Admin\.m2\repository\org\apache\logging\log4j\log4j-api\2.13.3\log4j-api-2.13.3.jar;C:\Users\Admin\.m2\repository\org\slf4j\jul-to-slf4j\1.7.30\jul-to-slf4j-1.7.30.jar;C:\Users\Admin\.m2\repository\jakarta\annotation\jakarta.annotation-api\1.3.5\jakarta.annotation-api-1.3.5.jar;C:\Users\Admin\.m2\repository\org\yaml\snakeyaml\1.27\snakeyaml-1.27.jar;C:\Users\Admin\.m2\repository\org\springframework\spring-aop\5.3.6\spring-aop-5.3.6.jar;C:\Users\Admin\.m2\repository\org\springframework\spring-beans\5.3.6\spring-beans-5.3.6.jar;C:\Users\Admin\.m2\repository\org\springframework\security\spring-security-config\5.4.6\spring-security-config-5.4.6.jar;C:\Users\Admin\.m2\repository\org\springframework\spring-context\5.3.6\spring-context-5.3.6.jar;C:\Users\Admin\.m2\repository\org\springframework\security\spring-security-web\5.4.6\spring-security-web-5.4.6.jar;C:\Users\Admin\.m2\repository\org\springframework\spring-expression\5.3.6\spring-expression-5.3.6.jar;C:\Users\Admin\.m2\repository\org\springframework\boot\spring-boot-starter-thymeleaf\2.4.5\spring-boot-starter-thymeleaf-2.4.5.jar;C:\Users\Admin\.m2\repository\org\thymeleaf\thymeleaf-spring5\3.0.12.RELEASE\thymeleaf-spring5-3.0.12.RELEASE.jar;C:\Users\Admin\.m2\repository\org\
Launcher Type: SUN_STANDARD

[Global flags]
     bool BytecodeVerificationLocal                = false                                     {product} {command line}
     bool BytecodeVerificationRemote               = false                                     {product} {command line}
     intx CICompilerCount                          = 4                                         {product} {ergonomic}
     uint ConcGCThreads                            = 2                                         {product} {ergonomic}
     uint G1ConcRefinementThreads                  = 8                                         {product} {ergonomic}
   size_t G1HeapRegionSize                         = 1048576                                   {product} {ergonomic}
    uintx GCDrainStackTargetSize                   = 64                                        {product} {ergonomic}
   size_t InitialHeapSize                          = 134217728                                 {product} {ergonomic}
     bool ManagementServer                         = true                                      {product} {command line}
   size_t MarkStackSize                            = 4194304                                   {product} {ergonomic}
   size_t MaxHeapSize                              = 2118123520                                {product} {ergonomic}
   size_t MaxNewSize                               = 1270874112                                {product} {ergonomic}
   size_t MinHeapDeltaBytes                        = 1048576                                   {product} {ergonomic}
    uintx NonNMethodCodeHeapSize                   = 7549744                                {pd product} {ergonomic}
    uintx NonProfiledCodeHeapSize                  = 244108496                              {pd product} {ergonomic}
    uintx ProfiledCodeHeapSize                     = 0                                      {pd product} {ergonomic}
    uintx ReservedCodeCacheSize                    = 251658240                              {pd product} {ergonomic}
     bool SegmentedCodeCache                       = true                                      {product} {ergonomic}
     intx TieredStopAtLevel                        = 1                                         {product} {command line}
     bool UseCompressedClassPointers               = true                                 {lp64_product} {ergonomic}
     bool UseCompressedOops                        = true                                 {lp64_product} {ergonomic}
     bool UseG1GC                                  = true                                      {product} {ergonomic}
     bool UseLargePagesIndividualAllocation        = false                                  {pd product} {ergonomic}

Logging:
Log output configuration:
 #0: stdout all=warning uptime,level,tags
 #1: stderr all=off uptime,level,tags

Environment Variables:
JAVA_HOME=C:\Program Files\AdoptOpenJDK\jdk-11.0.8.10-hotspot\
PATH=C:\Program Files\AdoptOpenJDK\jdk-11.0.8.10-hotspot\bin;C:\WINDOWS\system32;C:\WINDOWS;C:\WINDOWS\System32\Wbem;C:\WINDOWS\System32\WindowsPowerShell\v1.0\;C:\WINDOWS\System32\OpenSSH\;C:\Program Files (x86)\Microsoft SQL Server\110\Tools\Binn\ManagementStudio\;C:\Program Files (x86)\Microsoft SQL Server\110\Tools\Binn\;C:\Program Files\Microsoft SQL Server\110\Tools\Binn\;C:\Program Files (x86)\Microsoft SQL Server\110\DTS\Binn\;C:\Program Files\Microsoft SQL Server\Client SDK\ODBC\110\Tools\Binn\;C:\Program Files (x86)\Microsoft SQL Server\120\Tools\Binn\;C:\Program Files\Microsoft SQL Server\120\Tools\Binn\;C:\Program Files\Microsoft SQL Server\120\DTS\Binn\;C:\Program Files (x86)\Microsoft SQL Server\120\Tools\Binn\ManagementStudio\;C:\Program Files (x86)\Microsoft SQL Server\120\DTS\Binn\;C:\Users\Admin\Downloads\apache-maven-3.6.0;C:\Users\Admin\Downloads\apache-maven-3.6.0\bin;C:\Program Files\NVIDIA Corporation\NVIDIA NvDLISR;C:\Program Files (x86)\NVIDIA Corporation\PhysX\Common;C:\Users\Admin\Downloads\apache-maven-3.6.0\bin;C:\Program Files\nodejs\;C:\Program Files\Git\cmd;C:\WINDOWS\system32;C:\WINDOWS;C:\WINDOWS\System32\Wbem;C:\WINDOWS\System32\WindowsPowerShell\v1.0\;C:\WINDOWS\System32\OpenSSH\;C:\Users\Admin\AppData\Local\Microsoft\WindowsApps;C:\Users\Admin\AppData\Local\Programs\Microsoft VS Code\bin;D:\apache-tomcat-9.0.37\bin;C:\Users\Admin\AppData\Roaming\npm;
USERNAME=Admin
OS=Windows_NT
PROCESSOR_IDENTIFIER=Intel64 Family 6 Model 158 Stepping 10, GenuineIntel



---------------  S Y S T E M  ---------------

OS: Windows 10 , 64 bit Build 19041 (10.0.19041.1202)
OS uptime: 10 days 2:04 hours

CPU:total 8 (initial active 8) (4 cores per cpu, 2 threads per core) family 6 model 158 stepping 10, cmov, cx8, fxsr, mmx, sse, sse2, sse3, ssse3, sse4.1, sse4.2, popcnt, avx, avx2, aes, clmul, erms, 3dnowpref, lzcnt, ht, tsc, tscinvbit, bmi1, bmi2, adx, fma

Memory: 4k page, system-wide physical 8072M (553M free)
TotalPageFile size 12168M (AvailPageFile size 29M)
current process WorkingSet (physical memory assigned to process): 195M, peak: 195M
current process commit charge ("private bytes"): 269M, peak: 295M

vm_info: OpenJDK 64-Bit Server VM (11.0.8+10) for windows-amd64 JRE (11.0.8+10), built on Jul 15 2020 11:45:54 by "" with MS VC++ 15.9 (VS2017)

END.
