#
# There is insufficient memory for the Java Runtime Environment to continue.
# Native memory allocation (malloc) failed to allocate 65552 bytes for Chunk::new
# Possible reasons:
#   The system is out of physical RAM or swap space
#   The process is running with CompressedOops enabled, and the Java Heap may be blocking the growth of the native heap
# Possible solutions:
#   Reduce memory load on the system
#   Increase physical memory or swap space
#   Check if swap backing store is full
#   Decrease Java heap size (-Xmx/-Xms)
#   Decrease number of Java threads
#   Decrease Java thread stack sizes (-Xss)
#   Set larger code cache with -XX:ReservedCodeCacheSize=
#   JVM is running with Unscaled Compressed Oops mode in which the Java heap is
#     placed in the first 4GB address space. The Java Heap base address is the
#     maximum limit for the native heap growth. Please use -XX:HeapBaseMinAddress
#     to set the Java Heap base and to place the Java Heap above 4GB virtual address.
# This output file may be truncated or incomplete.
#
#  Out of Memory Error (./src/hotspot/share/memory/arena.cpp:197), pid=15560, tid=9836
#
# JRE version: OpenJDK Runtime Environment AdoptOpenJDK (11.0.8+10) (build 11.0.8+10)
# Java VM: OpenJDK 64-Bit Server VM AdoptOpenJDK (11.0.8+10, mixed mode, tiered, compressed oops, g1 gc, windows-amd64)
# No core dump will be written. Minidumps are not enabled by default on client versions of Windows
#

---------------  S U M M A R Y ------------

Command Line: -javaagent:C:\Users\Admin\AppData\Local\JetBrains\IntelliJIdea2021.1\testAgent\intellij-coverage-agent-1.0.579.jar=C:\Users\Admin\AppData\Local\Temp\coverageargs -javaagent:D:\IntelliJ IDEA 2021.1\lib\idea_rt.jar=54049:D:\IntelliJ IDEA 2021.1\bin -Dfile.encoding=UTF-8 com.example.demo.SpringbootProjectApplication

Host: Intel(R) Core(TM) i5-9300H CPU @ 2.40GHz, 8 cores, 7G,  Windows 10 , 64 bit Build 19041 (10.0.19041.1503)
Time: Tue Mar  1 10:47:15 2022 SE Asia Standard Time elapsed time: 22 seconds (0d 0h 0m 22s)

---------------  T H R E A D  ---------------

Current thread (0x00000173479aa000):  JavaThread "C2 CompilerThread0" daemon [_thread_in_native, id=9836, stack(0x0000007122800000,0x0000007122900000)]


Current CompileTask:
C2:  22888 8472       4       org.attoparser.select.BlockSelectorMarkupHandler::handleText (184 bytes)

Stack: [0x0000007122800000,0x0000007122900000]
Native frames: (J=compiled Java code, j=interpreted, Vv=VM code, C=native code)
V  [jvm.dll+0x5dfa5a]
V  [jvm.dll+0x7175ce]
V  [jvm.dll+0x718c9f]
V  [jvm.dll+0x719363]
V  [jvm.dll+0x240e48]
V  [jvm.dll+0xb96ac]
V  [jvm.dll+0xb981d]
V  [jvm.dll+0x5bec3f]
V  [jvm.dll+0x500388]
V  [jvm.dll+0x202a5d]
V  [jvm.dll+0x1fca3a]
V  [jvm.dll+0x1f99bf]
V  [jvm.dll+0x17e4ec]
V  [jvm.dll+0x208f27]
V  [jvm.dll+0x20710b]
V  [jvm.dll+0x6dc339]
V  [jvm.dll+0x6d53e4]
V  [jvm.dll+0x5de996]
C  [ucrtbase.dll+0x21bb2]
C  [KERNEL32.DLL+0x17034]
C  [ntdll.dll+0x52651]


---------------  P R O C E S S  ---------------

Threads class SMR info:
_java_thread_list=0x000001734e901cc0, length=33, elements={
0x0000017347991800, 0x0000017347992800, 0x00000173479a7000, 0x00000173479a8800,
0x00000173479aa000, 0x00000173482fd000, 0x00000173482ff800, 0x000001734792a800,
0x0000017348508000, 0x00000173485ec000, 0x000001734e673000, 0x000001734d06e800,
0x0000017352767800, 0x0000017352890800, 0x0000017351e14800, 0x000001734ef01800,
0x0000017351ebe800, 0x000001734d3f0800, 0x000001734ac02800, 0x000001734e72a000,
0x000001734e729000, 0x000001734e72a800, 0x000001734e728800, 0x0000017355aef000,
0x0000017355aed800, 0x0000017355ae9800, 0x0000017355af0000, 0x0000017355aea000,
0x0000017355aeb000, 0x0000017355aec800, 0x0000017355af0800, 0x0000017355aee000,
0x0000017355aeb800
}

Java Threads: ( => current thread )
  0x0000017347991800 JavaThread "Reference Handler" daemon [_thread_blocked, id=13048, stack(0x0000007122400000,0x0000007122500000)]
  0x0000017347992800 JavaThread "Finalizer" daemon [_thread_blocked, id=15408, stack(0x0000007122500000,0x0000007122600000)]
  0x00000173479a7000 JavaThread "Signal Dispatcher" daemon [_thread_blocked, id=9532, stack(0x0000007122600000,0x0000007122700000)]
  0x00000173479a8800 JavaThread "Attach Listener" daemon [_thread_blocked, id=10184, stack(0x0000007122700000,0x0000007122800000)]
=>0x00000173479aa000 JavaThread "C2 CompilerThread0" daemon [_thread_in_native, id=9836, stack(0x0000007122800000,0x0000007122900000)]
  0x00000173482fd000 JavaThread "C1 CompilerThread0" daemon [_thread_blocked, id=10844, stack(0x0000007122900000,0x0000007122a00000)]
  0x00000173482ff800 JavaThread "Sweeper thread" daemon [_thread_blocked, id=19176, stack(0x0000007122a00000,0x0000007122b00000)]
  0x000001734792a800 JavaThread "Common-Cleaner" daemon [_thread_blocked, id=3588, stack(0x0000007122b00000,0x0000007122c00000)]
  0x0000017348508000 JavaThread "Monitor Ctrl-Break" daemon [_thread_in_native, id=4824, stack(0x0000007122d00000,0x0000007122e00000)]
  0x00000173485ec000 JavaThread "Service Thread" daemon [_thread_blocked, id=9664, stack(0x0000007122e00000,0x0000007122f00000)]
  0x000001734e673000 JavaThread "mssql-jdbc-shared-timer-core-0" daemon [_thread_blocked, id=19000, stack(0x0000007123c00000,0x0000007123d00000)]
  0x000001734d06e800 JavaThread "HikariPool-1 housekeeper" daemon [_thread_blocked, id=4516, stack(0x0000007123d00000,0x0000007123e00000)]
  0x0000017352767800 JavaThread "Catalina-utility-1" [_thread_blocked, id=8864, stack(0x0000007123f00000,0x0000007124000000)]
  0x0000017352890800 JavaThread "Catalina-utility-2" [_thread_blocked, id=1224, stack(0x0000007124000000,0x0000007124100000)]
  0x0000017351e14800 JavaThread "container-0" [_thread_blocked, id=16184, stack(0x0000007124100000,0x0000007124200000)]
  0x000001734ef01800 JavaThread "File Watcher" daemon [_thread_blocked, id=2456, stack(0x0000007124200000,0x0000007124300000)]
  0x0000017351ebe800 JavaThread "Live Reload Server" daemon [_thread_in_native, id=18704, stack(0x0000007124400000,0x0000007124500000)]
  0x000001734d3f0800 JavaThread "http-nio-6789-BlockPoller" daemon [_thread_in_native, id=6620, stack(0x0000007124300000,0x0000007124400000)]
  0x000001734ac02800 JavaThread "http-nio-6789-exec-1" daemon [_thread_blocked, id=11192, stack(0x0000007124500000,0x0000007124600000)]
  0x000001734e72a000 JavaThread "http-nio-6789-exec-2" daemon [_thread_in_Java, id=18500, stack(0x0000007124600000,0x0000007124700000)]
  0x000001734e729000 JavaThread "http-nio-6789-exec-3" daemon [_thread_blocked, id=4624, stack(0x0000007124700000,0x0000007124800000)]
  0x000001734e72a800 JavaThread "http-nio-6789-exec-4" daemon [_thread_blocked, id=6488, stack(0x0000007124800000,0x0000007124900000)]
  0x000001734e728800 JavaThread "http-nio-6789-exec-5" daemon [_thread_in_Java, id=8576, stack(0x0000007124900000,0x0000007124a00000)]
  0x0000017355aef000 JavaThread "http-nio-6789-exec-6" daemon [_thread_blocked, id=18880, stack(0x0000007124a00000,0x0000007124b00000)]
  0x0000017355aed800 JavaThread "http-nio-6789-exec-7" daemon [_thread_blocked, id=18852, stack(0x0000007124b00000,0x0000007124c00000)]
  0x0000017355ae9800 JavaThread "http-nio-6789-exec-8" daemon [_thread_blocked, id=11940, stack(0x0000007124c00000,0x0000007124d00000)]
  0x0000017355af0000 JavaThread "http-nio-6789-exec-9" daemon [_thread_blocked, id=892, stack(0x0000007124d00000,0x0000007124e00000)]
  0x0000017355aea000 JavaThread "http-nio-6789-exec-10" daemon [_thread_in_Java, id=2696, stack(0x0000007124e00000,0x0000007124f00000)]
  0x0000017355aeb000 JavaThread "http-nio-6789-ClientPoller" daemon [_thread_in_native, id=12964, stack(0x0000007124f00000,0x0000007125000000)]
  0x0000017355aec800 JavaThread "http-nio-6789-Acceptor" daemon [_thread_in_native, id=1244, stack(0x0000007125000000,0x0000007125100000)]
  0x0000017355af0800 JavaThread "DestroyJavaVM" [_thread_blocked, id=18572, stack(0x0000007121d00000,0x0000007121e00000)]
  0x0000017355aee000 JavaThread "C2 CompilerThread1" daemon [_thread_in_native, id=1972, stack(0x0000007122c00000,0x0000007122d00000)]
  0x0000017355aeb800 JavaThread "C2 CompilerThread2" daemon [_thread_in_native, id=12316, stack(0x0000007123200000,0x0000007123300000)]

Other Threads:
  0x000001734796f000 VMThread "VM Thread" [stack: 0x0000007122300000,0x0000007122400000] [id=1604]
  0x00000173485ed000 WatcherThread [stack: 0x0000007122f00000,0x0000007123000000] [id=11200]
  0x0000017328ab1000 GCTaskThread "GC Thread#0" [stack: 0x0000007121e00000,0x0000007121f00000] [id=2740]
  0x00000173492b6800 GCTaskThread "GC Thread#1" [stack: 0x0000007123000000,0x0000007123100000] [id=17112]
  0x000001734967a800 GCTaskThread "GC Thread#2" [stack: 0x0000007123100000,0x0000007123200000] [id=15488]
  0x00000173499fb000 GCTaskThread "GC Thread#3" [stack: 0x0000007123500000,0x0000007123600000] [id=15704]
  0x0000017349876000 GCTaskThread "GC Thread#4" [stack: 0x0000007123600000,0x0000007123700000] [id=2540]
  0x0000017349877000 GCTaskThread "GC Thread#5" [stack: 0x0000007123700000,0x0000007123800000] [id=8332]
  0x000001734a900000 GCTaskThread "GC Thread#6" [stack: 0x0000007123900000,0x0000007123a00000] [id=2588]
  0x000001734ac6a800 GCTaskThread "GC Thread#7" [stack: 0x0000007123a00000,0x0000007123b00000] [id=15808]
  0x0000017328acb800 ConcurrentGCThread "G1 Main Marker" [stack: 0x0000007121f00000,0x0000007122000000] [id=11324]
  0x0000017328acf000 ConcurrentGCThread "G1 Conc#0" [stack: 0x0000007122000000,0x0000007122100000] [id=264]
  0x0000017349882000 ConcurrentGCThread "G1 Conc#1" [stack: 0x0000007123b00000,0x0000007123c00000] [id=1892]
  0x0000017328b4d800 ConcurrentGCThread "G1 Refine#0" [stack: 0x0000007122100000,0x0000007122200000] [id=11260]
  0x0000017328b4e800 ConcurrentGCThread "G1 Young RemSet Sampling" [stack: 0x0000007122200000,0x0000007122300000] [id=1760]

Threads with active compile tasks:
C2 CompilerThread0  22930 8472       4       org.attoparser.select.BlockSelectorMarkupHandler::handleText (184 bytes)
C1 CompilerThread0  22930 8614       1       org.hibernate.internal.SessionFactoryImpl$SessionBuilderImpl::isQueryParametersValidationEnabled (5 bytes)
C2 CompilerThread1  22930 8474       4       org.attoparser.HtmlMarkupHandler::handleText (17 bytes)
C2 CompilerThread2  22930 8473       4       org.attoparser.AbstractChainedMarkupHandler::handleText (17 bytes)

VM state:not at safepoint (normal execution)

VM Mutex/Monitor currently owned by a thread: None

Heap address: 0x0000000081c00000, size: 2020 MB, Compressed Oops mode: 32-bit
Narrow klass base: 0x0000000000000000, Narrow klass shift: 3
Compressed class space size: 1073741824 Address: 0x0000000100000000

Heap:
 garbage-first heap   total 191488K, used 128330K [0x0000000081c00000, 0x0000000100000000)
  region size 1024K, 106 young (108544K), 12 survivors (12288K)
 Metaspace       used 84280K, capacity 86258K, committed 86348K, reserved 1124352K
  class space    used 10536K, capacity 11302K, committed 11340K, reserved 1048576K
Heap Regions: E=young(eden), S=young(survivor), O=old, HS=humongous(starts), HC=humongous(continues), CS=collection set, F=free, A=archive, TAMS=top-at-mark-start (previous, next)
|   0|0x0000000081c00000, 0x0000000081d00000, 0x0000000081d00000|100%|HS|  |TAMS 0x0000000081d00000, 0x0000000081c00000| Complete 
|   1|0x0000000081d00000, 0x0000000081e00000, 0x0000000081e00000|100%| O|  |TAMS 0x0000000081e00000, 0x0000000081d00000| Untracked 
|   2|0x0000000081e00000, 0x0000000081f00000, 0x0000000081f00000|100%| O|  |TAMS 0x0000000081f00000, 0x0000000081e00000| Untracked 
|   3|0x0000000081f00000, 0x0000000082000000, 0x0000000082000000|100%| O|  |TAMS 0x0000000082000000, 0x0000000081f00000| Untracked 
|   4|0x0000000082000000, 0x0000000082100000, 0x0000000082100000|100%| O|  |TAMS 0x0000000082100000, 0x0000000082000000| Untracked 
|   5|0x0000000082100000, 0x0000000082200000, 0x0000000082200000|100%| O|  |TAMS 0x0000000082200000, 0x0000000082100000| Untracked 
|   6|0x0000000082200000, 0x0000000082300000, 0x0000000082300000|100%| O|  |TAMS 0x0000000082300000, 0x0000000082200000| Untracked 
|   7|0x0000000082300000, 0x0000000082400000, 0x0000000082400000|100%| O|  |TAMS 0x0000000082400000, 0x0000000082300000| Untracked 
|   8|0x0000000082400000, 0x0000000082500000, 0x0000000082500000|100%| O|  |TAMS 0x0000000082500000, 0x0000000082400000| Untracked 
|   9|0x0000000082500000, 0x00000000825ffff8, 0x0000000082600000| 99%| O|  |TAMS 0x00000000825ffff8, 0x0000000082500000| Untracked 
|  10|0x0000000082600000, 0x0000000082700000, 0x0000000082700000|100%| O|  |TAMS 0x0000000082700000, 0x0000000082600000| Untracked 
|  11|0x0000000082700000, 0x0000000082800000, 0x0000000082800000|100%| O|  |TAMS 0x0000000082800000, 0x0000000082700000| Untracked 
|  12|0x0000000082800000, 0x0000000082900000, 0x0000000082900000|100%| O|  |TAMS 0x0000000082900000, 0x0000000082800000| Untracked 
|  13|0x0000000082900000, 0x0000000082a00000, 0x0000000082a00000|100%| O|  |TAMS 0x0000000082a00000, 0x0000000082900000| Untracked 
|  14|0x0000000082a00000, 0x0000000082b00000, 0x0000000082b00000|100%| O|  |TAMS 0x0000000082b00000, 0x0000000082a00000| Untracked 
|  15|0x0000000082b00000, 0x0000000082c00000, 0x0000000082c00000|100%| O|  |TAMS 0x0000000082c00000, 0x0000000082b00000| Untracked 
|  16|0x0000000082c00000, 0x0000000082d00000, 0x0000000082d00000|100%| O|  |TAMS 0x0000000082d00000, 0x0000000082c00000| Untracked 
|  17|0x0000000082d00000, 0x0000000082e00000, 0x0000000082e00000|100%| O|  |TAMS 0x0000000082e00000, 0x0000000082d00000| Untracked 
|  18|0x0000000082e00000, 0x0000000082f00000, 0x0000000082f00000|100%| O|  |TAMS 0x0000000082f00000, 0x0000000082e00000| Untracked 
|  19|0x0000000082f00000, 0x0000000083000000, 0x0000000083000000|100%| O|  |TAMS 0x0000000083000000, 0x0000000082f00000| Untracked 
|  20|0x0000000083000000, 0x0000000083100000, 0x0000000083100000|100%| O|  |TAMS 0x0000000083100000, 0x0000000083000000| Untracked 
|  21|0x0000000083100000, 0x0000000083152c00, 0x0000000083200000| 32%| O|  |TAMS 0x0000000083152c00, 0x0000000083100000| Untracked 
|  22|0x0000000083200000, 0x0000000083200000, 0x0000000083300000|  0%| F|  |TAMS 0x0000000083200000, 0x0000000083200000| Untracked 
|  23|0x0000000083300000, 0x0000000083300000, 0x0000000083400000|  0%| F|  |TAMS 0x0000000083300000, 0x0000000083300000| Untracked 
|  24|0x0000000083400000, 0x0000000083400000, 0x0000000083500000|  0%| F|  |TAMS 0x0000000083400000, 0x0000000083400000| Untracked 
|  25|0x0000000083500000, 0x0000000083500000, 0x0000000083600000|  0%| F|  |TAMS 0x0000000083500000, 0x0000000083500000| Untracked 
|  26|0x0000000083600000, 0x0000000083600000, 0x0000000083700000|  0%| F|  |TAMS 0x0000000083600000, 0x0000000083600000| Untracked 
|  27|0x0000000083700000, 0x0000000083700000, 0x0000000083800000|  0%| F|  |TAMS 0x0000000083700000, 0x0000000083700000| Untracked 
|  28|0x0000000083800000, 0x0000000083800000, 0x0000000083900000|  0%| F|  |TAMS 0x0000000083800000, 0x0000000083800000| Untracked 
|  29|0x0000000083900000, 0x0000000083900000, 0x0000000083a00000|  0%| F|  |TAMS 0x0000000083900000, 0x0000000083900000| Untracked 
|  30|0x0000000083a00000, 0x0000000083a00000, 0x0000000083b00000|  0%| F|  |TAMS 0x0000000083a00000, 0x0000000083a00000| Untracked 
|  31|0x0000000083b00000, 0x0000000083b00000, 0x0000000083c00000|  0%| F|  |TAMS 0x0000000083b00000, 0x0000000083b00000| Untracked 
|  32|0x0000000083c00000, 0x0000000083c00000, 0x0000000083d00000|  0%| F|  |TAMS 0x0000000083c00000, 0x0000000083c00000| Untracked 
|  33|0x0000000083d00000, 0x0000000083d00000, 0x0000000083e00000|  0%| F|  |TAMS 0x0000000083d00000, 0x0000000083d00000| Untracked 
|  34|0x0000000083e00000, 0x0000000083e00000, 0x0000000083f00000|  0%| F|  |TAMS 0x0000000083e00000, 0x0000000083e00000| Untracked 
|  35|0x0000000083f00000, 0x0000000083f00000, 0x0000000084000000|  0%| F|  |TAMS 0x0000000083f00000, 0x0000000083f00000| Untracked 
|  36|0x0000000084000000, 0x0000000084000000, 0x0000000084100000|  0%| F|  |TAMS 0x0000000084000000, 0x0000000084000000| Untracked 
|  37|0x0000000084100000, 0x0000000084100000, 0x0000000084200000|  0%| F|  |TAMS 0x0000000084100000, 0x0000000084100000| Untracked 
|  38|0x0000000084200000, 0x0000000084200000, 0x0000000084300000|  0%| F|  |TAMS 0x0000000084200000, 0x0000000084200000| Untracked 
|  39|0x0000000084300000, 0x0000000084300000, 0x0000000084400000|  0%| F|  |TAMS 0x0000000084300000, 0x0000000084300000| Untracked 
|  40|0x0000000084400000, 0x0000000084400000, 0x0000000084500000|  0%| F|  |TAMS 0x0000000084400000, 0x0000000084400000| Untracked 
|  41|0x0000000084500000, 0x0000000084500000, 0x0000000084600000|  0%| F|  |TAMS 0x0000000084500000, 0x0000000084500000| Untracked 
|  42|0x0000000084600000, 0x0000000084600000, 0x0000000084700000|  0%| F|  |TAMS 0x0000000084600000, 0x0000000084600000| Untracked 
|  43|0x0000000084700000, 0x0000000084700000, 0x0000000084800000|  0%| F|  |TAMS 0x0000000084700000, 0x0000000084700000| Untracked 
|  44|0x0000000084800000, 0x0000000084800000, 0x0000000084900000|  0%| F|  |TAMS 0x0000000084800000, 0x0000000084800000| Untracked 
|  45|0x0000000084900000, 0x0000000084900000, 0x0000000084a00000|  0%| F|  |TAMS 0x0000000084900000, 0x0000000084900000| Untracked 
|  46|0x0000000084a00000, 0x0000000084a00000, 0x0000000084b00000|  0%| F|  |TAMS 0x0000000084a00000, 0x0000000084a00000| Untracked 
|  47|0x0000000084b00000, 0x0000000084b00000, 0x0000000084c00000|  0%| F|  |TAMS 0x0000000084b00000, 0x0000000084b00000| Untracked 
|  48|0x0000000084c00000, 0x0000000084c00000, 0x0000000084d00000|  0%| F|  |TAMS 0x0000000084c00000, 0x0000000084c00000| Untracked 
|  49|0x0000000084d00000, 0x0000000084d00000, 0x0000000084e00000|  0%| F|  |TAMS 0x0000000084d00000, 0x0000000084d00000| Untracked 
|  50|0x0000000084e00000, 0x0000000084e00000, 0x0000000084f00000|  0%| F|  |TAMS 0x0000000084e00000, 0x0000000084e00000| Untracked 
|  51|0x0000000084f00000, 0x0000000084f00000, 0x0000000085000000|  0%| F|  |TAMS 0x0000000084f00000, 0x0000000084f00000| Untracked 
|  52|0x0000000085000000, 0x0000000085000000, 0x0000000085100000|  0%| F|  |TAMS 0x0000000085000000, 0x0000000085000000| Untracked 
|  53|0x0000000085100000, 0x0000000085100000, 0x0000000085200000|  0%| F|  |TAMS 0x0000000085100000, 0x0000000085100000| Untracked 
|  54|0x0000000085200000, 0x0000000085200000, 0x0000000085300000|  0%| F|  |TAMS 0x0000000085200000, 0x0000000085200000| Untracked 
|  55|0x0000000085300000, 0x0000000085300000, 0x0000000085400000|  0%| F|  |TAMS 0x0000000085300000, 0x0000000085300000| Untracked 
|  56|0x0000000085400000, 0x0000000085400000, 0x0000000085500000|  0%| F|  |TAMS 0x0000000085400000, 0x0000000085400000| Untracked 
|  57|0x0000000085500000, 0x0000000085500000, 0x0000000085600000|  0%| F|  |TAMS 0x0000000085500000, 0x0000000085500000| Untracked 
|  58|0x0000000085600000, 0x0000000085600000, 0x0000000085700000|  0%| F|  |TAMS 0x0000000085600000, 0x0000000085600000| Untracked 
|  59|0x0000000085700000, 0x0000000085700000, 0x0000000085800000|  0%| F|  |TAMS 0x0000000085700000, 0x0000000085700000| Untracked 
|  60|0x0000000085800000, 0x0000000085800000, 0x0000000085900000|  0%| F|  |TAMS 0x0000000085800000, 0x0000000085800000| Untracked 
|  61|0x0000000085900000, 0x0000000085900000, 0x0000000085a00000|  0%| F|  |TAMS 0x0000000085900000, 0x0000000085900000| Untracked 
|  62|0x0000000085a00000, 0x0000000085a00000, 0x0000000085b00000|  0%| F|  |TAMS 0x0000000085a00000, 0x0000000085a00000| Untracked 
|  63|0x0000000085b00000, 0x0000000085c00000, 0x0000000085c00000|100%| S|CS|TAMS 0x0000000085b00000, 0x0000000085b00000| Complete 
|  64|0x0000000085c00000, 0x0000000085d00000, 0x0000000085d00000|100%| S|CS|TAMS 0x0000000085c00000, 0x0000000085c00000| Complete 
|  65|0x0000000085d00000, 0x0000000085e00000, 0x0000000085e00000|100%| S|CS|TAMS 0x0000000085d00000, 0x0000000085d00000| Complete 
|  66|0x0000000085e00000, 0x0000000085f00000, 0x0000000085f00000|100%| S|CS|TAMS 0x0000000085e00000, 0x0000000085e00000| Complete 
|  67|0x0000000085f00000, 0x0000000086000000, 0x0000000086000000|100%| S|CS|TAMS 0x0000000085f00000, 0x0000000085f00000| Complete 
|  68|0x0000000086000000, 0x0000000086000000, 0x0000000086100000|  0%| F|  |TAMS 0x0000000086000000, 0x0000000086000000| Untracked 
|  69|0x0000000086100000, 0x0000000086100000, 0x0000000086200000|  0%| F|  |TAMS 0x0000000086100000, 0x0000000086100000| Untracked 
|  70|0x0000000086200000, 0x0000000086200000, 0x0000000086300000|  0%| F|  |TAMS 0x0000000086200000, 0x0000000086200000| Untracked 
|  71|0x0000000086300000, 0x0000000086300000, 0x0000000086400000|  0%| F|  |TAMS 0x0000000086300000, 0x0000000086300000| Untracked 
|  72|0x0000000086400000, 0x0000000086400000, 0x0000000086500000|  0%| F|  |TAMS 0x0000000086400000, 0x0000000086400000| Untracked 
|  73|0x0000000086500000, 0x0000000086500000, 0x0000000086600000|  0%| F|  |TAMS 0x0000000086500000, 0x0000000086500000| Untracked 
|  74|0x0000000086600000, 0x0000000086600000, 0x0000000086700000|  0%| F|  |TAMS 0x0000000086600000, 0x0000000086600000| Untracked 
|  75|0x0000000086700000, 0x0000000086800000, 0x0000000086800000|100%| S|CS|TAMS 0x0000000086700000, 0x0000000086700000| Complete 
|  76|0x0000000086800000, 0x0000000086900000, 0x0000000086900000|100%| S|CS|TAMS 0x0000000086800000, 0x0000000086800000| Complete 
|  77|0x0000000086900000, 0x0000000086a00000, 0x0000000086a00000|100%| S|CS|TAMS 0x0000000086900000, 0x0000000086900000| Complete 
|  78|0x0000000086a00000, 0x0000000086b00000, 0x0000000086b00000|100%| S|CS|TAMS 0x0000000086a00000, 0x0000000086a00000| Complete 
|  79|0x0000000086b00000, 0x0000000086c00000, 0x0000000086c00000|100%| S|CS|TAMS 0x0000000086b00000, 0x0000000086b00000| Complete 
|  80|0x0000000086c00000, 0x0000000086d00000, 0x0000000086d00000|100%| S|CS|TAMS 0x0000000086c00000, 0x0000000086c00000| Complete 
|  81|0x0000000086d00000, 0x0000000086e00000, 0x0000000086e00000|100%| S|CS|TAMS 0x0000000086d00000, 0x0000000086d00000| Complete 
|  82|0x0000000086e00000, 0x0000000086e00000, 0x0000000086f00000|  0%| F|  |TAMS 0x0000000086e00000, 0x0000000086e00000| Untracked 
|  83|0x0000000086f00000, 0x0000000086f00000, 0x0000000087000000|  0%| F|  |TAMS 0x0000000086f00000, 0x0000000086f00000| Untracked 
|  84|0x0000000087000000, 0x0000000087000000, 0x0000000087100000|  0%| F|  |TAMS 0x0000000087000000, 0x0000000087000000| Untracked 
|  85|0x0000000087100000, 0x0000000087100000, 0x0000000087200000|  0%| F|  |TAMS 0x0000000087100000, 0x0000000087100000| Untracked 
|  86|0x0000000087200000, 0x0000000087200000, 0x0000000087300000|  0%| F|  |TAMS 0x0000000087200000, 0x0000000087200000| Untracked 
|  87|0x0000000087300000, 0x0000000087300000, 0x0000000087400000|  0%| F|  |TAMS 0x0000000087300000, 0x0000000087300000| Untracked 
|  88|0x0000000087400000, 0x0000000087400000, 0x0000000087500000|  0%| F|  |TAMS 0x0000000087400000, 0x0000000087400000| Untracked 
|  89|0x0000000087500000, 0x0000000087500000, 0x0000000087600000|  0%| F|  |TAMS 0x0000000087500000, 0x0000000087500000| Untracked 
|  90|0x0000000087600000, 0x0000000087600000, 0x0000000087700000|  0%| F|  |TAMS 0x0000000087600000, 0x0000000087600000| Untracked 
|  91|0x0000000087700000, 0x0000000087700000, 0x0000000087800000|  0%| F|  |TAMS 0x0000000087700000, 0x0000000087700000| Untracked 
|  92|0x0000000087800000, 0x0000000087800000, 0x0000000087900000|  0%| F|  |TAMS 0x0000000087800000, 0x0000000087800000| Untracked 
|  93|0x0000000087900000, 0x000000008797a790, 0x0000000087a00000| 47%| E|  |TAMS 0x0000000087900000, 0x0000000087900000| Complete 
|  94|0x0000000087a00000, 0x0000000087b00000, 0x0000000087b00000|100%| E|CS|TAMS 0x0000000087a00000, 0x0000000087a00000| Complete 
|  95|0x0000000087b00000, 0x0000000087c00000, 0x0000000087c00000|100%| E|CS|TAMS 0x0000000087b00000, 0x0000000087b00000| Complete 
|  96|0x0000000087c00000, 0x0000000087d00000, 0x0000000087d00000|100%| E|CS|TAMS 0x0000000087c00000, 0x0000000087c00000| Complete 
|  97|0x0000000087d00000, 0x0000000087e00000, 0x0000000087e00000|100%| E|CS|TAMS 0x0000000087d00000, 0x0000000087d00000| Complete 
|  98|0x0000000087e00000, 0x0000000087f00000, 0x0000000087f00000|100%| E|CS|TAMS 0x0000000087e00000, 0x0000000087e00000| Complete 
|  99|0x0000000087f00000, 0x0000000088000000, 0x0000000088000000|100%| E|CS|TAMS 0x0000000087f00000, 0x0000000087f00000| Complete 
| 100|0x0000000088000000, 0x0000000088100000, 0x0000000088100000|100%| E|CS|TAMS 0x0000000088000000, 0x0000000088000000| Complete 
| 101|0x0000000088100000, 0x0000000088200000, 0x0000000088200000|100%| E|CS|TAMS 0x0000000088100000, 0x0000000088100000| Complete 
| 102|0x0000000088200000, 0x0000000088300000, 0x0000000088300000|100%| E|CS|TAMS 0x0000000088200000, 0x0000000088200000| Complete 
| 103|0x0000000088300000, 0x0000000088400000, 0x0000000088400000|100%| E|CS|TAMS 0x0000000088300000, 0x0000000088300000| Complete 
| 104|0x0000000088400000, 0x0000000088500000, 0x0000000088500000|100%| E|CS|TAMS 0x0000000088400000, 0x0000000088400000| Complete 
| 105|0x0000000088500000, 0x0000000088600000, 0x0000000088600000|100%| E|CS|TAMS 0x0000000088500000, 0x0000000088500000| Complete 
| 106|0x0000000088600000, 0x0000000088700000, 0x0000000088700000|100%| E|CS|TAMS 0x0000000088600000, 0x0000000088600000| Complete 
| 107|0x0000000088700000, 0x0000000088800000, 0x0000000088800000|100%| E|CS|TAMS 0x0000000088700000, 0x0000000088700000| Complete 
| 108|0x0000000088800000, 0x0000000088900000, 0x0000000088900000|100%| E|CS|TAMS 0x0000000088800000, 0x0000000088800000| Complete 
| 109|0x0000000088900000, 0x0000000088a00000, 0x0000000088a00000|100%| E|CS|TAMS 0x0000000088900000, 0x0000000088900000| Complete 
| 110|0x0000000088a00000, 0x0000000088b00000, 0x0000000088b00000|100%| E|CS|TAMS 0x0000000088a00000, 0x0000000088a00000| Complete 
| 111|0x0000000088b00000, 0x0000000088c00000, 0x0000000088c00000|100%| E|CS|TAMS 0x0000000088b00000, 0x0000000088b00000| Complete 
| 112|0x0000000088c00000, 0x0000000088d00000, 0x0000000088d00000|100%| E|CS|TAMS 0x0000000088c00000, 0x0000000088c00000| Complete 
| 113|0x0000000088d00000, 0x0000000088e00000, 0x0000000088e00000|100%| E|CS|TAMS 0x0000000088d00000, 0x0000000088d00000| Complete 
| 114|0x0000000088e00000, 0x0000000088f00000, 0x0000000088f00000|100%| E|CS|TAMS 0x0000000088e00000, 0x0000000088e00000| Complete 
| 115|0x0000000088f00000, 0x0000000089000000, 0x0000000089000000|100%| E|CS|TAMS 0x0000000088f00000, 0x0000000088f00000| Complete 
| 116|0x0000000089000000, 0x0000000089100000, 0x0000000089100000|100%| E|CS|TAMS 0x0000000089000000, 0x0000000089000000| Complete 
| 117|0x0000000089100000, 0x0000000089200000, 0x0000000089200000|100%| E|CS|TAMS 0x0000000089100000, 0x0000000089100000| Complete 
| 118|0x0000000089200000, 0x0000000089300000, 0x0000000089300000|100%| E|CS|TAMS 0x0000000089200000, 0x0000000089200000| Complete 
| 119|0x0000000089300000, 0x0000000089400000, 0x0000000089400000|100%| E|CS|TAMS 0x0000000089300000, 0x0000000089300000| Complete 
| 120|0x0000000089400000, 0x0000000089500000, 0x0000000089500000|100%| E|CS|TAMS 0x0000000089400000, 0x0000000089400000| Complete 
| 121|0x0000000089500000, 0x0000000089600000, 0x0000000089600000|100%| E|CS|TAMS 0x0000000089500000, 0x0000000089500000| Complete 
| 122|0x0000000089600000, 0x0000000089700000, 0x0000000089700000|100%| E|CS|TAMS 0x0000000089600000, 0x0000000089600000| Complete 
| 123|0x0000000089700000, 0x0000000089800000, 0x0000000089800000|100%| E|CS|TAMS 0x0000000089700000, 0x0000000089700000| Complete 
| 124|0x0000000089800000, 0x0000000089900000, 0x0000000089900000|100%| E|CS|TAMS 0x0000000089800000, 0x0000000089800000| Complete 
| 125|0x0000000089900000, 0x0000000089a00000, 0x0000000089a00000|100%| E|CS|TAMS 0x0000000089900000, 0x0000000089900000| Complete 
| 126|0x0000000089a00000, 0x0000000089b00000, 0x0000000089b00000|100%| E|CS|TAMS 0x0000000089a00000, 0x0000000089a00000| Complete 
| 127|0x0000000089b00000, 0x0000000089c00000, 0x0000000089c00000|100%| E|CS|TAMS 0x0000000089b00000, 0x0000000089b00000| Complete 
| 128|0x0000000089c00000, 0x0000000089d00000, 0x0000000089d00000|100%| E|CS|TAMS 0x0000000089c00000, 0x0000000089c00000| Complete 
| 129|0x0000000089d00000, 0x0000000089e00000, 0x0000000089e00000|100%| E|CS|TAMS 0x0000000089d00000, 0x0000000089d00000| Complete 
| 130|0x0000000089e00000, 0x0000000089f00000, 0x0000000089f00000|100%| E|CS|TAMS 0x0000000089e00000, 0x0000000089e00000| Complete 
| 131|0x0000000089f00000, 0x000000008a000000, 0x000000008a000000|100%| E|CS|TAMS 0x0000000089f00000, 0x0000000089f00000| Complete 
| 132|0x000000008a000000, 0x000000008a100000, 0x000000008a100000|100%| E|CS|TAMS 0x000000008a000000, 0x000000008a000000| Complete 
| 133|0x000000008a100000, 0x000000008a200000, 0x000000008a200000|100%| E|CS|TAMS 0x000000008a100000, 0x000000008a100000| Complete 
| 134|0x000000008a200000, 0x000000008a300000, 0x000000008a300000|100%| E|CS|TAMS 0x000000008a200000, 0x000000008a200000| Complete 
| 135|0x000000008a300000, 0x000000008a400000, 0x000000008a400000|100%| E|CS|TAMS 0x000000008a300000, 0x000000008a300000| Complete 
| 136|0x000000008a400000, 0x000000008a500000, 0x000000008a500000|100%| E|CS|TAMS 0x000000008a400000, 0x000000008a400000| Complete 
| 137|0x000000008a500000, 0x000000008a600000, 0x000000008a600000|100%| E|CS|TAMS 0x000000008a500000, 0x000000008a500000| Complete 
| 138|0x000000008a600000, 0x000000008a700000, 0x000000008a700000|100%| E|CS|TAMS 0x000000008a600000, 0x000000008a600000| Complete 
| 139|0x000000008a700000, 0x000000008a800000, 0x000000008a800000|100%| E|CS|TAMS 0x000000008a700000, 0x000000008a700000| Complete 
| 140|0x000000008a800000, 0x000000008a900000, 0x000000008a900000|100%| E|CS|TAMS 0x000000008a800000, 0x000000008a800000| Complete 
| 141|0x000000008a900000, 0x000000008aa00000, 0x000000008aa00000|100%| E|CS|TAMS 0x000000008a900000, 0x000000008a900000| Complete 
| 142|0x000000008aa00000, 0x000000008ab00000, 0x000000008ab00000|100%| E|CS|TAMS 0x000000008aa00000, 0x000000008aa00000| Complete 
| 143|0x000000008ab00000, 0x000000008ac00000, 0x000000008ac00000|100%| E|CS|TAMS 0x000000008ab00000, 0x000000008ab00000| Complete 
| 144|0x000000008ac00000, 0x000000008ad00000, 0x000000008ad00000|100%| E|CS|TAMS 0x000000008ac00000, 0x000000008ac00000| Complete 
| 145|0x000000008ad00000, 0x000000008ae00000, 0x000000008ae00000|100%| E|  |TAMS 0x000000008ad00000, 0x000000008ad00000| Complete 
| 146|0x000000008ae00000, 0x000000008af00000, 0x000000008af00000|100%| E|CS|TAMS 0x000000008ae00000, 0x000000008ae00000| Complete 
| 147|0x000000008af00000, 0x000000008b000000, 0x000000008b000000|100%| E|CS|TAMS 0x000000008af00000, 0x000000008af00000| Complete 
| 148|0x000000008b000000, 0x000000008b100000, 0x000000008b100000|100%| E|CS|TAMS 0x000000008b000000, 0x000000008b000000| Complete 
| 149|0x000000008b100000, 0x000000008b200000, 0x000000008b200000|100%| E|CS|TAMS 0x000000008b100000, 0x000000008b100000| Complete 
| 150|0x000000008b200000, 0x000000008b300000, 0x000000008b300000|100%| E|CS|TAMS 0x000000008b200000, 0x000000008b200000| Complete 
| 151|0x000000008b300000, 0x000000008b400000, 0x000000008b400000|100%| E|CS|TAMS 0x000000008b300000, 0x000000008b300000| Complete 
| 152|0x000000008b400000, 0x000000008b500000, 0x000000008b500000|100%| E|CS|TAMS 0x000000008b400000, 0x000000008b400000| Complete 
| 153|0x000000008b500000, 0x000000008b600000, 0x000000008b600000|100%| E|CS|TAMS 0x000000008b500000, 0x000000008b500000| Complete 
| 154|0x000000008b600000, 0x000000008b700000, 0x000000008b700000|100%| E|CS|TAMS 0x000000008b600000, 0x000000008b600000| Complete 
| 155|0x000000008b700000, 0x000000008b800000, 0x000000008b800000|100%| E|CS|TAMS 0x000000008b700000, 0x000000008b700000| Complete 
| 156|0x000000008b800000, 0x000000008b900000, 0x000000008b900000|100%| E|CS|TAMS 0x000000008b800000, 0x000000008b800000| Complete 
| 157|0x000000008b900000, 0x000000008ba00000, 0x000000008ba00000|100%| E|CS|TAMS 0x000000008b900000, 0x000000008b900000| Complete 
| 158|0x000000008ba00000, 0x000000008bb00000, 0x000000008bb00000|100%| E|CS|TAMS 0x000000008ba00000, 0x000000008ba00000| Complete 
| 159|0x000000008bb00000, 0x000000008bc00000, 0x000000008bc00000|100%| E|CS|TAMS 0x000000008bb00000, 0x000000008bb00000| Complete 
| 160|0x000000008bc00000, 0x000000008bd00000, 0x000000008bd00000|100%| E|CS|TAMS 0x000000008bc00000, 0x000000008bc00000| Complete 
| 161|0x000000008bd00000, 0x000000008be00000, 0x000000008be00000|100%| E|CS|TAMS 0x000000008bd00000, 0x000000008bd00000| Complete 
| 162|0x000000008be00000, 0x000000008bf00000, 0x000000008bf00000|100%| E|CS|TAMS 0x000000008be00000, 0x000000008be00000| Complete 
| 163|0x000000008bf00000, 0x000000008c000000, 0x000000008c000000|100%| E|CS|TAMS 0x000000008bf00000, 0x000000008bf00000| Complete 
| 164|0x000000008c000000, 0x000000008c100000, 0x000000008c100000|100%| E|CS|TAMS 0x000000008c000000, 0x000000008c000000| Complete 
| 165|0x000000008c100000, 0x000000008c200000, 0x000000008c200000|100%| E|CS|TAMS 0x000000008c100000, 0x000000008c100000| Complete 
| 166|0x000000008c200000, 0x000000008c300000, 0x000000008c300000|100%| E|CS|TAMS 0x000000008c200000, 0x000000008c200000| Complete 
| 167|0x000000008c300000, 0x000000008c400000, 0x000000008c400000|100%| E|CS|TAMS 0x000000008c300000, 0x000000008c300000| Complete 
| 168|0x000000008c400000, 0x000000008c500000, 0x000000008c500000|100%| E|CS|TAMS 0x000000008c400000, 0x000000008c400000| Complete 
| 169|0x000000008c500000, 0x000000008c600000, 0x000000008c600000|100%| E|CS|TAMS 0x000000008c500000, 0x000000008c500000| Complete 
| 170|0x000000008c600000, 0x000000008c700000, 0x000000008c700000|100%| E|CS|TAMS 0x000000008c600000, 0x000000008c600000| Complete 
| 171|0x000000008c700000, 0x000000008c800000, 0x000000008c800000|100%| E|CS|TAMS 0x000000008c700000, 0x000000008c700000| Complete 
| 172|0x000000008c800000, 0x000000008c900000, 0x000000008c900000|100%| E|CS|TAMS 0x000000008c800000, 0x000000008c800000| Complete 
| 173|0x000000008c900000, 0x000000008ca00000, 0x000000008ca00000|100%| E|CS|TAMS 0x000000008c900000, 0x000000008c900000| Complete 
| 174|0x000000008ca00000, 0x000000008cb00000, 0x000000008cb00000|100%| E|CS|TAMS 0x000000008ca00000, 0x000000008ca00000| Complete 
| 175|0x000000008cb00000, 0x000000008cc00000, 0x000000008cc00000|100%| E|CS|TAMS 0x000000008cb00000, 0x000000008cb00000| Complete 
| 176|0x000000008cc00000, 0x000000008cd00000, 0x000000008cd00000|100%| E|CS|TAMS 0x000000008cc00000, 0x000000008cc00000| Complete 
| 177|0x000000008cd00000, 0x000000008ce00000, 0x000000008ce00000|100%| E|CS|TAMS 0x000000008cd00000, 0x000000008cd00000| Complete 
| 178|0x000000008ce00000, 0x000000008cf00000, 0x000000008cf00000|100%| E|CS|TAMS 0x000000008ce00000, 0x000000008ce00000| Complete 
| 179|0x000000008cf00000, 0x000000008d000000, 0x000000008d000000|100%| E|CS|TAMS 0x000000008cf00000, 0x000000008cf00000| Complete 
| 180|0x000000008d000000, 0x000000008d100000, 0x000000008d100000|100%| E|CS|TAMS 0x000000008d000000, 0x000000008d000000| Complete 
| 181|0x000000008d100000, 0x000000008d200000, 0x000000008d200000|100%| E|CS|TAMS 0x000000008d100000, 0x000000008d100000| Complete 
| 182|0x000000008d200000, 0x000000008d300000, 0x000000008d300000|100%| E|CS|TAMS 0x000000008d200000, 0x000000008d200000| Complete 
| 183|0x000000008d300000, 0x000000008d400000, 0x000000008d400000|100%| E|CS|TAMS 0x000000008d300000, 0x000000008d300000| Complete 
| 184|0x000000008d400000, 0x000000008d500000, 0x000000008d500000|100%| E|CS|TAMS 0x000000008d400000, 0x000000008d400000| Complete 
| 185|0x000000008d500000, 0x000000008d600000, 0x000000008d600000|100%| E|CS|TAMS 0x000000008d500000, 0x000000008d500000| Complete 
| 186|0x000000008d600000, 0x000000008d700000, 0x000000008d700000|100%| E|CS|TAMS 0x000000008d600000, 0x000000008d600000| Complete 

Card table byte_map: [0x0000017340810000,0x0000017340c10000] _byte_map_base: 0x0000017340402000

Marking Bits (Prev, Next): (CMBitMap*) 0x00000173269fe788, (CMBitMap*) 0x00000173269fe7c0
 Prev Bits: [0x0000017341010000, 0x0000017342fa0000)
 Next Bits: [0x0000017342fa0000, 0x0000017344f30000)

Polling page: 0x00000173268f0000

Metaspace:

Usage:
  Non-class:     73.20 MB capacity,    72.02 MB ( 98%) used,   942.70 KB (  1%) free+waste,   261.44 KB ( <1%) overhead. 
      Class:     11.04 MB capacity,    10.29 MB ( 93%) used,   646.23 KB (  6%) free+waste,   119.56 KB (  1%) overhead. 
       Both:     84.24 MB capacity,    82.31 MB ( 98%) used,     1.55 MB (  2%) free+waste,   381.00 KB ( <1%) overhead. 

Virtual space:
  Non-class space:       74.00 MB reserved,      73.25 MB ( 99%) committed 
      Class space:        1.00 GB reserved,      11.07 MB (  1%) committed 
             Both:        1.07 GB reserved,      84.32 MB (  8%) committed 

Chunk freelists:
   Non-Class:  52.00 KB
       Class:  0 bytes
        Both:  52.00 KB

MaxMetaspaceSize: 17179869184.00 GB
CompressedClassSpaceSize: 1.00 GB

CodeHeap 'non-profiled nmethods': size=120000Kb used=6209Kb max_used=6209Kb free=113790Kb
 bounds [0x0000017338bb0000, 0x00000173391d0000, 0x00000173400e0000]
CodeHeap 'profiled nmethods': size=120000Kb used=18914Kb max_used=18914Kb free=101085Kb
 bounds [0x0000017331680000, 0x0000017332900000, 0x0000017338bb0000]
CodeHeap 'non-nmethods': size=5760Kb used=1289Kb max_used=1348Kb free=4471Kb
 bounds [0x00000173310e0000, 0x0000017331350000, 0x0000017331680000]
 total_blobs=9182 nmethods=8500 adapters=592
 compilation: enabled
              stopped_count=0, restarted_count=0
 full_count=0

Compilation events (20 events):
Event: 22.859 Thread 0x0000017355aeb800 nmethod 8394 0x00000173391b5910 code [0x00000173391b5ae0, 0x00000173391b6138]
Event: 22.860 Thread 0x0000017355aeb800 8473       4       org.attoparser.AbstractChainedMarkupHandler::handleText (17 bytes)
Event: 22.864 Thread 0x0000017355aee000 nmethod 8476 0x00000173391b6590 code [0x00000173391b67c0, 0x00000173391b8008]
Event: 22.864 Thread 0x0000017355aee000 8474       4       org.attoparser.HtmlMarkupHandler::handleText (17 bytes)
Event: 22.877 Thread 0x00000173482fd000 8514   !   3       org.apache.tomcat.util.http.parser.HttpParser::isAlpha (9 bytes)
Event: 22.878 Thread 0x00000173482fd000 nmethod 8514 0x00000173328c1b10 code [0x00000173328c1cc0, 0x00000173328c1df8]
Event: 22.878 Thread 0x00000173482fd000 8515       3       org.apache.tomcat.util.buf.AbstractChunk::indexOf (104 bytes)
Event: 22.879 Thread 0x00000173482fd000 nmethod 8515 0x00000173328c1f10 code [0x00000173328c21c0, 0x00000173328c3058]
Event: 22.879 Thread 0x00000173482fd000 8516       3       org.apache.tomcat.util.http.parser.HttpParser::readWeight (246 bytes)
Event: 22.881 Thread 0x00000173482fd000 nmethod 8516 0x00000173328c3690 code [0x00000173328c3ac0, 0x00000173328c5818]
Event: 22.881 Thread 0x00000173482fd000 8521       3       org.springframework.web.servlet.HandlerExecutionChain::addInterceptor (12 bytes)
Event: 22.881 Thread 0x00000173482fd000 nmethod 8521 0x00000173328c5f10 code [0x00000173328c60c0, 0x00000173328c6288]
Event: 22.881 Thread 0x00000173482fd000 8519       3       org.springframework.web.servlet.handler.AbstractHandlerMapping::getHandler (247 bytes)
Event: 22.884 Thread 0x00000173482fd000 nmethod 8519 0x00000173328c6390 code [0x00000173328c6880, 0x00000173328c9198]
Event: 22.884 Thread 0x00000173482fd000 8520       3       org.springframework.util.StringUtils::matchesCharacter (27 bytes)
Event: 22.885 Thread 0x00000173482fd000 nmethod 8520 0x00000173328c9c90 code [0x00000173328c9ec0, 0x00000173328ca598]
Event: 22.885 Thread 0x00000173482fd000 8523   !   3       org.springframework.core.io.ClassPathResource::resolveURL (49 bytes)
Event: 22.885 Thread 0x00000173482fd000 nmethod 8523 0x00000173328ca810 code [0x00000173328caa20, 0x00000173328cae38]
Event: 22.886 Thread 0x00000173482fd000 8518       3       org.springframework.security.web.DefaultSecurityFilterChain::matches (11 bytes)
Event: 22.886 Thread 0x00000173482fd000 nmethod 8518 0x00000173328cb090 code [0x00000173328cb240, 0x00000173328cb408]

GC Heap History (20 events):
Event: 1.388 GC heap before
{Heap before GC invocations=3 (full 0):
 garbage-first heap   total 131072K, used 28324K [0x0000000081c00000, 0x0000000100000000)
  region size 1024K, 20 young (20480K), 2 survivors (2048K)
 Metaspace       used 20584K, capacity 21071K, committed 21248K, reserved 1069056K
  class space    used 2252K, capacity 2439K, committed 2560K, reserved 1048576K
}
Event: 1.392 GC heap after
{Heap after GC invocations=4 (full 0):
 garbage-first heap   total 131072K, used 11813K [0x0000000081c00000, 0x0000000100000000)
  region size 1024K, 3 young (3072K), 3 survivors (3072K)
 Metaspace       used 20584K, capacity 21071K, committed 21248K, reserved 1069056K
  class space    used 2252K, capacity 2439K, committed 2560K, reserved 1048576K
}
Event: 1.840 GC heap before
{Heap before GC invocations=5 (full 0):
 garbage-first heap   total 131072K, used 71205K [0x0000000081c00000, 0x0000000100000000)
  region size 1024K, 62 young (63488K), 3 survivors (3072K)
 Metaspace       used 26627K, capacity 27312K, committed 27520K, reserved 1073152K
  class space    used 3102K, capacity 3363K, committed 3456K, reserved 1048576K
}
Event: 1.847 GC heap after
{Heap after GC invocations=6 (full 0):
 garbage-first heap   total 131072K, used 13797K [0x0000000081c00000, 0x0000000100000000)
  region size 1024K, 5 young (5120K), 5 survivors (5120K)
 Metaspace       used 26627K, capacity 27312K, committed 27520K, reserved 1073152K
  class space    used 3102K, capacity 3363K, committed 3456K, reserved 1048576K
}
Event: 1.978 GC heap before
{Heap before GC invocations=6 (full 0):
 garbage-first heap   total 131072K, used 77285K [0x0000000081c00000, 0x0000000100000000)
  region size 1024K, 68 young (69632K), 5 survivors (5120K)
 Metaspace       used 29428K, capacity 30052K, committed 30336K, reserved 1075200K
  class space    used 3404K, capacity 3659K, committed 3712K, reserved 1048576K
}
Event: 1.983 GC heap after
{Heap after GC invocations=7 (full 0):
 garbage-first heap   total 157696K, used 14753K [0x0000000081c00000, 0x0000000100000000)
  region size 1024K, 6 young (6144K), 6 survivors (6144K)
 Metaspace       used 29428K, capacity 30052K, committed 30336K, reserved 1075200K
  class space    used 3404K, capacity 3659K, committed 3712K, reserved 1048576K
}
Event: 2.755 GC heap before
{Heap before GC invocations=7 (full 0):
 garbage-first heap   total 157696K, used 90529K [0x0000000081c00000, 0x0000000100000000)
  region size 1024K, 81 young (82944K), 6 survivors (6144K)
 Metaspace       used 34974K, capacity 35824K, committed 35840K, reserved 1081344K
  class space    used 4139K, capacity 4466K, committed 4480K, reserved 1048576K
}
Event: 2.768 GC heap after
{Heap after GC invocations=8 (full 0):
 garbage-first heap   total 157696K, used 17007K [0x0000000081c00000, 0x0000000100000000)
  region size 1024K, 8 young (8192K), 8 survivors (8192K)
 Metaspace       used 34974K, capacity 35824K, committed 35840K, reserved 1081344K
  class space    used 4139K, capacity 4466K, committed 4480K, reserved 1048576K
}
Event: 3.671 GC heap before
{Heap before GC invocations=9 (full 0):
 garbage-first heap   total 157696K, used 101999K [0x0000000081c00000, 0x0000000100000000)
  region size 1024K, 92 young (94208K), 8 survivors (8192K)
 Metaspace       used 41612K, capacity 42772K, committed 42828K, reserved 1087488K
  class space    used 4960K, capacity 5408K, committed 5452K, reserved 1048576K
}
Event: 3.684 GC heap after
{Heap after GC invocations=10 (full 0):
 garbage-first heap   total 157696K, used 20169K [0x0000000081c00000, 0x0000000100000000)
  region size 1024K, 10 young (10240K), 10 survivors (10240K)
 Metaspace       used 41612K, capacity 42772K, committed 42828K, reserved 1087488K
  class space    used 4960K, capacity 5408K, committed 5452K, reserved 1048576K
}
Event: 4.364 GC heap before
{Heap before GC invocations=10 (full 0):
 garbage-first heap   total 157696K, used 103113K [0x0000000081c00000, 0x0000000100000000)
  region size 1024K, 92 young (94208K), 10 survivors (10240K)
 Metaspace       used 45433K, capacity 46745K, committed 46924K, reserved 1089536K
  class space    used 5425K, capacity 5920K, committed 5964K, reserved 1048576K
}
Event: 4.376 GC heap after
{Heap after GC invocations=11 (full 0):
 garbage-first heap   total 157696K, used 22309K [0x0000000081c00000, 0x0000000100000000)
  region size 1024K, 9 young (9216K), 9 survivors (9216K)
 Metaspace       used 45433K, capacity 46745K, committed 46924K, reserved 1089536K
  class space    used 5425K, capacity 5920K, committed 5964K, reserved 1048576K
}
Event: 5.375 GC heap before
{Heap before GC invocations=11 (full 0):
 garbage-first heap   total 157696K, used 107301K [0x0000000081c00000, 0x0000000100000000)
  region size 1024K, 92 young (94208K), 9 survivors (9216K)
 Metaspace       used 57279K, capacity 58550K, committed 58700K, reserved 1099776K
  class space    used 7001K, capacity 7480K, committed 7500K, reserved 1048576K
}
Event: 5.384 GC heap after
{Heap after GC invocations=12 (full 0):
 garbage-first heap   total 191488K, used 28021K [0x0000000081c00000, 0x0000000100000000)
  region size 1024K, 12 young (12288K), 12 survivors (12288K)
 Metaspace       used 57279K, capacity 58550K, committed 58700K, reserved 1099776K
  class space    used 7001K, capacity 7480K, committed 7500K, reserved 1048576K
}
Event: 5.553 GC heap before
{Heap before GC invocations=12 (full 0):
 garbage-first heap   total 191488K, used 42357K [0x0000000081c00000, 0x0000000100000000)
  region size 1024K, 27 young (27648K), 12 survivors (12288K)
 Metaspace       used 58808K, capacity 60134K, committed 60236K, reserved 1101824K
  class space    used 7176K, capacity 7687K, committed 7756K, reserved 1048576K
}
Event: 5.561 GC heap after
{Heap after GC invocations=13 (full 0):
 garbage-first heap   total 191488K, used 25930K [0x0000000081c00000, 0x0000000100000000)
  region size 1024K, 4 young (4096K), 4 survivors (4096K)
 Metaspace       used 58808K, capacity 60134K, committed 60236K, reserved 1101824K
  class space    used 7176K, capacity 7687K, committed 7756K, reserved 1048576K
}
Event: 6.714 GC heap before
{Heap before GC invocations=14 (full 0):
 garbage-first heap   total 191488K, used 136522K [0x0000000081c00000, 0x0000000100000000)
  region size 1024K, 112 young (114688K), 4 survivors (4096K)
 Metaspace       used 70126K, capacity 71758K, committed 72012K, reserved 1112064K
  class space    used 8782K, capacity 9414K, committed 9548K, reserved 1048576K
}
Event: 6.721 GC heap after
{Heap after GC invocations=15 (full 0):
 garbage-first heap   total 191488K, used 28425K [0x0000000081c00000, 0x0000000100000000)
  region size 1024K, 7 young (7168K), 7 survivors (7168K)
 Metaspace       used 70126K, capacity 71758K, committed 72012K, reserved 1112064K
  class space    used 8782K, capacity 9414K, committed 9548K, reserved 1048576K
}
Event: 8.985 GC heap before
{Heap before GC invocations=16 (full 0):
 garbage-first heap   total 191488K, used 135945K [0x0000000081c00000, 0x0000000100000000)
  region size 1024K, 112 young (114688K), 7 survivors (7168K)
 Metaspace       used 77165K, capacity 79135K, committed 79436K, reserved 1118208K
  class space    used 9763K, capacity 10508K, committed 10572K, reserved 1048576K
}
Event: 8.994 GC heap after
{Heap after GC invocations=17 (full 0):
 garbage-first heap   total 191488K, used 34122K [0x0000000081c00000, 0x0000000100000000)
  region size 1024K, 12 young (12288K), 12 survivors (12288K)
 Metaspace       used 77165K, capacity 79135K, committed 79436K, reserved 1118208K
  class space    used 9763K, capacity 10508K, committed 10572K, reserved 1048576K
}

Deoptimization events (20 events):
Event: 22.743 Thread 0x0000017355aea000 DEOPT PACKING pc=0x0000017339130c48 sp=0x0000007124efed70
Event: 22.743 Thread 0x0000017355aea000 DEOPT UNPACKING pc=0x00000173311074af sp=0x0000007124efed40 mode 2
Event: 22.745 Thread 0x0000017355aea000 Uncommon trap: trap_request=0xffffffde fr.pc=0x0000017338f682b0 relative=0x0000000000001b70
Event: 22.745 Thread 0x0000017355aea000 Uncommon trap: reason=class_check action=maybe_recompile pc=0x0000017338f682b0 method=java.util.concurrent.ConcurrentMap.computeIfAbsent(Ljava/lang/Object;Ljava/util/function/Function;)Ljava/lang/Object; @ 7 c2
Event: 22.745 Thread 0x0000017355aea000 DEOPT PACKING pc=0x0000017338f682b0 sp=0x0000007124ef8900
Event: 22.745 Thread 0x0000017355aea000 DEOPT UNPACKING pc=0x00000173311074af sp=0x0000007124ef8908 mode 2
Event: 22.749 Thread 0x0000017355aea000 Uncommon trap: trap_request=0xffffffde fr.pc=0x0000017338f682b0 relative=0x0000000000001b70
Event: 22.749 Thread 0x0000017355aea000 Uncommon trap: reason=class_check action=maybe_recompile pc=0x0000017338f682b0 method=java.util.concurrent.ConcurrentMap.computeIfAbsent(Ljava/lang/Object;Ljava/util/function/Function;)Ljava/lang/Object; @ 7 c2
Event: 22.749 Thread 0x0000017355aea000 DEOPT PACKING pc=0x0000017338f682b0 sp=0x0000007124ef8900
Event: 22.749 Thread 0x0000017355aea000 DEOPT UNPACKING pc=0x00000173311074af sp=0x0000007124ef8908 mode 2
Event: 22.761 Thread 0x0000017355aea000 Uncommon trap: trap_request=0xffffff76 fr.pc=0x0000017339168d5c relative=0x000000000000041c
Event: 22.761 Thread 0x0000017355aea000 Uncommon trap: reason=loop_limit_check action=maybe_recompile pc=0x0000017339168d5c method=org.attoparser.ParsingMarkupUtil.findNextWhitespaceCharWildcard([CIIZ[I)I @ 19 c2
Event: 22.761 Thread 0x0000017355aea000 DEOPT PACKING pc=0x0000017339168d5c sp=0x0000007124efa760
Event: 22.761 Thread 0x0000017355aea000 DEOPT UNPACKING pc=0x00000173311074af sp=0x0000007124efa6c0 mode 2
Event: 22.788 Thread 0x0000017355aea000 Uncommon trap: trap_request=0xffffff76 fr.pc=0x000001733916059c relative=0x00000000000002dc
Event: 22.788 Thread 0x0000017355aea000 Uncommon trap: reason=loop_limit_check action=maybe_recompile pc=0x000001733916059c method=org.attoparser.ParsingMarkupUtil.findNextNonWhitespaceCharWildcard([CII[I)I @ 13 c2
Event: 22.788 Thread 0x0000017355aea000 DEOPT PACKING pc=0x000001733916059c sp=0x0000007124efb5e0
Event: 22.788 Thread 0x0000017355aea000 DEOPT UNPACKING pc=0x00000173311074af sp=0x0000007124efb550 mode 2
Event: 22.841 Thread 0x0000017355af0000 DEOPT PACKING pc=0x000001733183c821 sp=0x0000007124dfcbd0
Event: 22.841 Thread 0x0000017355af0000 DEOPT UNPACKING pc=0x00000173311072ce sp=0x0000007124dfc0c8 mode 0

Classes redefined (0 events):
No events

Internal exceptions (20 events):
Event: 7.478 Thread 0x00000173495f0000 Exception <a 'java/lang/IncompatibleClassChangeError'{0x00000000893da158}: Found class java.lang.Object, but interface was expected> (0x00000000893da158) thrown at [./src/hotspot/share/interpreter/linkResolver.cpp, line 839]
Event: 7.522 Thread 0x00000173495f0000 Exception <a 'java/lang/ClassNotFoundException'{0x0000000088f269f8}: java/lang/ObjectCustomizer> (0x0000000088f269f8) thrown at [./src/hotspot/share/classfile/systemDictionary.cpp, line 231]
Event: 7.523 Thread 0x00000173495f0000 Exception <a 'java/lang/ClassNotFoundException'{0x0000000088f44250}: org/springframework/security/config/annotation/web/configuration/HttpSecurityConfigurationCustomizer> (0x0000000088f44250) thrown at [./src/hotspot/share/classfile/systemDictionary.cpp, line 231]
Event: 7.561 Thread 0x00000173495f0000 Exception <a 'java/lang/NoSuchMethodError'{0x0000000088c9f998}: 'java.lang.Object java.lang.invoke.DirectMethodHandle$Holder.invokeInterface(java.lang.Object, java.lang.Object, java.lang.Object, java.lang.Object)'> (0x0000000088c9f998) thrown at [./src/hotspot/share/interpreter/linkResolver.cpp, line 773]
Event: 7.611 Thread 0x00000173495f0000 Exception <a 'java/lang/NoSuchMethodError'{0x00000000887bfc30}: 'void java.lang.invoke.DirectMethodHandle$Holder.invokeVirtual(java.lang.Object, java.lang.Object, int)'> (0x00000000887bfc30) thrown at [./src/hotspot/share/interpreter/linkResolver.cpp, line 773]
Event: 7.613 Thread 0x00000173495f0000 Exception <a 'java/lang/NoSuchMethodError'{0x00000000887d97f8}: 'void java.lang.invoke.DirectMethodHandle$Holder.invokeVirtual(java.lang.Object, java.lang.Object, long)'> (0x00000000887d97f8) thrown at [./src/hotspot/share/interpreter/linkResolver.cpp, line 773]
Event: 8.097 Thread 0x00000173495f0000 Exception <a 'java/lang/NoSuchMethodError'{0x00000000877dd318}: 'java.lang.Object java.lang.invoke.DirectMethodHandle$Holder.invokeSpecial(java.lang.Object, java.lang.Object, int, java.lang.Object, int, java.lang.Object)'> (0x00000000877dd318) thrown at [./src/hotspot/share/interpreter/linkResolver.cpp, line 773]
Event: 8.097 Thread 0x00000173495f0000 Exception <a 'java/lang/NoSuchMethodError'{0x00000000877e4aa8}: 'java.lang.Object java.lang.invoke.DirectMethodHandle$Holder.invokeStatic(java.lang.Object, java.lang.Object, int, java.lang.Object, int)'> (0x00000000877e4aa8) thrown at [./src/hotspot/share/interpreter/linkResolver.cpp, line 773]
Event: 8.098 Thread 0x00000173495f0000 Exception <a 'java/lang/NoSuchMethodError'{0x00000000877e8288}: 'java.lang.Object java.lang.invoke.DirectMethodHandle$Holder.invokeSpecial(java.lang.Object, java.lang.Object, java.lang.Object, int, java.lang.Object, int)'> (0x00000000877e8288) thrown at [./src/hotspot/share/interpreter/linkResolver.cpp, line 773]
Event: 8.099 Thread 0x00000173495f0000 Exception <a 'java/lang/NoSuchMethodError'{0x00000000877f28c0}: 'void java.lang.invoke.DirectMethodHandle$Holder.invokeVirtual(java.lang.Object, java.lang.Object)'> (0x00000000877f28c0) thrown at [./src/hotspot/share/interpreter/linkResolver.cpp, line 773]
Event: 12.621 Thread 0x000001734ac02800 Exception <a 'java/lang/NoSuchMethodError'{0x000000008c14e7f0}: 'java.lang.Object java.lang.invoke.DirectMethodHandle$Holder.invokeStaticInit(java.lang.Object, java.lang.Object, java.lang.Object, java.lang.Object, java.lang.Object, java.lang.Object)'> (0x000000008c14e7f0) thrown at [./src/hotspot/share/interpreter/linkResolver.cpp, line 773]
Event: 17.241 Thread 0x000001734ac02800 Exception <a 'java/lang/ClassNotFoundException'{0x000000008950e5f8}: java/lang/ObjectCustomizer> (0x000000008950e5f8) thrown at [./src/hotspot/share/classfile/systemDictionary.cpp, line 231]
Event: 17.242 Thread 0x000001734ac02800 Exception <a 'java/lang/ClassNotFoundException'{0x0000000089527468}: com/example/demo/entity/UserCustomizer> (0x0000000089527468) thrown at [./src/hotspot/share/classfile/systemDictionary.cpp, line 231]
Event: 17.243 Thread 0x000001734ac02800 Exception <a 'java/lang/ClassNotFoundException'{0x00000000895607e8}: org/springframework/security/core/userdetails/UserDetailsCustomizer> (0x00000000895607e8) thrown at [./src/hotspot/share/classfile/systemDictionary.cpp, line 231]
Event: 22.779 Thread 0x0000017355aea000 Exception <a 'java/lang/ClassNotFoundException'{0x00000000880e3cf8}: java/lang/ObjectCustomizer> (0x00000000880e3cf8) thrown at [./src/hotspot/share/classfile/systemDictionary.cpp, line 231]
Event: 22.781 Thread 0x0000017355aea000 Exception <a 'java/lang/ClassNotFoundException'{0x0000000087f02fe8}: org/springframework/security/authentication/AbstractAuthenticationTokenCustomizer> (0x0000000087f02fe8) thrown at [./src/hotspot/share/classfile/systemDictionary.cpp, line 231]
Event: 22.782 Thread 0x0000017355aea000 Exception <a 'java/lang/ClassNotFoundException'{0x0000000087f27d78}: org/springframework/security/authentication/UsernamePasswordAuthenticationTokenCustomizer> (0x0000000087f27d78) thrown at [./src/hotspot/share/classfile/systemDictionary.cpp, line 231]
Event: 22.784 Thread 0x0000017355aea000 Exception <a 'java/lang/ClassNotFoundException'{0x0000000087f4adc8}: org/springframework/security/core/AuthenticationCustomizer> (0x0000000087f4adc8) thrown at [./src/hotspot/share/classfile/systemDictionary.cpp, line 231]
Event: 22.784 Thread 0x0000017355aea000 Exception <a 'java/lang/ClassNotFoundException'{0x0000000087f56fd0}: java/security/PrincipalCustomizer> (0x0000000087f56fd0) thrown at [./src/hotspot/share/classfile/systemDictionary.cpp, line 231]
Event: 22.786 Thread 0x0000017355aea000 Exception <a 'java/lang/ClassNotFoundException'{0x0000000087f71dd0}: org/springframework/security/core/CredentialsContainerCustomizer> (0x0000000087f71dd0) thrown at [./src/hotspot/share/classfile/systemDictionary.cpp, line 231]

Events (20 events):
Event: 22.782 loading class org/springframework/security/authentication/UsernamePasswordAuthenticationTokenCustomizer
Event: 22.782 loading class org/springframework/security/authentication/UsernamePasswordAuthenticationTokenCustomizer done
Event: 22.782 loading class org/springframework/security/authentication/UsernamePasswordAuthenticationTokenCustomizer
Event: 22.782 loading class org/springframework/security/authentication/UsernamePasswordAuthenticationTokenCustomizer done
Event: 22.783 loading class org/springframework/security/core/AuthenticationCustomizer
Event: 22.783 loading class org/springframework/security/core/AuthenticationCustomizer done
Event: 22.783 loading class org/springframework/security/core/AuthenticationCustomizer
Event: 22.783 loading class org/springframework/security/core/AuthenticationCustomizer done
Event: 22.784 loading class org/springframework/security/core/AuthenticationCustomizer
Event: 22.784 loading class org/springframework/security/core/AuthenticationCustomizer done
Event: 22.784 loading class java/security/PrincipalCustomizer
Event: 22.784 loading class java/security/PrincipalCustomizer done
Event: 22.784 loading class java/security/PrincipalCustomizer
Event: 22.784 loading class java/security/PrincipalCustomizer done
Event: 22.785 loading class org/springframework/security/core/CredentialsContainerCustomizer
Event: 22.785 loading class org/springframework/security/core/CredentialsContainerCustomizer done
Event: 22.785 loading class org/springframework/security/core/CredentialsContainerCustomizer
Event: 22.785 loading class org/springframework/security/core/CredentialsContainerCustomizer done
Event: 22.786 loading class org/springframework/security/core/CredentialsContainerCustomizer
Event: 22.786 loading class org/springframework/security/core/CredentialsContainerCustomizer done


Dynamic libraries:
0x00007ff77e810000 - 0x00007ff77e81d000 	C:\Program Files\AdoptOpenJDK\jdk-11.0.8.10-hotspot\bin\java.exe
0x00007ff823650000 - 0x00007ff823845000 	C:\WINDOWS\SYSTEM32\ntdll.dll
0x00007ff821d00000 - 0x00007ff821dbe000 	C:\WINDOWS\System32\KERNEL32.DLL
0x00007ff821050000 - 0x00007ff821318000 	C:\WINDOWS\System32\KERNELBASE.dll
0x00007ff8213b0000 - 0x00007ff8214b0000 	C:\WINDOWS\System32\ucrtbase.dll
0x00007ff81af20000 - 0x00007ff81af37000 	C:\Program Files\AdoptOpenJDK\jdk-11.0.8.10-hotspot\bin\jli.dll
0x00007ff821ee0000 - 0x00007ff822080000 	C:\WINDOWS\System32\USER32.dll
0x00007ff804200000 - 0x00007ff80449a000 	C:\WINDOWS\WinSxS\amd64_microsoft.windows.common-controls_6595b64144ccf1df_6.0.19041.1110_none_60b5254171f9507e\COMCTL32.dll
0x00007ff820f60000 - 0x00007ff820f82000 	C:\WINDOWS\System32\win32u.dll
0x00007ff81acb0000 - 0x00007ff81acc5000 	C:\Program Files\AdoptOpenJDK\jdk-11.0.8.10-hotspot\bin\VCRUNTIME140.dll
0x00007ff821c50000 - 0x00007ff821cee000 	C:\WINDOWS\System32\msvcrt.dll
0x00007ff8235b0000 - 0x00007ff8235db000 	C:\WINDOWS\System32\GDI32.dll
0x00007ff8214b0000 - 0x00007ff8215bd000 	C:\WINDOWS\System32\gdi32full.dll
0x00007ff820ec0000 - 0x00007ff820f5d000 	C:\WINDOWS\System32\msvcp_win.dll
0x00007ff8235e0000 - 0x00007ff823610000 	C:\WINDOWS\System32\IMM32.DLL
0x00007ff81a8d0000 - 0x00007ff81a96b000 	C:\Program Files\AdoptOpenJDK\jdk-11.0.8.10-hotspot\bin\msvcp140.dll
0x00007fffddaa0000 - 0x00007fffde55d000 	C:\Program Files\AdoptOpenJDK\jdk-11.0.8.10-hotspot\bin\server\jvm.dll
0x00007ff8219f0000 - 0x00007ff821a9e000 	C:\WINDOWS\System32\ADVAPI32.dll
0x00007ff822fb0000 - 0x00007ff82304c000 	C:\WINDOWS\System32\sechost.dll
0x00007ff8222b0000 - 0x00007ff8223d5000 	C:\WINDOWS\System32\RPCRT4.dll
0x00007ff8231b0000 - 0x00007ff8231b8000 	C:\WINDOWS\System32\PSAPI.DLL
0x00007ff811660000 - 0x00007ff811669000 	C:\WINDOWS\SYSTEM32\WSOCK32.dll
0x00007ff813a20000 - 0x00007ff813a47000 	C:\WINDOWS\SYSTEM32\WINMM.dll
0x00007ff819c50000 - 0x00007ff819c5a000 	C:\WINDOWS\SYSTEM32\VERSION.dll
0x00007ff8231c0000 - 0x00007ff82322b000 	C:\WINDOWS\System32\WS2_32.dll
0x00007ff81f5e0000 - 0x00007ff81f5f2000 	C:\WINDOWS\SYSTEM32\kernel.appcore.dll
0x00007ff81c2b0000 - 0x00007ff81c2c0000 	C:\Program Files\AdoptOpenJDK\jdk-11.0.8.10-hotspot\bin\verify.dll
0x00007ff81eb50000 - 0x00007ff81ed34000 	C:\WINDOWS\SYSTEM32\DBGHELP.DLL
0x00007ff80ecc0000 - 0x00007ff80ecec000 	C:\WINDOWS\SYSTEM32\dbgcore.DLL
0x00007ff821320000 - 0x00007ff8213a2000 	C:\WINDOWS\System32\bcryptPrimitives.dll
0x00007ff81ac80000 - 0x00007ff81aca8000 	C:\Program Files\AdoptOpenJDK\jdk-11.0.8.10-hotspot\bin\java.dll
0x00007ff81af10000 - 0x00007ff81af1a000 	C:\Program Files\AdoptOpenJDK\jdk-11.0.8.10-hotspot\bin\jimage.dll
0x00007ff81add0000 - 0x00007ff81adde000 	C:\Program Files\AdoptOpenJDK\jdk-11.0.8.10-hotspot\bin\instrument.dll
0x00007ff81a8b0000 - 0x00007ff81a8c7000 	C:\Program Files\AdoptOpenJDK\jdk-11.0.8.10-hotspot\bin\zip.dll
0x00007ff8223e0000 - 0x00007ff822b24000 	C:\WINDOWS\System32\SHELL32.dll
0x00007ff81ee30000 - 0x00007ff81f5c4000 	C:\WINDOWS\SYSTEM32\windows.storage.dll
0x00007ff823250000 - 0x00007ff8235a5000 	C:\WINDOWS\System32\combase.dll
0x00007ff8206e0000 - 0x00007ff82070e000 	C:\WINDOWS\SYSTEM32\Wldp.dll
0x00007ff823050000 - 0x00007ff8230fd000 	C:\WINDOWS\System32\SHCORE.dll
0x00007ff821bf0000 - 0x00007ff821c45000 	C:\WINDOWS\System32\shlwapi.dll
0x00007ff820ca0000 - 0x00007ff820cbf000 	C:\WINDOWS\SYSTEM32\profapi.dll
0x00007ff81a890000 - 0x00007ff81a8a9000 	C:\Program Files\AdoptOpenJDK\jdk-11.0.8.10-hotspot\bin\net.dll
0x00007ff818d20000 - 0x00007ff818e2c000 	C:\WINDOWS\SYSTEM32\WINHTTP.dll
0x00007ff820440000 - 0x00007ff8204aa000 	C:\WINDOWS\system32\mswsock.dll
0x00007ff81a870000 - 0x00007ff81a882000 	C:\Program Files\AdoptOpenJDK\jdk-11.0.8.10-hotspot\bin\nio.dll
0x00007ff8198c0000 - 0x00007ff8198da000 	D:\IntelliJ IDEA 2021.1\bin\breakgen64.dll
0x00007ff81ac70000 - 0x00007ff81ac79000 	C:\Program Files\AdoptOpenJDK\jdk-11.0.8.10-hotspot\bin\management.dll
0x00007ff81a820000 - 0x00007ff81a82b000 	C:\Program Files\AdoptOpenJDK\jdk-11.0.8.10-hotspot\bin\management_ext.dll
0x00007ffff7500000 - 0x00007ffff7517000 	C:\WINDOWS\system32\napinsp.dll
0x00007ffff1290000 - 0x00007ffff12ab000 	C:\WINDOWS\system32\pnrpnsp.dll
0x00007ff81ac30000 - 0x00007ff81ac45000 	C:\WINDOWS\system32\wshbth.dll
0x00007ff81c010000 - 0x00007ff81c02d000 	C:\WINDOWS\system32\NLAapi.dll
0x00007ff820130000 - 0x00007ff82016b000 	C:\WINDOWS\SYSTEM32\IPHLPAPI.DLL
0x00007ff820170000 - 0x00007ff82023b000 	C:\WINDOWS\SYSTEM32\DNSAPI.dll
0x00007ff821cf0000 - 0x00007ff821cf8000 	C:\WINDOWS\System32\NSI.dll
0x00007ffff1a90000 - 0x00007ffff1aa2000 	C:\WINDOWS\System32\winrnr.dll
0x00007ff815580000 - 0x00007ff81558a000 	C:\Windows\System32\rasadhlp.dll
0x00007ff816ca0000 - 0x00007ff816d1f000 	C:\WINDOWS\System32\fwpuclnt.dll
0x00007ff8215c0000 - 0x00007ff8215e7000 	C:\WINDOWS\System32\bcrypt.dll
0x0000000180000000 - 0x0000000180285000 	D:\apache-tomcat-9.0.37\bin\tcnative-1.dll
0x00007ff820d60000 - 0x00007ff820eb6000 	C:\WINDOWS\System32\CRYPT32.dll
0x00007ff820640000 - 0x00007ff820658000 	C:\WINDOWS\SYSTEM32\CRYPTSP.dll
0x00007ff81fdc0000 - 0x00007ff81fdf4000 	C:\WINDOWS\system32\rsaenh.dll
0x00007ff820c60000 - 0x00007ff820c8e000 	C:\WINDOWS\SYSTEM32\USERENV.dll
0x00007ff820630000 - 0x00007ff82063c000 	C:\WINDOWS\SYSTEM32\CRYPTBASE.dll
0x00007ff817db0000 - 0x00007ff817dc7000 	C:\WINDOWS\SYSTEM32\dhcpcsvc6.DLL
0x00007ff817e80000 - 0x00007ff817e9d000 	C:\WINDOWS\SYSTEM32\dhcpcsvc.DLL
0x00007ff819300000 - 0x00007ff819325000 	C:\Program Files\AdoptOpenJDK\jdk-11.0.8.10-hotspot\bin\sunec.dll
0x00007ff8198b0000 - 0x00007ff8198be000 	C:\Program Files\AdoptOpenJDK\jdk-11.0.8.10-hotspot\bin\sunmscapi.dll
0x00007ff820750000 - 0x00007ff820777000 	C:\WINDOWS\SYSTEM32\ncrypt.dll
0x00007ff820710000 - 0x00007ff82074b000 	C:\WINDOWS\SYSTEM32\NTASN1.dll

dbghelp: loaded successfully - version: 4.0.5 - missing functions: none
symbol engine: initialized successfully - sym options: 0x614 - pdb path: .;C:\Program Files\AdoptOpenJDK\jdk-11.0.8.10-hotspot\bin;C:\WINDOWS\SYSTEM32;C:\WINDOWS\WinSxS\amd64_microsoft.windows.common-controls_6595b64144ccf1df_6.0.19041.1110_none_60b5254171f9507e;C:\Program Files\AdoptOpenJDK\jdk-11.0.8.10-hotspot\bin\server;D:\IntelliJ IDEA 2021.1\bin;D:\apache-tomcat-9.0.37\bin

VM Arguments:
jvm_args: -javaagent:C:\Users\Admin\AppData\Local\JetBrains\IntelliJIdea2021.1\testAgent\intellij-coverage-agent-1.0.579.jar=C:\Users\Admin\AppData\Local\Temp\coverageargs -javaagent:D:\IntelliJ IDEA 2021.1\lib\idea_rt.jar=54049:D:\IntelliJ IDEA 2021.1\bin -Dfile.encoding=UTF-8 
java_command: com.example.demo.SpringbootProjectApplication
java_class_path (initial): C:\Users\Admin\eclipse-workspace\Springboot_project\target\classes;C:\Users\Admin\AppData\Roaming\JetBrains\IntelliJIdea2021.1\javascript\extLibs\http_maxcdn.bootstrapcdn.com_bootstrap_3.4.1_css_bootstrap.css;C:\Users\Admin\.m2\repository\org\springframework\boot\spring-boot-starter-security\2.5.0\spring-boot-starter-security-2.5.0.jar;C:\Users\Admin\.m2\repository\org\springframework\boot\spring-boot-starter\2.5.0\spring-boot-starter-2.5.0.jar;C:\Users\Admin\.m2\repository\org\springframework\boot\spring-boot-starter-logging\2.5.0\spring-boot-starter-logging-2.5.0.jar;C:\Users\Admin\.m2\repository\ch\qos\logback\logback-classic\1.2.3\logback-classic-1.2.3.jar;C:\Users\Admin\.m2\repository\ch\qos\logback\logback-core\1.2.3\logback-core-1.2.3.jar;C:\Users\Admin\.m2\repository\org\apache\logging\log4j\log4j-to-slf4j\2.14.1\log4j-to-slf4j-2.14.1.jar;C:\Users\Admin\.m2\repository\org\apache\logging\log4j\log4j-api\2.14.1\log4j-api-2.14.1.jar;C:\Users\Admin\.m2\repository\org\slf4j\jul-to-slf4j\1.7.30\jul-to-slf4j-1.7.30.jar;C:\Users\Admin\.m2\repository\jakarta\annotation\jakarta.annotation-api\1.3.5\jakarta.annotation-api-1.3.5.jar;C:\Users\Admin\.m2\repository\org\yaml\snakeyaml\1.28\snakeyaml-1.28.jar;C:\Users\Admin\.m2\repository\org\springframework\spring-aop\5.3.7\spring-aop-5.3.7.jar;C:\Users\Admin\.m2\repository\org\springframework\spring-beans\5.3.7\spring-beans-5.3.7.jar;C:\Users\Admin\.m2\repository\org\springframework\security\spring-security-config\5.5.0\spring-security-config-5.5.0.jar;C:\Users\Admin\.m2\repository\org\springframework\spring-context\5.3.7\spring-context-5.3.7.jar;C:\Users\Admin\.m2\repository\org\jetbrains\kotlin\kotlin-stdlib-jdk8\1.5.0\kotlin-stdlib-jdk8-1.5.0.jar;C:\Users\Admin\.m2\repository\org\jetbrains\kotlin\kotlin-stdlib\1.5.0\kotlin-stdlib-1.5.0.jar;C:\Users\Admin\.m2\repository\org\jetbrains\annotations\13.0\annotations-13.0.jar;C:\Users\Admin\.m2\repository\org\jetbrains\kotlin\kotlin-stdlib-common\
Launcher Type: SUN_STANDARD

[Global flags]
     intx CICompilerCount                          = 4                                         {product} {ergonomic}
     uint ConcGCThreads                            = 2                                         {product} {ergonomic}
     uint G1ConcRefinementThreads                  = 8                                         {product} {ergonomic}
   size_t G1HeapRegionSize                         = 1048576                                   {product} {ergonomic}
    uintx GCDrainStackTargetSize                   = 64                                        {product} {ergonomic}
   size_t InitialHeapSize                          = 134217728                                 {product} {ergonomic}
   size_t MarkStackSize                            = 4194304                                   {product} {ergonomic}
   size_t MaxHeapSize                              = 2118123520                                {product} {ergonomic}
   size_t MaxNewSize                               = 1270874112                                {product} {ergonomic}
   size_t MinHeapDeltaBytes                        = 1048576                                   {product} {ergonomic}
    uintx NonNMethodCodeHeapSize                   = 5836300                                {pd product} {ergonomic}
    uintx NonProfiledCodeHeapSize                  = 122910970                              {pd product} {ergonomic}
    uintx ProfiledCodeHeapSize                     = 122910970                              {pd product} {ergonomic}
    uintx ReservedCodeCacheSize                    = 251658240                              {pd product} {ergonomic}
     bool SegmentedCodeCache                       = true                                      {product} {ergonomic}
     bool UseCompressedClassPointers               = true                                 {lp64_product} {ergonomic}
     bool UseCompressedOops                        = true                                 {lp64_product} {ergonomic}
     bool UseG1GC                                  = true                                      {product} {ergonomic}
     bool UseLargePagesIndividualAllocation        = false                                  {pd product} {ergonomic}

Logging:
Log output configuration:
 #0: stdout all=warning uptime,level,tags
 #1: stderr all=off uptime,level,tags

Environment Variables:
JAVA_HOME=C:\Program Files\AdoptOpenJDK\jdk-11.0.8.10-hotspot\
PATH=C:\Program Files\AdoptOpenJDK\jdk-11.0.8.10-hotspot\bin;C:\WINDOWS\system32;C:\WINDOWS;C:\WINDOWS\System32\Wbem;C:\WINDOWS\System32\WindowsPowerShell\v1.0\;C:\WINDOWS\System32\OpenSSH\;C:\Program Files (x86)\Microsoft SQL Server\110\Tools\Binn\ManagementStudio\;C:\Program Files (x86)\Microsoft SQL Server\110\Tools\Binn\;C:\Program Files\Microsoft SQL Server\110\Tools\Binn\;C:\Program Files (x86)\Microsoft SQL Server\110\DTS\Binn\;C:\Program Files\Microsoft SQL Server\Client SDK\ODBC\110\Tools\Binn\;C:\Program Files (x86)\Microsoft SQL Server\120\Tools\Binn\;C:\Program Files\Microsoft SQL Server\120\Tools\Binn\;C:\Program Files\Microsoft SQL Server\120\DTS\Binn\;C:\Program Files (x86)\Microsoft SQL Server\120\Tools\Binn\ManagementStudio\;C:\Program Files (x86)\Microsoft SQL Server\120\DTS\Binn\;C:\Users\Admin\Downloads\apache-maven-3.6.0;C:\Users\Admin\Downloads\apache-maven-3.6.0\bin;C:\Program Files\NVIDIA Corporation\NVIDIA NvDLISR;C:\Program Files (x86)\NVIDIA Corporation\PhysX\Common;C:\Users\Admin\Downloads\apache-maven-3.6.0\bin;C:\Program Files\nodejs\;C:\Program Files\Git\cmd;C:\WINDOWS\system32;C:\WINDOWS;C:\WINDOWS\System32\Wbem;C:\WINDOWS\System32\WindowsPowerShell\v1.0\;C:\WINDOWS\System32\OpenSSH\;C:\Users\Admin\AppData\Local\Microsoft\WindowsApps;C:\Users\Admin\AppData\Local\Programs\Microsoft VS Code\bin;D:\apache-tomcat-9.0.37\bin;C:\Users\Admin\AppData\Roaming\npm;
USERNAME=Admin
OS=Windows_NT
PROCESSOR_IDENTIFIER=Intel64 Family 6 Model 158 Stepping 10, GenuineIntel



---------------  S Y S T E M  ---------------

OS: Windows 10 , 64 bit Build 19041 (10.0.19041.1503)
OS uptime: 7 days 19:50 hours

CPU:total 8 (initial active 8) (4 cores per cpu, 2 threads per core) family 6 model 158 stepping 10, cmov, cx8, fxsr, mmx, sse, sse2, sse3, ssse3, sse4.1, sse4.2, popcnt, avx, avx2, aes, clmul, erms, 3dnowpref, lzcnt, ht, tsc, tscinvbit, bmi1, bmi2, adx, fma

Memory: 4k page, system-wide physical 8072M (615M free)
TotalPageFile size 12168M (AvailPageFile size 19M)
current process WorkingSet (physical memory assigned to process): 376M, peak: 426M
current process commit charge ("private bytes"): 446M, peak: 498M

vm_info: OpenJDK 64-Bit Server VM (11.0.8+10) for windows-amd64 JRE (11.0.8+10), built on Jul 15 2020 11:45:54 by "" with MS VC++ 15.9 (VS2017)

END.
