#
# There is insufficient memory for the Java Runtime Environment to continue.
# Native memory allocation (malloc) failed to allocate 1728016 bytes for Chunk::new
# Possible reasons:
#   The system is out of physical RAM or swap space
#   The process is running with CompressedOops enabled, and the Java Heap may be blocking the growth of the native heap
# Possible solutions:
#   Reduce memory load on the system
#   Increase physical memory or swap space
#   Check if swap backing store is full
#   Decrease Java heap size (-Xmx/-Xms)
#   Decrease number of Java threads
#   Decrease Java thread stack sizes (-Xss)
#   Set larger code cache with -XX:ReservedCodeCacheSize=
#   JVM is running with Unscaled Compressed Oops mode in which the Java heap is
#     placed in the first 4GB address space. The Java Heap base address is the
#     maximum limit for the native heap growth. Please use -XX:HeapBaseMinAddress
#     to set the Java Heap base and to place the Java Heap above 4GB virtual address.
# This output file may be truncated or incomplete.
#
#  Out of Memory Error (./src/hotspot/share/memory/arena.cpp:197), pid=16796, tid=11564
#
# JRE version: OpenJDK Runtime Environment AdoptOpenJDK (11.0.8+10) (build 11.0.8+10)
# Java VM: OpenJDK 64-Bit Server VM AdoptOpenJDK (11.0.8+10, mixed mode, tiered, compressed oops, g1 gc, windows-amd64)
# No core dump will be written. Minidumps are not enabled by default on client versions of Windows
#

---------------  S U M M A R Y ------------

Command Line: -javaagent:D:\IntelliJ IDEA 2021.1\lib\idea_rt.jar=64123:D:\IntelliJ IDEA 2021.1\bin -Dfile.encoding=UTF-8 com.example.demo.SpringbootProjectApplication

Host: Intel(R) Core(TM) i5-9300H CPU @ 2.40GHz, 8 cores, 7G,  Windows 10 , 64 bit Build 19041 (10.0.19041.1202)
Time: Mon Oct 25 15:17:52 2021 SE Asia Standard Time elapsed time: 1715 seconds (0d 0h 28m 35s)

---------------  T H R E A D  ---------------

Current thread (0x000001ddc93b5000):  JavaThread "C2 CompilerThread0" daemon [_thread_in_native, id=11564, stack(0x0000000236b00000,0x0000000236c00000)]


Current CompileTask:
C2:1715163 15176       4       org.springframework.core.convert.support.GenericConversionService::getConverter (106 bytes)

Stack: [0x0000000236b00000,0x0000000236c00000]
Native frames: (J=compiled Java code, j=interpreted, Vv=VM code, C=native code)
V  [jvm.dll+0x5dfa5a]
V  [jvm.dll+0x7175ce]
V  [jvm.dll+0x718c9f]
V  [jvm.dll+0x719363]
V  [jvm.dll+0x240e48]
V  [jvm.dll+0xb96ac]
V  [jvm.dll+0xb9dac]
V  [jvm.dll+0x346387]
V  [jvm.dll+0x193831]
V  [jvm.dll+0x1faa32]
V  [jvm.dll+0x1f9adf]
V  [jvm.dll+0x17e4ec]
V  [jvm.dll+0x208f27]
V  [jvm.dll+0x20710b]
V  [jvm.dll+0x6dc339]
V  [jvm.dll+0x6d53e4]
V  [jvm.dll+0x5de996]
C  [ucrtbase.dll+0x21bb2]
C  [KERNEL32.DLL+0x17034]
C  [ntdll.dll+0x52651]


---------------  P R O C E S S  ---------------

Threads class SMR info:
_java_thread_list=0x000001ddd1784890, length=32, elements={
0x000001ddc9399000, 0x000001ddc93a3000, 0x000001ddc93b1800, 0x000001ddc93b2800,
0x000001ddc93b5000, 0x000001ddc9d04800, 0x000001ddc9d0a000, 0x000001ddc9e71000,
0x000001ddca140800, 0x000001ddca104000, 0x000001ddd2676800, 0x000001ddd28d7800,
0x000001ddd2677800, 0x000001ddd2673800, 0x000001ddd2674000, 0x000001ddd2678800,
0x000001ddd28cd800, 0x000001ddd28ce800, 0x000001ddd28d1800, 0x000001ddd28d1000,
0x000001ddd28cd000, 0x000001ddd28cc000, 0x000001ddd28cf000, 0x000001ddd28d4000,
0x000001ddd28d0000, 0x000001ddd28d2800, 0x000001ddd28d6000, 0x000001ddd28d3800,
0x000001ddd28da800, 0x000001ddd28da000, 0x000001ddd28d5000, 0x000001ddd1093000
}

Java Threads: ( => current thread )
  0x000001ddc9399000 JavaThread "Reference Handler" daemon [_thread_blocked, id=7164, stack(0x0000000236700000,0x0000000236800000)]
  0x000001ddc93a3000 JavaThread "Finalizer" daemon [_thread_blocked, id=1728, stack(0x0000000236800000,0x0000000236900000)]
  0x000001ddc93b1800 JavaThread "Signal Dispatcher" daemon [_thread_blocked, id=17628, stack(0x0000000236900000,0x0000000236a00000)]
  0x000001ddc93b2800 JavaThread "Attach Listener" daemon [_thread_blocked, id=19796, stack(0x0000000236a00000,0x0000000236b00000)]
=>0x000001ddc93b5000 JavaThread "C2 CompilerThread0" daemon [_thread_in_native, id=11564, stack(0x0000000236b00000,0x0000000236c00000)]
  0x000001ddc9d04800 JavaThread "C1 CompilerThread0" daemon [_thread_blocked, id=5788, stack(0x0000000236c00000,0x0000000236d00000)]
  0x000001ddc9d0a000 JavaThread "Sweeper thread" daemon [_thread_blocked, id=7900, stack(0x0000000236d00000,0x0000000236e00000)]
  0x000001ddc9e71000 JavaThread "Common-Cleaner" daemon [_thread_blocked, id=12596, stack(0x0000000236e00000,0x0000000236f00000)]
  0x000001ddca140800 JavaThread "Monitor Ctrl-Break" daemon [_thread_in_native, id=14332, stack(0x0000000237000000,0x0000000237100000)]
  0x000001ddca104000 JavaThread "Service Thread" daemon [_thread_blocked, id=9496, stack(0x0000000237100000,0x0000000237200000)]
  0x000001ddd2676800 JavaThread "Live Reload Server" daemon [_thread_in_native, id=19972, stack(0x0000000238700000,0x0000000238800000)]
  0x000001ddd28d7800 JavaThread "DestroyJavaVM" [_thread_blocked, id=6464, stack(0x0000000236000000,0x0000000236100000)]
  0x000001ddd2677800 JavaThread "mssql-jdbc-shared-timer-core-5" daemon [_thread_blocked, id=2888, stack(0x0000000237e00000,0x0000000237f00000)]
  0x000001ddd2673800 JavaThread "HikariPool-5 housekeeper" daemon [_thread_blocked, id=2536, stack(0x0000000237f00000,0x0000000238000000)]
  0x000001ddd2674000 JavaThread "Catalina-utility-1" [_thread_blocked, id=8728, stack(0x0000000238100000,0x0000000238200000)]
  0x000001ddd2678800 JavaThread "Catalina-utility-2" [_thread_blocked, id=20168, stack(0x0000000238200000,0x0000000238300000)]
  0x000001ddd28cd800 JavaThread "container-0" [_thread_blocked, id=4448, stack(0x0000000238300000,0x0000000238400000)]
  0x000001ddd28ce800 JavaThread "File Watcher" daemon [_thread_blocked, id=18152, stack(0x0000000238400000,0x0000000238500000)]
  0x000001ddd28d1800 JavaThread "http-nio-6789-BlockPoller" daemon [_thread_in_native, id=14568, stack(0x0000000238500000,0x0000000238600000)]
  0x000001ddd28d1000 JavaThread "http-nio-6789-exec-1" daemon [_thread_blocked, id=1460, stack(0x0000000238600000,0x0000000238700000)]
  0x000001ddd28cd000 JavaThread "http-nio-6789-exec-2" daemon [_thread_blocked, id=9620, stack(0x0000000238800000,0x0000000238900000)]
  0x000001ddd28cc000 JavaThread "http-nio-6789-exec-3" daemon [_thread_blocked, id=16236, stack(0x0000000238900000,0x0000000238a00000)]
  0x000001ddd28cf000 JavaThread "http-nio-6789-exec-4" daemon [_thread_blocked, id=15800, stack(0x0000000238a00000,0x0000000238b00000)]
  0x000001ddd28d4000 JavaThread "http-nio-6789-exec-5" daemon [_thread_blocked, id=18400, stack(0x0000000238b00000,0x0000000238c00000)]
  0x000001ddd28d0000 JavaThread "http-nio-6789-exec-6" daemon [_thread_blocked, id=12940, stack(0x0000000238c00000,0x0000000238d00000)]
  0x000001ddd28d2800 JavaThread "http-nio-6789-exec-7" daemon [_thread_blocked, id=972, stack(0x0000000238d00000,0x0000000238e00000)]
  0x000001ddd28d6000 JavaThread "http-nio-6789-exec-8" daemon [_thread_blocked, id=14108, stack(0x0000000238e00000,0x0000000238f00000)]
  0x000001ddd28d3800 JavaThread "http-nio-6789-exec-9" daemon [_thread_blocked, id=6932, stack(0x0000000238f00000,0x0000000239000000)]
  0x000001ddd28da800 JavaThread "http-nio-6789-exec-10" daemon [_thread_blocked, id=20152, stack(0x0000000239000000,0x0000000239100000)]
  0x000001ddd28da000 JavaThread "http-nio-6789-ClientPoller" daemon [_thread_in_native, id=19840, stack(0x0000000239100000,0x0000000239200000)]
  0x000001ddd28d5000 JavaThread "http-nio-6789-Acceptor" daemon [_thread_in_native, id=7176, stack(0x0000000239200000,0x0000000239300000)]
  0x000001ddd1093000 JavaThread "C2 CompilerThread1" daemon [_thread_blocked, id=16996, stack(0x0000000236f00000,0x0000000237000000)]

Other Threads:
  0x000001ddc9374800 VMThread "VM Thread" [stack: 0x0000000236600000,0x0000000236700000] [id=9904]
  0x000001ddca3f6000 WatcherThread [stack: 0x0000000237200000,0x0000000237300000] [id=15372]
  0x000001dda84d5800 GCTaskThread "GC Thread#0" [stack: 0x0000000236100000,0x0000000236200000] [id=11656]
  0x000001ddcad61800 GCTaskThread "GC Thread#1" [stack: 0x0000000237300000,0x0000000237400000] [id=14588]
  0x000001ddca6ac000 GCTaskThread "GC Thread#2" [stack: 0x0000000237400000,0x0000000237500000] [id=10460]
  0x000001ddcae4e800 GCTaskThread "GC Thread#3" [stack: 0x0000000237700000,0x0000000237800000] [id=5836]
  0x000001ddcae50000 GCTaskThread "GC Thread#4" [stack: 0x0000000237800000,0x0000000237900000] [id=17340]
  0x000001ddcae97000 GCTaskThread "GC Thread#5" [stack: 0x0000000237900000,0x0000000237a00000] [id=3572]
  0x000001ddcaecb000 GCTaskThread "GC Thread#6" [stack: 0x0000000237a00000,0x0000000237b00000] [id=12144]
  0x000001ddcaecc000 GCTaskThread "GC Thread#7" [stack: 0x0000000237c00000,0x0000000237d00000] [id=18292]
  0x000001dda8504800 ConcurrentGCThread "G1 Main Marker" [stack: 0x0000000236200000,0x0000000236300000] [id=17028]
  0x000001dda8506000 ConcurrentGCThread "G1 Conc#0" [stack: 0x0000000236300000,0x0000000236400000] [id=17312]
  0x000001ddcad6a000 ConcurrentGCThread "G1 Conc#1" [stack: 0x0000000237d00000,0x0000000237e00000] [id=11576]
  0x000001ddc91e2800 ConcurrentGCThread "G1 Refine#0" [stack: 0x0000000236400000,0x0000000236500000] [id=7192]
  0x000001dda8587000 ConcurrentGCThread "G1 Young RemSet Sampling" [stack: 0x0000000236500000,0x0000000236600000] [id=6808]

Threads with active compile tasks:
C2 CompilerThread01715189 15176       4       org.springframework.core.convert.support.GenericConversionService::getConverter (106 bytes)

VM state:not at safepoint (normal execution)

VM Mutex/Monitor currently owned by a thread: None

Heap address: 0x0000000081c00000, size: 2020 MB, Compressed Oops mode: 32-bit
Narrow klass base: 0x0000000000000000, Narrow klass shift: 3
Compressed class space size: 1073741824 Address: 0x0000000100000000

Heap:
 garbage-first heap   total 102400K, used 67175K [0x0000000081c00000, 0x0000000100000000)
  region size 1024K, 30 young (30720K), 3 survivors (3072K)
 Metaspace       used 92464K, capacity 94922K, committed 95180K, reserved 1132544K
  class space    used 10993K, capacity 11889K, committed 11980K, reserved 1048576K
Heap Regions: E=young(eden), S=young(survivor), O=old, HS=humongous(starts), HC=humongous(continues), CS=collection set, F=free, A=archive, TAMS=top-at-mark-start (previous, next)
|   0|0x0000000081c00000, 0x0000000081d00000, 0x0000000081d00000|100%|HS|  |TAMS 0x0000000081c00000, 0x0000000081c00000| Untracked 
|   1|0x0000000081d00000, 0x0000000081dffff0, 0x0000000081e00000| 99%| O|  |TAMS 0x0000000081d00000, 0x0000000081d00000| Untracked 
|   2|0x0000000081e00000, 0x0000000081efffd8, 0x0000000081f00000| 99%| O|  |TAMS 0x0000000081e00000, 0x0000000081e00000| Untracked 
|   3|0x0000000081f00000, 0x0000000082000000, 0x0000000082000000|100%| O|  |TAMS 0x0000000081f00000, 0x0000000081f00000| Untracked 
|   4|0x0000000082000000, 0x00000000820fffe0, 0x0000000082100000| 99%| O|  |TAMS 0x0000000082000000, 0x0000000082000000| Untracked 
|   5|0x0000000082100000, 0x00000000821ffff0, 0x0000000082200000| 99%| O|  |TAMS 0x0000000082100000, 0x0000000082100000| Untracked 
|   6|0x0000000082200000, 0x00000000822fffd8, 0x0000000082300000| 99%| O|  |TAMS 0x0000000082200000, 0x0000000082200000| Untracked 
|   7|0x0000000082300000, 0x0000000082400000, 0x0000000082400000|100%| O|  |TAMS 0x0000000082300000, 0x0000000082300000| Untracked 
|   8|0x0000000082400000, 0x00000000824fffd8, 0x0000000082500000| 99%| O|  |TAMS 0x0000000082400000, 0x0000000082400000| Untracked 
|   9|0x0000000082500000, 0x00000000825ffe40, 0x0000000082600000| 99%| O|  |TAMS 0x0000000082500000, 0x0000000082500000| Untracked 
|  10|0x0000000082600000, 0x00000000826ffff0, 0x0000000082700000| 99%| O|  |TAMS 0x0000000082600000, 0x0000000082600000| Untracked 
|  11|0x0000000082700000, 0x00000000827fffd8, 0x0000000082800000| 99%| O|  |TAMS 0x0000000082700000, 0x0000000082700000| Untracked 
|  12|0x0000000082800000, 0x00000000828ffff8, 0x0000000082900000| 99%| O|  |TAMS 0x0000000082800000, 0x0000000082800000| Untracked 
|  13|0x0000000082900000, 0x00000000829ffff8, 0x0000000082a00000| 99%| O|  |TAMS 0x0000000082900000, 0x0000000082900000| Untracked 
|  14|0x0000000082a00000, 0x0000000082afffe8, 0x0000000082b00000| 99%| O|  |TAMS 0x0000000082a00000, 0x0000000082a00000| Untracked 
|  15|0x0000000082b00000, 0x0000000082bfffe8, 0x0000000082c00000| 99%| O|  |TAMS 0x0000000082b00000, 0x0000000082b00000| Untracked 
|  16|0x0000000082c00000, 0x0000000082cfffb8, 0x0000000082d00000| 99%| O|  |TAMS 0x0000000082c00000, 0x0000000082c00000| Untracked 
|  17|0x0000000082d00000, 0x0000000082dfffd0, 0x0000000082e00000| 99%| O|  |TAMS 0x0000000082d00000, 0x0000000082d00000| Untracked 
|  18|0x0000000082e00000, 0x0000000082efffd0, 0x0000000082f00000| 99%| O|  |TAMS 0x0000000082e00000, 0x0000000082e00000| Untracked 
|  19|0x0000000082f00000, 0x0000000083000000, 0x0000000083000000|100%| O|  |TAMS 0x0000000082f00000, 0x0000000082f00000| Untracked 
|  20|0x0000000083000000, 0x00000000830fffd0, 0x0000000083100000| 99%| O|  |TAMS 0x0000000083000000, 0x0000000083000000| Untracked 
|  21|0x0000000083100000, 0x0000000083200000, 0x0000000083200000|100%| O|  |TAMS 0x0000000083100000, 0x0000000083100000| Untracked 
|  22|0x0000000083200000, 0x0000000083300000, 0x0000000083300000|100%| O|  |TAMS 0x0000000083200000, 0x0000000083200000| Untracked 
|  23|0x0000000083300000, 0x00000000833ffff8, 0x0000000083400000| 99%| O|  |TAMS 0x0000000083300000, 0x0000000083300000| Untracked 
|  24|0x0000000083400000, 0x00000000834fffe0, 0x0000000083500000| 99%| O|  |TAMS 0x0000000083400000, 0x0000000083400000| Untracked 
|  25|0x0000000083500000, 0x00000000835fffe8, 0x0000000083600000| 99%| O|  |TAMS 0x0000000083500000, 0x0000000083500000| Untracked 
|  26|0x0000000083600000, 0x0000000083700000, 0x0000000083700000|100%| O|  |TAMS 0x0000000083600000, 0x0000000083600000| Untracked 
|  27|0x0000000083700000, 0x00000000837ffff8, 0x0000000083800000| 99%| O|  |TAMS 0x0000000083700000, 0x0000000083700000| Untracked 
|  28|0x0000000083800000, 0x000000008386b288, 0x0000000083900000| 41%| O|  |TAMS 0x0000000083800000, 0x0000000083800000| Untracked 
|  29|0x0000000083900000, 0x00000000839daf90, 0x0000000083a00000| 85%| O|  |TAMS 0x0000000083900000, 0x0000000083900000| Untracked 
|  30|0x0000000083a00000, 0x0000000083a3c670, 0x0000000083b00000| 23%| O|  |TAMS 0x0000000083a00000, 0x0000000083a00000| Untracked 
|  31|0x0000000083b00000, 0x0000000083bff1b0, 0x0000000083c00000| 99%| O|  |TAMS 0x0000000083b00000, 0x0000000083b00000| Untracked 
|  32|0x0000000083c00000, 0x0000000083cc77b0, 0x0000000083d00000| 77%| O|  |TAMS 0x0000000083c00000, 0x0000000083c00000| Untracked 
|  33|0x0000000083d00000, 0x0000000083e00000, 0x0000000083e00000|100%| O|  |TAMS 0x0000000083d00000, 0x0000000083d00000| Untracked 
|  34|0x0000000083e00000, 0x0000000083f00000, 0x0000000083f00000|100%| O|  |TAMS 0x0000000083e00000, 0x0000000083e00000| Untracked 
|  35|0x0000000083f00000, 0x0000000084000000, 0x0000000084000000|100%| O|  |TAMS 0x0000000083f00000, 0x0000000083f00000| Untracked 
|  36|0x0000000084000000, 0x0000000084100000, 0x0000000084100000|100%| O|  |TAMS 0x0000000084000000, 0x0000000084000000| Untracked 
|  37|0x0000000084100000, 0x00000000841a9f78, 0x0000000084200000| 66%| O|  |TAMS 0x0000000084100000, 0x0000000084100000| Untracked 
|  38|0x0000000084200000, 0x0000000084300000, 0x0000000084300000|100%| O|  |TAMS 0x0000000084200000, 0x0000000084200000| Untracked 
|  39|0x0000000084300000, 0x0000000084322000, 0x0000000084400000| 13%| O|  |TAMS 0x0000000084300000, 0x0000000084300000| Untracked 
|  40|0x0000000084400000, 0x0000000084400000, 0x0000000084500000|  0%| F|  |TAMS 0x0000000084400000, 0x0000000084400000| Untracked 
|  41|0x0000000084500000, 0x0000000084500000, 0x0000000084600000|  0%| F|  |TAMS 0x0000000084500000, 0x0000000084500000| Untracked 
|  42|0x0000000084600000, 0x0000000084600000, 0x0000000084700000|  0%| F|  |TAMS 0x0000000084600000, 0x0000000084600000| Untracked 
|  43|0x0000000084700000, 0x0000000084700000, 0x0000000084800000|  0%| F|  |TAMS 0x0000000084700000, 0x0000000084700000| Untracked 
|  44|0x0000000084800000, 0x0000000084800000, 0x0000000084900000|  0%| F|  |TAMS 0x0000000084800000, 0x0000000084800000| Untracked 
|  45|0x0000000084900000, 0x0000000084900000, 0x0000000084a00000|  0%| F|  |TAMS 0x0000000084900000, 0x0000000084900000| Untracked 
|  46|0x0000000084a00000, 0x0000000084a00000, 0x0000000084b00000|  0%| F|  |TAMS 0x0000000084a00000, 0x0000000084a00000| Untracked 
|  47|0x0000000084b00000, 0x0000000084b00000, 0x0000000084c00000|  0%| F|  |TAMS 0x0000000084b00000, 0x0000000084b00000| Untracked 
|  48|0x0000000084c00000, 0x0000000084c00000, 0x0000000084d00000|  0%| F|  |TAMS 0x0000000084c00000, 0x0000000084c00000| Untracked 
|  49|0x0000000084d00000, 0x0000000084d00000, 0x0000000084e00000|  0%| F|  |TAMS 0x0000000084d00000, 0x0000000084d00000| Untracked 
|  50|0x0000000084e00000, 0x0000000084e00000, 0x0000000084f00000|  0%| F|  |TAMS 0x0000000084e00000, 0x0000000084e00000| Untracked 
|  51|0x0000000084f00000, 0x0000000084f00000, 0x0000000085000000|  0%| F|  |TAMS 0x0000000084f00000, 0x0000000084f00000| Untracked 
|  52|0x0000000085000000, 0x0000000085000000, 0x0000000085100000|  0%| F|  |TAMS 0x0000000085000000, 0x0000000085000000| Untracked 
|  53|0x0000000085100000, 0x0000000085100000, 0x0000000085200000|  0%| F|  |TAMS 0x0000000085100000, 0x0000000085100000| Untracked 
|  54|0x0000000085200000, 0x0000000085200000, 0x0000000085300000|  0%| F|  |TAMS 0x0000000085200000, 0x0000000085200000| Untracked 
|  55|0x0000000085300000, 0x0000000085300000, 0x0000000085400000|  0%| F|  |TAMS 0x0000000085300000, 0x0000000085300000| Untracked 
|  56|0x0000000085400000, 0x0000000085485098, 0x0000000085500000| 51%| S|CS|TAMS 0x0000000085400000, 0x0000000085400000| Complete 
|  57|0x0000000085500000, 0x0000000085600000, 0x0000000085600000|100%| S|CS|TAMS 0x0000000085500000, 0x0000000085500000| Complete 
|  58|0x0000000085600000, 0x0000000085700000, 0x0000000085700000|100%| S|CS|TAMS 0x0000000085600000, 0x0000000085600000| Complete 
|  59|0x0000000085700000, 0x0000000085700000, 0x0000000085800000|  0%| F|  |TAMS 0x0000000085700000, 0x0000000085700000| Untracked 
|  60|0x0000000085800000, 0x0000000085800000, 0x0000000085900000|  0%| F|  |TAMS 0x0000000085800000, 0x0000000085800000| Untracked 
|  61|0x0000000085900000, 0x0000000085900000, 0x0000000085a00000|  0%| F|  |TAMS 0x0000000085900000, 0x0000000085900000| Untracked 
|  62|0x0000000085a00000, 0x0000000085a00000, 0x0000000085b00000|  0%| F|  |TAMS 0x0000000085a00000, 0x0000000085a00000| Untracked 
|  63|0x0000000085b00000, 0x0000000085b00000, 0x0000000085c00000|  0%| F|  |TAMS 0x0000000085b00000, 0x0000000085b00000| Untracked 
|  64|0x0000000085c00000, 0x0000000085c00000, 0x0000000085d00000|  0%| F|  |TAMS 0x0000000085c00000, 0x0000000085c00000| Untracked 
|  65|0x0000000085d00000, 0x0000000085d00000, 0x0000000085e00000|  0%| F|  |TAMS 0x0000000085d00000, 0x0000000085d00000| Untracked 
|  66|0x0000000085e00000, 0x0000000085e00000, 0x0000000085f00000|  0%| F|  |TAMS 0x0000000085e00000, 0x0000000085e00000| Untracked 
|  67|0x0000000085f00000, 0x0000000085f00000, 0x0000000086000000|  0%| F|  |TAMS 0x0000000085f00000, 0x0000000085f00000| Untracked 
|  68|0x0000000086000000, 0x0000000086000000, 0x0000000086100000|  0%| F|  |TAMS 0x0000000086000000, 0x0000000086000000| Untracked 
|  69|0x0000000086100000, 0x0000000086100000, 0x0000000086200000|  0%| F|  |TAMS 0x0000000086100000, 0x0000000086100000| Untracked 
|  70|0x0000000086200000, 0x0000000086200000, 0x0000000086300000|  0%| F|  |TAMS 0x0000000086200000, 0x0000000086200000| Untracked 
|  71|0x0000000086300000, 0x0000000086300000, 0x0000000086400000|  0%| F|  |TAMS 0x0000000086300000, 0x0000000086300000| Untracked 
|  72|0x0000000086400000, 0x0000000086400000, 0x0000000086500000|  0%| F|  |TAMS 0x0000000086400000, 0x0000000086400000| Untracked 
|  73|0x0000000086500000, 0x0000000086600000, 0x0000000086600000|100%| E|  |TAMS 0x0000000086500000, 0x0000000086500000| Complete 
|  74|0x0000000086600000, 0x0000000086700000, 0x0000000086700000|100%| E|CS|TAMS 0x0000000086600000, 0x0000000086600000| Complete 
|  75|0x0000000086700000, 0x0000000086800000, 0x0000000086800000|100%| E|CS|TAMS 0x0000000086700000, 0x0000000086700000| Complete 
|  76|0x0000000086800000, 0x0000000086900000, 0x0000000086900000|100%| E|CS|TAMS 0x0000000086800000, 0x0000000086800000| Complete 
|  77|0x0000000086900000, 0x0000000086a00000, 0x0000000086a00000|100%| E|CS|TAMS 0x0000000086900000, 0x0000000086900000| Complete 
|  78|0x0000000086a00000, 0x0000000086b00000, 0x0000000086b00000|100%| E|CS|TAMS 0x0000000086a00000, 0x0000000086a00000| Complete 
|  79|0x0000000086b00000, 0x0000000086c00000, 0x0000000086c00000|100%| E|CS|TAMS 0x0000000086b00000, 0x0000000086b00000| Complete 
|  80|0x0000000086c00000, 0x0000000086d00000, 0x0000000086d00000|100%| E|CS|TAMS 0x0000000086c00000, 0x0000000086c00000| Complete 
|  81|0x0000000086d00000, 0x0000000086e00000, 0x0000000086e00000|100%| E|CS|TAMS 0x0000000086d00000, 0x0000000086d00000| Complete 
|  82|0x0000000086e00000, 0x0000000086f00000, 0x0000000086f00000|100%| E|CS|TAMS 0x0000000086e00000, 0x0000000086e00000| Complete 
|  83|0x0000000086f00000, 0x0000000087000000, 0x0000000087000000|100%| E|CS|TAMS 0x0000000086f00000, 0x0000000086f00000| Complete 
|  84|0x0000000087000000, 0x0000000087100000, 0x0000000087100000|100%| E|CS|TAMS 0x0000000087000000, 0x0000000087000000| Complete 
|  85|0x0000000087100000, 0x0000000087200000, 0x0000000087200000|100%| E|CS|TAMS 0x0000000087100000, 0x0000000087100000| Complete 
|  86|0x0000000087200000, 0x0000000087300000, 0x0000000087300000|100%| E|CS|TAMS 0x0000000087200000, 0x0000000087200000| Complete 
|  87|0x0000000087300000, 0x0000000087400000, 0x0000000087400000|100%| E|CS|TAMS 0x0000000087300000, 0x0000000087300000| Complete 
|  88|0x0000000087400000, 0x0000000087500000, 0x0000000087500000|100%| E|CS|TAMS 0x0000000087400000, 0x0000000087400000| Complete 
|  89|0x0000000087500000, 0x0000000087600000, 0x0000000087600000|100%| E|CS|TAMS 0x0000000087500000, 0x0000000087500000| Complete 
|  90|0x0000000087600000, 0x0000000087700000, 0x0000000087700000|100%| E|CS|TAMS 0x0000000087600000, 0x0000000087600000| Complete 
|  91|0x0000000087700000, 0x0000000087800000, 0x0000000087800000|100%| E|CS|TAMS 0x0000000087700000, 0x0000000087700000| Complete 
|  92|0x0000000087800000, 0x0000000087900000, 0x0000000087900000|100%| E|CS|TAMS 0x0000000087800000, 0x0000000087800000| Complete 
|  93|0x0000000087900000, 0x0000000087a00000, 0x0000000087a00000|100%| E|CS|TAMS 0x0000000087900000, 0x0000000087900000| Complete 
|  94|0x0000000087a00000, 0x0000000087b00000, 0x0000000087b00000|100%| E|CS|TAMS 0x0000000087a00000, 0x0000000087a00000| Complete 
|  95|0x0000000087b00000, 0x0000000087c00000, 0x0000000087c00000|100%| E|CS|TAMS 0x0000000087b00000, 0x0000000087b00000| Complete 
|  96|0x0000000087c00000, 0x0000000087d00000, 0x0000000087d00000|100%| E|CS|TAMS 0x0000000087c00000, 0x0000000087c00000| Complete 
|  97|0x0000000087d00000, 0x0000000087e00000, 0x0000000087e00000|100%| E|CS|TAMS 0x0000000087d00000, 0x0000000087d00000| Complete 
|  98|0x0000000087e00000, 0x0000000087f00000, 0x0000000087f00000|100%| E|CS|TAMS 0x0000000087e00000, 0x0000000087e00000| Complete 
|  99|0x0000000087f00000, 0x0000000088000000, 0x0000000088000000|100%| E|CS|TAMS 0x0000000087f00000, 0x0000000087f00000| Complete 

Card table byte_map: [0x000001ddc2180000,0x000001ddc2580000] _byte_map_base: 0x000001ddc1d72000

Marking Bits (Prev, Next): (CMBitMap*) 0x000001dda84fbb20, (CMBitMap*) 0x000001dda84fbae8
 Prev Bits: [0x000001ddc4910000, 0x000001ddc68a0000)
 Next Bits: [0x000001ddc2980000, 0x000001ddc4910000)

Polling page: 0x000001dda8590000

Metaspace:

Usage:
  Non-class:     81.09 MB capacity,    79.56 MB ( 98%) used,     1.23 MB (  2%) free+waste,   298.63 KB ( <1%) overhead. 
      Class:     11.61 MB capacity,    10.74 MB ( 92%) used,   763.80 KB (  6%) free+waste,   131.88 KB (  1%) overhead. 
       Both:     92.70 MB capacity,    90.30 MB ( 97%) used,     1.98 MB (  2%) free+waste,   430.50 KB ( <1%) overhead. 

Virtual space:
  Non-class space:       82.00 MB reserved,      81.25 MB (>99%) committed 
      Class space:        1.00 GB reserved,      11.70 MB (  1%) committed 
             Both:        1.08 GB reserved,      92.95 MB (  8%) committed 

Chunk freelists:
   Non-Class:  39.00 KB
       Class:  15.00 KB
        Both:  54.00 KB

MaxMetaspaceSize: 17179869184.00 GB
CompressedClassSpaceSize: 1.00 GB

CodeHeap 'non-profiled nmethods': size=120000Kb used=10900Kb max_used=10900Kb free=109099Kb
 bounds [0x000001ddb9de0000, 0x000001ddba890000, 0x000001ddc1310000]
CodeHeap 'profiled nmethods': size=120000Kb used=28295Kb max_used=28295Kb free=91704Kb
 bounds [0x000001ddb28b0000, 0x000001ddb4470000, 0x000001ddb9de0000]
CodeHeap 'non-nmethods': size=5760Kb used=1287Kb max_used=1360Kb free=4472Kb
 bounds [0x000001ddb2310000, 0x000001ddb2580000, 0x000001ddb28b0000]
 total_blobs=13294 nmethods=12612 adapters=592
 compilation: enabled
              stopped_count=0, restarted_count=0
 full_count=0

Compilation events (20 events):
Event: 1714.990 Thread 0x000001ddd1093000 15177       4       org.attoparser.AbstractMarkupHandler::handleComment (1 bytes)
Event: 1714.990 Thread 0x000001ddc9d04800 15202       3       org.thymeleaf.standard.expression.FragmentSignatureUtils::processParameters (390 bytes)
Event: 1714.990 Thread 0x000001ddd1093000 nmethod 15177 0x000001ddba886b90 code [0x000001ddba886d20, 0x000001ddba886d78]
Event: 1714.990 Thread 0x000001ddd1093000 15199       4       org.springframework.context.support.ApplicationListenerDetector::postProcessBeforeInitialization (2 bytes)
Event: 1714.991 Thread 0x000001ddd1093000 nmethod 15199 0x000001ddba886e10 code [0x000001ddba886fa0, 0x000001ddba886ff8]
Event: 1714.993 Thread 0x000001ddc9d04800 nmethod 15202 0x000001ddb4467990 code [0x000001ddb44681c0, 0x000001ddb446c408]
Event: 1714.993 Thread 0x000001ddc9d04800 15210       3       org.attoparser.select.BlockSelectorMarkupHandler::updateInsideAllSelectorMatchingBlockFlag (37 bytes)
Event: 1714.993 Thread 0x000001ddc9d04800 nmethod 15210 0x000001ddb446da10 code [0x000001ddb446dbe0, 0x000001ddb446de18]
Event: 1714.993 Thread 0x000001ddc9d04800 15207       3       org.thymeleaf.engine.ModelBuilderTemplateHandler::handleTemplateEnd (20 bytes)
Event: 1714.993 Thread 0x000001ddc9d04800 nmethod 15207 0x000001ddb446df10 code [0x000001ddb446e100, 0x000001ddb446e498]
Event: 1714.993 Thread 0x000001ddc9d04800 15208       3       org.thymeleaf.engine.TemplateEnd::asEngineTemplateEnd (4 bytes)
Event: 1714.993 Thread 0x000001ddc9d04800 nmethod 15208 0x000001ddb446e610 code [0x000001ddb446e7c0, 0x000001ddb446e8b8]
Event: 1714.993 Thread 0x000001ddc9d04800 15209       3       org.thymeleaf.engine.ModelBuilderTemplateHandler::getModel (40 bytes)
Event: 1714.994 Thread 0x000001ddc9d04800 nmethod 15209 0x000001ddb446e990 code [0x000001ddb446eb80, 0x000001ddb446f048]
Event: 1715.015 Thread 0x000001ddd1093000 15211       4       org.springframework.web.util.ServletRequestPathUtils::getCachedPath (53 bytes)
Event: 1715.017 Thread 0x000001ddd1093000 nmethod 15211 0x000001ddba887090 code [0x000001ddba887240, 0x000001ddba887338]
Event: 1715.108 Thread 0x000001ddd1093000 15212       4       org.apache.tomcat.util.http.MimeHeaders::findHeader (36 bytes)
Event: 1715.111 Thread 0x000001ddd1093000 nmethod 15212 0x000001ddba887510 code [0x000001ddba8876c0, 0x000001ddba8877e8]
Event: 1715.114 Thread 0x000001ddd1093000 15213       4       java.util.concurrent.locks.ReentrantLock::lock (9 bytes)
Event: 1715.131 Thread 0x000001ddd1093000 nmethod 15213 0x000001ddba887990 code [0x000001ddba887b60, 0x000001ddba888188]

GC Heap History (20 events):
Event: 1614.902 GC heap before
{Heap before GC invocations=56 (full 3):
 garbage-first heap   total 102400K, used 83248K [0x0000000081c00000, 0x0000000100000000)
  region size 1024K, 45 young (46080K), 3 survivors (3072K)
 Metaspace       used 91408K, capacity 93852K, committed 94028K, reserved 1132544K
  class space    used 10936K, capacity 11815K, committed 11852K, reserved 1048576K
}
Event: 1614.904 GC heap after
{Heap after GC invocations=57 (full 3):
 garbage-first heap   total 102400K, used 40460K [0x0000000081c00000, 0x0000000100000000)
  region size 1024K, 3 young (3072K), 3 survivors (3072K)
 Metaspace       used 91408K, capacity 93852K, committed 94028K, reserved 1132544K
  class space    used 10936K, capacity 11815K, committed 11852K, reserved 1048576K
}
Event: 1628.902 GC heap before
{Heap before GC invocations=57 (full 3):
 garbage-first heap   total 102400K, used 83468K [0x0000000081c00000, 0x0000000100000000)
  region size 1024K, 45 young (46080K), 3 survivors (3072K)
 Metaspace       used 91429K, capacity 93852K, committed 94028K, reserved 1132544K
  class space    used 10936K, capacity 11815K, committed 11852K, reserved 1048576K
}
Event: 1628.903 GC heap after
{Heap after GC invocations=58 (full 3):
 garbage-first heap   total 102400K, used 39896K [0x0000000081c00000, 0x0000000100000000)
  region size 1024K, 3 young (3072K), 3 survivors (3072K)
 Metaspace       used 91429K, capacity 93852K, committed 94028K, reserved 1132544K
  class space    used 10936K, capacity 11815K, committed 11852K, reserved 1048576K
}
Event: 1645.028 GC heap before
{Heap before GC invocations=58 (full 3):
 garbage-first heap   total 102400K, used 81880K [0x0000000081c00000, 0x0000000100000000)
  region size 1024K, 45 young (46080K), 3 survivors (3072K)
 Metaspace       used 91436K, capacity 93852K, committed 94028K, reserved 1132544K
  class space    used 10936K, capacity 11815K, committed 11852K, reserved 1048576K
}
Event: 1645.029 GC heap after
{Heap after GC invocations=59 (full 3):
 garbage-first heap   total 102400K, used 40497K [0x0000000081c00000, 0x0000000100000000)
  region size 1024K, 3 young (3072K), 3 survivors (3072K)
 Metaspace       used 91436K, capacity 93852K, committed 94028K, reserved 1132544K
  class space    used 10936K, capacity 11815K, committed 11852K, reserved 1048576K
}
Event: 1668.268 GC heap before
{Heap before GC invocations=59 (full 3):
 garbage-first heap   total 102400K, used 84529K [0x0000000081c00000, 0x0000000100000000)
  region size 1024K, 46 young (47104K), 3 survivors (3072K)
 Metaspace       used 91436K, capacity 93852K, committed 94028K, reserved 1132544K
  class space    used 10936K, capacity 11815K, committed 11852K, reserved 1048576K
}
Event: 1668.269 GC heap after
{Heap after GC invocations=60 (full 3):
 garbage-first heap   total 102400K, used 40280K [0x0000000081c00000, 0x0000000100000000)
  region size 1024K, 3 young (3072K), 3 survivors (3072K)
 Metaspace       used 91436K, capacity 93852K, committed 94028K, reserved 1132544K
  class space    used 10936K, capacity 11815K, committed 11852K, reserved 1048576K
}
Event: 1691.383 GC heap before
{Heap before GC invocations=60 (full 3):
 garbage-first heap   total 102400K, used 84312K [0x0000000081c00000, 0x0000000100000000)
  region size 1024K, 46 young (47104K), 3 survivors (3072K)
 Metaspace       used 91436K, capacity 93852K, committed 94028K, reserved 1132544K
  class space    used 10936K, capacity 11815K, committed 11852K, reserved 1048576K
}
Event: 1691.384 GC heap after
{Heap after GC invocations=61 (full 3):
 garbage-first heap   total 102400K, used 40376K [0x0000000081c00000, 0x0000000100000000)
  region size 1024K, 3 young (3072K), 3 survivors (3072K)
 Metaspace       used 91436K, capacity 93852K, committed 94028K, reserved 1132544K
  class space    used 10936K, capacity 11815K, committed 11852K, reserved 1048576K
}
Event: 1708.317 GC heap before
{Heap before GC invocations=61 (full 3):
 garbage-first heap   total 102400K, used 71096K [0x0000000081c00000, 0x0000000100000000)
  region size 1024K, 34 young (34816K), 3 survivors (3072K)
 Metaspace       used 91444K, capacity 93858K, committed 94028K, reserved 1132544K
  class space    used 10936K, capacity 11817K, committed 11852K, reserved 1048576K
}
Event: 1708.391 GC heap after
{Heap after GC invocations=62 (full 4):
 garbage-first heap   total 102400K, used 32715K [0x0000000081c00000, 0x0000000100000000)
  region size 1024K, 0 young (0K), 0 survivors (0K)
 Metaspace       used 91440K, capacity 93849K, committed 94028K, reserved 1132544K
  class space    used 10935K, capacity 11814K, committed 11852K, reserved 1048576K
}
Event: 1708.715 GC heap before
{Heap before GC invocations=62 (full 4):
 garbage-first heap   total 102400K, used 79819K [0x0000000081c00000, 0x0000000100000000)
  region size 1024K, 47 young (48128K), 0 survivors (0K)
 Metaspace       used 91707K, capacity 94172K, committed 94412K, reserved 1132544K
  class space    used 10962K, capacity 11855K, committed 11980K, reserved 1048576K
}
Event: 1708.717 GC heap after
{Heap after GC invocations=63 (full 4):
 garbage-first heap   total 102400K, used 35781K [0x0000000081c00000, 0x0000000100000000)
  region size 1024K, 3 young (3072K), 3 survivors (3072K)
 Metaspace       used 91707K, capacity 94172K, committed 94412K, reserved 1132544K
  class space    used 10962K, capacity 11855K, committed 11980K, reserved 1048576K
}
Event: 1708.816 GC heap before
{Heap before GC invocations=63 (full 4):
 garbage-first heap   total 102400K, used 81861K [0x0000000081c00000, 0x0000000100000000)
  region size 1024K, 49 young (50176K), 3 survivors (3072K)
 Metaspace       used 91715K, capacity 94172K, committed 94412K, reserved 1132544K
  class space    used 10963K, capacity 11855K, committed 11980K, reserved 1048576K
}
Event: 1708.819 GC heap after
{Heap after GC invocations=64 (full 4):
 garbage-first heap   total 102400K, used 35787K [0x0000000081c00000, 0x0000000100000000)
  region size 1024K, 3 young (3072K), 3 survivors (3072K)
 Metaspace       used 91715K, capacity 94172K, committed 94412K, reserved 1132544K
  class space    used 10963K, capacity 11855K, committed 11980K, reserved 1048576K
}
Event: 1709.129 GC heap before
{Heap before GC invocations=64 (full 4):
 garbage-first heap   total 102400K, used 82891K [0x0000000081c00000, 0x0000000100000000)
  region size 1024K, 49 young (50176K), 3 survivors (3072K)
 Metaspace       used 92126K, capacity 94596K, committed 94924K, reserved 1132544K
  class space    used 10983K, capacity 11888K, committed 11980K, reserved 1048576K
}
Event: 1709.134 GC heap after
{Heap after GC invocations=65 (full 4):
 garbage-first heap   total 102400K, used 40781K [0x0000000081c00000, 0x0000000100000000)
  region size 1024K, 7 young (7168K), 7 survivors (7168K)
 Metaspace       used 92126K, capacity 94596K, committed 94924K, reserved 1132544K
  class space    used 10983K, capacity 11888K, committed 11980K, reserved 1048576K
}
Event: 1712.737 GC heap before
{Heap before GC invocations=65 (full 4):
 garbage-first heap   total 102400K, used 82765K [0x0000000081c00000, 0x0000000100000000)
  region size 1024K, 48 young (49152K), 7 survivors (7168K)
 Metaspace       used 92328K, capacity 94789K, committed 94924K, reserved 1132544K
  class space    used 10992K, capacity 11888K, committed 11980K, reserved 1048576K
}
Event: 1712.741 GC heap after
{Heap after GC invocations=66 (full 4):
 garbage-first heap   total 102400K, used 40551K [0x0000000081c00000, 0x0000000100000000)
  region size 1024K, 3 young (3072K), 3 survivors (3072K)
 Metaspace       used 92328K, capacity 94789K, committed 94924K, reserved 1132544K
  class space    used 10992K, capacity 11888K, committed 11980K, reserved 1048576K
}

Deoptimization events (20 events):
Event: 1712.963 Thread 0x000001ddd28d1000 DEOPT PACKING pc=0x000001ddb3677f60 sp=0x00000002386fa790
Event: 1712.963 Thread 0x000001ddd28d1000 DEOPT UNPACKING pc=0x000001ddb23372ce sp=0x00000002386f9d08 mode 0
Event: 1712.964 Thread 0x000001ddd28d1000 DEOPT PACKING pc=0x000001ddb3677f60 sp=0x00000002386fa790
Event: 1712.964 Thread 0x000001ddd28d1000 DEOPT UNPACKING pc=0x000001ddb23372ce sp=0x00000002386f9d08 mode 0
Event: 1712.964 Thread 0x000001ddd28d1000 DEOPT PACKING pc=0x000001ddb3677f60 sp=0x00000002386fa790
Event: 1712.964 Thread 0x000001ddd28d1000 DEOPT UNPACKING pc=0x000001ddb23372ce sp=0x00000002386f9d08 mode 0
Event: 1712.969 Thread 0x000001ddd28d1000 DEOPT PACKING pc=0x000001ddb3677f60 sp=0x00000002386f8ca0
Event: 1712.969 Thread 0x000001ddd28d1000 DEOPT UNPACKING pc=0x000001ddb23372ce sp=0x00000002386f8218 mode 0
Event: 1713.068 Thread 0x000001ddd28d3800 Uncommon trap: trap_request=0xffffff4d fr.pc=0x000001ddba66c87c relative=0x000000000000685c
Event: 1713.068 Thread 0x000001ddd28d3800 Uncommon trap: reason=unstable_if action=reinterpret pc=0x000001ddba66c87c method=org.springframework.util.ConcurrentReferenceHashMap$1.execute(Lorg/springframework/util/ConcurrentReferenceHashMap$Reference;Lorg/springframework/util/ConcurrentReferenceHas
Event: 1713.068 Thread 0x000001ddd28d3800 DEOPT PACKING pc=0x000001ddba66c87c sp=0x0000000238ffaf00
Event: 1713.068 Thread 0x000001ddd28d3800 DEOPT UNPACKING pc=0x000001ddb23374af sp=0x0000000238ffac78 mode 2
Event: 1713.069 Thread 0x000001ddd28cc000 Uncommon trap: trap_request=0xffffff4d fr.pc=0x000001ddb9ff8010 relative=0x00000000000012b0
Event: 1713.069 Thread 0x000001ddd28cc000 Uncommon trap: reason=unstable_if action=reinterpret pc=0x000001ddb9ff8010 method=java.util.concurrent.ConcurrentHashMap.computeIfAbsent(Ljava/lang/Object;Ljava/util/function/Function;)Ljava/lang/Object; @ 279 c2
Event: 1713.069 Thread 0x000001ddd28cc000 DEOPT PACKING pc=0x000001ddb9ff8010 sp=0x00000002389fad50
Event: 1713.069 Thread 0x000001ddd28cc000 DEOPT UNPACKING pc=0x000001ddb23374af sp=0x00000002389facc0 mode 2
Event: 1713.072 Thread 0x000001ddd28d3800 Uncommon trap: trap_request=0xffffff4d fr.pc=0x000001ddba4e1da8 relative=0x00000000000020c8
Event: 1713.072 Thread 0x000001ddd28d3800 Uncommon trap: reason=unstable_if action=reinterpret pc=0x000001ddba4e1da8 method=java.util.concurrent.locks.ReentrantReadWriteLock$Sync.tryAcquireShared(I)I @ 13 c2
Event: 1713.072 Thread 0x000001ddd28d3800 DEOPT PACKING pc=0x000001ddba4e1da8 sp=0x0000000238ffa570
Event: 1713.072 Thread 0x000001ddd28d3800 DEOPT UNPACKING pc=0x000001ddb23374af sp=0x0000000238ffa348 mode 2

Classes redefined (0 events):
No events

Internal exceptions (20 events):
Event: 1709.051 Thread 0x000001ddd2672800 Exception <a 'java/lang/ClassNotFoundException'{0x0000000086045428}: com/example/demo/entity/RoleCustomizer> (0x0000000086045428) thrown at [./src/hotspot/share/classfile/systemDictionary.cpp, line 231]
Event: 1709.066 Thread 0x000001ddd2672800 Exception <a 'java/lang/reflect/InvocationTargetException'{0x0000000085c3f6d0}> (0x0000000085c3f6d0) thrown at [./src/hotspot/share/runtime/reflection.cpp, line 1247]
Event: 1709.099 Thread 0x000001ddd2672800 Exception <a 'java/lang/ClassNotFoundException'{0x0000000085854ea0}: java/lang/ObjectCustomizer> (0x0000000085854ea0) thrown at [./src/hotspot/share/classfile/systemDictionary.cpp, line 231]
Event: 1709.100 Thread 0x000001ddd2672800 Exception <a 'java/lang/ClassNotFoundException'{0x00000000858676d0}: com/example/demo/entity/productCustomizer> (0x00000000858676d0) thrown at [./src/hotspot/share/classfile/systemDictionary.cpp, line 231]
Event: 1709.103 Thread 0x000001ddd2672800 Exception <a 'java/lang/ClassNotFoundException'{0x00000000858df950}: java/lang/ObjectCustomizer> (0x00000000858df950) thrown at [./src/hotspot/share/classfile/systemDictionary.cpp, line 231]
Event: 1709.103 Thread 0x000001ddd2672800 Exception <a 'java/lang/ClassNotFoundException'{0x00000000858f2800}: com/example/demo/entity/categoryCustomizer> (0x00000000858f2800) thrown at [./src/hotspot/share/classfile/systemDictionary.cpp, line 231]
Event: 1709.142 Thread 0x000001ddd2672800 Exception <a 'java/lang/ClassNotFoundException'{0x0000000087d56210}: java/lang/ObjectCustomizer> (0x0000000087d56210) thrown at [./src/hotspot/share/classfile/systemDictionary.cpp, line 231]
Event: 1709.142 Thread 0x000001ddd2672800 Exception <a 'java/lang/ClassNotFoundException'{0x0000000087d70698}: org/springframework/security/config/annotation/web/configuration/WebSecurityConfigurerAdapterCustomizer> (0x0000000087d70698) thrown at [./src/hotspot/share/classfile/systemDictionary.cpp, line 231]
Event: 1709.143 Thread 0x000001ddd2672800 Exception <a 'java/lang/ClassNotFoundException'{0x0000000087d897a0}: com/example/demo/security/SecurityConfigCustomizer> (0x0000000087d897a0) thrown at [./src/hotspot/share/classfile/systemDictionary.cpp, line 231]
Event: 1709.143 Thread 0x000001ddd2672800 Exception <a 'java/lang/ClassNotFoundException'{0x0000000087da4d40}: com/example/demo/security/SecurityConfig$$EnhancerBySpringCGLIB$$2d91a8a2Customizer> (0x0000000087da4d40) thrown at [./src/hotspot/share/classfile/systemDictionary.cpp, line 231]
Event: 1709.144 Thread 0x000001ddd2672800 Exception <a 'java/lang/ClassNotFoundException'{0x0000000087dcc490}: org/springframework/context/annotation/ConfigurationClassEnhancer$EnhancedConfigurationCustomizer> (0x0000000087dcc490) thrown at [./src/hotspot/share/classfile/systemDictionary.cpp, line 231]
Event: 1709.145 Thread 0x000001ddd2672800 Exception <a 'java/lang/ClassNotFoundException'{0x0000000087dddb38}: org/springframework/beans/factory/BeanFactoryAwareCustomizer> (0x0000000087dddb38) thrown at [./src/hotspot/share/classfile/systemDictionary.cpp, line 231]
Event: 1709.145 Thread 0x000001ddd2672800 Exception <a 'java/lang/ClassNotFoundException'{0x0000000087dee5a8}: org/springframework/beans/factory/AwareCustomizer> (0x0000000087dee5a8) thrown at [./src/hotspot/share/classfile/systemDictionary.cpp, line 231]
Event: 1709.145 Thread 0x000001ddd2672800 Exception <a 'java/lang/ClassNotFoundException'{0x0000000087c02fa8}: org/springframework/security/config/annotation/web/WebSecurityConfigurerCustomizer> (0x0000000087c02fa8) thrown at [./src/hotspot/share/classfile/systemDictionary.cpp, line 231]
Event: 1709.145 Thread 0x000001ddd2672800 Exception <a 'java/lang/ClassNotFoundException'{0x0000000087c16a78}: org/springframework/security/config/annotation/SecurityConfigurerCustomizer> (0x0000000087c16a78) thrown at [./src/hotspot/share/classfile/systemDictionary.cpp, line 231]
Event: 1709.177 Thread 0x000001ddd2672800 Exception <a 'java/lang/ClassNotFoundException'{0x00000000879d48f0}: java/lang/ObjectCustomizer> (0x00000000879d48f0) thrown at [./src/hotspot/share/classfile/systemDictionary.cpp, line 231]
Event: 1709.178 Thread 0x000001ddd2672800 Exception <a 'java/lang/ClassNotFoundException'{0x00000000879e6fa8}: com/example/demo/entity/CartItemCustomizer> (0x00000000879e6fa8) thrown at [./src/hotspot/share/classfile/systemDictionary.cpp, line 231]
Event: 1709.184 Thread 0x000001ddd2672800 Exception <a 'java/lang/reflect/InvocationTargetException'{0x0000000087523ad0}> (0x0000000087523ad0) thrown at [./src/hotspot/share/runtime/reflection.cpp, line 1247]
Event: 1709.285 Thread 0x000001ddd2672800 Exception <a 'java/lang/ClassNotFoundException'{0x0000000086733f30}: java/lang/ObjectCustomizer> (0x0000000086733f30) thrown at [./src/hotspot/share/classfile/systemDictionary.cpp, line 231]
Event: 1709.286 Thread 0x000001ddd2672800 Exception <a 'java/lang/ClassNotFoundException'{0x0000000086745a18}: com/example/demo/entity/financeCustomizer> (0x0000000086745a18) thrown at [./src/hotspot/share/classfile/systemDictionary.cpp, line 231]

Events (20 events):
Event: 1713.070 Executing coalesced safepoint VM operation: RevokeBias done
Event: 1713.070 Executing VM operation: RevokeBias done
Event: 1713.071 Executing VM operation: RevokeBias
Event: 1713.071 Executing coalesced safepoint VM operation: RevokeBias
Event: 1713.071 Executing coalesced safepoint VM operation: RevokeBias done
Event: 1713.071 Executing coalesced safepoint VM operation: RevokeBias
Event: 1713.071 Executing coalesced safepoint VM operation: RevokeBias done
Event: 1713.071 Executing VM operation: RevokeBias done
Event: 1713.076 Executing VM operation: RevokeBias
Event: 1713.076 Executing VM operation: RevokeBias done
Event: 1713.078 Executing VM operation: RevokeBias
Event: 1713.078 Executing VM operation: RevokeBias done
Event: 1713.078 Executing VM operation: RevokeBias
Event: 1713.079 Executing VM operation: RevokeBias done
Event: 1713.079 Executing VM operation: RevokeBias
Event: 1713.079 Executing VM operation: RevokeBias done
Event: 1714.126 Executing VM operation: RevokeBias
Event: 1714.126 Executing VM operation: RevokeBias done
Event: 1714.126 Thread 0x000001ddd2675000 Thread exited: 0x000001ddd2675000
Event: 1714.984 Thread 0x000001ddd1093000 Thread added: 0x000001ddd1093000


Dynamic libraries:
0x00007ff6bbe70000 - 0x00007ff6bbe7d000 	C:\Program Files\AdoptOpenJDK\jdk-11.0.8.10-hotspot\bin\java.exe
0x00007ff9eb7f0000 - 0x00007ff9eb9e5000 	C:\WINDOWS\SYSTEM32\ntdll.dll
0x00007ff9eaba0000 - 0x00007ff9eac5e000 	C:\WINDOWS\System32\KERNEL32.DLL
0x00007ff9e9570000 - 0x00007ff9e9839000 	C:\WINDOWS\System32\KERNELBASE.dll
0x00007ff9e9030000 - 0x00007ff9e9130000 	C:\WINDOWS\System32\ucrtbase.dll
0x00007ff9e2da0000 - 0x00007ff9e2db7000 	C:\Program Files\AdoptOpenJDK\jdk-11.0.8.10-hotspot\bin\jli.dll
0x00007ff9eb580000 - 0x00007ff9eb721000 	C:\WINDOWS\System32\USER32.dll
0x00007ff9e92f0000 - 0x00007ff9e9312000 	C:\WINDOWS\System32\win32u.dll
0x00007ff9e9840000 - 0x00007ff9e986b000 	C:\WINDOWS\System32\GDI32.dll
0x00007ff9e91e0000 - 0x00007ff9e92eb000 	C:\WINDOWS\System32\gdi32full.dll
0x00007ff9e8f90000 - 0x00007ff9e902d000 	C:\WINDOWS\System32\msvcp_win.dll
0x00007ff9cd1a0000 - 0x00007ff9cd43a000 	C:\WINDOWS\WinSxS\amd64_microsoft.windows.common-controls_6595b64144ccf1df_6.0.19041.1110_none_60b5254171f9507e\COMCTL32.dll
0x00007ff9e9c10000 - 0x00007ff9e9cae000 	C:\WINDOWS\System32\msvcrt.dll
0x00007ff9e22c0000 - 0x00007ff9e22d5000 	C:\Program Files\AdoptOpenJDK\jdk-11.0.8.10-hotspot\bin\VCRUNTIME140.dll
0x00007ff9e9be0000 - 0x00007ff9e9c10000 	C:\WINDOWS\System32\IMM32.DLL
0x00007ff9d7c60000 - 0x00007ff9d7cfb000 	C:\Program Files\AdoptOpenJDK\jdk-11.0.8.10-hotspot\bin\msvcp140.dll
0x00007ff9a04f0000 - 0x00007ff9a0fad000 	C:\Program Files\AdoptOpenJDK\jdk-11.0.8.10-hotspot\bin\server\jvm.dll
0x00007ff9e9cb0000 - 0x00007ff9e9d5c000 	C:\WINDOWS\System32\ADVAPI32.dll
0x00007ff9eb310000 - 0x00007ff9eb3ab000 	C:\WINDOWS\System32\sechost.dll
0x00007ff9e9ab0000 - 0x00007ff9e9bda000 	C:\WINDOWS\System32\RPCRT4.dll
0x00007ff9eb3b0000 - 0x00007ff9eb3b8000 	C:\WINDOWS\System32\PSAPI.DLL
0x00007ff9d78e0000 - 0x00007ff9d78e9000 	C:\WINDOWS\SYSTEM32\WSOCK32.dll
0x00007ff9db690000 - 0x00007ff9db6b7000 	C:\WINDOWS\SYSTEM32\WINMM.dll
0x00007ff9e1dd0000 - 0x00007ff9e1dda000 	C:\WINDOWS\SYSTEM32\VERSION.dll
0x00007ff9eab30000 - 0x00007ff9eab9b000 	C:\WINDOWS\System32\WS2_32.dll
0x00007ff9e7790000 - 0x00007ff9e77a2000 	C:\WINDOWS\SYSTEM32\kernel.appcore.dll
0x00007ff9e64d0000 - 0x00007ff9e64e0000 	C:\Program Files\AdoptOpenJDK\jdk-11.0.8.10-hotspot\bin\verify.dll
0x00007ff9e6d10000 - 0x00007ff9e6ef4000 	C:\WINDOWS\SYSTEM32\DBGHELP.DLL
0x00007ff9ce810000 - 0x00007ff9ce83c000 	C:\WINDOWS\SYSTEM32\dbgcore.DLL
0x00007ff9e9320000 - 0x00007ff9e93a3000 	C:\WINDOWS\System32\bcryptPrimitives.dll
0x00007ff9e2290000 - 0x00007ff9e22b8000 	C:\Program Files\AdoptOpenJDK\jdk-11.0.8.10-hotspot\bin\java.dll
0x00007ff9e4380000 - 0x00007ff9e438a000 	C:\Program Files\AdoptOpenJDK\jdk-11.0.8.10-hotspot\bin\jimage.dll
0x00007ff9e4360000 - 0x00007ff9e436e000 	C:\Program Files\AdoptOpenJDK\jdk-11.0.8.10-hotspot\bin\instrument.dll
0x00007ff9e2240000 - 0x00007ff9e2257000 	C:\Program Files\AdoptOpenJDK\jdk-11.0.8.10-hotspot\bin\zip.dll
0x00007ff9e9d60000 - 0x00007ff9ea49f000 	C:\WINDOWS\System32\SHELL32.dll
0x00007ff9e6ff0000 - 0x00007ff9e7780000 	C:\WINDOWS\SYSTEM32\windows.storage.dll
0x00007ff9eaea0000 - 0x00007ff9eb1f5000 	C:\WINDOWS\System32\combase.dll
0x00007ff9e8890000 - 0x00007ff9e88bc000 	C:\WINDOWS\SYSTEM32\Wldp.dll
0x00007ff9eb260000 - 0x00007ff9eb30e000 	C:\WINDOWS\System32\SHCORE.dll
0x00007ff9eb200000 - 0x00007ff9eb255000 	C:\WINDOWS\System32\shlwapi.dll
0x00007ff9e8e50000 - 0x00007ff9e8e6f000 	C:\WINDOWS\SYSTEM32\profapi.dll
0x00007ff9e21c0000 - 0x00007ff9e21d9000 	C:\Program Files\AdoptOpenJDK\jdk-11.0.8.10-hotspot\bin\net.dll
0x00007ff9de220000 - 0x00007ff9de328000 	C:\WINDOWS\SYSTEM32\WINHTTP.dll
0x00007ff9e85f0000 - 0x00007ff9e865a000 	C:\WINDOWS\system32\mswsock.dll
0x00007ff9e21a0000 - 0x00007ff9e21b2000 	C:\Program Files\AdoptOpenJDK\jdk-11.0.8.10-hotspot\bin\nio.dll
0x00007ff9e2180000 - 0x00007ff9e219a000 	D:\IntelliJ IDEA 2021.1\bin\breakgen64.dll
0x00007ff9e2d50000 - 0x00007ff9e2d59000 	C:\Program Files\AdoptOpenJDK\jdk-11.0.8.10-hotspot\bin\management.dll
0x00007ff9e2c30000 - 0x00007ff9e2c3b000 	C:\Program Files\AdoptOpenJDK\jdk-11.0.8.10-hotspot\bin\management_ext.dll
0x00007ff9d89b0000 - 0x00007ff9d89c7000 	C:\WINDOWS\system32\napinsp.dll
0x00007ff9b2d10000 - 0x00007ff9b2d2b000 	C:\WINDOWS\system32\pnrpnsp.dll
0x00007ff9e3810000 - 0x00007ff9e3825000 	C:\WINDOWS\system32\wshbth.dll
0x00007ff9e4230000 - 0x00007ff9e424d000 	C:\WINDOWS\system32\NLAapi.dll
0x00007ff9e82e0000 - 0x00007ff9e831b000 	C:\WINDOWS\SYSTEM32\IPHLPAPI.DLL
0x00007ff9e8320000 - 0x00007ff9e83ec000 	C:\WINDOWS\SYSTEM32\DNSAPI.dll
0x00007ff9eb570000 - 0x00007ff9eb578000 	C:\WINDOWS\System32\NSI.dll
0x00007ff9b2cf0000 - 0x00007ff9b2d02000 	C:\WINDOWS\System32\winrnr.dll
0x00007ff9e13e0000 - 0x00007ff9e13ea000 	C:\Windows\System32\rasadhlp.dll
0x00007ff9def80000 - 0x00007ff9defff000 	C:\WINDOWS\System32\fwpuclnt.dll
0x00007ff9e8f60000 - 0x00007ff9e8f87000 	C:\WINDOWS\System32\bcrypt.dll
0x0000000180000000 - 0x0000000180285000 	D:\apache-tomcat-9.0.37\bin\tcnative-1.dll
0x00007ff9e93b0000 - 0x00007ff9e9506000 	C:\WINDOWS\System32\CRYPT32.dll
0x00007ff9e87f0000 - 0x00007ff9e8808000 	C:\WINDOWS\SYSTEM32\CRYPTSP.dll
0x00007ff9e7f70000 - 0x00007ff9e7fa4000 	C:\WINDOWS\system32\rsaenh.dll
0x00007ff9e8e10000 - 0x00007ff9e8e3e000 	C:\WINDOWS\SYSTEM32\USERENV.dll
0x00007ff9e87e0000 - 0x00007ff9e87ec000 	C:\WINDOWS\SYSTEM32\CRYPTBASE.dll
0x00007ff9e0010000 - 0x00007ff9e0027000 	C:\WINDOWS\SYSTEM32\dhcpcsvc6.DLL
0x00007ff9e0730000 - 0x00007ff9e074d000 	C:\WINDOWS\SYSTEM32\dhcpcsvc.DLL
0x00007ff9e2280000 - 0x00007ff9e228e000 	C:\Program Files\AdoptOpenJDK\jdk-11.0.8.10-hotspot\bin\sunmscapi.dll
0x00007ff9e8900000 - 0x00007ff9e8927000 	C:\WINDOWS\SYSTEM32\ncrypt.dll
0x00007ff9e88c0000 - 0x00007ff9e88fb000 	C:\WINDOWS\SYSTEM32\NTASN1.dll
0x00007ff9de1f0000 - 0x00007ff9de215000 	C:\Program Files\AdoptOpenJDK\jdk-11.0.8.10-hotspot\bin\sunec.dll

dbghelp: loaded successfully - version: 4.0.5 - missing functions: none
symbol engine: initialized successfully - sym options: 0x614 - pdb path: .;C:\Program Files\AdoptOpenJDK\jdk-11.0.8.10-hotspot\bin;C:\WINDOWS\SYSTEM32;C:\WINDOWS\WinSxS\amd64_microsoft.windows.common-controls_6595b64144ccf1df_6.0.19041.1110_none_60b5254171f9507e;C:\Program Files\AdoptOpenJDK\jdk-11.0.8.10-hotspot\bin\server;D:\IntelliJ IDEA 2021.1\bin;D:\apache-tomcat-9.0.37\bin

VM Arguments:
jvm_args: -javaagent:D:\IntelliJ IDEA 2021.1\lib\idea_rt.jar=64123:D:\IntelliJ IDEA 2021.1\bin -Dfile.encoding=UTF-8 
java_command: com.example.demo.SpringbootProjectApplication
java_class_path (initial): C:\Users\Admin\eclipse-workspace\Springboot_project\target\classes;C:\Users\Admin\.m2\repository\org\springframework\boot\spring-boot-starter-security\2.4.5\spring-boot-starter-security-2.4.5.jar;C:\Users\Admin\.m2\repository\org\springframework\boot\spring-boot-starter\2.4.5\spring-boot-starter-2.4.5.jar;C:\Users\Admin\.m2\repository\org\springframework\boot\spring-boot-starter-logging\2.4.5\spring-boot-starter-logging-2.4.5.jar;C:\Users\Admin\.m2\repository\ch\qos\logback\logback-classic\1.2.3\logback-classic-1.2.3.jar;C:\Users\Admin\.m2\repository\ch\qos\logback\logback-core\1.2.3\logback-core-1.2.3.jar;C:\Users\Admin\.m2\repository\org\apache\logging\log4j\log4j-to-slf4j\2.13.3\log4j-to-slf4j-2.13.3.jar;C:\Users\Admin\.m2\repository\org\apache\logging\log4j\log4j-api\2.13.3\log4j-api-2.13.3.jar;C:\Users\Admin\.m2\repository\org\slf4j\jul-to-slf4j\1.7.30\jul-to-slf4j-1.7.30.jar;C:\Users\Admin\.m2\repository\jakarta\annotation\jakarta.annotation-api\1.3.5\jakarta.annotation-api-1.3.5.jar;C:\Users\Admin\.m2\repository\org\yaml\snakeyaml\1.27\snakeyaml-1.27.jar;C:\Users\Admin\.m2\repository\org\springframework\spring-aop\5.3.6\spring-aop-5.3.6.jar;C:\Users\Admin\.m2\repository\org\springframework\spring-beans\5.3.6\spring-beans-5.3.6.jar;C:\Users\Admin\.m2\repository\org\springframework\security\spring-security-config\5.4.6\spring-security-config-5.4.6.jar;C:\Users\Admin\.m2\repository\org\springframework\spring-context\5.3.6\spring-context-5.3.6.jar;C:\Users\Admin\.m2\repository\org\springframework\security\spring-security-web\5.4.6\spring-security-web-5.4.6.jar;C:\Users\Admin\.m2\repository\org\springframework\spring-expression\5.3.6\spring-expression-5.3.6.jar;C:\Users\Admin\.m2\repository\org\springframework\boot\spring-boot-starter-thymeleaf\2.4.5\spring-boot-starter-thymeleaf-2.4.5.jar;C:\Users\Admin\.m2\repository\org\thymeleaf\thymeleaf-spring5\3.0.12.RELEASE\thymeleaf-spring5-3.0.12.RELEASE.jar;C:\Users\Admin\.m2\repository\org\
Launcher Type: SUN_STANDARD

[Global flags]
     intx CICompilerCount                          = 4                                         {product} {ergonomic}
     uint ConcGCThreads                            = 2                                         {product} {ergonomic}
     uint G1ConcRefinementThreads                  = 8                                         {product} {ergonomic}
   size_t G1HeapRegionSize                         = 1048576                                   {product} {ergonomic}
    uintx GCDrainStackTargetSize                   = 64                                        {product} {ergonomic}
   size_t InitialHeapSize                          = 134217728                                 {product} {ergonomic}
   size_t MarkStackSize                            = 4194304                                   {product} {ergonomic}
   size_t MaxHeapSize                              = 2118123520                                {product} {ergonomic}
   size_t MaxNewSize                               = 1270874112                                {product} {ergonomic}
   size_t MinHeapDeltaBytes                        = 1048576                                   {product} {ergonomic}
    uintx NonNMethodCodeHeapSize                   = 5836300                                {pd product} {ergonomic}
    uintx NonProfiledCodeHeapSize                  = 122910970                              {pd product} {ergonomic}
    uintx ProfiledCodeHeapSize                     = 122910970                              {pd product} {ergonomic}
    uintx ReservedCodeCacheSize                    = 251658240                              {pd product} {ergonomic}
     bool SegmentedCodeCache                       = true                                      {product} {ergonomic}
     bool UseCompressedClassPointers               = true                                 {lp64_product} {ergonomic}
     bool UseCompressedOops                        = true                                 {lp64_product} {ergonomic}
     bool UseG1GC                                  = true                                      {product} {ergonomic}
     bool UseLargePagesIndividualAllocation        = false                                  {pd product} {ergonomic}

Logging:
Log output configuration:
 #0: stdout all=warning uptime,level,tags
 #1: stderr all=off uptime,level,tags

Environment Variables:
JAVA_HOME=C:\Program Files\AdoptOpenJDK\jdk-11.0.8.10-hotspot\
PATH=C:\Program Files\AdoptOpenJDK\jdk-11.0.8.10-hotspot\bin;C:\WINDOWS\system32;C:\WINDOWS;C:\WINDOWS\System32\Wbem;C:\WINDOWS\System32\WindowsPowerShell\v1.0\;C:\WINDOWS\System32\OpenSSH\;C:\Program Files (x86)\Microsoft SQL Server\110\Tools\Binn\ManagementStudio\;C:\Program Files (x86)\Microsoft SQL Server\110\Tools\Binn\;C:\Program Files\Microsoft SQL Server\110\Tools\Binn\;C:\Program Files (x86)\Microsoft SQL Server\110\DTS\Binn\;C:\Program Files\Microsoft SQL Server\Client SDK\ODBC\110\Tools\Binn\;C:\Program Files (x86)\Microsoft SQL Server\120\Tools\Binn\;C:\Program Files\Microsoft SQL Server\120\Tools\Binn\;C:\Program Files\Microsoft SQL Server\120\DTS\Binn\;C:\Program Files (x86)\Microsoft SQL Server\120\Tools\Binn\ManagementStudio\;C:\Program Files (x86)\Microsoft SQL Server\120\DTS\Binn\;C:\Users\Admin\Downloads\apache-maven-3.6.0;C:\Users\Admin\Downloads\apache-maven-3.6.0\bin;C:\Program Files\NVIDIA Corporation\NVIDIA NvDLISR;C:\Program Files (x86)\NVIDIA Corporation\PhysX\Common;C:\Users\Admin\Downloads\apache-maven-3.6.0\bin;C:\Program Files\nodejs\;C:\Program Files\Git\cmd;C:\WINDOWS\system32;C:\WINDOWS;C:\WINDOWS\System32\Wbem;C:\WINDOWS\System32\WindowsPowerShell\v1.0\;C:\WINDOWS\System32\OpenSSH\;C:\Users\Admin\AppData\Local\Microsoft\WindowsApps;C:\Users\Admin\AppData\Local\Programs\Microsoft VS Code\bin;D:\apache-tomcat-9.0.37\bin;C:\Users\Admin\AppData\Roaming\npm;
USERNAME=Admin
OS=Windows_NT
PROCESSOR_IDENTIFIER=Intel64 Family 6 Model 158 Stepping 10, GenuineIntel



---------------  S Y S T E M  ---------------

OS: Windows 10 , 64 bit Build 19041 (10.0.19041.1202)
OS uptime: 11 days 22:09 hours

CPU:total 8 (initial active 8) (4 cores per cpu, 2 threads per core) family 6 model 158 stepping 10, cmov, cx8, fxsr, mmx, sse, sse2, sse3, ssse3, sse4.1, sse4.2, popcnt, avx, avx2, aes, clmul, erms, 3dnowpref, lzcnt, ht, tsc, tscinvbit, bmi1, bmi2, adx, fma

Memory: 4k page, system-wide physical 8072M (516M free)
TotalPageFile size 12168M (AvailPageFile size 1M)
current process WorkingSet (physical memory assigned to process): 358M, peak: 402M
current process commit charge ("private bytes"): 415M, peak: 475M

vm_info: OpenJDK 64-Bit Server VM (11.0.8+10) for windows-amd64 JRE (11.0.8+10), built on Jul 15 2020 11:45:54 by "" with MS VC++ 15.9 (VS2017)

END.
