#
# There is insufficient memory for the Java Runtime Environment to continue.
# Native memory allocation (malloc) failed to allocate 32744 bytes for ChunkPool::allocate
# Possible reasons:
#   The system is out of physical RAM or swap space
#   The process is running with CompressedOops enabled, and the Java Heap may be blocking the growth of the native heap
# Possible solutions:
#   Reduce memory load on the system
#   Increase physical memory or swap space
#   Check if swap backing store is full
#   Decrease Java heap size (-Xmx/-Xms)
#   Decrease number of Java threads
#   Decrease Java thread stack sizes (-Xss)
#   Set larger code cache with -XX:ReservedCodeCacheSize=
#   JVM is running with Unscaled Compressed Oops mode in which the Java heap is
#     placed in the first 4GB address space. The Java Heap base address is the
#     maximum limit for the native heap growth. Please use -XX:HeapBaseMinAddress
#     to set the Java Heap base and to place the Java Heap above 4GB virtual address.
# This output file may be truncated or incomplete.
#
#  Out of Memory Error (./src/hotspot/share/memory/arena.cpp:81), pid=15628, tid=13392
#
# JRE version: OpenJDK Runtime Environment AdoptOpenJDK (11.0.8+10) (build 11.0.8+10)
# Java VM: OpenJDK 64-Bit Server VM AdoptOpenJDK (11.0.8+10, mixed mode, tiered, compressed oops, g1 gc, windows-amd64)
# No core dump will be written. Minidumps are not enabled by default on client versions of Windows
#

---------------  S U M M A R Y ------------

Command Line: -javaagent:D:\IntelliJ IDEA 2021.1\lib\idea_rt.jar=51277:D:\IntelliJ IDEA 2021.1\bin -Dfile.encoding=UTF-8 com.example.demo.SpringbootProjectApplication

Host: Intel(R) Core(TM) i5-9300H CPU @ 2.40GHz, 8 cores, 7G,  Windows 10 , 64 bit Build 19041 (10.0.19041.1151)
Time: Sat Sep  4 16:00:03 2021 SE Asia Standard Time elapsed time: 0 seconds (0d 0h 0m 0s)

---------------  T H R E A D  ---------------

Current thread (0x000001ff7f833000):  JavaThread "C2 CompilerThread0" daemon [_thread_in_native, id=13392, stack(0x0000003f58000000,0x0000003f58100000)]


Current CompileTask:
C2:    383  509       4       java.lang.StringLatin1::replace (196 bytes)

Stack: [0x0000003f58000000,0x0000003f58100000]
Native frames: (J=compiled Java code, j=interpreted, Vv=VM code, C=native code)
V  [jvm.dll+0x5dfa5a]
V  [jvm.dll+0x7175ce]
V  [jvm.dll+0x718c9f]
V  [jvm.dll+0x719363]
V  [jvm.dll+0x240e48]
V  [jvm.dll+0xb9a4b]
V  [jvm.dll+0xb9dac]
V  [jvm.dll+0x4e5acb]
V  [jvm.dll+0x3141a2]
V  [jvm.dll+0x3134ba]
V  [jvm.dll+0x1fa925]
V  [jvm.dll+0x1f9adf]
V  [jvm.dll+0x17e4ec]
V  [jvm.dll+0x208f27]
V  [jvm.dll+0x20710b]
V  [jvm.dll+0x6dc339]
V  [jvm.dll+0x6d53e4]
V  [jvm.dll+0x5de996]
C  [ucrtbase.dll+0x21bb2]
C  [KERNEL32.DLL+0x17034]
C  [ntdll.dll+0x52651]


---------------  P R O C E S S  ---------------

Threads class SMR info:
_java_thread_list=0x000001ff7faedcc0, length=12, elements={
0x000001ff628ac000, 0x000001ff7f81b000, 0x000001ff7f824800, 0x000001ff7f830800,
0x000001ff7f831800, 0x000001ff7f833000, 0x000001ff7f838800, 0x000001ff7f982800,
0x000001ff7faf2000, 0x000001ff7fba5000, 0x000001ff7fba4000, 0x000001ff04a32000
}

Java Threads: ( => current thread )
  0x000001ff628ac000 JavaThread "main" [_thread_in_vm, id=7520, stack(0x0000003f57500000,0x0000003f57600000)]
  0x000001ff7f81b000 JavaThread "Reference Handler" daemon [_thread_blocked, id=656, stack(0x0000003f57c00000,0x0000003f57d00000)]
  0x000001ff7f824800 JavaThread "Finalizer" daemon [_thread_blocked, id=11380, stack(0x0000003f57d00000,0x0000003f57e00000)]
  0x000001ff7f830800 JavaThread "Signal Dispatcher" daemon [_thread_blocked, id=15076, stack(0x0000003f57e00000,0x0000003f57f00000)]
  0x000001ff7f831800 JavaThread "Attach Listener" daemon [_thread_blocked, id=10924, stack(0x0000003f57f00000,0x0000003f58000000)]
=>0x000001ff7f833000 JavaThread "C2 CompilerThread0" daemon [_thread_in_native, id=13392, stack(0x0000003f58000000,0x0000003f58100000)]
  0x000001ff7f838800 JavaThread "C1 CompilerThread0" daemon [_thread_in_native, id=2300, stack(0x0000003f58100000,0x0000003f58200000)]
  0x000001ff7f982800 JavaThread "Sweeper thread" daemon [_thread_blocked, id=7008, stack(0x0000003f58200000,0x0000003f58300000)]
  0x000001ff7faf2000 JavaThread "Common-Cleaner" daemon [_thread_blocked, id=12228, stack(0x0000003f58300000,0x0000003f58400000)]
  0x000001ff7fba5000 JavaThread "C2 CompilerThread1" daemon [_thread_in_native, id=6776, stack(0x0000003f58400000,0x0000003f58500000)]
  0x000001ff7fba4000 JavaThread "Monitor Ctrl-Break" daemon [_thread_in_native, id=3720, stack(0x0000003f58500000,0x0000003f58600000)]
  0x000001ff04a32000 JavaThread "Service Thread" daemon [_thread_blocked, id=1612, stack(0x0000003f58600000,0x0000003f58700000)]

Other Threads:
  0x000001ff7f7f5000 VMThread "VM Thread" [stack: 0x0000003f57b00000,0x0000003f57c00000] [id=10912]
  0x000001ff04abf800 WatcherThread [stack: 0x0000003f58700000,0x0000003f58800000] [id=2276]
  0x000001ff628c5800 GCTaskThread "GC Thread#0" [stack: 0x0000003f57600000,0x0000003f57700000] [id=16932]
  0x000001ff628f6000 ConcurrentGCThread "G1 Main Marker" [stack: 0x0000003f57700000,0x0000003f57800000] [id=9824]
  0x000001ff628f7800 ConcurrentGCThread "G1 Conc#0" [stack: 0x0000003f57800000,0x0000003f57900000] [id=4372]
  0x000001ff7f662800 ConcurrentGCThread "G1 Refine#0" [stack: 0x0000003f57900000,0x0000003f57a00000] [id=16908]
  0x000001ff6297b800 ConcurrentGCThread "G1 Young RemSet Sampling" [stack: 0x0000003f57a00000,0x0000003f57b00000] [id=16412]

Threads with active compile tasks:
C2 CompilerThread0    403  509       4       java.lang.StringLatin1::replace (196 bytes)
C1 CompilerThread0    403  515       3       java.net.URLStreamHandler::parseURL (1201 bytes)
C2 CompilerThread1    403  511 %     4       java.lang.StringLatin1::indexOf @ 14 (121 bytes)

VM state:not at safepoint (normal execution)

VM Mutex/Monitor currently owned by a thread:  ([mutex/lock_event])
[0x000001ff628a86f0] SymbolTable_lock - owner thread: 0x000001ff628ac000

Heap address: 0x0000000081c00000, size: 2020 MB, Compressed Oops mode: 32-bit
Narrow klass base: 0x0000000000000000, Narrow klass shift: 3
Compressed class space size: 1073741824 Address: 0x0000000100000000

Heap:
 garbage-first heap   total 131072K, used 10240K [0x0000000081c00000, 0x0000000100000000)
  region size 1024K, 11 young (11264K), 0 survivors (0K)
 Metaspace       used 8474K, capacity 8553K, committed 8704K, reserved 1060864K
  class space    used 756K, capacity 768K, committed 768K, reserved 1048576K
Heap Regions: E=young(eden), S=young(survivor), O=old, HS=humongous(starts), HC=humongous(continues), CS=collection set, F=free, A=archive, TAMS=top-at-mark-start (previous, next)
|   0|0x0000000081c00000, 0x0000000081d00000, 0x0000000081d00000|100%|HS|  |TAMS 0x0000000081c00000, 0x0000000081c00000| Complete 
|   1|0x0000000081d00000, 0x0000000081d00000, 0x0000000081e00000|  0%| F|  |TAMS 0x0000000081d00000, 0x0000000081d00000| Untracked 
|   2|0x0000000081e00000, 0x0000000081e00000, 0x0000000081f00000|  0%| F|  |TAMS 0x0000000081e00000, 0x0000000081e00000| Untracked 
|   3|0x0000000081f00000, 0x0000000081f00000, 0x0000000082000000|  0%| F|  |TAMS 0x0000000081f00000, 0x0000000081f00000| Untracked 
|   4|0x0000000082000000, 0x0000000082000000, 0x0000000082100000|  0%| F|  |TAMS 0x0000000082000000, 0x0000000082000000| Untracked 
|   5|0x0000000082100000, 0x0000000082100000, 0x0000000082200000|  0%| F|  |TAMS 0x0000000082100000, 0x0000000082100000| Untracked 
|   6|0x0000000082200000, 0x0000000082200000, 0x0000000082300000|  0%| F|  |TAMS 0x0000000082200000, 0x0000000082200000| Untracked 
|   7|0x0000000082300000, 0x0000000082300000, 0x0000000082400000|  0%| F|  |TAMS 0x0000000082300000, 0x0000000082300000| Untracked 
|   8|0x0000000082400000, 0x0000000082400000, 0x0000000082500000|  0%| F|  |TAMS 0x0000000082400000, 0x0000000082400000| Untracked 
|   9|0x0000000082500000, 0x0000000082500000, 0x0000000082600000|  0%| F|  |TAMS 0x0000000082500000, 0x0000000082500000| Untracked 
|  10|0x0000000082600000, 0x0000000082600000, 0x0000000082700000|  0%| F|  |TAMS 0x0000000082600000, 0x0000000082600000| Untracked 
|  11|0x0000000082700000, 0x0000000082700000, 0x0000000082800000|  0%| F|  |TAMS 0x0000000082700000, 0x0000000082700000| Untracked 
|  12|0x0000000082800000, 0x0000000082800000, 0x0000000082900000|  0%| F|  |TAMS 0x0000000082800000, 0x0000000082800000| Untracked 
|  13|0x0000000082900000, 0x0000000082900000, 0x0000000082a00000|  0%| F|  |TAMS 0x0000000082900000, 0x0000000082900000| Untracked 
|  14|0x0000000082a00000, 0x0000000082a00000, 0x0000000082b00000|  0%| F|  |TAMS 0x0000000082a00000, 0x0000000082a00000| Untracked 
|  15|0x0000000082b00000, 0x0000000082b00000, 0x0000000082c00000|  0%| F|  |TAMS 0x0000000082b00000, 0x0000000082b00000| Untracked 
|  16|0x0000000082c00000, 0x0000000082c00000, 0x0000000082d00000|  0%| F|  |TAMS 0x0000000082c00000, 0x0000000082c00000| Untracked 
|  17|0x0000000082d00000, 0x0000000082d00000, 0x0000000082e00000|  0%| F|  |TAMS 0x0000000082d00000, 0x0000000082d00000| Untracked 
|  18|0x0000000082e00000, 0x0000000082e00000, 0x0000000082f00000|  0%| F|  |TAMS 0x0000000082e00000, 0x0000000082e00000| Untracked 
|  19|0x0000000082f00000, 0x0000000082f00000, 0x0000000083000000|  0%| F|  |TAMS 0x0000000082f00000, 0x0000000082f00000| Untracked 
|  20|0x0000000083000000, 0x0000000083000000, 0x0000000083100000|  0%| F|  |TAMS 0x0000000083000000, 0x0000000083000000| Untracked 
|  21|0x0000000083100000, 0x0000000083100000, 0x0000000083200000|  0%| F|  |TAMS 0x0000000083100000, 0x0000000083100000| Untracked 
|  22|0x0000000083200000, 0x0000000083200000, 0x0000000083300000|  0%| F|  |TAMS 0x0000000083200000, 0x0000000083200000| Untracked 
|  23|0x0000000083300000, 0x0000000083300000, 0x0000000083400000|  0%| F|  |TAMS 0x0000000083300000, 0x0000000083300000| Untracked 
|  24|0x0000000083400000, 0x0000000083400000, 0x0000000083500000|  0%| F|  |TAMS 0x0000000083400000, 0x0000000083400000| Untracked 
|  25|0x0000000083500000, 0x0000000083500000, 0x0000000083600000|  0%| F|  |TAMS 0x0000000083500000, 0x0000000083500000| Untracked 
|  26|0x0000000083600000, 0x0000000083600000, 0x0000000083700000|  0%| F|  |TAMS 0x0000000083600000, 0x0000000083600000| Untracked 
|  27|0x0000000083700000, 0x0000000083700000, 0x0000000083800000|  0%| F|  |TAMS 0x0000000083700000, 0x0000000083700000| Untracked 
|  28|0x0000000083800000, 0x0000000083800000, 0x0000000083900000|  0%| F|  |TAMS 0x0000000083800000, 0x0000000083800000| Untracked 
|  29|0x0000000083900000, 0x0000000083900000, 0x0000000083a00000|  0%| F|  |TAMS 0x0000000083900000, 0x0000000083900000| Untracked 
|  30|0x0000000083a00000, 0x0000000083a00000, 0x0000000083b00000|  0%| F|  |TAMS 0x0000000083a00000, 0x0000000083a00000| Untracked 
|  31|0x0000000083b00000, 0x0000000083b00000, 0x0000000083c00000|  0%| F|  |TAMS 0x0000000083b00000, 0x0000000083b00000| Untracked 
|  32|0x0000000083c00000, 0x0000000083c00000, 0x0000000083d00000|  0%| F|  |TAMS 0x0000000083c00000, 0x0000000083c00000| Untracked 
|  33|0x0000000083d00000, 0x0000000083d00000, 0x0000000083e00000|  0%| F|  |TAMS 0x0000000083d00000, 0x0000000083d00000| Untracked 
|  34|0x0000000083e00000, 0x0000000083e00000, 0x0000000083f00000|  0%| F|  |TAMS 0x0000000083e00000, 0x0000000083e00000| Untracked 
|  35|0x0000000083f00000, 0x0000000083f00000, 0x0000000084000000|  0%| F|  |TAMS 0x0000000083f00000, 0x0000000083f00000| Untracked 
|  36|0x0000000084000000, 0x0000000084000000, 0x0000000084100000|  0%| F|  |TAMS 0x0000000084000000, 0x0000000084000000| Untracked 
|  37|0x0000000084100000, 0x0000000084100000, 0x0000000084200000|  0%| F|  |TAMS 0x0000000084100000, 0x0000000084100000| Untracked 
|  38|0x0000000084200000, 0x0000000084200000, 0x0000000084300000|  0%| F|  |TAMS 0x0000000084200000, 0x0000000084200000| Untracked 
|  39|0x0000000084300000, 0x0000000084300000, 0x0000000084400000|  0%| F|  |TAMS 0x0000000084300000, 0x0000000084300000| Untracked 
|  40|0x0000000084400000, 0x0000000084400000, 0x0000000084500000|  0%| F|  |TAMS 0x0000000084400000, 0x0000000084400000| Untracked 
|  41|0x0000000084500000, 0x0000000084500000, 0x0000000084600000|  0%| F|  |TAMS 0x0000000084500000, 0x0000000084500000| Untracked 
|  42|0x0000000084600000, 0x0000000084600000, 0x0000000084700000|  0%| F|  |TAMS 0x0000000084600000, 0x0000000084600000| Untracked 
|  43|0x0000000084700000, 0x0000000084700000, 0x0000000084800000|  0%| F|  |TAMS 0x0000000084700000, 0x0000000084700000| Untracked 
|  44|0x0000000084800000, 0x0000000084800000, 0x0000000084900000|  0%| F|  |TAMS 0x0000000084800000, 0x0000000084800000| Untracked 
|  45|0x0000000084900000, 0x0000000084900000, 0x0000000084a00000|  0%| F|  |TAMS 0x0000000084900000, 0x0000000084900000| Untracked 
|  46|0x0000000084a00000, 0x0000000084a00000, 0x0000000084b00000|  0%| F|  |TAMS 0x0000000084a00000, 0x0000000084a00000| Untracked 
|  47|0x0000000084b00000, 0x0000000084b00000, 0x0000000084c00000|  0%| F|  |TAMS 0x0000000084b00000, 0x0000000084b00000| Untracked 
|  48|0x0000000084c00000, 0x0000000084c00000, 0x0000000084d00000|  0%| F|  |TAMS 0x0000000084c00000, 0x0000000084c00000| Untracked 
|  49|0x0000000084d00000, 0x0000000084d00000, 0x0000000084e00000|  0%| F|  |TAMS 0x0000000084d00000, 0x0000000084d00000| Untracked 
|  50|0x0000000084e00000, 0x0000000084e00000, 0x0000000084f00000|  0%| F|  |TAMS 0x0000000084e00000, 0x0000000084e00000| Untracked 
|  51|0x0000000084f00000, 0x0000000084f00000, 0x0000000085000000|  0%| F|  |TAMS 0x0000000084f00000, 0x0000000084f00000| Untracked 
|  52|0x0000000085000000, 0x0000000085000000, 0x0000000085100000|  0%| F|  |TAMS 0x0000000085000000, 0x0000000085000000| Untracked 
|  53|0x0000000085100000, 0x0000000085100000, 0x0000000085200000|  0%| F|  |TAMS 0x0000000085100000, 0x0000000085100000| Untracked 
|  54|0x0000000085200000, 0x0000000085200000, 0x0000000085300000|  0%| F|  |TAMS 0x0000000085200000, 0x0000000085200000| Untracked 
|  55|0x0000000085300000, 0x0000000085300000, 0x0000000085400000|  0%| F|  |TAMS 0x0000000085300000, 0x0000000085300000| Untracked 
|  56|0x0000000085400000, 0x0000000085400000, 0x0000000085500000|  0%| F|  |TAMS 0x0000000085400000, 0x0000000085400000| Untracked 
|  57|0x0000000085500000, 0x0000000085500000, 0x0000000085600000|  0%| F|  |TAMS 0x0000000085500000, 0x0000000085500000| Untracked 
|  58|0x0000000085600000, 0x0000000085600000, 0x0000000085700000|  0%| F|  |TAMS 0x0000000085600000, 0x0000000085600000| Untracked 
|  59|0x0000000085700000, 0x0000000085700000, 0x0000000085800000|  0%| F|  |TAMS 0x0000000085700000, 0x0000000085700000| Untracked 
|  60|0x0000000085800000, 0x0000000085800000, 0x0000000085900000|  0%| F|  |TAMS 0x0000000085800000, 0x0000000085800000| Untracked 
|  61|0x0000000085900000, 0x0000000085900000, 0x0000000085a00000|  0%| F|  |TAMS 0x0000000085900000, 0x0000000085900000| Untracked 
|  62|0x0000000085a00000, 0x0000000085a00000, 0x0000000085b00000|  0%| F|  |TAMS 0x0000000085a00000, 0x0000000085a00000| Untracked 
|  63|0x0000000085b00000, 0x0000000085b00000, 0x0000000085c00000|  0%| F|  |TAMS 0x0000000085b00000, 0x0000000085b00000| Untracked 
|  64|0x0000000085c00000, 0x0000000085c00000, 0x0000000085d00000|  0%| F|  |TAMS 0x0000000085c00000, 0x0000000085c00000| Untracked 
|  65|0x0000000085d00000, 0x0000000085d00000, 0x0000000085e00000|  0%| F|  |TAMS 0x0000000085d00000, 0x0000000085d00000| Untracked 
|  66|0x0000000085e00000, 0x0000000085e00000, 0x0000000085f00000|  0%| F|  |TAMS 0x0000000085e00000, 0x0000000085e00000| Untracked 
|  67|0x0000000085f00000, 0x0000000085f00000, 0x0000000086000000|  0%| F|  |TAMS 0x0000000085f00000, 0x0000000085f00000| Untracked 
|  68|0x0000000086000000, 0x0000000086000000, 0x0000000086100000|  0%| F|  |TAMS 0x0000000086000000, 0x0000000086000000| Untracked 
|  69|0x0000000086100000, 0x0000000086100000, 0x0000000086200000|  0%| F|  |TAMS 0x0000000086100000, 0x0000000086100000| Untracked 
|  70|0x0000000086200000, 0x0000000086200000, 0x0000000086300000|  0%| F|  |TAMS 0x0000000086200000, 0x0000000086200000| Untracked 
|  71|0x0000000086300000, 0x0000000086300000, 0x0000000086400000|  0%| F|  |TAMS 0x0000000086300000, 0x0000000086300000| Untracked 
|  72|0x0000000086400000, 0x0000000086400000, 0x0000000086500000|  0%| F|  |TAMS 0x0000000086400000, 0x0000000086400000| Untracked 
|  73|0x0000000086500000, 0x0000000086500000, 0x0000000086600000|  0%| F|  |TAMS 0x0000000086500000, 0x0000000086500000| Untracked 
|  74|0x0000000086600000, 0x0000000086600000, 0x0000000086700000|  0%| F|  |TAMS 0x0000000086600000, 0x0000000086600000| Untracked 
|  75|0x0000000086700000, 0x0000000086700000, 0x0000000086800000|  0%| F|  |TAMS 0x0000000086700000, 0x0000000086700000| Untracked 
|  76|0x0000000086800000, 0x0000000086800000, 0x0000000086900000|  0%| F|  |TAMS 0x0000000086800000, 0x0000000086800000| Untracked 
|  77|0x0000000086900000, 0x0000000086900000, 0x0000000086a00000|  0%| F|  |TAMS 0x0000000086900000, 0x0000000086900000| Untracked 
|  78|0x0000000086a00000, 0x0000000086a00000, 0x0000000086b00000|  0%| F|  |TAMS 0x0000000086a00000, 0x0000000086a00000| Untracked 
|  79|0x0000000086b00000, 0x0000000086b00000, 0x0000000086c00000|  0%| F|  |TAMS 0x0000000086b00000, 0x0000000086b00000| Untracked 
|  80|0x0000000086c00000, 0x0000000086c00000, 0x0000000086d00000|  0%| F|  |TAMS 0x0000000086c00000, 0x0000000086c00000| Untracked 
|  81|0x0000000086d00000, 0x0000000086d00000, 0x0000000086e00000|  0%| F|  |TAMS 0x0000000086d00000, 0x0000000086d00000| Untracked 
|  82|0x0000000086e00000, 0x0000000086e00000, 0x0000000086f00000|  0%| F|  |TAMS 0x0000000086e00000, 0x0000000086e00000| Untracked 
|  83|0x0000000086f00000, 0x0000000086f00000, 0x0000000087000000|  0%| F|  |TAMS 0x0000000086f00000, 0x0000000086f00000| Untracked 
|  84|0x0000000087000000, 0x0000000087000000, 0x0000000087100000|  0%| F|  |TAMS 0x0000000087000000, 0x0000000087000000| Untracked 
|  85|0x0000000087100000, 0x0000000087100000, 0x0000000087200000|  0%| F|  |TAMS 0x0000000087100000, 0x0000000087100000| Untracked 
|  86|0x0000000087200000, 0x0000000087200000, 0x0000000087300000|  0%| F|  |TAMS 0x0000000087200000, 0x0000000087200000| Untracked 
|  87|0x0000000087300000, 0x0000000087300000, 0x0000000087400000|  0%| F|  |TAMS 0x0000000087300000, 0x0000000087300000| Untracked 
|  88|0x0000000087400000, 0x0000000087400000, 0x0000000087500000|  0%| F|  |TAMS 0x0000000087400000, 0x0000000087400000| Untracked 
|  89|0x0000000087500000, 0x0000000087500000, 0x0000000087600000|  0%| F|  |TAMS 0x0000000087500000, 0x0000000087500000| Untracked 
|  90|0x0000000087600000, 0x0000000087600000, 0x0000000087700000|  0%| F|  |TAMS 0x0000000087600000, 0x0000000087600000| Untracked 
|  91|0x0000000087700000, 0x0000000087700000, 0x0000000087800000|  0%| F|  |TAMS 0x0000000087700000, 0x0000000087700000| Untracked 
|  92|0x0000000087800000, 0x0000000087800000, 0x0000000087900000|  0%| F|  |TAMS 0x0000000087800000, 0x0000000087800000| Untracked 
|  93|0x0000000087900000, 0x0000000087900000, 0x0000000087a00000|  0%| F|  |TAMS 0x0000000087900000, 0x0000000087900000| Untracked 
|  94|0x0000000087a00000, 0x0000000087a00000, 0x0000000087b00000|  0%| F|  |TAMS 0x0000000087a00000, 0x0000000087a00000| Untracked 
|  95|0x0000000087b00000, 0x0000000087b00000, 0x0000000087c00000|  0%| F|  |TAMS 0x0000000087b00000, 0x0000000087b00000| Untracked 
|  96|0x0000000087c00000, 0x0000000087c00000, 0x0000000087d00000|  0%| F|  |TAMS 0x0000000087c00000, 0x0000000087c00000| Untracked 
|  97|0x0000000087d00000, 0x0000000087d00000, 0x0000000087e00000|  0%| F|  |TAMS 0x0000000087d00000, 0x0000000087d00000| Untracked 
|  98|0x0000000087e00000, 0x0000000087e00000, 0x0000000087f00000|  0%| F|  |TAMS 0x0000000087e00000, 0x0000000087e00000| Untracked 
|  99|0x0000000087f00000, 0x0000000087f00000, 0x0000000088000000|  0%| F|  |TAMS 0x0000000087f00000, 0x0000000087f00000| Untracked 
| 100|0x0000000088000000, 0x0000000088000000, 0x0000000088100000|  0%| F|  |TAMS 0x0000000088000000, 0x0000000088000000| Untracked 
| 101|0x0000000088100000, 0x0000000088100000, 0x0000000088200000|  0%| F|  |TAMS 0x0000000088100000, 0x0000000088100000| Untracked 
| 102|0x0000000088200000, 0x0000000088200000, 0x0000000088300000|  0%| F|  |TAMS 0x0000000088200000, 0x0000000088200000| Untracked 
| 103|0x0000000088300000, 0x0000000088300000, 0x0000000088400000|  0%| F|  |TAMS 0x0000000088300000, 0x0000000088300000| Untracked 
| 104|0x0000000088400000, 0x0000000088400000, 0x0000000088500000|  0%| F|  |TAMS 0x0000000088400000, 0x0000000088400000| Untracked 
| 105|0x0000000088500000, 0x0000000088500000, 0x0000000088600000|  0%| F|  |TAMS 0x0000000088500000, 0x0000000088500000| Untracked 
| 106|0x0000000088600000, 0x0000000088600000, 0x0000000088700000|  0%| F|  |TAMS 0x0000000088600000, 0x0000000088600000| Untracked 
| 107|0x0000000088700000, 0x0000000088700000, 0x0000000088800000|  0%| F|  |TAMS 0x0000000088700000, 0x0000000088700000| Untracked 
| 108|0x0000000088800000, 0x0000000088800000, 0x0000000088900000|  0%| F|  |TAMS 0x0000000088800000, 0x0000000088800000| Untracked 
| 109|0x0000000088900000, 0x0000000088900000, 0x0000000088a00000|  0%| F|  |TAMS 0x0000000088900000, 0x0000000088900000| Untracked 
| 110|0x0000000088a00000, 0x0000000088a00000, 0x0000000088b00000|  0%| F|  |TAMS 0x0000000088a00000, 0x0000000088a00000| Untracked 
| 111|0x0000000088b00000, 0x0000000088b00000, 0x0000000088c00000|  0%| F|  |TAMS 0x0000000088b00000, 0x0000000088b00000| Untracked 
| 112|0x0000000088c00000, 0x0000000088c00000, 0x0000000088d00000|  0%| F|  |TAMS 0x0000000088c00000, 0x0000000088c00000| Untracked 
| 113|0x0000000088d00000, 0x0000000088d00000, 0x0000000088e00000|  0%| F|  |TAMS 0x0000000088d00000, 0x0000000088d00000| Untracked 
| 114|0x0000000088e00000, 0x0000000088e00000, 0x0000000088f00000|  0%| F|  |TAMS 0x0000000088e00000, 0x0000000088e00000| Untracked 
| 115|0x0000000088f00000, 0x0000000088f00000, 0x0000000089000000|  0%| F|  |TAMS 0x0000000088f00000, 0x0000000088f00000| Untracked 
| 116|0x0000000089000000, 0x0000000089000000, 0x0000000089100000|  0%| F|  |TAMS 0x0000000089000000, 0x0000000089000000| Untracked 
| 117|0x0000000089100000, 0x00000000891f66a0, 0x0000000089200000| 96%| E|  |TAMS 0x0000000089100000, 0x0000000089100000| Complete 
| 118|0x0000000089200000, 0x0000000089300000, 0x0000000089300000|100%| E|CS|TAMS 0x0000000089200000, 0x0000000089200000| Complete 
| 119|0x0000000089300000, 0x0000000089400000, 0x0000000089400000|100%| E|CS|TAMS 0x0000000089300000, 0x0000000089300000| Complete 
| 120|0x0000000089400000, 0x0000000089500000, 0x0000000089500000|100%| E|CS|TAMS 0x0000000089400000, 0x0000000089400000| Complete 
| 121|0x0000000089500000, 0x0000000089600000, 0x0000000089600000|100%| E|  |TAMS 0x0000000089500000, 0x0000000089500000| Complete 
| 122|0x0000000089600000, 0x0000000089700000, 0x0000000089700000|100%| E|CS|TAMS 0x0000000089600000, 0x0000000089600000| Complete 
| 123|0x0000000089700000, 0x0000000089800000, 0x0000000089800000|100%| E|CS|TAMS 0x0000000089700000, 0x0000000089700000| Complete 
| 124|0x0000000089800000, 0x0000000089900000, 0x0000000089900000|100%| E|CS|TAMS 0x0000000089800000, 0x0000000089800000| Complete 
| 125|0x0000000089900000, 0x0000000089a00000, 0x0000000089a00000|100%| E|CS|TAMS 0x0000000089900000, 0x0000000089900000| Complete 
| 126|0x0000000089a00000, 0x0000000089b00000, 0x0000000089b00000|100%| E|CS|TAMS 0x0000000089a00000, 0x0000000089a00000| Complete 
| 127|0x0000000089b00000, 0x0000000089c00000, 0x0000000089c00000|100%| E|CS|TAMS 0x0000000089b00000, 0x0000000089b00000| Complete 

Card table byte_map: [0x000001ff7c5a0000,0x000001ff7c9a0000] _byte_map_base: 0x000001ff7c192000

Marking Bits (Prev, Next): (CMBitMap*) 0x000001ff628ed7a8, (CMBitMap*) 0x000001ff628ed7e0
 Prev Bits: [0x000001ff7cda0000, 0x000001ff7ed30000)
 Next Bits: [0x000001ff00000000, 0x000001ff01f90000)

Polling page: 0x000001ff62980000

Metaspace:

Usage:
  Non-class:      7.60 MB capacity,     7.54 MB (>99%) used,    61.35 KB ( <1%) free+waste,     5.44 KB ( <1%) overhead. 
      Class:    768.00 KB capacity,   756.20 KB ( 98%) used,     9.55 KB (  1%) free+waste,     2.25 KB ( <1%) overhead. 
       Both:      8.35 MB capacity,     8.28 MB (>99%) used,    70.90 KB ( <1%) free+waste,     7.69 KB ( <1%) overhead. 

Virtual space:
  Non-class space:       12.00 MB reserved,       7.75 MB ( 65%) committed 
      Class space:        1.00 GB reserved,     768.00 KB ( <1%) committed 
             Both:        1.01 GB reserved,       8.50 MB ( <1%) committed 

Chunk freelists:
   Non-Class:  23.00 KB
       Class:  0 bytes
        Both:  23.00 KB

MaxMetaspaceSize: 17179869184.00 GB
CompressedClassSpaceSize: 1.00 GB

CodeHeap 'non-profiled nmethods': size=120000Kb used=146Kb max_used=146Kb free=119854Kb
 bounds [0x000001ff74200000, 0x000001ff74470000, 0x000001ff7b730000]
CodeHeap 'profiled nmethods': size=120000Kb used=744Kb max_used=744Kb free=119256Kb
 bounds [0x000001ff6ccd0000, 0x000001ff6cf40000, 0x000001ff74200000]
CodeHeap 'non-nmethods': size=5760Kb used=1064Kb max_used=1077Kb free=4695Kb
 bounds [0x000001ff6c730000, 0x000001ff6c9a0000, 0x000001ff6ccd0000]
 total_blobs=874 nmethods=511 adapters=275
 compilation: enabled
              stopped_count=0, restarted_count=0
 full_count=0

Compilation events (20 events):
Event: 0.372 Thread 0x000001ff7f838800 nmethod 505 0x000001ff6cd81b10 code [0x000001ff6cd81ce0, 0x000001ff6cd820c8]
Event: 0.372 Thread 0x000001ff7f838800  503       3       java.lang.String::concat (115 bytes)
Event: 0.373 Thread 0x000001ff7f838800 nmethod 503 0x000001ff6cd82290 code [0x000001ff6cd82520, 0x000001ff6cd831a8]
Event: 0.373 Thread 0x000001ff7f838800  504       1       java.lang.NamedPackage::module (5 bytes)
Event: 0.373 Thread 0x000001ff7f838800 nmethod 504 0x000001ff74222b90 code [0x000001ff74222d40, 0x000001ff74222df8]
Event: 0.375 Thread 0x000001ff7f838800  506       3       java.util.WeakHashMap::remove (133 bytes)
Event: 0.375 Thread 0x000001ff7f838800 nmethod 506 0x000001ff6cd83610 code [0x000001ff6cd83860, 0x000001ff6cd84308]
Event: 0.375 Thread 0x000001ff7f838800  508   !   3       jdk.internal.loader.BuiltinClassLoader::loadClassOrNull (143 bytes)
Event: 0.376 Thread 0x000001ff7f833000 nmethod 502 0x000001ff74222e90 code [0x000001ff74223020, 0x000001ff74223318]
Event: 0.376 Thread 0x000001ff7f833000  509       4       java.lang.StringLatin1::replace (196 bytes)
Event: 0.377 Thread 0x000001ff7f838800 nmethod 508 0x000001ff6cd84710 code [0x000001ff6cd84a80, 0x000001ff6cd86228]
Event: 0.377 Thread 0x000001ff7f838800  507       3       java.util.Vector::add (23 bytes)
Event: 0.377 Thread 0x000001ff7f838800 nmethod 507 0x000001ff6cd86c10 code [0x000001ff6cd86e20, 0x000001ff6cd87358]
Event: 0.377 Thread 0x000001ff7f838800  512  s    3       java.util.Vector::addElement (24 bytes)
Event: 0.377 Thread 0x000001ff7f838800 nmethod 512 0x000001ff6cd87590 code [0x000001ff6cd877a0, 0x000001ff6cd87eb8]
Event: 0.378 Thread 0x000001ff7f838800  513       3       sun.net.util.URLUtil::urlNoFragString (114 bytes)
Event: 0.379 Thread 0x000001ff7f838800 nmethod 513 0x000001ff6cd88110 code [0x000001ff6cd88460, 0x000001ff6cd896c8]
Event: 0.379 Thread 0x000001ff7f838800  514       3       jdk.internal.ref.CleanerFactory::cleaner (4 bytes)
Event: 0.379 Thread 0x000001ff7f838800 nmethod 514 0x000001ff6cd89d10 code [0x000001ff6cd89ec0, 0x000001ff6cd89fb8]
Event: 0.379 Thread 0x000001ff7f838800  515       3       java.net.URLStreamHandler::parseURL (1201 bytes)

GC Heap History (0 events):
No events

Deoptimization events (20 events):
Event: 0.353 Thread 0x000001ff628ac000 Uncommon trap: trap_request=0xffffff4d fr.pc=0x000001ff74220034 relative=0x0000000000000214
Event: 0.353 Thread 0x000001ff628ac000 Uncommon trap: reason=unstable_if action=reinterpret pc=0x000001ff74220034 method=java.lang.String.startsWith(Ljava/lang/String;I)Z @ 14 c2
Event: 0.353 Thread 0x000001ff628ac000 DEOPT PACKING pc=0x000001ff74220034 sp=0x0000003f575f8df0
Event: 0.353 Thread 0x000001ff628ac000 DEOPT UNPACKING pc=0x000001ff6c7574af sp=0x0000003f575f8d58 mode 2
Event: 0.355 Thread 0x000001ff628ac000 Uncommon trap: trap_request=0xffffffc6 fr.pc=0x000001ff7420a914 relative=0x0000000000000074
Event: 0.355 Thread 0x000001ff628ac000 Uncommon trap: reason=bimorphic_or_optimized_type_check action=maybe_recompile pc=0x000001ff7420a914 method=java.util.AbstractCollection.isEmpty()Z @ 1 c2
Event: 0.355 Thread 0x000001ff628ac000 DEOPT PACKING pc=0x000001ff7420a914 sp=0x0000003f575f9940
Event: 0.355 Thread 0x000001ff628ac000 DEOPT UNPACKING pc=0x000001ff6c7574af sp=0x0000003f575f98d0 mode 2
Event: 0.355 Thread 0x000001ff628ac000 Uncommon trap: trap_request=0xffffffc6 fr.pc=0x000001ff7420a914 relative=0x0000000000000074
Event: 0.355 Thread 0x000001ff628ac000 Uncommon trap: reason=bimorphic_or_optimized_type_check action=maybe_recompile pc=0x000001ff7420a914 method=java.util.AbstractCollection.isEmpty()Z @ 1 c2
Event: 0.355 Thread 0x000001ff628ac000 DEOPT PACKING pc=0x000001ff7420a914 sp=0x0000003f575f9940
Event: 0.355 Thread 0x000001ff628ac000 DEOPT UNPACKING pc=0x000001ff6c7574af sp=0x0000003f575f98d0 mode 2
Event: 0.357 Thread 0x000001ff628ac000 Uncommon trap: trap_request=0xffffff4d fr.pc=0x000001ff74220ce0 relative=0x00000000000002a0
Event: 0.357 Thread 0x000001ff628ac000 Uncommon trap: reason=unstable_if action=reinterpret pc=0x000001ff74220ce0 method=java.io.BufferedReader.read()I @ 19 c2
Event: 0.357 Thread 0x000001ff628ac000 DEOPT PACKING pc=0x000001ff74220ce0 sp=0x0000003f575f9780
Event: 0.357 Thread 0x000001ff628ac000 DEOPT UNPACKING pc=0x000001ff6c7574af sp=0x0000003f575f96c0 mode 2
Event: 0.358 Thread 0x000001ff628ac000 Uncommon trap: trap_request=0xffffff4d fr.pc=0x000001ff74220668 relative=0x00000000000002c8
Event: 0.358 Thread 0x000001ff628ac000 Uncommon trap: reason=unstable_if action=reinterpret pc=0x000001ff74220668 method=java.io.BufferedReader.read()I @ 19 c2
Event: 0.358 Thread 0x000001ff628ac000 DEOPT PACKING pc=0x000001ff74220668 sp=0x0000003f575f9570
Event: 0.358 Thread 0x000001ff628ac000 DEOPT UNPACKING pc=0x000001ff6c7574af sp=0x0000003f575f9520 mode 2

Classes redefined (0 events):
No events

Internal exceptions (2 events):
Event: 0.355 Thread 0x000001ff628ac000 Exception <a 'java/lang/ClassNotFoundException'{0x00000000892e86c8}: javax/smartcardio/CardPermission> (0x00000000892e86c8) thrown at [./src/hotspot/share/classfile/systemDictionary.cpp, line 231]
Event: 0.358 Thread 0x000001ff628ac000 Exception <a 'java/io/FileNotFoundException'{0x00000000892f6e20}> (0x00000000892f6e20) thrown at [./src/hotspot/share/prims/jni.cpp, line 615]

Events (20 events):
Event: 0.380 loading class java/text/SimpleDateFormat
Event: 0.380 loading class java/text/DateFormat
Event: 0.381 loading class java/text/Format
Event: 0.381 loading class java/text/Format done
Event: 0.381 loading class java/text/DateFormat done
Event: 0.381 loading class java/text/SimpleDateFormat done
Event: 0.381 loading class java/text/DateFormat$Field
Event: 0.381 loading class java/text/Format$Field
Event: 0.381 loading class java/text/AttributedCharacterIterator$Attribute
Event: 0.381 loading class java/text/AttributedCharacterIterator$Attribute done
Event: 0.381 loading class java/text/Format$Field done
Event: 0.381 loading class java/text/DateFormat$Field done
Event: 0.381 loading class java/util/Locale$Category
Event: 0.381 loading class java/util/Locale$Category done
Event: 0.381 loading class java/util/Locale$1
Event: 0.381 loading class java/util/Locale$1 done
Event: 0.382 loading class java/util/Calendar
Event: 0.382 loading class java/util/Calendar done
Event: 0.382 loading class java/util/TimeZone
Event: 0.382 loading class java/util/TimeZone done


Dynamic libraries:
0x00007ff669690000 - 0x00007ff66969d000 	C:\Program Files\AdoptOpenJDK\jdk-11.0.8.10-hotspot\bin\java.exe
0x00007ffc581f0000 - 0x00007ffc583e5000 	C:\WINDOWS\SYSTEM32\ntdll.dll
0x00007ffc565b0000 - 0x00007ffc5666d000 	C:\WINDOWS\System32\KERNEL32.DLL
0x00007ffc55d40000 - 0x00007ffc56009000 	C:\WINDOWS\System32\KERNELBASE.dll
0x00007ffc56010000 - 0x00007ffc56110000 	C:\WINDOWS\System32\ucrtbase.dll
0x00007ffc50070000 - 0x00007ffc50087000 	C:\Program Files\AdoptOpenJDK\jdk-11.0.8.10-hotspot\bin\jli.dll
0x00007ffc56330000 - 0x00007ffc564d0000 	C:\WINDOWS\System32\USER32.dll
0x00007ffc55ad0000 - 0x00007ffc55af2000 	C:\WINDOWS\System32\win32u.dll
0x00007ffc56280000 - 0x00007ffc562aa000 	C:\WINDOWS\System32\GDI32.dll
0x00007ffc4f410000 - 0x00007ffc4f425000 	C:\Program Files\AdoptOpenJDK\jdk-11.0.8.10-hotspot\bin\VCRUNTIME140.dll
0x00007ffc55b90000 - 0x00007ffc55c9b000 	C:\WINDOWS\System32\gdi32full.dll
0x00007ffc55ca0000 - 0x00007ffc55d3d000 	C:\WINDOWS\System32\msvcp_win.dll
0x00007ffc39be0000 - 0x00007ffc39e7a000 	C:\WINDOWS\WinSxS\amd64_microsoft.windows.common-controls_6595b64144ccf1df_6.0.19041.1110_none_60b5254171f9507e\COMCTL32.dll
0x00007ffc573a0000 - 0x00007ffc5743e000 	C:\WINDOWS\System32\msvcrt.dll
0x00007ffc56250000 - 0x00007ffc56280000 	C:\WINDOWS\System32\IMM32.DLL
0x00007ffc4e160000 - 0x00007ffc4e1fb000 	C:\Program Files\AdoptOpenJDK\jdk-11.0.8.10-hotspot\bin\msvcp140.dll
0x00007ffc0e080000 - 0x00007ffc0eb3d000 	C:\Program Files\AdoptOpenJDK\jdk-11.0.8.10-hotspot\bin\server\jvm.dll
0x00007ffc56880000 - 0x00007ffc5692c000 	C:\WINDOWS\System32\ADVAPI32.dll
0x00007ffc56680000 - 0x00007ffc5671b000 	C:\WINDOWS\System32\sechost.dll
0x00007ffc57600000 - 0x00007ffc5772a000 	C:\WINDOWS\System32\RPCRT4.dll
0x00007ffc56870000 - 0x00007ffc56878000 	C:\WINDOWS\System32\PSAPI.DLL
0x00007ffc45250000 - 0x00007ffc45259000 	C:\WINDOWS\SYSTEM32\WSOCK32.dll
0x00007ffc47790000 - 0x00007ffc477b7000 	C:\WINDOWS\SYSTEM32\WINMM.dll
0x00007ffc4e860000 - 0x00007ffc4e86a000 	C:\WINDOWS\SYSTEM32\VERSION.dll
0x00007ffc56f70000 - 0x00007ffc56fdb000 	C:\WINDOWS\System32\ws2_32.DLL
0x00007ffc541b0000 - 0x00007ffc541c2000 	C:\WINDOWS\SYSTEM32\kernel.appcore.dll
0x00007ffc50df0000 - 0x00007ffc50e00000 	C:\Program Files\AdoptOpenJDK\jdk-11.0.8.10-hotspot\bin\verify.dll
0x00007ffc535e0000 - 0x00007ffc537c4000 	C:\WINDOWS\SYSTEM32\DBGHELP.DLL
0x00007ffc45260000 - 0x00007ffc4528c000 	C:\WINDOWS\SYSTEM32\dbgcore.DLL
0x00007ffc55b00000 - 0x00007ffc55b83000 	C:\WINDOWS\System32\bcryptPrimitives.dll
0x00007ffc4e270000 - 0x00007ffc4e298000 	C:\Program Files\AdoptOpenJDK\jdk-11.0.8.10-hotspot\bin\java.dll
0x00007ffc4f840000 - 0x00007ffc4f84a000 	C:\Program Files\AdoptOpenJDK\jdk-11.0.8.10-hotspot\bin\jimage.dll
0x00007ffc4f400000 - 0x00007ffc4f40e000 	C:\Program Files\AdoptOpenJDK\jdk-11.0.8.10-hotspot\bin\instrument.dll
0x00007ffc4e250000 - 0x00007ffc4e267000 	C:\Program Files\AdoptOpenJDK\jdk-11.0.8.10-hotspot\bin\zip.dll
0x00007ffc579c0000 - 0x00007ffc580ff000 	C:\WINDOWS\System32\SHELL32.dll
0x00007ffc53a10000 - 0x00007ffc541a0000 	C:\WINDOWS\SYSTEM32\windows.storage.dll
0x00007ffc57040000 - 0x00007ffc57395000 	C:\WINDOWS\System32\combase.dll
0x00007ffc552b0000 - 0x00007ffc552dc000 	C:\WINDOWS\SYSTEM32\Wldp.dll
0x00007ffc57730000 - 0x00007ffc577de000 	C:\WINDOWS\System32\SHCORE.dll
0x00007ffc56fe0000 - 0x00007ffc57035000 	C:\WINDOWS\System32\shlwapi.dll
0x00007ffc55860000 - 0x00007ffc5587f000 	C:\WINDOWS\SYSTEM32\profapi.dll
0x00007ffc4e140000 - 0x00007ffc4e159000 	C:\Program Files\AdoptOpenJDK\jdk-11.0.8.10-hotspot\bin\net.dll
0x00007ffc4ac40000 - 0x00007ffc4ad48000 	C:\WINDOWS\SYSTEM32\WINHTTP.dll
0x00007ffc55010000 - 0x00007ffc5507a000 	C:\WINDOWS\system32\mswsock.dll
0x00007ffc4e120000 - 0x00007ffc4e132000 	C:\Program Files\AdoptOpenJDK\jdk-11.0.8.10-hotspot\bin\nio.dll
0x00007ffc4e0f0000 - 0x00007ffc4e10a000 	D:\IntelliJ IDEA 2021.1\bin\breakgen64.dll

dbghelp: loaded successfully - version: 4.0.5 - missing functions: none
symbol engine: initialized successfully - sym options: 0x614 - pdb path: .;C:\Program Files\AdoptOpenJDK\jdk-11.0.8.10-hotspot\bin;C:\WINDOWS\SYSTEM32;C:\WINDOWS\WinSxS\amd64_microsoft.windows.common-controls_6595b64144ccf1df_6.0.19041.1110_none_60b5254171f9507e;C:\Program Files\AdoptOpenJDK\jdk-11.0.8.10-hotspot\bin\server;D:\IntelliJ IDEA 2021.1\bin

VM Arguments:
jvm_args: -javaagent:D:\IntelliJ IDEA 2021.1\lib\idea_rt.jar=51277:D:\IntelliJ IDEA 2021.1\bin -Dfile.encoding=UTF-8 
java_command: com.example.demo.SpringbootProjectApplication
java_class_path (initial): C:\Users\Admin\eclipse-workspace\Springboot_project\target\classes;C:\Users\Admin\.m2\repository\org\springframework\boot\spring-boot-starter-security\2.4.5\spring-boot-starter-security-2.4.5.jar;C:\Users\Admin\.m2\repository\org\springframework\boot\spring-boot-starter\2.4.5\spring-boot-starter-2.4.5.jar;C:\Users\Admin\.m2\repository\org\springframework\boot\spring-boot-starter-logging\2.4.5\spring-boot-starter-logging-2.4.5.jar;C:\Users\Admin\.m2\repository\ch\qos\logback\logback-classic\1.2.3\logback-classic-1.2.3.jar;C:\Users\Admin\.m2\repository\ch\qos\logback\logback-core\1.2.3\logback-core-1.2.3.jar;C:\Users\Admin\.m2\repository\org\apache\logging\log4j\log4j-to-slf4j\2.13.3\log4j-to-slf4j-2.13.3.jar;C:\Users\Admin\.m2\repository\org\apache\logging\log4j\log4j-api\2.13.3\log4j-api-2.13.3.jar;C:\Users\Admin\.m2\repository\org\slf4j\jul-to-slf4j\1.7.30\jul-to-slf4j-1.7.30.jar;C:\Users\Admin\.m2\repository\jakarta\annotation\jakarta.annotation-api\1.3.5\jakarta.annotation-api-1.3.5.jar;C:\Users\Admin\.m2\repository\org\yaml\snakeyaml\1.27\snakeyaml-1.27.jar;C:\Users\Admin\.m2\repository\org\springframework\spring-aop\5.3.6\spring-aop-5.3.6.jar;C:\Users\Admin\.m2\repository\org\springframework\spring-beans\5.3.6\spring-beans-5.3.6.jar;C:\Users\Admin\.m2\repository\org\springframework\security\spring-security-config\5.4.6\spring-security-config-5.4.6.jar;C:\Users\Admin\.m2\repository\org\springframework\spring-context\5.3.6\spring-context-5.3.6.jar;C:\Users\Admin\.m2\repository\org\springframework\security\spring-security-web\5.4.6\spring-security-web-5.4.6.jar;C:\Users\Admin\.m2\repository\org\springframework\spring-expression\5.3.6\spring-expression-5.3.6.jar;C:\Users\Admin\.m2\repository\org\springframework\boot\spring-boot-starter-thymeleaf\2.4.5\spring-boot-starter-thymeleaf-2.4.5.jar;C:\Users\Admin\.m2\repository\org\thymeleaf\thymeleaf-spring5\3.0.12.RELEASE\thymeleaf-spring5-3.0.12.RELEASE.jar;C:\Users\Admin\.m2\repository\org\
Launcher Type: SUN_STANDARD

[Global flags]
     intx CICompilerCount                          = 4                                         {product} {ergonomic}
     uint ConcGCThreads                            = 2                                         {product} {ergonomic}
     uint G1ConcRefinementThreads                  = 8                                         {product} {ergonomic}
   size_t G1HeapRegionSize                         = 1048576                                   {product} {ergonomic}
    uintx GCDrainStackTargetSize                   = 64                                        {product} {ergonomic}
   size_t InitialHeapSize                          = 134217728                                 {product} {ergonomic}
   size_t MarkStackSize                            = 4194304                                   {product} {ergonomic}
   size_t MaxHeapSize                              = 2118123520                                {product} {ergonomic}
   size_t MaxNewSize                               = 1270874112                                {product} {ergonomic}
   size_t MinHeapDeltaBytes                        = 1048576                                   {product} {ergonomic}
    uintx NonNMethodCodeHeapSize                   = 5836300                                {pd product} {ergonomic}
    uintx NonProfiledCodeHeapSize                  = 122910970                              {pd product} {ergonomic}
    uintx ProfiledCodeHeapSize                     = 122910970                              {pd product} {ergonomic}
    uintx ReservedCodeCacheSize                    = 251658240                              {pd product} {ergonomic}
     bool SegmentedCodeCache                       = true                                      {product} {ergonomic}
     bool UseCompressedClassPointers               = true                                 {lp64_product} {ergonomic}
     bool UseCompressedOops                        = true                                 {lp64_product} {ergonomic}
     bool UseG1GC                                  = true                                      {product} {ergonomic}
     bool UseLargePagesIndividualAllocation        = false                                  {pd product} {ergonomic}

Logging:
Log output configuration:
 #0: stdout all=warning uptime,level,tags
 #1: stderr all=off uptime,level,tags

Environment Variables:
JAVA_HOME=C:\Program Files\AdoptOpenJDK\jdk-11.0.8.10-hotspot\
PATH=C:\Program Files\AdoptOpenJDK\jdk-11.0.8.10-hotspot\bin;C:\WINDOWS\system32;C:\WINDOWS;C:\WINDOWS\System32\Wbem;C:\WINDOWS\System32\WindowsPowerShell\v1.0\;C:\WINDOWS\System32\OpenSSH\;C:\Program Files (x86)\Microsoft SQL Server\110\Tools\Binn\ManagementStudio\;C:\Program Files (x86)\Microsoft SQL Server\110\Tools\Binn\;C:\Program Files\Microsoft SQL Server\110\Tools\Binn\;C:\Program Files (x86)\Microsoft SQL Server\110\DTS\Binn\;C:\Program Files\Microsoft SQL Server\Client SDK\ODBC\110\Tools\Binn\;C:\Program Files (x86)\Microsoft SQL Server\120\Tools\Binn\;C:\Program Files\Microsoft SQL Server\120\Tools\Binn\;C:\Program Files\Microsoft SQL Server\120\DTS\Binn\;C:\Program Files (x86)\Microsoft SQL Server\120\Tools\Binn\ManagementStudio\;C:\Program Files (x86)\Microsoft SQL Server\120\DTS\Binn\;C:\Users\Admin\Downloads\apache-maven-3.6.0;C:\Users\Admin\Downloads\apache-maven-3.6.0\bin;C:\Program Files\NVIDIA Corporation\NVIDIA NvDLISR;C:\Program Files (x86)\NVIDIA Corporation\PhysX\Common;C:\Users\Admin\Downloads\apache-maven-3.6.0\bin;C:\Program Files\nodejs\;C:\Program Files\Git\cmd;C:\WINDOWS\system32;C:\WINDOWS;C:\WINDOWS\System32\Wbem;C:\WINDOWS\System32\WindowsPowerShell\v1.0\;C:\WINDOWS\System32\OpenSSH\;C:\Users\Admin\AppData\Local\Microsoft\WindowsApps;C:\Users\Admin\AppData\Local\Programs\Microsoft VS Code\bin;D:\apache-tomcat-9.0.37\bin;C:\Users\Admin\AppData\Roaming\npm;
USERNAME=Admin
OS=Windows_NT
PROCESSOR_IDENTIFIER=Intel64 Family 6 Model 158 Stepping 10, GenuineIntel



---------------  S Y S T E M  ---------------

OS: Windows 10 , 64 bit Build 19041 (10.0.19041.1151)
OS uptime: 0 days 1:15 hours

CPU:total 8 (initial active 8) (4 cores per cpu, 2 threads per core) family 6 model 158 stepping 10, cmov, cx8, fxsr, mmx, sse, sse2, sse3, ssse3, sse4.1, sse4.2, popcnt, avx, avx2, aes, clmul, erms, 3dnowpref, lzcnt, ht, tsc, tscinvbit, bmi1, bmi2, adx, fma

Memory: 4k page, system-wide physical 8072M (600M free)
TotalPageFile size 12168M (AvailPageFile size 1M)
current process WorkingSet (physical memory assigned to process): 57M, peak: 57M
current process commit charge ("private bytes"): 218M, peak: 218M

vm_info: OpenJDK 64-Bit Server VM (11.0.8+10) for windows-amd64 JRE (11.0.8+10), built on Jul 15 2020 11:45:54 by "" with MS VC++ 15.9 (VS2017)

END.
