#
# There is insufficient memory for the Java Runtime Environment to continue.
# Native memory allocation (malloc) failed to allocate 1255536 bytes for Chunk::new
# Possible reasons:
#   The system is out of physical RAM or swap space
#   The process is running with CompressedOops enabled, and the Java Heap may be blocking the growth of the native heap
# Possible solutions:
#   Reduce memory load on the system
#   Increase physical memory or swap space
#   Check if swap backing store is full
#   Decrease Java heap size (-Xmx/-Xms)
#   Decrease number of Java threads
#   Decrease Java thread stack sizes (-Xss)
#   Set larger code cache with -XX:ReservedCodeCacheSize=
#   JVM is running with Unscaled Compressed Oops mode in which the Java heap is
#     placed in the first 4GB address space. The Java Heap base address is the
#     maximum limit for the native heap growth. Please use -XX:HeapBaseMinAddress
#     to set the Java Heap base and to place the Java Heap above 4GB virtual address.
# This output file may be truncated or incomplete.
#
#  Out of Memory Error (./src/hotspot/share/memory/arena.cpp:197), pid=14260, tid=1252
#
# JRE version: OpenJDK Runtime Environment AdoptOpenJDK (11.0.8+10) (build 11.0.8+10)
# Java VM: OpenJDK 64-Bit Server VM AdoptOpenJDK (11.0.8+10, mixed mode, tiered, compressed oops, g1 gc, windows-amd64)
# No core dump will be written. Minidumps are not enabled by default on client versions of Windows
#

---------------  S U M M A R Y ------------

Command Line: -javaagent:D:\IntelliJ IDEA 2021.1\lib\idea_rt.jar=57080:D:\IntelliJ IDEA 2021.1\bin -Dfile.encoding=UTF-8 com.example.demo.SpringbootProjectApplication

Host: Intel(R) Core(TM) i5-9300H CPU @ 2.40GHz, 8 cores, 7G,  Windows 10 , 64 bit Build 19041 (10.0.19041.1151)
Time: Tue Sep 21 16:15:17 2021 SE Asia Standard Time elapsed time: 1 seconds (0d 0h 0m 1s)

---------------  T H R E A D  ---------------

Current thread (0x000001a37ecbf800):  JavaThread "C2 CompilerThread0" daemon [_thread_in_native, id=1252, stack(0x00000027af300000,0x00000027af400000)]


Current CompileTask:
C2:   1676 2168       4       jdk.internal.org.objectweb.asm.Frame::execute (2264 bytes)

Stack: [0x00000027af300000,0x00000027af400000]
Native frames: (J=compiled Java code, j=interpreted, Vv=VM code, C=native code)
V  [jvm.dll+0x5dfa5a]
V  [jvm.dll+0x7175ce]
V  [jvm.dll+0x718c9f]
V  [jvm.dll+0x719363]
V  [jvm.dll+0x240e48]
V  [jvm.dll+0xb96ac]
V  [jvm.dll+0xb9dac]
V  [jvm.dll+0x346342]
V  [jvm.dll+0x314173]
V  [jvm.dll+0x3134ba]
V  [jvm.dll+0x1fa925]
V  [jvm.dll+0x1f9adf]
V  [jvm.dll+0x17e4ec]
V  [jvm.dll+0x208f27]
V  [jvm.dll+0x20710b]
V  [jvm.dll+0x6dc339]
V  [jvm.dll+0x6d53e4]
V  [jvm.dll+0x5de996]
C  [ucrtbase.dll+0x21bb2]
C  [KERNEL32.DLL+0x17034]
C  [ntdll.dll+0x52651]


---------------  P R O C E S S  ---------------

Threads class SMR info:
_java_thread_list=0x000001a31beb6c30, length=17, elements={
0x000001a37930e000, 0x000001a37eca8000, 0x000001a37eca9000, 0x000001a37ecbd800,
0x000001a37ecbe800, 0x000001a37ecbf800, 0x000001a37f663800, 0x000001a37f665800,
0x000001a37ec3e000, 0x000001a37f79e000, 0x000001a3195c4800, 0x000001a3195d9800,
0x000001a31a0a1000, 0x000001a319f13800, 0x000001a31a425800, 0x000001a319f90800,
0x000001a31c110000
}

Java Threads: ( => current thread )
  0x000001a37930e000 JavaThread "main" [_thread_blocked, id=16180, stack(0x00000027ae800000,0x00000027ae900000)]
  0x000001a37eca8000 JavaThread "Reference Handler" daemon [_thread_blocked, id=10476, stack(0x00000027aef00000,0x00000027af000000)]
  0x000001a37eca9000 JavaThread "Finalizer" daemon [_thread_blocked, id=18752, stack(0x00000027af000000,0x00000027af100000)]
  0x000001a37ecbd800 JavaThread "Signal Dispatcher" daemon [_thread_blocked, id=4496, stack(0x00000027af100000,0x00000027af200000)]
  0x000001a37ecbe800 JavaThread "Attach Listener" daemon [_thread_blocked, id=18500, stack(0x00000027af200000,0x00000027af300000)]
=>0x000001a37ecbf800 JavaThread "C2 CompilerThread0" daemon [_thread_in_native, id=1252, stack(0x00000027af300000,0x00000027af400000)]
  0x000001a37f663800 JavaThread "C1 CompilerThread0" daemon [_thread_blocked, id=8028, stack(0x00000027af400000,0x00000027af500000)]
  0x000001a37f665800 JavaThread "Sweeper thread" daemon [_thread_blocked, id=19324, stack(0x00000027af500000,0x00000027af600000)]
  0x000001a37ec3e000 JavaThread "Common-Cleaner" daemon [_thread_blocked, id=19320, stack(0x00000027af600000,0x00000027af700000)]
  0x000001a37f79e000 JavaThread "C2 CompilerThread1" daemon [_thread_in_native, id=10280, stack(0x00000027af700000,0x00000027af800000)]
  0x000001a3195c4800 JavaThread "Monitor Ctrl-Break" daemon [_thread_in_native, id=11736, stack(0x00000027af800000,0x00000027af900000)]
  0x000001a3195d9800 JavaThread "Service Thread" daemon [_thread_blocked, id=15248, stack(0x00000027af900000,0x00000027afa00000)]
  0x000001a31a0a1000 JavaThread "Thread-0" [_thread_blocked, id=1920, stack(0x00000027afd00000,0x00000027afe00000)]
  0x000001a319f13800 JavaThread "restartedMain" [_thread_in_vm, id=19356, stack(0x00000027afe00000,0x00000027aff00000)]
  0x000001a31a425800 JavaThread "background-preinit" [_thread_in_vm, id=6972, stack(0x00000027aff00000,0x00000027b0000000)]
  0x000001a319f90800 JavaThread "C2 CompilerThread2" daemon [_thread_in_native, id=13252, stack(0x00000027b0500000,0x00000027b0600000)]
  0x000001a31c110000 JavaThread "Thread-3" [_thread_blocked, id=3168, stack(0x00000027b0700000,0x00000027b0800000)]

Other Threads:
  0x000001a37ec83800 VMThread "VM Thread" [stack: 0x00000027aee00000,0x00000027aef00000] [id=18740]
  0x000001a3195db000 WatcherThread [stack: 0x00000027afa00000,0x00000027afb00000] [id=3980]
  0x000001a379326800 GCTaskThread "GC Thread#0" [stack: 0x00000027ae900000,0x00000027aea00000] [id=16376]
  0x000001a31a034000 GCTaskThread "GC Thread#1" [stack: 0x00000027afb00000,0x00000027afc00000] [id=17988]
  0x000001a31a096000 GCTaskThread "GC Thread#2" [stack: 0x00000027afc00000,0x00000027afd00000] [id=9308]
  0x000001a31a352800 GCTaskThread "GC Thread#3" [stack: 0x00000027b0000000,0x00000027b0100000] [id=10724]
  0x000001a31a3b4000 GCTaskThread "GC Thread#4" [stack: 0x00000027b0100000,0x00000027b0200000] [id=17984]
  0x000001a31a205000 GCTaskThread "GC Thread#5" [stack: 0x00000027b0200000,0x00000027b0300000] [id=18576]
  0x000001a31a6b8000 GCTaskThread "GC Thread#6" [stack: 0x00000027b0300000,0x00000027b0400000] [id=14452]
  0x000001a31a6b8800 GCTaskThread "GC Thread#7" [stack: 0x00000027b0400000,0x00000027b0500000] [id=10964]
  0x000001a379352000 ConcurrentGCThread "G1 Main Marker" [stack: 0x00000027aea00000,0x00000027aeb00000] [id=5912]
  0x000001a379353800 ConcurrentGCThread "G1 Conc#0" [stack: 0x00000027aeb00000,0x00000027aec00000] [id=10464]
  0x000001a31aa99000 ConcurrentGCThread "G1 Conc#1" [stack: 0x00000027b0600000,0x00000027b0700000] [id=2364]
  0x000001a37eaea800 ConcurrentGCThread "G1 Refine#0" [stack: 0x00000027aec00000,0x00000027aed00000] [id=5860]
  0x000001a37eaeb000 ConcurrentGCThread "G1 Young RemSet Sampling" [stack: 0x00000027aed00000,0x00000027aee00000] [id=10828]

Threads with active compile tasks:
C2 CompilerThread0   1710 2168       4       jdk.internal.org.objectweb.asm.Frame::execute (2264 bytes)
C2 CompilerThread1   1710 2225       4       java.net.URLStreamHandler::parseURL (1201 bytes)
C2 CompilerThread2   1711 2279   !   4       java.util.concurrent.ConcurrentHashMap::putVal (432 bytes)

VM state:not at safepoint (normal execution)

VM Mutex/Monitor currently owned by a thread: None

Heap address: 0x0000000081c00000, size: 2020 MB, Compressed Oops mode: 32-bit
Narrow klass base: 0x0000000000000000, Narrow klass shift: 3
Compressed class space size: 1073741824 Address: 0x0000000100000000

Heap:
 garbage-first heap   total 131072K, used 47860K [0x0000000081c00000, 0x0000000100000000)
  region size 1024K, 42 young (43008K), 5 survivors (5120K)
 Metaspace       used 25659K, capacity 26273K, committed 26364K, reserved 1087488K
  class space    used 2989K, capacity 3235K, committed 3324K, reserved 1048576K
Heap Regions: E=young(eden), S=young(survivor), O=old, HS=humongous(starts), HC=humongous(continues), CS=collection set, F=free, A=archive, TAMS=top-at-mark-start (previous, next)
|   0|0x0000000081c00000, 0x0000000081d00000, 0x0000000081d00000|100%|HS|  |TAMS 0x0000000081d00000, 0x0000000081c00000| Complete 
|   1|0x0000000081d00000, 0x0000000081e00000, 0x0000000081e00000|100%| O|  |TAMS 0x0000000081e00000, 0x0000000081d00000| Untracked 
|   2|0x0000000081e00000, 0x0000000081f00000, 0x0000000081f00000|100%| O|  |TAMS 0x0000000081f00000, 0x0000000081e00000| Untracked 
|   3|0x0000000081f00000, 0x0000000082000000, 0x0000000082000000|100%| O|  |TAMS 0x0000000082000000, 0x0000000081f00000| Untracked 
|   4|0x0000000082000000, 0x0000000082100000, 0x0000000082100000|100%| O|  |TAMS 0x0000000082100000, 0x0000000082000000| Untracked 
|   5|0x0000000082100000, 0x0000000082200000, 0x0000000082200000|100%| O|  |TAMS 0x0000000082200000, 0x0000000082100000| Untracked 
|   6|0x0000000082200000, 0x0000000082300000, 0x0000000082300000|100%| O|  |TAMS 0x0000000082300000, 0x0000000082200000| Untracked 
|   7|0x0000000082300000, 0x000000008235aa00, 0x0000000082400000| 35%| O|  |TAMS 0x000000008235aa00, 0x0000000082300000| Untracked 
|   8|0x0000000082400000, 0x0000000082400000, 0x0000000082500000|  0%| F|  |TAMS 0x0000000082400000, 0x0000000082400000| Untracked 
|   9|0x0000000082500000, 0x0000000082500000, 0x0000000082600000|  0%| F|  |TAMS 0x0000000082500000, 0x0000000082500000| Untracked 
|  10|0x0000000082600000, 0x0000000082600000, 0x0000000082700000|  0%| F|  |TAMS 0x0000000082600000, 0x0000000082600000| Untracked 
|  11|0x0000000082700000, 0x0000000082700000, 0x0000000082800000|  0%| F|  |TAMS 0x0000000082700000, 0x0000000082700000| Untracked 
|  12|0x0000000082800000, 0x0000000082800000, 0x0000000082900000|  0%| F|  |TAMS 0x0000000082800000, 0x0000000082800000| Untracked 
|  13|0x0000000082900000, 0x0000000082900000, 0x0000000082a00000|  0%| F|  |TAMS 0x0000000082900000, 0x0000000082900000| Untracked 
|  14|0x0000000082a00000, 0x0000000082a00000, 0x0000000082b00000|  0%| F|  |TAMS 0x0000000082a00000, 0x0000000082a00000| Untracked 
|  15|0x0000000082b00000, 0x0000000082b00000, 0x0000000082c00000|  0%| F|  |TAMS 0x0000000082b00000, 0x0000000082b00000| Untracked 
|  16|0x0000000082c00000, 0x0000000082c00000, 0x0000000082d00000|  0%| F|  |TAMS 0x0000000082c00000, 0x0000000082c00000| Untracked 
|  17|0x0000000082d00000, 0x0000000082d00000, 0x0000000082e00000|  0%| F|  |TAMS 0x0000000082d00000, 0x0000000082d00000| Untracked 
|  18|0x0000000082e00000, 0x0000000082e00000, 0x0000000082f00000|  0%| F|  |TAMS 0x0000000082e00000, 0x0000000082e00000| Untracked 
|  19|0x0000000082f00000, 0x0000000082f00000, 0x0000000083000000|  0%| F|  |TAMS 0x0000000082f00000, 0x0000000082f00000| Untracked 
|  20|0x0000000083000000, 0x0000000083000000, 0x0000000083100000|  0%| F|  |TAMS 0x0000000083000000, 0x0000000083000000| Untracked 
|  21|0x0000000083100000, 0x0000000083100000, 0x0000000083200000|  0%| F|  |TAMS 0x0000000083100000, 0x0000000083100000| Untracked 
|  22|0x0000000083200000, 0x0000000083200000, 0x0000000083300000|  0%| F|  |TAMS 0x0000000083200000, 0x0000000083200000| Untracked 
|  23|0x0000000083300000, 0x0000000083300000, 0x0000000083400000|  0%| F|  |TAMS 0x0000000083300000, 0x0000000083300000| Untracked 
|  24|0x0000000083400000, 0x0000000083400000, 0x0000000083500000|  0%| F|  |TAMS 0x0000000083400000, 0x0000000083400000| Untracked 
|  25|0x0000000083500000, 0x0000000083500000, 0x0000000083600000|  0%| F|  |TAMS 0x0000000083500000, 0x0000000083500000| Untracked 
|  26|0x0000000083600000, 0x0000000083600000, 0x0000000083700000|  0%| F|  |TAMS 0x0000000083600000, 0x0000000083600000| Untracked 
|  27|0x0000000083700000, 0x0000000083700000, 0x0000000083800000|  0%| F|  |TAMS 0x0000000083700000, 0x0000000083700000| Untracked 
|  28|0x0000000083800000, 0x0000000083800000, 0x0000000083900000|  0%| F|  |TAMS 0x0000000083800000, 0x0000000083800000| Untracked 
|  29|0x0000000083900000, 0x0000000083900000, 0x0000000083a00000|  0%| F|  |TAMS 0x0000000083900000, 0x0000000083900000| Untracked 
|  30|0x0000000083a00000, 0x0000000083a00000, 0x0000000083b00000|  0%| F|  |TAMS 0x0000000083a00000, 0x0000000083a00000| Untracked 
|  31|0x0000000083b00000, 0x0000000083b00000, 0x0000000083c00000|  0%| F|  |TAMS 0x0000000083b00000, 0x0000000083b00000| Untracked 
|  32|0x0000000083c00000, 0x0000000083c00000, 0x0000000083d00000|  0%| F|  |TAMS 0x0000000083c00000, 0x0000000083c00000| Untracked 
|  33|0x0000000083d00000, 0x0000000083d00000, 0x0000000083e00000|  0%| F|  |TAMS 0x0000000083d00000, 0x0000000083d00000| Untracked 
|  34|0x0000000083e00000, 0x0000000083e00000, 0x0000000083f00000|  0%| F|  |TAMS 0x0000000083e00000, 0x0000000083e00000| Untracked 
|  35|0x0000000083f00000, 0x0000000083f00000, 0x0000000084000000|  0%| F|  |TAMS 0x0000000083f00000, 0x0000000083f00000| Untracked 
|  36|0x0000000084000000, 0x0000000084000000, 0x0000000084100000|  0%| F|  |TAMS 0x0000000084000000, 0x0000000084000000| Untracked 
|  37|0x0000000084100000, 0x0000000084100000, 0x0000000084200000|  0%| F|  |TAMS 0x0000000084100000, 0x0000000084100000| Untracked 
|  38|0x0000000084200000, 0x0000000084200000, 0x0000000084300000|  0%| F|  |TAMS 0x0000000084200000, 0x0000000084200000| Untracked 
|  39|0x0000000084300000, 0x0000000084300000, 0x0000000084400000|  0%| F|  |TAMS 0x0000000084300000, 0x0000000084300000| Untracked 
|  40|0x0000000084400000, 0x0000000084400000, 0x0000000084500000|  0%| F|  |TAMS 0x0000000084400000, 0x0000000084400000| Untracked 
|  41|0x0000000084500000, 0x0000000084500000, 0x0000000084600000|  0%| F|  |TAMS 0x0000000084500000, 0x0000000084500000| Untracked 
|  42|0x0000000084600000, 0x0000000084600000, 0x0000000084700000|  0%| F|  |TAMS 0x0000000084600000, 0x0000000084600000| Untracked 
|  43|0x0000000084700000, 0x0000000084700000, 0x0000000084800000|  0%| F|  |TAMS 0x0000000084700000, 0x0000000084700000| Untracked 
|  44|0x0000000084800000, 0x0000000084800000, 0x0000000084900000|  0%| F|  |TAMS 0x0000000084800000, 0x0000000084800000| Untracked 
|  45|0x0000000084900000, 0x0000000084900000, 0x0000000084a00000|  0%| F|  |TAMS 0x0000000084900000, 0x0000000084900000| Untracked 
|  46|0x0000000084a00000, 0x0000000084a00000, 0x0000000084b00000|  0%| F|  |TAMS 0x0000000084a00000, 0x0000000084a00000| Untracked 
|  47|0x0000000084b00000, 0x0000000084b00000, 0x0000000084c00000|  0%| F|  |TAMS 0x0000000084b00000, 0x0000000084b00000| Untracked 
|  48|0x0000000084c00000, 0x0000000084c00000, 0x0000000084d00000|  0%| F|  |TAMS 0x0000000084c00000, 0x0000000084c00000| Untracked 
|  49|0x0000000084d00000, 0x0000000084d00000, 0x0000000084e00000|  0%| F|  |TAMS 0x0000000084d00000, 0x0000000084d00000| Untracked 
|  50|0x0000000084e00000, 0x0000000084e00000, 0x0000000084f00000|  0%| F|  |TAMS 0x0000000084e00000, 0x0000000084e00000| Untracked 
|  51|0x0000000084f00000, 0x0000000084f00000, 0x0000000085000000|  0%| F|  |TAMS 0x0000000084f00000, 0x0000000084f00000| Untracked 
|  52|0x0000000085000000, 0x0000000085000000, 0x0000000085100000|  0%| F|  |TAMS 0x0000000085000000, 0x0000000085000000| Untracked 
|  53|0x0000000085100000, 0x0000000085100000, 0x0000000085200000|  0%| F|  |TAMS 0x0000000085100000, 0x0000000085100000| Untracked 
|  54|0x0000000085200000, 0x0000000085200000, 0x0000000085300000|  0%| F|  |TAMS 0x0000000085200000, 0x0000000085200000| Untracked 
|  55|0x0000000085300000, 0x0000000085300000, 0x0000000085400000|  0%| F|  |TAMS 0x0000000085300000, 0x0000000085300000| Untracked 
|  56|0x0000000085400000, 0x0000000085400000, 0x0000000085500000|  0%| F|  |TAMS 0x0000000085400000, 0x0000000085400000| Untracked 
|  57|0x0000000085500000, 0x0000000085500000, 0x0000000085600000|  0%| F|  |TAMS 0x0000000085500000, 0x0000000085500000| Untracked 
|  58|0x0000000085600000, 0x0000000085600000, 0x0000000085700000|  0%| F|  |TAMS 0x0000000085600000, 0x0000000085600000| Untracked 
|  59|0x0000000085700000, 0x0000000085700000, 0x0000000085800000|  0%| F|  |TAMS 0x0000000085700000, 0x0000000085700000| Untracked 
|  60|0x0000000085800000, 0x0000000085800000, 0x0000000085900000|  0%| F|  |TAMS 0x0000000085800000, 0x0000000085800000| Untracked 
|  61|0x0000000085900000, 0x0000000085900000, 0x0000000085a00000|  0%| F|  |TAMS 0x0000000085900000, 0x0000000085900000| Untracked 
|  62|0x0000000085a00000, 0x0000000085a00000, 0x0000000085b00000|  0%| F|  |TAMS 0x0000000085a00000, 0x0000000085a00000| Untracked 
|  63|0x0000000085b00000, 0x0000000085b00000, 0x0000000085c00000|  0%| F|  |TAMS 0x0000000085b00000, 0x0000000085b00000| Untracked 
|  64|0x0000000085c00000, 0x0000000085c00000, 0x0000000085d00000|  0%| F|  |TAMS 0x0000000085c00000, 0x0000000085c00000| Untracked 
|  65|0x0000000085d00000, 0x0000000085d00000, 0x0000000085e00000|  0%| F|  |TAMS 0x0000000085d00000, 0x0000000085d00000| Untracked 
|  66|0x0000000085e00000, 0x0000000085e00000, 0x0000000085f00000|  0%| F|  |TAMS 0x0000000085e00000, 0x0000000085e00000| Untracked 
|  67|0x0000000085f00000, 0x0000000085f00000, 0x0000000086000000|  0%| F|  |TAMS 0x0000000085f00000, 0x0000000085f00000| Untracked 
|  68|0x0000000086000000, 0x0000000086000000, 0x0000000086100000|  0%| F|  |TAMS 0x0000000086000000, 0x0000000086000000| Untracked 
|  69|0x0000000086100000, 0x0000000086100000, 0x0000000086200000|  0%| F|  |TAMS 0x0000000086100000, 0x0000000086100000| Untracked 
|  70|0x0000000086200000, 0x0000000086200000, 0x0000000086300000|  0%| F|  |TAMS 0x0000000086200000, 0x0000000086200000| Untracked 
|  71|0x0000000086300000, 0x0000000086300000, 0x0000000086400000|  0%| F|  |TAMS 0x0000000086300000, 0x0000000086300000| Untracked 
|  72|0x0000000086400000, 0x0000000086400000, 0x0000000086500000|  0%| F|  |TAMS 0x0000000086400000, 0x0000000086400000| Untracked 
|  73|0x0000000086500000, 0x0000000086500000, 0x0000000086600000|  0%| F|  |TAMS 0x0000000086500000, 0x0000000086500000| Untracked 
|  74|0x0000000086600000, 0x0000000086600000, 0x0000000086700000|  0%| F|  |TAMS 0x0000000086600000, 0x0000000086600000| Untracked 
|  75|0x0000000086700000, 0x0000000086700000, 0x0000000086800000|  0%| F|  |TAMS 0x0000000086700000, 0x0000000086700000| Untracked 
|  76|0x0000000086800000, 0x0000000086800000, 0x0000000086900000|  0%| F|  |TAMS 0x0000000086800000, 0x0000000086800000| Untracked 
|  77|0x0000000086900000, 0x0000000086900000, 0x0000000086a00000|  0%| F|  |TAMS 0x0000000086900000, 0x0000000086900000| Untracked 
|  78|0x0000000086a00000, 0x0000000086a00000, 0x0000000086b00000|  0%| F|  |TAMS 0x0000000086a00000, 0x0000000086a00000| Untracked 
|  79|0x0000000086b00000, 0x0000000086b00000, 0x0000000086c00000|  0%| F|  |TAMS 0x0000000086b00000, 0x0000000086b00000| Untracked 
|  80|0x0000000086c00000, 0x0000000086c00000, 0x0000000086d00000|  0%| F|  |TAMS 0x0000000086c00000, 0x0000000086c00000| Untracked 
|  81|0x0000000086d00000, 0x0000000086d62850, 0x0000000086e00000| 38%| S|CS|TAMS 0x0000000086d00000, 0x0000000086d00000| Complete 
|  82|0x0000000086e00000, 0x0000000086f00000, 0x0000000086f00000|100%| S|CS|TAMS 0x0000000086e00000, 0x0000000086e00000| Complete 
|  83|0x0000000086f00000, 0x0000000087000000, 0x0000000087000000|100%| S|CS|TAMS 0x0000000086f00000, 0x0000000086f00000| Complete 
|  84|0x0000000087000000, 0x0000000087100000, 0x0000000087100000|100%| S|CS|TAMS 0x0000000087000000, 0x0000000087000000| Complete 
|  85|0x0000000087100000, 0x0000000087200000, 0x0000000087200000|100%| S|CS|TAMS 0x0000000087100000, 0x0000000087100000| Complete 
|  86|0x0000000087200000, 0x0000000087200000, 0x0000000087300000|  0%| F|  |TAMS 0x0000000087200000, 0x0000000087200000| Untracked 
|  87|0x0000000087300000, 0x0000000087300000, 0x0000000087400000|  0%| F|  |TAMS 0x0000000087300000, 0x0000000087300000| Untracked 
|  88|0x0000000087400000, 0x0000000087400000, 0x0000000087500000|  0%| F|  |TAMS 0x0000000087400000, 0x0000000087400000| Untracked 
|  89|0x0000000087500000, 0x00000000875ba440, 0x0000000087600000| 72%| E|  |TAMS 0x0000000087500000, 0x0000000087500000| Complete 
|  90|0x0000000087600000, 0x0000000087700000, 0x0000000087700000|100%| E|CS|TAMS 0x0000000087600000, 0x0000000087600000| Complete 
|  91|0x0000000087700000, 0x0000000087800000, 0x0000000087800000|100%| E|CS|TAMS 0x0000000087700000, 0x0000000087700000| Complete 
|  92|0x0000000087800000, 0x0000000087900000, 0x0000000087900000|100%| E|CS|TAMS 0x0000000087800000, 0x0000000087800000| Complete 
|  93|0x0000000087900000, 0x0000000087a00000, 0x0000000087a00000|100%| E|CS|TAMS 0x0000000087900000, 0x0000000087900000| Complete 
|  94|0x0000000087a00000, 0x0000000087b00000, 0x0000000087b00000|100%| E|CS|TAMS 0x0000000087a00000, 0x0000000087a00000| Complete 
|  95|0x0000000087b00000, 0x0000000087c00000, 0x0000000087c00000|100%| E|CS|TAMS 0x0000000087b00000, 0x0000000087b00000| Complete 
|  96|0x0000000087c00000, 0x0000000087d00000, 0x0000000087d00000|100%| E|CS|TAMS 0x0000000087c00000, 0x0000000087c00000| Complete 
|  97|0x0000000087d00000, 0x0000000087e00000, 0x0000000087e00000|100%| E|CS|TAMS 0x0000000087d00000, 0x0000000087d00000| Complete 
|  98|0x0000000087e00000, 0x0000000087f00000, 0x0000000087f00000|100%| E|  |TAMS 0x0000000087e00000, 0x0000000087e00000| Complete 
|  99|0x0000000087f00000, 0x0000000088000000, 0x0000000088000000|100%| E|CS|TAMS 0x0000000087f00000, 0x0000000087f00000| Complete 
| 100|0x0000000088000000, 0x0000000088100000, 0x0000000088100000|100%| E|CS|TAMS 0x0000000088000000, 0x0000000088000000| Complete 
| 101|0x0000000088100000, 0x0000000088200000, 0x0000000088200000|100%| E|CS|TAMS 0x0000000088100000, 0x0000000088100000| Complete 
| 102|0x0000000088200000, 0x0000000088300000, 0x0000000088300000|100%| E|CS|TAMS 0x0000000088200000, 0x0000000088200000| Complete 
| 103|0x0000000088300000, 0x0000000088400000, 0x0000000088400000|100%| E|CS|TAMS 0x0000000088300000, 0x0000000088300000| Complete 
| 104|0x0000000088400000, 0x0000000088500000, 0x0000000088500000|100%| E|CS|TAMS 0x0000000088400000, 0x0000000088400000| Complete 
| 105|0x0000000088500000, 0x0000000088600000, 0x0000000088600000|100%| E|CS|TAMS 0x0000000088500000, 0x0000000088500000| Complete 
| 106|0x0000000088600000, 0x0000000088700000, 0x0000000088700000|100%| E|CS|TAMS 0x0000000088600000, 0x0000000088600000| Complete 
| 107|0x0000000088700000, 0x0000000088800000, 0x0000000088800000|100%| E|CS|TAMS 0x0000000088700000, 0x0000000088700000| Complete 
| 108|0x0000000088800000, 0x0000000088900000, 0x0000000088900000|100%| E|CS|TAMS 0x0000000088800000, 0x0000000088800000| Complete 
| 109|0x0000000088900000, 0x0000000088a00000, 0x0000000088a00000|100%| E|CS|TAMS 0x0000000088900000, 0x0000000088900000| Complete 
| 110|0x0000000088a00000, 0x0000000088b00000, 0x0000000088b00000|100%| E|CS|TAMS 0x0000000088a00000, 0x0000000088a00000| Complete 
| 111|0x0000000088b00000, 0x0000000088c00000, 0x0000000088c00000|100%| E|CS|TAMS 0x0000000088b00000, 0x0000000088b00000| Complete 
| 112|0x0000000088c00000, 0x0000000088d00000, 0x0000000088d00000|100%| E|CS|TAMS 0x0000000088c00000, 0x0000000088c00000| Complete 
| 113|0x0000000088d00000, 0x0000000088e00000, 0x0000000088e00000|100%| E|CS|TAMS 0x0000000088d00000, 0x0000000088d00000| Complete 
| 114|0x0000000088e00000, 0x0000000088f00000, 0x0000000088f00000|100%| E|CS|TAMS 0x0000000088e00000, 0x0000000088e00000| Complete 
| 115|0x0000000088f00000, 0x0000000089000000, 0x0000000089000000|100%| E|CS|TAMS 0x0000000088f00000, 0x0000000088f00000| Complete 
| 116|0x0000000089000000, 0x0000000089100000, 0x0000000089100000|100%| E|CS|TAMS 0x0000000089000000, 0x0000000089000000| Complete 
| 117|0x0000000089100000, 0x0000000089200000, 0x0000000089200000|100%| E|CS|TAMS 0x0000000089100000, 0x0000000089100000| Complete 
| 118|0x0000000089200000, 0x0000000089300000, 0x0000000089300000|100%| E|CS|TAMS 0x0000000089200000, 0x0000000089200000| Complete 
| 119|0x0000000089300000, 0x0000000089400000, 0x0000000089400000|100%| E|CS|TAMS 0x0000000089300000, 0x0000000089300000| Complete 
| 120|0x0000000089400000, 0x0000000089500000, 0x0000000089500000|100%| E|CS|TAMS 0x0000000089400000, 0x0000000089400000| Complete 
| 121|0x0000000089500000, 0x0000000089600000, 0x0000000089600000|100%| E|CS|TAMS 0x0000000089500000, 0x0000000089500000| Complete 
| 122|0x0000000089600000, 0x0000000089700000, 0x0000000089700000|100%| E|CS|TAMS 0x0000000089600000, 0x0000000089600000| Complete 
| 123|0x0000000089700000, 0x0000000089800000, 0x0000000089800000|100%| E|CS|TAMS 0x0000000089700000, 0x0000000089700000| Complete 
| 124|0x0000000089800000, 0x0000000089900000, 0x0000000089900000|100%| E|CS|TAMS 0x0000000089800000, 0x0000000089800000| Complete 
| 125|0x0000000089900000, 0x0000000089a00000, 0x0000000089a00000|100%| E|CS|TAMS 0x0000000089900000, 0x0000000089900000| Complete 
| 126|0x0000000089a00000, 0x0000000089b00000, 0x0000000089b00000|100%| E|CS|TAMS 0x0000000089a00000, 0x0000000089a00000| Complete 
| 127|0x0000000089b00000, 0x0000000089c00000, 0x0000000089c00000|100%| E|CS|TAMS 0x0000000089b00000, 0x0000000089b00000| Complete 

Card table byte_map: [0x000001a379b20000,0x000001a379f20000] _byte_map_base: 0x000001a379712000

Marking Bits (Prev, Next): (CMBitMap*) 0x000001a37727e788, (CMBitMap*) 0x000001a37727e7c0
 Prev Bits: [0x000001a37a320000, 0x000001a37c2b0000)
 Next Bits: [0x000001a37c2b0000, 0x000001a37e240000)

Polling page: 0x000001a378ae0000

Metaspace:

Usage:
  Non-class:     22.56 MB capacity,    22.22 MB ( 99%) used,   274.34 KB (  1%) free+waste,    70.63 KB ( <1%) overhead. 
      Class:      3.16 MB capacity,     2.92 MB ( 93%) used,   207.25 KB (  6%) free+waste,    34.19 KB (  1%) overhead. 
       Both:     25.72 MB capacity,    25.15 MB ( 98%) used,   481.59 KB (  2%) free+waste,   104.81 KB ( <1%) overhead. 

Virtual space:
  Non-class space:       42.00 MB reserved,      22.75 MB ( 54%) committed 
      Class space:        1.00 GB reserved,       3.25 MB ( <1%) committed 
             Both:        1.04 GB reserved,      26.00 MB (  2%) committed 

Chunk freelists:
   Non-Class:  2.00 KB
       Class:  29.00 KB
        Both:  31.00 KB

MaxMetaspaceSize: 17179869184.00 GB
CompressedClassSpaceSize: 1.00 GB

CodeHeap 'non-profiled nmethods': size=120000Kb used=928Kb max_used=928Kb free=119071Kb
 bounds [0x000001a310060000, 0x000001a3102d0000, 0x000001a317590000]
CodeHeap 'profiled nmethods': size=120000Kb used=4327Kb max_used=4327Kb free=115672Kb
 bounds [0x000001a308b30000, 0x000001a308f70000, 0x000001a310060000]
CodeHeap 'non-nmethods': size=5760Kb used=1116Kb max_used=1145Kb free=4643Kb
 bounds [0x000001a308590000, 0x000001a308800000, 0x000001a308b30000]
 total_blobs=2719 nmethods=2278 adapters=352
 compilation: enabled
              stopped_count=0, restarted_count=0
 full_count=0

Compilation events (20 events):
Event: 1.661 Thread 0x000001a37f663800 2269       3       java.lang.Package::<init> (47 bytes)
Event: 1.661 Thread 0x000001a319f90800 nmethod 2249 0x000001a310144490 code [0x000001a310144640, 0x000001a310145188]
Event: 1.661 Thread 0x000001a319f90800 2253       4       java.io.DataOutputStream::writeByte (14 bytes)
Event: 1.661 Thread 0x000001a37f663800 nmethod 2269 0x000001a308f62b10 code [0x000001a308f62d00, 0x000001a308f63148]
Event: 1.662 Thread 0x000001a37f663800 2270   !   3       java.io.File::toPath (54 bytes)
Event: 1.663 Thread 0x000001a37f663800 nmethod 2270 0x000001a308f63390 code [0x000001a308f635a0, 0x000001a308f63ce8]
Event: 1.663 Thread 0x000001a37f663800 2271  s    3       java.util.Properties::put (10 bytes)
Event: 1.663 Thread 0x000001a37f663800 nmethod 2271 0x000001a308f63f10 code [0x000001a308f640e0, 0x000001a308f64408]
Event: 1.671 Thread 0x000001a37f663800 2274 %     3       java.util.Properties::load0 @ 29 (249 bytes)
Event: 1.672 Thread 0x000001a37f663800 nmethod 2274% 0x000001a308f64510 code [0x000001a308f64780, 0x000001a308f65588]
Event: 1.672 Thread 0x000001a319f90800 nmethod 2253 0x000001a310145610 code [0x000001a310145800, 0x000001a3101464f0]
Event: 1.672 Thread 0x000001a37f663800 2275       3       java.util.Properties::load0 (249 bytes)
Event: 1.672 Thread 0x000001a319f90800 2272 %     4       java.util.Properties::loadConvert @ 8 (524 bytes)
Event: 1.673 Thread 0x000001a37f663800 nmethod 2275 0x000001a308f65a90 code [0x000001a308f65d00, 0x000001a308f669a8]
Event: 1.674 Thread 0x000001a37f663800 2276       3       java.util.concurrent.ConcurrentHashMap$EntryIterator::next (5 bytes)
Event: 1.674 Thread 0x000001a37f663800 nmethod 2276 0x000001a308f66e10 code [0x000001a308f66fc0, 0x000001a308f670e8]
Event: 1.674 Thread 0x000001a37f663800 2278       3       java.util.concurrent.ConcurrentHashMap$MapEntry::<init> (20 bytes)
Event: 1.674 Thread 0x000001a37f663800 nmethod 2278 0x000001a308f67190 code [0x000001a308f67340, 0x000001a308f675b8]
Event: 1.674 Thread 0x000001a37f663800 2277       3       java.util.concurrent.ConcurrentHashMap$EntryIterator::next (51 bytes)
Event: 1.674 Thread 0x000001a37f663800 nmethod 2277 0x000001a308f67690 code [0x000001a308f67880, 0x000001a308f67d78]

GC Heap History (6 events):
Event: 0.599 GC heap before
{Heap before GC invocations=0 (full 0):
 garbage-first heap   total 131072K, used 24576K [0x0000000081c00000, 0x0000000100000000)
  region size 1024K, 24 young (24576K), 0 survivors (0K)
 Metaspace       used 11645K, capacity 11840K, committed 12032K, reserved 1060864K
  class space    used 1127K, capacity 1186K, committed 1280K, reserved 1048576K
}
Event: 0.605 GC heap after
{Heap after GC invocations=1 (full 0):
 garbage-first heap   total 131072K, used 7543K [0x0000000081c00000, 0x0000000100000000)
  region size 1024K, 3 young (3072K), 3 survivors (3072K)
 Metaspace       used 11645K, capacity 11840K, committed 12032K, reserved 1060864K
  class space    used 1127K, capacity 1186K, committed 1280K, reserved 1048576K
}
Event: 1.294 GC heap before
{Heap before GC invocations=1 (full 0):
 garbage-first heap   total 131072K, used 81271K [0x0000000081c00000, 0x0000000100000000)
  region size 1024K, 76 young (77824K), 3 survivors (3072K)
 Metaspace       used 20038K, capacity 20526K, committed 20608K, reserved 1067008K
  class space    used 2224K, capacity 2411K, committed 2432K, reserved 1048576K
}
Event: 1.300 GC heap after
{Heap after GC invocations=2 (full 0):
 garbage-first heap   total 131072K, used 10166K [0x0000000081c00000, 0x0000000100000000)
  region size 1024K, 6 young (6144K), 6 survivors (6144K)
 Metaspace       used 20038K, capacity 20526K, committed 20608K, reserved 1067008K
  class space    used 2224K, capacity 2411K, committed 2432K, reserved 1048576K
}
Event: 1.346 GC heap before
{Heap before GC invocations=2 (full 0):
 garbage-first heap   total 131072K, used 14262K [0x0000000081c00000, 0x0000000100000000)
  region size 1024K, 11 young (11264K), 6 survivors (6144K)
 Metaspace       used 20703K, capacity 21194K, committed 21248K, reserved 1069056K
  class space    used 2321K, capacity 2526K, committed 2560K, reserved 1048576K
}
Event: 1.352 GC heap after
{Heap after GC invocations=3 (full 0):
 garbage-first heap   total 131072K, used 10423K [0x0000000081c00000, 0x0000000100000000)
  region size 1024K, 3 young (3072K), 3 survivors (3072K)
 Metaspace       used 20703K, capacity 21194K, committed 21248K, reserved 1069056K
  class space    used 2321K, capacity 2526K, committed 2560K, reserved 1048576K
}

Deoptimization events (20 events):
Event: 1.471 Thread 0x000001a319f13800 Uncommon trap: trap_request=0xffffff4d fr.pc=0x000001a310084f44 relative=0x00000000000009e4
Event: 1.471 Thread 0x000001a319f13800 Uncommon trap: reason=unstable_if action=reinterpret pc=0x000001a310084f44 method=java.util.zip.ZipFile$Source.getEntryPos([BZ)I @ 156 c2
Event: 1.471 Thread 0x000001a319f13800 DEOPT PACKING pc=0x000001a310084f44 sp=0x00000027afefd910
Event: 1.471 Thread 0x000001a319f13800 DEOPT UNPACKING pc=0x000001a3085b74af sp=0x00000027afefd8b0 mode 2
Event: 1.561 Thread 0x000001a31a425800 Uncommon trap: trap_request=0xffffffc6 fr.pc=0x000001a31010543c relative=0x000000000000121c
Event: 1.561 Thread 0x000001a31a425800 Uncommon trap: reason=bimorphic_or_optimized_type_check action=maybe_recompile pc=0x000001a31010543c method=java.util.HashMap.putVal(ILjava/lang/Object;Ljava/lang/Object;ZZ)Ljava/lang/Object; @ 203 c2
Event: 1.561 Thread 0x000001a31a425800 DEOPT PACKING pc=0x000001a31010543c sp=0x00000027afffebc0
Event: 1.561 Thread 0x000001a31a425800 DEOPT UNPACKING pc=0x000001a3085b74af sp=0x00000027afffeb60 mode 2
Event: 1.564 Thread 0x000001a31a425800 Uncommon trap: trap_request=0xffffffc6 fr.pc=0x000001a31010543c relative=0x000000000000121c
Event: 1.564 Thread 0x000001a31a425800 Uncommon trap: reason=bimorphic_or_optimized_type_check action=maybe_recompile pc=0x000001a31010543c method=java.util.HashMap.putVal(ILjava/lang/Object;Ljava/lang/Object;ZZ)Ljava/lang/Object; @ 203 c2
Event: 1.564 Thread 0x000001a31a425800 DEOPT PACKING pc=0x000001a31010543c sp=0x00000027afffec50
Event: 1.564 Thread 0x000001a31a425800 DEOPT UNPACKING pc=0x000001a3085b74af sp=0x00000027afffebf0 mode 2
Event: 1.566 Thread 0x000001a31a425800 Uncommon trap: trap_request=0xffffffc6 fr.pc=0x000001a31010543c relative=0x000000000000121c
Event: 1.566 Thread 0x000001a31a425800 Uncommon trap: reason=bimorphic_or_optimized_type_check action=maybe_recompile pc=0x000001a31010543c method=java.util.HashMap.putVal(ILjava/lang/Object;Ljava/lang/Object;ZZ)Ljava/lang/Object; @ 203 c2
Event: 1.566 Thread 0x000001a31a425800 DEOPT PACKING pc=0x000001a31010543c sp=0x00000027afffeae0
Event: 1.566 Thread 0x000001a31a425800 DEOPT UNPACKING pc=0x000001a3085b74af sp=0x00000027afffea80 mode 2
Event: 1.618 Thread 0x000001a319f13800 Uncommon trap: trap_request=0xffffffc6 fr.pc=0x000001a31010543c relative=0x000000000000121c
Event: 1.618 Thread 0x000001a319f13800 Uncommon trap: reason=bimorphic_or_optimized_type_check action=maybe_recompile pc=0x000001a31010543c method=java.util.HashMap.putVal(ILjava/lang/Object;Ljava/lang/Object;ZZ)Ljava/lang/Object; @ 203 c2
Event: 1.618 Thread 0x000001a319f13800 DEOPT PACKING pc=0x000001a31010543c sp=0x00000027afefdfc0
Event: 1.618 Thread 0x000001a319f13800 DEOPT UNPACKING pc=0x000001a3085b74af sp=0x00000027afefdf60 mode 2

Classes redefined (0 events):
No events

Internal exceptions (20 events):
Event: 1.256 Thread 0x000001a319f13800 Exception <a 'java/lang/NoSuchMethodError'{0x000000008530a478}: 'org.slf4j.impl.StaticMDCBinder org.slf4j.impl.StaticMDCBinder.getSingleton()'> (0x000000008530a478) thrown at [./src/hotspot/share/interpreter/linkResolver.cpp, line 773]
Event: 1.258 Thread 0x000001a319f13800 Implicit null exception at 0x000001a3100a3af5 to 0x000001a3100a3cb4
Event: 1.319 Thread 0x000001a319f13800 Exception <a 'java/lang/NoSuchMethodError'{0x0000000089ac0ac8}: 'int java.lang.invoke.DirectMethodHandle$Holder.invokeInterface(java.lang.Object, java.lang.Object)'> (0x0000000089ac0ac8) thrown at [./src/hotspot/share/interpreter/linkResolver.cpp, line 773]
Event: 1.420 Thread 0x000001a319f13800 Exception <a 'java/lang/ClassNotFoundException'{0x000000008910dc00}: java/lang/ObjectCustomizer> (0x000000008910dc00) thrown at [./src/hotspot/share/classfile/systemDictionary.cpp, line 231]
Event: 1.431 Thread 0x000001a319f13800 Exception <a 'java/lang/ClassNotFoundException'{0x000000008913b418}: org/springframework/context/annotation/ConfigurationClassPostProcessorCustomizer> (0x000000008913b418) thrown at [./src/hotspot/share/classfile/systemDictionary.cpp, line 231]
Event: 1.435 Thread 0x000001a319f13800 Exception <a 'java/lang/ClassNotFoundException'{0x0000000089168e00}: org/springframework/beans/factory/support/BeanDefinitionRegistryPostProcessorCustomizer> (0x0000000089168e00) thrown at [./src/hotspot/share/classfile/systemDictionary.cpp, line 231]
Event: 1.435 Thread 0x000001a319f13800 Exception <a 'java/lang/ClassNotFoundException'{0x0000000088f50b78}: org/springframework/beans/factory/config/BeanFactoryPostProcessorCustomizer> (0x0000000088f50b78) thrown at [./src/hotspot/share/classfile/systemDictionary.cpp, line 231]
Event: 1.436 Thread 0x000001a319f13800 Exception <a 'java/lang/ClassNotFoundException'{0x0000000088f5f1a0}: org/springframework/core/PriorityOrderedCustomizer> (0x0000000088f5f1a0) thrown at [./src/hotspot/share/classfile/systemDictionary.cpp, line 231]
Event: 1.436 Thread 0x000001a319f13800 Exception <a 'java/lang/ClassNotFoundException'{0x0000000088f6b6c0}: org/springframework/core/OrderedCustomizer> (0x0000000088f6b6c0) thrown at [./src/hotspot/share/classfile/systemDictionary.cpp, line 231]
Event: 1.438 Thread 0x000001a319f13800 Exception <a 'java/lang/ClassNotFoundException'{0x0000000088f7a568}: org/springframework/context/ResourceLoaderAwareCustomizer> (0x0000000088f7a568) thrown at [./src/hotspot/share/classfile/systemDictionary.cpp, line 231]
Event: 1.439 Thread 0x000001a319f13800 Exception <a 'java/lang/ClassNotFoundException'{0x0000000088f886e8}: org/springframework/beans/factory/AwareCustomizer> (0x0000000088f886e8) thrown at [./src/hotspot/share/classfile/systemDictionary.cpp, line 231]
Event: 1.441 Thread 0x000001a319f13800 Exception <a 'java/lang/ClassNotFoundException'{0x0000000088f972d8}: org/springframework/context/ApplicationStartupAwareCustomizer> (0x0000000088f972d8) thrown at [./src/hotspot/share/classfile/systemDictionary.cpp, line 231]
Event: 1.442 Thread 0x000001a319f13800 Exception <a 'java/lang/ClassNotFoundException'{0x0000000088fa56d0}: org/springframework/beans/factory/AwareCustomizer> (0x0000000088fa56d0) thrown at [./src/hotspot/share/classfile/systemDictionary.cpp, line 231]
Event: 1.443 Thread 0x000001a319f13800 Exception <a 'java/lang/ClassNotFoundException'{0x0000000088fb4520}: org/springframework/beans/factory/BeanClassLoaderAwareCustomizer> (0x0000000088fb4520) thrown at [./src/hotspot/share/classfile/systemDictionary.cpp, line 231]
Event: 1.444 Thread 0x000001a319f13800 Exception <a 'java/lang/ClassNotFoundException'{0x0000000088e98960}: org/springframework/beans/factory/AwareCustomizer> (0x0000000088e98960) thrown at [./src/hotspot/share/classfile/systemDictionary.cpp, line 231]
Event: 1.444 Thread 0x000001a319f13800 Exception <a 'java/lang/ClassNotFoundException'{0x0000000088ea6658}: org/springframework/context/EnvironmentAwareCustomizer> (0x0000000088ea6658) thrown at [./src/hotspot/share/classfile/systemDictionary.cpp, line 231]
Event: 1.445 Thread 0x000001a319f13800 Exception <a 'java/lang/ClassNotFoundException'{0x0000000088eb4768}: org/springframework/beans/factory/AwareCustomizer> (0x0000000088eb4768) thrown at [./src/hotspot/share/classfile/systemDictionary.cpp, line 231]
Event: 1.603 Thread 0x000001a31a425800 Exception <a 'java/lang/NoSuchMethodError'{0x0000000087da23a8}: 'java.lang.Object java.lang.invoke.DirectMethodHandle$Holder.invokeStaticInit(java.lang.Object, java.lang.Object, java.lang.Object, java.lang.Object, java.lang.Object)'> (0x0000000087da23a8) thrown at [./src/hotspot/share/interpreter/linkResolver.cpp, line 773]
Event: 1.611 Thread 0x000001a31a425800 Exception <a 'java/lang/NoSuchMethodError'{0x0000000087cc70a0}: 'java.lang.Object java.lang.invoke.DirectMethodHandle$Holder.invokeSpecial(java.lang.Object, java.lang.Object, int, int, java.lang.Object, java.lang.Object, java.lang.Object)'> (0x0000000087cc70a0) thrown at [./src/hotspot/share/interpreter/linkResolver.cpp, line 773]
Event: 1.611 Thread 0x000001a31a425800 Exception <a 'java/lang/NoSuchMethodError'{0x0000000087cca630}: 'java.lang.Object java.lang.invoke.DelegatingMethodHandle$Holder.reinvoke_L(java.lang.Object, int, int, java.lang.Object, java.lang.Object, java.lang.Object)'> (0x0000000087cca630) thrown at [./src/hotspot/share/interpreter/linkResolver.cpp, line 773]

Events (20 events):
Event: 1.663 loading class com/fasterxml/jackson/databind/ser/DefaultSerializerProvider$Impl
Event: 1.663 loading class com/fasterxml/jackson/databind/ser/DefaultSerializerProvider$Impl done
Event: 1.664 loading class com/fasterxml/jackson/databind/deser/DeserializerFactory
Event: 1.664 loading class com/fasterxml/jackson/databind/deser/DeserializerFactory done
Event: 1.664 loading class com/fasterxml/jackson/databind/deser/BeanDeserializerFactory
Event: 1.664 loading class com/fasterxml/jackson/databind/deser/BeanDeserializerFactory done
Event: 1.666 loading class com/fasterxml/jackson/databind/deser/BasicDeserializerFactory
Event: 1.666 loading class com/fasterxml/jackson/databind/deser/BasicDeserializerFactory done
Event: 1.668 loading class com/fasterxml/jackson/databind/deser/DefaultDeserializationContext$Impl
Event: 1.668 loading class com/fasterxml/jackson/databind/deser/DefaultDeserializationContext$Impl done
Event: 1.668 loading class com/fasterxml/jackson/databind/ser/SerializerFactory
Event: 1.668 loading class com/fasterxml/jackson/databind/ser/SerializerFactory done
Event: 1.669 loading class com/fasterxml/jackson/databind/ser/BeanSerializerFactory
Event: 1.669 loading class com/fasterxml/jackson/databind/ser/BeanSerializerFactory done
Event: 1.671 loading class com/fasterxml/jackson/databind/ser/BasicSerializerFactory
Event: 1.671 loading class com/fasterxml/jackson/databind/ser/BasicSerializerFactory done
Event: 1.673 loading class com/fasterxml/jackson/databind/AnnotationIntrospector
Event: 1.673 loading class com/fasterxml/jackson/databind/AnnotationIntrospector done
Event: 1.674 loading class org/springframework/boot/autoconfigure/AutoConfigurationMetadataLoader$PropertiesAutoConfigurationMetadata
Event: 1.674 loading class org/springframework/boot/autoconfigure/AutoConfigurationMetadataLoader$PropertiesAutoConfigurationMetadata done


Dynamic libraries:
0x00007ff6ec090000 - 0x00007ff6ec09d000 	C:\Program Files\AdoptOpenJDK\jdk-11.0.8.10-hotspot\bin\java.exe
0x00007ff95df90000 - 0x00007ff95e185000 	C:\WINDOWS\SYSTEM32\ntdll.dll
0x00007ff95d680000 - 0x00007ff95d73d000 	C:\WINDOWS\System32\KERNEL32.DLL
0x00007ff95ba90000 - 0x00007ff95bd59000 	C:\WINDOWS\System32\KERNELBASE.dll
0x00007ff95b990000 - 0x00007ff95ba90000 	C:\WINDOWS\System32\ucrtbase.dll
0x00007ff953770000 - 0x00007ff953787000 	C:\Program Files\AdoptOpenJDK\jdk-11.0.8.10-hotspot\bin\jli.dll
0x00007ff95da10000 - 0x00007ff95dbb0000 	C:\WINDOWS\System32\USER32.dll
0x00007ff95b6c0000 - 0x00007ff95b6e2000 	C:\WINDOWS\System32\win32u.dll
0x00007ff93f360000 - 0x00007ff93f5fa000 	C:\WINDOWS\WinSxS\amd64_microsoft.windows.common-controls_6595b64144ccf1df_6.0.19041.1110_none_60b5254171f9507e\COMCTL32.dll
0x00007ff95dbb0000 - 0x00007ff95dbda000 	C:\WINDOWS\System32\GDI32.dll
0x00007ff95d490000 - 0x00007ff95d52e000 	C:\WINDOWS\System32\msvcrt.dll
0x00007ff95b6f0000 - 0x00007ff95b7fb000 	C:\WINDOWS\System32\gdi32full.dll
0x00007ff95bf50000 - 0x00007ff95bfed000 	C:\WINDOWS\System32\msvcp_win.dll
0x00007ff953750000 - 0x00007ff953765000 	C:\Program Files\AdoptOpenJDK\jdk-11.0.8.10-hotspot\bin\VCRUNTIME140.dll
0x00007ff95d460000 - 0x00007ff95d490000 	C:\WINDOWS\System32\IMM32.DLL
0x00007ff92e390000 - 0x00007ff92e42b000 	C:\Program Files\AdoptOpenJDK\jdk-11.0.8.10-hotspot\bin\msvcp140.dll
0x00007ff90ce00000 - 0x00007ff90d8bd000 	C:\Program Files\AdoptOpenJDK\jdk-11.0.8.10-hotspot\bin\server\jvm.dll
0x00007ff95bff0000 - 0x00007ff95c09c000 	C:\WINDOWS\System32\ADVAPI32.dll
0x00007ff95cef0000 - 0x00007ff95cf8b000 	C:\WINDOWS\System32\sechost.dll
0x00007ff95d8c0000 - 0x00007ff95d9ea000 	C:\WINDOWS\System32\RPCRT4.dll
0x00007ff95d090000 - 0x00007ff95d098000 	C:\WINDOWS\System32\PSAPI.DLL
0x00007ff94bf30000 - 0x00007ff94bf39000 	C:\WINDOWS\SYSTEM32\WSOCK32.dll
0x00007ff94c6a0000 - 0x00007ff94c6c7000 	C:\WINDOWS\SYSTEM32\WINMM.dll
0x00007ff95d590000 - 0x00007ff95d5fb000 	C:\WINDOWS\System32\WS2_32.dll
0x00007ff953f00000 - 0x00007ff953f0a000 	C:\WINDOWS\SYSTEM32\VERSION.dll
0x00007ff959f50000 - 0x00007ff959f62000 	C:\WINDOWS\SYSTEM32\kernel.appcore.dll
0x00007ff9556c0000 - 0x00007ff9556d0000 	C:\Program Files\AdoptOpenJDK\jdk-11.0.8.10-hotspot\bin\verify.dll
0x00007ff9594d0000 - 0x00007ff9596b4000 	C:\WINDOWS\SYSTEM32\DBGHELP.DLL
0x00007ff9422c0000 - 0x00007ff9422ec000 	C:\WINDOWS\SYSTEM32\dbgcore.DLL
0x00007ff95b900000 - 0x00007ff95b983000 	C:\WINDOWS\System32\bcryptPrimitives.dll
0x00007ff93f1b0000 - 0x00007ff93f1d8000 	C:\Program Files\AdoptOpenJDK\jdk-11.0.8.10-hotspot\bin\java.dll
0x00007ff955550000 - 0x00007ff95555a000 	C:\Program Files\AdoptOpenJDK\jdk-11.0.8.10-hotspot\bin\jimage.dll
0x00007ff9554f0000 - 0x00007ff9554fe000 	C:\Program Files\AdoptOpenJDK\jdk-11.0.8.10-hotspot\bin\instrument.dll
0x00007ff94e5c0000 - 0x00007ff94e5d7000 	C:\Program Files\AdoptOpenJDK\jdk-11.0.8.10-hotspot\bin\zip.dll
0x00007ff95c200000 - 0x00007ff95c93f000 	C:\WINDOWS\System32\SHELL32.dll
0x00007ff9597b0000 - 0x00007ff959f40000 	C:\WINDOWS\SYSTEM32\windows.storage.dll
0x00007ff95d100000 - 0x00007ff95d455000 	C:\WINDOWS\System32\combase.dll
0x00007ff95b050000 - 0x00007ff95b07c000 	C:\WINDOWS\SYSTEM32\Wldp.dll
0x00007ff95c0a0000 - 0x00007ff95c14e000 	C:\WINDOWS\System32\SHCORE.dll
0x00007ff95d530000 - 0x00007ff95d585000 	C:\WINDOWS\System32\shlwapi.dll
0x00007ff95b600000 - 0x00007ff95b61f000 	C:\WINDOWS\SYSTEM32\profapi.dll
0x00007ff93e570000 - 0x00007ff93e589000 	C:\Program Files\AdoptOpenJDK\jdk-11.0.8.10-hotspot\bin\net.dll
0x00007ff9511c0000 - 0x00007ff9512c8000 	C:\WINDOWS\SYSTEM32\WINHTTP.dll
0x00007ff95adb0000 - 0x00007ff95ae1a000 	C:\WINDOWS\system32\mswsock.dll
0x00007ff93e4c0000 - 0x00007ff93e4d2000 	C:\Program Files\AdoptOpenJDK\jdk-11.0.8.10-hotspot\bin\nio.dll
0x00007ff932f00000 - 0x00007ff932f1a000 	D:\IntelliJ IDEA 2021.1\bin\breakgen64.dll
0x00007ff9547a0000 - 0x00007ff9547a9000 	C:\Program Files\AdoptOpenJDK\jdk-11.0.8.10-hotspot\bin\management.dll
0x00007ff954550000 - 0x00007ff95455b000 	C:\Program Files\AdoptOpenJDK\jdk-11.0.8.10-hotspot\bin\management_ext.dll
0x00007ff93cc20000 - 0x00007ff93cc37000 	C:\WINDOWS\system32\napinsp.dll
0x00007ff93a170000 - 0x00007ff93a18b000 	C:\WINDOWS\system32\pnrpnsp.dll
0x00007ff955c70000 - 0x00007ff955c85000 	C:\WINDOWS\system32\wshbth.dll
0x00007ff956800000 - 0x00007ff95681d000 	C:\WINDOWS\system32\NLAapi.dll
0x00007ff95aaa0000 - 0x00007ff95aadb000 	C:\WINDOWS\SYSTEM32\IPHLPAPI.DLL
0x00007ff95aae0000 - 0x00007ff95abac000 	C:\WINDOWS\SYSTEM32\DNSAPI.dll
0x00007ff95d9f0000 - 0x00007ff95d9f8000 	C:\WINDOWS\System32\NSI.dll
0x00007ff939a10000 - 0x00007ff939a22000 	C:\WINDOWS\System32\winrnr.dll
0x00007ff952f60000 - 0x00007ff952f6a000 	C:\Windows\System32\rasadhlp.dll
0x00007ff951560000 - 0x00007ff9515df000 	C:\WINDOWS\System32\fwpuclnt.dll
0x00007ff95bf20000 - 0x00007ff95bf47000 	C:\WINDOWS\System32\bcrypt.dll

dbghelp: loaded successfully - version: 4.0.5 - missing functions: none
symbol engine: initialized successfully - sym options: 0x614 - pdb path: .;C:\Program Files\AdoptOpenJDK\jdk-11.0.8.10-hotspot\bin;C:\WINDOWS\SYSTEM32;C:\WINDOWS\WinSxS\amd64_microsoft.windows.common-controls_6595b64144ccf1df_6.0.19041.1110_none_60b5254171f9507e;C:\Program Files\AdoptOpenJDK\jdk-11.0.8.10-hotspot\bin\server;D:\IntelliJ IDEA 2021.1\bin

VM Arguments:
jvm_args: -javaagent:D:\IntelliJ IDEA 2021.1\lib\idea_rt.jar=57080:D:\IntelliJ IDEA 2021.1\bin -Dfile.encoding=UTF-8 
java_command: com.example.demo.SpringbootProjectApplication
java_class_path (initial): C:\Users\Admin\eclipse-workspace\Springboot_project\target\classes;C:\Users\Admin\.m2\repository\org\springframework\boot\spring-boot-starter-security\2.4.5\spring-boot-starter-security-2.4.5.jar;C:\Users\Admin\.m2\repository\org\springframework\boot\spring-boot-starter\2.4.5\spring-boot-starter-2.4.5.jar;C:\Users\Admin\.m2\repository\org\springframework\boot\spring-boot-starter-logging\2.4.5\spring-boot-starter-logging-2.4.5.jar;C:\Users\Admin\.m2\repository\ch\qos\logback\logback-classic\1.2.3\logback-classic-1.2.3.jar;C:\Users\Admin\.m2\repository\ch\qos\logback\logback-core\1.2.3\logback-core-1.2.3.jar;C:\Users\Admin\.m2\repository\org\apache\logging\log4j\log4j-to-slf4j\2.13.3\log4j-to-slf4j-2.13.3.jar;C:\Users\Admin\.m2\repository\org\apache\logging\log4j\log4j-api\2.13.3\log4j-api-2.13.3.jar;C:\Users\Admin\.m2\repository\org\slf4j\jul-to-slf4j\1.7.30\jul-to-slf4j-1.7.30.jar;C:\Users\Admin\.m2\repository\jakarta\annotation\jakarta.annotation-api\1.3.5\jakarta.annotation-api-1.3.5.jar;C:\Users\Admin\.m2\repository\org\yaml\snakeyaml\1.27\snakeyaml-1.27.jar;C:\Users\Admin\.m2\repository\org\springframework\spring-aop\5.3.6\spring-aop-5.3.6.jar;C:\Users\Admin\.m2\repository\org\springframework\spring-beans\5.3.6\spring-beans-5.3.6.jar;C:\Users\Admin\.m2\repository\org\springframework\security\spring-security-config\5.4.6\spring-security-config-5.4.6.jar;C:\Users\Admin\.m2\repository\org\springframework\spring-context\5.3.6\spring-context-5.3.6.jar;C:\Users\Admin\.m2\repository\org\springframework\security\spring-security-web\5.4.6\spring-security-web-5.4.6.jar;C:\Users\Admin\.m2\repository\org\springframework\spring-expression\5.3.6\spring-expression-5.3.6.jar;C:\Users\Admin\.m2\repository\org\springframework\boot\spring-boot-starter-thymeleaf\2.4.5\spring-boot-starter-thymeleaf-2.4.5.jar;C:\Users\Admin\.m2\repository\org\thymeleaf\thymeleaf-spring5\3.0.12.RELEASE\thymeleaf-spring5-3.0.12.RELEASE.jar;C:\Users\Admin\.m2\repository\org\
Launcher Type: SUN_STANDARD

[Global flags]
     intx CICompilerCount                          = 4                                         {product} {ergonomic}
     uint ConcGCThreads                            = 2                                         {product} {ergonomic}
     uint G1ConcRefinementThreads                  = 8                                         {product} {ergonomic}
   size_t G1HeapRegionSize                         = 1048576                                   {product} {ergonomic}
    uintx GCDrainStackTargetSize                   = 64                                        {product} {ergonomic}
   size_t InitialHeapSize                          = 134217728                                 {product} {ergonomic}
   size_t MarkStackSize                            = 4194304                                   {product} {ergonomic}
   size_t MaxHeapSize                              = 2118123520                                {product} {ergonomic}
   size_t MaxNewSize                               = 1270874112                                {product} {ergonomic}
   size_t MinHeapDeltaBytes                        = 1048576                                   {product} {ergonomic}
    uintx NonNMethodCodeHeapSize                   = 5836300                                {pd product} {ergonomic}
    uintx NonProfiledCodeHeapSize                  = 122910970                              {pd product} {ergonomic}
    uintx ProfiledCodeHeapSize                     = 122910970                              {pd product} {ergonomic}
    uintx ReservedCodeCacheSize                    = 251658240                              {pd product} {ergonomic}
     bool SegmentedCodeCache                       = true                                      {product} {ergonomic}
     bool UseCompressedClassPointers               = true                                 {lp64_product} {ergonomic}
     bool UseCompressedOops                        = true                                 {lp64_product} {ergonomic}
     bool UseG1GC                                  = true                                      {product} {ergonomic}
     bool UseLargePagesIndividualAllocation        = false                                  {pd product} {ergonomic}

Logging:
Log output configuration:
 #0: stdout all=warning uptime,level,tags
 #1: stderr all=off uptime,level,tags

Environment Variables:
JAVA_HOME=C:\Program Files\AdoptOpenJDK\jdk-11.0.8.10-hotspot\
PATH=C:\Program Files\AdoptOpenJDK\jdk-11.0.8.10-hotspot\bin;C:\WINDOWS\system32;C:\WINDOWS;C:\WINDOWS\System32\Wbem;C:\WINDOWS\System32\WindowsPowerShell\v1.0\;C:\WINDOWS\System32\OpenSSH\;C:\Program Files (x86)\Microsoft SQL Server\110\Tools\Binn\ManagementStudio\;C:\Program Files (x86)\Microsoft SQL Server\110\Tools\Binn\;C:\Program Files\Microsoft SQL Server\110\Tools\Binn\;C:\Program Files (x86)\Microsoft SQL Server\110\DTS\Binn\;C:\Program Files\Microsoft SQL Server\Client SDK\ODBC\110\Tools\Binn\;C:\Program Files (x86)\Microsoft SQL Server\120\Tools\Binn\;C:\Program Files\Microsoft SQL Server\120\Tools\Binn\;C:\Program Files\Microsoft SQL Server\120\DTS\Binn\;C:\Program Files (x86)\Microsoft SQL Server\120\Tools\Binn\ManagementStudio\;C:\Program Files (x86)\Microsoft SQL Server\120\DTS\Binn\;C:\Users\Admin\Downloads\apache-maven-3.6.0;C:\Users\Admin\Downloads\apache-maven-3.6.0\bin;C:\Program Files\NVIDIA Corporation\NVIDIA NvDLISR;C:\Program Files (x86)\NVIDIA Corporation\PhysX\Common;C:\Users\Admin\Downloads\apache-maven-3.6.0\bin;C:\Program Files\nodejs\;C:\Program Files\Git\cmd;C:\WINDOWS\system32;C:\WINDOWS;C:\WINDOWS\System32\Wbem;C:\WINDOWS\System32\WindowsPowerShell\v1.0\;C:\WINDOWS\System32\OpenSSH\;C:\Users\Admin\AppData\Local\Microsoft\WindowsApps;C:\Users\Admin\AppData\Local\Programs\Microsoft VS Code\bin;D:\apache-tomcat-9.0.37\bin;C:\Users\Admin\AppData\Roaming\npm;
USERNAME=Admin
OS=Windows_NT
PROCESSOR_IDENTIFIER=Intel64 Family 6 Model 158 Stepping 10, GenuineIntel



---------------  S Y S T E M  ---------------

OS: Windows 10 , 64 bit Build 19041 (10.0.19041.1151)
OS uptime: 12 days 23:44 hours

CPU:total 8 (initial active 8) (4 cores per cpu, 2 threads per core) family 6 model 158 stepping 10, cmov, cx8, fxsr, mmx, sse, sse2, sse3, ssse3, sse4.1, sse4.2, popcnt, avx, avx2, aes, clmul, erms, 3dnowpref, lzcnt, ht, tsc, tscinvbit, bmi1, bmi2, adx, fma

Memory: 4k page, system-wide physical 8072M (646M free)
TotalPageFile size 12168M (AvailPageFile size 5M)
current process WorkingSet (physical memory assigned to process): 185M, peak: 185M
current process commit charge ("private bytes"): 266M, peak: 266M

vm_info: OpenJDK 64-Bit Server VM (11.0.8+10) for windows-amd64 JRE (11.0.8+10), built on Jul 15 2020 11:45:54 by "" with MS VC++ 15.9 (VS2017)

END.
