#
# There is insufficient memory for the Java Runtime Environment to continue.
# Native memory allocation (malloc) failed to allocate 1616816 bytes for Chunk::new
# Possible reasons:
#   The system is out of physical RAM or swap space
#   The process is running with CompressedOops enabled, and the Java Heap may be blocking the growth of the native heap
# Possible solutions:
#   Reduce memory load on the system
#   Increase physical memory or swap space
#   Check if swap backing store is full
#   Decrease Java heap size (-Xmx/-Xms)
#   Decrease number of Java threads
#   Decrease Java thread stack sizes (-Xss)
#   Set larger code cache with -XX:ReservedCodeCacheSize=
#   JVM is running with Unscaled Compressed Oops mode in which the Java heap is
#     placed in the first 4GB address space. The Java Heap base address is the
#     maximum limit for the native heap growth. Please use -XX:HeapBaseMinAddress
#     to set the Java Heap base and to place the Java Heap above 4GB virtual address.
# This output file may be truncated or incomplete.
#
#  Out of Memory Error (./src/hotspot/share/memory/arena.cpp:197), pid=18732, tid=6232
#
# JRE version: OpenJDK Runtime Environment AdoptOpenJDK (11.0.8+10) (build 11.0.8+10)
# Java VM: OpenJDK 64-Bit Server VM AdoptOpenJDK (11.0.8+10, mixed mode, tiered, compressed oops, g1 gc, windows-amd64)
# No core dump will be written. Minidumps are not enabled by default on client versions of Windows
#

---------------  S U M M A R Y ------------

Command Line: -javaagent:D:\IntelliJ IDEA 2021.1\lib\idea_rt.jar=56317:D:\IntelliJ IDEA 2021.1\bin -Dfile.encoding=UTF-8 com.example.demo.SpringbootProjectApplication

Host: Intel(R) Core(TM) i5-9300H CPU @ 2.40GHz, 8 cores, 7G,  Windows 10 , 64 bit Build 19041 (10.0.19041.1202)
Time: Mon Oct 25 15:53:08 2021 SE Asia Standard Time elapsed time: 17 seconds (0d 0h 0m 17s)

---------------  T H R E A D  ---------------

Current thread (0x000001bdad786000):  JavaThread "C2 CompilerThread1" daemon [_thread_in_native, id=6232, stack(0x00000007a7a00000,0x00000007a7b00000)]


Current CompileTask:
C2:  17398 5614       4       org.springframework.core.annotation.TypeMappedAnnotations::get (52 bytes)

Stack: [0x00000007a7a00000,0x00000007a7b00000]
Native frames: (J=compiled Java code, j=interpreted, Vv=VM code, C=native code)
V  [jvm.dll+0x5dfa5a]
V  [jvm.dll+0x7175ce]
V  [jvm.dll+0x718c9f]
V  [jvm.dll+0x719363]
V  [jvm.dll+0x240e48]
V  [jvm.dll+0xb96ac]
V  [jvm.dll+0xb9dac]
V  [jvm.dll+0x346342]
V  [jvm.dll+0x193639]
V  [jvm.dll+0x1faa32]
V  [jvm.dll+0x1f9adf]
V  [jvm.dll+0x17e4ec]
V  [jvm.dll+0x208f27]
V  [jvm.dll+0x20710b]
V  [jvm.dll+0x6dc339]
V  [jvm.dll+0x6d53e4]
V  [jvm.dll+0x5de996]
C  [ucrtbase.dll+0x21bb2]
C  [KERNEL32.DLL+0x17034]
C  [ntdll.dll+0x52651]


---------------  P R O C E S S  ---------------

Threads class SMR info:
_java_thread_list=0x000001bdafe16110, length=17, elements={
0x000001bd8da6b800, 0x000001bdac979000, 0x000001bdac982800, 0x000001bdac990000,
0x000001bdac991000, 0x000001bdac992800, 0x000001bdad2f1800, 0x000001bdac997000,
0x000001bdad453000, 0x000001bdad745000, 0x000001bdad69d800, 0x000001bdad668800,
0x000001bdae2d7000, 0x000001bdb21ed800, 0x000001bdb49e6000, 0x000001bdad786000,
0x000001bdad697000
}

Java Threads: ( => current thread )
  0x000001bd8da6b800 JavaThread "main" [_thread_blocked, id=12528, stack(0x00000007a6b00000,0x00000007a6c00000)]
  0x000001bdac979000 JavaThread "Reference Handler" daemon [_thread_blocked, id=8372, stack(0x00000007a7200000,0x00000007a7300000)]
  0x000001bdac982800 JavaThread "Finalizer" daemon [_thread_blocked, id=8284, stack(0x00000007a7300000,0x00000007a7400000)]
  0x000001bdac990000 JavaThread "Signal Dispatcher" daemon [_thread_blocked, id=10360, stack(0x00000007a7400000,0x00000007a7500000)]
  0x000001bdac991000 JavaThread "Attach Listener" daemon [_thread_blocked, id=7660, stack(0x00000007a7500000,0x00000007a7600000)]
  0x000001bdac992800 JavaThread "C2 CompilerThread0" daemon [_thread_in_native, id=3636, stack(0x00000007a7600000,0x00000007a7700000)]
  0x000001bdad2f1800 JavaThread "C1 CompilerThread0" daemon [_thread_blocked, id=5744, stack(0x00000007a7700000,0x00000007a7800000)]
  0x000001bdac997000 JavaThread "Sweeper thread" daemon [_thread_blocked, id=992, stack(0x00000007a7800000,0x00000007a7900000)]
  0x000001bdad453000 JavaThread "Common-Cleaner" daemon [_thread_blocked, id=15688, stack(0x00000007a7900000,0x00000007a7a00000)]
  0x000001bdad745000 JavaThread "Monitor Ctrl-Break" daemon [_thread_in_native, id=10740, stack(0x00000007a7c00000,0x00000007a7d00000)]
  0x000001bdad69d800 JavaThread "Service Thread" daemon [_thread_blocked, id=14256, stack(0x00000007a7d00000,0x00000007a7e00000)]
  0x000001bdad668800 JavaThread "Thread-0" [_thread_blocked, id=11528, stack(0x00000007a8100000,0x00000007a8200000)]
  0x000001bdae2d7000 JavaThread "restartedMain" [_thread_in_Java, id=8944, stack(0x00000007a8200000,0x00000007a8300000)]
  0x000001bdb21ed800 JavaThread "mssql-jdbc-shared-timer-core-0" daemon [_thread_blocked, id=3832, stack(0x00000007a8a00000,0x00000007a8b00000)]
  0x000001bdb49e6000 JavaThread "HikariPool-1 housekeeper" daemon [_thread_blocked, id=7732, stack(0x00000007a8b00000,0x00000007a8c00000)]
=>0x000001bdad786000 JavaThread "C2 CompilerThread1" daemon [_thread_in_native, id=6232, stack(0x00000007a7a00000,0x00000007a7b00000)]
  0x000001bdad697000 JavaThread "C2 CompilerThread2" daemon [_thread_in_native, id=8360, stack(0x00000007a7b00000,0x00000007a7c00000)]

Other Threads:
  0x000001bdac953000 VMThread "VM Thread" [stack: 0x00000007a7100000,0x00000007a7200000] [id=5728]
  0x000001bdad69e800 WatcherThread [stack: 0x00000007a7e00000,0x00000007a7f00000] [id=12732]
  0x000001bd8da84000 GCTaskThread "GC Thread#0" [stack: 0x00000007a6c00000,0x00000007a6d00000] [id=17856]
  0x000001bdada9e000 GCTaskThread "GC Thread#1" [stack: 0x00000007a7f00000,0x00000007a8000000] [id=16488]
  0x000001bdae1c7800 GCTaskThread "GC Thread#2" [stack: 0x00000007a8000000,0x00000007a8100000] [id=19504]
  0x000001bdae629000 GCTaskThread "GC Thread#3" [stack: 0x00000007a8300000,0x00000007a8400000] [id=13016]
  0x000001bdae639800 GCTaskThread "GC Thread#4" [stack: 0x00000007a8400000,0x00000007a8500000] [id=18912]
  0x000001bdae363000 GCTaskThread "GC Thread#5" [stack: 0x00000007a8500000,0x00000007a8600000] [id=3684]
  0x000001bdae3ff800 GCTaskThread "GC Thread#6" [stack: 0x00000007a8700000,0x00000007a8800000] [id=15240]
  0x000001bdae467000 GCTaskThread "GC Thread#7" [stack: 0x00000007a8800000,0x00000007a8900000] [id=8752]
  0x000001bd8dab4000 ConcurrentGCThread "G1 Main Marker" [stack: 0x00000007a6d00000,0x00000007a6e00000] [id=11220]
  0x000001bd8dab5800 ConcurrentGCThread "G1 Conc#0" [stack: 0x00000007a6e00000,0x00000007a6f00000] [id=10212]
  0x000001bdaeeb0800 ConcurrentGCThread "G1 Conc#1" [stack: 0x00000007a8900000,0x00000007a8a00000] [id=916]
  0x000001bdac7c2800 ConcurrentGCThread "G1 Refine#0" [stack: 0x00000007a6f00000,0x00000007a7000000] [id=3260]
  0x000001bd8db39800 ConcurrentGCThread "G1 Young RemSet Sampling" [stack: 0x00000007a7000000,0x00000007a7100000] [id=20016]

Threads with active compile tasks:
C2 CompilerThread0  17423 5615       4       org.springframework.core.annotation.TypeMappedAnnotations$MergedAnnotationFinder::doWithAnnotations (75 bytes)
C2 CompilerThread1  17423 5614       4       org.springframework.core.annotation.TypeMappedAnnotations::get (52 bytes)
C2 CompilerThread2  17423 5616       4       org.springframework.core.annotation.TypeMappedAnnotations$MergedAnnotationFinder::doWithAnnotations (10 bytes)

VM state:not at safepoint (normal execution)

VM Mutex/Monitor currently owned by a thread:  ([mutex/lock_event])
[0x000001bd8da668e0] SystemDictionary_lock - owner thread: 0x0000000000000000

Heap address: 0x0000000081c00000, size: 2020 MB, Compressed Oops mode: 32-bit
Narrow klass base: 0x0000000000000000, Narrow klass shift: 3
Compressed class space size: 1073741824 Address: 0x0000000100000000

Heap:
 garbage-first heap   total 157696K, used 103584K [0x0000000081c00000, 0x0000000100000000)
  region size 1024K, 88 young (90112K), 12 survivors (12288K)
 Metaspace       used 68495K, capacity 70086K, committed 70272K, reserved 1110016K
  class space    used 8661K, capacity 9267K, committed 9344K, reserved 1048576K
Heap Regions: E=young(eden), S=young(survivor), O=old, HS=humongous(starts), HC=humongous(continues), CS=collection set, F=free, A=archive, TAMS=top-at-mark-start (previous, next)
|   0|0x0000000081c00000, 0x0000000081d00000, 0x0000000081d00000|100%|HS|  |TAMS 0x0000000081d00000, 0x0000000081c00000| Complete 
|   1|0x0000000081d00000, 0x0000000081e00000, 0x0000000081e00000|100%| O|  |TAMS 0x0000000081e00000, 0x0000000081d00000| Untracked 
|   2|0x0000000081e00000, 0x0000000081f00000, 0x0000000081f00000|100%| O|  |TAMS 0x0000000081f00000, 0x0000000081e00000| Untracked 
|   3|0x0000000081f00000, 0x0000000082000000, 0x0000000082000000|100%| O|  |TAMS 0x0000000082000000, 0x0000000081f00000| Untracked 
|   4|0x0000000082000000, 0x0000000082100000, 0x0000000082100000|100%| O|  |TAMS 0x0000000082100000, 0x0000000082000000| Untracked 
|   5|0x0000000082100000, 0x0000000082200000, 0x0000000082200000|100%| O|  |TAMS 0x0000000082200000, 0x0000000082100000| Untracked 
|   6|0x0000000082200000, 0x0000000082300000, 0x0000000082300000|100%| O|  |TAMS 0x0000000082300000, 0x0000000082200000| Untracked 
|   7|0x0000000082300000, 0x0000000082400000, 0x0000000082400000|100%| O|  |TAMS 0x0000000082400000, 0x0000000082300000| Untracked 
|   8|0x0000000082400000, 0x0000000082500000, 0x0000000082500000|100%| O|  |TAMS 0x0000000082500000, 0x0000000082400000| Untracked 
|   9|0x0000000082500000, 0x0000000082600000, 0x0000000082600000|100%| O|  |TAMS 0x0000000082600000, 0x0000000082500000| Untracked 
|  10|0x0000000082600000, 0x0000000082700000, 0x0000000082700000|100%| O|  |TAMS 0x0000000082700000, 0x0000000082600000| Untracked 
|  11|0x0000000082700000, 0x0000000082800000, 0x0000000082800000|100%| O|  |TAMS 0x0000000082800000, 0x0000000082700000| Untracked 
|  12|0x0000000082800000, 0x0000000082900000, 0x0000000082900000|100%| O|  |TAMS 0x0000000082900000, 0x0000000082800000| Untracked 
|  13|0x0000000082900000, 0x0000000082a00000, 0x0000000082a00000|100%| O|  |TAMS 0x0000000082a00000, 0x0000000082900000| Untracked 
|  14|0x0000000082a00000, 0x0000000082aefc00, 0x0000000082b00000| 93%| O|  |TAMS 0x0000000082aefc00, 0x0000000082a00000| Untracked 
|  15|0x0000000082b00000, 0x0000000082b00000, 0x0000000082c00000|  0%| F|  |TAMS 0x0000000082b00000, 0x0000000082b00000| Untracked 
|  16|0x0000000082c00000, 0x0000000082c00000, 0x0000000082d00000|  0%| F|  |TAMS 0x0000000082c00000, 0x0000000082c00000| Untracked 
|  17|0x0000000082d00000, 0x0000000082d00000, 0x0000000082e00000|  0%| F|  |TAMS 0x0000000082d00000, 0x0000000082d00000| Untracked 
|  18|0x0000000082e00000, 0x0000000082e00000, 0x0000000082f00000|  0%| F|  |TAMS 0x0000000082e00000, 0x0000000082e00000| Untracked 
|  19|0x0000000082f00000, 0x0000000082f00000, 0x0000000083000000|  0%| F|  |TAMS 0x0000000082f00000, 0x0000000082f00000| Untracked 
|  20|0x0000000083000000, 0x0000000083000000, 0x0000000083100000|  0%| F|  |TAMS 0x0000000083000000, 0x0000000083000000| Untracked 
|  21|0x0000000083100000, 0x0000000083100000, 0x0000000083200000|  0%| F|  |TAMS 0x0000000083100000, 0x0000000083100000| Untracked 
|  22|0x0000000083200000, 0x0000000083200000, 0x0000000083300000|  0%| F|  |TAMS 0x0000000083200000, 0x0000000083200000| Untracked 
|  23|0x0000000083300000, 0x0000000083300000, 0x0000000083400000|  0%| F|  |TAMS 0x0000000083300000, 0x0000000083300000| Untracked 
|  24|0x0000000083400000, 0x0000000083400000, 0x0000000083500000|  0%| F|  |TAMS 0x0000000083400000, 0x0000000083400000| Untracked 
|  25|0x0000000083500000, 0x0000000083500000, 0x0000000083600000|  0%| F|  |TAMS 0x0000000083500000, 0x0000000083500000| Untracked 
|  26|0x0000000083600000, 0x0000000083600000, 0x0000000083700000|  0%| F|  |TAMS 0x0000000083600000, 0x0000000083600000| Untracked 
|  27|0x0000000083700000, 0x0000000083700000, 0x0000000083800000|  0%| F|  |TAMS 0x0000000083700000, 0x0000000083700000| Untracked 
|  28|0x0000000083800000, 0x0000000083800000, 0x0000000083900000|  0%| F|  |TAMS 0x0000000083800000, 0x0000000083800000| Untracked 
|  29|0x0000000083900000, 0x0000000083900000, 0x0000000083a00000|  0%| F|  |TAMS 0x0000000083900000, 0x0000000083900000| Untracked 
|  30|0x0000000083a00000, 0x0000000083a00000, 0x0000000083b00000|  0%| F|  |TAMS 0x0000000083a00000, 0x0000000083a00000| Untracked 
|  31|0x0000000083b00000, 0x0000000083b00000, 0x0000000083c00000|  0%| F|  |TAMS 0x0000000083b00000, 0x0000000083b00000| Untracked 
|  32|0x0000000083c00000, 0x0000000083c00000, 0x0000000083d00000|  0%| F|  |TAMS 0x0000000083c00000, 0x0000000083c00000| Untracked 
|  33|0x0000000083d00000, 0x0000000083d00000, 0x0000000083e00000|  0%| F|  |TAMS 0x0000000083d00000, 0x0000000083d00000| Untracked 
|  34|0x0000000083e00000, 0x0000000083e00000, 0x0000000083f00000|  0%| F|  |TAMS 0x0000000083e00000, 0x0000000083e00000| Untracked 
|  35|0x0000000083f00000, 0x0000000083f00000, 0x0000000084000000|  0%| F|  |TAMS 0x0000000083f00000, 0x0000000083f00000| Untracked 
|  36|0x0000000084000000, 0x0000000084000000, 0x0000000084100000|  0%| F|  |TAMS 0x0000000084000000, 0x0000000084000000| Untracked 
|  37|0x0000000084100000, 0x0000000084100000, 0x0000000084200000|  0%| F|  |TAMS 0x0000000084100000, 0x0000000084100000| Untracked 
|  38|0x0000000084200000, 0x0000000084200000, 0x0000000084300000|  0%| F|  |TAMS 0x0000000084200000, 0x0000000084200000| Untracked 
|  39|0x0000000084300000, 0x0000000084300000, 0x0000000084400000|  0%| F|  |TAMS 0x0000000084300000, 0x0000000084300000| Untracked 
|  40|0x0000000084400000, 0x0000000084400000, 0x0000000084500000|  0%| F|  |TAMS 0x0000000084400000, 0x0000000084400000| Untracked 
|  41|0x0000000084500000, 0x0000000084500000, 0x0000000084600000|  0%| F|  |TAMS 0x0000000084500000, 0x0000000084500000| Untracked 
|  42|0x0000000084600000, 0x0000000084600000, 0x0000000084700000|  0%| F|  |TAMS 0x0000000084600000, 0x0000000084600000| Untracked 
|  43|0x0000000084700000, 0x0000000084700000, 0x0000000084800000|  0%| F|  |TAMS 0x0000000084700000, 0x0000000084700000| Untracked 
|  44|0x0000000084800000, 0x0000000084800000, 0x0000000084900000|  0%| F|  |TAMS 0x0000000084800000, 0x0000000084800000| Untracked 
|  45|0x0000000084900000, 0x0000000084900000, 0x0000000084a00000|  0%| F|  |TAMS 0x0000000084900000, 0x0000000084900000| Untracked 
|  46|0x0000000084a00000, 0x0000000084a00000, 0x0000000084b00000|  0%| F|  |TAMS 0x0000000084a00000, 0x0000000084a00000| Untracked 
|  47|0x0000000084b00000, 0x0000000084b00000, 0x0000000084c00000|  0%| F|  |TAMS 0x0000000084b00000, 0x0000000084b00000| Untracked 
|  48|0x0000000084c00000, 0x0000000084c00000, 0x0000000084d00000|  0%| F|  |TAMS 0x0000000084c00000, 0x0000000084c00000| Untracked 
|  49|0x0000000084d00000, 0x0000000084d00000, 0x0000000084e00000|  0%| F|  |TAMS 0x0000000084d00000, 0x0000000084d00000| Untracked 
|  50|0x0000000084e00000, 0x0000000084e00000, 0x0000000084f00000|  0%| F|  |TAMS 0x0000000084e00000, 0x0000000084e00000| Untracked 
|  51|0x0000000084f00000, 0x0000000084f00000, 0x0000000085000000|  0%| F|  |TAMS 0x0000000084f00000, 0x0000000084f00000| Untracked 
|  52|0x0000000085000000, 0x0000000085000000, 0x0000000085100000|  0%| F|  |TAMS 0x0000000085000000, 0x0000000085000000| Untracked 
|  53|0x0000000085100000, 0x0000000085100000, 0x0000000085200000|  0%| F|  |TAMS 0x0000000085100000, 0x0000000085100000| Untracked 
|  54|0x0000000085200000, 0x0000000085200000, 0x0000000085300000|  0%| F|  |TAMS 0x0000000085200000, 0x0000000085200000| Untracked 
|  55|0x0000000085300000, 0x0000000085300000, 0x0000000085400000|  0%| F|  |TAMS 0x0000000085300000, 0x0000000085300000| Untracked 
|  56|0x0000000085400000, 0x0000000085400000, 0x0000000085500000|  0%| F|  |TAMS 0x0000000085400000, 0x0000000085400000| Untracked 
|  57|0x0000000085500000, 0x0000000085500000, 0x0000000085600000|  0%| F|  |TAMS 0x0000000085500000, 0x0000000085500000| Untracked 
|  58|0x0000000085600000, 0x0000000085600000, 0x0000000085700000|  0%| F|  |TAMS 0x0000000085600000, 0x0000000085600000| Untracked 
|  59|0x0000000085700000, 0x0000000085700000, 0x0000000085800000|  0%| F|  |TAMS 0x0000000085700000, 0x0000000085700000| Untracked 
|  60|0x0000000085800000, 0x0000000085800000, 0x0000000085900000|  0%| F|  |TAMS 0x0000000085800000, 0x0000000085800000| Untracked 
|  61|0x0000000085900000, 0x0000000085900000, 0x0000000085a00000|  0%| F|  |TAMS 0x0000000085900000, 0x0000000085900000| Untracked 
|  62|0x0000000085a00000, 0x0000000085a00000, 0x0000000085b00000|  0%| F|  |TAMS 0x0000000085a00000, 0x0000000085a00000| Untracked 
|  63|0x0000000085b00000, 0x0000000085b00000, 0x0000000085c00000|  0%| F|  |TAMS 0x0000000085b00000, 0x0000000085b00000| Untracked 
|  64|0x0000000085c00000, 0x0000000085c00000, 0x0000000085d00000|  0%| F|  |TAMS 0x0000000085c00000, 0x0000000085c00000| Untracked 
|  65|0x0000000085d00000, 0x0000000085d00000, 0x0000000085e00000|  0%| F|  |TAMS 0x0000000085d00000, 0x0000000085d00000| Untracked 
|  66|0x0000000085e00000, 0x0000000085f00000, 0x0000000085f00000|100%| E|  |TAMS 0x0000000085e00000, 0x0000000085e00000| Complete 
|  67|0x0000000085f00000, 0x0000000086000000, 0x0000000086000000|100%| E|CS|TAMS 0x0000000085f00000, 0x0000000085f00000| Complete 
|  68|0x0000000086000000, 0x0000000086100000, 0x0000000086100000|100%| E|CS|TAMS 0x0000000086000000, 0x0000000086000000| Complete 
|  69|0x0000000086100000, 0x0000000086200000, 0x0000000086200000|100%| E|CS|TAMS 0x0000000086100000, 0x0000000086100000| Complete 
|  70|0x0000000086200000, 0x0000000086300000, 0x0000000086300000|100%| E|CS|TAMS 0x0000000086200000, 0x0000000086200000| Complete 
|  71|0x0000000086300000, 0x00000000863386e0, 0x0000000086400000| 22%| S|CS|TAMS 0x0000000086300000, 0x0000000086300000| Complete 
|  72|0x0000000086400000, 0x0000000086500000, 0x0000000086500000|100%| S|CS|TAMS 0x0000000086400000, 0x0000000086400000| Complete 
|  73|0x0000000086500000, 0x0000000086600000, 0x0000000086600000|100%| S|CS|TAMS 0x0000000086500000, 0x0000000086500000| Complete 
|  74|0x0000000086600000, 0x0000000086700000, 0x0000000086700000|100%| S|CS|TAMS 0x0000000086600000, 0x0000000086600000| Complete 
|  75|0x0000000086700000, 0x0000000086800000, 0x0000000086800000|100%| S|CS|TAMS 0x0000000086700000, 0x0000000086700000| Complete 
|  76|0x0000000086800000, 0x0000000086900000, 0x0000000086900000|100%| S|CS|TAMS 0x0000000086800000, 0x0000000086800000| Complete 
|  77|0x0000000086900000, 0x0000000086a00000, 0x0000000086a00000|100%| S|CS|TAMS 0x0000000086900000, 0x0000000086900000| Complete 
|  78|0x0000000086a00000, 0x0000000086b00000, 0x0000000086b00000|100%| S|CS|TAMS 0x0000000086a00000, 0x0000000086a00000| Complete 
|  79|0x0000000086b00000, 0x0000000086c00000, 0x0000000086c00000|100%| S|CS|TAMS 0x0000000086b00000, 0x0000000086b00000| Complete 
|  80|0x0000000086c00000, 0x0000000086d00000, 0x0000000086d00000|100%| S|CS|TAMS 0x0000000086c00000, 0x0000000086c00000| Complete 
|  81|0x0000000086d00000, 0x0000000086e00000, 0x0000000086e00000|100%| S|CS|TAMS 0x0000000086d00000, 0x0000000086d00000| Complete 
|  82|0x0000000086e00000, 0x0000000086f00000, 0x0000000086f00000|100%| S|CS|TAMS 0x0000000086e00000, 0x0000000086e00000| Complete 
|  83|0x0000000086f00000, 0x0000000087000000, 0x0000000087000000|100%| E|CS|TAMS 0x0000000086f00000, 0x0000000086f00000| Complete 
|  84|0x0000000087000000, 0x0000000087100000, 0x0000000087100000|100%| E|CS|TAMS 0x0000000087000000, 0x0000000087000000| Complete 
|  85|0x0000000087100000, 0x0000000087200000, 0x0000000087200000|100%| E|CS|TAMS 0x0000000087100000, 0x0000000087100000| Complete 
|  86|0x0000000087200000, 0x0000000087300000, 0x0000000087300000|100%| E|CS|TAMS 0x0000000087200000, 0x0000000087200000| Complete 
|  87|0x0000000087300000, 0x0000000087400000, 0x0000000087400000|100%| E|CS|TAMS 0x0000000087300000, 0x0000000087300000| Complete 
|  88|0x0000000087400000, 0x0000000087500000, 0x0000000087500000|100%| E|CS|TAMS 0x0000000087400000, 0x0000000087400000| Complete 
|  89|0x0000000087500000, 0x0000000087600000, 0x0000000087600000|100%| E|CS|TAMS 0x0000000087500000, 0x0000000087500000| Complete 
|  90|0x0000000087600000, 0x0000000087700000, 0x0000000087700000|100%| E|CS|TAMS 0x0000000087600000, 0x0000000087600000| Complete 
|  91|0x0000000087700000, 0x0000000087800000, 0x0000000087800000|100%| E|CS|TAMS 0x0000000087700000, 0x0000000087700000| Complete 
|  92|0x0000000087800000, 0x0000000087900000, 0x0000000087900000|100%| E|CS|TAMS 0x0000000087800000, 0x0000000087800000| Complete 
|  93|0x0000000087900000, 0x0000000087a00000, 0x0000000087a00000|100%| E|CS|TAMS 0x0000000087900000, 0x0000000087900000| Complete 
|  94|0x0000000087a00000, 0x0000000087b00000, 0x0000000087b00000|100%| E|CS|TAMS 0x0000000087a00000, 0x0000000087a00000| Complete 
|  95|0x0000000087b00000, 0x0000000087c00000, 0x0000000087c00000|100%| E|CS|TAMS 0x0000000087b00000, 0x0000000087b00000| Complete 
|  96|0x0000000087c00000, 0x0000000087d00000, 0x0000000087d00000|100%| E|CS|TAMS 0x0000000087c00000, 0x0000000087c00000| Complete 
|  97|0x0000000087d00000, 0x0000000087e00000, 0x0000000087e00000|100%| E|CS|TAMS 0x0000000087d00000, 0x0000000087d00000| Complete 
|  98|0x0000000087e00000, 0x0000000087f00000, 0x0000000087f00000|100%| E|CS|TAMS 0x0000000087e00000, 0x0000000087e00000| Complete 
|  99|0x0000000087f00000, 0x0000000088000000, 0x0000000088000000|100%| E|CS|TAMS 0x0000000087f00000, 0x0000000087f00000| Complete 
| 100|0x0000000088000000, 0x0000000088100000, 0x0000000088100000|100%| E|CS|TAMS 0x0000000088000000, 0x0000000088000000| Complete 
| 101|0x0000000088100000, 0x0000000088200000, 0x0000000088200000|100%| E|CS|TAMS 0x0000000088100000, 0x0000000088100000| Complete 
| 102|0x0000000088200000, 0x0000000088300000, 0x0000000088300000|100%| E|CS|TAMS 0x0000000088200000, 0x0000000088200000| Complete 
| 103|0x0000000088300000, 0x0000000088400000, 0x0000000088400000|100%| E|CS|TAMS 0x0000000088300000, 0x0000000088300000| Complete 
| 104|0x0000000088400000, 0x0000000088500000, 0x0000000088500000|100%| E|CS|TAMS 0x0000000088400000, 0x0000000088400000| Complete 
| 105|0x0000000088500000, 0x0000000088600000, 0x0000000088600000|100%| E|CS|TAMS 0x0000000088500000, 0x0000000088500000| Complete 
| 106|0x0000000088600000, 0x0000000088700000, 0x0000000088700000|100%| E|CS|TAMS 0x0000000088600000, 0x0000000088600000| Complete 
| 107|0x0000000088700000, 0x0000000088800000, 0x0000000088800000|100%| E|CS|TAMS 0x0000000088700000, 0x0000000088700000| Complete 
| 108|0x0000000088800000, 0x0000000088900000, 0x0000000088900000|100%| E|CS|TAMS 0x0000000088800000, 0x0000000088800000| Complete 
| 109|0x0000000088900000, 0x0000000088a00000, 0x0000000088a00000|100%| E|CS|TAMS 0x0000000088900000, 0x0000000088900000| Complete 
| 110|0x0000000088a00000, 0x0000000088b00000, 0x0000000088b00000|100%| E|CS|TAMS 0x0000000088a00000, 0x0000000088a00000| Complete 
| 111|0x0000000088b00000, 0x0000000088c00000, 0x0000000088c00000|100%| E|CS|TAMS 0x0000000088b00000, 0x0000000088b00000| Complete 
| 112|0x0000000088c00000, 0x0000000088d00000, 0x0000000088d00000|100%| E|CS|TAMS 0x0000000088c00000, 0x0000000088c00000| Complete 
| 113|0x0000000088d00000, 0x0000000088e00000, 0x0000000088e00000|100%| E|CS|TAMS 0x0000000088d00000, 0x0000000088d00000| Complete 
| 114|0x0000000088e00000, 0x0000000088f00000, 0x0000000088f00000|100%| E|CS|TAMS 0x0000000088e00000, 0x0000000088e00000| Complete 
| 115|0x0000000088f00000, 0x0000000089000000, 0x0000000089000000|100%| E|CS|TAMS 0x0000000088f00000, 0x0000000088f00000| Complete 
| 116|0x0000000089000000, 0x0000000089100000, 0x0000000089100000|100%| E|CS|TAMS 0x0000000089000000, 0x0000000089000000| Complete 
| 117|0x0000000089100000, 0x0000000089200000, 0x0000000089200000|100%| E|CS|TAMS 0x0000000089100000, 0x0000000089100000| Complete 
| 118|0x0000000089200000, 0x0000000089300000, 0x0000000089300000|100%| E|CS|TAMS 0x0000000089200000, 0x0000000089200000| Complete 
| 119|0x0000000089300000, 0x0000000089400000, 0x0000000089400000|100%| E|CS|TAMS 0x0000000089300000, 0x0000000089300000| Complete 
| 120|0x0000000089400000, 0x0000000089500000, 0x0000000089500000|100%| E|CS|TAMS 0x0000000089400000, 0x0000000089400000| Complete 
| 121|0x0000000089500000, 0x0000000089600000, 0x0000000089600000|100%| E|CS|TAMS 0x0000000089500000, 0x0000000089500000| Complete 
| 122|0x0000000089600000, 0x0000000089700000, 0x0000000089700000|100%| E|CS|TAMS 0x0000000089600000, 0x0000000089600000| Complete 
| 123|0x0000000089700000, 0x0000000089800000, 0x0000000089800000|100%| E|CS|TAMS 0x0000000089700000, 0x0000000089700000| Complete 
| 124|0x0000000089800000, 0x0000000089900000, 0x0000000089900000|100%| E|CS|TAMS 0x0000000089800000, 0x0000000089800000| Complete 
| 125|0x0000000089900000, 0x0000000089a00000, 0x0000000089a00000|100%| E|CS|TAMS 0x0000000089900000, 0x0000000089900000| Complete 
| 126|0x0000000089a00000, 0x0000000089b00000, 0x0000000089b00000|100%| E|CS|TAMS 0x0000000089a00000, 0x0000000089a00000| Complete 
| 127|0x0000000089b00000, 0x0000000089c00000, 0x0000000089c00000|100%| E|CS|TAMS 0x0000000089b00000, 0x0000000089b00000| Complete 
| 128|0x0000000089c00000, 0x0000000089d00000, 0x0000000089d00000|100%| E|CS|TAMS 0x0000000089c00000, 0x0000000089c00000| Complete 
| 129|0x0000000089d00000, 0x0000000089e00000, 0x0000000089e00000|100%| E|CS|TAMS 0x0000000089d00000, 0x0000000089d00000| Complete 
| 130|0x0000000089e00000, 0x0000000089f00000, 0x0000000089f00000|100%| E|CS|TAMS 0x0000000089e00000, 0x0000000089e00000| Complete 
| 131|0x0000000089f00000, 0x000000008a000000, 0x000000008a000000|100%| E|CS|TAMS 0x0000000089f00000, 0x0000000089f00000| Complete 
| 132|0x000000008a000000, 0x000000008a100000, 0x000000008a100000|100%| E|CS|TAMS 0x000000008a000000, 0x000000008a000000| Complete 
| 133|0x000000008a100000, 0x000000008a200000, 0x000000008a200000|100%| E|CS|TAMS 0x000000008a100000, 0x000000008a100000| Complete 
| 134|0x000000008a200000, 0x000000008a300000, 0x000000008a300000|100%| E|CS|TAMS 0x000000008a200000, 0x000000008a200000| Complete 
| 135|0x000000008a300000, 0x000000008a400000, 0x000000008a400000|100%| E|CS|TAMS 0x000000008a300000, 0x000000008a300000| Complete 
| 136|0x000000008a400000, 0x000000008a500000, 0x000000008a500000|100%| E|CS|TAMS 0x000000008a400000, 0x000000008a400000| Complete 
| 137|0x000000008a500000, 0x000000008a600000, 0x000000008a600000|100%| E|CS|TAMS 0x000000008a500000, 0x000000008a500000| Complete 
| 138|0x000000008a600000, 0x000000008a700000, 0x000000008a700000|100%| E|CS|TAMS 0x000000008a600000, 0x000000008a600000| Complete 
| 139|0x000000008a700000, 0x000000008a800000, 0x000000008a800000|100%| E|CS|TAMS 0x000000008a700000, 0x000000008a700000| Complete 
| 140|0x000000008a800000, 0x000000008a900000, 0x000000008a900000|100%| E|CS|TAMS 0x000000008a800000, 0x000000008a800000| Complete 
| 141|0x000000008a900000, 0x000000008aa00000, 0x000000008aa00000|100%| E|CS|TAMS 0x000000008a900000, 0x000000008a900000| Complete 
| 142|0x000000008aa00000, 0x000000008ab00000, 0x000000008ab00000|100%| E|CS|TAMS 0x000000008aa00000, 0x000000008aa00000| Complete 
| 143|0x000000008ab00000, 0x000000008ac00000, 0x000000008ac00000|100%| E|CS|TAMS 0x000000008ab00000, 0x000000008ab00000| Complete 
| 144|0x000000008ac00000, 0x000000008ad00000, 0x000000008ad00000|100%| E|CS|TAMS 0x000000008ac00000, 0x000000008ac00000| Complete 
| 145|0x000000008ad00000, 0x000000008ae00000, 0x000000008ae00000|100%| E|CS|TAMS 0x000000008ad00000, 0x000000008ad00000| Complete 
| 146|0x000000008ae00000, 0x000000008af00000, 0x000000008af00000|100%| E|CS|TAMS 0x000000008ae00000, 0x000000008ae00000| Complete 
| 147|0x000000008af00000, 0x000000008b000000, 0x000000008b000000|100%| E|CS|TAMS 0x000000008af00000, 0x000000008af00000| Complete 
| 148|0x000000008b000000, 0x000000008b100000, 0x000000008b100000|100%| E|CS|TAMS 0x000000008b000000, 0x000000008b000000| Complete 
| 149|0x000000008b100000, 0x000000008b200000, 0x000000008b200000|100%| E|CS|TAMS 0x000000008b100000, 0x000000008b100000| Complete 
| 150|0x000000008b200000, 0x000000008b300000, 0x000000008b300000|100%| E|CS|TAMS 0x000000008b200000, 0x000000008b200000| Complete 
| 151|0x000000008b300000, 0x000000008b400000, 0x000000008b400000|100%| E|CS|TAMS 0x000000008b300000, 0x000000008b300000| Complete 
| 152|0x000000008b400000, 0x000000008b500000, 0x000000008b500000|100%| E|CS|TAMS 0x000000008b400000, 0x000000008b400000| Complete 
| 153|0x000000008b500000, 0x000000008b600000, 0x000000008b600000|100%| E|CS|TAMS 0x000000008b500000, 0x000000008b500000| Complete 

Card table byte_map: [0x000001bda5800000,0x000001bda5c00000] _byte_map_base: 0x000001bda53f2000

Marking Bits (Prev, Next): (CMBitMap*) 0x000001bd8daab7d0, (CMBitMap*) 0x000001bd8daab798
 Prev Bits: [0x000001bda7f90000, 0x000001bda9f20000)
 Next Bits: [0x000001bda6000000, 0x000001bda7f90000)

Polling page: 0x000001bd8ba00000

Metaspace:

Usage:
  Non-class:     59.39 MB capacity,    58.47 MB ( 98%) used,   745.26 KB (  1%) free+waste,   198.75 KB ( <1%) overhead. 
      Class:      9.08 MB capacity,     8.47 MB ( 93%) used,   539.23 KB (  6%) free+waste,    91.25 KB ( <1%) overhead. 
       Both:     68.47 MB capacity,    66.94 MB ( 98%) used,     1.25 MB (  2%) free+waste,   290.00 KB ( <1%) overhead. 

Virtual space:
  Non-class space:       60.00 MB reserved,      59.50 MB (>99%) committed 
      Class space:        1.00 GB reserved,       9.13 MB ( <1%) committed 
             Both:        1.06 GB reserved,      68.63 MB (  6%) committed 

Chunk freelists:
   Non-Class:  45.00 KB
       Class:  13.00 KB
        Both:  58.00 KB

MaxMetaspaceSize: 17179869184.00 GB
CompressedClassSpaceSize: 1.00 GB

CodeHeap 'non-profiled nmethods': size=120000Kb used=3710Kb max_used=3710Kb free=116289Kb
 bounds [0x000001bd9dba0000, 0x000001bd9df40000, 0x000001bda50d0000]
CodeHeap 'profiled nmethods': size=120000Kb used=12802Kb max_used=12802Kb free=107197Kb
 bounds [0x000001bd96670000, 0x000001bd97300000, 0x000001bd9dba0000]
CodeHeap 'non-nmethods': size=5760Kb used=1239Kb max_used=1282Kb free=4520Kb
 bounds [0x000001bd960d0000, 0x000001bd96340000, 0x000001bd96670000]
 total_blobs=6476 nmethods=5857 adapters=530
 compilation: enabled
              stopped_count=0, restarted_count=0
 full_count=0

Compilation events (20 events):
Event: 17.388 Thread 0x000001bdad2f1800 5867       1       antlr.CommonAST::setText (6 bytes)
Event: 17.388 Thread 0x000001bdad2f1800 nmethod 5867 0x000001bd9df3e110 code [0x000001bd9df3e2c0, 0x000001bd9df3e3b8]
Event: 17.388 Thread 0x000001bdad2f1800 5868       1       antlr.CommonAST::setType (6 bytes)
Event: 17.388 Thread 0x000001bdad2f1800 nmethod 5868 0x000001bd9df3e410 code [0x000001bd9df3e5c0, 0x000001bd9df3e678]
Event: 17.388 Thread 0x000001bdad2f1800 5866       1       antlr.CharScanner::getCaseSensitiveLiterals (5 bytes)
Event: 17.388 Thread 0x000001bdad2f1800 nmethod 5866 0x000001bd9df3e710 code [0x000001bd9df3e8c0, 0x000001bd9df3e978]
Event: 17.388 Thread 0x000001bdad2f1800 5870       2       antlr.ASTPair::<init> (5 bytes)
Event: 17.388 Thread 0x000001bdad2f1800 nmethod 5870 0x000001bd972e8f10 code [0x000001bd972e90c0, 0x000001bd972e91b8]
Event: 17.392 Thread 0x000001bdad2f1800 5871       2       org.springframework.transaction.interceptor.AbstractFallbackTransactionAttributeSource::getTransactionAttribute (186 bytes)
Event: 17.393 Thread 0x000001bdad2f1800 nmethod 5871 0x000001bd972e9290 code [0x000001bd972e9540, 0x000001bd972e9c78]
Event: 17.393 Thread 0x000001bdad2f1800 5873       2       org.springframework.transaction.annotation.AnnotationTransactionAttributeSource::findTransactionAttribute (6 bytes)
Event: 17.393 Thread 0x000001bdad2f1800 nmethod 5873 0x000001bd972ea010 code [0x000001bd972ea1c0, 0x000001bd972ea2c8]
Event: 17.393 Thread 0x000001bdad2f1800 5872       2       org.springframework.transaction.annotation.AnnotationTransactionAttributeSource::findTransactionAttribute (6 bytes)
Event: 17.393 Thread 0x000001bdad2f1800 nmethod 5872 0x000001bd972ea390 code [0x000001bd972ea540, 0x000001bd972ea648]
Event: 17.393 Thread 0x000001bdad2f1800 5874       2       org.springframework.transaction.interceptor.AbstractFallbackTransactionAttributeSource::getCacheKey (10 bytes)
Event: 17.393 Thread 0x000001bdad2f1800 nmethod 5874 0x000001bd972ea710 code [0x000001bd972ea8c0, 0x000001bd972eaad8]
Event: 17.393 Thread 0x000001bdad2f1800 5877       2       sun.reflect.generics.parser.SignatureParser::skipIdentifier (67 bytes)
Event: 17.393 Thread 0x000001bdad2f1800 nmethod 5877 0x000001bd972eab90 code [0x000001bd972ead80, 0x000001bd972eafc8]
Event: 17.393 Thread 0x000001bdad2f1800 5875       2       org.springframework.core.MethodClassKey::<init> (15 bytes)
Event: 17.394 Thread 0x000001bdad2f1800 nmethod 5875 0x000001bd972eb110 code [0x000001bd972eb2c0, 0x000001bd972eb458]

GC Heap History (18 events):
Event: 0.597 GC heap before
{Heap before GC invocations=0 (full 0):
 garbage-first heap   total 131072K, used 24576K [0x0000000081c00000, 0x0000000100000000)
  region size 1024K, 24 young (24576K), 0 survivors (0K)
 Metaspace       used 11653K, capacity 11848K, committed 12032K, reserved 1060864K
  class space    used 1127K, capacity 1186K, committed 1280K, reserved 1048576K
}
Event: 0.603 GC heap after
{Heap after GC invocations=1 (full 0):
 garbage-first heap   total 131072K, used 7795K [0x0000000081c00000, 0x0000000100000000)
  region size 1024K, 3 young (3072K), 3 survivors (3072K)
 Metaspace       used 11653K, capacity 11848K, committed 12032K, reserved 1060864K
  class space    used 1127K, capacity 1186K, committed 1280K, reserved 1048576K
}
Event: 0.665 GC heap before
{Heap before GC invocations=1 (full 0):
 garbage-first heap   total 131072K, used 50803K [0x0000000081c00000, 0x0000000100000000)
  region size 1024K, 46 young (47104K), 3 survivors (3072K)
 Metaspace       used 11955K, capacity 12167K, committed 12288K, reserved 1060864K
  class space    used 1159K, capacity 1229K, committed 1280K, reserved 1048576K
}
Event: 0.668 GC heap after
{Heap after GC invocations=2 (full 0):
 garbage-first heap   total 131072K, used 8003K [0x0000000081c00000, 0x0000000100000000)
  region size 1024K, 4 young (4096K), 4 survivors (4096K)
 Metaspace       used 11955K, capacity 12167K, committed 12288K, reserved 1060864K
  class space    used 1159K, capacity 1229K, committed 1280K, reserved 1048576K
}
Event: 1.255 GC heap before
{Heap before GC invocations=2 (full 0):
 garbage-first heap   total 131072K, used 43843K [0x0000000081c00000, 0x0000000100000000)
  region size 1024K, 41 young (41984K), 4 survivors (4096K)
 Metaspace       used 20617K, capacity 21121K, committed 21248K, reserved 1069056K
  class space    used 2295K, capacity 2475K, committed 2560K, reserved 1048576K
}
Event: 1.261 GC heap after
{Heap after GC invocations=3 (full 0):
 garbage-first heap   total 131072K, used 10352K [0x0000000081c00000, 0x0000000100000000)
  region size 1024K, 6 young (6144K), 6 survivors (6144K)
 Metaspace       used 20617K, capacity 21121K, committed 21248K, reserved 1069056K
  class space    used 2295K, capacity 2475K, committed 2560K, reserved 1048576K
}
Event: 1.753 GC heap before
{Heap before GC invocations=4 (full 0):
 garbage-first heap   total 131072K, used 66672K [0x0000000081c00000, 0x0000000100000000)
  region size 1024K, 62 young (63488K), 6 survivors (6144K)
 Metaspace       used 26791K, capacity 27393K, committed 27520K, reserved 1073152K
  class space    used 3094K, capacity 3329K, committed 3456K, reserved 1048576K
}
Event: 1.761 GC heap after
{Heap after GC invocations=5 (full 0):
 garbage-first heap   total 131072K, used 12522K [0x0000000081c00000, 0x0000000100000000)
  region size 1024K, 5 young (5120K), 5 survivors (5120K)
 Metaspace       used 26791K, capacity 27393K, committed 27520K, reserved 1073152K
  class space    used 3094K, capacity 3329K, committed 3456K, reserved 1048576K
}
Event: 2.341 GC heap before
{Heap before GC invocations=5 (full 0):
 garbage-first heap   total 131072K, used 81130K [0x0000000081c00000, 0x0000000100000000)
  region size 1024K, 73 young (74752K), 5 survivors (5120K)
 Metaspace       used 30267K, capacity 31049K, committed 31232K, reserved 1077248K
  class space    used 3549K, capacity 3840K, committed 3840K, reserved 1048576K
}
Event: 2.347 GC heap after
{Heap after GC invocations=6 (full 0):
 garbage-first heap   total 131072K, used 14027K [0x0000000081c00000, 0x0000000100000000)
  region size 1024K, 6 young (6144K), 6 survivors (6144K)
 Metaspace       used 30267K, capacity 31049K, committed 31232K, reserved 1077248K
  class space    used 3549K, capacity 3840K, committed 3840K, reserved 1048576K
}
Event: 3.204 GC heap before
{Heap before GC invocations=6 (full 0):
 garbage-first heap   total 131072K, used 50891K [0x0000000081c00000, 0x0000000100000000)
  region size 1024K, 43 young (44032K), 6 survivors (6144K)
 Metaspace       used 34815K, capacity 35689K, committed 35840K, reserved 1081344K
  class space    used 4158K, capacity 4507K, committed 4608K, reserved 1048576K
}
Event: 3.229 GC heap after
{Heap after GC invocations=7 (full 0):
 garbage-first heap   total 157696K, used 15524K [0x0000000081c00000, 0x0000000100000000)
  region size 1024K, 6 young (6144K), 6 survivors (6144K)
 Metaspace       used 34815K, capacity 35689K, committed 35840K, reserved 1081344K
  class space    used 4158K, capacity 4507K, committed 4608K, reserved 1048576K
}
Event: 4.300 GC heap before
{Heap before GC invocations=8 (full 0):
 garbage-first heap   total 157696K, used 94372K [0x0000000081c00000, 0x0000000100000000)
  region size 1024K, 84 young (86016K), 6 survivors (6144K)
 Metaspace       used 40714K, capacity 41840K, committed 41984K, reserved 1085440K
  class space    used 4869K, capacity 5332K, committed 5376K, reserved 1048576K
}
Event: 4.307 GC heap after
{Heap after GC invocations=9 (full 0):
 garbage-first heap   total 157696K, used 18400K [0x0000000081c00000, 0x0000000100000000)
  region size 1024K, 8 young (8192K), 8 survivors (8192K)
 Metaspace       used 40714K, capacity 41840K, committed 41984K, reserved 1085440K
  class space    used 4869K, capacity 5332K, committed 5376K, reserved 1048576K
}
Event: 4.968 GC heap before
{Heap before GC invocations=9 (full 0):
 garbage-first heap   total 157696K, used 103392K [0x0000000081c00000, 0x0000000100000000)
  region size 1024K, 92 young (94208K), 8 survivors (8192K)
 Metaspace       used 46602K, capacity 47837K, committed 48000K, reserved 1091584K
  class space    used 5770K, capacity 6263K, committed 6272K, reserved 1048576K
}
Event: 4.975 GC heap after
{Heap after GC invocations=10 (full 0):
 garbage-first heap   total 157696K, used 20395K [0x0000000081c00000, 0x0000000100000000)
  region size 1024K, 7 young (7168K), 7 survivors (7168K)
 Metaspace       used 46602K, capacity 47837K, committed 48000K, reserved 1091584K
  class space    used 5770K, capacity 6263K, committed 6272K, reserved 1048576K
}
Event: 16.474 GC heap before
{Heap before GC invocations=10 (full 0):
 garbage-first heap   total 157696K, used 92075K [0x0000000081c00000, 0x0000000100000000)
  region size 1024K, 78 young (79872K), 7 survivors (7168K)
 Metaspace       used 58839K, capacity 60102K, committed 60160K, reserved 1101824K
  class space    used 7275K, capacity 7763K, committed 7808K, reserved 1048576K
}
Event: 16.484 GC heap after
{Heap after GC invocations=11 (full 0):
 garbage-first heap   total 157696K, used 26784K [0x0000000081c00000, 0x0000000100000000)
  region size 1024K, 12 young (12288K), 12 survivors (12288K)
 Metaspace       used 58839K, capacity 60102K, committed 60160K, reserved 1101824K
  class space    used 7275K, capacity 7763K, committed 7808K, reserved 1048576K
}

Deoptimization events (20 events):
Event: 17.284 Thread 0x000001bdae2d7000 Uncommon trap: trap_request=0xffffff4d fr.pc=0x000001bd9de82424 relative=0x0000000000000724
Event: 17.284 Thread 0x000001bdae2d7000 Uncommon trap: reason=unstable_if action=reinterpret pc=0x000001bd9de82424 method=java.util.StringTokenizer.scanToken(I)I @ 96 c2
Event: 17.284 Thread 0x000001bdae2d7000 DEOPT PACKING pc=0x000001bd9de82424 sp=0x00000007a82f96d0
Event: 17.284 Thread 0x000001bdae2d7000 DEOPT UNPACKING pc=0x000001bd960f74af sp=0x00000007a82f9628 mode 2
Event: 17.313 Thread 0x000001bdae2d7000 Uncommon trap: trap_request=0xffffff4d fr.pc=0x000001bd9dbb1964 relative=0x0000000000000044
Event: 17.313 Thread 0x000001bdae2d7000 Uncommon trap: reason=unstable_if action=reinterpret pc=0x000001bd9dbb1964 method=java.lang.CharacterData.of(I)Ljava/lang/CharacterData; @ 4 c2
Event: 17.313 Thread 0x000001bdae2d7000 DEOPT PACKING pc=0x000001bd9dbb1964 sp=0x00000007a82f8ac0
Event: 17.313 Thread 0x000001bdae2d7000 DEOPT UNPACKING pc=0x000001bd960f74af sp=0x00000007a82f8a58 mode 2
Event: 17.318 Thread 0x000001bdae2d7000 Uncommon trap: trap_request=0xffffff4d fr.pc=0x000001bd9de40868 relative=0x0000000000000208
Event: 17.318 Thread 0x000001bdae2d7000 Uncommon trap: reason=unstable_if action=reinterpret pc=0x000001bd9de40868 method=java.util.regex.Matcher.reset()Ljava/util/regex/Matcher; @ 71 c2
Event: 17.318 Thread 0x000001bdae2d7000 DEOPT PACKING pc=0x000001bd9de40868 sp=0x00000007a82f9400
Event: 17.318 Thread 0x000001bdae2d7000 DEOPT UNPACKING pc=0x000001bd960f74af sp=0x00000007a82f9388 mode 2
Event: 17.318 Thread 0x000001bdae2d7000 Uncommon trap: trap_request=0xffffff4d fr.pc=0x000001bd9de67c50 relative=0x0000000000000890
Event: 17.318 Thread 0x000001bdae2d7000 Uncommon trap: reason=unstable_if action=reinterpret pc=0x000001bd9de67c50 method=java.util.regex.Matcher.search(I)Z @ 76 c2
Event: 17.318 Thread 0x000001bdae2d7000 DEOPT PACKING pc=0x000001bd9de67c50 sp=0x00000007a82f9420
Event: 17.318 Thread 0x000001bdae2d7000 DEOPT UNPACKING pc=0x000001bd960f74af sp=0x00000007a82f9410 mode 2
Event: 17.396 Thread 0x000001bdae2d7000 Uncommon trap: trap_request=0xffffffde fr.pc=0x000001bd9dd8fd10 relative=0x0000000000005bb0
Event: 17.396 Thread 0x000001bdae2d7000 Uncommon trap: reason=class_check action=maybe_recompile pc=0x000001bd9dd8fd10 method=org.springframework.beans.factory.support.AbstractBeanFactory.isTypeMatch(Ljava/lang/String;Lorg/springframework/core/ResolvableType;Z)Z @ 53 c2
Event: 17.396 Thread 0x000001bdae2d7000 DEOPT PACKING pc=0x000001bd9dd8fd10 sp=0x00000007a82fbdb0
Event: 17.396 Thread 0x000001bdae2d7000 DEOPT UNPACKING pc=0x000001bd960f74af sp=0x00000007a82fbd50 mode 2

Classes redefined (0 events):
No events

Internal exceptions (20 events):
Event: 5.082 Thread 0x000001bdae2d7000 Exception <a 'sun/nio/fs/WindowsException'{0x000000008ae63000}> (0x000000008ae63000) thrown at [./src/hotspot/share/prims/jni.cpp, line 615]
Event: 5.089 Thread 0x000001bdae2d7000 Exception <a 'java/lang/NoSuchMethodError'{0x000000008ae879b8}: 'int java.lang.invoke.DirectMethodHandle$Holder.invokeStaticInit(java.lang.Object, java.lang.Object, java.lang.Object, java.lang.Object)'> (0x000000008ae879b8) thrown at [./src/hotspot/share/interpreter/linkResolver.cpp, line 773]
Event: 15.981 Thread 0x000001bdae2d7000 Exception <a 'java/lang/NoSuchMethodError'{0x0000000089419f10}: 'java.lang.Object java.lang.invoke.DirectMethodHandle$Holder.invokeStaticInit(java.lang.Object, java.lang.Object, java.lang.Object, java.lang.Object)'> (0x0000000089419f10) thrown at [./src/hotspot/share/interpreter/linkResolver.cpp, line 773]
Event: 16.194 Thread 0x000001bdae2d7000 Exception <a 'java/lang/NoSuchMethodError'{0x00000000884b8408}: 'java.lang.Object java.lang.invoke.DirectMethodHandle$Holder.newInvokeSpecial(java.lang.Object, java.lang.Object, int, java.lang.Object, java.lang.Object)'> (0x00000000884b8408) thrown at [./src/hotspot/share/interpreter/linkResolver.cpp, line 773]
Event: 16.778 Thread 0x000001bdae2d7000 Exception <a 'java/lang/NoSuchMethodError'{0x000000008a282758}: 'void java.lang.invoke.DirectMethodHandle$Holder.invokeInterface(java.lang.Object, java.lang.Object)'> (0x000000008a282758) thrown at [./src/hotspot/share/interpreter/linkResolver.cpp, line 773]
Event: 16.789 Thread 0x000001bdae2d7000 Exception <a 'java/lang/NoSuchMethodError'{0x000000008a1a6a10}: 'java.lang.Object java.lang.invoke.DirectMethodHandle$Holder.invokeStaticInit(java.lang.Object, java.lang.Object, java.lang.Object, java.lang.Object, int, int)'> (0x000000008a1a6a10) thrown at [./src/hotspot/share/interpreter/linkResolver.cpp, line 773]
Event: 16.911 Thread 0x000001bdae2d7000 Implicit null exception at 0x000001bd9dbc52f4 to 0x000001bd9dbc5808
Event: 16.915 Thread 0x000001bdae2d7000 Implicit null exception at 0x000001bd9dbdabf4 to 0x000001bd9dbdb0dc
Event: 17.054 Thread 0x000001bdae2d7000 Exception <a 'java/lang/ClassNotFoundException'{0x00000000883128c8}: java/lang/ObjectCustomizer> (0x00000000883128c8) thrown at [./src/hotspot/share/classfile/systemDictionary.cpp, line 231]
Event: 17.056 Thread 0x000001bdae2d7000 Exception <a 'java/lang/ClassNotFoundException'{0x0000000088328010}: com/example/demo/entity/UserCustomizer> (0x0000000088328010) thrown at [./src/hotspot/share/classfile/systemDictionary.cpp, line 231]
Event: 17.057 Thread 0x000001bdae2d7000 Exception <a 'java/lang/ClassNotFoundException'{0x00000000883642e8}: org/springframework/security/core/userdetails/UserDetailsCustomizer> (0x00000000883642e8) thrown at [./src/hotspot/share/classfile/systemDictionary.cpp, line 231]
Event: 17.088 Thread 0x000001bdae2d7000 Exception <a 'java/lang/ClassNotFoundException'{0x00000000882f7b90}: java/lang/ObjectCustomizer> (0x00000000882f7b90) thrown at [./src/hotspot/share/classfile/systemDictionary.cpp, line 231]
Event: 17.090 Thread 0x000001bdae2d7000 Exception <a 'java/lang/ClassNotFoundException'{0x000000008810d8c8}: com/example/demo/entity/ordersCustomizer> (0x000000008810d8c8) thrown at [./src/hotspot/share/classfile/systemDictionary.cpp, line 231]
Event: 17.107 Thread 0x000001bdae2d7000 Exception <a 'java/lang/ClassNotFoundException'{0x00000000881e7588}: java/lang/ObjectCustomizer> (0x00000000881e7588) thrown at [./src/hotspot/share/classfile/systemDictionary.cpp, line 231]
Event: 17.108 Thread 0x000001bdae2d7000 Exception <a 'java/lang/ClassNotFoundException'{0x00000000881fccd0}: com/example/demo/entity/RoleCustomizer> (0x00000000881fccd0) thrown at [./src/hotspot/share/classfile/systemDictionary.cpp, line 231]
Event: 17.123 Thread 0x000001bdae2d7000 Exception <a 'java/lang/IncompatibleClassChangeError'{0x00000000880f3658}: Found class java.lang.Object, but interface was expected> (0x00000000880f3658) thrown at [./src/hotspot/share/interpreter/linkResolver.cpp, line 839]
Event: 17.204 Thread 0x000001bdae2d7000 Exception <a 'java/lang/reflect/InvocationTargetException'{0x00000000878a9210}> (0x00000000878a9210) thrown at [./src/hotspot/share/runtime/reflection.cpp, line 1247]
Event: 17.220 Thread 0x000001bdae2d7000 Exception <a 'java/lang/NoSuchMethodError'{0x0000000087751368}: 'java.lang.Object java.lang.invoke.DirectMethodHandle$Holder.invokeStatic(java.lang.Object, java.lang.Object, int, java.lang.Object)'> (0x0000000087751368) thrown at [./src/hotspot/share/interpreter/linkResolver.cpp, line 773]
Event: 17.220 Thread 0x000001bdae2d7000 Exception <a 'java/lang/NoSuchMethodError'{0x00000000877584c8}: 'java.lang.Object java.lang.invoke.Invokers$Holder.linkToTargetMethod(java.lang.Object, int, java.lang.Object)'> (0x00000000877584c8) thrown at [./src/hotspot/share/interpreter/linkResolver.cpp, line 773]
Event: 17.225 Thread 0x000001bdae2d7000 Exception <a 'java/lang/IncompatibleClassChangeError'{0x00000000877970a8}: Found class java.lang.Object, but interface was expected> (0x00000000877970a8) thrown at [./src/hotspot/share/interpreter/linkResolver.cpp, line 839]

Events (20 events):
Event: 17.383 loading class org/hibernate/engine/spi/RowSelection
Event: 17.383 loading class org/hibernate/engine/spi/RowSelection done
Event: 17.383 loading class org/hibernate/query/internal/QueryParameterBindingsImpl
Event: 17.383 loading class org/hibernate/query/internal/QueryParameterBindingsImpl done
Event: 17.385 loading class org/hibernate/query/spi/QueryParameterBinding
Event: 17.385 loading class org/hibernate/query/spi/QueryParameterBinding done
Event: 17.385 loading class org/hibernate/query/spi/QueryParameterListBinding
Event: 17.385 loading class org/hibernate/query/spi/QueryParameterListBinding done
Event: 17.385 loading class org/hibernate/internal/CoreMessageLogger_$logger_en_US
Event: 17.385 loading class org/hibernate/internal/CoreMessageLogger_$logger_en_US done
Event: 17.385 loading class org/hibernate/internal/CoreMessageLogger_$logger_en
Event: 17.385 loading class org/hibernate/internal/CoreMessageLogger_$logger_en done
Event: 17.388 loading class org/springframework/data/repository/core/support/RepositoryFragment$ImplementedRepositoryFragment
Event: 17.388 loading class org/springframework/data/repository/core/support/RepositoryFragment$ImplementedRepositoryFragment done
Event: 17.389 loading class org/springframework/data/repository/core/support/RepositoryFactorySupport$ImplementationMethodExecutionInterceptor
Event: 17.389 loading class org/springframework/data/repository/core/support/RepositoryFactorySupport$ImplementationMethodExecutionInterceptor done
Event: 17.394 loading class org/springframework/transaction/annotation/Isolation
Event: 17.394 loading class org/springframework/transaction/annotation/Isolation done
Event: 17.394 loading class org/springframework/transaction/annotation/Propagation
Event: 17.394 loading class org/springframework/transaction/annotation/Propagation done


Dynamic libraries:
0x00007ff6bbe70000 - 0x00007ff6bbe7d000 	C:\Program Files\AdoptOpenJDK\jdk-11.0.8.10-hotspot\bin\java.exe
0x00007ff9eb7f0000 - 0x00007ff9eb9e5000 	C:\WINDOWS\SYSTEM32\ntdll.dll
0x00007ff9eaba0000 - 0x00007ff9eac5e000 	C:\WINDOWS\System32\KERNEL32.DLL
0x00007ff9e9570000 - 0x00007ff9e9839000 	C:\WINDOWS\System32\KERNELBASE.dll
0x00007ff9e9030000 - 0x00007ff9e9130000 	C:\WINDOWS\System32\ucrtbase.dll
0x00007ff9e2da0000 - 0x00007ff9e2db7000 	C:\Program Files\AdoptOpenJDK\jdk-11.0.8.10-hotspot\bin\jli.dll
0x00007ff9eb580000 - 0x00007ff9eb721000 	C:\WINDOWS\System32\USER32.dll
0x00007ff9e92f0000 - 0x00007ff9e9312000 	C:\WINDOWS\System32\win32u.dll
0x00007ff9e9840000 - 0x00007ff9e986b000 	C:\WINDOWS\System32\GDI32.dll
0x00007ff9e91e0000 - 0x00007ff9e92eb000 	C:\WINDOWS\System32\gdi32full.dll
0x00007ff9e8f90000 - 0x00007ff9e902d000 	C:\WINDOWS\System32\msvcp_win.dll
0x00007ff9cd1a0000 - 0x00007ff9cd43a000 	C:\WINDOWS\WinSxS\amd64_microsoft.windows.common-controls_6595b64144ccf1df_6.0.19041.1110_none_60b5254171f9507e\COMCTL32.dll
0x00007ff9e9c10000 - 0x00007ff9e9cae000 	C:\WINDOWS\System32\msvcrt.dll
0x00007ff9e22c0000 - 0x00007ff9e22d5000 	C:\Program Files\AdoptOpenJDK\jdk-11.0.8.10-hotspot\bin\VCRUNTIME140.dll
0x00007ff9e9be0000 - 0x00007ff9e9c10000 	C:\WINDOWS\System32\IMM32.DLL
0x00007ff9d7c60000 - 0x00007ff9d7cfb000 	C:\Program Files\AdoptOpenJDK\jdk-11.0.8.10-hotspot\bin\msvcp140.dll
0x00007ff9a04f0000 - 0x00007ff9a0fad000 	C:\Program Files\AdoptOpenJDK\jdk-11.0.8.10-hotspot\bin\server\jvm.dll
0x00007ff9e9cb0000 - 0x00007ff9e9d5c000 	C:\WINDOWS\System32\ADVAPI32.dll
0x00007ff9eb310000 - 0x00007ff9eb3ab000 	C:\WINDOWS\System32\sechost.dll
0x00007ff9e9ab0000 - 0x00007ff9e9bda000 	C:\WINDOWS\System32\RPCRT4.dll
0x00007ff9eb3b0000 - 0x00007ff9eb3b8000 	C:\WINDOWS\System32\PSAPI.DLL
0x00007ff9db690000 - 0x00007ff9db6b7000 	C:\WINDOWS\SYSTEM32\WINMM.dll
0x00007ff9e1dd0000 - 0x00007ff9e1dda000 	C:\WINDOWS\SYSTEM32\VERSION.dll
0x00007ff9d78e0000 - 0x00007ff9d78e9000 	C:\WINDOWS\SYSTEM32\WSOCK32.dll
0x00007ff9eab30000 - 0x00007ff9eab9b000 	C:\WINDOWS\System32\WS2_32.dll
0x00007ff9e7790000 - 0x00007ff9e77a2000 	C:\WINDOWS\SYSTEM32\kernel.appcore.dll
0x00007ff9e64d0000 - 0x00007ff9e64e0000 	C:\Program Files\AdoptOpenJDK\jdk-11.0.8.10-hotspot\bin\verify.dll
0x00007ff9e6d10000 - 0x00007ff9e6ef4000 	C:\WINDOWS\SYSTEM32\DBGHELP.DLL
0x00007ff9ce810000 - 0x00007ff9ce83c000 	C:\WINDOWS\SYSTEM32\dbgcore.DLL
0x00007ff9e9320000 - 0x00007ff9e93a3000 	C:\WINDOWS\System32\bcryptPrimitives.dll
0x00007ff9e2290000 - 0x00007ff9e22b8000 	C:\Program Files\AdoptOpenJDK\jdk-11.0.8.10-hotspot\bin\java.dll
0x00007ff9e4380000 - 0x00007ff9e438a000 	C:\Program Files\AdoptOpenJDK\jdk-11.0.8.10-hotspot\bin\jimage.dll
0x00007ff9e4360000 - 0x00007ff9e436e000 	C:\Program Files\AdoptOpenJDK\jdk-11.0.8.10-hotspot\bin\instrument.dll
0x00007ff9e2240000 - 0x00007ff9e2257000 	C:\Program Files\AdoptOpenJDK\jdk-11.0.8.10-hotspot\bin\zip.dll
0x00007ff9e9d60000 - 0x00007ff9ea49f000 	C:\WINDOWS\System32\SHELL32.dll
0x00007ff9e6ff0000 - 0x00007ff9e7780000 	C:\WINDOWS\SYSTEM32\windows.storage.dll
0x00007ff9eaea0000 - 0x00007ff9eb1f5000 	C:\WINDOWS\System32\combase.dll
0x00007ff9e8890000 - 0x00007ff9e88bc000 	C:\WINDOWS\SYSTEM32\Wldp.dll
0x00007ff9eb260000 - 0x00007ff9eb30e000 	C:\WINDOWS\System32\SHCORE.dll
0x00007ff9eb200000 - 0x00007ff9eb255000 	C:\WINDOWS\System32\shlwapi.dll
0x00007ff9e8e50000 - 0x00007ff9e8e6f000 	C:\WINDOWS\SYSTEM32\profapi.dll
0x00007ff9e21c0000 - 0x00007ff9e21d9000 	C:\Program Files\AdoptOpenJDK\jdk-11.0.8.10-hotspot\bin\net.dll
0x00007ff9de220000 - 0x00007ff9de328000 	C:\WINDOWS\SYSTEM32\WINHTTP.dll
0x00007ff9e85f0000 - 0x00007ff9e865a000 	C:\WINDOWS\system32\mswsock.dll
0x00007ff9e21a0000 - 0x00007ff9e21b2000 	C:\Program Files\AdoptOpenJDK\jdk-11.0.8.10-hotspot\bin\nio.dll
0x00007ff9de200000 - 0x00007ff9de21a000 	D:\IntelliJ IDEA 2021.1\bin\breakgen64.dll
0x00007ff9e3170000 - 0x00007ff9e3179000 	C:\Program Files\AdoptOpenJDK\jdk-11.0.8.10-hotspot\bin\management.dll
0x00007ff9e2d50000 - 0x00007ff9e2d5b000 	C:\Program Files\AdoptOpenJDK\jdk-11.0.8.10-hotspot\bin\management_ext.dll
0x00007ff9d89b0000 - 0x00007ff9d89c7000 	C:\WINDOWS\system32\napinsp.dll
0x00007ff9b2d10000 - 0x00007ff9b2d2b000 	C:\WINDOWS\system32\pnrpnsp.dll
0x00007ff9e3810000 - 0x00007ff9e3825000 	C:\WINDOWS\system32\wshbth.dll
0x00007ff9e4230000 - 0x00007ff9e424d000 	C:\WINDOWS\system32\NLAapi.dll
0x00007ff9e82e0000 - 0x00007ff9e831b000 	C:\WINDOWS\SYSTEM32\IPHLPAPI.DLL
0x00007ff9e8320000 - 0x00007ff9e83ec000 	C:\WINDOWS\SYSTEM32\DNSAPI.dll
0x00007ff9eb570000 - 0x00007ff9eb578000 	C:\WINDOWS\System32\NSI.dll
0x00007ff9b2cf0000 - 0x00007ff9b2d02000 	C:\WINDOWS\System32\winrnr.dll
0x00007ff9e13e0000 - 0x00007ff9e13ea000 	C:\Windows\System32\rasadhlp.dll
0x00007ff9def80000 - 0x00007ff9defff000 	C:\WINDOWS\System32\fwpuclnt.dll
0x00007ff9e8f60000 - 0x00007ff9e8f87000 	C:\WINDOWS\System32\bcrypt.dll
0x0000000180000000 - 0x0000000180285000 	D:\apache-tomcat-9.0.37\bin\tcnative-1.dll
0x00007ff9e93b0000 - 0x00007ff9e9506000 	C:\WINDOWS\System32\CRYPT32.dll
0x00007ff9e87f0000 - 0x00007ff9e8808000 	C:\WINDOWS\SYSTEM32\CRYPTSP.dll
0x00007ff9e7f70000 - 0x00007ff9e7fa4000 	C:\WINDOWS\system32\rsaenh.dll
0x00007ff9e8e10000 - 0x00007ff9e8e3e000 	C:\WINDOWS\SYSTEM32\USERENV.dll
0x00007ff9e87e0000 - 0x00007ff9e87ec000 	C:\WINDOWS\SYSTEM32\CRYPTBASE.dll
0x00007ff9e0010000 - 0x00007ff9e0027000 	C:\WINDOWS\SYSTEM32\dhcpcsvc6.DLL
0x00007ff9e0730000 - 0x00007ff9e074d000 	C:\WINDOWS\SYSTEM32\dhcpcsvc.DLL
0x00007ff9e2c30000 - 0x00007ff9e2c3e000 	C:\Program Files\AdoptOpenJDK\jdk-11.0.8.10-hotspot\bin\sunmscapi.dll
0x00007ff9e8900000 - 0x00007ff9e8927000 	C:\WINDOWS\SYSTEM32\ncrypt.dll
0x00007ff9e88c0000 - 0x00007ff9e88fb000 	C:\WINDOWS\SYSTEM32\NTASN1.dll
0x00007ff9ca900000 - 0x00007ff9ca925000 	C:\Program Files\AdoptOpenJDK\jdk-11.0.8.10-hotspot\bin\sunec.dll

dbghelp: loaded successfully - version: 4.0.5 - missing functions: none
symbol engine: initialized successfully - sym options: 0x614 - pdb path: .;C:\Program Files\AdoptOpenJDK\jdk-11.0.8.10-hotspot\bin;C:\WINDOWS\SYSTEM32;C:\WINDOWS\WinSxS\amd64_microsoft.windows.common-controls_6595b64144ccf1df_6.0.19041.1110_none_60b5254171f9507e;C:\Program Files\AdoptOpenJDK\jdk-11.0.8.10-hotspot\bin\server;D:\IntelliJ IDEA 2021.1\bin;D:\apache-tomcat-9.0.37\bin

VM Arguments:
jvm_args: -javaagent:D:\IntelliJ IDEA 2021.1\lib\idea_rt.jar=56317:D:\IntelliJ IDEA 2021.1\bin -Dfile.encoding=UTF-8 
java_command: com.example.demo.SpringbootProjectApplication
java_class_path (initial): C:\Users\Admin\eclipse-workspace\Springboot_project\target\classes;C:\Users\Admin\.m2\repository\org\springframework\boot\spring-boot-starter-security\2.4.5\spring-boot-starter-security-2.4.5.jar;C:\Users\Admin\.m2\repository\org\springframework\boot\spring-boot-starter\2.4.5\spring-boot-starter-2.4.5.jar;C:\Users\Admin\.m2\repository\org\springframework\boot\spring-boot-starter-logging\2.4.5\spring-boot-starter-logging-2.4.5.jar;C:\Users\Admin\.m2\repository\ch\qos\logback\logback-classic\1.2.3\logback-classic-1.2.3.jar;C:\Users\Admin\.m2\repository\ch\qos\logback\logback-core\1.2.3\logback-core-1.2.3.jar;C:\Users\Admin\.m2\repository\org\apache\logging\log4j\log4j-to-slf4j\2.13.3\log4j-to-slf4j-2.13.3.jar;C:\Users\Admin\.m2\repository\org\apache\logging\log4j\log4j-api\2.13.3\log4j-api-2.13.3.jar;C:\Users\Admin\.m2\repository\org\slf4j\jul-to-slf4j\1.7.30\jul-to-slf4j-1.7.30.jar;C:\Users\Admin\.m2\repository\jakarta\annotation\jakarta.annotation-api\1.3.5\jakarta.annotation-api-1.3.5.jar;C:\Users\Admin\.m2\repository\org\yaml\snakeyaml\1.27\snakeyaml-1.27.jar;C:\Users\Admin\.m2\repository\org\springframework\spring-aop\5.3.6\spring-aop-5.3.6.jar;C:\Users\Admin\.m2\repository\org\springframework\spring-beans\5.3.6\spring-beans-5.3.6.jar;C:\Users\Admin\.m2\repository\org\springframework\security\spring-security-config\5.4.6\spring-security-config-5.4.6.jar;C:\Users\Admin\.m2\repository\org\springframework\spring-context\5.3.6\spring-context-5.3.6.jar;C:\Users\Admin\.m2\repository\org\springframework\security\spring-security-web\5.4.6\spring-security-web-5.4.6.jar;C:\Users\Admin\.m2\repository\org\springframework\spring-expression\5.3.6\spring-expression-5.3.6.jar;C:\Users\Admin\.m2\repository\org\springframework\boot\spring-boot-starter-thymeleaf\2.4.5\spring-boot-starter-thymeleaf-2.4.5.jar;C:\Users\Admin\.m2\repository\org\thymeleaf\thymeleaf-spring5\3.0.12.RELEASE\thymeleaf-spring5-3.0.12.RELEASE.jar;C:\Users\Admin\.m2\repository\org\
Launcher Type: SUN_STANDARD

[Global flags]
     intx CICompilerCount                          = 4                                         {product} {ergonomic}
     uint ConcGCThreads                            = 2                                         {product} {ergonomic}
     uint G1ConcRefinementThreads                  = 8                                         {product} {ergonomic}
   size_t G1HeapRegionSize                         = 1048576                                   {product} {ergonomic}
    uintx GCDrainStackTargetSize                   = 64                                        {product} {ergonomic}
   size_t InitialHeapSize                          = 134217728                                 {product} {ergonomic}
   size_t MarkStackSize                            = 4194304                                   {product} {ergonomic}
   size_t MaxHeapSize                              = 2118123520                                {product} {ergonomic}
   size_t MaxNewSize                               = 1270874112                                {product} {ergonomic}
   size_t MinHeapDeltaBytes                        = 1048576                                   {product} {ergonomic}
    uintx NonNMethodCodeHeapSize                   = 5836300                                {pd product} {ergonomic}
    uintx NonProfiledCodeHeapSize                  = 122910970                              {pd product} {ergonomic}
    uintx ProfiledCodeHeapSize                     = 122910970                              {pd product} {ergonomic}
    uintx ReservedCodeCacheSize                    = 251658240                              {pd product} {ergonomic}
     bool SegmentedCodeCache                       = true                                      {product} {ergonomic}
     bool UseCompressedClassPointers               = true                                 {lp64_product} {ergonomic}
     bool UseCompressedOops                        = true                                 {lp64_product} {ergonomic}
     bool UseG1GC                                  = true                                      {product} {ergonomic}
     bool UseLargePagesIndividualAllocation        = false                                  {pd product} {ergonomic}

Logging:
Log output configuration:
 #0: stdout all=warning uptime,level,tags
 #1: stderr all=off uptime,level,tags

Environment Variables:
JAVA_HOME=C:\Program Files\AdoptOpenJDK\jdk-11.0.8.10-hotspot\
PATH=C:\Program Files\AdoptOpenJDK\jdk-11.0.8.10-hotspot\bin;C:\WINDOWS\system32;C:\WINDOWS;C:\WINDOWS\System32\Wbem;C:\WINDOWS\System32\WindowsPowerShell\v1.0\;C:\WINDOWS\System32\OpenSSH\;C:\Program Files (x86)\Microsoft SQL Server\110\Tools\Binn\ManagementStudio\;C:\Program Files (x86)\Microsoft SQL Server\110\Tools\Binn\;C:\Program Files\Microsoft SQL Server\110\Tools\Binn\;C:\Program Files (x86)\Microsoft SQL Server\110\DTS\Binn\;C:\Program Files\Microsoft SQL Server\Client SDK\ODBC\110\Tools\Binn\;C:\Program Files (x86)\Microsoft SQL Server\120\Tools\Binn\;C:\Program Files\Microsoft SQL Server\120\Tools\Binn\;C:\Program Files\Microsoft SQL Server\120\DTS\Binn\;C:\Program Files (x86)\Microsoft SQL Server\120\Tools\Binn\ManagementStudio\;C:\Program Files (x86)\Microsoft SQL Server\120\DTS\Binn\;C:\Users\Admin\Downloads\apache-maven-3.6.0;C:\Users\Admin\Downloads\apache-maven-3.6.0\bin;C:\Program Files\NVIDIA Corporation\NVIDIA NvDLISR;C:\Program Files (x86)\NVIDIA Corporation\PhysX\Common;C:\Users\Admin\Downloads\apache-maven-3.6.0\bin;C:\Program Files\nodejs\;C:\Program Files\Git\cmd;C:\WINDOWS\system32;C:\WINDOWS;C:\WINDOWS\System32\Wbem;C:\WINDOWS\System32\WindowsPowerShell\v1.0\;C:\WINDOWS\System32\OpenSSH\;C:\Users\Admin\AppData\Local\Microsoft\WindowsApps;C:\Users\Admin\AppData\Local\Programs\Microsoft VS Code\bin;D:\apache-tomcat-9.0.37\bin;C:\Users\Admin\AppData\Roaming\npm;
USERNAME=Admin
OS=Windows_NT
PROCESSOR_IDENTIFIER=Intel64 Family 6 Model 158 Stepping 10, GenuineIntel



---------------  S Y S T E M  ---------------

OS: Windows 10 , 64 bit Build 19041 (10.0.19041.1202)
OS uptime: 11 days 22:45 hours

CPU:total 8 (initial active 8) (4 cores per cpu, 2 threads per core) family 6 model 158 stepping 10, cmov, cx8, fxsr, mmx, sse, sse2, sse3, ssse3, sse4.1, sse4.2, popcnt, avx, avx2, aes, clmul, erms, 3dnowpref, lzcnt, ht, tsc, tscinvbit, bmi1, bmi2, adx, fma

Memory: 4k page, system-wide physical 8072M (765M free)
TotalPageFile size 12168M (AvailPageFile size 7M)
current process WorkingSet (physical memory assigned to process): 340M, peak: 345M
current process commit charge ("private bytes"): 414M, peak: 420M

vm_info: OpenJDK 64-Bit Server VM (11.0.8+10) for windows-amd64 JRE (11.0.8+10), built on Jul 15 2020 11:45:54 by "" with MS VC++ 15.9 (VS2017)

END.
