#
# There is insufficient memory for the Java Runtime Environment to continue.
# Native memory allocation (malloc) failed to allocate 32744 bytes for ChunkPool::allocate
# Possible reasons:
#   The system is out of physical RAM or swap space
#   The process is running with CompressedOops enabled, and the Java Heap may be blocking the growth of the native heap
# Possible solutions:
#   Reduce memory load on the system
#   Increase physical memory or swap space
#   Check if swap backing store is full
#   Decrease Java heap size (-Xmx/-Xms)
#   Decrease number of Java threads
#   Decrease Java thread stack sizes (-Xss)
#   Set larger code cache with -XX:ReservedCodeCacheSize=
#   JVM is running with Unscaled Compressed Oops mode in which the Java heap is
#     placed in the first 4GB address space. The Java Heap base address is the
#     maximum limit for the native heap growth. Please use -XX:HeapBaseMinAddress
#     to set the Java Heap base and to place the Java Heap above 4GB virtual address.
# This output file may be truncated or incomplete.
#
#  Out of Memory Error (./src/hotspot/share/memory/arena.cpp:81), pid=15136, tid=10608
#
# JRE version: OpenJDK Runtime Environment AdoptOpenJDK (11.0.8+10) (build 11.0.8+10)
# Java VM: OpenJDK 64-Bit Server VM AdoptOpenJDK (11.0.8+10, mixed mode, tiered, compressed oops, g1 gc, windows-amd64)
# No core dump will be written. Minidumps are not enabled by default on client versions of Windows
#

---------------  S U M M A R Y ------------

Command Line: -javaagent:D:\IntelliJ IDEA 2021.1\lib\idea_rt.jar=64952:D:\IntelliJ IDEA 2021.1\bin -Dfile.encoding=UTF-8 com.example.demo.SpringbootProjectApplication

Host: Intel(R) Core(TM) i5-9300H CPU @ 2.40GHz, 8 cores, 7G,  Windows 10 , 64 bit Build 19041 (10.0.19041.1151)
Time: Tue Sep  7 17:02:20 2021 SE Asia Standard Time elapsed time: 279 seconds (0d 0h 4m 39s)

---------------  T H R E A D  ---------------

Current thread (0x0000026739b50800):  JavaThread "http-nio-6789-exec-2" daemon [_thread_in_vm, id=10608, stack(0x000000ab72900000,0x000000ab72a00000)]

Stack: [0x000000ab72900000,0x000000ab72a00000]
Native frames: (J=compiled Java code, j=interpreted, Vv=VM code, C=native code)
V  [jvm.dll+0x5dfa5a]
V  [jvm.dll+0x7175ce]
V  [jvm.dll+0x718c9f]
V  [jvm.dll+0x719363]
V  [jvm.dll+0x240e48]
V  [jvm.dll+0xb9a4b]
V  [jvm.dll+0xb9dac]
V  [jvm.dll+0x1c080f]
V  [jvm.dll+0x1c1605]
V  [jvm.dll+0x1c20e4]
V  [jvm.dll+0x1b70d9]
V  [jvm.dll+0x4c6c45]
V  [jvm.dll+0x6b2459]
V  [jvm.dll+0x3d5da8]
V  [jvm.dll+0x3db4a8]
C  [java.dll+0x19bc]

Java frames: (J=compiled Java code, j=interpreted, Vv=VM code)
J 1245  java.lang.ClassLoader.defineClass1(Ljava/lang/ClassLoader;Ljava/lang/String;[BIILjava/security/ProtectionDomain;Ljava/lang/String;)Ljava/lang/Class; java.base@11.0.8 (0 bytes) @ 0x000002672394cdfb [0x000002672394cd40+0x00000000000000bb]
J 4730 c2 java.lang.ClassLoader.defineClass(Ljava/lang/String;[BIILjava/security/ProtectionDomain;)Ljava/lang/Class; java.base@11.0.8 (43 bytes) @ 0x0000026723bb3b18 [0x0000026723bb3440+0x00000000000006d8]
J 5897 c1 jdk.internal.loader.BuiltinClassLoader.defineClass(Ljava/lang/String;Ljdk/internal/loader/Resource;)Ljava/lang/Class; java.base@11.0.8 (121 bytes) @ 0x000002671d08c4a4 [0x000002671d08bf40+0x0000000000000564]
J 5894 c1 jdk.internal.loader.BuiltinClassLoader.findClassOnClassPathOrNull(Ljava/lang/String;)Ljava/lang/Class; java.base@11.0.8 (64 bytes) @ 0x000002671d08a504 [0x000002671d08a420+0x00000000000000e4]
J 2703 c2 jdk.internal.loader.BuiltinClassLoader.loadClassOrNull(Ljava/lang/String;Z)Ljava/lang/Class; java.base@11.0.8 (143 bytes) @ 0x0000026723a4c4dc [0x0000026723a4b8e0+0x0000000000000bfc]
J 4179 c2 jdk.internal.loader.ClassLoaders$AppClassLoader.loadClass(Ljava/lang/String;Z)Ljava/lang/Class; java.base@11.0.8 (40 bytes) @ 0x0000026723b3b90c [0x0000026723b3b8c0+0x000000000000004c]
J 3785 c2 java.lang.ClassLoader.loadClass(Ljava/lang/String;)Ljava/lang/Class; java.base@11.0.8 (7 bytes) @ 0x0000026723aefae0 [0x0000026723aefaa0+0x0000000000000040]
v  ~StubRoutines::call_stub
j  org.thymeleaf.engine.TemplateManager.<init>(Lorg/thymeleaf/IEngineConfiguration;)V+74
j  org.thymeleaf.EngineConfiguration.initialize()V+6
j  org.thymeleaf.TemplateEngine.initialize()V+107
j  org.thymeleaf.TemplateEngine.getConfiguration()Lorg/thymeleaf/IEngineConfiguration;+8
j  org.thymeleaf.spring5.view.ThymeleafView.renderFragment(Ljava/util/Set;Ljava/util/Map;Ljavax/servlet/http/HttpServletRequest;Ljavax/servlet/http/HttpServletResponse;)V+251
j  org.thymeleaf.spring5.view.ThymeleafView.render(Ljava/util/Map;Ljavax/servlet/http/HttpServletRequest;Ljavax/servlet/http/HttpServletResponse;)V+8
j  org.springframework.web.servlet.DispatcherServlet.render(Lorg/springframework/web/servlet/ModelAndView;Ljavax/servlet/http/HttpServletRequest;Ljavax/servlet/http/HttpServletResponse;)V+246
j  org.springframework.web.servlet.DispatcherServlet.processDispatchResult(Ljavax/servlet/http/HttpServletRequest;Ljavax/servlet/http/HttpServletResponse;Lorg/springframework/web/servlet/HandlerExecutionChain;Lorg/springframework/web/servlet/ModelAndView;Ljava/lang/Exception;)V+98
j  org.springframework.web.servlet.DispatcherServlet.doDispatch(Ljavax/servlet/http/HttpServletRequest;Ljavax/servlet/http/HttpServletResponse;)V+358
j  org.springframework.web.servlet.DispatcherServlet.doService(Ljavax/servlet/http/HttpServletRequest;Ljavax/servlet/http/HttpServletResponse;)V+241
j  org.springframework.web.servlet.FrameworkServlet.processRequest(Ljavax/servlet/http/HttpServletRequest;Ljavax/servlet/http/HttpServletResponse;)V+71
j  org.springframework.web.servlet.FrameworkServlet.doGet(Ljavax/servlet/http/HttpServletRequest;Ljavax/servlet/http/HttpServletResponse;)V+3
j  javax.servlet.http.HttpServlet.service(Ljavax/servlet/http/HttpServletRequest;Ljavax/servlet/http/HttpServletResponse;)V+35
j  org.springframework.web.servlet.FrameworkServlet.service(Ljavax/servlet/http/HttpServletRequest;Ljavax/servlet/http/HttpServletResponse;)V+33
j  javax.servlet.http.HttpServlet.service(Ljavax/servlet/ServletRequest;Ljavax/servlet/ServletResponse;)V+36
j  org.apache.catalina.core.ApplicationFilterChain.internalDoFilter(Ljavax/servlet/ServletRequest;Ljavax/servlet/ServletResponse;)V+304
j  org.apache.catalina.core.ApplicationFilterChain.doFilter(Ljavax/servlet/ServletRequest;Ljavax/servlet/ServletResponse;)V+99
j  org.apache.tomcat.websocket.server.WsFilter.doFilter(Ljavax/servlet/ServletRequest;Ljavax/servlet/ServletResponse;Ljavax/servlet/FilterChain;)V+21
j  org.apache.catalina.core.ApplicationFilterChain.internalDoFilter(Ljavax/servlet/ServletRequest;Ljavax/servlet/ServletResponse;)V+135
j  org.apache.catalina.core.ApplicationFilterChain.doFilter(Ljavax/servlet/ServletRequest;Ljavax/servlet/ServletResponse;)V+99
j  org.springframework.web.filter.OncePerRequestFilter.doFilter(Ljavax/servlet/ServletRequest;Ljavax/servlet/ServletResponse;Ljavax/servlet/FilterChain;)V+122
j  org.apache.catalina.core.ApplicationFilterChain.internalDoFilter(Ljavax/servlet/ServletRequest;Ljavax/servlet/ServletResponse;)V+135
j  org.apache.catalina.core.ApplicationFilterChain.doFilter(Ljavax/servlet/ServletRequest;Ljavax/servlet/ServletResponse;)V+99
j  org.springframework.security.web.FilterChainProxy$VirtualFilterChain.doFilter(Ljavax/servlet/ServletRequest;Ljavax/servlet/ServletResponse;)V+52
j  org.springframework.security.web.access.intercept.FilterSecurityInterceptor.invoke(Lorg/springframework/security/web/FilterInvocation;)V+79
j  org.springframework.security.web.access.intercept.FilterSecurityInterceptor.doFilter(Ljavax/servlet/ServletRequest;Ljavax/servlet/ServletResponse;Ljavax/servlet/FilterChain;)V+11
j  org.springframework.security.web.FilterChainProxy$VirtualFilterChain.doFilter(Ljavax/servlet/ServletRequest;Ljavax/servlet/ServletResponse;)V+136
j  org.springframework.security.web.access.ExceptionTranslationFilter.doFilter(Ljavax/servlet/http/HttpServletRequest;Ljavax/servlet/http/HttpServletResponse;Ljavax/servlet/FilterChain;)V+3
j  org.springframework.security.web.access.ExceptionTranslationFilter.doFilter(Ljavax/servlet/ServletRequest;Ljavax/servlet/ServletResponse;Ljavax/servlet/FilterChain;)V+10
j  org.springframework.security.web.FilterChainProxy$VirtualFilterChain.doFilter(Ljavax/servlet/ServletRequest;Ljavax/servlet/ServletResponse;)V+136
j  org.springframework.security.web.session.SessionManagementFilter.doFilter(Ljavax/servlet/http/HttpServletRequest;Ljavax/servlet/http/HttpServletResponse;Ljavax/servlet/FilterChain;)V+210
j  org.springframework.security.web.session.SessionManagementFilter.doFilter(Ljavax/servlet/ServletRequest;Ljavax/servlet/ServletResponse;Ljavax/servlet/FilterChain;)V+10
j  org.springframework.security.web.FilterChainProxy$VirtualFilterChain.doFilter(Ljavax/servlet/ServletRequest;Ljavax/servlet/ServletResponse;)V+136
j  org.springframework.security.web.authentication.AnonymousAuthenticationFilter.doFilter(Ljavax/servlet/ServletRequest;Ljavax/servlet/ServletResponse;Ljavax/servlet/FilterChain;)V+105
j  org.springframework.security.web.FilterChainProxy$VirtualFilterChain.doFilter(Ljavax/servlet/ServletRequest;Ljavax/servlet/ServletResponse;)V+136
j  org.springframework.security.web.servletapi.SecurityContextHolderAwareRequestFilter.doFilter(Ljavax/servlet/ServletRequest;Ljavax/servlet/ServletResponse;Ljavax/servlet/FilterChain;)V+19
j  org.springframework.security.web.FilterChainProxy$VirtualFilterChain.doFilter(Ljavax/servlet/ServletRequest;Ljavax/servlet/ServletResponse;)V+136
j  org.springframework.security.web.savedrequest.RequestCacheAwareFilter.doFilter(Ljavax/servlet/ServletRequest;Ljavax/servlet/ServletResponse;Ljavax/servlet/FilterChain;)V+32
j  org.springframework.security.web.FilterChainProxy$VirtualFilterChain.doFilter(Ljavax/servlet/ServletRequest;Ljavax/servlet/ServletResponse;)V+136
j  org.springframework.security.web.authentication.AbstractAuthenticationProcessingFilter.doFilter(Ljavax/servlet/http/HttpServletRequest;Ljavax/servlet/http/HttpServletResponse;Ljavax/servlet/FilterChain;)V+12
j  org.springframework.security.web.authentication.AbstractAuthenticationProcessingFilter.doFilter(Ljavax/servlet/ServletRequest;Ljavax/servlet/ServletResponse;Ljavax/servlet/FilterChain;)V+10
j  org.springframework.security.web.FilterChainProxy$VirtualFilterChain.doFilter(Ljavax/servlet/ServletRequest;Ljavax/servlet/ServletResponse;)V+136
j  com.example.demo.security.JwtRequestFilter.doFilterInternal(Ljavax/servlet/http/HttpServletRequest;Ljavax/servlet/http/HttpServletResponse;Ljavax/servlet/FilterChain;)V+30
j  org.springframework.web.filter.OncePerRequestFilter.doFilter(Ljavax/servlet/ServletRequest;Ljavax/servlet/ServletResponse;Ljavax/servlet/FilterChain;)V+147
j  org.springframework.security.web.FilterChainProxy$VirtualFilterChain.doFilter(Ljavax/servlet/ServletRequest;Ljavax/servlet/ServletResponse;)V+136
j  org.springframework.security.web.authentication.logout.LogoutFilter.doFilter(Ljavax/servlet/http/HttpServletRequest;Ljavax/servlet/http/HttpServletResponse;Ljavax/servlet/FilterChain;)V+77
j  org.springframework.security.web.authentication.logout.LogoutFilter.doFilter(Ljavax/servlet/ServletRequest;Ljavax/servlet/ServletResponse;Ljavax/servlet/FilterChain;)V+10
j  org.springframework.security.web.FilterChainProxy$VirtualFilterChain.doFilter(Ljavax/servlet/ServletRequest;Ljavax/servlet/ServletResponse;)V+136
j  org.springframework.web.filter.CorsFilter.doFilterInternal(Ljavax/servlet/http/HttpServletRequest;Ljavax/servlet/http/HttpServletResponse;Ljavax/servlet/FilterChain;)V+43
j  org.springframework.web.filter.OncePerRequestFilter.doFilter(Ljavax/servlet/ServletRequest;Ljavax/servlet/ServletResponse;Ljavax/servlet/FilterChain;)V+147
j  org.springframework.security.web.FilterChainProxy$VirtualFilterChain.doFilter(Ljavax/servlet/ServletRequest;Ljavax/servlet/ServletResponse;)V+136
j  org.springframework.security.web.header.HeaderWriterFilter.doHeadersAfter(Ljavax/servlet/http/HttpServletRequest;Ljavax/servlet/http/HttpServletResponse;Ljavax/servlet/FilterChain;)V+29
j  org.springframework.security.web.header.HeaderWriterFilter.doFilterInternal(Ljavax/servlet/http/HttpServletRequest;Ljavax/servlet/http/HttpServletResponse;Ljavax/servlet/FilterChain;)V+21
j  org.springframework.web.filter.OncePerRequestFilter.doFilter(Ljavax/servlet/ServletRequest;Ljavax/servlet/ServletResponse;Ljavax/servlet/FilterChain;)V+147
j  org.springframework.security.web.FilterChainProxy$VirtualFilterChain.doFilter(Ljavax/servlet/ServletRequest;Ljavax/servlet/ServletResponse;)V+136
j  org.springframework.security.web.context.SecurityContextPersistenceFilter.doFilter(Ljavax/servlet/http/HttpServletRequest;Ljavax/servlet/http/HttpServletResponse;Ljavax/servlet/FilterChain;)V+181
j  org.springframework.security.web.context.SecurityContextPersistenceFilter.doFilter(Ljavax/servlet/ServletRequest;Ljavax/servlet/ServletResponse;Ljavax/servlet/FilterChain;)V+10
j  org.springframework.security.web.FilterChainProxy$VirtualFilterChain.doFilter(Ljavax/servlet/ServletRequest;Ljavax/servlet/ServletResponse;)V+136
j  org.springframework.security.web.context.request.async.WebAsyncManagerIntegrationFilter.doFilterInternal(Ljavax/servlet/http/HttpServletRequest;Ljavax/servlet/http/HttpServletResponse;Ljavax/servlet/FilterChain;)V+42
j  org.springframework.web.filter.OncePerRequestFilter.doFilter(Ljavax/servlet/ServletRequest;Ljavax/servlet/ServletResponse;Ljavax/servlet/FilterChain;)V+147
j  org.springframework.security.web.FilterChainProxy$VirtualFilterChain.doFilter(Ljavax/servlet/ServletRequest;Ljavax/servlet/ServletResponse;)V+136
j  org.springframework.security.web.FilterChainProxy.doFilterInternal(Ljavax/servlet/ServletRequest;Ljavax/servlet/ServletResponse;Ljavax/servlet/FilterChain;)V+148
j  org.springframework.security.web.FilterChainProxy.doFilter(Ljavax/servlet/ServletRequest;Ljavax/servlet/ServletResponse;Ljavax/servlet/FilterChain;)V+48
j  org.springframework.web.filter.DelegatingFilterProxy.invokeDelegate(Ljavax/servlet/Filter;Ljavax/servlet/ServletRequest;Ljavax/servlet/ServletResponse;Ljavax/servlet/FilterChain;)V+5
j  org.springframework.web.filter.DelegatingFilterProxy.doFilter(Ljavax/servlet/ServletRequest;Ljavax/servlet/ServletResponse;Ljavax/servlet/FilterChain;)V+85
j  org.apache.catalina.core.ApplicationFilterChain.internalDoFilter(Ljavax/servlet/ServletRequest;Ljavax/servlet/ServletResponse;)V+135
j  org.apache.catalina.core.ApplicationFilterChain.doFilter(Ljavax/servlet/ServletRequest;Ljavax/servlet/ServletResponse;)V+99
j  org.springframework.web.filter.RequestContextFilter.doFilterInternal(Ljavax/servlet/http/HttpServletRequest;Ljavax/servlet/http/HttpServletResponse;Ljavax/servlet/FilterChain;)V+21
j  org.springframework.web.filter.OncePerRequestFilter.doFilter(Ljavax/servlet/ServletRequest;Ljavax/servlet/ServletResponse;Ljavax/servlet/FilterChain;)V+147
j  org.apache.catalina.core.ApplicationFilterChain.internalDoFilter(Ljavax/servlet/ServletRequest;Ljavax/servlet/ServletResponse;)V+135
j  org.apache.catalina.core.ApplicationFilterChain.doFilter(Ljavax/servlet/ServletRequest;Ljavax/servlet/ServletResponse;)V+99
j  org.springframework.web.filter.FormContentFilter.doFilterInternal(Ljavax/servlet/http/HttpServletRequest;Ljavax/servlet/http/HttpServletResponse;Ljavax/servlet/FilterChain;)V+38
j  org.springframework.web.filter.OncePerRequestFilter.doFilter(Ljavax/servlet/ServletRequest;Ljavax/servlet/ServletResponse;Ljavax/servlet/FilterChain;)V+147
j  org.apache.catalina.core.ApplicationFilterChain.internalDoFilter(Ljavax/servlet/ServletRequest;Ljavax/servlet/ServletResponse;)V+135
j  org.apache.catalina.core.ApplicationFilterChain.doFilter(Ljavax/servlet/ServletRequest;Ljavax/servlet/ServletResponse;)V+99
j  org.springframework.web.filter.CharacterEncodingFilter.doFilterInternal(Ljavax/servlet/http/HttpServletRequest;Ljavax/servlet/http/HttpServletResponse;Ljavax/servlet/FilterChain;)V+53
j  org.springframework.web.filter.OncePerRequestFilter.doFilter(Ljavax/servlet/ServletRequest;Ljavax/servlet/ServletResponse;Ljavax/servlet/FilterChain;)V+147
j  org.apache.catalina.core.ApplicationFilterChain.internalDoFilter(Ljavax/servlet/ServletRequest;Ljavax/servlet/ServletResponse;)V+135
j  org.apache.catalina.core.ApplicationFilterChain.doFilter(Ljavax/servlet/ServletRequest;Ljavax/servlet/ServletResponse;)V+99
j  org.apache.catalina.core.StandardWrapperValve.invoke(Lorg/apache/catalina/connector/Request;Lorg/apache/catalina/connector/Response;)V+694
j  org.apache.catalina.core.StandardContextValve.invoke(Lorg/apache/catalina/connector/Request;Lorg/apache/catalina/connector/Response;)V+169
j  org.apache.catalina.authenticator.AuthenticatorBase.invoke(Lorg/apache/catalina/connector/Request;Lorg/apache/catalina/connector/Response;)V+260
j  org.apache.catalina.core.StandardHostValve.invoke(Lorg/apache/catalina/connector/Request;Lorg/apache/catalina/connector/Response;)V+128
j  org.apache.catalina.valves.ErrorReportValve.invoke(Lorg/apache/catalina/connector/Request;Lorg/apache/catalina/connector/Response;)V+6
j  org.apache.catalina.core.StandardEngineValve.invoke(Lorg/apache/catalina/connector/Request;Lorg/apache/catalina/connector/Response;)V+59
j  org.apache.catalina.connector.CoyoteAdapter.service(Lorg/apache/coyote/Request;Lorg/apache/coyote/Response;)V+199
j  org.apache.coyote.http11.Http11Processor.service(Lorg/apache/tomcat/util/net/SocketWrapperBase;)Lorg/apache/tomcat/util/net/AbstractEndpoint$Handler$SocketState;+737
j  org.apache.coyote.AbstractProcessorLight.process(Lorg/apache/tomcat/util/net/SocketWrapperBase;Lorg/apache/tomcat/util/net/SocketEvent;)Lorg/apache/tomcat/util/net/AbstractEndpoint$Handler$SocketState;+170
j  org.apache.coyote.AbstractProtocol$ConnectionHandler.process(Lorg/apache/tomcat/util/net/SocketWrapperBase;Lorg/apache/tomcat/util/net/SocketEvent;)Lorg/apache/tomcat/util/net/AbstractEndpoint$Handler$SocketState;+505
j  org.apache.tomcat.util.net.NioEndpoint$SocketProcessor.doRun()V+216
j  org.apache.tomcat.util.net.SocketProcessorBase.run()V+21
j  java.util.concurrent.ThreadPoolExecutor.runWorker(Ljava/util/concurrent/ThreadPoolExecutor$Worker;)V+92 java.base@11.0.8
j  java.util.concurrent.ThreadPoolExecutor$Worker.run()V+5 java.base@11.0.8
j  org.apache.tomcat.util.threads.TaskThread$WrappingRunnable.run()V+4
j  java.lang.Thread.run()V+11 java.base@11.0.8
v  ~StubRoutines::call_stub

---------------  P R O C E S S  ---------------

Threads class SMR info:
_java_thread_list=0x00000267380ab350, length=32, elements={
0x00000267326c8000, 0x00000267326d1800, 0x0000026733032800, 0x00000267326dd000,
0x00000267326de000, 0x00000267326e4800, 0x00000267326e5800, 0x000002673319c800,
0x00000267334e7800, 0x0000026733718800, 0x0000026736104000, 0x00000267361a5000,
0x00000267376d1800, 0x0000026738cf7000, 0x0000026737b2f000, 0x0000026738dbe800,
0x0000026736795800, 0x00000267365d5800, 0x0000026739b54800, 0x0000026739b50800,
0x0000026739b53800, 0x0000026739b52800, 0x0000026739b57000, 0x0000026739b52000,
0x0000026739b51000, 0x0000026739b55000, 0x0000026739b56000, 0x0000026738f52800,
0x0000026738f4f000, 0x0000026738f55800, 0x0000026738f53000, 0x00000267343b1800
}

Java Threads: ( => current thread )
  0x00000267326c8000 JavaThread "Reference Handler" daemon [_thread_blocked, id=8500, stack(0x000000ab70900000,0x000000ab70a00000)]
  0x00000267326d1800 JavaThread "Finalizer" daemon [_thread_blocked, id=16148, stack(0x000000ab70a00000,0x000000ab70b00000)]
  0x0000026733032800 JavaThread "Signal Dispatcher" daemon [_thread_blocked, id=9152, stack(0x000000ab70b00000,0x000000ab70c00000)]
  0x00000267326dd000 JavaThread "Attach Listener" daemon [_thread_blocked, id=15500, stack(0x000000ab70c00000,0x000000ab70d00000)]
  0x00000267326de000 JavaThread "C2 CompilerThread0" daemon [_thread_in_native, id=2328, stack(0x000000ab70d00000,0x000000ab70e00000)]
  0x00000267326e4800 JavaThread "C1 CompilerThread0" daemon [_thread_blocked, id=15836, stack(0x000000ab70e00000,0x000000ab70f00000)]
  0x00000267326e5800 JavaThread "Sweeper thread" daemon [_thread_blocked, id=528, stack(0x000000ab70f00000,0x000000ab71000000)]
  0x000002673319c800 JavaThread "Common-Cleaner" daemon [_thread_blocked, id=1000, stack(0x000000ab71000000,0x000000ab71100000)]
  0x00000267334e7800 JavaThread "Monitor Ctrl-Break" daemon [_thread_in_native, id=9908, stack(0x000000ab71300000,0x000000ab71400000)]
  0x0000026733718800 JavaThread "Service Thread" daemon [_thread_blocked, id=16128, stack(0x000000ab71400000,0x000000ab71500000)]
  0x0000026736104000 JavaThread "mssql-jdbc-shared-timer-core-0" daemon [_thread_blocked, id=13768, stack(0x000000ab6ff00000,0x000000ab70000000)]
  0x00000267361a5000 JavaThread "HikariPool-1 housekeeper" daemon [_thread_blocked, id=11820, stack(0x000000ab70000000,0x000000ab70100000)]
  0x00000267376d1800 JavaThread "Catalina-utility-1" [_thread_blocked, id=7792, stack(0x000000ab72200000,0x000000ab72300000)]
  0x0000026738cf7000 JavaThread "Catalina-utility-2" [_thread_blocked, id=8112, stack(0x000000ab72300000,0x000000ab72400000)]
  0x0000026737b2f000 JavaThread "container-0" [_thread_blocked, id=15504, stack(0x000000ab72400000,0x000000ab72500000)]
  0x0000026738dbe800 JavaThread "Live Reload Server" daemon [_thread_in_native, id=9428, stack(0x000000ab72600000,0x000000ab72700000)]
  0x0000026736795800 JavaThread "File Watcher" daemon [_thread_blocked, id=1560, stack(0x000000ab72500000,0x000000ab72600000)]
  0x00000267365d5800 JavaThread "http-nio-6789-BlockPoller" daemon [_thread_in_native, id=8572, stack(0x000000ab72700000,0x000000ab72800000)]
  0x0000026739b54800 JavaThread "http-nio-6789-exec-1" daemon [_thread_blocked, id=10628, stack(0x000000ab72800000,0x000000ab72900000)]
=>0x0000026739b50800 JavaThread "http-nio-6789-exec-2" daemon [_thread_in_vm, id=10608, stack(0x000000ab72900000,0x000000ab72a00000)]
  0x0000026739b53800 JavaThread "http-nio-6789-exec-3" daemon [_thread_blocked, id=10032, stack(0x000000ab72a00000,0x000000ab72b00000)]
  0x0000026739b52800 JavaThread "http-nio-6789-exec-4" daemon [_thread_blocked, id=14612, stack(0x000000ab72b00000,0x000000ab72c00000)]
  0x0000026739b57000 JavaThread "http-nio-6789-exec-5" daemon [_thread_blocked, id=8260, stack(0x000000ab72c00000,0x000000ab72d00000)]
  0x0000026739b52000 JavaThread "http-nio-6789-exec-6" daemon [_thread_blocked, id=14988, stack(0x000000ab72d00000,0x000000ab72e00000)]
  0x0000026739b51000 JavaThread "http-nio-6789-exec-7" daemon [_thread_blocked, id=7604, stack(0x000000ab72e00000,0x000000ab72f00000)]
  0x0000026739b55000 JavaThread "http-nio-6789-exec-8" daemon [_thread_blocked, id=15312, stack(0x000000ab72f00000,0x000000ab73000000)]
  0x0000026739b56000 JavaThread "http-nio-6789-exec-9" daemon [_thread_blocked, id=16240, stack(0x000000ab73000000,0x000000ab73100000)]
  0x0000026738f52800 JavaThread "http-nio-6789-exec-10" daemon [_thread_blocked, id=7116, stack(0x000000ab73100000,0x000000ab73200000)]
  0x0000026738f4f000 JavaThread "http-nio-6789-ClientPoller" daemon [_thread_in_native, id=6680, stack(0x000000ab73200000,0x000000ab73300000)]
  0x0000026738f55800 JavaThread "http-nio-6789-Acceptor" daemon [_thread_in_native, id=2480, stack(0x000000ab73300000,0x000000ab73400000)]
  0x0000026738f53000 JavaThread "DestroyJavaVM" [_thread_blocked, id=7732, stack(0x000000ab70200000,0x000000ab70300000)]
  0x00000267343b1800 JavaThread "C2 CompilerThread1" daemon [_thread_in_native, id=14636, stack(0x000000ab70100000,0x000000ab70200000)]

Other Threads:
  0x00000267326a3800 VMThread "VM Thread" [stack: 0x000000ab70800000,0x000000ab70900000] [id=12092]
  0x0000026733719800 WatcherThread [stack: 0x000000ab71500000,0x000000ab71600000] [id=8172]
  0x00000267137c2800 GCTaskThread "GC Thread#0" [stack: 0x000000ab70300000,0x000000ab70400000] [id=16308]
  0x0000026733eae000 GCTaskThread "GC Thread#1" [stack: 0x000000ab71600000,0x000000ab71700000] [id=15932]
  0x000002673408a800 GCTaskThread "GC Thread#2" [stack: 0x000000ab71700000,0x000000ab71800000] [id=3156]
  0x0000026733f2e800 GCTaskThread "GC Thread#3" [stack: 0x000000ab71a00000,0x000000ab71b00000] [id=408]
  0x0000026733f2f000 GCTaskThread "GC Thread#4" [stack: 0x000000ab71b00000,0x000000ab71c00000] [id=10152]
  0x0000026734078000 GCTaskThread "GC Thread#5" [stack: 0x000000ab71c00000,0x000000ab71d00000] [id=14204]
  0x0000026735e29800 GCTaskThread "GC Thread#6" [stack: 0x000000ab71e00000,0x000000ab71f00000] [id=15936]
  0x000002673465b000 GCTaskThread "GC Thread#7" [stack: 0x000000ab71f00000,0x000000ab72000000] [id=12296]
  0x00000267137f3000 ConcurrentGCThread "G1 Main Marker" [stack: 0x000000ab70400000,0x000000ab70500000] [id=7552]
  0x00000267137f4000 ConcurrentGCThread "G1 Conc#0" [stack: 0x000000ab70500000,0x000000ab70600000] [id=8996]
  0x0000026733f48800 ConcurrentGCThread "G1 Conc#1" [stack: 0x000000ab72000000,0x000000ab72100000] [id=4448]
  0x000002671387e000 ConcurrentGCThread "G1 Refine#0" [stack: 0x000000ab70600000,0x000000ab70700000] [id=11480]
  0x000002673250c800 ConcurrentGCThread "G1 Young RemSet Sampling" [stack: 0x000000ab70700000,0x000000ab70800000] [id=14456]

Threads with active compile tasks:
C2 CompilerThread0 279194 6804       4       org.springframework.transaction.interceptor.AbstractFallbackTransactionAttributeSource::computeTransactionAttribute (112 bytes)
C2 CompilerThread1 279194 6808       4       jdk.internal.loader.ClassLoaders$AppClassLoader::defineOrCheckPackage (8 bytes)

VM state:not at safepoint (normal execution)

VM Mutex/Monitor currently owned by a thread: None

Heap address: 0x0000000081c00000, size: 2020 MB, Compressed Oops mode: 32-bit
Narrow klass base: 0x0000000000000000, Narrow klass shift: 3
Compressed class space size: 1073741824 Address: 0x0000000100000000

Heap:
 garbage-first heap   total 189440K, used 74313K [0x0000000081c00000, 0x0000000100000000)
  region size 1024K, 50 young (51200K), 5 survivors (5120K)
 Metaspace       used 77293K, capacity 79130K, committed 79232K, reserved 1118208K
  class space    used 9785K, capacity 10522K, committed 10624K, reserved 1048576K
Heap Regions: E=young(eden), S=young(survivor), O=old, HS=humongous(starts), HC=humongous(continues), CS=collection set, F=free, A=archive, TAMS=top-at-mark-start (previous, next)
|   0|0x0000000081c00000, 0x0000000081d00000, 0x0000000081d00000|100%|HS|  |TAMS 0x0000000081d00000, 0x0000000081c00000| Complete 
|   1|0x0000000081d00000, 0x0000000081e00000, 0x0000000081e00000|100%| O|  |TAMS 0x0000000081e00000, 0x0000000081d00000| Untracked 
|   2|0x0000000081e00000, 0x0000000081f00000, 0x0000000081f00000|100%| O|  |TAMS 0x0000000081f00000, 0x0000000081e00000| Untracked 
|   3|0x0000000081f00000, 0x0000000082000000, 0x0000000082000000|100%| O|  |TAMS 0x0000000082000000, 0x0000000081f00000| Untracked 
|   4|0x0000000082000000, 0x0000000082100000, 0x0000000082100000|100%| O|  |TAMS 0x0000000082100000, 0x0000000082000000| Untracked 
|   5|0x0000000082100000, 0x0000000082200000, 0x0000000082200000|100%| O|  |TAMS 0x0000000082200000, 0x0000000082100000| Untracked 
|   6|0x0000000082200000, 0x0000000082300000, 0x0000000082300000|100%| O|  |TAMS 0x0000000082300000, 0x0000000082200000| Untracked 
|   7|0x0000000082300000, 0x0000000082400000, 0x0000000082400000|100%| O|  |TAMS 0x0000000082400000, 0x0000000082300000| Untracked 
|   8|0x0000000082400000, 0x0000000082500000, 0x0000000082500000|100%| O|  |TAMS 0x0000000082500000, 0x0000000082400000| Untracked 
|   9|0x0000000082500000, 0x0000000082600000, 0x0000000082600000|100%| O|  |TAMS 0x0000000082600000, 0x0000000082500000| Untracked 
|  10|0x0000000082600000, 0x0000000082700000, 0x0000000082700000|100%| O|  |TAMS 0x0000000082700000, 0x0000000082600000| Untracked 
|  11|0x0000000082700000, 0x0000000082800000, 0x0000000082800000|100%| O|  |TAMS 0x0000000082800000, 0x0000000082700000| Untracked 
|  12|0x0000000082800000, 0x0000000082900000, 0x0000000082900000|100%| O|  |TAMS 0x0000000082900000, 0x0000000082800000| Untracked 
|  13|0x0000000082900000, 0x0000000082a00000, 0x0000000082a00000|100%| O|  |TAMS 0x0000000082a00000, 0x0000000082900000| Untracked 
|  14|0x0000000082a00000, 0x0000000082b00000, 0x0000000082b00000|100%| O|  |TAMS 0x0000000082ad5800, 0x0000000082a00000| Untracked 
|  15|0x0000000082b00000, 0x0000000082c00000, 0x0000000082c00000|100%| O|  |TAMS 0x0000000082b00000, 0x0000000082b00000| Untracked 
|  16|0x0000000082c00000, 0x0000000082d00000, 0x0000000082d00000|100%| O|  |TAMS 0x0000000082c00000, 0x0000000082c00000| Untracked 
|  17|0x0000000082d00000, 0x0000000082e00000, 0x0000000082e00000|100%| O|  |TAMS 0x0000000082d00000, 0x0000000082d00000| Untracked 
|  18|0x0000000082e00000, 0x0000000082f00000, 0x0000000082f00000|100%| O|  |TAMS 0x0000000082e00000, 0x0000000082e00000| Untracked 
|  19|0x0000000082f00000, 0x0000000083000000, 0x0000000083000000|100%| O|  |TAMS 0x0000000082f00000, 0x0000000082f00000| Untracked 
|  20|0x0000000083000000, 0x0000000083100000, 0x0000000083100000|100%| O|  |TAMS 0x0000000083000000, 0x0000000083000000| Untracked 
|  21|0x0000000083100000, 0x0000000083200000, 0x0000000083200000|100%| O|  |TAMS 0x0000000083100000, 0x0000000083100000| Untracked 
|  22|0x0000000083200000, 0x0000000083300000, 0x0000000083300000|100%| O|  |TAMS 0x0000000083200000, 0x0000000083200000| Untracked 
|  23|0x0000000083300000, 0x0000000083400000, 0x0000000083400000|100%| O|  |TAMS 0x0000000083300000, 0x0000000083300000| Untracked 
|  24|0x0000000083400000, 0x0000000083500000, 0x0000000083500000|100%| O|  |TAMS 0x0000000083400000, 0x0000000083400000| Untracked 
|  25|0x0000000083500000, 0x0000000083572000, 0x0000000083600000| 44%| O|  |TAMS 0x0000000083500000, 0x0000000083500000| Untracked 
|  26|0x0000000083600000, 0x0000000083600000, 0x0000000083700000|  0%| F|  |TAMS 0x0000000083600000, 0x0000000083600000| Untracked 
|  27|0x0000000083700000, 0x0000000083700000, 0x0000000083800000|  0%| F|  |TAMS 0x0000000083700000, 0x0000000083700000| Untracked 
|  28|0x0000000083800000, 0x0000000083800000, 0x0000000083900000|  0%| F|  |TAMS 0x0000000083800000, 0x0000000083800000| Untracked 
|  29|0x0000000083900000, 0x0000000083900000, 0x0000000083a00000|  0%| F|  |TAMS 0x0000000083900000, 0x0000000083900000| Untracked 
|  30|0x0000000083a00000, 0x0000000083a00000, 0x0000000083b00000|  0%| F|  |TAMS 0x0000000083a00000, 0x0000000083a00000| Untracked 
|  31|0x0000000083b00000, 0x0000000083b00000, 0x0000000083c00000|  0%| F|  |TAMS 0x0000000083b00000, 0x0000000083b00000| Untracked 
|  32|0x0000000083c00000, 0x0000000083c00000, 0x0000000083d00000|  0%| F|  |TAMS 0x0000000083c00000, 0x0000000083c00000| Untracked 
|  33|0x0000000083d00000, 0x0000000083d00000, 0x0000000083e00000|  0%| F|  |TAMS 0x0000000083d00000, 0x0000000083d00000| Untracked 
|  34|0x0000000083e00000, 0x0000000083e00000, 0x0000000083f00000|  0%| F|  |TAMS 0x0000000083e00000, 0x0000000083e00000| Untracked 
|  35|0x0000000083f00000, 0x0000000083f00000, 0x0000000084000000|  0%| F|  |TAMS 0x0000000083f00000, 0x0000000083f00000| Untracked 
|  36|0x0000000084000000, 0x0000000084000000, 0x0000000084100000|  0%| F|  |TAMS 0x0000000084000000, 0x0000000084000000| Untracked 
|  37|0x0000000084100000, 0x0000000084100000, 0x0000000084200000|  0%| F|  |TAMS 0x0000000084100000, 0x0000000084100000| Untracked 
|  38|0x0000000084200000, 0x0000000084200000, 0x0000000084300000|  0%| F|  |TAMS 0x0000000084200000, 0x0000000084200000| Untracked 
|  39|0x0000000084300000, 0x0000000084300000, 0x0000000084400000|  0%| F|  |TAMS 0x0000000084300000, 0x0000000084300000| Untracked 
|  40|0x0000000084400000, 0x0000000084400000, 0x0000000084500000|  0%| F|  |TAMS 0x0000000084400000, 0x0000000084400000| Untracked 
|  41|0x0000000084500000, 0x0000000084500000, 0x0000000084600000|  0%| F|  |TAMS 0x0000000084500000, 0x0000000084500000| Untracked 
|  42|0x0000000084600000, 0x0000000084600000, 0x0000000084700000|  0%| F|  |TAMS 0x0000000084600000, 0x0000000084600000| Untracked 
|  43|0x0000000084700000, 0x0000000084700000, 0x0000000084800000|  0%| F|  |TAMS 0x0000000084700000, 0x0000000084700000| Untracked 
|  44|0x0000000084800000, 0x0000000084800000, 0x0000000084900000|  0%| F|  |TAMS 0x0000000084800000, 0x0000000084800000| Untracked 
|  45|0x0000000084900000, 0x0000000084900000, 0x0000000084a00000|  0%| F|  |TAMS 0x0000000084900000, 0x0000000084900000| Untracked 
|  46|0x0000000084a00000, 0x0000000084a00000, 0x0000000084b00000|  0%| F|  |TAMS 0x0000000084a00000, 0x0000000084a00000| Untracked 
|  47|0x0000000084b00000, 0x0000000084b00000, 0x0000000084c00000|  0%| F|  |TAMS 0x0000000084b00000, 0x0000000084b00000| Untracked 
|  48|0x0000000084c00000, 0x0000000084c00000, 0x0000000084d00000|  0%| F|  |TAMS 0x0000000084c00000, 0x0000000084c00000| Untracked 
|  49|0x0000000084d00000, 0x0000000084d00000, 0x0000000084e00000|  0%| F|  |TAMS 0x0000000084d00000, 0x0000000084d00000| Untracked 
|  50|0x0000000084e00000, 0x0000000084e00000, 0x0000000084f00000|  0%| F|  |TAMS 0x0000000084e00000, 0x0000000084e00000| Untracked 
|  51|0x0000000084f00000, 0x0000000084f00000, 0x0000000085000000|  0%| F|  |TAMS 0x0000000084f00000, 0x0000000084f00000| Untracked 
|  52|0x0000000085000000, 0x0000000085000000, 0x0000000085100000|  0%| F|  |TAMS 0x0000000085000000, 0x0000000085000000| Untracked 
|  53|0x0000000085100000, 0x0000000085100000, 0x0000000085200000|  0%| F|  |TAMS 0x0000000085100000, 0x0000000085100000| Untracked 
|  54|0x0000000085200000, 0x0000000085200000, 0x0000000085300000|  0%| F|  |TAMS 0x0000000085200000, 0x0000000085200000| Untracked 
|  55|0x0000000085300000, 0x0000000085300000, 0x0000000085400000|  0%| F|  |TAMS 0x0000000085300000, 0x0000000085300000| Untracked 
|  56|0x0000000085400000, 0x0000000085400000, 0x0000000085500000|  0%| F|  |TAMS 0x0000000085400000, 0x0000000085400000| Untracked 
|  57|0x0000000085500000, 0x0000000085500000, 0x0000000085600000|  0%| F|  |TAMS 0x0000000085500000, 0x0000000085500000| Untracked 
|  58|0x0000000085600000, 0x0000000085600000, 0x0000000085700000|  0%| F|  |TAMS 0x0000000085600000, 0x0000000085600000| Untracked 
|  59|0x0000000085700000, 0x0000000085700000, 0x0000000085800000|  0%| F|  |TAMS 0x0000000085700000, 0x0000000085700000| Untracked 
|  60|0x0000000085800000, 0x0000000085800000, 0x0000000085900000|  0%| F|  |TAMS 0x0000000085800000, 0x0000000085800000| Untracked 
|  61|0x0000000085900000, 0x0000000085900000, 0x0000000085a00000|  0%| F|  |TAMS 0x0000000085900000, 0x0000000085900000| Untracked 
|  62|0x0000000085a00000, 0x0000000085a00000, 0x0000000085b00000|  0%| F|  |TAMS 0x0000000085a00000, 0x0000000085a00000| Untracked 
|  63|0x0000000085b00000, 0x0000000085b00000, 0x0000000085c00000|  0%| F|  |TAMS 0x0000000085b00000, 0x0000000085b00000| Untracked 
|  64|0x0000000085c00000, 0x0000000085c00000, 0x0000000085d00000|  0%| F|  |TAMS 0x0000000085c00000, 0x0000000085c00000| Untracked 
|  65|0x0000000085d00000, 0x0000000085d00000, 0x0000000085e00000|  0%| F|  |TAMS 0x0000000085d00000, 0x0000000085d00000| Untracked 
|  66|0x0000000085e00000, 0x0000000085e00000, 0x0000000085f00000|  0%| F|  |TAMS 0x0000000085e00000, 0x0000000085e00000| Untracked 
|  67|0x0000000085f00000, 0x0000000085f00000, 0x0000000086000000|  0%| F|  |TAMS 0x0000000085f00000, 0x0000000085f00000| Untracked 
|  68|0x0000000086000000, 0x0000000086000000, 0x0000000086100000|  0%| F|  |TAMS 0x0000000086000000, 0x0000000086000000| Untracked 
|  69|0x0000000086100000, 0x0000000086120628, 0x0000000086200000| 12%| S|CS|TAMS 0x0000000086100000, 0x0000000086100000| Complete 
|  70|0x0000000086200000, 0x0000000086300000, 0x0000000086300000|100%| S|CS|TAMS 0x0000000086200000, 0x0000000086200000| Complete 
|  71|0x0000000086300000, 0x0000000086400000, 0x0000000086400000|100%| S|CS|TAMS 0x0000000086300000, 0x0000000086300000| Complete 
|  72|0x0000000086400000, 0x0000000086500000, 0x0000000086500000|100%| S|CS|TAMS 0x0000000086400000, 0x0000000086400000| Complete 
|  73|0x0000000086500000, 0x0000000086600000, 0x0000000086600000|100%| S|CS|TAMS 0x0000000086500000, 0x0000000086500000| Complete 
|  74|0x0000000086600000, 0x0000000086600000, 0x0000000086700000|  0%| F|  |TAMS 0x0000000086600000, 0x0000000086600000| Untracked 
|  75|0x0000000086700000, 0x0000000086700000, 0x0000000086800000|  0%| F|  |TAMS 0x0000000086700000, 0x0000000086700000| Untracked 
|  76|0x0000000086800000, 0x0000000086800000, 0x0000000086900000|  0%| F|  |TAMS 0x0000000086800000, 0x0000000086800000| Untracked 
|  77|0x0000000086900000, 0x0000000086900000, 0x0000000086a00000|  0%| F|  |TAMS 0x0000000086900000, 0x0000000086900000| Untracked 
|  78|0x0000000086a00000, 0x0000000086a00000, 0x0000000086b00000|  0%| F|  |TAMS 0x0000000086a00000, 0x0000000086a00000| Untracked 
|  79|0x0000000086b00000, 0x0000000086b00000, 0x0000000086c00000|  0%| F|  |TAMS 0x0000000086b00000, 0x0000000086b00000| Untracked 
|  80|0x0000000086c00000, 0x0000000086c00000, 0x0000000086d00000|  0%| F|  |TAMS 0x0000000086c00000, 0x0000000086c00000| Untracked 
|  81|0x0000000086d00000, 0x0000000086d00000, 0x0000000086e00000|  0%| F|  |TAMS 0x0000000086d00000, 0x0000000086d00000| Untracked 
|  82|0x0000000086e00000, 0x0000000086e00000, 0x0000000086f00000|  0%| F|  |TAMS 0x0000000086e00000, 0x0000000086e00000| Untracked 
|  83|0x0000000086f00000, 0x0000000086f00000, 0x0000000087000000|  0%| F|  |TAMS 0x0000000086f00000, 0x0000000086f00000| Untracked 
|  84|0x0000000087000000, 0x0000000087000000, 0x0000000087100000|  0%| F|  |TAMS 0x0000000087000000, 0x0000000087000000| Untracked 
|  85|0x0000000087100000, 0x0000000087100000, 0x0000000087200000|  0%| F|  |TAMS 0x0000000087100000, 0x0000000087100000| Untracked 
|  86|0x0000000087200000, 0x0000000087200000, 0x0000000087300000|  0%| F|  |TAMS 0x0000000087200000, 0x0000000087200000| Untracked 
|  87|0x0000000087300000, 0x0000000087300000, 0x0000000087400000|  0%| F|  |TAMS 0x0000000087300000, 0x0000000087300000| Untracked 
|  88|0x0000000087400000, 0x0000000087400000, 0x0000000087500000|  0%| F|  |TAMS 0x0000000087400000, 0x0000000087400000| Untracked 
|  89|0x0000000087500000, 0x0000000087500000, 0x0000000087600000|  0%| F|  |TAMS 0x0000000087500000, 0x0000000087500000| Untracked 
|  90|0x0000000087600000, 0x0000000087600000, 0x0000000087700000|  0%| F|  |TAMS 0x0000000087600000, 0x0000000087600000| Untracked 
|  91|0x0000000087700000, 0x0000000087700000, 0x0000000087800000|  0%| F|  |TAMS 0x0000000087700000, 0x0000000087700000| Untracked 
|  92|0x0000000087800000, 0x0000000087800000, 0x0000000087900000|  0%| F|  |TAMS 0x0000000087800000, 0x0000000087800000| Untracked 
|  93|0x0000000087900000, 0x0000000087900000, 0x0000000087a00000|  0%| F|  |TAMS 0x0000000087900000, 0x0000000087900000| Untracked 
|  94|0x0000000087a00000, 0x0000000087a00000, 0x0000000087b00000|  0%| F|  |TAMS 0x0000000087a00000, 0x0000000087a00000| Untracked 
|  95|0x0000000087b00000, 0x0000000087b00000, 0x0000000087c00000|  0%| F|  |TAMS 0x0000000087b00000, 0x0000000087b00000| Untracked 
|  96|0x0000000087c00000, 0x0000000087c00000, 0x0000000087d00000|  0%| F|  |TAMS 0x0000000087c00000, 0x0000000087c00000| Untracked 
|  97|0x0000000087d00000, 0x0000000087d00000, 0x0000000087e00000|  0%| F|  |TAMS 0x0000000087d00000, 0x0000000087d00000| Untracked 
|  98|0x0000000087e00000, 0x0000000087e00000, 0x0000000087f00000|  0%| F|  |TAMS 0x0000000087e00000, 0x0000000087e00000| Untracked 
|  99|0x0000000087f00000, 0x0000000087f00000, 0x0000000088000000|  0%| F|  |TAMS 0x0000000087f00000, 0x0000000087f00000| Untracked 
| 100|0x0000000088000000, 0x0000000088000000, 0x0000000088100000|  0%| F|  |TAMS 0x0000000088000000, 0x0000000088000000| Untracked 
| 101|0x0000000088100000, 0x0000000088100000, 0x0000000088200000|  0%| F|  |TAMS 0x0000000088100000, 0x0000000088100000| Untracked 
| 102|0x0000000088200000, 0x0000000088200000, 0x0000000088300000|  0%| F|  |TAMS 0x0000000088200000, 0x0000000088200000| Untracked 
| 103|0x0000000088300000, 0x0000000088300000, 0x0000000088400000|  0%| F|  |TAMS 0x0000000088300000, 0x0000000088300000| Untracked 
| 104|0x0000000088400000, 0x0000000088400000, 0x0000000088500000|  0%| F|  |TAMS 0x0000000088400000, 0x0000000088400000| Untracked 
| 105|0x0000000088500000, 0x0000000088500000, 0x0000000088600000|  0%| F|  |TAMS 0x0000000088500000, 0x0000000088500000| Untracked 
| 106|0x0000000088600000, 0x0000000088600000, 0x0000000088700000|  0%| F|  |TAMS 0x0000000088600000, 0x0000000088600000| Untracked 
| 107|0x0000000088700000, 0x0000000088700000, 0x0000000088800000|  0%| F|  |TAMS 0x0000000088700000, 0x0000000088700000| Untracked 
| 108|0x0000000088800000, 0x0000000088800000, 0x0000000088900000|  0%| F|  |TAMS 0x0000000088800000, 0x0000000088800000| Untracked 
| 109|0x0000000088900000, 0x0000000088900000, 0x0000000088a00000|  0%| F|  |TAMS 0x0000000088900000, 0x0000000088900000| Untracked 
| 110|0x0000000088a00000, 0x0000000088a00000, 0x0000000088b00000|  0%| F|  |TAMS 0x0000000088a00000, 0x0000000088a00000| Untracked 
| 111|0x0000000088b00000, 0x0000000088b00000, 0x0000000088c00000|  0%| F|  |TAMS 0x0000000088b00000, 0x0000000088b00000| Untracked 
| 112|0x0000000088c00000, 0x0000000088c00000, 0x0000000088d00000|  0%| F|  |TAMS 0x0000000088c00000, 0x0000000088c00000| Untracked 
| 113|0x0000000088d00000, 0x0000000088d00000, 0x0000000088e00000|  0%| F|  |TAMS 0x0000000088d00000, 0x0000000088d00000| Untracked 
| 114|0x0000000088e00000, 0x0000000088e00000, 0x0000000088f00000|  0%| F|  |TAMS 0x0000000088e00000, 0x0000000088e00000| Untracked 
| 115|0x0000000088f00000, 0x0000000088f00000, 0x0000000089000000|  0%| F|  |TAMS 0x0000000088f00000, 0x0000000088f00000| Untracked 
| 116|0x0000000089000000, 0x0000000089000000, 0x0000000089100000|  0%| F|  |TAMS 0x0000000089000000, 0x0000000089000000| Untracked 
| 117|0x0000000089100000, 0x0000000089100000, 0x0000000089200000|  0%| F|  |TAMS 0x0000000089100000, 0x0000000089100000| Untracked 
| 118|0x0000000089200000, 0x0000000089200000, 0x0000000089300000|  0%| F|  |TAMS 0x0000000089200000, 0x0000000089200000| Untracked 
| 119|0x0000000089300000, 0x0000000089300000, 0x0000000089400000|  0%| F|  |TAMS 0x0000000089300000, 0x0000000089300000| Untracked 
| 120|0x0000000089400000, 0x0000000089400000, 0x0000000089500000|  0%| F|  |TAMS 0x0000000089400000, 0x0000000089400000| Untracked 
| 121|0x0000000089500000, 0x0000000089500000, 0x0000000089600000|  0%| F|  |TAMS 0x0000000089500000, 0x0000000089500000| Untracked 
| 122|0x0000000089600000, 0x0000000089600000, 0x0000000089700000|  0%| F|  |TAMS 0x0000000089600000, 0x0000000089600000| Untracked 
| 123|0x0000000089700000, 0x0000000089700000, 0x0000000089800000|  0%| F|  |TAMS 0x0000000089700000, 0x0000000089700000| Untracked 
| 124|0x0000000089800000, 0x0000000089800000, 0x0000000089900000|  0%| F|  |TAMS 0x0000000089800000, 0x0000000089800000| Untracked 
| 125|0x0000000089900000, 0x0000000089900000, 0x0000000089a00000|  0%| F|  |TAMS 0x0000000089900000, 0x0000000089900000| Untracked 
| 126|0x0000000089a00000, 0x0000000089a00000, 0x0000000089b00000|  0%| F|  |TAMS 0x0000000089a00000, 0x0000000089a00000| Untracked 
| 127|0x0000000089b00000, 0x0000000089b00000, 0x0000000089c00000|  0%| F|  |TAMS 0x0000000089b00000, 0x0000000089b00000| Untracked 
| 128|0x0000000089c00000, 0x0000000089c00000, 0x0000000089d00000|  0%| F|  |TAMS 0x0000000089c00000, 0x0000000089c00000| Untracked 
| 129|0x0000000089d00000, 0x0000000089d00000, 0x0000000089e00000|  0%| F|  |TAMS 0x0000000089d00000, 0x0000000089d00000| Untracked 
| 130|0x0000000089e00000, 0x0000000089e00000, 0x0000000089f00000|  0%| F|  |TAMS 0x0000000089e00000, 0x0000000089e00000| Untracked 
| 131|0x0000000089f00000, 0x0000000089f00000, 0x000000008a000000|  0%| F|  |TAMS 0x0000000089f00000, 0x0000000089f00000| Untracked 
| 132|0x000000008a000000, 0x000000008a000000, 0x000000008a100000|  0%| F|  |TAMS 0x000000008a000000, 0x000000008a000000| Untracked 
| 133|0x000000008a100000, 0x000000008a100000, 0x000000008a200000|  0%| F|  |TAMS 0x000000008a100000, 0x000000008a100000| Untracked 
| 134|0x000000008a200000, 0x000000008a200000, 0x000000008a300000|  0%| F|  |TAMS 0x000000008a200000, 0x000000008a200000| Untracked 
| 135|0x000000008a300000, 0x000000008a300000, 0x000000008a400000|  0%| F|  |TAMS 0x000000008a300000, 0x000000008a300000| Untracked 
| 136|0x000000008a400000, 0x000000008a400000, 0x000000008a500000|  0%| F|  |TAMS 0x000000008a400000, 0x000000008a400000| Untracked 
| 137|0x000000008a500000, 0x000000008a500000, 0x000000008a600000|  0%| F|  |TAMS 0x000000008a500000, 0x000000008a500000| Untracked 
| 138|0x000000008a600000, 0x000000008a600000, 0x000000008a700000|  0%| F|  |TAMS 0x000000008a600000, 0x000000008a600000| Untracked 
| 139|0x000000008a700000, 0x000000008a700000, 0x000000008a800000|  0%| F|  |TAMS 0x000000008a700000, 0x000000008a700000| Untracked 
| 140|0x000000008a800000, 0x000000008a839480, 0x000000008a900000| 22%| E|  |TAMS 0x000000008a800000, 0x000000008a800000| Complete 
| 141|0x000000008a900000, 0x000000008aa00000, 0x000000008aa00000|100%| E|CS|TAMS 0x000000008a900000, 0x000000008a900000| Complete 
| 142|0x000000008aa00000, 0x000000008ab00000, 0x000000008ab00000|100%| E|CS|TAMS 0x000000008aa00000, 0x000000008aa00000| Complete 
| 143|0x000000008ab00000, 0x000000008ac00000, 0x000000008ac00000|100%| E|CS|TAMS 0x000000008ab00000, 0x000000008ab00000| Complete 
| 144|0x000000008ac00000, 0x000000008ad00000, 0x000000008ad00000|100%| E|CS|TAMS 0x000000008ac00000, 0x000000008ac00000| Complete 
| 145|0x000000008ad00000, 0x000000008ae00000, 0x000000008ae00000|100%| E|CS|TAMS 0x000000008ad00000, 0x000000008ad00000| Complete 
| 146|0x000000008ae00000, 0x000000008af00000, 0x000000008af00000|100%| E|CS|TAMS 0x000000008ae00000, 0x000000008ae00000| Complete 
| 147|0x000000008af00000, 0x000000008b000000, 0x000000008b000000|100%| E|CS|TAMS 0x000000008af00000, 0x000000008af00000| Complete 
| 148|0x000000008b000000, 0x000000008b100000, 0x000000008b100000|100%| E|CS|TAMS 0x000000008b000000, 0x000000008b000000| Complete 
| 149|0x000000008b100000, 0x000000008b200000, 0x000000008b200000|100%| E|CS|TAMS 0x000000008b100000, 0x000000008b100000| Complete 
| 150|0x000000008b200000, 0x000000008b300000, 0x000000008b300000|100%| E|CS|TAMS 0x000000008b200000, 0x000000008b200000| Complete 
| 151|0x000000008b300000, 0x000000008b400000, 0x000000008b400000|100%| E|CS|TAMS 0x000000008b300000, 0x000000008b300000| Complete 
| 152|0x000000008b400000, 0x000000008b500000, 0x000000008b500000|100%| E|CS|TAMS 0x000000008b400000, 0x000000008b400000| Complete 
| 153|0x000000008b500000, 0x000000008b600000, 0x000000008b600000|100%| E|CS|TAMS 0x000000008b500000, 0x000000008b500000| Complete 
| 154|0x000000008b600000, 0x000000008b700000, 0x000000008b700000|100%| E|CS|TAMS 0x000000008b600000, 0x000000008b600000| Complete 
| 155|0x000000008b700000, 0x000000008b800000, 0x000000008b800000|100%| E|CS|TAMS 0x000000008b700000, 0x000000008b700000| Complete 
| 156|0x000000008b800000, 0x000000008b900000, 0x000000008b900000|100%| E|CS|TAMS 0x000000008b800000, 0x000000008b800000| Complete 
| 157|0x000000008b900000, 0x000000008ba00000, 0x000000008ba00000|100%| E|CS|TAMS 0x000000008b900000, 0x000000008b900000| Complete 
| 158|0x000000008ba00000, 0x000000008bb00000, 0x000000008bb00000|100%| E|CS|TAMS 0x000000008ba00000, 0x000000008ba00000| Complete 
| 159|0x000000008bb00000, 0x000000008bc00000, 0x000000008bc00000|100%| E|CS|TAMS 0x000000008bb00000, 0x000000008bb00000| Complete 
| 160|0x000000008bc00000, 0x000000008bd00000, 0x000000008bd00000|100%| E|CS|TAMS 0x000000008bc00000, 0x000000008bc00000| Complete 
| 161|0x000000008bd00000, 0x000000008be00000, 0x000000008be00000|100%| E|CS|TAMS 0x000000008bd00000, 0x000000008bd00000| Complete 
| 162|0x000000008be00000, 0x000000008bf00000, 0x000000008bf00000|100%| E|  |TAMS 0x000000008be00000, 0x000000008be00000| Complete 
| 163|0x000000008bf00000, 0x000000008c000000, 0x000000008c000000|100%| E|CS|TAMS 0x000000008bf00000, 0x000000008bf00000| Complete 
| 164|0x000000008c000000, 0x000000008c100000, 0x000000008c100000|100%| E|CS|TAMS 0x000000008c000000, 0x000000008c000000| Complete 
| 165|0x000000008c100000, 0x000000008c200000, 0x000000008c200000|100%| E|CS|TAMS 0x000000008c100000, 0x000000008c100000| Complete 
| 166|0x000000008c200000, 0x000000008c300000, 0x000000008c300000|100%| E|CS|TAMS 0x000000008c200000, 0x000000008c200000| Complete 
| 167|0x000000008c300000, 0x000000008c400000, 0x000000008c400000|100%| E|CS|TAMS 0x000000008c300000, 0x000000008c300000| Complete 
| 168|0x000000008c400000, 0x000000008c500000, 0x000000008c500000|100%| E|CS|TAMS 0x000000008c400000, 0x000000008c400000| Complete 
| 169|0x000000008c500000, 0x000000008c600000, 0x000000008c600000|100%| E|CS|TAMS 0x000000008c500000, 0x000000008c500000| Complete 
| 170|0x000000008c600000, 0x000000008c700000, 0x000000008c700000|100%| E|CS|TAMS 0x000000008c600000, 0x000000008c600000| Complete 
| 171|0x000000008c700000, 0x000000008c800000, 0x000000008c800000|100%| E|CS|TAMS 0x000000008c700000, 0x000000008c700000| Complete 
| 172|0x000000008c800000, 0x000000008c900000, 0x000000008c900000|100%| E|CS|TAMS 0x000000008c800000, 0x000000008c800000| Complete 
| 173|0x000000008c900000, 0x000000008ca00000, 0x000000008ca00000|100%| E|CS|TAMS 0x000000008c900000, 0x000000008c900000| Complete 
| 174|0x000000008ca00000, 0x000000008cb00000, 0x000000008cb00000|100%| E|CS|TAMS 0x000000008ca00000, 0x000000008ca00000| Complete 
| 175|0x000000008cb00000, 0x000000008cc00000, 0x000000008cc00000|100%| E|CS|TAMS 0x000000008cb00000, 0x000000008cb00000| Complete 
| 176|0x000000008cc00000, 0x000000008cd00000, 0x000000008cd00000|100%| E|CS|TAMS 0x000000008cc00000, 0x000000008cc00000| Complete 
| 177|0x000000008cd00000, 0x000000008ce00000, 0x000000008ce00000|100%| E|CS|TAMS 0x000000008cd00000, 0x000000008cd00000| Complete 
| 178|0x000000008ce00000, 0x000000008cf00000, 0x000000008cf00000|100%| E|CS|TAMS 0x000000008ce00000, 0x000000008ce00000| Complete 
| 179|0x000000008cf00000, 0x000000008d000000, 0x000000008d000000|100%| E|CS|TAMS 0x000000008cf00000, 0x000000008cf00000| Complete 
| 180|0x000000008d000000, 0x000000008d100000, 0x000000008d100000|100%| E|CS|TAMS 0x000000008d000000, 0x000000008d000000| Complete 
| 181|0x000000008d100000, 0x000000008d200000, 0x000000008d200000|100%| E|CS|TAMS 0x000000008d100000, 0x000000008d100000| Complete 
| 182|0x000000008d200000, 0x000000008d300000, 0x000000008d300000|100%| E|CS|TAMS 0x000000008d200000, 0x000000008d200000| Complete 
| 183|0x000000008d300000, 0x000000008d400000, 0x000000008d400000|100%| E|CS|TAMS 0x000000008d300000, 0x000000008d300000| Complete 
| 184|0x000000008d400000, 0x000000008d500000, 0x000000008d500000|100%| E|CS|TAMS 0x000000008d400000, 0x000000008d400000| Complete 

Card table byte_map: [0x000002672b540000,0x000002672b940000] _byte_map_base: 0x000002672b132000

Marking Bits (Prev, Next): (CMBitMap*) 0x00000267137ea220, (CMBitMap*) 0x00000267137ea1e8
 Prev Bits: [0x000002672dcd0000, 0x000002672fc60000)
 Next Bits: [0x000002672bd40000, 0x000002672dcd0000)

Polling page: 0x0000026711770000

Metaspace:

Usage:
  Non-class:     67.00 MB capacity,    65.93 MB ( 98%) used,   864.62 KB (  1%) free+waste,   234.44 KB ( <1%) overhead. 
      Class:     10.28 MB capacity,     9.56 MB ( 93%) used,   628.93 KB (  6%) free+waste,   107.63 KB (  1%) overhead. 
       Both:     77.28 MB capacity,    75.48 MB ( 98%) used,     1.46 MB (  2%) free+waste,   342.06 KB ( <1%) overhead. 

Virtual space:
  Non-class space:       68.00 MB reserved,      67.00 MB ( 99%) committed 
      Class space:        1.00 GB reserved,      10.38 MB (  1%) committed 
             Both:        1.07 GB reserved,      77.38 MB (  7%) committed 

Chunk freelists:
   Non-Class:  0 bytes
       Class:  6.00 KB
        Both:  6.00 KB

MaxMetaspaceSize: 17179869184.00 GB
CompressedClassSpaceSize: 1.00 GB

CodeHeap 'non-profiled nmethods': size=120000Kb used=4831Kb max_used=4831Kb free=115168Kb
 bounds [0x00000267238e0000, 0x0000026723da0000, 0x000002672ae10000]
CodeHeap 'profiled nmethods': size=120000Kb used=15001Kb max_used=15001Kb free=104998Kb
 bounds [0x000002671c3b0000, 0x000002671d260000, 0x00000267238e0000]
CodeHeap 'non-nmethods': size=5760Kb used=1255Kb max_used=1305Kb free=4504Kb
 bounds [0x000002671be10000, 0x000002671c080000, 0x000002671c3b0000]
 total_blobs=7407 nmethods=6760 adapters=558
 compilation: enabled
              stopped_count=0, restarted_count=0
 full_count=0

Compilation events (20 events):
Event: 279.144 Thread 0x00000267326e4800 6871       1       org.thymeleaf.standard.processor.StandardDefaultAttributesTagProcessor::getMatchingElementName (2 bytes)
Event: 279.144 Thread 0x00000267326e4800 nmethod 6871 0x0000026723d97990 code [0x0000026723d97b40, 0x0000026723d97bf8]
Event: 279.144 Thread 0x00000267326e4800 6872       1       org.thymeleaf.standard.processor.StandardDefaultAttributesTagProcessor::getMatchingAttributeName (5 bytes)
Event: 279.144 Thread 0x00000267326e4800 nmethod 6872 0x0000026723d97c90 code [0x0000026723d97e40, 0x0000026723d97ef8]
Event: 279.145 Thread 0x00000267326e4800 6873       3       org.thymeleaf.engine.HTMLAttributeName::forName (159 bytes)
Event: 279.146 Thread 0x00000267326e4800 nmethod 6873 0x000002671d24c010 code [0x000002671d24c460, 0x000002671d24e4b8]
Event: 279.146 Thread 0x00000267326e4800 6874       3       org.thymeleaf.engine.HTMLAttributeName::<init> (20 bytes)
Event: 279.146 Thread 0x00000267326e4800 nmethod 6874 0x000002671d24ef10 code [0x000002671d24f0e0, 0x000002671d24f2e8]
Event: 279.148 Thread 0x00000267326e4800 6877       2       org.thymeleaf.engine.AttributeDefinitions::buildHTMLAttributeDefinition (251 bytes)
Event: 279.149 Thread 0x00000267326e4800 nmethod 6877 0x000002671d24f390 code [0x000002671d24f6c0, 0x000002671d2502a8]
Event: 279.149 Thread 0x00000267326e4800 6878 %     3       org.thymeleaf.engine.AttributeDefinitions::buildHTMLAttributeDefinition @ 20 (251 bytes)
Event: 279.151 Thread 0x00000267326e4800 nmethod 6878% 0x000002671d250a10 code [0x000002671d250e40, 0x000002671d252d28]
Event: 279.151 Thread 0x00000267326e4800 6879       2       org.thymeleaf.engine.AttributeName::<init> (55 bytes)
Event: 279.151 Thread 0x00000267326e4800 nmethod 6879 0x000002671d253790 code [0x000002671d253980, 0x000002671d253d38]
Event: 279.151 Thread 0x00000267326e4800 6880       2       org.thymeleaf.engine.AttributeDefinitions$AttributeDefinitionRepository::binarySearch (83 bytes)
Event: 279.151 Thread 0x00000267326e4800 nmethod 6880 0x000002671d253f10 code [0x000002671d254100, 0x000002671d2543a8]
Event: 279.152 Thread 0x00000267326e4800 6882       2       org.thymeleaf.engine.AttributeDefinitions::forName (149 bytes)
Event: 279.153 Thread 0x00000267326e4800 nmethod 6882 0x000002671d254590 code [0x000002671d254920, 0x000002671d255858]
Event: 279.153 Thread 0x00000267326e4800 6883       2       org.thymeleaf.engine.AttributeDefinitions::forHTMLName (33 bytes)
Event: 279.153 Thread 0x00000267326e4800 nmethod 6883 0x000002671d256110 code [0x000002671d2562e0, 0x000002671d256518]

GC Heap History (20 events):
Event: 2.602 GC heap before
{Heap before GC invocations=4 (full 0):
 garbage-first heap   total 131072K, used 66594K [0x0000000081c00000, 0x0000000100000000)
  region size 1024K, 62 young (63488K), 6 survivors (6144K)
 Metaspace       used 25569K, capacity 26175K, committed 26368K, reserved 1073152K
  class space    used 2974K, capacity 3203K, committed 3328K, reserved 1048576K
}
Event: 2.609 GC heap after
{Heap after GC invocations=5 (full 0):
 garbage-first heap   total 131072K, used 11688K [0x0000000081c00000, 0x0000000100000000)
  region size 1024K, 4 young (4096K), 4 survivors (4096K)
 Metaspace       used 25569K, capacity 26175K, committed 26368K, reserved 1073152K
  class space    used 2974K, capacity 3203K, committed 3328K, reserved 1048576K
}
Event: 3.353 GC heap before
{Heap before GC invocations=5 (full 0):
 garbage-first heap   total 131072K, used 78248K [0x0000000081c00000, 0x0000000100000000)
  region size 1024K, 70 young (71680K), 4 survivors (4096K)
 Metaspace       used 30412K, capacity 31258K, committed 31360K, reserved 1077248K
  class space    used 3566K, capacity 3891K, committed 3968K, reserved 1048576K
}
Event: 3.360 GC heap after
{Heap after GC invocations=6 (full 0):
 garbage-first heap   total 157696K, used 13267K [0x0000000081c00000, 0x0000000100000000)
  region size 1024K, 6 young (6144K), 6 survivors (6144K)
 Metaspace       used 30412K, capacity 31258K, committed 31360K, reserved 1077248K
  class space    used 3566K, capacity 3891K, committed 3968K, reserved 1048576K
}
Event: 4.432 GC heap before
{Heap before GC invocations=6 (full 0):
 garbage-first heap   total 157696K, used 48083K [0x0000000081c00000, 0x0000000100000000)
  region size 1024K, 41 young (41984K), 6 survivors (6144K)
 Metaspace       used 34780K, capacity 35746K, committed 35840K, reserved 1081344K
  class space    used 4165K, capacity 4542K, committed 4608K, reserved 1048576K
}
Event: 4.449 GC heap after
{Heap after GC invocations=7 (full 0):
 garbage-first heap   total 157696K, used 15623K [0x0000000081c00000, 0x0000000100000000)
  region size 1024K, 8 young (8192K), 8 survivors (8192K)
 Metaspace       used 34780K, capacity 35746K, committed 35840K, reserved 1081344K
  class space    used 4165K, capacity 4542K, committed 4608K, reserved 1048576K
}
Event: 6.012 GC heap before
{Heap before GC invocations=8 (full 0):
 garbage-first heap   total 157696K, used 92423K [0x0000000081c00000, 0x0000000100000000)
  region size 1024K, 84 young (86016K), 8 survivors (8192K)
 Metaspace       used 40020K, capacity 41190K, committed 41344K, reserved 1085440K
  class space    used 4769K, capacity 5225K, committed 5248K, reserved 1048576K
}
Event: 6.022 GC heap after
{Heap after GC invocations=9 (full 0):
 garbage-first heap   total 157696K, used 17977K [0x0000000081c00000, 0x0000000100000000)
  region size 1024K, 8 young (8192K), 8 survivors (8192K)
 Metaspace       used 40020K, capacity 41190K, committed 41344K, reserved 1085440K
  class space    used 4769K, capacity 5225K, committed 5248K, reserved 1048576K
}
Event: 7.196 GC heap before
{Heap before GC invocations=9 (full 0):
 garbage-first heap   total 157696K, used 102969K [0x0000000081c00000, 0x0000000100000000)
  region size 1024K, 92 young (94208K), 8 survivors (8192K)
 Metaspace       used 48570K, capacity 49844K, committed 50048K, reserved 1093632K
  class space    used 5972K, capacity 6467K, committed 6528K, reserved 1048576K
}
Event: 7.206 GC heap after
{Heap after GC invocations=10 (full 0):
 garbage-first heap   total 157696K, used 20777K [0x0000000081c00000, 0x0000000100000000)
  region size 1024K, 8 young (8192K), 8 survivors (8192K)
 Metaspace       used 48570K, capacity 49844K, committed 50048K, reserved 1093632K
  class space    used 5972K, capacity 6467K, committed 6528K, reserved 1048576K
}
Event: 65.065 GC heap before
{Heap before GC invocations=10 (full 0):
 garbage-first heap   total 157696K, used 83241K [0x0000000081c00000, 0x0000000100000000)
  region size 1024K, 70 young (71680K), 8 survivors (8192K)
 Metaspace       used 58694K, capacity 60013K, committed 60160K, reserved 1101824K
  class space    used 7333K, capacity 7821K, committed 7936K, reserved 1048576K
}
Event: 65.079 GC heap after
{Heap after GC invocations=11 (full 0):
 garbage-first heap   total 189440K, used 25414K [0x0000000081c00000, 0x0000000100000000)
  region size 1024K, 10 young (10240K), 10 survivors (10240K)
 Metaspace       used 58694K, capacity 60013K, committed 60160K, reserved 1101824K
  class space    used 7333K, capacity 7821K, committed 7936K, reserved 1048576K
}
Event: 101.671 GC heap before
{Heap before GC invocations=12 (full 0):
 garbage-first heap   total 189440K, used 124742K [0x0000000081c00000, 0x0000000100000000)
  region size 1024K, 107 young (109568K), 10 survivors (10240K)
 Metaspace       used 70514K, capacity 72110K, committed 72320K, reserved 1112064K
  class space    used 8880K, capacity 9490K, committed 9600K, reserved 1048576K
}
Event: 101.682 GC heap after
{Heap after GC invocations=13 (full 0):
 garbage-first heap   total 189440K, used 26818K [0x0000000081c00000, 0x0000000100000000)
  region size 1024K, 7 young (7168K), 7 survivors (7168K)
 Metaspace       used 70514K, capacity 72110K, committed 72320K, reserved 1112064K
  class space    used 8880K, capacity 9490K, committed 9600K, reserved 1048576K
}
Event: 137.987 GC heap before
{Heap before GC invocations=13 (full 0):
 garbage-first heap   total 189440K, used 133314K [0x0000000081c00000, 0x0000000100000000)
  region size 1024K, 111 young (113664K), 7 survivors (7168K)
 Metaspace       used 74603K, capacity 76457K, committed 76800K, reserved 1116160K
  class space    used 9442K, capacity 10143K, committed 10240K, reserved 1048576K
}
Event: 137.993 GC heap after
{Heap after GC invocations=14 (full 0):
 garbage-first heap   total 189440K, used 30138K [0x0000000081c00000, 0x0000000100000000)
  region size 1024K, 10 young (10240K), 10 survivors (10240K)
 Metaspace       used 74603K, capacity 76457K, committed 76800K, reserved 1116160K
  class space    used 9442K, capacity 10143K, committed 10240K, reserved 1048576K
}
Event: 201.031 GC heap before
{Heap before GC invocations=14 (full 0):
 garbage-first heap   total 189440K, used 133562K [0x0000000081c00000, 0x0000000100000000)
  region size 1024K, 111 young (113664K), 10 survivors (10240K)
 Metaspace       used 74641K, capacity 76457K, committed 76800K, reserved 1116160K
  class space    used 9443K, capacity 10143K, committed 10240K, reserved 1048576K
}
Event: 201.038 GC heap after
{Heap after GC invocations=15 (full 0):
 garbage-first heap   total 189440K, used 31020K [0x0000000081c00000, 0x0000000100000000)
  region size 1024K, 5 young (5120K), 5 survivors (5120K)
 Metaspace       used 74641K, capacity 76457K, committed 76800K, reserved 1116160K
  class space    used 9443K, capacity 10143K, committed 10240K, reserved 1048576K
}
Event: 262.768 GC heap before
{Heap before GC invocations=15 (full 0):
 garbage-first heap   total 189440K, used 139564K [0x0000000081c00000, 0x0000000100000000)
  region size 1024K, 111 young (113664K), 5 survivors (5120K)
 Metaspace       used 74657K, capacity 76457K, committed 76800K, reserved 1116160K
  class space    used 9443K, capacity 10143K, committed 10240K, reserved 1048576K
}
Event: 262.771 GC heap after
{Heap after GC invocations=16 (full 0):
 garbage-first heap   total 189440K, used 30281K [0x0000000081c00000, 0x0000000100000000)
  region size 1024K, 5 young (5120K), 5 survivors (5120K)
 Metaspace       used 74657K, capacity 76457K, committed 76800K, reserved 1116160K
  class space    used 9443K, capacity 10143K, committed 10240K, reserved 1048576K
}

Deoptimization events (20 events):
Event: 143.128 Thread 0x0000026736795800 DEOPT PACKING pc=0x0000026723d72fb4 sp=0x000000ab725fedb0
Event: 143.128 Thread 0x0000026736795800 DEOPT UNPACKING pc=0x000002671be374af sp=0x000000ab725fed98 mode 2
Event: 143.128 Thread 0x0000026736795800 Uncommon trap: trap_request=0xffffffbe fr.pc=0x0000026723d746ac relative=0x0000000000000ccc
Event: 143.128 Thread 0x0000026736795800 Uncommon trap: reason=profile_predicate action=maybe_recompile pc=0x0000026723d746ac method=java.util.AbstractCollection.containsAll(Ljava/util/Collection;)Z @ 13 c2
Event: 143.128 Thread 0x0000026736795800 DEOPT PACKING pc=0x0000026723d746ac sp=0x000000ab725fedb0
Event: 143.128 Thread 0x0000026736795800 DEOPT UNPACKING pc=0x000002671be374af sp=0x000000ab725fed90 mode 2
Event: 212.499 Thread 0x0000026736795800 DEOPT PACKING pc=0x000002671d1e6ba8 sp=0x000000ab725feca0
Event: 212.499 Thread 0x0000026736795800 DEOPT UNPACKING pc=0x000002671be372ce sp=0x000000ab725fe170 mode 0
Event: 212.500 Thread 0x0000026736795800 DEOPT PACKING pc=0x000002671d1e7deb sp=0x000000ab725fed20
Event: 212.500 Thread 0x0000026736795800 DEOPT UNPACKING pc=0x000002671be372ce sp=0x000000ab725fe1a8 mode 0
Event: 264.635 Thread 0x0000026736795800 DEOPT PACKING pc=0x000002671d1edfbd sp=0x000000ab725fece0
Event: 264.635 Thread 0x0000026736795800 DEOPT UNPACKING pc=0x000002671be372ce sp=0x000000ab725fe198 mode 0
Event: 274.068 Thread 0x0000026739b54800 Uncommon trap: trap_request=0xffffff4d fr.pc=0x0000026723abf3cc relative=0x00000000000004ac
Event: 274.068 Thread 0x0000026739b54800 Uncommon trap: reason=unstable_if action=reinterpret pc=0x0000026723abf3cc method=java.util.Properties.load0(Ljava/util/Properties$LineReader;)V @ 79 c2
Event: 274.068 Thread 0x0000026739b54800 DEOPT PACKING pc=0x0000026723abf3cc sp=0x000000ab728fb7d0
Event: 274.068 Thread 0x0000026739b54800 DEOPT UNPACKING pc=0x000002671be374af sp=0x000000ab728fb788 mode 2
Event: 279.056 Thread 0x0000026739b50800 Uncommon trap: trap_request=0xffffffc6 fr.pc=0x0000026723b81e68 relative=0x00000000000004e8
Event: 279.056 Thread 0x0000026739b50800 Uncommon trap: reason=bimorphic_or_optimized_type_check action=maybe_recompile pc=0x0000026723b81e68 method=java.util.HashMap.putVal(ILjava/lang/Object;Ljava/lang/Object;ZZ)Ljava/lang/Object; @ 253 c2
Event: 279.056 Thread 0x0000026739b50800 DEOPT PACKING pc=0x0000026723b81e68 sp=0x000000ab729fad50
Event: 279.056 Thread 0x0000026739b50800 DEOPT UNPACKING pc=0x000002671be374af sp=0x000000ab729face0 mode 2

Classes redefined (0 events):
No events

Internal exceptions (20 events):
Event: 101.597 Thread 0x0000026733ed6800 Exception <a 'java/lang/ClassNotFoundException'{0x00000000879f1a40}: org/springframework/security/config/annotation/web/configuration/WebSecurityConfigurationCustomizer> (0x00000000879f1a40) thrown at [./src/hotspot/share/classfile/systemDictionary.cpp, line 231]
Event: 101.598 Thread 0x0000026733ed6800 Exception <a 'java/lang/ClassNotFoundException'{0x000000008780b2d8}: org/springframework/context/annotation/ImportAwareCustomizer> (0x000000008780b2d8) thrown at [./src/hotspot/share/classfile/systemDictionary.cpp, line 231]
Event: 101.598 Thread 0x0000026733ed6800 Exception <a 'java/lang/ClassNotFoundException'{0x0000000087818ff8}: org/springframework/beans/factory/AwareCustomizer> (0x0000000087818ff8) thrown at [./src/hotspot/share/classfile/systemDictionary.cpp, line 231]
Event: 101.599 Thread 0x0000026733ed6800 Exception <a 'java/lang/ClassNotFoundException'{0x0000000087827e08}: org/springframework/beans/factory/BeanClassLoaderAwareCustomizer> (0x0000000087827e08) thrown at [./src/hotspot/share/classfile/systemDictionary.cpp, line 231]
Event: 101.599 Thread 0x0000026733ed6800 Exception <a 'java/lang/ClassNotFoundException'{0x0000000087835b38}: org/springframework/beans/factory/AwareCustomizer> (0x0000000087835b38) thrown at [./src/hotspot/share/classfile/systemDictionary.cpp, line 231]
Event: 101.652 Thread 0x0000026733ed6800 Implicit null exception at 0x00000267239fa3dd to 0x00000267239fa496
Event: 101.874 Thread 0x0000026733ed6800 Exception <a 'java/lang/IncompatibleClassChangeError'{0x000000008c870018}: Found class java.lang.Object, but interface was expected> (0x000000008c870018) thrown at [./src/hotspot/share/interpreter/linkResolver.cpp, line 839]
Event: 101.910 Thread 0x0000026733ed6800 Exception <a 'java/lang/ClassNotFoundException'{0x000000008c6b3738}: java/lang/ObjectCustomizer> (0x000000008c6b3738) thrown at [./src/hotspot/share/classfile/systemDictionary.cpp, line 231]
Event: 101.910 Thread 0x0000026733ed6800 Exception <a 'java/lang/ClassNotFoundException'{0x000000008c6ca4d0}: org/springframework/security/config/annotation/web/configuration/HttpSecurityConfigurationCustomizer> (0x000000008c6ca4d0) thrown at [./src/hotspot/share/classfile/systemDictionary.cpp, line 231]
Event: 101.920 Thread 0x0000026733ed6800 Exception <a 'java/lang/NoSuchMethodError'{0x000000008c554808}: 'java.lang.Object java.lang.invoke.DirectMethodHandle$Holder.invokeInterface(java.lang.Object, java.lang.Object, java.lang.Object, java.lang.Object)'> (0x000000008c554808) thrown at [./src/hotspot/share/interpreter/linkResolver.cpp, line 773]
Event: 101.950 Thread 0x0000026733ed6800 Exception <a 'java/lang/NoSuchMethodError'{0x000000008c373100}: 'void java.lang.invoke.DirectMethodHandle$Holder.invokeVirtual(java.lang.Object, java.lang.Object, int)'> (0x000000008c373100) thrown at [./src/hotspot/share/interpreter/linkResolver.cpp, line 773]
Event: 101.951 Thread 0x0000026733ed6800 Exception <a 'java/lang/NoSuchMethodError'{0x000000008c38cf08}: 'void java.lang.invoke.DirectMethodHandle$Holder.invokeVirtual(java.lang.Object, java.lang.Object, long)'> (0x000000008c38cf08) thrown at [./src/hotspot/share/interpreter/linkResolver.cpp, line 773]
Event: 102.130 Thread 0x0000026733ed6800 Exception <a 'java/lang/ClassNotFoundException'{0x000000008b5a9e90}: java/lang/ObjectCustomizer> (0x000000008b5a9e90) thrown at [./src/hotspot/share/classfile/systemDictionary.cpp, line 231]
Event: 102.132 Thread 0x0000026733ed6800 Exception <a 'java/lang/ClassNotFoundException'{0x000000008b5b9df8}: com/example/demo/entity/financeCustomizer> (0x000000008b5b9df8) thrown at [./src/hotspot/share/classfile/systemDictionary.cpp, line 231]
Event: 102.593 Thread 0x0000026733ed6800 Exception <a 'java/lang/NoSuchMethodError'{0x000000008ac4e1a0}: 'java.lang.Object java.lang.invoke.DirectMethodHandle$Holder.invokeSpecial(java.lang.Object, java.lang.Object, int, java.lang.Object, int, java.lang.Object)'> (0x000000008ac4e1a0) thrown at [./src/hotspot/share/interpreter/linkResolver.cpp, line 773]
Event: 102.594 Thread 0x0000026733ed6800 Exception <a 'java/lang/NoSuchMethodError'{0x000000008ac55930}: 'java.lang.Object java.lang.invoke.DirectMethodHandle$Holder.invokeStatic(java.lang.Object, java.lang.Object, int, java.lang.Object, int)'> (0x000000008ac55930) thrown at [./src/hotspot/share/interpreter/linkResolver.cpp, line 773]
Event: 102.594 Thread 0x0000026733ed6800 Exception <a 'java/lang/NoSuchMethodError'{0x000000008ac59110}: 'java.lang.Object java.lang.invoke.DirectMethodHandle$Holder.invokeSpecial(java.lang.Object, java.lang.Object, java.lang.Object, int, java.lang.Object, int)'> (0x000000008ac59110) thrown at [./src/hotspot/share/interpreter/linkResolver.cpp, line 773]
Event: 102.595 Thread 0x0000026733ed6800 Exception <a 'java/lang/NoSuchMethodError'{0x000000008ac62cb8}: 'void java.lang.invoke.DirectMethodHandle$Holder.invokeVirtual(java.lang.Object, java.lang.Object)'> (0x000000008ac62cb8) thrown at [./src/hotspot/share/interpreter/linkResolver.cpp, line 773]
Event: 274.020 Thread 0x0000026739b54800 Exception <a 'java/lang/NoSuchMethodError'{0x000000008bb84278}: 'java.lang.Object java.lang.invoke.DirectMethodHandle$Holder.invokeStatic(java.lang.Object, int, java.lang.Object, java.lang.Object)'> (0x000000008bb84278) thrown at [./src/hotspot/share/interpreter/linkResolver.cpp, line 773]
Event: 274.021 Thread 0x0000026739b54800 Exception <a 'java/lang/NoSuchMethodError'{0x000000008bb8b560}: 'java.lang.Object java.lang.invoke.DirectMethodHandle$Holder.invokeSpecial(java.lang.Object, java.lang.Object, int, java.lang.Object, java.lang.Object)'> (0x000000008bb8b560) thrown at [./src/hotspot/share/interpreter/linkResolver.cpp, line 773]

Events (20 events):
Event: 279.162 loading class org/thymeleaf/templateparser/reader/ParserLevelCommentMarkupReader
Event: 279.162 loading class org/thymeleaf/templateparser/reader/ParserLevelCommentMarkupReader done
Event: 279.162 loading class org/attoparser/config/ParseConfiguration
Event: 279.162 loading class org/attoparser/config/ParseConfiguration done
Event: 279.163 loading class org/attoparser/config/ParseConfiguration$ParsingMode
Event: 279.163 loading class org/attoparser/config/ParseConfiguration$ParsingMode done
Event: 279.163 loading class org/attoparser/config/ParseConfiguration$ElementBalancing
Event: 279.163 loading class org/attoparser/config/ParseConfiguration$ElementBalancing done
Event: 279.163 loading class org/attoparser/config/ParseConfiguration$PrologParseConfiguration
Event: 279.163 loading class org/attoparser/config/ParseConfiguration$PrologParseConfiguration done
Event: 279.164 loading class org/attoparser/config/ParseConfiguration$PrologPresence
Event: 279.164 loading class org/attoparser/config/ParseConfiguration$PrologPresence done
Event: 279.164 loading class org/attoparser/config/ParseConfiguration$UniqueRootElementPresence
Event: 279.164 loading class org/attoparser/config/ParseConfiguration$UniqueRootElementPresence done
Event: 279.164 loading class org/attoparser/MarkupParser
Event: 279.164 loading class org/attoparser/MarkupParser done
Event: 279.165 loading class org/attoparser/MarkupParser$BufferPool
Event: 279.165 loading class org/attoparser/MarkupParser$BufferPool done
Event: 279.166 loading class org/thymeleaf/templateparser/markup/XMLTemplateParser
Event: 279.166 loading class org/thymeleaf/templateparser/markup/XMLTemplateParser done


Dynamic libraries:
0x00007ff643890000 - 0x00007ff64389d000 	C:\Program Files\AdoptOpenJDK\jdk-11.0.8.10-hotspot\bin\java.exe
0x00007ffaba050000 - 0x00007ffaba245000 	C:\WINDOWS\SYSTEM32\ntdll.dll
0x00007ffab90c0000 - 0x00007ffab917d000 	C:\WINDOWS\System32\KERNEL32.DLL
0x00007ffab7c20000 - 0x00007ffab7ee9000 	C:\WINDOWS\System32\KERNELBASE.dll
0x00007ffab7890000 - 0x00007ffab7990000 	C:\WINDOWS\System32\ucrtbase.dll
0x00007ffab1660000 - 0x00007ffab1677000 	C:\Program Files\AdoptOpenJDK\jdk-11.0.8.10-hotspot\bin\jli.dll
0x00007ffab8140000 - 0x00007ffab82e0000 	C:\WINDOWS\System32\USER32.dll
0x00007ffab79f0000 - 0x00007ffab7a12000 	C:\WINDOWS\System32\win32u.dll
0x00007ffab97d0000 - 0x00007ffab97fa000 	C:\WINDOWS\System32\GDI32.dll
0x00007ffab7fa0000 - 0x00007ffab80ab000 	C:\WINDOWS\System32\gdi32full.dll
0x00007ffa9be90000 - 0x00007ffa9c12a000 	C:\WINDOWS\WinSxS\amd64_microsoft.windows.common-controls_6595b64144ccf1df_6.0.19041.1110_none_60b5254171f9507e\COMCTL32.dll
0x00007ffab8e90000 - 0x00007ffab8f2e000 	C:\WINDOWS\System32\msvcrt.dll
0x00007ffab7a20000 - 0x00007ffab7abd000 	C:\WINDOWS\System32\msvcp_win.dll
0x00007ffab11c0000 - 0x00007ffab11d5000 	C:\Program Files\AdoptOpenJDK\jdk-11.0.8.10-hotspot\bin\VCRUNTIME140.dll
0x00007ffab8700000 - 0x00007ffab8730000 	C:\WINDOWS\System32\IMM32.DLL
0x00007ffaac8e0000 - 0x00007ffaac97b000 	C:\Program Files\AdoptOpenJDK\jdk-11.0.8.10-hotspot\bin\msvcp140.dll
0x00007ffa6f8a0000 - 0x00007ffa7035d000 	C:\Program Files\AdoptOpenJDK\jdk-11.0.8.10-hotspot\bin\server\jvm.dll
0x00007ffab9720000 - 0x00007ffab97cc000 	C:\WINDOWS\System32\ADVAPI32.dll
0x00007ffab9c90000 - 0x00007ffab9d2b000 	C:\WINDOWS\System32\sechost.dll
0x00007ffab8f90000 - 0x00007ffab90ba000 	C:\WINDOWS\System32\RPCRT4.dll
0x00007ffab9d30000 - 0x00007ffab9d38000 	C:\WINDOWS\System32\PSAPI.DLL
0x00007ffaa7520000 - 0x00007ffaa7529000 	C:\WINDOWS\SYSTEM32\WSOCK32.dll
0x00007ffab9d40000 - 0x00007ffab9dab000 	C:\WINDOWS\System32\WS2_32.dll
0x00007ffaa99f0000 - 0x00007ffaa9a17000 	C:\WINDOWS\SYSTEM32\WINMM.dll
0x00007ffab01e0000 - 0x00007ffab01ea000 	C:\WINDOWS\SYSTEM32\VERSION.dll
0x00007ffab6010000 - 0x00007ffab6022000 	C:\WINDOWS\SYSTEM32\kernel.appcore.dll
0x00007ffab2b00000 - 0x00007ffab2b10000 	C:\Program Files\AdoptOpenJDK\jdk-11.0.8.10-hotspot\bin\verify.dll
0x00007ffab5590000 - 0x00007ffab5774000 	C:\WINDOWS\SYSTEM32\DBGHELP.DLL
0x00007ffa9e300000 - 0x00007ffa9e32c000 	C:\WINDOWS\SYSTEM32\dbgcore.DLL
0x00007ffab7800000 - 0x00007ffab7883000 	C:\WINDOWS\System32\bcryptPrimitives.dll
0x00007ffaac8b0000 - 0x00007ffaac8d8000 	C:\Program Files\AdoptOpenJDK\jdk-11.0.8.10-hotspot\bin\java.dll
0x00007ffab1b40000 - 0x00007ffab1b4a000 	C:\Program Files\AdoptOpenJDK\jdk-11.0.8.10-hotspot\bin\jimage.dll
0x00007ffab1180000 - 0x00007ffab118e000 	C:\Program Files\AdoptOpenJDK\jdk-11.0.8.10-hotspot\bin\instrument.dll
0x00007ffaac890000 - 0x00007ffaac8a7000 	C:\Program Files\AdoptOpenJDK\jdk-11.0.8.10-hotspot\bin\zip.dll
0x00007ffab8750000 - 0x00007ffab8e8f000 	C:\WINDOWS\System32\SHELL32.dll
0x00007ffab5870000 - 0x00007ffab6000000 	C:\WINDOWS\SYSTEM32\windows.storage.dll
0x00007ffab91f0000 - 0x00007ffab9545000 	C:\WINDOWS\System32\combase.dll
0x00007ffab7110000 - 0x00007ffab713c000 	C:\WINDOWS\SYSTEM32\Wldp.dll
0x00007ffab9db0000 - 0x00007ffab9e5e000 	C:\WINDOWS\System32\SHCORE.dll
0x00007ffab8f30000 - 0x00007ffab8f85000 	C:\WINDOWS\System32\shlwapi.dll
0x00007ffab76c0000 - 0x00007ffab76df000 	C:\WINDOWS\SYSTEM32\profapi.dll
0x00007ffaac870000 - 0x00007ffaac889000 	C:\Program Files\AdoptOpenJDK\jdk-11.0.8.10-hotspot\bin\net.dll
0x00007ffaad200000 - 0x00007ffaad308000 	C:\WINDOWS\SYSTEM32\WINHTTP.dll
0x00007ffab6e70000 - 0x00007ffab6eda000 	C:\WINDOWS\system32\mswsock.dll
0x00007ffaac850000 - 0x00007ffaac862000 	C:\Program Files\AdoptOpenJDK\jdk-11.0.8.10-hotspot\bin\nio.dll
0x00007ffaac7c0000 - 0x00007ffaac7da000 	D:\IntelliJ IDEA 2021.1\bin\breakgen64.dll
0x00007ffaac840000 - 0x00007ffaac849000 	C:\Program Files\AdoptOpenJDK\jdk-11.0.8.10-hotspot\bin\management.dll
0x00007ffaac7b0000 - 0x00007ffaac7bb000 	C:\Program Files\AdoptOpenJDK\jdk-11.0.8.10-hotspot\bin\management_ext.dll
0x00007ffa75a40000 - 0x00007ffa75a57000 	C:\WINDOWS\system32\napinsp.dll
0x00007ffa75a20000 - 0x00007ffa75a3b000 	C:\WINDOWS\system32\pnrpnsp.dll
0x00007ffab1d60000 - 0x00007ffab1d75000 	C:\WINDOWS\system32\wshbth.dll
0x00007ffab2ae0000 - 0x00007ffab2afd000 	C:\WINDOWS\system32\NLAapi.dll
0x00007ffab6b60000 - 0x00007ffab6b9b000 	C:\WINDOWS\SYSTEM32\IPHLPAPI.DLL
0x00007ffab6ba0000 - 0x00007ffab6c6c000 	C:\WINDOWS\SYSTEM32\DNSAPI.dll
0x00007ffab9c80000 - 0x00007ffab9c88000 	C:\WINDOWS\System32\NSI.dll
0x00007ffa75a00000 - 0x00007ffa75a12000 	C:\WINDOWS\System32\winrnr.dll
0x00007ffaaf420000 - 0x00007ffaaf42a000 	C:\Windows\System32\rasadhlp.dll
0x00007ffaad590000 - 0x00007ffaad60f000 	C:\WINDOWS\System32\fwpuclnt.dll
0x00007ffab7780000 - 0x00007ffab77a7000 	C:\WINDOWS\System32\bcrypt.dll
0x0000000180000000 - 0x0000000180285000 	D:\apache-tomcat-9.0.37\bin\tcnative-1.dll
0x00007ffab7ac0000 - 0x00007ffab7c1f000 	C:\WINDOWS\System32\CRYPT32.dll
0x00007ffab7070000 - 0x00007ffab7088000 	C:\WINDOWS\SYSTEM32\CRYPTSP.dll
0x00007ffab67f0000 - 0x00007ffab6824000 	C:\WINDOWS\system32\rsaenh.dll
0x00007ffab7680000 - 0x00007ffab76ae000 	C:\WINDOWS\SYSTEM32\USERENV.dll
0x00007ffab7060000 - 0x00007ffab706c000 	C:\WINDOWS\SYSTEM32\CRYPTBASE.dll
0x00007ffaae880000 - 0x00007ffaae897000 	C:\WINDOWS\SYSTEM32\dhcpcsvc6.DLL
0x00007ffaaf390000 - 0x00007ffaaf3ad000 	C:\WINDOWS\SYSTEM32\dhcpcsvc.DLL
0x00007ffaac730000 - 0x00007ffaac73e000 	C:\Program Files\AdoptOpenJDK\jdk-11.0.8.10-hotspot\bin\sunmscapi.dll
0x00007ffab7180000 - 0x00007ffab71a7000 	C:\WINDOWS\SYSTEM32\ncrypt.dll
0x00007ffab7140000 - 0x00007ffab717b000 	C:\WINDOWS\SYSTEM32\NTASN1.dll
0x00007ffaa8140000 - 0x00007ffaa8165000 	C:\Program Files\AdoptOpenJDK\jdk-11.0.8.10-hotspot\bin\sunec.dll

dbghelp: loaded successfully - version: 4.0.5 - missing functions: none
symbol engine: initialized successfully - sym options: 0x614 - pdb path: .;C:\Program Files\AdoptOpenJDK\jdk-11.0.8.10-hotspot\bin;C:\WINDOWS\SYSTEM32;C:\WINDOWS\WinSxS\amd64_microsoft.windows.common-controls_6595b64144ccf1df_6.0.19041.1110_none_60b5254171f9507e;C:\Program Files\AdoptOpenJDK\jdk-11.0.8.10-hotspot\bin\server;D:\IntelliJ IDEA 2021.1\bin;D:\apache-tomcat-9.0.37\bin

VM Arguments:
jvm_args: -javaagent:D:\IntelliJ IDEA 2021.1\lib\idea_rt.jar=64952:D:\IntelliJ IDEA 2021.1\bin -Dfile.encoding=UTF-8 
java_command: com.example.demo.SpringbootProjectApplication
java_class_path (initial): C:\Users\Admin\eclipse-workspace\Springboot_project\target\classes;C:\Users\Admin\.m2\repository\org\springframework\boot\spring-boot-starter-security\2.4.5\spring-boot-starter-security-2.4.5.jar;C:\Users\Admin\.m2\repository\org\springframework\boot\spring-boot-starter\2.4.5\spring-boot-starter-2.4.5.jar;C:\Users\Admin\.m2\repository\org\springframework\boot\spring-boot-starter-logging\2.4.5\spring-boot-starter-logging-2.4.5.jar;C:\Users\Admin\.m2\repository\ch\qos\logback\logback-classic\1.2.3\logback-classic-1.2.3.jar;C:\Users\Admin\.m2\repository\ch\qos\logback\logback-core\1.2.3\logback-core-1.2.3.jar;C:\Users\Admin\.m2\repository\org\apache\logging\log4j\log4j-to-slf4j\2.13.3\log4j-to-slf4j-2.13.3.jar;C:\Users\Admin\.m2\repository\org\apache\logging\log4j\log4j-api\2.13.3\log4j-api-2.13.3.jar;C:\Users\Admin\.m2\repository\org\slf4j\jul-to-slf4j\1.7.30\jul-to-slf4j-1.7.30.jar;C:\Users\Admin\.m2\repository\jakarta\annotation\jakarta.annotation-api\1.3.5\jakarta.annotation-api-1.3.5.jar;C:\Users\Admin\.m2\repository\org\yaml\snakeyaml\1.27\snakeyaml-1.27.jar;C:\Users\Admin\.m2\repository\org\springframework\spring-aop\5.3.6\spring-aop-5.3.6.jar;C:\Users\Admin\.m2\repository\org\springframework\spring-beans\5.3.6\spring-beans-5.3.6.jar;C:\Users\Admin\.m2\repository\org\springframework\security\spring-security-config\5.4.6\spring-security-config-5.4.6.jar;C:\Users\Admin\.m2\repository\org\springframework\spring-context\5.3.6\spring-context-5.3.6.jar;C:\Users\Admin\.m2\repository\org\springframework\security\spring-security-web\5.4.6\spring-security-web-5.4.6.jar;C:\Users\Admin\.m2\repository\org\springframework\spring-expression\5.3.6\spring-expression-5.3.6.jar;C:\Users\Admin\.m2\repository\org\springframework\boot\spring-boot-starter-thymeleaf\2.4.5\spring-boot-starter-thymeleaf-2.4.5.jar;C:\Users\Admin\.m2\repository\org\thymeleaf\thymeleaf-spring5\3.0.12.RELEASE\thymeleaf-spring5-3.0.12.RELEASE.jar;C:\Users\Admin\.m2\repository\org\
Launcher Type: SUN_STANDARD

[Global flags]
     intx CICompilerCount                          = 4                                         {product} {ergonomic}
     uint ConcGCThreads                            = 2                                         {product} {ergonomic}
     uint G1ConcRefinementThreads                  = 8                                         {product} {ergonomic}
   size_t G1HeapRegionSize                         = 1048576                                   {product} {ergonomic}
    uintx GCDrainStackTargetSize                   = 64                                        {product} {ergonomic}
   size_t InitialHeapSize                          = 134217728                                 {product} {ergonomic}
   size_t MarkStackSize                            = 4194304                                   {product} {ergonomic}
   size_t MaxHeapSize                              = 2118123520                                {product} {ergonomic}
   size_t MaxNewSize                               = 1270874112                                {product} {ergonomic}
   size_t MinHeapDeltaBytes                        = 1048576                                   {product} {ergonomic}
    uintx NonNMethodCodeHeapSize                   = 5836300                                {pd product} {ergonomic}
    uintx NonProfiledCodeHeapSize                  = 122910970                              {pd product} {ergonomic}
    uintx ProfiledCodeHeapSize                     = 122910970                              {pd product} {ergonomic}
    uintx ReservedCodeCacheSize                    = 251658240                              {pd product} {ergonomic}
     bool SegmentedCodeCache                       = true                                      {product} {ergonomic}
     bool UseCompressedClassPointers               = true                                 {lp64_product} {ergonomic}
     bool UseCompressedOops                        = true                                 {lp64_product} {ergonomic}
     bool UseG1GC                                  = true                                      {product} {ergonomic}
     bool UseLargePagesIndividualAllocation        = false                                  {pd product} {ergonomic}

Logging:
Log output configuration:
 #0: stdout all=warning uptime,level,tags
 #1: stderr all=off uptime,level,tags

Environment Variables:
JAVA_HOME=C:\Program Files\AdoptOpenJDK\jdk-11.0.8.10-hotspot\
PATH=C:\Program Files\AdoptOpenJDK\jdk-11.0.8.10-hotspot\bin;C:\WINDOWS\system32;C:\WINDOWS;C:\WINDOWS\System32\Wbem;C:\WINDOWS\System32\WindowsPowerShell\v1.0\;C:\WINDOWS\System32\OpenSSH\;C:\Program Files (x86)\Microsoft SQL Server\110\Tools\Binn\ManagementStudio\;C:\Program Files (x86)\Microsoft SQL Server\110\Tools\Binn\;C:\Program Files\Microsoft SQL Server\110\Tools\Binn\;C:\Program Files (x86)\Microsoft SQL Server\110\DTS\Binn\;C:\Program Files\Microsoft SQL Server\Client SDK\ODBC\110\Tools\Binn\;C:\Program Files (x86)\Microsoft SQL Server\120\Tools\Binn\;C:\Program Files\Microsoft SQL Server\120\Tools\Binn\;C:\Program Files\Microsoft SQL Server\120\DTS\Binn\;C:\Program Files (x86)\Microsoft SQL Server\120\Tools\Binn\ManagementStudio\;C:\Program Files (x86)\Microsoft SQL Server\120\DTS\Binn\;C:\Users\Admin\Downloads\apache-maven-3.6.0;C:\Users\Admin\Downloads\apache-maven-3.6.0\bin;C:\Program Files\NVIDIA Corporation\NVIDIA NvDLISR;C:\Program Files (x86)\NVIDIA Corporation\PhysX\Common;C:\Users\Admin\Downloads\apache-maven-3.6.0\bin;C:\Program Files\nodejs\;C:\Program Files\Git\cmd;C:\WINDOWS\system32;C:\WINDOWS;C:\WINDOWS\System32\Wbem;C:\WINDOWS\System32\WindowsPowerShell\v1.0\;C:\WINDOWS\System32\OpenSSH\;C:\Users\Admin\AppData\Local\Microsoft\WindowsApps;C:\Users\Admin\AppData\Local\Programs\Microsoft VS Code\bin;D:\apache-tomcat-9.0.37\bin;C:\Users\Admin\AppData\Roaming\npm
USERNAME=Admin
OS=Windows_NT
PROCESSOR_IDENTIFIER=Intel64 Family 6 Model 158 Stepping 10, GenuineIntel



---------------  S Y S T E M  ---------------

OS: Windows 10 , 64 bit Build 19041 (10.0.19041.1151)
OS uptime: 0 days 1:05 hours

CPU:total 8 (initial active 8) (4 cores per cpu, 2 threads per core) family 6 model 158 stepping 10, cmov, cx8, fxsr, mmx, sse, sse2, sse3, ssse3, sse4.1, sse4.2, popcnt, avx, avx2, aes, clmul, erms, 3dnowpref, lzcnt, ht, tsc, tscinvbit, bmi1, bmi2, adx, fma

Memory: 4k page, system-wide physical 8072M (413M free)
TotalPageFile size 12168M (AvailPageFile size 4M)
current process WorkingSet (physical memory assigned to process): 356M, peak: 395M
current process commit charge ("private bytes"): 436M, peak: 469M

vm_info: OpenJDK 64-Bit Server VM (11.0.8+10) for windows-amd64 JRE (11.0.8+10), built on Jul 15 2020 11:45:54 by "" with MS VC++ 15.9 (VS2017)

END.
