#
# There is insufficient memory for the Java Runtime Environment to continue.
# Native memory allocation (malloc) failed to allocate 1104976 bytes for Chunk::new
# Possible reasons:
#   The system is out of physical RAM or swap space
#   The process is running with CompressedOops enabled, and the Java Heap may be blocking the growth of the native heap
# Possible solutions:
#   Reduce memory load on the system
#   Increase physical memory or swap space
#   Check if swap backing store is full
#   Decrease Java heap size (-Xmx/-Xms)
#   Decrease number of Java threads
#   Decrease Java thread stack sizes (-Xss)
#   Set larger code cache with -XX:ReservedCodeCacheSize=
#   JVM is running with Unscaled Compressed Oops mode in which the Java heap is
#     placed in the first 4GB address space. The Java Heap base address is the
#     maximum limit for the native heap growth. Please use -XX:HeapBaseMinAddress
#     to set the Java Heap base and to place the Java Heap above 4GB virtual address.
# This output file may be truncated or incomplete.
#
#  Out of Memory Error (./src/hotspot/share/memory/arena.cpp:197), pid=12088, tid=15732
#
# JRE version: OpenJDK Runtime Environment AdoptOpenJDK (11.0.8+10) (build 11.0.8+10)
# Java VM: OpenJDK 64-Bit Server VM AdoptOpenJDK (11.0.8+10, mixed mode, tiered, compressed oops, g1 gc, windows-amd64)
# No core dump will be written. Minidumps are not enabled by default on client versions of Windows
#

---------------  S U M M A R Y ------------

Command Line: -javaagent:D:\IntelliJ IDEA 2021.1\lib\idea_rt.jar=57664:D:\IntelliJ IDEA 2021.1\bin -Dfile.encoding=UTF-8 com.example.demo.SpringbootProjectApplication

Host: Intel(R) Core(TM) i5-9300H CPU @ 2.40GHz, 8 cores, 7G,  Windows 10 , 64 bit Build 19041 (10.0.19041.1151)
Time: Tue Sep 21 16:16:44 2021 SE Asia Standard Time elapsed time: 9 seconds (0d 0h 0m 9s)

---------------  T H R E A D  ---------------

Current thread (0x00000181c3cdd800):  JavaThread "C2 CompilerThread0" daemon [_thread_in_native, id=15732, stack(0x0000004b6fd00000,0x0000004b6fe00000)]


Current CompileTask:
C2:   9505 5625       4       org.springframework.core.ResolvableType::forType (115 bytes)

Stack: [0x0000004b6fd00000,0x0000004b6fe00000]
Native frames: (J=compiled Java code, j=interpreted, Vv=VM code, C=native code)
V  [jvm.dll+0x5dfa5a]
V  [jvm.dll+0x7175ce]
V  [jvm.dll+0x718c9f]
V  [jvm.dll+0x719363]
V  [jvm.dll+0x240e48]
V  [jvm.dll+0xb96ac]
V  [jvm.dll+0xb9dac]
V  [jvm.dll+0x346387]
V  [jvm.dll+0x193639]
V  [jvm.dll+0x1faa32]
V  [jvm.dll+0x1f9adf]
V  [jvm.dll+0x17e4ec]
V  [jvm.dll+0x208f27]
V  [jvm.dll+0x20710b]
V  [jvm.dll+0x6dc339]
V  [jvm.dll+0x6d53e4]
V  [jvm.dll+0x5de996]
C  [ucrtbase.dll+0x21bb2]
C  [KERNEL32.DLL+0x17034]
C  [ntdll.dll+0x52651]


---------------  P R O C E S S  ---------------

Threads class SMR info:
_java_thread_list=0x00000181cabf8d90, length=18, elements={
0x00000181a4db9000, 0x00000181c3cc4800, 0x00000181c3cc8000, 0x00000181c3cdb000,
0x00000181c3cdc800, 0x00000181c3cdd800, 0x00000181c3ce2800, 0x00000181c3ce4000,
0x00000181c4798800, 0x00000181c4972800, 0x00000181c49ed000, 0x00000181c487e000,
0x00000181c542b000, 0x00000181c88f4000, 0x00000181c7889000, 0x00000181ca502000,
0x00000181c47b1800, 0x00000181c892e000
}

Java Threads: ( => current thread )
  0x00000181a4db9000 JavaThread "main" [_thread_blocked, id=3908, stack(0x0000004b6f200000,0x0000004b6f300000)]
  0x00000181c3cc4800 JavaThread "Reference Handler" daemon [_thread_blocked, id=12876, stack(0x0000004b6f900000,0x0000004b6fa00000)]
  0x00000181c3cc8000 JavaThread "Finalizer" daemon [_thread_blocked, id=2824, stack(0x0000004b6fa00000,0x0000004b6fb00000)]
  0x00000181c3cdb000 JavaThread "Signal Dispatcher" daemon [_thread_blocked, id=12244, stack(0x0000004b6fb00000,0x0000004b6fc00000)]
  0x00000181c3cdc800 JavaThread "Attach Listener" daemon [_thread_blocked, id=11468, stack(0x0000004b6fc00000,0x0000004b6fd00000)]
=>0x00000181c3cdd800 JavaThread "C2 CompilerThread0" daemon [_thread_in_native, id=15732, stack(0x0000004b6fd00000,0x0000004b6fe00000)]
  0x00000181c3ce2800 JavaThread "C1 CompilerThread0" daemon [_thread_blocked, id=11156, stack(0x0000004b6fe00000,0x0000004b6ff00000)]
  0x00000181c3ce4000 JavaThread "Sweeper thread" daemon [_thread_blocked, id=15508, stack(0x0000004b6ff00000,0x0000004b70000000)]
  0x00000181c4798800 JavaThread "Common-Cleaner" daemon [_thread_blocked, id=13492, stack(0x0000004b70000000,0x0000004b70100000)]
  0x00000181c4972800 JavaThread "Monitor Ctrl-Break" daemon [_thread_in_native, id=12240, stack(0x0000004b70200000,0x0000004b70300000)]
  0x00000181c49ed000 JavaThread "Service Thread" daemon [_thread_blocked, id=5868, stack(0x0000004b70300000,0x0000004b70400000)]
  0x00000181c487e000 JavaThread "Thread-0" [_thread_blocked, id=2504, stack(0x0000004b70700000,0x0000004b70800000)]
  0x00000181c542b000 JavaThread "restartedMain" [_thread_in_vm, id=16656, stack(0x0000004b70800000,0x0000004b70900000)]
  0x00000181c88f4000 JavaThread "mssql-jdbc-shared-timer-core-0" daemon [_thread_blocked, id=12628, stack(0x0000004b71100000,0x0000004b71200000)]
  0x00000181c7889000 JavaThread "HikariPool-1 housekeeper" daemon [_thread_blocked, id=5252, stack(0x0000004b71200000,0x0000004b71300000)]
  0x00000181ca502000 JavaThread "HikariPool-1 connection adder" daemon [_thread_blocked, id=6500, stack(0x0000004b71300000,0x0000004b71400000)]
  0x00000181c47b1800 JavaThread "C2 CompilerThread1" daemon [_thread_in_native, id=1452, stack(0x0000004b70100000,0x0000004b70200000)]
  0x00000181c892e000 JavaThread "C2 CompilerThread2" daemon [_thread_in_native, id=10996, stack(0x0000004b70900000,0x0000004b70a00000)]

Other Threads:
  0x00000181c3ca0000 VMThread "VM Thread" [stack: 0x0000004b6f800000,0x0000004b6f900000] [id=10100]
  0x00000181c4a87800 WatcherThread [stack: 0x0000004b70400000,0x0000004b70500000] [id=5992]
  0x00000181a4dd1000 GCTaskThread "GC Thread#0" [stack: 0x0000004b6f300000,0x0000004b6f400000] [id=15692]
  0x00000181c5502800 GCTaskThread "GC Thread#1" [stack: 0x0000004b70500000,0x0000004b70600000] [id=2940]
  0x00000181c54d8000 GCTaskThread "GC Thread#2" [stack: 0x0000004b70600000,0x0000004b70700000] [id=19000]
  0x00000181c5b28800 GCTaskThread "GC Thread#3" [stack: 0x0000004b70a00000,0x0000004b70b00000] [id=592]
  0x00000181c5c1b000 GCTaskThread "GC Thread#4" [stack: 0x0000004b70b00000,0x0000004b70c00000] [id=14284]
  0x00000181c5fc9000 GCTaskThread "GC Thread#5" [stack: 0x0000004b70c00000,0x0000004b70d00000] [id=11844]
  0x00000181c582a800 GCTaskThread "GC Thread#6" [stack: 0x0000004b70d00000,0x0000004b70e00000] [id=3272]
  0x00000181c582b800 GCTaskThread "GC Thread#7" [stack: 0x0000004b70e00000,0x0000004b70f00000] [id=8948]
  0x00000181a4e00800 ConcurrentGCThread "G1 Main Marker" [stack: 0x0000004b6f400000,0x0000004b6f500000] [id=996]
  0x00000181a4e02000 ConcurrentGCThread "G1 Conc#0" [stack: 0x0000004b6f500000,0x0000004b6f600000] [id=15904]
  0x00000181c630e800 ConcurrentGCThread "G1 Conc#1" [stack: 0x0000004b70f00000,0x0000004b71000000] [id=6908]
  0x00000181c3b04800 ConcurrentGCThread "G1 Refine#0" [stack: 0x0000004b6f600000,0x0000004b6f700000] [id=16088]
  0x00000181c3b05800 ConcurrentGCThread "G1 Young RemSet Sampling" [stack: 0x0000004b6f700000,0x0000004b6f800000] [id=7232]

Threads with active compile tasks:
C2 CompilerThread0   9522 5625       4       org.springframework.core.ResolvableType::forType (115 bytes)
C2 CompilerThread1   9522 5614       4       org.springframework.core.annotation.TypeMappedAnnotations$MergedAnnotationFinder::doWithAnnotations (75 bytes)
C2 CompilerThread2   9522 5631   !   4       org.springframework.core.annotation.AnnotationsScanner::processMethodHierarchy (276 bytes)

VM state:not at safepoint (normal execution)

VM Mutex/Monitor currently owned by a thread: None

Heap address: 0x0000000081c00000, size: 2020 MB, Compressed Oops mode: 32-bit
Narrow klass base: 0x0000000000000000, Narrow klass shift: 3
Compressed class space size: 1073741824 Address: 0x0000000100000000

Heap:
 garbage-first heap   total 221184K, used 91816K [0x0000000081c00000, 0x0000000100000000)
  region size 1024K, 77 young (78848K), 10 survivors (10240K)
 Metaspace       used 67765K, capacity 69357K, committed 69632K, reserved 1110016K
  class space    used 8531K, capacity 9131K, committed 9216K, reserved 1048576K
Heap Regions: E=young(eden), S=young(survivor), O=old, HS=humongous(starts), HC=humongous(continues), CS=collection set, F=free, A=archive, TAMS=top-at-mark-start (previous, next)
|   0|0x0000000081c00000, 0x0000000081d00000, 0x0000000081d00000|100%|HS|  |TAMS 0x0000000081d00000, 0x0000000081c00000| Complete 
|   1|0x0000000081d00000, 0x0000000081e00000, 0x0000000081e00000|100%| O|  |TAMS 0x0000000081e00000, 0x0000000081d00000| Untracked 
|   2|0x0000000081e00000, 0x0000000081f00000, 0x0000000081f00000|100%| O|  |TAMS 0x0000000081f00000, 0x0000000081e00000| Untracked 
|   3|0x0000000081f00000, 0x0000000082000000, 0x0000000082000000|100%| O|  |TAMS 0x0000000082000000, 0x0000000081f00000| Untracked 
|   4|0x0000000082000000, 0x0000000082100000, 0x0000000082100000|100%| O|  |TAMS 0x0000000082100000, 0x0000000082000000| Untracked 
|   5|0x0000000082100000, 0x0000000082200000, 0x0000000082200000|100%| O|  |TAMS 0x0000000082200000, 0x0000000082100000| Untracked 
|   6|0x0000000082200000, 0x0000000082300000, 0x0000000082300000|100%| O|  |TAMS 0x0000000082300000, 0x0000000082200000| Untracked 
|   7|0x0000000082300000, 0x0000000082400000, 0x0000000082400000|100%| O|  |TAMS 0x0000000082400000, 0x0000000082300000| Untracked 
|   8|0x0000000082400000, 0x0000000082500000, 0x0000000082500000|100%| O|  |TAMS 0x0000000082500000, 0x0000000082400000| Untracked 
|   9|0x0000000082500000, 0x0000000082600000, 0x0000000082600000|100%| O|  |TAMS 0x0000000082600000, 0x0000000082500000| Untracked 
|  10|0x0000000082600000, 0x0000000082700000, 0x0000000082700000|100%| O|  |TAMS 0x0000000082700000, 0x0000000082600000| Untracked 
|  11|0x0000000082700000, 0x0000000082800000, 0x0000000082800000|100%| O|  |TAMS 0x0000000082800000, 0x0000000082700000| Untracked 
|  12|0x0000000082800000, 0x0000000082900000, 0x0000000082900000|100%| O|  |TAMS 0x0000000082900000, 0x0000000082800000| Untracked 
|  13|0x0000000082900000, 0x00000000829ca000, 0x0000000082a00000| 78%| O|  |TAMS 0x00000000829ca000, 0x0000000082900000| Untracked 
|  14|0x0000000082a00000, 0x0000000082a00000, 0x0000000082b00000|  0%| F|  |TAMS 0x0000000082a00000, 0x0000000082a00000| Untracked 
|  15|0x0000000082b00000, 0x0000000082b00000, 0x0000000082c00000|  0%| F|  |TAMS 0x0000000082b00000, 0x0000000082b00000| Untracked 
|  16|0x0000000082c00000, 0x0000000082c00000, 0x0000000082d00000|  0%| F|  |TAMS 0x0000000082c00000, 0x0000000082c00000| Untracked 
|  17|0x0000000082d00000, 0x0000000082d00000, 0x0000000082e00000|  0%| F|  |TAMS 0x0000000082d00000, 0x0000000082d00000| Untracked 
|  18|0x0000000082e00000, 0x0000000082e00000, 0x0000000082f00000|  0%| F|  |TAMS 0x0000000082e00000, 0x0000000082e00000| Untracked 
|  19|0x0000000082f00000, 0x0000000082f00000, 0x0000000083000000|  0%| F|  |TAMS 0x0000000082f00000, 0x0000000082f00000| Untracked 
|  20|0x0000000083000000, 0x0000000083000000, 0x0000000083100000|  0%| F|  |TAMS 0x0000000083000000, 0x0000000083000000| Untracked 
|  21|0x0000000083100000, 0x0000000083100000, 0x0000000083200000|  0%| F|  |TAMS 0x0000000083100000, 0x0000000083100000| Untracked 
|  22|0x0000000083200000, 0x0000000083200000, 0x0000000083300000|  0%| F|  |TAMS 0x0000000083200000, 0x0000000083200000| Untracked 
|  23|0x0000000083300000, 0x0000000083300000, 0x0000000083400000|  0%| F|  |TAMS 0x0000000083300000, 0x0000000083300000| Untracked 
|  24|0x0000000083400000, 0x0000000083400000, 0x0000000083500000|  0%| F|  |TAMS 0x0000000083400000, 0x0000000083400000| Untracked 
|  25|0x0000000083500000, 0x0000000083500000, 0x0000000083600000|  0%| F|  |TAMS 0x0000000083500000, 0x0000000083500000| Untracked 
|  26|0x0000000083600000, 0x0000000083600000, 0x0000000083700000|  0%| F|  |TAMS 0x0000000083600000, 0x0000000083600000| Untracked 
|  27|0x0000000083700000, 0x0000000083700000, 0x0000000083800000|  0%| F|  |TAMS 0x0000000083700000, 0x0000000083700000| Untracked 
|  28|0x0000000083800000, 0x0000000083800000, 0x0000000083900000|  0%| F|  |TAMS 0x0000000083800000, 0x0000000083800000| Untracked 
|  29|0x0000000083900000, 0x0000000083900000, 0x0000000083a00000|  0%| F|  |TAMS 0x0000000083900000, 0x0000000083900000| Untracked 
|  30|0x0000000083a00000, 0x0000000083a00000, 0x0000000083b00000|  0%| F|  |TAMS 0x0000000083a00000, 0x0000000083a00000| Untracked 
|  31|0x0000000083b00000, 0x0000000083b00000, 0x0000000083c00000|  0%| F|  |TAMS 0x0000000083b00000, 0x0000000083b00000| Untracked 
|  32|0x0000000083c00000, 0x0000000083c00000, 0x0000000083d00000|  0%| F|  |TAMS 0x0000000083c00000, 0x0000000083c00000| Untracked 
|  33|0x0000000083d00000, 0x0000000083d00000, 0x0000000083e00000|  0%| F|  |TAMS 0x0000000083d00000, 0x0000000083d00000| Untracked 
|  34|0x0000000083e00000, 0x0000000083e00000, 0x0000000083f00000|  0%| F|  |TAMS 0x0000000083e00000, 0x0000000083e00000| Untracked 
|  35|0x0000000083f00000, 0x0000000083f00000, 0x0000000084000000|  0%| F|  |TAMS 0x0000000083f00000, 0x0000000083f00000| Untracked 
|  36|0x0000000084000000, 0x0000000084000000, 0x0000000084100000|  0%| F|  |TAMS 0x0000000084000000, 0x0000000084000000| Untracked 
|  37|0x0000000084100000, 0x0000000084100000, 0x0000000084200000|  0%| F|  |TAMS 0x0000000084100000, 0x0000000084100000| Untracked 
|  38|0x0000000084200000, 0x0000000084200000, 0x0000000084300000|  0%| F|  |TAMS 0x0000000084200000, 0x0000000084200000| Untracked 
|  39|0x0000000084300000, 0x0000000084300000, 0x0000000084400000|  0%| F|  |TAMS 0x0000000084300000, 0x0000000084300000| Untracked 
|  40|0x0000000084400000, 0x0000000084400000, 0x0000000084500000|  0%| F|  |TAMS 0x0000000084400000, 0x0000000084400000| Untracked 
|  41|0x0000000084500000, 0x0000000084500000, 0x0000000084600000|  0%| F|  |TAMS 0x0000000084500000, 0x0000000084500000| Untracked 
|  42|0x0000000084600000, 0x0000000084600000, 0x0000000084700000|  0%| F|  |TAMS 0x0000000084600000, 0x0000000084600000| Untracked 
|  43|0x0000000084700000, 0x0000000084700000, 0x0000000084800000|  0%| F|  |TAMS 0x0000000084700000, 0x0000000084700000| Untracked 
|  44|0x0000000084800000, 0x0000000084800000, 0x0000000084900000|  0%| F|  |TAMS 0x0000000084800000, 0x0000000084800000| Untracked 
|  45|0x0000000084900000, 0x0000000084900000, 0x0000000084a00000|  0%| F|  |TAMS 0x0000000084900000, 0x0000000084900000| Untracked 
|  46|0x0000000084a00000, 0x0000000084a00000, 0x0000000084b00000|  0%| F|  |TAMS 0x0000000084a00000, 0x0000000084a00000| Untracked 
|  47|0x0000000084b00000, 0x0000000084b00000, 0x0000000084c00000|  0%| F|  |TAMS 0x0000000084b00000, 0x0000000084b00000| Untracked 
|  48|0x0000000084c00000, 0x0000000084c00000, 0x0000000084d00000|  0%| F|  |TAMS 0x0000000084c00000, 0x0000000084c00000| Untracked 
|  49|0x0000000084d00000, 0x0000000084d00000, 0x0000000084e00000|  0%| F|  |TAMS 0x0000000084d00000, 0x0000000084d00000| Untracked 
|  50|0x0000000084e00000, 0x0000000084e00000, 0x0000000084f00000|  0%| F|  |TAMS 0x0000000084e00000, 0x0000000084e00000| Untracked 
|  51|0x0000000084f00000, 0x0000000084f00000, 0x0000000085000000|  0%| F|  |TAMS 0x0000000084f00000, 0x0000000084f00000| Untracked 
|  52|0x0000000085000000, 0x0000000085000000, 0x0000000085100000|  0%| F|  |TAMS 0x0000000085000000, 0x0000000085000000| Untracked 
|  53|0x0000000085100000, 0x0000000085100000, 0x0000000085200000|  0%| F|  |TAMS 0x0000000085100000, 0x0000000085100000| Untracked 
|  54|0x0000000085200000, 0x0000000085200000, 0x0000000085300000|  0%| F|  |TAMS 0x0000000085200000, 0x0000000085200000| Untracked 
|  55|0x0000000085300000, 0x0000000085300000, 0x0000000085400000|  0%| F|  |TAMS 0x0000000085300000, 0x0000000085300000| Untracked 
|  56|0x0000000085400000, 0x0000000085400000, 0x0000000085500000|  0%| F|  |TAMS 0x0000000085400000, 0x0000000085400000| Untracked 
|  57|0x0000000085500000, 0x0000000085500000, 0x0000000085600000|  0%| F|  |TAMS 0x0000000085500000, 0x0000000085500000| Untracked 
|  58|0x0000000085600000, 0x0000000085600000, 0x0000000085700000|  0%| F|  |TAMS 0x0000000085600000, 0x0000000085600000| Untracked 
|  59|0x0000000085700000, 0x0000000085700000, 0x0000000085800000|  0%| F|  |TAMS 0x0000000085700000, 0x0000000085700000| Untracked 
|  60|0x0000000085800000, 0x0000000085800000, 0x0000000085900000|  0%| F|  |TAMS 0x0000000085800000, 0x0000000085800000| Untracked 
|  61|0x0000000085900000, 0x0000000085900000, 0x0000000085a00000|  0%| F|  |TAMS 0x0000000085900000, 0x0000000085900000| Untracked 
|  62|0x0000000085a00000, 0x0000000085a00000, 0x0000000085b00000|  0%| F|  |TAMS 0x0000000085a00000, 0x0000000085a00000| Untracked 
|  63|0x0000000085b00000, 0x0000000085b00000, 0x0000000085c00000|  0%| F|  |TAMS 0x0000000085b00000, 0x0000000085b00000| Untracked 
|  64|0x0000000085c00000, 0x0000000085c00000, 0x0000000085d00000|  0%| F|  |TAMS 0x0000000085c00000, 0x0000000085c00000| Untracked 
|  65|0x0000000085d00000, 0x0000000085d00000, 0x0000000085e00000|  0%| F|  |TAMS 0x0000000085d00000, 0x0000000085d00000| Untracked 
|  66|0x0000000085e00000, 0x0000000085e00000, 0x0000000085f00000|  0%| F|  |TAMS 0x0000000085e00000, 0x0000000085e00000| Untracked 
|  67|0x0000000085f00000, 0x0000000085f00000, 0x0000000086000000|  0%| F|  |TAMS 0x0000000085f00000, 0x0000000085f00000| Untracked 
|  68|0x0000000086000000, 0x0000000086000000, 0x0000000086100000|  0%| F|  |TAMS 0x0000000086000000, 0x0000000086000000| Untracked 
|  69|0x0000000086100000, 0x0000000086100000, 0x0000000086200000|  0%| F|  |TAMS 0x0000000086100000, 0x0000000086100000| Untracked 
|  70|0x0000000086200000, 0x0000000086200000, 0x0000000086300000|  0%| F|  |TAMS 0x0000000086200000, 0x0000000086200000| Untracked 
|  71|0x0000000086300000, 0x0000000086300000, 0x0000000086400000|  0%| F|  |TAMS 0x0000000086300000, 0x0000000086300000| Untracked 
|  72|0x0000000086400000, 0x0000000086400000, 0x0000000086500000|  0%| F|  |TAMS 0x0000000086400000, 0x0000000086400000| Untracked 
|  73|0x0000000086500000, 0x0000000086500000, 0x0000000086600000|  0%| F|  |TAMS 0x0000000086500000, 0x0000000086500000| Untracked 
|  74|0x0000000086600000, 0x0000000086600000, 0x0000000086700000|  0%| F|  |TAMS 0x0000000086600000, 0x0000000086600000| Untracked 
|  75|0x0000000086700000, 0x0000000086700000, 0x0000000086800000|  0%| F|  |TAMS 0x0000000086700000, 0x0000000086700000| Untracked 
|  76|0x0000000086800000, 0x0000000086800000, 0x0000000086900000|  0%| F|  |TAMS 0x0000000086800000, 0x0000000086800000| Untracked 
|  77|0x0000000086900000, 0x0000000086900000, 0x0000000086a00000|  0%| F|  |TAMS 0x0000000086900000, 0x0000000086900000| Untracked 
|  78|0x0000000086a00000, 0x0000000086a00000, 0x0000000086b00000|  0%| F|  |TAMS 0x0000000086a00000, 0x0000000086a00000| Untracked 
|  79|0x0000000086b00000, 0x0000000086b00000, 0x0000000086c00000|  0%| F|  |TAMS 0x0000000086b00000, 0x0000000086b00000| Untracked 
|  80|0x0000000086c00000, 0x0000000086c00000, 0x0000000086d00000|  0%| F|  |TAMS 0x0000000086c00000, 0x0000000086c00000| Untracked 
|  81|0x0000000086d00000, 0x0000000086d00000, 0x0000000086e00000|  0%| F|  |TAMS 0x0000000086d00000, 0x0000000086d00000| Untracked 
|  82|0x0000000086e00000, 0x0000000086e00000, 0x0000000086f00000|  0%| F|  |TAMS 0x0000000086e00000, 0x0000000086e00000| Untracked 
|  83|0x0000000086f00000, 0x0000000086f00000, 0x0000000087000000|  0%| F|  |TAMS 0x0000000086f00000, 0x0000000086f00000| Untracked 
|  84|0x0000000087000000, 0x0000000087000000, 0x0000000087100000|  0%| F|  |TAMS 0x0000000087000000, 0x0000000087000000| Untracked 
|  85|0x0000000087100000, 0x0000000087100000, 0x0000000087200000|  0%| F|  |TAMS 0x0000000087100000, 0x0000000087100000| Untracked 
|  86|0x0000000087200000, 0x0000000087200000, 0x0000000087300000|  0%| F|  |TAMS 0x0000000087200000, 0x0000000087200000| Untracked 
|  87|0x0000000087300000, 0x0000000087300000, 0x0000000087400000|  0%| F|  |TAMS 0x0000000087300000, 0x0000000087300000| Untracked 
|  88|0x0000000087400000, 0x0000000087400000, 0x0000000087500000|  0%| F|  |TAMS 0x0000000087400000, 0x0000000087400000| Untracked 
|  89|0x0000000087500000, 0x0000000087500000, 0x0000000087600000|  0%| F|  |TAMS 0x0000000087500000, 0x0000000087500000| Untracked 
|  90|0x0000000087600000, 0x0000000087600000, 0x0000000087700000|  0%| F|  |TAMS 0x0000000087600000, 0x0000000087600000| Untracked 
|  91|0x0000000087700000, 0x0000000087700000, 0x0000000087800000|  0%| F|  |TAMS 0x0000000087700000, 0x0000000087700000| Untracked 
|  92|0x0000000087800000, 0x0000000087800000, 0x0000000087900000|  0%| F|  |TAMS 0x0000000087800000, 0x0000000087800000| Untracked 
|  93|0x0000000087900000, 0x0000000087900000, 0x0000000087a00000|  0%| F|  |TAMS 0x0000000087900000, 0x0000000087900000| Untracked 
|  94|0x0000000087a00000, 0x0000000087a00000, 0x0000000087b00000|  0%| F|  |TAMS 0x0000000087a00000, 0x0000000087a00000| Untracked 
|  95|0x0000000087b00000, 0x0000000087b00000, 0x0000000087c00000|  0%| F|  |TAMS 0x0000000087b00000, 0x0000000087b00000| Untracked 
|  96|0x0000000087c00000, 0x0000000087c00000, 0x0000000087d00000|  0%| F|  |TAMS 0x0000000087c00000, 0x0000000087c00000| Untracked 
|  97|0x0000000087d00000, 0x0000000087d00000, 0x0000000087e00000|  0%| F|  |TAMS 0x0000000087d00000, 0x0000000087d00000| Untracked 
|  98|0x0000000087e00000, 0x0000000087e00000, 0x0000000087f00000|  0%| F|  |TAMS 0x0000000087e00000, 0x0000000087e00000| Untracked 
|  99|0x0000000087f00000, 0x0000000087f00000, 0x0000000088000000|  0%| F|  |TAMS 0x0000000087f00000, 0x0000000087f00000| Untracked 
| 100|0x0000000088000000, 0x0000000088000000, 0x0000000088100000|  0%| F|  |TAMS 0x0000000088000000, 0x0000000088000000| Untracked 
| 101|0x0000000088100000, 0x0000000088100000, 0x0000000088200000|  0%| F|  |TAMS 0x0000000088100000, 0x0000000088100000| Untracked 
| 102|0x0000000088200000, 0x0000000088200000, 0x0000000088300000|  0%| F|  |TAMS 0x0000000088200000, 0x0000000088200000| Untracked 
| 103|0x0000000088300000, 0x0000000088300000, 0x0000000088400000|  0%| F|  |TAMS 0x0000000088300000, 0x0000000088300000| Untracked 
| 104|0x0000000088400000, 0x0000000088400000, 0x0000000088500000|  0%| F|  |TAMS 0x0000000088400000, 0x0000000088400000| Untracked 
| 105|0x0000000088500000, 0x0000000088500000, 0x0000000088600000|  0%| F|  |TAMS 0x0000000088500000, 0x0000000088500000| Untracked 
| 106|0x0000000088600000, 0x0000000088600000, 0x0000000088700000|  0%| F|  |TAMS 0x0000000088600000, 0x0000000088600000| Untracked 
| 107|0x0000000088700000, 0x0000000088700000, 0x0000000088800000|  0%| F|  |TAMS 0x0000000088700000, 0x0000000088700000| Untracked 
| 108|0x0000000088800000, 0x0000000088800000, 0x0000000088900000|  0%| F|  |TAMS 0x0000000088800000, 0x0000000088800000| Untracked 
| 109|0x0000000088900000, 0x0000000088900000, 0x0000000088a00000|  0%| F|  |TAMS 0x0000000088900000, 0x0000000088900000| Untracked 
| 110|0x0000000088a00000, 0x0000000088a00000, 0x0000000088b00000|  0%| F|  |TAMS 0x0000000088a00000, 0x0000000088a00000| Untracked 
| 111|0x0000000088b00000, 0x0000000088b00000, 0x0000000088c00000|  0%| F|  |TAMS 0x0000000088b00000, 0x0000000088b00000| Untracked 
| 112|0x0000000088c00000, 0x0000000088c00000, 0x0000000088d00000|  0%| F|  |TAMS 0x0000000088c00000, 0x0000000088c00000| Untracked 
| 113|0x0000000088d00000, 0x0000000088d00000, 0x0000000088e00000|  0%| F|  |TAMS 0x0000000088d00000, 0x0000000088d00000| Untracked 
| 114|0x0000000088e00000, 0x0000000088e00000, 0x0000000088f00000|  0%| F|  |TAMS 0x0000000088e00000, 0x0000000088e00000| Untracked 
| 115|0x0000000088f00000, 0x0000000088f00000, 0x0000000089000000|  0%| F|  |TAMS 0x0000000088f00000, 0x0000000088f00000| Untracked 
| 116|0x0000000089000000, 0x0000000089000000, 0x0000000089100000|  0%| F|  |TAMS 0x0000000089000000, 0x0000000089000000| Untracked 
| 117|0x0000000089100000, 0x0000000089100000, 0x0000000089200000|  0%| F|  |TAMS 0x0000000089100000, 0x0000000089100000| Untracked 
| 118|0x0000000089200000, 0x0000000089200000, 0x0000000089300000|  0%| F|  |TAMS 0x0000000089200000, 0x0000000089200000| Untracked 
| 119|0x0000000089300000, 0x0000000089300000, 0x0000000089400000|  0%| F|  |TAMS 0x0000000089300000, 0x0000000089300000| Untracked 
| 120|0x0000000089400000, 0x0000000089400000, 0x0000000089500000|  0%| F|  |TAMS 0x0000000089400000, 0x0000000089400000| Untracked 
| 121|0x0000000089500000, 0x0000000089500000, 0x0000000089600000|  0%| F|  |TAMS 0x0000000089500000, 0x0000000089500000| Untracked 
| 122|0x0000000089600000, 0x0000000089600000, 0x0000000089700000|  0%| F|  |TAMS 0x0000000089600000, 0x0000000089600000| Untracked 
| 123|0x0000000089700000, 0x0000000089700000, 0x0000000089800000|  0%| F|  |TAMS 0x0000000089700000, 0x0000000089700000| Untracked 
| 124|0x0000000089800000, 0x0000000089800000, 0x0000000089900000|  0%| F|  |TAMS 0x0000000089800000, 0x0000000089800000| Untracked 
| 125|0x0000000089900000, 0x0000000089900000, 0x0000000089a00000|  0%| F|  |TAMS 0x0000000089900000, 0x0000000089900000| Untracked 
| 126|0x0000000089a00000, 0x0000000089a00000, 0x0000000089b00000|  0%| F|  |TAMS 0x0000000089a00000, 0x0000000089a00000| Untracked 
| 127|0x0000000089b00000, 0x0000000089b00000, 0x0000000089c00000|  0%| F|  |TAMS 0x0000000089b00000, 0x0000000089b00000| Untracked 
| 128|0x0000000089c00000, 0x0000000089c00000, 0x0000000089d00000|  0%| F|  |TAMS 0x0000000089c00000, 0x0000000089c00000| Untracked 
| 129|0x0000000089d00000, 0x0000000089d00000, 0x0000000089e00000|  0%| F|  |TAMS 0x0000000089d00000, 0x0000000089d00000| Untracked 
| 130|0x0000000089e00000, 0x0000000089e00000, 0x0000000089f00000|  0%| F|  |TAMS 0x0000000089e00000, 0x0000000089e00000| Untracked 
| 131|0x0000000089f00000, 0x0000000089f00000, 0x000000008a000000|  0%| F|  |TAMS 0x0000000089f00000, 0x0000000089f00000| Untracked 
| 132|0x000000008a000000, 0x000000008a000000, 0x000000008a100000|  0%| F|  |TAMS 0x000000008a000000, 0x000000008a000000| Untracked 
| 133|0x000000008a100000, 0x000000008a100000, 0x000000008a200000|  0%| F|  |TAMS 0x000000008a100000, 0x000000008a100000| Untracked 
| 134|0x000000008a200000, 0x000000008a200000, 0x000000008a300000|  0%| F|  |TAMS 0x000000008a200000, 0x000000008a200000| Untracked 
| 135|0x000000008a300000, 0x000000008a300000, 0x000000008a400000|  0%| F|  |TAMS 0x000000008a300000, 0x000000008a300000| Untracked 
| 136|0x000000008a400000, 0x000000008a400000, 0x000000008a500000|  0%| F|  |TAMS 0x000000008a400000, 0x000000008a400000| Untracked 
| 137|0x000000008a500000, 0x000000008a500000, 0x000000008a600000|  0%| F|  |TAMS 0x000000008a500000, 0x000000008a500000| Untracked 
| 138|0x000000008a600000, 0x000000008a680800, 0x000000008a700000| 50%| E|  |TAMS 0x000000008a600000, 0x000000008a600000| Complete 
| 139|0x000000008a700000, 0x000000008a800000, 0x000000008a800000|100%| E|CS|TAMS 0x000000008a700000, 0x000000008a700000| Complete 
| 140|0x000000008a800000, 0x000000008a900000, 0x000000008a900000|100%| E|CS|TAMS 0x000000008a800000, 0x000000008a800000| Complete 
| 141|0x000000008a900000, 0x000000008aa00000, 0x000000008aa00000|100%| E|CS|TAMS 0x000000008a900000, 0x000000008a900000| Complete 
| 142|0x000000008aa00000, 0x000000008ab00000, 0x000000008ab00000|100%| E|CS|TAMS 0x000000008aa00000, 0x000000008aa00000| Complete 
| 143|0x000000008ab00000, 0x000000008ac00000, 0x000000008ac00000|100%| E|CS|TAMS 0x000000008ab00000, 0x000000008ab00000| Complete 
| 144|0x000000008ac00000, 0x000000008ad00000, 0x000000008ad00000|100%| E|CS|TAMS 0x000000008ac00000, 0x000000008ac00000| Complete 
| 145|0x000000008ad00000, 0x000000008ae00000, 0x000000008ae00000|100%| E|CS|TAMS 0x000000008ad00000, 0x000000008ad00000| Complete 
| 146|0x000000008ae00000, 0x000000008af00000, 0x000000008af00000|100%| E|CS|TAMS 0x000000008ae00000, 0x000000008ae00000| Complete 
| 147|0x000000008af00000, 0x000000008b000000, 0x000000008b000000|100%| E|CS|TAMS 0x000000008af00000, 0x000000008af00000| Complete 
| 148|0x000000008b000000, 0x000000008b100000, 0x000000008b100000|100%| E|CS|TAMS 0x000000008b000000, 0x000000008b000000| Complete 
| 149|0x000000008b100000, 0x000000008b200000, 0x000000008b200000|100%| E|CS|TAMS 0x000000008b100000, 0x000000008b100000| Complete 
| 150|0x000000008b200000, 0x000000008b300000, 0x000000008b300000|100%| E|CS|TAMS 0x000000008b200000, 0x000000008b200000| Complete 
| 151|0x000000008b300000, 0x000000008b400000, 0x000000008b400000|100%| E|CS|TAMS 0x000000008b300000, 0x000000008b300000| Complete 
| 152|0x000000008b400000, 0x000000008b500000, 0x000000008b500000|100%| E|CS|TAMS 0x000000008b400000, 0x000000008b400000| Complete 
| 153|0x000000008b500000, 0x000000008b600000, 0x000000008b600000|100%| E|CS|TAMS 0x000000008b500000, 0x000000008b500000| Complete 
| 154|0x000000008b600000, 0x000000008b700000, 0x000000008b700000|100%| E|CS|TAMS 0x000000008b600000, 0x000000008b600000| Complete 
| 155|0x000000008b700000, 0x000000008b800000, 0x000000008b800000|100%| E|CS|TAMS 0x000000008b700000, 0x000000008b700000| Complete 
| 156|0x000000008b800000, 0x000000008b900000, 0x000000008b900000|100%| E|CS|TAMS 0x000000008b800000, 0x000000008b800000| Complete 
| 157|0x000000008b900000, 0x000000008ba00000, 0x000000008ba00000|100%| E|CS|TAMS 0x000000008b900000, 0x000000008b900000| Complete 
| 158|0x000000008ba00000, 0x000000008bb00000, 0x000000008bb00000|100%| E|CS|TAMS 0x000000008ba00000, 0x000000008ba00000| Complete 
| 159|0x000000008bb00000, 0x000000008bc00000, 0x000000008bc00000|100%| E|CS|TAMS 0x000000008bb00000, 0x000000008bb00000| Complete 
| 160|0x000000008bc00000, 0x000000008bce0070, 0x000000008bd00000| 87%| S|CS|TAMS 0x000000008bc00000, 0x000000008bc00000| Complete 
| 161|0x000000008bd00000, 0x000000008be00000, 0x000000008be00000|100%| S|CS|TAMS 0x000000008bd00000, 0x000000008bd00000| Complete 
| 162|0x000000008be00000, 0x000000008bf00000, 0x000000008bf00000|100%| S|CS|TAMS 0x000000008be00000, 0x000000008be00000| Complete 
| 163|0x000000008bf00000, 0x000000008c000000, 0x000000008c000000|100%| S|CS|TAMS 0x000000008bf00000, 0x000000008bf00000| Complete 
| 164|0x000000008c000000, 0x000000008c100000, 0x000000008c100000|100%| S|CS|TAMS 0x000000008c000000, 0x000000008c000000| Complete 
| 165|0x000000008c100000, 0x000000008c200000, 0x000000008c200000|100%| S|CS|TAMS 0x000000008c100000, 0x000000008c100000| Complete 
| 166|0x000000008c200000, 0x000000008c300000, 0x000000008c300000|100%| S|CS|TAMS 0x000000008c200000, 0x000000008c200000| Complete 
| 167|0x000000008c300000, 0x000000008c400000, 0x000000008c400000|100%| S|CS|TAMS 0x000000008c300000, 0x000000008c300000| Complete 
| 168|0x000000008c400000, 0x000000008c500000, 0x000000008c500000|100%| S|CS|TAMS 0x000000008c400000, 0x000000008c400000| Complete 
| 169|0x000000008c500000, 0x000000008c600000, 0x000000008c600000|100%| S|CS|TAMS 0x000000008c500000, 0x000000008c500000| Complete 
| 170|0x000000008c600000, 0x000000008c700000, 0x000000008c700000|100%| E|CS|TAMS 0x000000008c600000, 0x000000008c600000| Complete 
| 171|0x000000008c700000, 0x000000008c800000, 0x000000008c800000|100%| E|CS|TAMS 0x000000008c700000, 0x000000008c700000| Complete 
| 172|0x000000008c800000, 0x000000008c900000, 0x000000008c900000|100%| E|CS|TAMS 0x000000008c800000, 0x000000008c800000| Complete 
| 173|0x000000008c900000, 0x000000008ca00000, 0x000000008ca00000|100%| E|CS|TAMS 0x000000008c900000, 0x000000008c900000| Complete 
| 174|0x000000008ca00000, 0x000000008cb00000, 0x000000008cb00000|100%| E|CS|TAMS 0x000000008ca00000, 0x000000008ca00000| Complete 
| 175|0x000000008cb00000, 0x000000008cc00000, 0x000000008cc00000|100%| E|CS|TAMS 0x000000008cb00000, 0x000000008cb00000| Complete 
| 176|0x000000008cc00000, 0x000000008cd00000, 0x000000008cd00000|100%| E|CS|TAMS 0x000000008cc00000, 0x000000008cc00000| Complete 
| 177|0x000000008cd00000, 0x000000008ce00000, 0x000000008ce00000|100%| E|CS|TAMS 0x000000008cd00000, 0x000000008cd00000| Complete 
| 178|0x000000008ce00000, 0x000000008cf00000, 0x000000008cf00000|100%| E|CS|TAMS 0x000000008ce00000, 0x000000008ce00000| Complete 
| 179|0x000000008cf00000, 0x000000008d000000, 0x000000008d000000|100%| E|CS|TAMS 0x000000008cf00000, 0x000000008cf00000| Complete 
| 180|0x000000008d000000, 0x000000008d100000, 0x000000008d100000|100%| E|CS|TAMS 0x000000008d000000, 0x000000008d000000| Complete 
| 181|0x000000008d100000, 0x000000008d200000, 0x000000008d200000|100%| E|CS|TAMS 0x000000008d100000, 0x000000008d100000| Complete 
| 182|0x000000008d200000, 0x000000008d300000, 0x000000008d300000|100%| E|CS|TAMS 0x000000008d200000, 0x000000008d200000| Complete 
| 183|0x000000008d300000, 0x000000008d400000, 0x000000008d400000|100%| E|CS|TAMS 0x000000008d300000, 0x000000008d300000| Complete 
| 184|0x000000008d400000, 0x000000008d500000, 0x000000008d500000|100%| E|CS|TAMS 0x000000008d400000, 0x000000008d400000| Complete 
| 185|0x000000008d500000, 0x000000008d600000, 0x000000008d600000|100%| E|CS|TAMS 0x000000008d500000, 0x000000008d500000| Complete 
| 186|0x000000008d600000, 0x000000008d700000, 0x000000008d700000|100%| E|CS|TAMS 0x000000008d600000, 0x000000008d600000| Complete 
| 187|0x000000008d700000, 0x000000008d800000, 0x000000008d800000|100%| E|CS|TAMS 0x000000008d700000, 0x000000008d700000| Complete 
| 188|0x000000008d800000, 0x000000008d900000, 0x000000008d900000|100%| E|CS|TAMS 0x000000008d800000, 0x000000008d800000| Complete 
| 189|0x000000008d900000, 0x000000008da00000, 0x000000008da00000|100%| E|CS|TAMS 0x000000008d900000, 0x000000008d900000| Complete 
| 190|0x000000008da00000, 0x000000008db00000, 0x000000008db00000|100%| E|CS|TAMS 0x000000008da00000, 0x000000008da00000| Complete 
| 191|0x000000008db00000, 0x000000008dc00000, 0x000000008dc00000|100%| E|CS|TAMS 0x000000008db00000, 0x000000008db00000| Complete 
| 192|0x000000008dc00000, 0x000000008dd00000, 0x000000008dd00000|100%| E|CS|TAMS 0x000000008dc00000, 0x000000008dc00000| Complete 
| 193|0x000000008dd00000, 0x000000008de00000, 0x000000008de00000|100%| E|CS|TAMS 0x000000008dd00000, 0x000000008dd00000| Complete 
| 194|0x000000008de00000, 0x000000008df00000, 0x000000008df00000|100%| E|CS|TAMS 0x000000008de00000, 0x000000008de00000| Complete 
| 195|0x000000008df00000, 0x000000008e000000, 0x000000008e000000|100%| E|CS|TAMS 0x000000008df00000, 0x000000008df00000| Complete 
| 196|0x000000008e000000, 0x000000008e100000, 0x000000008e100000|100%| E|CS|TAMS 0x000000008e000000, 0x000000008e000000| Complete 
| 197|0x000000008e100000, 0x000000008e200000, 0x000000008e200000|100%| E|CS|TAMS 0x000000008e100000, 0x000000008e100000| Complete 
| 198|0x000000008e200000, 0x000000008e300000, 0x000000008e300000|100%| E|CS|TAMS 0x000000008e200000, 0x000000008e200000| Complete 
| 199|0x000000008e300000, 0x000000008e400000, 0x000000008e400000|100%| E|CS|TAMS 0x000000008e300000, 0x000000008e300000| Complete 
| 200|0x000000008e400000, 0x000000008e500000, 0x000000008e500000|100%| E|CS|TAMS 0x000000008e400000, 0x000000008e400000| Complete 
| 201|0x000000008e500000, 0x000000008e600000, 0x000000008e600000|100%| E|CS|TAMS 0x000000008e500000, 0x000000008e500000| Complete 
| 202|0x000000008e600000, 0x000000008e700000, 0x000000008e700000|100%| E|CS|TAMS 0x000000008e600000, 0x000000008e600000| Complete 
| 203|0x000000008e700000, 0x000000008e800000, 0x000000008e800000|100%| E|CS|TAMS 0x000000008e700000, 0x000000008e700000| Complete 
| 204|0x000000008e800000, 0x000000008e900000, 0x000000008e900000|100%| E|CS|TAMS 0x000000008e800000, 0x000000008e800000| Complete 
| 205|0x000000008e900000, 0x000000008ea00000, 0x000000008ea00000|100%| E|CS|TAMS 0x000000008e900000, 0x000000008e900000| Complete 
| 206|0x000000008ea00000, 0x000000008eb00000, 0x000000008eb00000|100%| E|CS|TAMS 0x000000008ea00000, 0x000000008ea00000| Complete 
| 207|0x000000008eb00000, 0x000000008ec00000, 0x000000008ec00000|100%| E|CS|TAMS 0x000000008eb00000, 0x000000008eb00000| Complete 
| 208|0x000000008ec00000, 0x000000008ed00000, 0x000000008ed00000|100%| E|CS|TAMS 0x000000008ec00000, 0x000000008ec00000| Complete 
| 209|0x000000008ed00000, 0x000000008ee00000, 0x000000008ee00000|100%| E|CS|TAMS 0x000000008ed00000, 0x000000008ed00000| Complete 
| 210|0x000000008ee00000, 0x000000008ef00000, 0x000000008ef00000|100%| E|CS|TAMS 0x000000008ee00000, 0x000000008ee00000| Complete 
| 211|0x000000008ef00000, 0x000000008f000000, 0x000000008f000000|100%| E|CS|TAMS 0x000000008ef00000, 0x000000008ef00000| Complete 
| 212|0x000000008f000000, 0x000000008f100000, 0x000000008f100000|100%| E|CS|TAMS 0x000000008f000000, 0x000000008f000000| Complete 
| 213|0x000000008f100000, 0x000000008f200000, 0x000000008f200000|100%| E|CS|TAMS 0x000000008f100000, 0x000000008f100000| Complete 
| 214|0x000000008f200000, 0x000000008f300000, 0x000000008f300000|100%| E|CS|TAMS 0x000000008f200000, 0x000000008f200000| Complete 
| 215|0x000000008f300000, 0x000000008f400000, 0x000000008f400000|100%| E|CS|TAMS 0x000000008f300000, 0x000000008f300000| Complete 

Card table byte_map: [0x00000181bcb50000,0x00000181bcf50000] _byte_map_base: 0x00000181bc742000

Marking Bits (Prev, Next): (CMBitMap*) 0x00000181a4df7a60, (CMBitMap*) 0x00000181a4df7a28
 Prev Bits: [0x00000181bf2e0000, 0x00000181c1270000)
 Next Bits: [0x00000181bd350000, 0x00000181bf2e0000)

Polling page: 0x00000181a4590000

Metaspace:

Usage:
  Non-class:     58.88 MB capacity,    57.90 MB ( 98%) used,   800.88 KB (  1%) free+waste,   197.00 KB ( <1%) overhead. 
      Class:      8.92 MB capacity,     8.34 MB ( 94%) used,   502.72 KB (  6%) free+waste,    90.44 KB ( <1%) overhead. 
       Both:     67.79 MB capacity,    66.24 MB ( 98%) used,     1.27 MB (  2%) free+waste,   287.44 KB ( <1%) overhead. 

Virtual space:
  Non-class space:       60.00 MB reserved,      59.00 MB ( 98%) committed 
      Class space:        1.00 GB reserved,       9.00 MB ( <1%) committed 
             Both:        1.06 GB reserved,      68.00 MB (  6%) committed 

Chunk freelists:
   Non-Class:  62.00 KB
       Class:  21.00 KB
        Both:  83.00 KB

MaxMetaspaceSize: 17179869184.00 GB
CompressedClassSpaceSize: 1.00 GB

CodeHeap 'non-profiled nmethods': size=120000Kb used=3657Kb max_used=3657Kb free=116343Kb
 bounds [0x00000181b4ef0000, 0x00000181b5290000, 0x00000181bc420000]
CodeHeap 'profiled nmethods': size=120000Kb used=12927Kb max_used=12927Kb free=107072Kb
 bounds [0x00000181ad9c0000, 0x00000181ae670000, 0x00000181b4ef0000]
CodeHeap 'non-nmethods': size=5760Kb used=1240Kb max_used=1284Kb free=4519Kb
 bounds [0x00000181ad420000, 0x00000181ad690000, 0x00000181ad9c0000]
 total_blobs=6397 nmethods=5778 adapters=530
 compilation: enabled
              stopped_count=0, restarted_count=0
 full_count=0

Compilation events (20 events):
Event: 9.490 Thread 0x00000181c3ce2800 5833       3       antlr.CharScanner::LA (35 bytes)
Event: 9.490 Thread 0x00000181c3ce2800 nmethod 5833 0x00000181ae657a10 code [0x00000181ae657c40, 0x00000181ae658518]
Event: 9.490 Thread 0x00000181c3ce2800 5834       1       antlr.Token::getType (5 bytes)
Event: 9.490 Thread 0x00000181c3ce2800 nmethod 5834 0x00000181b5281810 code [0x00000181b52819c0, 0x00000181b5281a78]
Event: 9.490 Thread 0x00000181c3ce2800 5836       3       org.jboss.logging.Logger::isTraceEnabled (8 bytes)
Event: 9.491 Thread 0x00000181c3ce2800 nmethod 5836 0x00000181ae658890 code [0x00000181ae658a40, 0x00000181ae658c08]
Event: 9.491 Thread 0x00000181c3ce2800 5839       3       antlr.InputBuffer::syncConsume (48 bytes)
Event: 9.491 Thread 0x00000181c3ce2800 nmethod 5839 0x00000181ae658c90 code [0x00000181ae658e60, 0x00000181ae6590f8]
Event: 9.491 Thread 0x00000181c3ce2800 5838       3       org.jboss.logging.DelegatingBasicLogger::isTraceEnabled (8 bytes)
Event: 9.491 Thread 0x00000181c3ce2800 nmethod 5838 0x00000181ae659210 code [0x00000181ae6593e0, 0x00000181ae659688]
Event: 9.491 Thread 0x00000181c3ce2800 5837       1       antlr.ANTLRStringBuffer::length (5 bytes)
Event: 9.491 Thread 0x00000181c3ce2800 nmethod 5837 0x00000181b5281b10 code [0x00000181b5281cc0, 0x00000181b5281d78]
Event: 9.494 Thread 0x00000181c3ce2800 5841       2       java.lang.StringLatin1::toLowerCase (180 bytes)
Event: 9.495 Thread 0x00000181c3ce2800 nmethod 5841 0x00000181ae659790 code [0x00000181ae6599e0, 0x00000181ae65a098]
Event: 9.495 Thread 0x00000181c3ce2800 5840       3       java.lang.CharacterData::of (120 bytes)
Event: 9.495 Thread 0x00000181c3ce2800 nmethod 5840 0x00000181ae65a410 code [0x00000181ae65a620, 0x00000181ae65acf8]
Event: 9.495 Thread 0x00000181c3ce2800 5842       1       antlr.BaseAST::getNextSibling (5 bytes)
Event: 9.495 Thread 0x00000181c3ce2800 nmethod 5842 0x00000181b5281e10 code [0x00000181b5281fc0, 0x00000181b5282078]
Event: 9.495 Thread 0x00000181c3ce2800 5843       1       antlr.BaseAST::getFirstChild (5 bytes)
Event: 9.495 Thread 0x00000181c3ce2800 nmethod 5843 0x00000181b5282110 code [0x00000181b52822c0, 0x00000181b5282378]

GC Heap History (18 events):
Event: 1.050 GC heap before
{Heap before GC invocations=0 (full 0):
 garbage-first heap   total 131072K, used 24576K [0x0000000081c00000, 0x0000000100000000)
  region size 1024K, 24 young (24576K), 0 survivors (0K)
 Metaspace       used 11649K, capacity 11792K, committed 12032K, reserved 1060864K
  class space    used 1127K, capacity 1186K, committed 1280K, reserved 1048576K
}
Event: 1.059 GC heap after
{Heap after GC invocations=1 (full 0):
 garbage-first heap   total 131072K, used 7951K [0x0000000081c00000, 0x0000000100000000)
  region size 1024K, 3 young (3072K), 3 survivors (3072K)
 Metaspace       used 11649K, capacity 11792K, committed 12032K, reserved 1060864K
  class space    used 1127K, capacity 1186K, committed 1280K, reserved 1048576K
}
Event: 2.091 GC heap before
{Heap before GC invocations=1 (full 0):
 garbage-first heap   total 131072K, used 81679K [0x0000000081c00000, 0x0000000100000000)
  region size 1024K, 76 young (77824K), 3 survivors (3072K)
 Metaspace       used 20220K, capacity 20648K, committed 20864K, reserved 1067008K
  class space    used 2249K, capacity 2427K, committed 2432K, reserved 1048576K
}
Event: 2.242 GC heap after
{Heap after GC invocations=2 (full 0):
 garbage-first heap   total 131072K, used 10277K [0x0000000081c00000, 0x0000000100000000)
  region size 1024K, 6 young (6144K), 6 survivors (6144K)
 Metaspace       used 20220K, capacity 20648K, committed 20864K, reserved 1067008K
  class space    used 2249K, capacity 2427K, committed 2432K, reserved 1048576K
}
Event: 2.272 GC heap before
{Heap before GC invocations=2 (full 0):
 garbage-first heap   total 131072K, used 13349K [0x0000000081c00000, 0x0000000100000000)
  region size 1024K, 10 young (10240K), 6 survivors (6144K)
 Metaspace       used 20654K, capacity 21125K, committed 21248K, reserved 1069056K
  class space    used 2311K, capacity 2500K, committed 2560K, reserved 1048576K
}
Event: 2.281 GC heap after
{Heap after GC invocations=3 (full 0):
 garbage-first heap   total 131072K, used 10525K [0x0000000081c00000, 0x0000000100000000)
  region size 1024K, 3 young (3072K), 3 survivors (3072K)
 Metaspace       used 20654K, capacity 21125K, committed 21248K, reserved 1069056K
  class space    used 2311K, capacity 2500K, committed 2560K, reserved 1048576K
}
Event: 2.928 GC heap before
{Heap before GC invocations=4 (full 0):
 garbage-first heap   total 131072K, used 84253K [0x0000000081c00000, 0x0000000100000000)
  region size 1024K, 76 young (77824K), 3 survivors (3072K)
 Metaspace       used 24967K, capacity 25516K, committed 25728K, reserved 1071104K
  class space    used 2918K, capacity 3171K, committed 3200K, reserved 1048576K
}
Event: 2.933 GC heap after
{Heap after GC invocations=5 (full 0):
 garbage-first heap   total 131072K, used 12130K [0x0000000081c00000, 0x0000000100000000)
  region size 1024K, 5 young (5120K), 5 survivors (5120K)
 Metaspace       used 24967K, capacity 25516K, committed 25728K, reserved 1071104K
  class space    used 2918K, capacity 3171K, committed 3200K, reserved 1048576K
}
Event: 4.122 GC heap before
{Heap before GC invocations=5 (full 0):
 garbage-first heap   total 131072K, used 84834K [0x0000000081c00000, 0x0000000100000000)
  region size 1024K, 76 young (77824K), 5 survivors (5120K)
 Metaspace       used 32380K, capacity 33282K, committed 33408K, reserved 1079296K
  class space    used 3836K, capacity 4195K, committed 4224K, reserved 1048576K
}
Event: 4.128 GC heap after
{Heap after GC invocations=6 (full 0):
 garbage-first heap   total 131072K, used 14701K [0x0000000081c00000, 0x0000000100000000)
  region size 1024K, 7 young (7168K), 7 survivors (7168K)
 Metaspace       used 32380K, capacity 33282K, committed 33408K, reserved 1079296K
  class space    used 3836K, capacity 4195K, committed 4224K, reserved 1048576K
}
Event: 4.510 GC heap before
{Heap before GC invocations=6 (full 0):
 garbage-first heap   total 131072K, used 30061K [0x0000000081c00000, 0x0000000100000000)
  region size 1024K, 23 young (23552K), 7 survivors (7168K)
 Metaspace       used 34783K, capacity 35759K, committed 35840K, reserved 1081344K
  class space    used 4168K, capacity 4542K, committed 4608K, reserved 1048576K
}
Event: 4.519 GC heap after
{Heap after GC invocations=7 (full 0):
 garbage-first heap   total 131072K, used 15966K [0x0000000081c00000, 0x0000000100000000)
  region size 1024K, 6 young (6144K), 6 survivors (6144K)
 Metaspace       used 34783K, capacity 35759K, committed 35840K, reserved 1081344K
  class space    used 4168K, capacity 4542K, committed 4608K, reserved 1048576K
}
Event: 5.326 GC heap before
{Heap before GC invocations=8 (full 0):
 garbage-first heap   total 131072K, used 86622K [0x0000000081c00000, 0x0000000100000000)
  region size 1024K, 76 young (77824K), 6 survivors (6144K)
 Metaspace       used 39999K, capacity 41141K, committed 41344K, reserved 1085440K
  class space    used 4774K, capacity 5225K, committed 5248K, reserved 1048576K
}
Event: 5.335 GC heap after
{Heap after GC invocations=9 (full 0):
 garbage-first heap   total 221184K, used 18391K [0x0000000081c00000, 0x0000000100000000)
  region size 1024K, 7 young (7168K), 7 survivors (7168K)
 Metaspace       used 39999K, capacity 41141K, committed 41344K, reserved 1085440K
  class space    used 4774K, capacity 5225K, committed 5248K, reserved 1048576K
}
Event: 6.822 GC heap before
{Heap before GC invocations=9 (full 0):
 garbage-first heap   total 221184K, used 127959K [0x0000000081c00000, 0x0000000100000000)
  region size 1024K, 115 young (117760K), 7 survivors (7168K)
 Metaspace       used 52640K, capacity 53929K, committed 54144K, reserved 1095680K
  class space    used 6485K, capacity 6989K, committed 7040K, reserved 1048576K
}
Event: 6.831 GC heap after
{Heap after GC invocations=10 (full 0):
 garbage-first heap   total 221184K, used 22787K [0x0000000081c00000, 0x0000000100000000)
  region size 1024K, 11 young (11264K), 11 survivors (11264K)
 Metaspace       used 52640K, capacity 53929K, committed 54144K, reserved 1095680K
  class space    used 6485K, capacity 6989K, committed 7040K, reserved 1048576K
}
Event: 7.386 GC heap before
{Heap before GC invocations=10 (full 0):
 garbage-first heap   total 221184K, used 68867K [0x0000000081c00000, 0x0000000100000000)
  region size 1024K, 57 young (58368K), 11 survivors (11264K)
 Metaspace       used 58785K, capacity 60060K, committed 60160K, reserved 1101824K
  class space    used 7352K, capacity 7853K, committed 7936K, reserved 1048576K
}
Event: 7.399 GC heap after
{Heap after GC invocations=11 (full 0):
 garbage-first heap   total 221184K, used 24232K [0x0000000081c00000, 0x0000000100000000)
  region size 1024K, 10 young (10240K), 10 survivors (10240K)
 Metaspace       used 58785K, capacity 60060K, committed 60160K, reserved 1101824K
  class space    used 7352K, capacity 7853K, committed 7936K, reserved 1048576K
}

Deoptimization events (20 events):
Event: 9.458 Thread 0x00000181c542b000 Uncommon trap: trap_request=0xffffff4d fr.pc=0x00000181b5145318 relative=0x0000000000000238
Event: 9.458 Thread 0x00000181c542b000 Uncommon trap: reason=unstable_if action=reinterpret pc=0x00000181b5145318 method=java.util.StringTokenizer.skipDelimiters(I)I @ 21 c2
Event: 9.458 Thread 0x00000181c542b000 DEOPT PACKING pc=0x00000181b5145318 sp=0x0000004b708f92a0
Event: 9.458 Thread 0x00000181c542b000 DEOPT UNPACKING pc=0x00000181ad4474af sp=0x0000004b708f9240 mode 2
Event: 9.458 Thread 0x00000181c542b000 Uncommon trap: trap_request=0xffffff4d fr.pc=0x00000181b50531bc relative=0x00000000000002dc
Event: 9.458 Thread 0x00000181c542b000 Uncommon trap: reason=unstable_if action=reinterpret pc=0x00000181b50531bc method=java.util.StringTokenizer.scanToken(I)I @ 96 c2
Event: 9.458 Thread 0x00000181c542b000 DEOPT PACKING pc=0x00000181b50531bc sp=0x0000004b708f92a0
Event: 9.458 Thread 0x00000181c542b000 DEOPT UNPACKING pc=0x00000181ad4474af sp=0x0000004b708f9240 mode 2
Event: 9.491 Thread 0x00000181c542b000 Uncommon trap: trap_request=0xffffff4d fr.pc=0x00000181b4f017e4 relative=0x0000000000000044
Event: 9.491 Thread 0x00000181c542b000 Uncommon trap: reason=unstable_if action=reinterpret pc=0x00000181b4f017e4 method=java.lang.CharacterData.of(I)Ljava/lang/CharacterData; @ 4 c2
Event: 9.491 Thread 0x00000181c542b000 DEOPT PACKING pc=0x00000181b4f017e4 sp=0x0000004b708f86e0
Event: 9.491 Thread 0x00000181c542b000 DEOPT UNPACKING pc=0x00000181ad4474af sp=0x0000004b708f8678 mode 2
Event: 9.494 Thread 0x00000181c542b000 Uncommon trap: trap_request=0xffffff4d fr.pc=0x00000181b518aae8 relative=0x0000000000000208
Event: 9.494 Thread 0x00000181c542b000 Uncommon trap: reason=unstable_if action=reinterpret pc=0x00000181b518aae8 method=java.util.regex.Matcher.reset()Ljava/util/regex/Matcher; @ 71 c2
Event: 9.494 Thread 0x00000181c542b000 DEOPT PACKING pc=0x00000181b518aae8 sp=0x0000004b708f9000
Event: 9.494 Thread 0x00000181c542b000 DEOPT UNPACKING pc=0x00000181ad4474af sp=0x0000004b708f8f88 mode 2
Event: 9.494 Thread 0x00000181c542b000 Uncommon trap: trap_request=0xffffff4d fr.pc=0x00000181b51a65a0 relative=0x0000000000000340
Event: 9.494 Thread 0x00000181c542b000 Uncommon trap: reason=unstable_if action=reinterpret pc=0x00000181b51a65a0 method=java.util.regex.Matcher.search(I)Z @ 76 c2
Event: 9.494 Thread 0x00000181c542b000 DEOPT PACKING pc=0x00000181b51a65a0 sp=0x0000004b708f9060
Event: 9.495 Thread 0x00000181c542b000 DEOPT UNPACKING pc=0x00000181ad4474af sp=0x0000004b708f9000 mode 2

Classes redefined (0 events):
No events

Internal exceptions (20 events):
Event: 6.337 Thread 0x00000181c542b000 Exception <a 'sun/nio/fs/WindowsException'{0x0000000089b57268}> (0x0000000089b57268) thrown at [./src/hotspot/share/prims/jni.cpp, line 615]
Event: 6.346 Thread 0x00000181c542b000 Exception <a 'java/lang/NoSuchMethodError'{0x0000000089b7c290}: 'int java.lang.invoke.DirectMethodHandle$Holder.invokeStaticInit(java.lang.Object, java.lang.Object, java.lang.Object, java.lang.Object)'> (0x0000000089b7c290) thrown at [./src/hotspot/share/interpreter/linkResolver.cpp, line 773]
Event: 6.807 Thread 0x00000181c542b000 Exception <a 'java/lang/NoSuchMethodError'{0x000000008890ee30}: 'java.lang.Object java.lang.invoke.DirectMethodHandle$Holder.invokeStaticInit(java.lang.Object, java.lang.Object, java.lang.Object, java.lang.Object)'> (0x000000008890ee30) thrown at [./src/hotspot/share/interpreter/linkResolver.cpp, line 773]
Event: 7.083 Thread 0x00000181c542b000 Exception <a 'java/lang/NoSuchMethodError'{0x000000008ded5388}: 'java.lang.Object java.lang.invoke.DirectMethodHandle$Holder.newInvokeSpecial(java.lang.Object, java.lang.Object, int, java.lang.Object, java.lang.Object)'> (0x000000008ded5388) thrown at [./src/hotspot/share/interpreter/linkResolver.cpp, line 773]
Event: 7.596 Thread 0x00000181c542b000 Exception <a 'java/lang/NoSuchMethodError'{0x000000008e642e00}: 'void java.lang.invoke.DirectMethodHandle$Holder.invokeInterface(java.lang.Object, java.lang.Object)'> (0x000000008e642e00) thrown at [./src/hotspot/share/interpreter/linkResolver.cpp, line 773]
Event: 7.609 Thread 0x00000181c542b000 Exception <a 'java/lang/NoSuchMethodError'{0x000000008e55ce40}: 'java.lang.Object java.lang.invoke.DirectMethodHandle$Holder.invokeStaticInit(java.lang.Object, java.lang.Object, java.lang.Object, java.lang.Object, int, int)'> (0x000000008e55ce40) thrown at [./src/hotspot/share/interpreter/linkResolver.cpp, line 773]
Event: 9.037 Thread 0x00000181c542b000 Implicit null exception at 0x00000181b4f197f4 to 0x00000181b4f19d08
Event: 9.045 Thread 0x00000181c542b000 Implicit null exception at 0x00000181b4f26374 to 0x00000181b4f2685c
Event: 9.235 Thread 0x00000181c542b000 Exception <a 'java/lang/ClassNotFoundException'{0x000000008bb6edc8}: java/lang/ObjectCustomizer> (0x000000008bb6edc8) thrown at [./src/hotspot/share/classfile/systemDictionary.cpp, line 231]
Event: 9.236 Thread 0x00000181c542b000 Exception <a 'java/lang/ClassNotFoundException'{0x000000008bb82b50}: com/example/demo/entity/UserCustomizer> (0x000000008bb82b50) thrown at [./src/hotspot/share/classfile/systemDictionary.cpp, line 231]
Event: 9.239 Thread 0x00000181c542b000 Exception <a 'java/lang/ClassNotFoundException'{0x000000008bbbace8}: org/springframework/security/core/userdetails/UserDetailsCustomizer> (0x000000008bbbace8) thrown at [./src/hotspot/share/classfile/systemDictionary.cpp, line 231]
Event: 9.267 Thread 0x00000181c542b000 Exception <a 'java/lang/ClassNotFoundException'{0x000000008b94a038}: java/lang/ObjectCustomizer> (0x000000008b94a038) thrown at [./src/hotspot/share/classfile/systemDictionary.cpp, line 231]
Event: 9.268 Thread 0x00000181c542b000 Exception <a 'java/lang/ClassNotFoundException'{0x000000008b95dc90}: com/example/demo/entity/ordersCustomizer> (0x000000008b95dc90) thrown at [./src/hotspot/share/classfile/systemDictionary.cpp, line 231]
Event: 9.286 Thread 0x00000181c542b000 Exception <a 'java/lang/ClassNotFoundException'{0x000000008b82d280}: java/lang/ObjectCustomizer> (0x000000008b82d280) thrown at [./src/hotspot/share/classfile/systemDictionary.cpp, line 231]
Event: 9.287 Thread 0x00000181c542b000 Exception <a 'java/lang/ClassNotFoundException'{0x000000008b840d88}: com/example/demo/entity/RoleCustomizer> (0x000000008b840d88) thrown at [./src/hotspot/share/classfile/systemDictionary.cpp, line 231]
Event: 9.299 Thread 0x00000181c542b000 Exception <a 'java/lang/IncompatibleClassChangeError'{0x000000008b7334f0}: Found class java.lang.Object, but interface was expected> (0x000000008b7334f0) thrown at [./src/hotspot/share/interpreter/linkResolver.cpp, line 839]
Event: 9.372 Thread 0x00000181c542b000 Exception <a 'java/lang/reflect/InvocationTargetException'{0x000000008b0c5170}> (0x000000008b0c5170) thrown at [./src/hotspot/share/runtime/reflection.cpp, line 1247]
Event: 9.386 Thread 0x00000181c542b000 Exception <a 'java/lang/NoSuchMethodError'{0x000000008af6a948}: 'java.lang.Object java.lang.invoke.DirectMethodHandle$Holder.invokeStatic(java.lang.Object, java.lang.Object, int, java.lang.Object)'> (0x000000008af6a948) thrown at [./src/hotspot/share/interpreter/linkResolver.cpp, line 773]
Event: 9.387 Thread 0x00000181c542b000 Exception <a 'java/lang/NoSuchMethodError'{0x000000008af71aa8}: 'java.lang.Object java.lang.invoke.Invokers$Holder.linkToTargetMethod(java.lang.Object, int, java.lang.Object)'> (0x000000008af71aa8) thrown at [./src/hotspot/share/interpreter/linkResolver.cpp, line 773]
Event: 9.392 Thread 0x00000181c542b000 Exception <a 'java/lang/IncompatibleClassChangeError'{0x000000008afaecc0}: Found class java.lang.Object, but interface was expected> (0x000000008afaecc0) thrown at [./src/hotspot/share/interpreter/linkResolver.cpp, line 839]

Events (20 events):
Event: 9.491 loading class java/lang/CharacterData00
Event: 9.491 loading class java/lang/CharacterData00 done
Event: 9.491 Executing VM operation: Deoptimize
Event: 9.492 Executing VM operation: Deoptimize done
Event: 9.492 loading class org/hibernate/hql/internal/ast/util/NodeTraverser
Event: 9.492 loading class org/hibernate/hql/internal/ast/util/NodeTraverser done
Event: 9.493 loading class org/hibernate/hql/internal/ast/QueryTranslatorImpl$JavaConstantConverter
Event: 9.493 loading class org/hibernate/hql/internal/ast/QueryTranslatorImpl$JavaConstantConverter done
Event: 9.493 loading class org/hibernate/hql/internal/ast/util/ASTUtil
Event: 9.493 loading class org/hibernate/hql/internal/ast/util/ASTUtil done
Event: 9.495 loading class org/hibernate/hql/internal/ast/HqlSqlWalker
Event: 9.495 loading class org/hibernate/hql/internal/ast/HqlSqlWalker done
Event: 9.497 loading class org/hibernate/engine/internal/ParameterBinder$NamedParameterSource
Event: 9.497 loading class org/hibernate/engine/internal/ParameterBinder$NamedParameterSource done
Event: 9.497 loading class org/hibernate/hql/internal/antlr/HqlSqlBaseWalker
Event: 9.497 loading class org/hibernate/hql/internal/antlr/HqlSqlBaseWalker done
Event: 9.499 loading class org/hibernate/hql/internal/antlr/HqlSqlTokenTypes
Event: 9.499 loading class org/hibernate/hql/internal/antlr/HqlSqlTokenTypes done
Event: 9.500 loading class antlr/TreeParser
Event: 9.500 loading class antlr/TreeParser done


Dynamic libraries:
0x00007ff6ec090000 - 0x00007ff6ec09d000 	C:\Program Files\AdoptOpenJDK\jdk-11.0.8.10-hotspot\bin\java.exe
0x00007ff95df90000 - 0x00007ff95e185000 	C:\WINDOWS\SYSTEM32\ntdll.dll
0x00007ff95d680000 - 0x00007ff95d73d000 	C:\WINDOWS\System32\KERNEL32.DLL
0x00007ff95ba90000 - 0x00007ff95bd59000 	C:\WINDOWS\System32\KERNELBASE.dll
0x00007ff95b990000 - 0x00007ff95ba90000 	C:\WINDOWS\System32\ucrtbase.dll
0x00007ff93e4c0000 - 0x00007ff93e4d7000 	C:\Program Files\AdoptOpenJDK\jdk-11.0.8.10-hotspot\bin\jli.dll
0x00007ff95da10000 - 0x00007ff95dbb0000 	C:\WINDOWS\System32\USER32.dll
0x00007ff95b6c0000 - 0x00007ff95b6e2000 	C:\WINDOWS\System32\win32u.dll
0x00007ff95dbb0000 - 0x00007ff95dbda000 	C:\WINDOWS\System32\GDI32.dll
0x00007ff95b6f0000 - 0x00007ff95b7fb000 	C:\WINDOWS\System32\gdi32full.dll
0x00007ff95bf50000 - 0x00007ff95bfed000 	C:\WINDOWS\System32\msvcp_win.dll
0x00007ff93f360000 - 0x00007ff93f5fa000 	C:\WINDOWS\WinSxS\amd64_microsoft.windows.common-controls_6595b64144ccf1df_6.0.19041.1110_none_60b5254171f9507e\COMCTL32.dll
0x00007ff95d490000 - 0x00007ff95d52e000 	C:\WINDOWS\System32\msvcrt.dll
0x00007ff93bda0000 - 0x00007ff93bdb5000 	C:\Program Files\AdoptOpenJDK\jdk-11.0.8.10-hotspot\bin\VCRUNTIME140.dll
0x00007ff95d460000 - 0x00007ff95d490000 	C:\WINDOWS\System32\IMM32.DLL
0x00007ff92e020000 - 0x00007ff92e0bb000 	C:\Program Files\AdoptOpenJDK\jdk-11.0.8.10-hotspot\bin\msvcp140.dll
0x00007ff90ce00000 - 0x00007ff90d8bd000 	C:\Program Files\AdoptOpenJDK\jdk-11.0.8.10-hotspot\bin\server\jvm.dll
0x00007ff95bff0000 - 0x00007ff95c09c000 	C:\WINDOWS\System32\ADVAPI32.dll
0x00007ff95cef0000 - 0x00007ff95cf8b000 	C:\WINDOWS\System32\sechost.dll
0x00007ff95d8c0000 - 0x00007ff95d9ea000 	C:\WINDOWS\System32\RPCRT4.dll
0x00007ff95d090000 - 0x00007ff95d098000 	C:\WINDOWS\System32\PSAPI.DLL
0x00007ff94bf30000 - 0x00007ff94bf39000 	C:\WINDOWS\SYSTEM32\WSOCK32.dll
0x00007ff95d590000 - 0x00007ff95d5fb000 	C:\WINDOWS\System32\WS2_32.dll
0x00007ff94c6a0000 - 0x00007ff94c6c7000 	C:\WINDOWS\SYSTEM32\WINMM.dll
0x00007ff953f00000 - 0x00007ff953f0a000 	C:\WINDOWS\SYSTEM32\VERSION.dll
0x00007ff959f50000 - 0x00007ff959f62000 	C:\WINDOWS\SYSTEM32\kernel.appcore.dll
0x00007ff954550000 - 0x00007ff954560000 	C:\Program Files\AdoptOpenJDK\jdk-11.0.8.10-hotspot\bin\verify.dll
0x00007ff9594d0000 - 0x00007ff9596b4000 	C:\WINDOWS\SYSTEM32\DBGHELP.DLL
0x00007ff9422c0000 - 0x00007ff9422ec000 	C:\WINDOWS\SYSTEM32\dbgcore.DLL
0x00007ff95b900000 - 0x00007ff95b983000 	C:\WINDOWS\System32\bcryptPrimitives.dll
0x00007ff935b80000 - 0x00007ff935ba8000 	C:\Program Files\AdoptOpenJDK\jdk-11.0.8.10-hotspot\bin\java.dll
0x00007ff9541a0000 - 0x00007ff9541aa000 	C:\Program Files\AdoptOpenJDK\jdk-11.0.8.10-hotspot\bin\jimage.dll
0x00007ff953740000 - 0x00007ff95374e000 	C:\Program Files\AdoptOpenJDK\jdk-11.0.8.10-hotspot\bin\instrument.dll
0x00007ff932860000 - 0x00007ff932877000 	C:\Program Files\AdoptOpenJDK\jdk-11.0.8.10-hotspot\bin\zip.dll
0x00007ff95c200000 - 0x00007ff95c93f000 	C:\WINDOWS\System32\SHELL32.dll
0x00007ff9597b0000 - 0x00007ff959f40000 	C:\WINDOWS\SYSTEM32\windows.storage.dll
0x00007ff95d100000 - 0x00007ff95d455000 	C:\WINDOWS\System32\combase.dll
0x00007ff95b050000 - 0x00007ff95b07c000 	C:\WINDOWS\SYSTEM32\Wldp.dll
0x00007ff95c0a0000 - 0x00007ff95c14e000 	C:\WINDOWS\System32\SHCORE.dll
0x00007ff95d530000 - 0x00007ff95d585000 	C:\WINDOWS\System32\shlwapi.dll
0x00007ff95b600000 - 0x00007ff95b61f000 	C:\WINDOWS\SYSTEM32\profapi.dll
0x00007ff92c8f0000 - 0x00007ff92c909000 	C:\Program Files\AdoptOpenJDK\jdk-11.0.8.10-hotspot\bin\net.dll
0x00007ff9511c0000 - 0x00007ff9512c8000 	C:\WINDOWS\SYSTEM32\WINHTTP.dll
0x00007ff95adb0000 - 0x00007ff95ae1a000 	C:\WINDOWS\system32\mswsock.dll
0x00007ff92c8d0000 - 0x00007ff92c8e2000 	C:\Program Files\AdoptOpenJDK\jdk-11.0.8.10-hotspot\bin\nio.dll
0x00007ff92c8b0000 - 0x00007ff92c8ca000 	D:\IntelliJ IDEA 2021.1\bin\breakgen64.dll
0x00007ff951060000 - 0x00007ff951069000 	C:\Program Files\AdoptOpenJDK\jdk-11.0.8.10-hotspot\bin\management.dll
0x00007ff94c1c0000 - 0x00007ff94c1cb000 	C:\Program Files\AdoptOpenJDK\jdk-11.0.8.10-hotspot\bin\management_ext.dll
0x00007ff93cc20000 - 0x00007ff93cc37000 	C:\WINDOWS\system32\napinsp.dll
0x00007ff93a170000 - 0x00007ff93a18b000 	C:\WINDOWS\system32\pnrpnsp.dll
0x00007ff955c70000 - 0x00007ff955c85000 	C:\WINDOWS\system32\wshbth.dll
0x00007ff956800000 - 0x00007ff95681d000 	C:\WINDOWS\system32\NLAapi.dll
0x00007ff95aaa0000 - 0x00007ff95aadb000 	C:\WINDOWS\SYSTEM32\IPHLPAPI.DLL
0x00007ff95aae0000 - 0x00007ff95abac000 	C:\WINDOWS\SYSTEM32\DNSAPI.dll
0x00007ff95d9f0000 - 0x00007ff95d9f8000 	C:\WINDOWS\System32\NSI.dll
0x00007ff939a10000 - 0x00007ff939a22000 	C:\WINDOWS\System32\winrnr.dll
0x00007ff952f60000 - 0x00007ff952f6a000 	C:\Windows\System32\rasadhlp.dll
0x00007ff951560000 - 0x00007ff9515df000 	C:\WINDOWS\System32\fwpuclnt.dll
0x00007ff95bf20000 - 0x00007ff95bf47000 	C:\WINDOWS\System32\bcrypt.dll
0x0000000180000000 - 0x0000000180285000 	D:\apache-tomcat-9.0.37\bin\tcnative-1.dll
0x00007ff95bdc0000 - 0x00007ff95bf1f000 	C:\WINDOWS\System32\CRYPT32.dll
0x00007ff95afb0000 - 0x00007ff95afc8000 	C:\WINDOWS\SYSTEM32\CRYPTSP.dll
0x00007ff95a730000 - 0x00007ff95a764000 	C:\WINDOWS\system32\rsaenh.dll
0x00007ff95b5c0000 - 0x00007ff95b5ee000 	C:\WINDOWS\SYSTEM32\USERENV.dll
0x00007ff95afa0000 - 0x00007ff95afac000 	C:\WINDOWS\SYSTEM32\CRYPTBASE.dll
0x00007ff9526f0000 - 0x00007ff952707000 	C:\WINDOWS\SYSTEM32\dhcpcsvc6.DLL
0x00007ff952850000 - 0x00007ff95286d000 	C:\WINDOWS\SYSTEM32\dhcpcsvc.DLL
0x00007ff92c810000 - 0x00007ff92c835000 	C:\Program Files\AdoptOpenJDK\jdk-11.0.8.10-hotspot\bin\sunec.dll
0x00007ff948470000 - 0x00007ff94847e000 	C:\Program Files\AdoptOpenJDK\jdk-11.0.8.10-hotspot\bin\sunmscapi.dll
0x00007ff95b0c0000 - 0x00007ff95b0e7000 	C:\WINDOWS\SYSTEM32\ncrypt.dll
0x00007ff95b080000 - 0x00007ff95b0bb000 	C:\WINDOWS\SYSTEM32\NTASN1.dll

dbghelp: loaded successfully - version: 4.0.5 - missing functions: none
symbol engine: initialized successfully - sym options: 0x614 - pdb path: .;C:\Program Files\AdoptOpenJDK\jdk-11.0.8.10-hotspot\bin;C:\WINDOWS\SYSTEM32;C:\WINDOWS\WinSxS\amd64_microsoft.windows.common-controls_6595b64144ccf1df_6.0.19041.1110_none_60b5254171f9507e;C:\Program Files\AdoptOpenJDK\jdk-11.0.8.10-hotspot\bin\server;D:\IntelliJ IDEA 2021.1\bin;D:\apache-tomcat-9.0.37\bin

VM Arguments:
jvm_args: -javaagent:D:\IntelliJ IDEA 2021.1\lib\idea_rt.jar=57664:D:\IntelliJ IDEA 2021.1\bin -Dfile.encoding=UTF-8 
java_command: com.example.demo.SpringbootProjectApplication
java_class_path (initial): C:\Users\Admin\eclipse-workspace\Springboot_project\target\classes;C:\Users\Admin\.m2\repository\org\springframework\boot\spring-boot-starter-security\2.4.5\spring-boot-starter-security-2.4.5.jar;C:\Users\Admin\.m2\repository\org\springframework\boot\spring-boot-starter\2.4.5\spring-boot-starter-2.4.5.jar;C:\Users\Admin\.m2\repository\org\springframework\boot\spring-boot-starter-logging\2.4.5\spring-boot-starter-logging-2.4.5.jar;C:\Users\Admin\.m2\repository\ch\qos\logback\logback-classic\1.2.3\logback-classic-1.2.3.jar;C:\Users\Admin\.m2\repository\ch\qos\logback\logback-core\1.2.3\logback-core-1.2.3.jar;C:\Users\Admin\.m2\repository\org\apache\logging\log4j\log4j-to-slf4j\2.13.3\log4j-to-slf4j-2.13.3.jar;C:\Users\Admin\.m2\repository\org\apache\logging\log4j\log4j-api\2.13.3\log4j-api-2.13.3.jar;C:\Users\Admin\.m2\repository\org\slf4j\jul-to-slf4j\1.7.30\jul-to-slf4j-1.7.30.jar;C:\Users\Admin\.m2\repository\jakarta\annotation\jakarta.annotation-api\1.3.5\jakarta.annotation-api-1.3.5.jar;C:\Users\Admin\.m2\repository\org\yaml\snakeyaml\1.27\snakeyaml-1.27.jar;C:\Users\Admin\.m2\repository\org\springframework\spring-aop\5.3.6\spring-aop-5.3.6.jar;C:\Users\Admin\.m2\repository\org\springframework\spring-beans\5.3.6\spring-beans-5.3.6.jar;C:\Users\Admin\.m2\repository\org\springframework\security\spring-security-config\5.4.6\spring-security-config-5.4.6.jar;C:\Users\Admin\.m2\repository\org\springframework\spring-context\5.3.6\spring-context-5.3.6.jar;C:\Users\Admin\.m2\repository\org\springframework\security\spring-security-web\5.4.6\spring-security-web-5.4.6.jar;C:\Users\Admin\.m2\repository\org\springframework\spring-expression\5.3.6\spring-expression-5.3.6.jar;C:\Users\Admin\.m2\repository\org\springframework\boot\spring-boot-starter-thymeleaf\2.4.5\spring-boot-starter-thymeleaf-2.4.5.jar;C:\Users\Admin\.m2\repository\org\thymeleaf\thymeleaf-spring5\3.0.12.RELEASE\thymeleaf-spring5-3.0.12.RELEASE.jar;C:\Users\Admin\.m2\repository\org\
Launcher Type: SUN_STANDARD

[Global flags]
     intx CICompilerCount                          = 4                                         {product} {ergonomic}
     uint ConcGCThreads                            = 2                                         {product} {ergonomic}
     uint G1ConcRefinementThreads                  = 8                                         {product} {ergonomic}
   size_t G1HeapRegionSize                         = 1048576                                   {product} {ergonomic}
    uintx GCDrainStackTargetSize                   = 64                                        {product} {ergonomic}
   size_t InitialHeapSize                          = 134217728                                 {product} {ergonomic}
   size_t MarkStackSize                            = 4194304                                   {product} {ergonomic}
   size_t MaxHeapSize                              = 2118123520                                {product} {ergonomic}
   size_t MaxNewSize                               = 1270874112                                {product} {ergonomic}
   size_t MinHeapDeltaBytes                        = 1048576                                   {product} {ergonomic}
    uintx NonNMethodCodeHeapSize                   = 5836300                                {pd product} {ergonomic}
    uintx NonProfiledCodeHeapSize                  = 122910970                              {pd product} {ergonomic}
    uintx ProfiledCodeHeapSize                     = 122910970                              {pd product} {ergonomic}
    uintx ReservedCodeCacheSize                    = 251658240                              {pd product} {ergonomic}
     bool SegmentedCodeCache                       = true                                      {product} {ergonomic}
     bool UseCompressedClassPointers               = true                                 {lp64_product} {ergonomic}
     bool UseCompressedOops                        = true                                 {lp64_product} {ergonomic}
     bool UseG1GC                                  = true                                      {product} {ergonomic}
     bool UseLargePagesIndividualAllocation        = false                                  {pd product} {ergonomic}

Logging:
Log output configuration:
 #0: stdout all=warning uptime,level,tags
 #1: stderr all=off uptime,level,tags

Environment Variables:
JAVA_HOME=C:\Program Files\AdoptOpenJDK\jdk-11.0.8.10-hotspot\
PATH=C:\Program Files\AdoptOpenJDK\jdk-11.0.8.10-hotspot\bin;C:\WINDOWS\system32;C:\WINDOWS;C:\WINDOWS\System32\Wbem;C:\WINDOWS\System32\WindowsPowerShell\v1.0\;C:\WINDOWS\System32\OpenSSH\;C:\Program Files (x86)\Microsoft SQL Server\110\Tools\Binn\ManagementStudio\;C:\Program Files (x86)\Microsoft SQL Server\110\Tools\Binn\;C:\Program Files\Microsoft SQL Server\110\Tools\Binn\;C:\Program Files (x86)\Microsoft SQL Server\110\DTS\Binn\;C:\Program Files\Microsoft SQL Server\Client SDK\ODBC\110\Tools\Binn\;C:\Program Files (x86)\Microsoft SQL Server\120\Tools\Binn\;C:\Program Files\Microsoft SQL Server\120\Tools\Binn\;C:\Program Files\Microsoft SQL Server\120\DTS\Binn\;C:\Program Files (x86)\Microsoft SQL Server\120\Tools\Binn\ManagementStudio\;C:\Program Files (x86)\Microsoft SQL Server\120\DTS\Binn\;C:\Users\Admin\Downloads\apache-maven-3.6.0;C:\Users\Admin\Downloads\apache-maven-3.6.0\bin;C:\Program Files\NVIDIA Corporation\NVIDIA NvDLISR;C:\Program Files (x86)\NVIDIA Corporation\PhysX\Common;C:\Users\Admin\Downloads\apache-maven-3.6.0\bin;C:\Program Files\nodejs\;C:\Program Files\Git\cmd;C:\WINDOWS\system32;C:\WINDOWS;C:\WINDOWS\System32\Wbem;C:\WINDOWS\System32\WindowsPowerShell\v1.0\;C:\WINDOWS\System32\OpenSSH\;C:\Users\Admin\AppData\Local\Microsoft\WindowsApps;C:\Users\Admin\AppData\Local\Programs\Microsoft VS Code\bin;D:\apache-tomcat-9.0.37\bin;C:\Users\Admin\AppData\Roaming\npm;
USERNAME=Admin
OS=Windows_NT
PROCESSOR_IDENTIFIER=Intel64 Family 6 Model 158 Stepping 10, GenuineIntel



---------------  S Y S T E M  ---------------

OS: Windows 10 , 64 bit Build 19041 (10.0.19041.1151)
OS uptime: 12 days 23:45 hours

CPU:total 8 (initial active 8) (4 cores per cpu, 2 threads per core) family 6 model 158 stepping 10, cmov, cx8, fxsr, mmx, sse, sse2, sse3, ssse3, sse4.1, sse4.2, popcnt, avx, avx2, aes, clmul, erms, 3dnowpref, lzcnt, ht, tsc, tscinvbit, bmi1, bmi2, adx, fma

Memory: 4k page, system-wide physical 8072M (741M free)
TotalPageFile size 12168M (AvailPageFile size 9M)
current process WorkingSet (physical memory assigned to process): 392M, peak: 398M
current process commit charge ("private bytes"): 464M, peak: 470M

vm_info: OpenJDK 64-Bit Server VM (11.0.8+10) for windows-amd64 JRE (11.0.8+10), built on Jul 15 2020 11:45:54 by "" with MS VC++ 15.9 (VS2017)

END.
