#
# There is insufficient memory for the Java Runtime Environment to continue.
# Native memory allocation (malloc) failed to allocate 298256 bytes for Chunk::new
# Possible reasons:
#   The system is out of physical RAM or swap space
#   The process is running with CompressedOops enabled, and the Java Heap may be blocking the growth of the native heap
# Possible solutions:
#   Reduce memory load on the system
#   Increase physical memory or swap space
#   Check if swap backing store is full
#   Decrease Java heap size (-Xmx/-Xms)
#   Decrease number of Java threads
#   Decrease Java thread stack sizes (-Xss)
#   Set larger code cache with -XX:ReservedCodeCacheSize=
#   JVM is running with Unscaled Compressed Oops mode in which the Java heap is
#     placed in the first 4GB address space. The Java Heap base address is the
#     maximum limit for the native heap growth. Please use -XX:HeapBaseMinAddress
#     to set the Java Heap base and to place the Java Heap above 4GB virtual address.
# This output file may be truncated or incomplete.
#
#  Out of Memory Error (./src/hotspot/share/memory/arena.cpp:197), pid=3860, tid=14016
#
# JRE version: OpenJDK Runtime Environment AdoptOpenJDK (11.0.8+10) (build 11.0.8+10)
# Java VM: OpenJDK 64-Bit Server VM AdoptOpenJDK (11.0.8+10, mixed mode, tiered, compressed oops, g1 gc, windows-amd64)
# No core dump will be written. Minidumps are not enabled by default on client versions of Windows
#

---------------  S U M M A R Y ------------

Command Line: -javaagent:D:\IntelliJ IDEA 2021.1\lib\idea_rt.jar=56618:D:\IntelliJ IDEA 2021.1\bin -Dfile.encoding=UTF-8 com.example.demo.SpringbootProjectApplication

Host: Intel(R) Core(TM) i5-9300H CPU @ 2.40GHz, 8 cores, 7G,  Windows 10 , 64 bit Build 19041 (10.0.19041.1202)
Time: Tue Nov  2 16:28:46 2021 SE Asia Standard Time elapsed time: 1 seconds (0d 0h 0m 1s)

---------------  T H R E A D  ---------------

Current thread (0x000001b078f25800):  JavaThread "C2 CompilerThread0" daemon [_thread_in_native, id=14016, stack(0x000000289c000000,0x000000289c100000)]


Current CompileTask:
C2:   1283 1614       4       java.lang.invoke.LambdaForm$Name::replaceNames (174 bytes)

Stack: [0x000000289c000000,0x000000289c100000]
Native frames: (J=compiled Java code, j=interpreted, Vv=VM code, C=native code)
V  [jvm.dll+0x5dfa5a]
V  [jvm.dll+0x7175ce]
V  [jvm.dll+0x718c9f]
V  [jvm.dll+0x719363]
V  [jvm.dll+0x240e48]
V  [jvm.dll+0xb96ac]
V  [jvm.dll+0xb9dac]
V  [jvm.dll+0x346387]
V  [jvm.dll+0x314173]
V  [jvm.dll+0x3134ba]
V  [jvm.dll+0x1fa925]
V  [jvm.dll+0x1f9adf]
V  [jvm.dll+0x17e4ec]
V  [jvm.dll+0x208f27]
V  [jvm.dll+0x20710b]
V  [jvm.dll+0x6dc339]
V  [jvm.dll+0x6d53e4]
V  [jvm.dll+0x5de996]
C  [ucrtbase.dll+0x21bb2]
C  [KERNEL32.DLL+0x17034]
C  [ntdll.dll+0x52651]


---------------  P R O C E S S  ---------------

Threads class SMR info:
_java_thread_list=0x000001b07ad4fdc0, length=15, elements={
0x000001b059fef800, 0x000001b078f0c000, 0x000001b078f15800, 0x000001b078f22000,
0x000001b078f24000, 0x000001b078f25800, 0x000001b078f2e000, 0x000001b07987c800,
0x000001b078ea3800, 0x000001b079cdc800, 0x000001b079bba000, 0x000001b07a0ec800,
0x000001b07a1a7000, 0x000001b07a85c000, 0x000001b07a9cf000
}

Java Threads: ( => current thread )
  0x000001b059fef800 JavaThread "main" [_thread_blocked, id=7364, stack(0x000000289b500000,0x000000289b600000)]
  0x000001b078f0c000 JavaThread "Reference Handler" daemon [_thread_blocked, id=16380, stack(0x000000289bc00000,0x000000289bd00000)]
  0x000001b078f15800 JavaThread "Finalizer" daemon [_thread_blocked, id=5328, stack(0x000000289bd00000,0x000000289be00000)]
  0x000001b078f22000 JavaThread "Signal Dispatcher" daemon [_thread_blocked, id=12144, stack(0x000000289be00000,0x000000289bf00000)]
  0x000001b078f24000 JavaThread "Attach Listener" daemon [_thread_blocked, id=3732, stack(0x000000289bf00000,0x000000289c000000)]
=>0x000001b078f25800 JavaThread "C2 CompilerThread0" daemon [_thread_in_native, id=14016, stack(0x000000289c000000,0x000000289c100000)]
  0x000001b078f2e000 JavaThread "C1 CompilerThread0" daemon [_thread_in_native, id=15896, stack(0x000000289c100000,0x000000289c200000)]
  0x000001b07987c800 JavaThread "Sweeper thread" daemon [_thread_blocked, id=13840, stack(0x000000289c200000,0x000000289c300000)]
  0x000001b078ea3800 JavaThread "Common-Cleaner" daemon [_thread_blocked, id=16356, stack(0x000000289c300000,0x000000289c400000)]
  0x000001b079cdc800 JavaThread "Monitor Ctrl-Break" daemon [_thread_in_native, id=17264, stack(0x000000289c400000,0x000000289c500000)]
  0x000001b079bba000 JavaThread "Service Thread" daemon [_thread_blocked, id=9832, stack(0x000000289c500000,0x000000289c600000)]
  0x000001b07a0ec800 JavaThread "C2 CompilerThread1" daemon [_thread_in_native, id=4600, stack(0x000000289c700000,0x000000289c800000)]
  0x000001b07a1a7000 JavaThread "Thread-0" [_thread_blocked, id=10748, stack(0x000000289ca00000,0x000000289cb00000)]
  0x000001b07a85c000 JavaThread "restartedMain" [_thread_in_Java, id=12664, stack(0x000000289cb00000,0x000000289cc00000)]
  0x000001b07a9cf000 JavaThread "background-preinit" [_thread_in_Java, id=14052, stack(0x000000289cc00000,0x000000289cd00000)]

Other Threads:
  0x000001b078f09800 VMThread "VM Thread" [stack: 0x000000289bb00000,0x000000289bc00000] [id=13440]
  0x000001b079bbb000 WatcherThread [stack: 0x000000289c600000,0x000000289c700000] [id=17260]
  0x000001b05a008000 GCTaskThread "GC Thread#0" [stack: 0x000000289b600000,0x000000289b700000] [id=1232]
  0x000001b07a773000 GCTaskThread "GC Thread#1" [stack: 0x000000289c800000,0x000000289c900000] [id=428]
  0x000001b07a778000 GCTaskThread "GC Thread#2" [stack: 0x000000289c900000,0x000000289ca00000] [id=6308]
  0x000001b05a037000 ConcurrentGCThread "G1 Main Marker" [stack: 0x000000289b700000,0x000000289b800000] [id=17404]
  0x000001b05a038800 ConcurrentGCThread "G1 Conc#0" [stack: 0x000000289b800000,0x000000289b900000] [id=14216]
  0x000001b05a0b8800 ConcurrentGCThread "G1 Refine#0" [stack: 0x000000289b900000,0x000000289ba00000] [id=8856]
  0x000001b05a0b9000 ConcurrentGCThread "G1 Young RemSet Sampling" [stack: 0x000000289ba00000,0x000000289bb00000] [id=15128]

Threads with active compile tasks:
C2 CompilerThread0   1314 1614       4       java.lang.invoke.LambdaForm$Name::replaceNames (174 bytes)
C1 CompilerThread0   1314 1688       3       org.springframework.boot.context.properties.source.SpringIterableConfigurationPropertySource$$Lambda$108/0x0000000100199040::<init> (10 bytes)
C2 CompilerThread1   1314 1590       4       org.springframework.boot.context.properties.source.ConfigurationPropertyName$ElementsParser::parse (234 bytes)

VM state:not at safepoint (normal execution)

VM Mutex/Monitor currently owned by a thread:  ([mutex/lock_event])
[0x000001b059fec050] MethodData_lock - owner thread: 0x0000000000000000

Heap address: 0x0000000081c00000, size: 2020 MB, Compressed Oops mode: 32-bit
Narrow klass base: 0x0000000000000000, Narrow klass shift: 3
Compressed class space size: 1073741824 Address: 0x0000000100000000

Heap:
 garbage-first heap   total 131072K, used 72825K [0x0000000081c00000, 0x0000000100000000)
  region size 1024K, 68 young (69632K), 3 survivors (3072K)
 Metaspace       used 17798K, capacity 18258K, committed 18560K, reserved 1064960K
  class space    used 1925K, capacity 2101K, committed 2176K, reserved 1048576K
Heap Regions: E=young(eden), S=young(survivor), O=old, HS=humongous(starts), HC=humongous(continues), CS=collection set, F=free, A=archive, TAMS=top-at-mark-start (previous, next)
|   0|0x0000000081c00000, 0x0000000081d00000, 0x0000000081d00000|100%|HS|  |TAMS 0x0000000081c00000, 0x0000000081c00000| Complete 
|   1|0x0000000081d00000, 0x0000000081e00000, 0x0000000081e00000|100%| O|  |TAMS 0x0000000081d00000, 0x0000000081d00000| Untracked 
|   2|0x0000000081e00000, 0x0000000081f00000, 0x0000000081f00000|100%| O|  |TAMS 0x0000000081e00000, 0x0000000081e00000| Untracked 
|   3|0x0000000081f00000, 0x0000000082000000, 0x0000000082000000|100%| O|  |TAMS 0x0000000081f00000, 0x0000000081f00000| Untracked 
|   4|0x0000000082000000, 0x0000000082100000, 0x0000000082100000|100%| O|  |TAMS 0x0000000082000000, 0x0000000082000000| Untracked 
|   5|0x0000000082100000, 0x000000008211e600, 0x0000000082200000| 11%| O|  |TAMS 0x0000000082100000, 0x0000000082100000| Untracked 
|   6|0x0000000082200000, 0x0000000082200000, 0x0000000082300000|  0%| F|  |TAMS 0x0000000082200000, 0x0000000082200000| Untracked 
|   7|0x0000000082300000, 0x0000000082300000, 0x0000000082400000|  0%| F|  |TAMS 0x0000000082300000, 0x0000000082300000| Untracked 
|   8|0x0000000082400000, 0x0000000082400000, 0x0000000082500000|  0%| F|  |TAMS 0x0000000082400000, 0x0000000082400000| Untracked 
|   9|0x0000000082500000, 0x0000000082500000, 0x0000000082600000|  0%| F|  |TAMS 0x0000000082500000, 0x0000000082500000| Untracked 
|  10|0x0000000082600000, 0x0000000082600000, 0x0000000082700000|  0%| F|  |TAMS 0x0000000082600000, 0x0000000082600000| Untracked 
|  11|0x0000000082700000, 0x0000000082700000, 0x0000000082800000|  0%| F|  |TAMS 0x0000000082700000, 0x0000000082700000| Untracked 
|  12|0x0000000082800000, 0x0000000082800000, 0x0000000082900000|  0%| F|  |TAMS 0x0000000082800000, 0x0000000082800000| Untracked 
|  13|0x0000000082900000, 0x0000000082900000, 0x0000000082a00000|  0%| F|  |TAMS 0x0000000082900000, 0x0000000082900000| Untracked 
|  14|0x0000000082a00000, 0x0000000082a00000, 0x0000000082b00000|  0%| F|  |TAMS 0x0000000082a00000, 0x0000000082a00000| Untracked 
|  15|0x0000000082b00000, 0x0000000082b00000, 0x0000000082c00000|  0%| F|  |TAMS 0x0000000082b00000, 0x0000000082b00000| Untracked 
|  16|0x0000000082c00000, 0x0000000082c00000, 0x0000000082d00000|  0%| F|  |TAMS 0x0000000082c00000, 0x0000000082c00000| Untracked 
|  17|0x0000000082d00000, 0x0000000082d00000, 0x0000000082e00000|  0%| F|  |TAMS 0x0000000082d00000, 0x0000000082d00000| Untracked 
|  18|0x0000000082e00000, 0x0000000082e00000, 0x0000000082f00000|  0%| F|  |TAMS 0x0000000082e00000, 0x0000000082e00000| Untracked 
|  19|0x0000000082f00000, 0x0000000082f00000, 0x0000000083000000|  0%| F|  |TAMS 0x0000000082f00000, 0x0000000082f00000| Untracked 
|  20|0x0000000083000000, 0x0000000083000000, 0x0000000083100000|  0%| F|  |TAMS 0x0000000083000000, 0x0000000083000000| Untracked 
|  21|0x0000000083100000, 0x0000000083100000, 0x0000000083200000|  0%| F|  |TAMS 0x0000000083100000, 0x0000000083100000| Untracked 
|  22|0x0000000083200000, 0x0000000083200000, 0x0000000083300000|  0%| F|  |TAMS 0x0000000083200000, 0x0000000083200000| Untracked 
|  23|0x0000000083300000, 0x0000000083300000, 0x0000000083400000|  0%| F|  |TAMS 0x0000000083300000, 0x0000000083300000| Untracked 
|  24|0x0000000083400000, 0x0000000083400000, 0x0000000083500000|  0%| F|  |TAMS 0x0000000083400000, 0x0000000083400000| Untracked 
|  25|0x0000000083500000, 0x0000000083500000, 0x0000000083600000|  0%| F|  |TAMS 0x0000000083500000, 0x0000000083500000| Untracked 
|  26|0x0000000083600000, 0x0000000083600000, 0x0000000083700000|  0%| F|  |TAMS 0x0000000083600000, 0x0000000083600000| Untracked 
|  27|0x0000000083700000, 0x0000000083700000, 0x0000000083800000|  0%| F|  |TAMS 0x0000000083700000, 0x0000000083700000| Untracked 
|  28|0x0000000083800000, 0x0000000083800000, 0x0000000083900000|  0%| F|  |TAMS 0x0000000083800000, 0x0000000083800000| Untracked 
|  29|0x0000000083900000, 0x0000000083900000, 0x0000000083a00000|  0%| F|  |TAMS 0x0000000083900000, 0x0000000083900000| Untracked 
|  30|0x0000000083a00000, 0x0000000083a00000, 0x0000000083b00000|  0%| F|  |TAMS 0x0000000083a00000, 0x0000000083a00000| Untracked 
|  31|0x0000000083b00000, 0x0000000083b00000, 0x0000000083c00000|  0%| F|  |TAMS 0x0000000083b00000, 0x0000000083b00000| Untracked 
|  32|0x0000000083c00000, 0x0000000083c00000, 0x0000000083d00000|  0%| F|  |TAMS 0x0000000083c00000, 0x0000000083c00000| Untracked 
|  33|0x0000000083d00000, 0x0000000083d00000, 0x0000000083e00000|  0%| F|  |TAMS 0x0000000083d00000, 0x0000000083d00000| Untracked 
|  34|0x0000000083e00000, 0x0000000083e00000, 0x0000000083f00000|  0%| F|  |TAMS 0x0000000083e00000, 0x0000000083e00000| Untracked 
|  35|0x0000000083f00000, 0x0000000083f00000, 0x0000000084000000|  0%| F|  |TAMS 0x0000000083f00000, 0x0000000083f00000| Untracked 
|  36|0x0000000084000000, 0x0000000084000000, 0x0000000084100000|  0%| F|  |TAMS 0x0000000084000000, 0x0000000084000000| Untracked 
|  37|0x0000000084100000, 0x0000000084100000, 0x0000000084200000|  0%| F|  |TAMS 0x0000000084100000, 0x0000000084100000| Untracked 
|  38|0x0000000084200000, 0x0000000084200000, 0x0000000084300000|  0%| F|  |TAMS 0x0000000084200000, 0x0000000084200000| Untracked 
|  39|0x0000000084300000, 0x0000000084300000, 0x0000000084400000|  0%| F|  |TAMS 0x0000000084300000, 0x0000000084300000| Untracked 
|  40|0x0000000084400000, 0x0000000084400000, 0x0000000084500000|  0%| F|  |TAMS 0x0000000084400000, 0x0000000084400000| Untracked 
|  41|0x0000000084500000, 0x0000000084500000, 0x0000000084600000|  0%| F|  |TAMS 0x0000000084500000, 0x0000000084500000| Untracked 
|  42|0x0000000084600000, 0x0000000084600000, 0x0000000084700000|  0%| F|  |TAMS 0x0000000084600000, 0x0000000084600000| Untracked 
|  43|0x0000000084700000, 0x0000000084700000, 0x0000000084800000|  0%| F|  |TAMS 0x0000000084700000, 0x0000000084700000| Untracked 
|  44|0x0000000084800000, 0x0000000084800000, 0x0000000084900000|  0%| F|  |TAMS 0x0000000084800000, 0x0000000084800000| Untracked 
|  45|0x0000000084900000, 0x0000000084900000, 0x0000000084a00000|  0%| F|  |TAMS 0x0000000084900000, 0x0000000084900000| Untracked 
|  46|0x0000000084a00000, 0x0000000084a00000, 0x0000000084b00000|  0%| F|  |TAMS 0x0000000084a00000, 0x0000000084a00000| Untracked 
|  47|0x0000000084b00000, 0x0000000084b00000, 0x0000000084c00000|  0%| F|  |TAMS 0x0000000084b00000, 0x0000000084b00000| Untracked 
|  48|0x0000000084c00000, 0x0000000084c00000, 0x0000000084d00000|  0%| F|  |TAMS 0x0000000084c00000, 0x0000000084c00000| Untracked 
|  49|0x0000000084d00000, 0x0000000084d00000, 0x0000000084e00000|  0%| F|  |TAMS 0x0000000084d00000, 0x0000000084d00000| Untracked 
|  50|0x0000000084e00000, 0x0000000084e00000, 0x0000000084f00000|  0%| F|  |TAMS 0x0000000084e00000, 0x0000000084e00000| Untracked 
|  51|0x0000000084f00000, 0x0000000084f00000, 0x0000000085000000|  0%| F|  |TAMS 0x0000000084f00000, 0x0000000084f00000| Untracked 
|  52|0x0000000085000000, 0x0000000085000000, 0x0000000085100000|  0%| F|  |TAMS 0x0000000085000000, 0x0000000085000000| Untracked 
|  53|0x0000000085100000, 0x0000000085100000, 0x0000000085200000|  0%| F|  |TAMS 0x0000000085100000, 0x0000000085100000| Untracked 
|  54|0x0000000085200000, 0x0000000085200000, 0x0000000085300000|  0%| F|  |TAMS 0x0000000085200000, 0x0000000085200000| Untracked 
|  55|0x0000000085300000, 0x0000000085300000, 0x0000000085400000|  0%| F|  |TAMS 0x0000000085300000, 0x0000000085300000| Untracked 
|  56|0x0000000085400000, 0x0000000085400000, 0x0000000085500000|  0%| F|  |TAMS 0x0000000085400000, 0x0000000085400000| Untracked 
|  57|0x0000000085500000, 0x0000000085500000, 0x0000000085600000|  0%| F|  |TAMS 0x0000000085500000, 0x0000000085500000| Untracked 
|  58|0x0000000085600000, 0x0000000085600000, 0x0000000085700000|  0%| F|  |TAMS 0x0000000085600000, 0x0000000085600000| Untracked 
|  59|0x0000000085700000, 0x0000000085700000, 0x0000000085800000|  0%| F|  |TAMS 0x0000000085700000, 0x0000000085700000| Untracked 
|  60|0x0000000085800000, 0x00000000858f9b08, 0x0000000085900000| 97%| E|  |TAMS 0x0000000085800000, 0x0000000085800000| Complete 
|  61|0x0000000085900000, 0x0000000085a00000, 0x0000000085a00000|100%| E|CS|TAMS 0x0000000085900000, 0x0000000085900000| Complete 
|  62|0x0000000085a00000, 0x0000000085b00000, 0x0000000085b00000|100%| E|CS|TAMS 0x0000000085a00000, 0x0000000085a00000| Complete 
|  63|0x0000000085b00000, 0x0000000085c00000, 0x0000000085c00000|100%| E|CS|TAMS 0x0000000085b00000, 0x0000000085b00000| Complete 
|  64|0x0000000085c00000, 0x0000000085d00000, 0x0000000085d00000|100%| E|CS|TAMS 0x0000000085c00000, 0x0000000085c00000| Complete 
|  65|0x0000000085d00000, 0x0000000085e00000, 0x0000000085e00000|100%| E|CS|TAMS 0x0000000085d00000, 0x0000000085d00000| Complete 
|  66|0x0000000085e00000, 0x0000000085f00000, 0x0000000085f00000|100%| E|CS|TAMS 0x0000000085e00000, 0x0000000085e00000| Complete 
|  67|0x0000000085f00000, 0x0000000086000000, 0x0000000086000000|100%| E|CS|TAMS 0x0000000085f00000, 0x0000000085f00000| Complete 
|  68|0x0000000086000000, 0x0000000086100000, 0x0000000086100000|100%| E|CS|TAMS 0x0000000086000000, 0x0000000086000000| Complete 
|  69|0x0000000086100000, 0x0000000086200000, 0x0000000086200000|100%| E|CS|TAMS 0x0000000086100000, 0x0000000086100000| Complete 
|  70|0x0000000086200000, 0x0000000086300000, 0x0000000086300000|100%| E|CS|TAMS 0x0000000086200000, 0x0000000086200000| Complete 
|  71|0x0000000086300000, 0x0000000086400000, 0x0000000086400000|100%| E|CS|TAMS 0x0000000086300000, 0x0000000086300000| Complete 
|  72|0x0000000086400000, 0x0000000086500000, 0x0000000086500000|100%| E|CS|TAMS 0x0000000086400000, 0x0000000086400000| Complete 
|  73|0x0000000086500000, 0x0000000086600000, 0x0000000086600000|100%| E|CS|TAMS 0x0000000086500000, 0x0000000086500000| Complete 
|  74|0x0000000086600000, 0x0000000086700000, 0x0000000086700000|100%| E|CS|TAMS 0x0000000086600000, 0x0000000086600000| Complete 
|  75|0x0000000086700000, 0x0000000086800000, 0x0000000086800000|100%| E|CS|TAMS 0x0000000086700000, 0x0000000086700000| Complete 
|  76|0x0000000086800000, 0x0000000086900000, 0x0000000086900000|100%| E|CS|TAMS 0x0000000086800000, 0x0000000086800000| Complete 
|  77|0x0000000086900000, 0x0000000086a00000, 0x0000000086a00000|100%| E|CS|TAMS 0x0000000086900000, 0x0000000086900000| Complete 
|  78|0x0000000086a00000, 0x0000000086b00000, 0x0000000086b00000|100%| E|CS|TAMS 0x0000000086a00000, 0x0000000086a00000| Complete 
|  79|0x0000000086b00000, 0x0000000086c00000, 0x0000000086c00000|100%| E|CS|TAMS 0x0000000086b00000, 0x0000000086b00000| Complete 
|  80|0x0000000086c00000, 0x0000000086d00000, 0x0000000086d00000|100%| E|CS|TAMS 0x0000000086c00000, 0x0000000086c00000| Complete 
|  81|0x0000000086d00000, 0x0000000086e00000, 0x0000000086e00000|100%| E|CS|TAMS 0x0000000086d00000, 0x0000000086d00000| Complete 
|  82|0x0000000086e00000, 0x0000000086f00000, 0x0000000086f00000|100%| E|CS|TAMS 0x0000000086e00000, 0x0000000086e00000| Complete 
|  83|0x0000000086f00000, 0x0000000087000000, 0x0000000087000000|100%| E|CS|TAMS 0x0000000086f00000, 0x0000000086f00000| Complete 
|  84|0x0000000087000000, 0x0000000087100000, 0x0000000087100000|100%| E|CS|TAMS 0x0000000087000000, 0x0000000087000000| Complete 
|  85|0x0000000087100000, 0x0000000087200000, 0x0000000087200000|100%| E|CS|TAMS 0x0000000087100000, 0x0000000087100000| Complete 
|  86|0x0000000087200000, 0x0000000087300000, 0x0000000087300000|100%| E|CS|TAMS 0x0000000087200000, 0x0000000087200000| Complete 
|  87|0x0000000087300000, 0x0000000087400000, 0x0000000087400000|100%| E|CS|TAMS 0x0000000087300000, 0x0000000087300000| Complete 
|  88|0x0000000087400000, 0x0000000087500000, 0x0000000087500000|100%| E|CS|TAMS 0x0000000087400000, 0x0000000087400000| Complete 
|  89|0x0000000087500000, 0x00000000875ffd30, 0x0000000087600000| 99%| E|  |TAMS 0x0000000087500000, 0x0000000087500000| Complete 
|  90|0x0000000087600000, 0x0000000087700000, 0x0000000087700000|100%| E|CS|TAMS 0x0000000087600000, 0x0000000087600000| Complete 
|  91|0x0000000087700000, 0x0000000087800000, 0x0000000087800000|100%| E|CS|TAMS 0x0000000087700000, 0x0000000087700000| Complete 
|  92|0x0000000087800000, 0x0000000087900000, 0x0000000087900000|100%| E|CS|TAMS 0x0000000087800000, 0x0000000087800000| Complete 
|  93|0x0000000087900000, 0x0000000087a00000, 0x0000000087a00000|100%| E|CS|TAMS 0x0000000087900000, 0x0000000087900000| Complete 
|  94|0x0000000087a00000, 0x0000000087b00000, 0x0000000087b00000|100%| E|CS|TAMS 0x0000000087a00000, 0x0000000087a00000| Complete 
|  95|0x0000000087b00000, 0x0000000087c00000, 0x0000000087c00000|100%| E|CS|TAMS 0x0000000087b00000, 0x0000000087b00000| Complete 
|  96|0x0000000087c00000, 0x0000000087d00000, 0x0000000087d00000|100%| E|CS|TAMS 0x0000000087c00000, 0x0000000087c00000| Complete 
|  97|0x0000000087d00000, 0x0000000087e00000, 0x0000000087e00000|100%| E|CS|TAMS 0x0000000087d00000, 0x0000000087d00000| Complete 
|  98|0x0000000087e00000, 0x0000000087f00000, 0x0000000087f00000|100%| E|CS|TAMS 0x0000000087e00000, 0x0000000087e00000| Complete 
|  99|0x0000000087f00000, 0x0000000088000000, 0x0000000088000000|100%| E|CS|TAMS 0x0000000087f00000, 0x0000000087f00000| Complete 
| 100|0x0000000088000000, 0x0000000088100000, 0x0000000088100000|100%| E|CS|TAMS 0x0000000088000000, 0x0000000088000000| Complete 
| 101|0x0000000088100000, 0x0000000088200000, 0x0000000088200000|100%| S|CS|TAMS 0x0000000088100000, 0x0000000088100000| Complete 
| 102|0x0000000088200000, 0x0000000088300000, 0x0000000088300000|100%| S|CS|TAMS 0x0000000088200000, 0x0000000088200000| Complete 
| 103|0x0000000088300000, 0x0000000088400000, 0x0000000088400000|100%| S|CS|TAMS 0x0000000088300000, 0x0000000088300000| Complete 
| 104|0x0000000088400000, 0x0000000088500000, 0x0000000088500000|100%| E|CS|TAMS 0x0000000088400000, 0x0000000088400000| Complete 
| 105|0x0000000088500000, 0x0000000088600000, 0x0000000088600000|100%| E|CS|TAMS 0x0000000088500000, 0x0000000088500000| Complete 
| 106|0x0000000088600000, 0x0000000088700000, 0x0000000088700000|100%| E|CS|TAMS 0x0000000088600000, 0x0000000088600000| Complete 
| 107|0x0000000088700000, 0x0000000088800000, 0x0000000088800000|100%| E|CS|TAMS 0x0000000088700000, 0x0000000088700000| Complete 
| 108|0x0000000088800000, 0x0000000088900000, 0x0000000088900000|100%| E|CS|TAMS 0x0000000088800000, 0x0000000088800000| Complete 
| 109|0x0000000088900000, 0x0000000088a00000, 0x0000000088a00000|100%| E|CS|TAMS 0x0000000088900000, 0x0000000088900000| Complete 
| 110|0x0000000088a00000, 0x0000000088b00000, 0x0000000088b00000|100%| E|CS|TAMS 0x0000000088a00000, 0x0000000088a00000| Complete 
| 111|0x0000000088b00000, 0x0000000088c00000, 0x0000000088c00000|100%| E|CS|TAMS 0x0000000088b00000, 0x0000000088b00000| Complete 
| 112|0x0000000088c00000, 0x0000000088d00000, 0x0000000088d00000|100%| E|CS|TAMS 0x0000000088c00000, 0x0000000088c00000| Complete 
| 113|0x0000000088d00000, 0x0000000088e00000, 0x0000000088e00000|100%| E|CS|TAMS 0x0000000088d00000, 0x0000000088d00000| Complete 
| 114|0x0000000088e00000, 0x0000000088f00000, 0x0000000088f00000|100%| E|CS|TAMS 0x0000000088e00000, 0x0000000088e00000| Complete 
| 115|0x0000000088f00000, 0x0000000089000000, 0x0000000089000000|100%| E|CS|TAMS 0x0000000088f00000, 0x0000000088f00000| Complete 
| 116|0x0000000089000000, 0x0000000089100000, 0x0000000089100000|100%| E|CS|TAMS 0x0000000089000000, 0x0000000089000000| Complete 
| 117|0x0000000089100000, 0x0000000089200000, 0x0000000089200000|100%| E|CS|TAMS 0x0000000089100000, 0x0000000089100000| Complete 
| 118|0x0000000089200000, 0x0000000089300000, 0x0000000089300000|100%| E|CS|TAMS 0x0000000089200000, 0x0000000089200000| Complete 
| 119|0x0000000089300000, 0x0000000089400000, 0x0000000089400000|100%| E|CS|TAMS 0x0000000089300000, 0x0000000089300000| Complete 
| 120|0x0000000089400000, 0x0000000089500000, 0x0000000089500000|100%| E|CS|TAMS 0x0000000089400000, 0x0000000089400000| Complete 
| 121|0x0000000089500000, 0x0000000089600000, 0x0000000089600000|100%| E|CS|TAMS 0x0000000089500000, 0x0000000089500000| Complete 
| 122|0x0000000089600000, 0x0000000089700000, 0x0000000089700000|100%| E|CS|TAMS 0x0000000089600000, 0x0000000089600000| Complete 
| 123|0x0000000089700000, 0x0000000089800000, 0x0000000089800000|100%| E|CS|TAMS 0x0000000089700000, 0x0000000089700000| Complete 
| 124|0x0000000089800000, 0x0000000089900000, 0x0000000089900000|100%| E|CS|TAMS 0x0000000089800000, 0x0000000089800000| Complete 
| 125|0x0000000089900000, 0x0000000089a00000, 0x0000000089a00000|100%| E|CS|TAMS 0x0000000089900000, 0x0000000089900000| Complete 
| 126|0x0000000089a00000, 0x0000000089b00000, 0x0000000089b00000|100%| E|CS|TAMS 0x0000000089a00000, 0x0000000089a00000| Complete 
| 127|0x0000000089b00000, 0x0000000089c00000, 0x0000000089c00000|100%| E|CS|TAMS 0x0000000089b00000, 0x0000000089b00000| Complete 

Card table byte_map: [0x000001b071d90000,0x000001b072190000] _byte_map_base: 0x000001b071982000

Marking Bits (Prev, Next): (CMBitMap*) 0x000001b05a02e598, (CMBitMap*) 0x000001b05a02e5d0
 Prev Bits: [0x000001b072590000, 0x000001b074520000)
 Next Bits: [0x000001b074520000, 0x000001b0764b0000)

Polling page: 0x000001b057fe0000

Metaspace:

Usage:
  Non-class:     15.78 MB capacity,    15.53 MB ( 98%) used,   212.15 KB (  1%) free+waste,    47.00 KB ( <1%) overhead. 
      Class:      2.05 MB capacity,     1.89 MB ( 92%) used,   144.77 KB (  7%) free+waste,    23.38 KB (  1%) overhead. 
       Both:     17.83 MB capacity,    17.41 MB ( 98%) used,   356.92 KB (  2%) free+waste,    70.38 KB ( <1%) overhead. 

Virtual space:
  Non-class space:       16.00 MB reserved,      16.00 MB (100%) committed 
      Class space:        1.00 GB reserved,       2.13 MB ( <1%) committed 
             Both:        1.02 GB reserved,      18.13 MB (  2%) committed 

Chunk freelists:
   Non-Class:  35.00 KB
       Class:  11.00 KB
        Both:  46.00 KB

MaxMetaspaceSize: 17179869184.00 GB
CompressedClassSpaceSize: 1.00 GB

CodeHeap 'non-profiled nmethods': size=120000Kb used=613Kb max_used=613Kb free=119386Kb
 bounds [0x000001b06a120000, 0x000001b06a390000, 0x000001b071650000]
CodeHeap 'profiled nmethods': size=120000Kb used=3187Kb max_used=3187Kb free=116812Kb
 bounds [0x000001b062bf0000, 0x000001b062f10000, 0x000001b06a120000]
CodeHeap 'non-nmethods': size=5760Kb used=1104Kb max_used=1124Kb free=4655Kb
 bounds [0x000001b062650000, 0x000001b0628c0000, 0x000001b062bf0000]
 total_blobs=2110 nmethods=1691 adapters=330
 compilation: enabled
              stopped_count=0, restarted_count=0
 full_count=0

Compilation events (20 events):
Event: 1.276 Thread 0x000001b078f2e000 1643       3       org.springframework.boot.context.properties.source.SpringConfigurationPropertySources$SourcesIterator::isRandomPropertySource (38 bytes)
Event: 1.276 Thread 0x000001b078f2e000 nmethod 1643 0x000001b062ef1f10 code [0x000001b062ef2100, 0x000001b062ef27f8]
Event: 1.278 Thread 0x000001b078f2e000 1644       3       org.springframework.boot.context.properties.source.SpringConfigurationPropertySources$SourcesIterator::hasNext (13 bytes)
Event: 1.278 Thread 0x000001b078f2e000 nmethod 1644 0x000001b062ef2910 code [0x000001b062ef2ac0, 0x000001b062ef2c48]
Event: 1.278 Thread 0x000001b078f2e000 1645       1       org.springframework.core.env.PropertySource$StubPropertySource::getProperty (2 bytes)
Event: 1.278 Thread 0x000001b078f2e000 nmethod 1645 0x000001b06a1b8390 code [0x000001b06a1b8540, 0x000001b06a1b85f8]
Event: 1.278 Thread 0x000001b078f2e000 1647       3       java.lang.Math::addExact (32 bytes)
Event: 1.278 Thread 0x000001b078f2e000 nmethod 1647 0x000001b062ef2d10 code [0x000001b062ef2ee0, 0x000001b062ef30c8]
Event: 1.278 Thread 0x000001b078f2e000 1648       3       java.lang.Math::floorMod (10 bytes)
Event: 1.278 Thread 0x000001b078f2e000 nmethod 1648 0x000001b062ef3190 code [0x000001b062ef3340, 0x000001b062ef3578]
Event: 1.278 Thread 0x000001b078f2e000 1649       3       java.time.Instant::ofEpochSecond (31 bytes)
Event: 1.279 Thread 0x000001b078f2e000 nmethod 1649 0x000001b062ef3690 code [0x000001b062ef3880, 0x000001b062ef3e18]
Event: 1.279 Thread 0x000001b078f2e000 1650       3       java.util.concurrent.ConcurrentHashMap$Traverser::<init> (36 bytes)
Event: 1.280 Thread 0x000001b078f2e000 nmethod 1650 0x000001b062ef4090 code [0x000001b062ef4240, 0x000001b062ef4438]
Event: 1.280 Thread 0x000001b078f2e000 1651       3       java.util.concurrent.ConcurrentHashMap$BaseIterator::<init> (21 bytes)
Event: 1.280 Thread 0x000001b078f2e000 nmethod 1651 0x000001b062ef4510 code [0x000001b062ef46e0, 0x000001b062ef48b8]
Event: 1.280 Thread 0x000001b078f2e000 1652       3       java.lang.invoke.Invokers$Holder::linkToTargetMethod (10 bytes)
Event: 1.280 Thread 0x000001b078f2e000 nmethod 1652 0x000001b062ef4990 code [0x000001b062ef4b60, 0x000001b062ef4f78]
Event: 1.280 Thread 0x000001b078f2e000 1653       3       java.lang.invoke.DirectMethodHandle$Holder::invokeStatic (15 bytes)
Event: 1.280 Thread 0x000001b078f2e000 nmethod 1653 0x000001b062ef5090 code [0x000001b062ef5260, 0x000001b062ef5798]

GC Heap History (2 events):
Event: 0.772 GC heap before
{Heap before GC invocations=0 (full 0):
 garbage-first heap   total 131072K, used 24576K [0x0000000081c00000, 0x0000000100000000)
  region size 1024K, 24 young (24576K), 0 survivors (0K)
 Metaspace       used 11659K, capacity 11848K, committed 12032K, reserved 1060864K
  class space    used 1127K, capacity 1186K, committed 1280K, reserved 1048576K
}
Event: 0.777 GC heap after
{Heap after GC invocations=1 (full 0):
 garbage-first heap   total 131072K, used 8313K [0x0000000081c00000, 0x0000000100000000)
  region size 1024K, 3 young (3072K), 3 survivors (3072K)
 Metaspace       used 11659K, capacity 11848K, committed 12032K, reserved 1060864K
  class space    used 1127K, capacity 1186K, committed 1280K, reserved 1048576K
}

Deoptimization events (20 events):
Event: 1.047 Thread 0x000001b078f24000 Uncommon trap: trap_request=0xffffff4d fr.pc=0x000001b06a198f9c relative=0x00000000000010dc
Event: 1.047 Thread 0x000001b078f24000 Uncommon trap: reason=unstable_if action=reinterpret pc=0x000001b06a198f9c method=java.util.concurrent.ConcurrentHashMap.putVal(Ljava/lang/Object;Ljava/lang/Object;Z)Ljava/lang/Object; @ 148 c2
Event: 1.047 Thread 0x000001b078f24000 DEOPT PACKING pc=0x000001b06a198f9c sp=0x000000289bffad70
Event: 1.047 Thread 0x000001b078f24000 DEOPT UNPACKING pc=0x000001b0626774af sp=0x000000289bffad00 mode 2
Event: 1.188 Thread 0x000001b07a85c000 Uncommon trap: trap_request=0xffffff4d fr.pc=0x000001b06a165740 relative=0x0000000000000200
Event: 1.188 Thread 0x000001b07a85c000 Uncommon trap: reason=unstable_if action=reinterpret pc=0x000001b06a165740 method=java.util.HashMap.hash(Ljava/lang/Object;)I @ 1 c2
Event: 1.188 Thread 0x000001b07a85c000 DEOPT PACKING pc=0x000001b06a165740 sp=0x000000289cbfda30
Event: 1.188 Thread 0x000001b07a85c000 DEOPT UNPACKING pc=0x000001b0626774af sp=0x000000289cbfd968 mode 2
Event: 1.203 Thread 0x000001b07a85c000 Uncommon trap: trap_request=0xffffff4d fr.pc=0x000001b06a1689c8 relative=0x0000000000000388
Event: 1.203 Thread 0x000001b07a85c000 Uncommon trap: reason=unstable_if action=reinterpret pc=0x000001b06a1689c8 method=java.lang.StringBuilder.toString()Ljava/lang/String; @ 4 c2
Event: 1.204 Thread 0x000001b07a85c000 DEOPT PACKING pc=0x000001b06a1689c8 sp=0x000000289cbfcd20
Event: 1.204 Thread 0x000001b07a85c000 DEOPT UNPACKING pc=0x000001b0626774af sp=0x000000289cbfcd00 mode 2
Event: 1.240 Thread 0x000001b07a85c000 Uncommon trap: trap_request=0xffffffc6 fr.pc=0x000001b06a19ebe4 relative=0x0000000000000a24
Event: 1.240 Thread 0x000001b07a85c000 Uncommon trap: reason=bimorphic_or_optimized_type_check action=maybe_recompile pc=0x000001b06a19ebe4 method=java.util.HashMap.putVal(ILjava/lang/Object;Ljava/lang/Object;ZZ)Ljava/lang/Object; @ 91 c2
Event: 1.240 Thread 0x000001b07a85c000 DEOPT PACKING pc=0x000001b06a19ebe4 sp=0x000000289cbfdf90
Event: 1.240 Thread 0x000001b07a85c000 DEOPT UNPACKING pc=0x000001b0626774af sp=0x000000289cbfdf30 mode 2
Event: 1.240 Thread 0x000001b07a85c000 Uncommon trap: trap_request=0xffffffc6 fr.pc=0x000001b06a19ebe4 relative=0x0000000000000a24
Event: 1.240 Thread 0x000001b07a85c000 Uncommon trap: reason=bimorphic_or_optimized_type_check action=maybe_recompile pc=0x000001b06a19ebe4 method=java.util.HashMap.putVal(ILjava/lang/Object;Ljava/lang/Object;ZZ)Ljava/lang/Object; @ 91 c2
Event: 1.240 Thread 0x000001b07a85c000 DEOPT PACKING pc=0x000001b06a19ebe4 sp=0x000000289cbfdf90
Event: 1.240 Thread 0x000001b07a85c000 DEOPT UNPACKING pc=0x000001b0626774af sp=0x000000289cbfdf30 mode 2

Classes redefined (0 events):
No events

Internal exceptions (20 events):
Event: 1.055 Thread 0x000001b07a85c000 Exception <a 'java/lang/NoSuchMethodError'{0x00000000865aa0d8}: 'int java.lang.invoke.DirectMethodHandle$Holder.invokeSpecial(java.lang.Object, java.lang.Object, java.lang.Object, java.lang.Object)'> (0x00000000865aa0d8) thrown at [./src/hotspot/share/interpreter/linkResolver.cpp, line 773]
Event: 1.068 Thread 0x000001b07a85c000 Exception <a 'java/lang/NoSuchMethodError'{0x00000000865d3050}: 'void java.lang.invoke.DirectMethodHandle$Holder.invokeSpecial(java.lang.Object, java.lang.Object, java.lang.Object, java.lang.Object)'> (0x00000000865d3050) thrown at [./src/hotspot/share/interpreter/linkResolver.cpp, line 773]
Event: 1.094 Thread 0x000001b07a85c000 Exception <a 'java/lang/NoSuchMethodError'{0x000000008636fc90}: 'java.lang.Object java.lang.invoke.Invokers$Holder.linkToTargetMethod(java.lang.Object, java.lang.Object, java.lang.Object, java.lang.Object, java.lang.Object, java.lang.Object)'> (0x000000008636fc90) thrown at [./src/hotspot/share/interpreter/linkResolver.cpp, line 773]
Event: 1.111 Thread 0x000001b07a85c000 Exception <a 'java/lang/NoSuchMethodError'{0x0000000086232ca0}: 'java.lang.Object java.lang.invoke.DirectMethodHandle$Holder.invokeSpecial(java.lang.Object, java.lang.Object, java.lang.Object, java.lang.Object, java.lang.Object, java.lang.Object, int)'> (0x0000000086232ca0) thrown at [./src/hotspot/share/interpreter/linkResolver.cpp, line 773]
Event: 1.112 Thread 0x000001b07a85c000 Exception <a 'java/lang/NoSuchMethodError'{0x000000008623c700}: 'java.lang.Object java.lang.invoke.DirectMethodHandle$Holder.invokeSpecial(java.lang.Object, java.lang.Object, java.lang.Object, java.lang.Object, java.lang.Object, java.lang.Object, java.lang.Object, int)'> (0x000000008623c700) thrown at [./src/hotspot/share/interpreter/linkResolver.cpp, line 773]
Event: 1.112 Thread 0x000001b07a85c000 Exception <a 'java/lang/NoSuchMethodError'{0x00000000862405a8}: 'java.lang.Object java.lang.invoke.Invokers$Holder.linkToTargetMethod(java.lang.Object, java.lang.Object, java.lang.Object, java.lang.Object, java.lang.Object, int, java.lang.Object)'> (0x00000000862405a8) thrown at [./src/hotspot/share/interpreter/linkResolver.cpp, line 773]
Event: 1.157 Thread 0x000001b07a85c000 Exception <a 'java/lang/NoSuchMethodError'{0x0000000086031a50}: 'int java.lang.invoke.DirectMethodHandle$Holder.invokeVirtual(java.lang.Object, java.lang.Object)'> (0x0000000086031a50) thrown at [./src/hotspot/share/interpreter/linkResolver.cpp, line 773]
Event: 1.166 Thread 0x000001b07a85c000 Exception <a 'java/lang/NoSuchMethodError'{0x000000008609d940}: 'void java.lang.invoke.DirectMethodHandle$Holder.invokeSpecial(java.lang.Object, java.lang.Object, java.lang.Object, java.lang.Object, java.lang.Object)'> (0x000000008609d940) thrown at [./src/hotspot/share/interpreter/linkResolver.cpp, line 773]
Event: 1.188 Thread 0x000001b07a85c000 Implicit null exception at 0x000001b06a165575 to 0x000001b06a165730
Event: 1.200 Thread 0x000001b07a85c000 Exception <a 'java/lang/NoSuchMethodError'{0x0000000085e4ae08}: 'int java.lang.invoke.DirectMethodHandle$Holder.invokeSpecialIFC(java.lang.Object, java.lang.Object, int)'> (0x0000000085e4ae08) thrown at [./src/hotspot/share/interpreter/linkResolver.cpp, line 773]
Event: 1.217 Thread 0x000001b07a85c000 Exception <a 'java/lang/NoSuchMethodError'{0x0000000085d24858}: 'java.lang.Object java.lang.invoke.DirectMethodHandle$Holder.invokeSpecial(java.lang.Object, java.lang.Object, java.lang.Object, java.lang.Object, int)'> (0x0000000085d24858) thrown at [./src/hotspot/share/interpreter/linkResolver.cpp, line 773]
Event: 1.217 Thread 0x000001b07a85c000 Exception <a 'java/lang/NoSuchMethodError'{0x0000000085d2c7e8}: 'java.lang.Object java.lang.invoke.DirectMethodHandle$Holder.invokeStatic(java.lang.Object, java.lang.Object, java.lang.Object, java.lang.Object, int)'> (0x0000000085d2c7e8) thrown at [./src/hotspot/share/interpreter/linkResolver.cpp, line 773]
Event: 1.217 Thread 0x000001b07a85c000 Exception <a 'java/lang/NoSuchMethodError'{0x0000000085d300f0}: 'java.lang.Object java.lang.invoke.DirectMethodHandle$Holder.invokeSpecial(java.lang.Object, java.lang.Object, java.lang.Object, java.lang.Object, java.lang.Object, int)'> (0x0000000085d300f0) thrown at [./src/hotspot/share/interpreter/linkResolver.cpp, line 773]
Event: 1.218 Thread 0x000001b07a85c000 Exception <a 'java/lang/NoSuchMethodError'{0x0000000085d3ca98}: 'int java.lang.invoke.DirectMethodHandle$Holder.invokeStatic(java.lang.Object, int, java.lang.Object, java.lang.Object)'> (0x0000000085d3ca98) thrown at [./src/hotspot/share/interpreter/linkResolver.cpp, line 773]
Event: 1.218 Thread 0x000001b07a85c000 Exception <a 'java/lang/NoSuchMethodError'{0x0000000085d43ba8}: 'java.lang.Object java.lang.invoke.DirectMethodHandle$Holder.invokeStatic(java.lang.Object, int, java.lang.Object)'> (0x0000000085d43ba8) thrown at [./src/hotspot/share/interpreter/linkResolver.cpp, line 773]
Event: 1.218 Thread 0x000001b07a85c000 Exception <a 'java/lang/NoSuchMethodError'{0x0000000085d48058}: 'int java.lang.invoke.DirectMethodHandle$Holder.invokeSpecialIFC(java.lang.Object, java.lang.Object, java.lang.Object, java.lang.Object)'> (0x0000000085d48058) thrown at [./src/hotspot/share/interpreter/linkResolver.cpp, line 773]
Event: 1.248 Thread 0x000001b07a85c000 Exception <a 'java/lang/NoSuchMethodError'{0x0000000085cf21e0}: 'void java.lang.invoke.DelegatingMethodHandle$Holder.delegate(java.lang.Object, java.lang.Object, int, java.lang.Object)'> (0x0000000085cf21e0) thrown at [./src/hotspot/share/interpreter/linkResolver.cpp, line 773]
Event: 1.255 Thread 0x000001b07a85c000 Exception <a 'java/lang/NoSuchMethodError'{0x0000000085b62598}: 'void java.lang.invoke.DirectMethodHandle$Holder.invokeStaticInit(java.lang.Object, java.lang.Object)'> (0x0000000085b62598) thrown at [./src/hotspot/share/interpreter/linkResolver.cpp, line 773]
Event: 1.256 Thread 0x000001b07a85c000 Exception <a 'java/lang/NoSuchMethodError'{0x0000000085b712e0}: 'void java.lang.invoke.DirectMethodHandle$Holder.invokeStaticInit(java.lang.Object, java.lang.Object, java.lang.Object)'> (0x0000000085b712e0) thrown at [./src/hotspot/share/interpreter/linkResolver.cpp, line 773]
Event: 1.281 Thread 0x000001b07a85c000 Exception <a 'java/lang/NoSuchMethodError'{0x0000000085a47cc8}: 'void java.lang.invoke.DirectMethodHandle$Holder.invokeVirtual(java.lang.Object, java.lang.Object, java.lang.Object, java.lang.Object)'> (0x0000000085a47cc8) thrown at [./src/hotspot/share/interpreter/linkResolver.cpp, line 773]

Events (20 events):
Event: 1.272 loading class java/lang/invoke/BoundMethodHandle$Species_LLLLLLLLLIIL done
Event: 1.276 loading class org/springframework/boot/logging/LogFile
Event: 1.276 loading class org/springframework/boot/logging/LogFile done
Event: 1.276 loading class org/springframework/boot/logging/LoggerGroups
Event: 1.276 loading class org/springframework/boot/logging/LoggerGroups done
Event: 1.277 loading class org/springframework/boot/logging/LoggerGroups
Event: 1.277 loading class org/springframework/boot/logging/LoggerGroups done
Event: 1.277 loading class org/springframework/boot/logging/LoggerGroup
Event: 1.277 loading class org/springframework/boot/logging/LoggerGroup done
Event: 1.278 loading class org/springframework/boot/logging/LoggingInitializationContext
Event: 1.278 loading class org/springframework/boot/logging/LoggingInitializationContext done
Event: 1.280 loading class ch/qos/logback/core/LifeCycleManager
Event: 1.280 loading class ch/qos/logback/core/LifeCycleManager done
Event: 1.280 Executing VM operation: RevokeBias
Event: 1.280 Executing VM operation: RevokeBias done
Event: 1.281 loading class ch/qos/logback/classic/jul/LevelChangePropagator
Event: 1.281 loading class ch/qos/logback/classic/jul/LevelChangePropagator done
Event: 1.281 loading class ch/qos/logback/classic/LoggerContext
Event: 1.281 loading class ch/qos/logback/classic/LoggerContext done
Event: 1.282 Loaded shared library C:\Program Files\AdoptOpenJDK\jdk-11.0.8.10-hotspot\bin\java.dll


Dynamic libraries:
0x00007ff62ef20000 - 0x00007ff62ef2d000 	C:\Program Files\AdoptOpenJDK\jdk-11.0.8.10-hotspot\bin\java.exe
0x00007ffce4890000 - 0x00007ffce4a85000 	C:\WINDOWS\SYSTEM32\ntdll.dll
0x00007ffce4580000 - 0x00007ffce463e000 	C:\WINDOWS\System32\KERNEL32.DLL
0x00007ffce2220000 - 0x00007ffce24e9000 	C:\WINDOWS\System32\KERNELBASE.dll
0x00007ffce1fb0000 - 0x00007ffce20b0000 	C:\WINDOWS\System32\ucrtbase.dll
0x00007ffcdbed0000 - 0x00007ffcdbee7000 	C:\Program Files\AdoptOpenJDK\jdk-11.0.8.10-hotspot\bin\jli.dll
0x00007ffce33c0000 - 0x00007ffce3561000 	C:\WINDOWS\System32\USER32.dll
0x00007ffcbe820000 - 0x00007ffcbeaba000 	C:\WINDOWS\WinSxS\amd64_microsoft.windows.common-controls_6595b64144ccf1df_6.0.19041.1110_none_60b5254171f9507e\COMCTL32.dll
0x00007ffcdbeb0000 - 0x00007ffcdbec5000 	C:\Program Files\AdoptOpenJDK\jdk-11.0.8.10-hotspot\bin\VCRUNTIME140.dll
0x00007ffce2650000 - 0x00007ffce2672000 	C:\WINDOWS\System32\win32u.dll
0x00007ffce2ea0000 - 0x00007ffce2f3e000 	C:\WINDOWS\System32\msvcrt.dll
0x00007ffce3930000 - 0x00007ffce395b000 	C:\WINDOWS\System32\GDI32.dll
0x00007ffce20b0000 - 0x00007ffce21bb000 	C:\WINDOWS\System32\gdi32full.dll
0x00007ffce24f0000 - 0x00007ffce258d000 	C:\WINDOWS\System32\msvcp_win.dll
0x00007ffce4320000 - 0x00007ffce4350000 	C:\WINDOWS\System32\IMM32.DLL
0x00007ffcd7a70000 - 0x00007ffcd7b0b000 	C:\Program Files\AdoptOpenJDK\jdk-11.0.8.10-hotspot\bin\msvcp140.dll
0x00007ffcae6c0000 - 0x00007ffcaf17d000 	C:\Program Files\AdoptOpenJDK\jdk-11.0.8.10-hotspot\bin\server\jvm.dll
0x00007ffce2af0000 - 0x00007ffce2b9c000 	C:\WINDOWS\System32\ADVAPI32.dll
0x00007ffce4350000 - 0x00007ffce43eb000 	C:\WINDOWS\System32\sechost.dll
0x00007ffce43f0000 - 0x00007ffce451a000 	C:\WINDOWS\System32\RPCRT4.dll
0x00007ffce4280000 - 0x00007ffce4288000 	C:\WINDOWS\System32\PSAPI.DLL
0x00007ffcc9fd0000 - 0x00007ffcc9fd9000 	C:\WINDOWS\SYSTEM32\WSOCK32.dll
0x00007ffccb450000 - 0x00007ffccb477000 	C:\WINDOWS\SYSTEM32\WINMM.dll
0x00007ffcdb380000 - 0x00007ffcdb38a000 	C:\WINDOWS\SYSTEM32\VERSION.dll
0x00007ffce41f0000 - 0x00007ffce425b000 	C:\WINDOWS\System32\WS2_32.dll
0x00007ffce0830000 - 0x00007ffce0842000 	C:\WINDOWS\SYSTEM32\kernel.appcore.dll
0x00007ffcdbea0000 - 0x00007ffcdbeb0000 	C:\Program Files\AdoptOpenJDK\jdk-11.0.8.10-hotspot\bin\verify.dll
0x00007ffcdfdb0000 - 0x00007ffcdff94000 	C:\WINDOWS\SYSTEM32\DBGHELP.DLL
0x00007ffcd8580000 - 0x00007ffcd85ac000 	C:\WINDOWS\SYSTEM32\dbgcore.DLL
0x00007ffce2590000 - 0x00007ffce2613000 	C:\WINDOWS\System32\bcryptPrimitives.dll
0x00007ffcdbcc0000 - 0x00007ffcdbce8000 	C:\Program Files\AdoptOpenJDK\jdk-11.0.8.10-hotspot\bin\java.dll
0x00007ffcdbcb0000 - 0x00007ffcdbcba000 	C:\Program Files\AdoptOpenJDK\jdk-11.0.8.10-hotspot\bin\jimage.dll
0x00007ffcdbbb0000 - 0x00007ffcdbbbe000 	C:\Program Files\AdoptOpenJDK\jdk-11.0.8.10-hotspot\bin\instrument.dll
0x00007ffcdbbc0000 - 0x00007ffcdbbd7000 	C:\Program Files\AdoptOpenJDK\jdk-11.0.8.10-hotspot\bin\zip.dll
0x00007ffce3960000 - 0x00007ffce409f000 	C:\WINDOWS\System32\SHELL32.dll
0x00007ffce0090000 - 0x00007ffce0820000 	C:\WINDOWS\SYSTEM32\windows.storage.dll
0x00007ffce35d0000 - 0x00007ffce3925000 	C:\WINDOWS\System32\combase.dll
0x00007ffce1930000 - 0x00007ffce195c000 	C:\WINDOWS\SYSTEM32\Wldp.dll
0x00007ffce40a0000 - 0x00007ffce414d000 	C:\WINDOWS\System32\SHCORE.dll
0x00007ffce4520000 - 0x00007ffce4575000 	C:\WINDOWS\System32\shlwapi.dll
0x00007ffce1ef0000 - 0x00007ffce1f0f000 	C:\WINDOWS\SYSTEM32\profapi.dll
0x00007ffcdb440000 - 0x00007ffcdb459000 	C:\Program Files\AdoptOpenJDK\jdk-11.0.8.10-hotspot\bin\net.dll
0x00007ffcd6230000 - 0x00007ffcd6338000 	C:\WINDOWS\SYSTEM32\WINHTTP.dll
0x00007ffce1690000 - 0x00007ffce16fa000 	C:\WINDOWS\system32\mswsock.dll
0x00007ffcdab40000 - 0x00007ffcdab52000 	C:\Program Files\AdoptOpenJDK\jdk-11.0.8.10-hotspot\bin\nio.dll
0x00007ffcdab20000 - 0x00007ffcdab3a000 	D:\IntelliJ IDEA 2021.1\bin\breakgen64.dll
0x00007ffcdb430000 - 0x00007ffcdb439000 	C:\Program Files\AdoptOpenJDK\jdk-11.0.8.10-hotspot\bin\management.dll
0x00007ffcdb350000 - 0x00007ffcdb35b000 	C:\Program Files\AdoptOpenJDK\jdk-11.0.8.10-hotspot\bin\management_ext.dll
0x00007ffca1a00000 - 0x00007ffca1a17000 	C:\WINDOWS\system32\napinsp.dll
0x00007ffca19e0000 - 0x00007ffca19fb000 	C:\WINDOWS\system32\pnrpnsp.dll
0x00007ffcdc560000 - 0x00007ffcdc575000 	C:\WINDOWS\system32\wshbth.dll
0x00007ffcda300000 - 0x00007ffcda31d000 	C:\WINDOWS\system32\NLAapi.dll
0x00007ffce1380000 - 0x00007ffce13bb000 	C:\WINDOWS\SYSTEM32\IPHLPAPI.DLL
0x00007ffce13c0000 - 0x00007ffce148c000 	C:\WINDOWS\SYSTEM32\DNSAPI.dll
0x00007ffce4160000 - 0x00007ffce4168000 	C:\WINDOWS\System32\NSI.dll
0x00007ffca19c0000 - 0x00007ffca19d2000 	C:\WINDOWS\System32\winrnr.dll
0x00007ffcd9ab0000 - 0x00007ffcd9aba000 	C:\Windows\System32\rasadhlp.dll
0x00007ffcd6d50000 - 0x00007ffcd6dcf000 	C:\WINDOWS\System32\fwpuclnt.dll
0x00007ffce2620000 - 0x00007ffce2647000 	C:\WINDOWS\System32\bcrypt.dll

dbghelp: loaded successfully - version: 4.0.5 - missing functions: none
symbol engine: initialized successfully - sym options: 0x614 - pdb path: .;C:\Program Files\AdoptOpenJDK\jdk-11.0.8.10-hotspot\bin;C:\WINDOWS\SYSTEM32;C:\WINDOWS\WinSxS\amd64_microsoft.windows.common-controls_6595b64144ccf1df_6.0.19041.1110_none_60b5254171f9507e;C:\Program Files\AdoptOpenJDK\jdk-11.0.8.10-hotspot\bin\server;D:\IntelliJ IDEA 2021.1\bin

VM Arguments:
jvm_args: -javaagent:D:\IntelliJ IDEA 2021.1\lib\idea_rt.jar=56618:D:\IntelliJ IDEA 2021.1\bin -Dfile.encoding=UTF-8 
java_command: com.example.demo.SpringbootProjectApplication
java_class_path (initial): C:\Users\Admin\eclipse-workspace\Springboot_project\target\classes;C:\Users\Admin\.m2\repository\org\springframework\boot\spring-boot-starter-security\2.4.5\spring-boot-starter-security-2.4.5.jar;C:\Users\Admin\.m2\repository\org\springframework\boot\spring-boot-starter\2.4.5\spring-boot-starter-2.4.5.jar;C:\Users\Admin\.m2\repository\org\springframework\boot\spring-boot-starter-logging\2.4.5\spring-boot-starter-logging-2.4.5.jar;C:\Users\Admin\.m2\repository\ch\qos\logback\logback-classic\1.2.3\logback-classic-1.2.3.jar;C:\Users\Admin\.m2\repository\ch\qos\logback\logback-core\1.2.3\logback-core-1.2.3.jar;C:\Users\Admin\.m2\repository\org\apache\logging\log4j\log4j-to-slf4j\2.13.3\log4j-to-slf4j-2.13.3.jar;C:\Users\Admin\.m2\repository\org\apache\logging\log4j\log4j-api\2.13.3\log4j-api-2.13.3.jar;C:\Users\Admin\.m2\repository\org\slf4j\jul-to-slf4j\1.7.30\jul-to-slf4j-1.7.30.jar;C:\Users\Admin\.m2\repository\jakarta\annotation\jakarta.annotation-api\1.3.5\jakarta.annotation-api-1.3.5.jar;C:\Users\Admin\.m2\repository\org\yaml\snakeyaml\1.27\snakeyaml-1.27.jar;C:\Users\Admin\.m2\repository\org\springframework\spring-aop\5.3.6\spring-aop-5.3.6.jar;C:\Users\Admin\.m2\repository\org\springframework\spring-beans\5.3.6\spring-beans-5.3.6.jar;C:\Users\Admin\.m2\repository\org\springframework\security\spring-security-config\5.4.6\spring-security-config-5.4.6.jar;C:\Users\Admin\.m2\repository\org\springframework\spring-context\5.3.6\spring-context-5.3.6.jar;C:\Users\Admin\.m2\repository\org\springframework\security\spring-security-web\5.4.6\spring-security-web-5.4.6.jar;C:\Users\Admin\.m2\repository\org\springframework\spring-expression\5.3.6\spring-expression-5.3.6.jar;C:\Users\Admin\.m2\repository\org\springframework\boot\spring-boot-starter-thymeleaf\2.4.5\spring-boot-starter-thymeleaf-2.4.5.jar;C:\Users\Admin\.m2\repository\org\thymeleaf\thymeleaf-spring5\3.0.12.RELEASE\thymeleaf-spring5-3.0.12.RELEASE.jar;C:\Users\Admin\.m2\repository\org\
Launcher Type: SUN_STANDARD

[Global flags]
     intx CICompilerCount                          = 4                                         {product} {ergonomic}
     uint ConcGCThreads                            = 2                                         {product} {ergonomic}
     uint G1ConcRefinementThreads                  = 8                                         {product} {ergonomic}
   size_t G1HeapRegionSize                         = 1048576                                   {product} {ergonomic}
    uintx GCDrainStackTargetSize                   = 64                                        {product} {ergonomic}
   size_t InitialHeapSize                          = 134217728                                 {product} {ergonomic}
   size_t MarkStackSize                            = 4194304                                   {product} {ergonomic}
   size_t MaxHeapSize                              = 2118123520                                {product} {ergonomic}
   size_t MaxNewSize                               = 1270874112                                {product} {ergonomic}
   size_t MinHeapDeltaBytes                        = 1048576                                   {product} {ergonomic}
    uintx NonNMethodCodeHeapSize                   = 5836300                                {pd product} {ergonomic}
    uintx NonProfiledCodeHeapSize                  = 122910970                              {pd product} {ergonomic}
    uintx ProfiledCodeHeapSize                     = 122910970                              {pd product} {ergonomic}
    uintx ReservedCodeCacheSize                    = 251658240                              {pd product} {ergonomic}
     bool SegmentedCodeCache                       = true                                      {product} {ergonomic}
     bool UseCompressedClassPointers               = true                                 {lp64_product} {ergonomic}
     bool UseCompressedOops                        = true                                 {lp64_product} {ergonomic}
     bool UseG1GC                                  = true                                      {product} {ergonomic}
     bool UseLargePagesIndividualAllocation        = false                                  {pd product} {ergonomic}

Logging:
Log output configuration:
 #0: stdout all=warning uptime,level,tags
 #1: stderr all=off uptime,level,tags

Environment Variables:
JAVA_HOME=C:\Program Files\AdoptOpenJDK\jdk-11.0.8.10-hotspot\
PATH=C:\Program Files\AdoptOpenJDK\jdk-11.0.8.10-hotspot\bin;C:\WINDOWS\system32;C:\WINDOWS;C:\WINDOWS\System32\Wbem;C:\WINDOWS\System32\WindowsPowerShell\v1.0\;C:\WINDOWS\System32\OpenSSH\;C:\Program Files (x86)\Microsoft SQL Server\110\Tools\Binn\ManagementStudio\;C:\Program Files (x86)\Microsoft SQL Server\110\Tools\Binn\;C:\Program Files\Microsoft SQL Server\110\Tools\Binn\;C:\Program Files (x86)\Microsoft SQL Server\110\DTS\Binn\;C:\Program Files\Microsoft SQL Server\Client SDK\ODBC\110\Tools\Binn\;C:\Program Files (x86)\Microsoft SQL Server\120\Tools\Binn\;C:\Program Files\Microsoft SQL Server\120\Tools\Binn\;C:\Program Files\Microsoft SQL Server\120\DTS\Binn\;C:\Program Files (x86)\Microsoft SQL Server\120\Tools\Binn\ManagementStudio\;C:\Program Files (x86)\Microsoft SQL Server\120\DTS\Binn\;C:\Users\Admin\Downloads\apache-maven-3.6.0;C:\Users\Admin\Downloads\apache-maven-3.6.0\bin;C:\Program Files\NVIDIA Corporation\NVIDIA NvDLISR;C:\Program Files (x86)\NVIDIA Corporation\PhysX\Common;C:\Users\Admin\Downloads\apache-maven-3.6.0\bin;C:\Program Files\nodejs\;C:\Program Files\Git\cmd;C:\WINDOWS\system32;C:\WINDOWS;C:\WINDOWS\System32\Wbem;C:\WINDOWS\System32\WindowsPowerShell\v1.0\;C:\WINDOWS\System32\OpenSSH\;C:\Users\Admin\AppData\Local\Microsoft\WindowsApps;C:\Users\Admin\AppData\Local\Programs\Microsoft VS Code\bin;D:\apache-tomcat-9.0.37\bin;C:\Users\Admin\AppData\Roaming\npm;
USERNAME=Admin
OS=Windows_NT
PROCESSOR_IDENTIFIER=Intel64 Family 6 Model 158 Stepping 10, GenuineIntel



---------------  S Y S T E M  ---------------

OS: Windows 10 , 64 bit Build 19041 (10.0.19041.1202)
OS uptime: 0 days 1:34 hours

CPU:total 8 (initial active 8) (4 cores per cpu, 2 threads per core) family 6 model 158 stepping 10, cmov, cx8, fxsr, mmx, sse, sse2, sse3, ssse3, sse4.1, sse4.2, popcnt, avx, avx2, aes, clmul, erms, 3dnowpref, lzcnt, ht, tsc, tscinvbit, bmi1, bmi2, adx, fma

Memory: 4k page, system-wide physical 8072M (1409M free)
TotalPageFile size 12168M (AvailPageFile size 5M)
current process WorkingSet (physical memory assigned to process): 144M, peak: 144M
current process commit charge ("private bytes"): 243M, peak: 244M

vm_info: OpenJDK 64-Bit Server VM (11.0.8+10) for windows-amd64 JRE (11.0.8+10), built on Jul 15 2020 11:45:54 by "" with MS VC++ 15.9 (VS2017)

END.
