#
# There is insufficient memory for the Java Runtime Environment to continue.
# Native memory allocation (malloc) failed to allocate 1669296 bytes for Chunk::new
# Possible reasons:
#   The system is out of physical RAM or swap space
#   The process is running with CompressedOops enabled, and the Java Heap may be blocking the growth of the native heap
# Possible solutions:
#   Reduce memory load on the system
#   Increase physical memory or swap space
#   Check if swap backing store is full
#   Decrease Java heap size (-Xmx/-Xms)
#   Decrease number of Java threads
#   Decrease Java thread stack sizes (-Xss)
#   Set larger code cache with -XX:ReservedCodeCacheSize=
#   JVM is running with Unscaled Compressed Oops mode in which the Java heap is
#     placed in the first 4GB address space. The Java Heap base address is the
#     maximum limit for the native heap growth. Please use -XX:HeapBaseMinAddress
#     to set the Java Heap base and to place the Java Heap above 4GB virtual address.
# This output file may be truncated or incomplete.
#
#  Out of Memory Error (./src/hotspot/share/memory/arena.cpp:197), pid=4504, tid=2096
#
# JRE version: OpenJDK Runtime Environment AdoptOpenJDK (11.0.8+10) (build 11.0.8+10)
# Java VM: OpenJDK 64-Bit Server VM AdoptOpenJDK (11.0.8+10, mixed mode, tiered, compressed oops, g1 gc, windows-amd64)
# No core dump will be written. Minidumps are not enabled by default on client versions of Windows
#

---------------  S U M M A R Y ------------

Command Line: -javaagent:D:\IntelliJ IDEA 2021.1\lib\idea_rt.jar=51139:D:\IntelliJ IDEA 2021.1\bin -Dfile.encoding=UTF-8 com.example.demo.SpringbootProjectApplication

Host: Intel(R) Core(TM) i5-9300H CPU @ 2.40GHz, 8 cores, 7G,  Windows 10 , 64 bit Build 19041 (10.0.19041.1202)
Time: Thu Oct 28 16:27:21 2021 SE Asia Standard Time elapsed time: 314 seconds (0d 0h 5m 14s)

---------------  T H R E A D  ---------------

Current thread (0x000002145790e000):  JavaThread "C2 CompilerThread2" daemon [_thread_in_native, id=2096, stack(0x000000f986f00000,0x000000f987000000)]


Current CompileTask:
C2: 314567 7619       4       org.springframework.util.AntPathMatcher::doMatch (619 bytes)

Stack: [0x000000f986f00000,0x000000f987000000]
Native frames: (J=compiled Java code, j=interpreted, Vv=VM code, C=native code)
V  [jvm.dll+0x5dfa5a]
V  [jvm.dll+0x7175ce]
V  [jvm.dll+0x718c9f]
V  [jvm.dll+0x719363]
V  [jvm.dll+0x240e48]
V  [jvm.dll+0xb96ac]
V  [jvm.dll+0xb9dac]
V  [jvm.dll+0x346387]
V  [jvm.dll+0x193831]
V  [jvm.dll+0x1faa32]
V  [jvm.dll+0x1f9adf]
V  [jvm.dll+0x17e4ec]
V  [jvm.dll+0x208f27]
V  [jvm.dll+0x20710b]
V  [jvm.dll+0x6dc339]
V  [jvm.dll+0x6d53e4]
V  [jvm.dll+0x5de996]
C  [ucrtbase.dll+0x21bb2]
C  [KERNEL32.DLL+0x17034]
C  [ntdll.dll+0x52651]


---------------  P R O C E S S  ---------------

Threads class SMR info:
_java_thread_list=0x0000021454118300, length=33, elements={
0x000002145223a800, 0x000002145223c000, 0x0000021452aa4800, 0x0000021452aa5800,
0x0000021452aa6800, 0x0000021452ab9000, 0x0000021452abe800, 0x0000021452bfd800,
0x0000021453329800, 0x000002145332a000, 0x000002145425a800, 0x0000021459786800,
0x0000021456155800, 0x00000214565c3800, 0x0000021455a38800, 0x0000021457cc8800,
0x000002145ca1a000, 0x000002145ca19000, 0x000002145ca1b000, 0x000002145ca18800,
0x000002145621c800, 0x0000021456221000, 0x000002145621b800, 0x0000021456222000,
0x000002145621e000, 0x000002145621e800, 0x0000021456220800, 0x000002145621f800,
0x0000021456223000, 0x000002145621d000, 0x0000021456225800, 0x0000021455fad000,
0x000002145790e000
}

Java Threads: ( => current thread )
  0x000002145223a800 JavaThread "Reference Handler" daemon [_thread_blocked, id=11220, stack(0x000000f987800000,0x000000f987900000)]
  0x000002145223c000 JavaThread "Finalizer" daemon [_thread_blocked, id=10852, stack(0x000000f987900000,0x000000f987a00000)]
  0x0000021452aa4800 JavaThread "Signal Dispatcher" daemon [_thread_blocked, id=18752, stack(0x000000f987a00000,0x000000f987b00000)]
  0x0000021452aa5800 JavaThread "Attach Listener" daemon [_thread_blocked, id=3840, stack(0x000000f987b00000,0x000000f987c00000)]
  0x0000021452aa6800 JavaThread "C2 CompilerThread0" daemon [_thread_blocked, id=10468, stack(0x000000f987c00000,0x000000f987d00000)]
  0x0000021452ab9000 JavaThread "C1 CompilerThread0" daemon [_thread_blocked, id=10564, stack(0x000000f987d00000,0x000000f987e00000)]
  0x0000021452abe800 JavaThread "Sweeper thread" daemon [_thread_blocked, id=16888, stack(0x000000f987e00000,0x000000f987f00000)]
  0x0000021452bfd800 JavaThread "Common-Cleaner" daemon [_thread_blocked, id=13736, stack(0x000000f987f00000,0x000000f988000000)]
  0x0000021453329800 JavaThread "Monitor Ctrl-Break" daemon [_thread_in_native, id=5980, stack(0x000000f988200000,0x000000f988300000)]
  0x000002145332a000 JavaThread "Service Thread" daemon [_thread_blocked, id=11492, stack(0x000000f988300000,0x000000f988400000)]
  0x000002145425a800 JavaThread "mssql-jdbc-shared-timer-core-0" daemon [_thread_blocked, id=14216, stack(0x000000f988f00000,0x000000f989000000)]
  0x0000021459786800 JavaThread "HikariPool-1 housekeeper" daemon [_thread_blocked, id=11128, stack(0x000000f989000000,0x000000f989100000)]
  0x0000021456155800 JavaThread "Catalina-utility-1" [_thread_blocked, id=5572, stack(0x000000f987000000,0x000000f987100000)]
  0x00000214565c3800 JavaThread "Catalina-utility-2" [_thread_blocked, id=17908, stack(0x000000f988a00000,0x000000f988b00000)]
  0x0000021455a38800 JavaThread "container-0" [_thread_blocked, id=7212, stack(0x000000f989100000,0x000000f989200000)]
  0x0000021457cc8800 JavaThread "File Watcher" daemon [_thread_in_native, id=11768, stack(0x000000f989200000,0x000000f989300000)]
  0x000002145ca1a000 JavaThread "Live Reload Server" daemon [_thread_in_native, id=3024, stack(0x000000f989300000,0x000000f989400000)]
  0x000002145ca19000 JavaThread "http-nio-6789-BlockPoller" daemon [_thread_in_native, id=20176, stack(0x000000f989400000,0x000000f989500000)]
  0x000002145ca1b000 JavaThread "http-nio-6789-exec-1" daemon [_thread_blocked, id=18628, stack(0x000000f989500000,0x000000f989600000)]
  0x000002145ca18800 JavaThread "http-nio-6789-exec-2" daemon [_thread_blocked, id=19416, stack(0x000000f989600000,0x000000f989700000)]
  0x000002145621c800 JavaThread "http-nio-6789-exec-3" daemon [_thread_blocked, id=17020, stack(0x000000f989700000,0x000000f989800000)]
  0x0000021456221000 JavaThread "http-nio-6789-exec-4" daemon [_thread_blocked, id=18300, stack(0x000000f989800000,0x000000f989900000)]
  0x000002145621b800 JavaThread "http-nio-6789-exec-5" daemon [_thread_blocked, id=21496, stack(0x000000f989900000,0x000000f989a00000)]
  0x0000021456222000 JavaThread "http-nio-6789-exec-6" daemon [_thread_blocked, id=14192, stack(0x000000f989a00000,0x000000f989b00000)]
  0x000002145621e000 JavaThread "http-nio-6789-exec-7" daemon [_thread_blocked, id=2532, stack(0x000000f989b00000,0x000000f989c00000)]
  0x000002145621e800 JavaThread "http-nio-6789-exec-8" daemon [_thread_blocked, id=9396, stack(0x000000f989c00000,0x000000f989d00000)]
  0x0000021456220800 JavaThread "http-nio-6789-exec-9" daemon [_thread_blocked, id=16792, stack(0x000000f989d00000,0x000000f989e00000)]
  0x000002145621f800 JavaThread "http-nio-6789-exec-10" daemon [_thread_blocked, id=8108, stack(0x000000f989e00000,0x000000f989f00000)]
  0x0000021456223000 JavaThread "http-nio-6789-ClientPoller" daemon [_thread_in_native, id=19244, stack(0x000000f989f00000,0x000000f98a000000)]
  0x000002145621d000 JavaThread "http-nio-6789-Acceptor" daemon [_thread_in_native, id=17004, stack(0x000000f98a000000,0x000000f98a100000)]
  0x0000021456225800 JavaThread "DestroyJavaVM" [_thread_blocked, id=13492, stack(0x000000f987100000,0x000000f987200000)]
  0x0000021455fad000 JavaThread "C2 CompilerThread1" daemon [_thread_in_native, id=3672, stack(0x000000f986e00000,0x000000f986f00000)]
=>0x000002145790e000 JavaThread "C2 CompilerThread2" daemon [_thread_in_native, id=2096, stack(0x000000f986f00000,0x000000f987000000)]

Other Threads:
  0x0000021452225800 VMThread "VM Thread" [stack: 0x000000f987700000,0x000000f987800000] [id=15708]
  0x000002145332b000 WatcherThread [stack: 0x000000f988400000,0x000000f988500000] [id=12276]
  0x0000021431374800 GCTaskThread "GC Thread#0" [stack: 0x000000f987200000,0x000000f987300000] [id=12324]
  0x0000021453bdb000 GCTaskThread "GC Thread#1" [stack: 0x000000f988000000,0x000000f988100000] [id=16232]
  0x0000021453644800 GCTaskThread "GC Thread#2" [stack: 0x000000f988100000,0x000000f988200000] [id=11840]
  0x0000021453b93000 GCTaskThread "GC Thread#3" [stack: 0x000000f988700000,0x000000f988800000] [id=2808]
  0x0000021453b94000 GCTaskThread "GC Thread#4" [stack: 0x000000f988800000,0x000000f988900000] [id=19828]
  0x0000021453c51800 GCTaskThread "GC Thread#5" [stack: 0x000000f988900000,0x000000f988a00000] [id=6688]
  0x0000021454001800 GCTaskThread "GC Thread#6" [stack: 0x000000f988c00000,0x000000f988d00000] [id=11584]
  0x000002145416a800 GCTaskThread "GC Thread#7" [stack: 0x000000f988d00000,0x000000f988e00000] [id=21168]
  0x00000214313a4000 ConcurrentGCThread "G1 Main Marker" [stack: 0x000000f987300000,0x000000f987400000] [id=14424]
  0x00000214313a5800 ConcurrentGCThread "G1 Conc#0" [stack: 0x000000f987400000,0x000000f987500000] [id=16896]
  0x00000214540f0800 ConcurrentGCThread "G1 Conc#1" [stack: 0x000000f988e00000,0x000000f988f00000] [id=4596]
  0x000002143142e000 ConcurrentGCThread "G1 Refine#0" [stack: 0x000000f987500000,0x000000f987600000] [id=4444]
  0x0000021452090800 ConcurrentGCThread "G1 Young RemSet Sampling" [stack: 0x000000f987600000,0x000000f987700000] [id=20096]

Threads with active compile tasks:
C2 CompilerThread1 314599 7685       4       org.springframework.transaction.interceptor.AbstractFallbackTransactionAttributeSource::getTransactionAttribute (186 bytes)
C2 CompilerThread2 314599 7619       4       org.springframework.util.AntPathMatcher::doMatch (619 bytes)

VM state:not at safepoint (normal execution)

VM Mutex/Monitor currently owned by a thread: None

Heap address: 0x0000000081c00000, size: 2020 MB, Compressed Oops mode: 32-bit
Narrow klass base: 0x0000000000000000, Narrow klass shift: 3
Compressed class space size: 1073741824 Address: 0x0000000100000000

Heap:
 garbage-first heap   total 189440K, used 130114K [0x0000000081c00000, 0x0000000100000000)
  region size 1024K, 102 young (104448K), 6 survivors (6144K)
 Metaspace       used 80181K, capacity 82074K, committed 82432K, reserved 1120256K
  class space    used 10166K, capacity 10892K, committed 11008K, reserved 1048576K
Heap Regions: E=young(eden), S=young(survivor), O=old, HS=humongous(starts), HC=humongous(continues), CS=collection set, F=free, A=archive, TAMS=top-at-mark-start (previous, next)
|   0|0x0000000081c00000, 0x0000000081d00000, 0x0000000081d00000|100%|HS|  |TAMS 0x0000000081d00000, 0x0000000081c00000| Complete 
|   1|0x0000000081d00000, 0x0000000081e00000, 0x0000000081e00000|100%| O|  |TAMS 0x0000000081e00000, 0x0000000081d00000| Untracked 
|   2|0x0000000081e00000, 0x0000000081f00000, 0x0000000081f00000|100%| O|  |TAMS 0x0000000081f00000, 0x0000000081e00000| Untracked 
|   3|0x0000000081f00000, 0x0000000082000000, 0x0000000082000000|100%| O|  |TAMS 0x0000000082000000, 0x0000000081f00000| Untracked 
|   4|0x0000000082000000, 0x0000000082100000, 0x0000000082100000|100%| O|  |TAMS 0x0000000082100000, 0x0000000082000000| Untracked 
|   5|0x0000000082100000, 0x0000000082200000, 0x0000000082200000|100%| O|  |TAMS 0x0000000082200000, 0x0000000082100000| Untracked 
|   6|0x0000000082200000, 0x0000000082300000, 0x0000000082300000|100%| O|  |TAMS 0x0000000082300000, 0x0000000082200000| Untracked 
|   7|0x0000000082300000, 0x0000000082400000, 0x0000000082400000|100%| O|  |TAMS 0x0000000082400000, 0x0000000082300000| Untracked 
|   8|0x0000000082400000, 0x0000000082500000, 0x0000000082500000|100%| O|  |TAMS 0x0000000082500000, 0x0000000082400000| Untracked 
|   9|0x0000000082500000, 0x0000000082600000, 0x0000000082600000|100%| O|  |TAMS 0x0000000082600000, 0x0000000082500000| Untracked 
|  10|0x0000000082600000, 0x0000000082700000, 0x0000000082700000|100%| O|  |TAMS 0x0000000082700000, 0x0000000082600000| Untracked 
|  11|0x0000000082700000, 0x0000000082800000, 0x0000000082800000|100%| O|  |TAMS 0x0000000082800000, 0x0000000082700000| Untracked 
|  12|0x0000000082800000, 0x0000000082900000, 0x0000000082900000|100%| O|  |TAMS 0x0000000082900000, 0x0000000082800000| Untracked 
|  13|0x0000000082900000, 0x0000000082a00000, 0x0000000082a00000|100%| O|  |TAMS 0x0000000082a00000, 0x0000000082900000| Untracked 
|  14|0x0000000082a00000, 0x0000000082b00000, 0x0000000082b00000|100%| O|  |TAMS 0x0000000082b00000, 0x0000000082a00000| Untracked 
|  15|0x0000000082b00000, 0x0000000082c00000, 0x0000000082c00000|100%| O|  |TAMS 0x0000000082b15400, 0x0000000082b00000| Untracked 
|  16|0x0000000082c00000, 0x0000000082d00000, 0x0000000082d00000|100%| O|  |TAMS 0x0000000082c00000, 0x0000000082c00000| Untracked 
|  17|0x0000000082d00000, 0x0000000082e00000, 0x0000000082e00000|100%| O|  |TAMS 0x0000000082d00000, 0x0000000082d00000| Untracked 
|  18|0x0000000082e00000, 0x0000000082f00000, 0x0000000082f00000|100%| O|  |TAMS 0x0000000082e00000, 0x0000000082e00000| Untracked 
|  19|0x0000000082f00000, 0x0000000083000000, 0x0000000083000000|100%| O|  |TAMS 0x0000000082f00000, 0x0000000082f00000| Untracked 
|  20|0x0000000083000000, 0x0000000083100000, 0x0000000083100000|100%| O|  |TAMS 0x0000000083000000, 0x0000000083000000| Untracked 
|  21|0x0000000083100000, 0x0000000083200000, 0x0000000083200000|100%| O|  |TAMS 0x0000000083100000, 0x0000000083100000| Untracked 
|  22|0x0000000083200000, 0x0000000083300000, 0x0000000083300000|100%| O|  |TAMS 0x0000000083200000, 0x0000000083200000| Untracked 
|  23|0x0000000083300000, 0x0000000083400000, 0x0000000083400000|100%| O|  |TAMS 0x0000000083300000, 0x0000000083300000| Untracked 
|  24|0x0000000083400000, 0x0000000083500000, 0x0000000083500000|100%| O|  |TAMS 0x0000000083400000, 0x0000000083400000| Untracked 
|  25|0x0000000083500000, 0x0000000083600000, 0x0000000083600000|100%| O|  |TAMS 0x0000000083500000, 0x0000000083500000| Untracked 
|  26|0x0000000083600000, 0x000000008365a400, 0x0000000083700000| 35%| O|  |TAMS 0x0000000083600000, 0x0000000083600000| Untracked 
|  27|0x0000000083700000, 0x0000000083700000, 0x0000000083800000|  0%| F|  |TAMS 0x0000000083700000, 0x0000000083700000| Untracked 
|  28|0x0000000083800000, 0x0000000083800000, 0x0000000083900000|  0%| F|  |TAMS 0x0000000083800000, 0x0000000083800000| Untracked 
|  29|0x0000000083900000, 0x0000000083900000, 0x0000000083a00000|  0%| F|  |TAMS 0x0000000083900000, 0x0000000083900000| Untracked 
|  30|0x0000000083a00000, 0x0000000083a00000, 0x0000000083b00000|  0%| F|  |TAMS 0x0000000083a00000, 0x0000000083a00000| Untracked 
|  31|0x0000000083b00000, 0x0000000083b00000, 0x0000000083c00000|  0%| F|  |TAMS 0x0000000083b00000, 0x0000000083b00000| Untracked 
|  32|0x0000000083c00000, 0x0000000083c00000, 0x0000000083d00000|  0%| F|  |TAMS 0x0000000083c00000, 0x0000000083c00000| Untracked 
|  33|0x0000000083d00000, 0x0000000083d00000, 0x0000000083e00000|  0%| F|  |TAMS 0x0000000083d00000, 0x0000000083d00000| Untracked 
|  34|0x0000000083e00000, 0x0000000083e00000, 0x0000000083f00000|  0%| F|  |TAMS 0x0000000083e00000, 0x0000000083e00000| Untracked 
|  35|0x0000000083f00000, 0x0000000083f00000, 0x0000000084000000|  0%| F|  |TAMS 0x0000000083f00000, 0x0000000083f00000| Untracked 
|  36|0x0000000084000000, 0x0000000084000000, 0x0000000084100000|  0%| F|  |TAMS 0x0000000084000000, 0x0000000084000000| Untracked 
|  37|0x0000000084100000, 0x0000000084100000, 0x0000000084200000|  0%| F|  |TAMS 0x0000000084100000, 0x0000000084100000| Untracked 
|  38|0x0000000084200000, 0x0000000084200000, 0x0000000084300000|  0%| F|  |TAMS 0x0000000084200000, 0x0000000084200000| Untracked 
|  39|0x0000000084300000, 0x0000000084300000, 0x0000000084400000|  0%| F|  |TAMS 0x0000000084300000, 0x0000000084300000| Untracked 
|  40|0x0000000084400000, 0x0000000084400000, 0x0000000084500000|  0%| F|  |TAMS 0x0000000084400000, 0x0000000084400000| Untracked 
|  41|0x0000000084500000, 0x0000000084500000, 0x0000000084600000|  0%| F|  |TAMS 0x0000000084500000, 0x0000000084500000| Untracked 
|  42|0x0000000084600000, 0x0000000084600000, 0x0000000084700000|  0%| F|  |TAMS 0x0000000084600000, 0x0000000084600000| Untracked 
|  43|0x0000000084700000, 0x0000000084700000, 0x0000000084800000|  0%| F|  |TAMS 0x0000000084700000, 0x0000000084700000| Untracked 
|  44|0x0000000084800000, 0x0000000084800000, 0x0000000084900000|  0%| F|  |TAMS 0x0000000084800000, 0x0000000084800000| Untracked 
|  45|0x0000000084900000, 0x0000000084900000, 0x0000000084a00000|  0%| F|  |TAMS 0x0000000084900000, 0x0000000084900000| Untracked 
|  46|0x0000000084a00000, 0x0000000084a00000, 0x0000000084b00000|  0%| F|  |TAMS 0x0000000084a00000, 0x0000000084a00000| Untracked 
|  47|0x0000000084b00000, 0x0000000084b00000, 0x0000000084c00000|  0%| F|  |TAMS 0x0000000084b00000, 0x0000000084b00000| Untracked 
|  48|0x0000000084c00000, 0x0000000084c00000, 0x0000000084d00000|  0%| F|  |TAMS 0x0000000084c00000, 0x0000000084c00000| Untracked 
|  49|0x0000000084d00000, 0x0000000084d00000, 0x0000000084e00000|  0%| F|  |TAMS 0x0000000084d00000, 0x0000000084d00000| Untracked 
|  50|0x0000000084e00000, 0x0000000084e00000, 0x0000000084f00000|  0%| F|  |TAMS 0x0000000084e00000, 0x0000000084e00000| Untracked 
|  51|0x0000000084f00000, 0x0000000084f00000, 0x0000000085000000|  0%| F|  |TAMS 0x0000000084f00000, 0x0000000084f00000| Untracked 
|  52|0x0000000085000000, 0x0000000085000000, 0x0000000085100000|  0%| F|  |TAMS 0x0000000085000000, 0x0000000085000000| Untracked 
|  53|0x0000000085100000, 0x0000000085100000, 0x0000000085200000|  0%| F|  |TAMS 0x0000000085100000, 0x0000000085100000| Untracked 
|  54|0x0000000085200000, 0x0000000085200000, 0x0000000085300000|  0%| F|  |TAMS 0x0000000085200000, 0x0000000085200000| Untracked 
|  55|0x0000000085300000, 0x0000000085300000, 0x0000000085400000|  0%| F|  |TAMS 0x0000000085300000, 0x0000000085300000| Untracked 
|  56|0x0000000085400000, 0x0000000085400000, 0x0000000085500000|  0%| F|  |TAMS 0x0000000085400000, 0x0000000085400000| Untracked 
|  57|0x0000000085500000, 0x0000000085500000, 0x0000000085600000|  0%| F|  |TAMS 0x0000000085500000, 0x0000000085500000| Untracked 
|  58|0x0000000085600000, 0x0000000085600000, 0x0000000085700000|  0%| F|  |TAMS 0x0000000085600000, 0x0000000085600000| Untracked 
|  59|0x0000000085700000, 0x0000000085700000, 0x0000000085800000|  0%| F|  |TAMS 0x0000000085700000, 0x0000000085700000| Untracked 
|  60|0x0000000085800000, 0x0000000085800000, 0x0000000085900000|  0%| F|  |TAMS 0x0000000085800000, 0x0000000085800000| Untracked 
|  61|0x0000000085900000, 0x0000000085900000, 0x0000000085a00000|  0%| F|  |TAMS 0x0000000085900000, 0x0000000085900000| Untracked 
|  62|0x0000000085a00000, 0x0000000085a00000, 0x0000000085b00000|  0%| F|  |TAMS 0x0000000085a00000, 0x0000000085a00000| Untracked 
|  63|0x0000000085b00000, 0x0000000085b00000, 0x0000000085c00000|  0%| F|  |TAMS 0x0000000085b00000, 0x0000000085b00000| Untracked 
|  64|0x0000000085c00000, 0x0000000085c00000, 0x0000000085d00000|  0%| F|  |TAMS 0x0000000085c00000, 0x0000000085c00000| Untracked 
|  65|0x0000000085d00000, 0x0000000085d00000, 0x0000000085e00000|  0%| F|  |TAMS 0x0000000085d00000, 0x0000000085d00000| Untracked 
|  66|0x0000000085e00000, 0x0000000085e00000, 0x0000000085f00000|  0%| F|  |TAMS 0x0000000085e00000, 0x0000000085e00000| Untracked 
|  67|0x0000000085f00000, 0x0000000085f00000, 0x0000000086000000|  0%| F|  |TAMS 0x0000000085f00000, 0x0000000085f00000| Untracked 
|  68|0x0000000086000000, 0x0000000086000000, 0x0000000086100000|  0%| F|  |TAMS 0x0000000086000000, 0x0000000086000000| Untracked 
|  69|0x0000000086100000, 0x0000000086100000, 0x0000000086200000|  0%| F|  |TAMS 0x0000000086100000, 0x0000000086100000| Untracked 
|  70|0x0000000086200000, 0x0000000086200000, 0x0000000086300000|  0%| F|  |TAMS 0x0000000086200000, 0x0000000086200000| Untracked 
|  71|0x0000000086300000, 0x0000000086300000, 0x0000000086400000|  0%| F|  |TAMS 0x0000000086300000, 0x0000000086300000| Untracked 
|  72|0x0000000086400000, 0x00000000864b65b0, 0x0000000086500000| 71%| S|CS|TAMS 0x0000000086400000, 0x0000000086400000| Complete 
|  73|0x0000000086500000, 0x0000000086600000, 0x0000000086600000|100%| S|CS|TAMS 0x0000000086500000, 0x0000000086500000| Complete 
|  74|0x0000000086600000, 0x0000000086600000, 0x0000000086700000|  0%| F|  |TAMS 0x0000000086600000, 0x0000000086600000| Untracked 
|  75|0x0000000086700000, 0x0000000086700000, 0x0000000086800000|  0%| F|  |TAMS 0x0000000086700000, 0x0000000086700000| Untracked 
|  76|0x0000000086800000, 0x0000000086800000, 0x0000000086900000|  0%| F|  |TAMS 0x0000000086800000, 0x0000000086800000| Untracked 
|  77|0x0000000086900000, 0x0000000086900000, 0x0000000086a00000|  0%| F|  |TAMS 0x0000000086900000, 0x0000000086900000| Untracked 
|  78|0x0000000086a00000, 0x0000000086a00000, 0x0000000086b00000|  0%| F|  |TAMS 0x0000000086a00000, 0x0000000086a00000| Untracked 
|  79|0x0000000086b00000, 0x0000000086b00000, 0x0000000086c00000|  0%| F|  |TAMS 0x0000000086b00000, 0x0000000086b00000| Untracked 
|  80|0x0000000086c00000, 0x0000000086c00000, 0x0000000086d00000|  0%| F|  |TAMS 0x0000000086c00000, 0x0000000086c00000| Untracked 
|  81|0x0000000086d00000, 0x0000000086d00000, 0x0000000086e00000|  0%| F|  |TAMS 0x0000000086d00000, 0x0000000086d00000| Untracked 
|  82|0x0000000086e00000, 0x0000000086f00000, 0x0000000086f00000|100%| S|CS|TAMS 0x0000000086e00000, 0x0000000086e00000| Complete 
|  83|0x0000000086f00000, 0x0000000087000000, 0x0000000087000000|100%| S|CS|TAMS 0x0000000086f00000, 0x0000000086f00000| Complete 
|  84|0x0000000087000000, 0x0000000087100000, 0x0000000087100000|100%| S|CS|TAMS 0x0000000087000000, 0x0000000087000000| Complete 
|  85|0x0000000087100000, 0x0000000087200000, 0x0000000087200000|100%| S|CS|TAMS 0x0000000087100000, 0x0000000087100000| Complete 
|  86|0x0000000087200000, 0x0000000087200000, 0x0000000087300000|  0%| F|  |TAMS 0x0000000087200000, 0x0000000087200000| Untracked 
|  87|0x0000000087300000, 0x0000000087300000, 0x0000000087400000|  0%| F|  |TAMS 0x0000000087300000, 0x0000000087300000| Untracked 
|  88|0x0000000087400000, 0x0000000087400000, 0x0000000087500000|  0%| F|  |TAMS 0x0000000087400000, 0x0000000087400000| Untracked 
|  89|0x0000000087500000, 0x0000000087580800, 0x0000000087600000| 50%| E|  |TAMS 0x0000000087500000, 0x0000000087500000| Complete 
|  90|0x0000000087600000, 0x0000000087700000, 0x0000000087700000|100%| E|CS|TAMS 0x0000000087600000, 0x0000000087600000| Complete 
|  91|0x0000000087700000, 0x0000000087800000, 0x0000000087800000|100%| E|CS|TAMS 0x0000000087700000, 0x0000000087700000| Complete 
|  92|0x0000000087800000, 0x0000000087900000, 0x0000000087900000|100%| E|CS|TAMS 0x0000000087800000, 0x0000000087800000| Complete 
|  93|0x0000000087900000, 0x0000000087a00000, 0x0000000087a00000|100%| E|CS|TAMS 0x0000000087900000, 0x0000000087900000| Complete 
|  94|0x0000000087a00000, 0x0000000087b00000, 0x0000000087b00000|100%| E|CS|TAMS 0x0000000087a00000, 0x0000000087a00000| Complete 
|  95|0x0000000087b00000, 0x0000000087c00000, 0x0000000087c00000|100%| E|CS|TAMS 0x0000000087b00000, 0x0000000087b00000| Complete 
|  96|0x0000000087c00000, 0x0000000087d00000, 0x0000000087d00000|100%| E|CS|TAMS 0x0000000087c00000, 0x0000000087c00000| Complete 
|  97|0x0000000087d00000, 0x0000000087e00000, 0x0000000087e00000|100%| E|CS|TAMS 0x0000000087d00000, 0x0000000087d00000| Complete 
|  98|0x0000000087e00000, 0x0000000087f00000, 0x0000000087f00000|100%| E|CS|TAMS 0x0000000087e00000, 0x0000000087e00000| Complete 
|  99|0x0000000087f00000, 0x0000000088000000, 0x0000000088000000|100%| E|CS|TAMS 0x0000000087f00000, 0x0000000087f00000| Complete 
| 100|0x0000000088000000, 0x0000000088100000, 0x0000000088100000|100%| E|CS|TAMS 0x0000000088000000, 0x0000000088000000| Complete 
| 101|0x0000000088100000, 0x0000000088200000, 0x0000000088200000|100%| E|CS|TAMS 0x0000000088100000, 0x0000000088100000| Complete 
| 102|0x0000000088200000, 0x0000000088300000, 0x0000000088300000|100%| E|CS|TAMS 0x0000000088200000, 0x0000000088200000| Complete 
| 103|0x0000000088300000, 0x0000000088400000, 0x0000000088400000|100%| E|CS|TAMS 0x0000000088300000, 0x0000000088300000| Complete 
| 104|0x0000000088400000, 0x0000000088500000, 0x0000000088500000|100%| E|CS|TAMS 0x0000000088400000, 0x0000000088400000| Complete 
| 105|0x0000000088500000, 0x0000000088600000, 0x0000000088600000|100%| E|CS|TAMS 0x0000000088500000, 0x0000000088500000| Complete 
| 106|0x0000000088600000, 0x0000000088700000, 0x0000000088700000|100%| E|CS|TAMS 0x0000000088600000, 0x0000000088600000| Complete 
| 107|0x0000000088700000, 0x0000000088800000, 0x0000000088800000|100%| E|CS|TAMS 0x0000000088700000, 0x0000000088700000| Complete 
| 108|0x0000000088800000, 0x0000000088900000, 0x0000000088900000|100%| E|CS|TAMS 0x0000000088800000, 0x0000000088800000| Complete 
| 109|0x0000000088900000, 0x0000000088a00000, 0x0000000088a00000|100%| E|CS|TAMS 0x0000000088900000, 0x0000000088900000| Complete 
| 110|0x0000000088a00000, 0x0000000088b00000, 0x0000000088b00000|100%| E|CS|TAMS 0x0000000088a00000, 0x0000000088a00000| Complete 
| 111|0x0000000088b00000, 0x0000000088c00000, 0x0000000088c00000|100%| E|CS|TAMS 0x0000000088b00000, 0x0000000088b00000| Complete 
| 112|0x0000000088c00000, 0x0000000088d00000, 0x0000000088d00000|100%| E|CS|TAMS 0x0000000088c00000, 0x0000000088c00000| Complete 
| 113|0x0000000088d00000, 0x0000000088e00000, 0x0000000088e00000|100%| E|CS|TAMS 0x0000000088d00000, 0x0000000088d00000| Complete 
| 114|0x0000000088e00000, 0x0000000088f00000, 0x0000000088f00000|100%| E|CS|TAMS 0x0000000088e00000, 0x0000000088e00000| Complete 
| 115|0x0000000088f00000, 0x0000000089000000, 0x0000000089000000|100%| E|CS|TAMS 0x0000000088f00000, 0x0000000088f00000| Complete 
| 116|0x0000000089000000, 0x0000000089100000, 0x0000000089100000|100%| E|CS|TAMS 0x0000000089000000, 0x0000000089000000| Complete 
| 117|0x0000000089100000, 0x0000000089200000, 0x0000000089200000|100%| E|CS|TAMS 0x0000000089100000, 0x0000000089100000| Complete 
| 118|0x0000000089200000, 0x0000000089300000, 0x0000000089300000|100%| E|CS|TAMS 0x0000000089200000, 0x0000000089200000| Complete 
| 119|0x0000000089300000, 0x0000000089400000, 0x0000000089400000|100%| E|CS|TAMS 0x0000000089300000, 0x0000000089300000| Complete 
| 120|0x0000000089400000, 0x0000000089500000, 0x0000000089500000|100%| E|CS|TAMS 0x0000000089400000, 0x0000000089400000| Complete 
| 121|0x0000000089500000, 0x0000000089600000, 0x0000000089600000|100%| E|CS|TAMS 0x0000000089500000, 0x0000000089500000| Complete 
| 122|0x0000000089600000, 0x0000000089700000, 0x0000000089700000|100%| E|CS|TAMS 0x0000000089600000, 0x0000000089600000| Complete 
| 123|0x0000000089700000, 0x0000000089800000, 0x0000000089800000|100%| E|CS|TAMS 0x0000000089700000, 0x0000000089700000| Complete 
| 124|0x0000000089800000, 0x0000000089900000, 0x0000000089900000|100%| E|CS|TAMS 0x0000000089800000, 0x0000000089800000| Complete 
| 125|0x0000000089900000, 0x0000000089a00000, 0x0000000089a00000|100%| E|CS|TAMS 0x0000000089900000, 0x0000000089900000| Complete 
| 126|0x0000000089a00000, 0x0000000089b00000, 0x0000000089b00000|100%| E|CS|TAMS 0x0000000089a00000, 0x0000000089a00000| Complete 
| 127|0x0000000089b00000, 0x0000000089c00000, 0x0000000089c00000|100%| E|CS|TAMS 0x0000000089b00000, 0x0000000089b00000| Complete 
| 128|0x0000000089c00000, 0x0000000089d00000, 0x0000000089d00000|100%| E|CS|TAMS 0x0000000089c00000, 0x0000000089c00000| Complete 
| 129|0x0000000089d00000, 0x0000000089e00000, 0x0000000089e00000|100%| E|CS|TAMS 0x0000000089d00000, 0x0000000089d00000| Complete 
| 130|0x0000000089e00000, 0x0000000089f00000, 0x0000000089f00000|100%| E|CS|TAMS 0x0000000089e00000, 0x0000000089e00000| Complete 
| 131|0x0000000089f00000, 0x000000008a000000, 0x000000008a000000|100%| E|CS|TAMS 0x0000000089f00000, 0x0000000089f00000| Complete 
| 132|0x000000008a000000, 0x000000008a100000, 0x000000008a100000|100%| E|CS|TAMS 0x000000008a000000, 0x000000008a000000| Complete 
| 133|0x000000008a100000, 0x000000008a200000, 0x000000008a200000|100%| E|CS|TAMS 0x000000008a100000, 0x000000008a100000| Complete 
| 134|0x000000008a200000, 0x000000008a300000, 0x000000008a300000|100%| E|CS|TAMS 0x000000008a200000, 0x000000008a200000| Complete 
| 135|0x000000008a300000, 0x000000008a400000, 0x000000008a400000|100%| E|CS|TAMS 0x000000008a300000, 0x000000008a300000| Complete 
| 136|0x000000008a400000, 0x000000008a500000, 0x000000008a500000|100%| E|CS|TAMS 0x000000008a400000, 0x000000008a400000| Complete 
| 137|0x000000008a500000, 0x000000008a600000, 0x000000008a600000|100%| E|CS|TAMS 0x000000008a500000, 0x000000008a500000| Complete 
| 138|0x000000008a600000, 0x000000008a700000, 0x000000008a700000|100%| E|CS|TAMS 0x000000008a600000, 0x000000008a600000| Complete 
| 139|0x000000008a700000, 0x000000008a800000, 0x000000008a800000|100%| E|CS|TAMS 0x000000008a700000, 0x000000008a700000| Complete 
| 140|0x000000008a800000, 0x000000008a900000, 0x000000008a900000|100%| E|CS|TAMS 0x000000008a800000, 0x000000008a800000| Complete 
| 141|0x000000008a900000, 0x000000008aa00000, 0x000000008aa00000|100%| E|CS|TAMS 0x000000008a900000, 0x000000008a900000| Complete 
| 142|0x000000008aa00000, 0x000000008ab00000, 0x000000008ab00000|100%| E|CS|TAMS 0x000000008aa00000, 0x000000008aa00000| Complete 
| 143|0x000000008ab00000, 0x000000008ac00000, 0x000000008ac00000|100%| E|CS|TAMS 0x000000008ab00000, 0x000000008ab00000| Complete 
| 144|0x000000008ac00000, 0x000000008ad00000, 0x000000008ad00000|100%| E|CS|TAMS 0x000000008ac00000, 0x000000008ac00000| Complete 
| 145|0x000000008ad00000, 0x000000008ae00000, 0x000000008ae00000|100%| E|CS|TAMS 0x000000008ad00000, 0x000000008ad00000| Complete 
| 146|0x000000008ae00000, 0x000000008af00000, 0x000000008af00000|100%| E|CS|TAMS 0x000000008ae00000, 0x000000008ae00000| Complete 
| 147|0x000000008af00000, 0x000000008b000000, 0x000000008b000000|100%| E|CS|TAMS 0x000000008af00000, 0x000000008af00000| Complete 
| 148|0x000000008b000000, 0x000000008b100000, 0x000000008b100000|100%| E|CS|TAMS 0x000000008b000000, 0x000000008b000000| Complete 
| 149|0x000000008b100000, 0x000000008b200000, 0x000000008b200000|100%| E|CS|TAMS 0x000000008b100000, 0x000000008b100000| Complete 
| 150|0x000000008b200000, 0x000000008b300000, 0x000000008b300000|100%| E|CS|TAMS 0x000000008b200000, 0x000000008b200000| Complete 
| 151|0x000000008b300000, 0x000000008b400000, 0x000000008b400000|100%| E|CS|TAMS 0x000000008b300000, 0x000000008b300000| Complete 
| 152|0x000000008b400000, 0x000000008b500000, 0x000000008b500000|100%| E|CS|TAMS 0x000000008b400000, 0x000000008b400000| Complete 
| 153|0x000000008b500000, 0x000000008b600000, 0x000000008b600000|100%| E|CS|TAMS 0x000000008b500000, 0x000000008b500000| Complete 
| 154|0x000000008b600000, 0x000000008b700000, 0x000000008b700000|100%| E|CS|TAMS 0x000000008b600000, 0x000000008b600000| Complete 
| 155|0x000000008b700000, 0x000000008b800000, 0x000000008b800000|100%| E|CS|TAMS 0x000000008b700000, 0x000000008b700000| Complete 
| 156|0x000000008b800000, 0x000000008b900000, 0x000000008b900000|100%| E|CS|TAMS 0x000000008b800000, 0x000000008b800000| Complete 
| 157|0x000000008b900000, 0x000000008ba00000, 0x000000008ba00000|100%| E|CS|TAMS 0x000000008b900000, 0x000000008b900000| Complete 
| 158|0x000000008ba00000, 0x000000008bb00000, 0x000000008bb00000|100%| E|CS|TAMS 0x000000008ba00000, 0x000000008ba00000| Complete 
| 159|0x000000008bb00000, 0x000000008bc00000, 0x000000008bc00000|100%| E|CS|TAMS 0x000000008bb00000, 0x000000008bb00000| Complete 
| 160|0x000000008bc00000, 0x000000008bd00000, 0x000000008bd00000|100%| E|CS|TAMS 0x000000008bc00000, 0x000000008bc00000| Complete 
| 161|0x000000008bd00000, 0x000000008be00000, 0x000000008be00000|100%| E|CS|TAMS 0x000000008bd00000, 0x000000008bd00000| Complete 
| 162|0x000000008be00000, 0x000000008bf00000, 0x000000008bf00000|100%| E|CS|TAMS 0x000000008be00000, 0x000000008be00000| Complete 
| 163|0x000000008bf00000, 0x000000008c000000, 0x000000008c000000|100%| E|CS|TAMS 0x000000008bf00000, 0x000000008bf00000| Complete 
| 164|0x000000008c000000, 0x000000008c100000, 0x000000008c100000|100%| E|CS|TAMS 0x000000008c000000, 0x000000008c000000| Complete 
| 165|0x000000008c100000, 0x000000008c200000, 0x000000008c200000|100%| E|CS|TAMS 0x000000008c100000, 0x000000008c100000| Complete 
| 166|0x000000008c200000, 0x000000008c300000, 0x000000008c300000|100%| E|CS|TAMS 0x000000008c200000, 0x000000008c200000| Complete 
| 167|0x000000008c300000, 0x000000008c400000, 0x000000008c400000|100%| E|CS|TAMS 0x000000008c300000, 0x000000008c300000| Complete 
| 168|0x000000008c400000, 0x000000008c500000, 0x000000008c500000|100%| E|CS|TAMS 0x000000008c400000, 0x000000008c400000| Complete 
| 169|0x000000008c500000, 0x000000008c600000, 0x000000008c600000|100%| E|CS|TAMS 0x000000008c500000, 0x000000008c500000| Complete 
| 170|0x000000008c600000, 0x000000008c700000, 0x000000008c700000|100%| E|CS|TAMS 0x000000008c600000, 0x000000008c600000| Complete 
| 171|0x000000008c700000, 0x000000008c800000, 0x000000008c800000|100%| E|CS|TAMS 0x000000008c700000, 0x000000008c700000| Complete 
| 172|0x000000008c800000, 0x000000008c900000, 0x000000008c900000|100%| E|CS|TAMS 0x000000008c800000, 0x000000008c800000| Complete 
| 173|0x000000008c900000, 0x000000008ca00000, 0x000000008ca00000|100%| E|CS|TAMS 0x000000008c900000, 0x000000008c900000| Complete 
| 174|0x000000008ca00000, 0x000000008cb00000, 0x000000008cb00000|100%| E|CS|TAMS 0x000000008ca00000, 0x000000008ca00000| Complete 
| 175|0x000000008cb00000, 0x000000008cc00000, 0x000000008cc00000|100%| E|CS|TAMS 0x000000008cb00000, 0x000000008cb00000| Complete 
| 176|0x000000008cc00000, 0x000000008cd00000, 0x000000008cd00000|100%| E|CS|TAMS 0x000000008cc00000, 0x000000008cc00000| Complete 
| 177|0x000000008cd00000, 0x000000008ce00000, 0x000000008ce00000|100%| E|CS|TAMS 0x000000008cd00000, 0x000000008cd00000| Complete 
| 178|0x000000008ce00000, 0x000000008cf00000, 0x000000008cf00000|100%| E|CS|TAMS 0x000000008ce00000, 0x000000008ce00000| Complete 
| 179|0x000000008cf00000, 0x000000008d000000, 0x000000008d000000|100%| E|CS|TAMS 0x000000008cf00000, 0x000000008cf00000| Complete 
| 180|0x000000008d000000, 0x000000008d100000, 0x000000008d100000|100%| E|CS|TAMS 0x000000008d000000, 0x000000008d000000| Complete 
| 181|0x000000008d100000, 0x000000008d200000, 0x000000008d200000|100%| E|CS|TAMS 0x000000008d100000, 0x000000008d100000| Complete 
| 182|0x000000008d200000, 0x000000008d300000, 0x000000008d300000|100%| E|CS|TAMS 0x000000008d200000, 0x000000008d200000| Complete 
| 183|0x000000008d300000, 0x000000008d400000, 0x000000008d400000|100%| E|CS|TAMS 0x000000008d300000, 0x000000008d300000| Complete 
| 184|0x000000008d400000, 0x000000008d500000, 0x000000008d500000|100%| E|CS|TAMS 0x000000008d400000, 0x000000008d400000| Complete 

Card table byte_map: [0x000002144b000000,0x000002144b400000] _byte_map_base: 0x000002144abf2000

Marking Bits (Prev, Next): (CMBitMap*) 0x000002143139b780, (CMBitMap*) 0x000002143139b748
 Prev Bits: [0x000002144d790000, 0x000002144f720000)
 Next Bits: [0x000002144b800000, 0x000002144d790000)

Polling page: 0x0000021431430000

Metaspace:

Usage:
  Non-class:     69.51 MB capacity,    68.37 MB ( 98%) used,   922.83 KB (  1%) free+waste,   244.00 KB ( <1%) overhead. 
      Class:     10.64 MB capacity,     9.93 MB ( 93%) used,   614.05 KB (  6%) free+waste,   111.38 KB (  1%) overhead. 
       Both:     80.15 MB capacity,    78.30 MB ( 98%) used,     1.50 MB (  2%) free+waste,   355.38 KB ( <1%) overhead. 

Virtual space:
  Non-class space:       70.00 MB reserved,      69.75 MB (>99%) committed 
      Class space:        1.00 GB reserved,      10.75 MB (  1%) committed 
             Both:        1.07 GB reserved,      80.50 MB (  7%) committed 

Chunk freelists:
   Non-Class:  50.00 KB
       Class:  20.00 KB
        Both:  70.00 KB

MaxMetaspaceSize: 17179869184.00 GB
CompressedClassSpaceSize: 1.00 GB

CodeHeap 'non-profiled nmethods': size=120000Kb used=5527Kb max_used=5527Kb free=114472Kb
 bounds [0x0000021442c60000, 0x00000214431d0000, 0x000002144a190000]
CodeHeap 'profiled nmethods': size=120000Kb used=16293Kb max_used=16293Kb free=103706Kb
 bounds [0x000002143b730000, 0x000002143c720000, 0x0000021442c60000]
CodeHeap 'non-nmethods': size=5760Kb used=1267Kb max_used=1304Kb free=4492Kb
 bounds [0x000002143b190000, 0x000002143b400000, 0x000002143b730000]
 total_blobs=8228 nmethods=7570 adapters=568
 compilation: enabled
              stopped_count=0, restarted_count=0
 full_count=0

Compilation events (20 events):
Event: 314.085 Thread 0x0000021455fad000 7682       4       org.apache.commons.logging.LogAdapter$Slf4jLog::isTraceEnabled (10 bytes)
Event: 314.085 Thread 0x0000021452ab9000 7683       3       org.springframework.web.servlet.HandlerInterceptor::postHandle (1 bytes)
Event: 314.085 Thread 0x0000021452ab9000 nmethod 7683 0x000002143c70b610 code [0x000002143c70b7c0, 0x000002143c70b8b8]
Event: 314.085 Thread 0x0000021452ab9000 7684       3       org.springframework.util.MimeType::isWildcardType (10 bytes)
Event: 314.085 Thread 0x0000021452ab9000 nmethod 7684 0x000002143c70b990 code [0x000002143c70bb40, 0x000002143c70bd08]
Event: 314.086 Thread 0x0000021455fad000 nmethod 7682 0x00000214431c1b90 code [0x00000214431c1d40, 0x00000214431c1de8]
Event: 314.086 Thread 0x0000021455fad000 7685       4       org.springframework.transaction.interceptor.AbstractFallbackTransactionAttributeSource::getTransactionAttribute (186 bytes)
Event: 314.088 Thread 0x0000021452ab9000 7686       3       java.util.Arrays::fill (21 bytes)
Event: 314.088 Thread 0x0000021452ab9000 nmethod 7686 0x000002143c70bd90 code [0x000002143c70bf40, 0x000002143c70c0d8]
Event: 314.088 Thread 0x0000021452ab9000 7688       3       org.attoparser.ParsingMarkupUtil::findNextOperatorCharWildcard (131 bytes)
Event: 314.089 Thread 0x0000021452ab9000 nmethod 7688 0x000002143c70c210 code [0x000002143c70c420, 0x000002143c70cbd8]
Event: 314.089 Thread 0x0000021452ab9000 7687       3       org.thymeleaf.engine.Attributes::searchAttribute (50 bytes)
Event: 314.089 Thread 0x0000021452ab9000 nmethod 7687 0x000002143c70cf10 code [0x000002143c70d0e0, 0x000002143c70d3b8]
Event: 314.089 Thread 0x0000021452ab9000 7689 %     3       sun.nio.cs.UTF_8$Encoder::encodeArrayLoop @ 73 (489 bytes)
Event: 314.093 Thread 0x0000021452ab9000 nmethod 7689% 0x000002143c70d510 code [0x000002143c70dae0, 0x000002143c710fc8]
Event: 314.093 Thread 0x0000021452ab9000 7691       3       org.apache.coyote.http11.Http11InputBuffer::parseRequestLine (1446 bytes)
Event: 314.099 Thread 0x0000021452ab9000 nmethod 7691 0x000002143c712110 code [0x000002143c712980, 0x000002143c717fd8]
Event: 314.099 Thread 0x0000021452ab9000 7690       3       org.apache.catalina.connector.Response::getStatus (8 bytes)
Event: 314.099 Thread 0x0000021452ab9000 nmethod 7690 0x000002143c719c90 code [0x000002143c719e40, 0x000002143c719f78]
Event: 314.127 Thread 0x0000021452aa6800 nmethod 7616 0x00000214431c1f10 code [0x00000214431c2220, 0x00000214431c43a0]

GC Heap History (20 events):
Event: 2.417 GC heap before
{Heap before GC invocations=2 (full 0):
 garbage-first heap   total 131072K, used 42334K [0x0000000081c00000, 0x0000000100000000)
  region size 1024K, 39 young (39936K), 4 survivors (4096K)
 Metaspace       used 20674K, capacity 21138K, committed 21248K, reserved 1069056K
  class space    used 2302K, capacity 2482K, committed 2560K, reserved 1048576K
}
Event: 2.425 GC heap after
{Heap after GC invocations=3 (full 0):
 garbage-first heap   total 131072K, used 10340K [0x0000000081c00000, 0x0000000100000000)
  region size 1024K, 6 young (6144K), 6 survivors (6144K)
 Metaspace       used 20674K, capacity 21138K, committed 21248K, reserved 1069056K
  class space    used 2302K, capacity 2482K, committed 2560K, reserved 1048576K
}
Event: 3.057 GC heap before
{Heap before GC invocations=4 (full 0):
 garbage-first heap   total 131072K, used 67684K [0x0000000081c00000, 0x0000000100000000)
  region size 1024K, 63 young (64512K), 6 survivors (6144K)
 Metaspace       used 24925K, capacity 25593K, committed 25728K, reserved 1071104K
  class space    used 2924K, capacity 3176K, committed 3200K, reserved 1048576K
}
Event: 3.064 GC heap after
{Heap after GC invocations=5 (full 0):
 garbage-first heap   total 131072K, used 12484K [0x0000000081c00000, 0x0000000100000000)
  region size 1024K, 5 young (5120K), 5 survivors (5120K)
 Metaspace       used 24925K, capacity 25593K, committed 25728K, reserved 1071104K
  class space    used 2924K, capacity 3176K, committed 3200K, reserved 1048576K
}
Event: 3.877 GC heap before
{Heap before GC invocations=5 (full 0):
 garbage-first heap   total 131072K, used 82116K [0x0000000081c00000, 0x0000000100000000)
  region size 1024K, 74 young (75776K), 5 survivors (5120K)
 Metaspace       used 30412K, capacity 31222K, committed 31360K, reserved 1077248K
  class space    used 3566K, capacity 3875K, committed 3968K, reserved 1048576K
}
Event: 3.886 GC heap after
{Heap after GC invocations=6 (full 0):
 garbage-first heap   total 157696K, used 13799K [0x0000000081c00000, 0x0000000100000000)
  region size 1024K, 6 young (6144K), 6 survivors (6144K)
 Metaspace       used 30412K, capacity 31222K, committed 31360K, reserved 1077248K
  class space    used 3566K, capacity 3875K, committed 3968K, reserved 1048576K
}
Event: 5.099 GC heap before
{Heap before GC invocations=6 (full 0):
 garbage-first heap   total 157696K, used 48615K [0x0000000081c00000, 0x0000000100000000)
  region size 1024K, 41 young (41984K), 6 survivors (6144K)
 Metaspace       used 34753K, capacity 35687K, committed 35840K, reserved 1081344K
  class space    used 4144K, capacity 4504K, committed 4608K, reserved 1048576K
}
Event: 5.110 GC heap after
{Heap after GC invocations=7 (full 0):
 garbage-first heap   total 157696K, used 15368K [0x0000000081c00000, 0x0000000100000000)
  region size 1024K, 7 young (7168K), 7 survivors (7168K)
 Metaspace       used 34753K, capacity 35687K, committed 35840K, reserved 1081344K
  class space    used 4144K, capacity 4504K, committed 4608K, reserved 1048576K
}
Event: 6.541 GC heap before
{Heap before GC invocations=8 (full 0):
 garbage-first heap   total 157696K, used 101384K [0x0000000081c00000, 0x0000000100000000)
  region size 1024K, 92 young (94208K), 7 survivors (7168K)
 Metaspace       used 40786K, capacity 41911K, committed 41984K, reserved 1085440K
  class space    used 4876K, capacity 5333K, committed 5376K, reserved 1048576K
}
Event: 6.551 GC heap after
{Heap after GC invocations=9 (full 0):
 garbage-first heap   total 157696K, used 18721K [0x0000000081c00000, 0x0000000100000000)
  region size 1024K, 9 young (9216K), 9 survivors (9216K)
 Metaspace       used 40786K, capacity 41911K, committed 41984K, reserved 1085440K
  class space    used 4876K, capacity 5333K, committed 5376K, reserved 1048576K
}
Event: 7.952 GC heap before
{Heap before GC invocations=9 (full 0):
 garbage-first heap   total 157696K, used 102689K [0x0000000081c00000, 0x0000000100000000)
  region size 1024K, 92 young (94208K), 9 survivors (9216K)
 Metaspace       used 47193K, capacity 48434K, committed 48640K, reserved 1091584K
  class space    used 5843K, capacity 6333K, committed 6400K, reserved 1048576K
}
Event: 7.966 GC heap after
{Heap after GC invocations=10 (full 0):
 garbage-first heap   total 157696K, used 21129K [0x0000000081c00000, 0x0000000100000000)
  region size 1024K, 8 young (8192K), 8 survivors (8192K)
 Metaspace       used 47193K, capacity 48434K, committed 48640K, reserved 1091584K
  class space    used 5843K, capacity 6333K, committed 6400K, reserved 1048576K
}
Event: 195.827 GC heap before
{Heap before GC invocations=10 (full 0):
 garbage-first heap   total 157696K, used 87689K [0x0000000081c00000, 0x0000000100000000)
  region size 1024K, 74 young (75776K), 8 survivors (8192K)
 Metaspace       used 58878K, capacity 60141K, committed 60160K, reserved 1101824K
  class space    used 7293K, capacity 7796K, committed 7808K, reserved 1048576K
}
Event: 195.839 GC heap after
{Heap after GC invocations=11 (full 0):
 garbage-first heap   total 189440K, used 26304K [0x0000000081c00000, 0x0000000100000000)
  region size 1024K, 11 young (11264K), 11 survivors (11264K)
 Metaspace       used 58878K, capacity 60141K, committed 60160K, reserved 1101824K
  class space    used 7293K, capacity 7796K, committed 7808K, reserved 1048576K
}
Event: 197.304 GC heap before
{Heap before GC invocations=12 (full 0):
 garbage-first heap   total 189440K, used 128704K [0x0000000081c00000, 0x0000000100000000)
  region size 1024K, 111 young (113664K), 11 survivors (11264K)
 Metaspace       used 70024K, capacity 71739K, committed 71808K, reserved 1112064K
  class space    used 8890K, capacity 9553K, committed 9600K, reserved 1048576K
}
Event: 197.312 GC heap after
{Heap after GC invocations=13 (full 0):
 garbage-first heap   total 189440K, used 28245K [0x0000000081c00000, 0x0000000100000000)
  region size 1024K, 8 young (8192K), 8 survivors (8192K)
 Metaspace       used 70024K, capacity 71739K, committed 71808K, reserved 1112064K
  class space    used 8890K, capacity 9553K, committed 9600K, reserved 1048576K
}
Event: 221.582 GC heap before
{Heap before GC invocations=13 (full 0):
 garbage-first heap   total 189440K, used 133717K [0x0000000081c00000, 0x0000000100000000)
  region size 1024K, 111 young (113664K), 8 survivors (8192K)
 Metaspace       used 75568K, capacity 77456K, committed 77696K, reserved 1116160K
  class space    used 9657K, capacity 10356K, committed 10368K, reserved 1048576K
}
Event: 221.589 GC heap after
{Heap after GC invocations=14 (full 0):
 garbage-first heap   total 189440K, used 31918K [0x0000000081c00000, 0x0000000100000000)
  region size 1024K, 12 young (12288K), 12 survivors (12288K)
 Metaspace       used 75568K, capacity 77456K, committed 77696K, reserved 1116160K
  class space    used 9657K, capacity 10356K, committed 10368K, reserved 1048576K
}
Event: 278.724 GC heap before
{Heap before GC invocations=14 (full 0):
 garbage-first heap   total 189440K, used 133294K [0x0000000081c00000, 0x0000000100000000)
  region size 1024K, 111 young (113664K), 12 survivors (12288K)
 Metaspace       used 75603K, capacity 77456K, committed 77696K, reserved 1116160K
  class space    used 9657K, capacity 10356K, committed 10368K, reserved 1048576K
}
Event: 278.733 GC heap after
{Heap after GC invocations=15 (full 0):
 garbage-first heap   total 189440K, used 32834K [0x0000000081c00000, 0x0000000100000000)
  region size 1024K, 6 young (6144K), 6 survivors (6144K)
 Metaspace       used 75603K, capacity 77456K, committed 77696K, reserved 1116160K
  class space    used 9657K, capacity 10356K, committed 10368K, reserved 1048576K
}

Deoptimization events (20 events):
Event: 313.824 Thread 0x000002145621b800 DEOPT PACKING pc=0x0000021442ea702c sp=0x000000f9899fcab0
Event: 313.824 Thread 0x000002145621b800 DEOPT UNPACKING pc=0x000002143b1b74af sp=0x000000f9899fca30 mode 2
Event: 313.825 Thread 0x000002145621b800 Uncommon trap: trap_request=0xffffff4d fr.pc=0x0000021442d0f710 relative=0x00000000000000b0
Event: 313.825 Thread 0x000002145621b800 Uncommon trap: reason=unstable_if action=reinterpret pc=0x0000021442d0f710 method=sun.net.www.ParseUtil.firstEncodeIndex(Ljava/lang/String;)I @ 73 c2
Event: 313.825 Thread 0x000002145621b800 DEOPT PACKING pc=0x0000021442d0f710 sp=0x000000f9899fb520
Event: 313.825 Thread 0x000002145621b800 DEOPT UNPACKING pc=0x000002143b1b74af sp=0x000000f9899fb4d8 mode 2
Event: 313.997 Thread 0x000002145621c800 DEOPT PACKING pc=0x000002143b8e4aa1 sp=0x000000f9897fc990
Event: 313.997 Thread 0x000002145621c800 DEOPT UNPACKING pc=0x000002143b1b72ce sp=0x000000f9897fbe88 mode 0
Event: 314.087 Thread 0x000002145ca18800 Uncommon trap: trap_request=0xffffff4d fr.pc=0x000002144319202c relative=0x000000000000016c
Event: 314.087 Thread 0x000002145ca18800 Uncommon trap: reason=unstable_if action=reinterpret pc=0x000002144319202c method=org.attoparser.ParsingMarkupUtil.findNextOperatorCharWildcard([CII[I)I @ 33 c2
Event: 314.087 Thread 0x000002145ca18800 DEOPT PACKING pc=0x000002144319202c sp=0x000000f9896fb550
Event: 314.087 Thread 0x000002145ca18800 DEOPT UNPACKING pc=0x000002143b1b74af sp=0x000000f9896fb4c0 mode 2
Event: 314.087 Thread 0x000002145ca18800 Uncommon trap: trap_request=0xffffff4d fr.pc=0x00000214431a2434 relative=0x00000000000001f4
Event: 314.087 Thread 0x000002145ca18800 Uncommon trap: reason=unstable_if action=reinterpret pc=0x00000214431a2434 method=org.attoparser.ParsingMarkupUtil.findNextNonOperatorCharWildcard([CII[I)I @ 33 c2
Event: 314.087 Thread 0x000002145ca18800 DEOPT PACKING pc=0x00000214431a2434 sp=0x000000f9896fb550
Event: 314.087 Thread 0x000002145ca18800 DEOPT UNPACKING pc=0x000002143b1b74af sp=0x000000f9896fb4c0 mode 2
Event: 314.088 Thread 0x000002145ca18800 Uncommon trap: trap_request=0xffffff4d fr.pc=0x0000021443199990 relative=0x0000000000000150
Event: 314.088 Thread 0x000002145ca18800 Uncommon trap: reason=unstable_if action=reinterpret pc=0x0000021443199990 method=org.attoparser.ParsingMarkupUtil.findNextNonWhitespaceCharWildcard([CII[I)I @ 47 c2
Event: 314.088 Thread 0x000002145ca18800 DEOPT PACKING pc=0x0000021443199990 sp=0x000000f9896fb550
Event: 314.088 Thread 0x000002145ca18800 DEOPT UNPACKING pc=0x000002143b1b74af sp=0x000000f9896fb4b8 mode 2

Classes redefined (0 events):
No events

Internal exceptions (20 events):
Event: 197.322 Thread 0x0000021453bea000 Exception <a 'java/lang/reflect/InvocationTargetException'{0x000000008d1176f0}> (0x000000008d1176f0) thrown at [./src/hotspot/share/runtime/reflection.cpp, line 1247]
Event: 197.343 Thread 0x0000021453bea000 Exception <a 'java/lang/ClassNotFoundException'{0x000000008d0469a0}: java/lang/ObjectCustomizer> (0x000000008d0469a0) thrown at [./src/hotspot/share/classfile/systemDictionary.cpp, line 231]
Event: 197.344 Thread 0x0000021453bea000 Exception <a 'java/lang/ClassNotFoundException'{0x000000008d0604a0}: org/springframework/security/config/annotation/web/configuration/WebSecurityConfigurationCustomizer> (0x000000008d0604a0) thrown at [./src/hotspot/share/classfile/systemDictionary.cpp, line 231]
Event: 197.344 Thread 0x0000021453bea000 Exception <a 'java/lang/ClassNotFoundException'{0x000000008d07bca8}: org/springframework/context/annotation/ImportAwareCustomizer> (0x000000008d07bca8) thrown at [./src/hotspot/share/classfile/systemDictionary.cpp, line 231]
Event: 197.345 Thread 0x0000021453bea000 Exception <a 'java/lang/ClassNotFoundException'{0x000000008d08bc70}: org/springframework/beans/factory/AwareCustomizer> (0x000000008d08bc70) thrown at [./src/hotspot/share/classfile/systemDictionary.cpp, line 231]
Event: 197.345 Thread 0x0000021453bea000 Exception <a 'java/lang/ClassNotFoundException'{0x000000008d09cea0}: org/springframework/beans/factory/BeanClassLoaderAwareCustomizer> (0x000000008d09cea0) thrown at [./src/hotspot/share/classfile/systemDictionary.cpp, line 231]
Event: 197.346 Thread 0x0000021453bea000 Exception <a 'java/lang/ClassNotFoundException'{0x000000008d0acc30}: org/springframework/beans/factory/AwareCustomizer> (0x000000008d0acc30) thrown at [./src/hotspot/share/classfile/systemDictionary.cpp, line 231]
Event: 197.409 Thread 0x0000021453bea000 Implicit null exception at 0x0000021442d7c95d to 0x0000021442d7ca16
Event: 197.696 Thread 0x0000021453bea000 Exception <a 'java/lang/IncompatibleClassChangeError'{0x000000008bbbffa0}: Found class java.lang.Object, but interface was expected> (0x000000008bbbffa0) thrown at [./src/hotspot/share/interpreter/linkResolver.cpp, line 839]
Event: 197.743 Thread 0x0000021453bea000 Exception <a 'java/lang/ClassNotFoundException'{0x000000008b8a8e20}: java/lang/ObjectCustomizer> (0x000000008b8a8e20) thrown at [./src/hotspot/share/classfile/systemDictionary.cpp, line 231]
Event: 197.744 Thread 0x0000021453bea000 Exception <a 'java/lang/ClassNotFoundException'{0x000000008b8c2938}: org/springframework/security/config/annotation/web/configuration/HttpSecurityConfigurationCustomizer> (0x000000008b8c2938) thrown at [./src/hotspot/share/classfile/systemDictionary.cpp, line 231]
Event: 197.759 Thread 0x0000021453bea000 Exception <a 'java/lang/NoSuchMethodError'{0x000000008b74e040}: 'java.lang.Object java.lang.invoke.DirectMethodHandle$Holder.invokeInterface(java.lang.Object, java.lang.Object, java.lang.Object, java.lang.Object)'> (0x000000008b74e040) thrown at [./src/hotspot/share/interpreter/linkResolver.cpp, line 773]
Event: 197.815 Thread 0x0000021453bea000 Exception <a 'java/lang/NoSuchMethodError'{0x000000008b35d518}: 'void java.lang.invoke.DirectMethodHandle$Holder.invokeVirtual(java.lang.Object, java.lang.Object, int)'> (0x000000008b35d518) thrown at [./src/hotspot/share/interpreter/linkResolver.cpp, line 773]
Event: 197.818 Thread 0x0000021453bea000 Exception <a 'java/lang/NoSuchMethodError'{0x000000008b3770e0}: 'void java.lang.invoke.DirectMethodHandle$Holder.invokeVirtual(java.lang.Object, java.lang.Object, long)'> (0x000000008b3770e0) thrown at [./src/hotspot/share/interpreter/linkResolver.cpp, line 773]
Event: 197.976 Thread 0x0000021453bea000 Exception <a 'java/lang/ClassNotFoundException'{0x000000008abadea0}: java/lang/ObjectCustomizer> (0x000000008abadea0) thrown at [./src/hotspot/share/classfile/systemDictionary.cpp, line 231]
Event: 197.976 Thread 0x0000021453bea000 Exception <a 'java/lang/ClassNotFoundException'{0x000000008abbfc88}: com/example/demo/entity/financeCustomizer> (0x000000008abbfc88) thrown at [./src/hotspot/share/classfile/systemDictionary.cpp, line 231]
Event: 198.601 Thread 0x0000021453bea000 Exception <a 'java/lang/NoSuchMethodError'{0x0000000089cd26a8}: 'java.lang.Object java.lang.invoke.DirectMethodHandle$Holder.invokeSpecial(java.lang.Object, java.lang.Object, int, java.lang.Object, int, java.lang.Object)'> (0x0000000089cd26a8) thrown at [./src/hotspot/share/interpreter/linkResolver.cpp, line 773]
Event: 198.601 Thread 0x0000021453bea000 Exception <a 'java/lang/NoSuchMethodError'{0x0000000089cd9e38}: 'java.lang.Object java.lang.invoke.DirectMethodHandle$Holder.invokeStatic(java.lang.Object, java.lang.Object, int, java.lang.Object, int)'> (0x0000000089cd9e38) thrown at [./src/hotspot/share/interpreter/linkResolver.cpp, line 773]
Event: 198.601 Thread 0x0000021453bea000 Exception <a 'java/lang/NoSuchMethodError'{0x0000000089cdd618}: 'java.lang.Object java.lang.invoke.DirectMethodHandle$Holder.invokeSpecial(java.lang.Object, java.lang.Object, java.lang.Object, int, java.lang.Object, int)'> (0x0000000089cdd618) thrown at [./src/hotspot/share/interpreter/linkResolver.cpp, line 773]
Event: 198.603 Thread 0x0000021453bea000 Exception <a 'java/lang/NoSuchMethodError'{0x0000000089ce72d0}: 'void java.lang.invoke.DirectMethodHandle$Holder.invokeVirtual(java.lang.Object, java.lang.Object)'> (0x0000000089ce72d0) thrown at [./src/hotspot/share/interpreter/linkResolver.cpp, line 773]

Events (20 events):
Event: 314.080 loading class org/springframework/web/bind/annotation/RequestPart
Event: 314.080 loading class org/springframework/web/bind/annotation/RequestPart done
Event: 314.080 loading class org/springframework/web/multipart/support/MultipartResolutionDelegate
Event: 314.080 loading class org/springframework/web/multipart/support/MultipartResolutionDelegate done
Event: 314.081 loading class org/springframework/web/bind/annotation/PathVariable
Event: 314.081 loading class org/springframework/web/bind/annotation/PathVariable done
Event: 314.081 loading class org/springframework/web/bind/annotation/MatrixVariable
Event: 314.081 loading class org/springframework/web/bind/annotation/MatrixVariable done
Event: 314.081 loading class org/springframework/web/bind/annotation/RequestBody
Event: 314.081 loading class org/springframework/web/bind/annotation/RequestBody done
Event: 314.081 loading class org/springframework/web/bind/annotation/RequestHeader
Event: 314.081 loading class org/springframework/web/bind/annotation/RequestHeader done
Event: 314.082 loading class org/springframework/web/bind/annotation/CookieValue
Event: 314.082 loading class org/springframework/web/bind/annotation/CookieValue done
Event: 314.082 loading class org/springframework/web/bind/annotation/SessionAttribute
Event: 314.082 loading class org/springframework/web/bind/annotation/SessionAttribute done
Event: 314.082 loading class org/springframework/web/bind/annotation/RequestAttribute
Event: 314.082 loading class org/springframework/web/bind/annotation/RequestAttribute done
Event: 314.086 Executing VM operation: RevokeBias
Event: 314.086 Executing VM operation: RevokeBias done


Dynamic libraries:
0x00007ff6fd520000 - 0x00007ff6fd52d000 	C:\Program Files\AdoptOpenJDK\jdk-11.0.8.10-hotspot\bin\java.exe
0x00007ff9eb7f0000 - 0x00007ff9eb9e5000 	C:\WINDOWS\SYSTEM32\ntdll.dll
0x00007ff9eaba0000 - 0x00007ff9eac5e000 	C:\WINDOWS\System32\KERNEL32.DLL
0x00007ff9e9570000 - 0x00007ff9e9839000 	C:\WINDOWS\System32\KERNELBASE.dll
0x00007ff9e9030000 - 0x00007ff9e9130000 	C:\WINDOWS\System32\ucrtbase.dll
0x00007ff9e5cd0000 - 0x00007ff9e5ce7000 	C:\Program Files\AdoptOpenJDK\jdk-11.0.8.10-hotspot\bin\jli.dll
0x00007ff9eb580000 - 0x00007ff9eb721000 	C:\WINDOWS\System32\USER32.dll
0x00007ff9e92f0000 - 0x00007ff9e9312000 	C:\WINDOWS\System32\win32u.dll
0x00007ff9cd1a0000 - 0x00007ff9cd43a000 	C:\WINDOWS\WinSxS\amd64_microsoft.windows.common-controls_6595b64144ccf1df_6.0.19041.1110_none_60b5254171f9507e\COMCTL32.dll
0x00007ff9e9840000 - 0x00007ff9e986b000 	C:\WINDOWS\System32\GDI32.dll
0x00007ff9e9c10000 - 0x00007ff9e9cae000 	C:\WINDOWS\System32\msvcrt.dll
0x00007ff9e91e0000 - 0x00007ff9e92eb000 	C:\WINDOWS\System32\gdi32full.dll
0x00007ff9e8f90000 - 0x00007ff9e902d000 	C:\WINDOWS\System32\msvcp_win.dll
0x00007ff9e5cb0000 - 0x00007ff9e5cc5000 	C:\Program Files\AdoptOpenJDK\jdk-11.0.8.10-hotspot\bin\VCRUNTIME140.dll
0x00007ff9e9be0000 - 0x00007ff9e9c10000 	C:\WINDOWS\System32\IMM32.DLL
0x00007ff9e0d40000 - 0x00007ff9e0ddb000 	C:\Program Files\AdoptOpenJDK\jdk-11.0.8.10-hotspot\bin\msvcp140.dll
0x00007ff9a04f0000 - 0x00007ff9a0fad000 	C:\Program Files\AdoptOpenJDK\jdk-11.0.8.10-hotspot\bin\server\jvm.dll
0x00007ff9e9cb0000 - 0x00007ff9e9d5c000 	C:\WINDOWS\System32\ADVAPI32.dll
0x00007ff9eb310000 - 0x00007ff9eb3ab000 	C:\WINDOWS\System32\sechost.dll
0x00007ff9e9ab0000 - 0x00007ff9e9bda000 	C:\WINDOWS\System32\RPCRT4.dll
0x00007ff9eb3b0000 - 0x00007ff9eb3b8000 	C:\WINDOWS\System32\PSAPI.DLL
0x00007ff9d78e0000 - 0x00007ff9d78e9000 	C:\WINDOWS\SYSTEM32\WSOCK32.dll
0x00007ff9e1dd0000 - 0x00007ff9e1dda000 	C:\WINDOWS\SYSTEM32\VERSION.dll
0x00007ff9db690000 - 0x00007ff9db6b7000 	C:\WINDOWS\SYSTEM32\WINMM.dll
0x00007ff9eab30000 - 0x00007ff9eab9b000 	C:\WINDOWS\System32\WS2_32.dll
0x00007ff9e7790000 - 0x00007ff9e77a2000 	C:\WINDOWS\SYSTEM32\kernel.appcore.dll
0x00007ff9e64c0000 - 0x00007ff9e64d0000 	C:\Program Files\AdoptOpenJDK\jdk-11.0.8.10-hotspot\bin\verify.dll
0x00007ff9e6d10000 - 0x00007ff9e6ef4000 	C:\WINDOWS\SYSTEM32\DBGHELP.DLL
0x00007ff9ce810000 - 0x00007ff9ce83c000 	C:\WINDOWS\SYSTEM32\dbgcore.DLL
0x00007ff9e9320000 - 0x00007ff9e93a3000 	C:\WINDOWS\System32\bcryptPrimitives.dll
0x00007ff9e4430000 - 0x00007ff9e4458000 	C:\Program Files\AdoptOpenJDK\jdk-11.0.8.10-hotspot\bin\java.dll
0x00007ff9e6490000 - 0x00007ff9e649a000 	C:\Program Files\AdoptOpenJDK\jdk-11.0.8.10-hotspot\bin\jimage.dll
0x00007ff9e5d00000 - 0x00007ff9e5d0e000 	C:\Program Files\AdoptOpenJDK\jdk-11.0.8.10-hotspot\bin\instrument.dll
0x00007ff9e5b40000 - 0x00007ff9e5b57000 	C:\Program Files\AdoptOpenJDK\jdk-11.0.8.10-hotspot\bin\zip.dll
0x00007ff9e9d60000 - 0x00007ff9ea49f000 	C:\WINDOWS\System32\SHELL32.dll
0x00007ff9e6ff0000 - 0x00007ff9e7780000 	C:\WINDOWS\SYSTEM32\windows.storage.dll
0x00007ff9eaea0000 - 0x00007ff9eb1f5000 	C:\WINDOWS\System32\combase.dll
0x00007ff9e8890000 - 0x00007ff9e88bc000 	C:\WINDOWS\SYSTEM32\Wldp.dll
0x00007ff9eb260000 - 0x00007ff9eb30e000 	C:\WINDOWS\System32\SHCORE.dll
0x00007ff9eb200000 - 0x00007ff9eb255000 	C:\WINDOWS\System32\shlwapi.dll
0x00007ff9e8e50000 - 0x00007ff9e8e6f000 	C:\WINDOWS\SYSTEM32\profapi.dll
0x00007ff9e4380000 - 0x00007ff9e4399000 	C:\Program Files\AdoptOpenJDK\jdk-11.0.8.10-hotspot\bin\net.dll
0x00007ff9de220000 - 0x00007ff9de328000 	C:\WINDOWS\SYSTEM32\WINHTTP.dll
0x00007ff9e85f0000 - 0x00007ff9e865a000 	C:\WINDOWS\system32\mswsock.dll
0x00007ff9e21e0000 - 0x00007ff9e21f2000 	C:\Program Files\AdoptOpenJDK\jdk-11.0.8.10-hotspot\bin\nio.dll
0x00007ff9e21c0000 - 0x00007ff9e21da000 	D:\IntelliJ IDEA 2021.1\bin\breakgen64.dll
0x00007ff9e5b70000 - 0x00007ff9e5b79000 	C:\Program Files\AdoptOpenJDK\jdk-11.0.8.10-hotspot\bin\management.dll
0x00007ff9e4420000 - 0x00007ff9e442b000 	C:\Program Files\AdoptOpenJDK\jdk-11.0.8.10-hotspot\bin\management_ext.dll
0x00007ff9d89b0000 - 0x00007ff9d89c7000 	C:\WINDOWS\system32\napinsp.dll
0x00007ff9b2d10000 - 0x00007ff9b2d2b000 	C:\WINDOWS\system32\pnrpnsp.dll
0x00007ff9e3810000 - 0x00007ff9e3825000 	C:\WINDOWS\system32\wshbth.dll
0x00007ff9e4230000 - 0x00007ff9e424d000 	C:\WINDOWS\system32\NLAapi.dll
0x00007ff9e82e0000 - 0x00007ff9e831b000 	C:\WINDOWS\SYSTEM32\IPHLPAPI.DLL
0x00007ff9e8320000 - 0x00007ff9e83ec000 	C:\WINDOWS\SYSTEM32\DNSAPI.dll
0x00007ff9eb570000 - 0x00007ff9eb578000 	C:\WINDOWS\System32\NSI.dll
0x00007ff9b2cf0000 - 0x00007ff9b2d02000 	C:\WINDOWS\System32\winrnr.dll
0x00007ff9e13e0000 - 0x00007ff9e13ea000 	C:\Windows\System32\rasadhlp.dll
0x00007ff9def80000 - 0x00007ff9defff000 	C:\WINDOWS\System32\fwpuclnt.dll
0x00007ff9e8f60000 - 0x00007ff9e8f87000 	C:\WINDOWS\System32\bcrypt.dll
0x0000000180000000 - 0x0000000180285000 	D:\apache-tomcat-9.0.37\bin\tcnative-1.dll
0x00007ff9e93b0000 - 0x00007ff9e9506000 	C:\WINDOWS\System32\CRYPT32.dll
0x00007ff9e87f0000 - 0x00007ff9e8808000 	C:\WINDOWS\SYSTEM32\CRYPTSP.dll
0x00007ff9e7f70000 - 0x00007ff9e7fa4000 	C:\WINDOWS\system32\rsaenh.dll
0x00007ff9e8e10000 - 0x00007ff9e8e3e000 	C:\WINDOWS\SYSTEM32\USERENV.dll
0x00007ff9e87e0000 - 0x00007ff9e87ec000 	C:\WINDOWS\SYSTEM32\CRYPTBASE.dll
0x00007ff9e0010000 - 0x00007ff9e0027000 	C:\WINDOWS\SYSTEM32\dhcpcsvc6.DLL
0x00007ff9e0730000 - 0x00007ff9e074d000 	C:\WINDOWS\SYSTEM32\dhcpcsvc.DLL
0x00007ff9e2aa0000 - 0x00007ff9e2aae000 	C:\Program Files\AdoptOpenJDK\jdk-11.0.8.10-hotspot\bin\sunmscapi.dll
0x00007ff9e8900000 - 0x00007ff9e8927000 	C:\WINDOWS\SYSTEM32\ncrypt.dll
0x00007ff9e88c0000 - 0x00007ff9e88fb000 	C:\WINDOWS\SYSTEM32\NTASN1.dll
0x00007ff9d8820000 - 0x00007ff9d8845000 	C:\Program Files\AdoptOpenJDK\jdk-11.0.8.10-hotspot\bin\sunec.dll

dbghelp: loaded successfully - version: 4.0.5 - missing functions: none
symbol engine: initialized successfully - sym options: 0x614 - pdb path: .;C:\Program Files\AdoptOpenJDK\jdk-11.0.8.10-hotspot\bin;C:\WINDOWS\SYSTEM32;C:\WINDOWS\WinSxS\amd64_microsoft.windows.common-controls_6595b64144ccf1df_6.0.19041.1110_none_60b5254171f9507e;C:\Program Files\AdoptOpenJDK\jdk-11.0.8.10-hotspot\bin\server;D:\IntelliJ IDEA 2021.1\bin;D:\apache-tomcat-9.0.37\bin

VM Arguments:
jvm_args: -javaagent:D:\IntelliJ IDEA 2021.1\lib\idea_rt.jar=51139:D:\IntelliJ IDEA 2021.1\bin -Dfile.encoding=UTF-8 
java_command: com.example.demo.SpringbootProjectApplication
java_class_path (initial): C:\Users\Admin\eclipse-workspace\Springboot_project\target\classes;C:\Users\Admin\.m2\repository\org\springframework\boot\spring-boot-starter-security\2.4.5\spring-boot-starter-security-2.4.5.jar;C:\Users\Admin\.m2\repository\org\springframework\boot\spring-boot-starter\2.4.5\spring-boot-starter-2.4.5.jar;C:\Users\Admin\.m2\repository\org\springframework\boot\spring-boot-starter-logging\2.4.5\spring-boot-starter-logging-2.4.5.jar;C:\Users\Admin\.m2\repository\ch\qos\logback\logback-classic\1.2.3\logback-classic-1.2.3.jar;C:\Users\Admin\.m2\repository\ch\qos\logback\logback-core\1.2.3\logback-core-1.2.3.jar;C:\Users\Admin\.m2\repository\org\apache\logging\log4j\log4j-to-slf4j\2.13.3\log4j-to-slf4j-2.13.3.jar;C:\Users\Admin\.m2\repository\org\apache\logging\log4j\log4j-api\2.13.3\log4j-api-2.13.3.jar;C:\Users\Admin\.m2\repository\org\slf4j\jul-to-slf4j\1.7.30\jul-to-slf4j-1.7.30.jar;C:\Users\Admin\.m2\repository\jakarta\annotation\jakarta.annotation-api\1.3.5\jakarta.annotation-api-1.3.5.jar;C:\Users\Admin\.m2\repository\org\yaml\snakeyaml\1.27\snakeyaml-1.27.jar;C:\Users\Admin\.m2\repository\org\springframework\spring-aop\5.3.6\spring-aop-5.3.6.jar;C:\Users\Admin\.m2\repository\org\springframework\spring-beans\5.3.6\spring-beans-5.3.6.jar;C:\Users\Admin\.m2\repository\org\springframework\security\spring-security-config\5.4.6\spring-security-config-5.4.6.jar;C:\Users\Admin\.m2\repository\org\springframework\spring-context\5.3.6\spring-context-5.3.6.jar;C:\Users\Admin\.m2\repository\org\springframework\security\spring-security-web\5.4.6\spring-security-web-5.4.6.jar;C:\Users\Admin\.m2\repository\org\springframework\spring-expression\5.3.6\spring-expression-5.3.6.jar;C:\Users\Admin\.m2\repository\org\springframework\boot\spring-boot-starter-thymeleaf\2.4.5\spring-boot-starter-thymeleaf-2.4.5.jar;C:\Users\Admin\.m2\repository\org\thymeleaf\thymeleaf-spring5\3.0.12.RELEASE\thymeleaf-spring5-3.0.12.RELEASE.jar;C:\Users\Admin\.m2\repository\org\
Launcher Type: SUN_STANDARD

[Global flags]
     intx CICompilerCount                          = 4                                         {product} {ergonomic}
     uint ConcGCThreads                            = 2                                         {product} {ergonomic}
     uint G1ConcRefinementThreads                  = 8                                         {product} {ergonomic}
   size_t G1HeapRegionSize                         = 1048576                                   {product} {ergonomic}
    uintx GCDrainStackTargetSize                   = 64                                        {product} {ergonomic}
   size_t InitialHeapSize                          = 134217728                                 {product} {ergonomic}
   size_t MarkStackSize                            = 4194304                                   {product} {ergonomic}
   size_t MaxHeapSize                              = 2118123520                                {product} {ergonomic}
   size_t MaxNewSize                               = 1270874112                                {product} {ergonomic}
   size_t MinHeapDeltaBytes                        = 1048576                                   {product} {ergonomic}
    uintx NonNMethodCodeHeapSize                   = 5836300                                {pd product} {ergonomic}
    uintx NonProfiledCodeHeapSize                  = 122910970                              {pd product} {ergonomic}
    uintx ProfiledCodeHeapSize                     = 122910970                              {pd product} {ergonomic}
    uintx ReservedCodeCacheSize                    = 251658240                              {pd product} {ergonomic}
     bool SegmentedCodeCache                       = true                                      {product} {ergonomic}
     bool UseCompressedClassPointers               = true                                 {lp64_product} {ergonomic}
     bool UseCompressedOops                        = true                                 {lp64_product} {ergonomic}
     bool UseG1GC                                  = true                                      {product} {ergonomic}
     bool UseLargePagesIndividualAllocation        = false                                  {pd product} {ergonomic}

Logging:
Log output configuration:
 #0: stdout all=warning uptime,level,tags
 #1: stderr all=off uptime,level,tags

Environment Variables:
JAVA_HOME=C:\Program Files\AdoptOpenJDK\jdk-11.0.8.10-hotspot\
PATH=C:\Program Files\AdoptOpenJDK\jdk-11.0.8.10-hotspot\bin;C:\WINDOWS\system32;C:\WINDOWS;C:\WINDOWS\System32\Wbem;C:\WINDOWS\System32\WindowsPowerShell\v1.0\;C:\WINDOWS\System32\OpenSSH\;C:\Program Files (x86)\Microsoft SQL Server\110\Tools\Binn\ManagementStudio\;C:\Program Files (x86)\Microsoft SQL Server\110\Tools\Binn\;C:\Program Files\Microsoft SQL Server\110\Tools\Binn\;C:\Program Files (x86)\Microsoft SQL Server\110\DTS\Binn\;C:\Program Files\Microsoft SQL Server\Client SDK\ODBC\110\Tools\Binn\;C:\Program Files (x86)\Microsoft SQL Server\120\Tools\Binn\;C:\Program Files\Microsoft SQL Server\120\Tools\Binn\;C:\Program Files\Microsoft SQL Server\120\DTS\Binn\;C:\Program Files (x86)\Microsoft SQL Server\120\Tools\Binn\ManagementStudio\;C:\Program Files (x86)\Microsoft SQL Server\120\DTS\Binn\;C:\Users\Admin\Downloads\apache-maven-3.6.0;C:\Users\Admin\Downloads\apache-maven-3.6.0\bin;C:\Program Files\NVIDIA Corporation\NVIDIA NvDLISR;C:\Program Files (x86)\NVIDIA Corporation\PhysX\Common;C:\Users\Admin\Downloads\apache-maven-3.6.0\bin;C:\Program Files\nodejs\;C:\Program Files\Git\cmd;C:\WINDOWS\system32;C:\WINDOWS;C:\WINDOWS\System32\Wbem;C:\WINDOWS\System32\WindowsPowerShell\v1.0\;C:\WINDOWS\System32\OpenSSH\;C:\Users\Admin\AppData\Local\Microsoft\WindowsApps;C:\Users\Admin\AppData\Local\Programs\Microsoft VS Code\bin;D:\apache-tomcat-9.0.37\bin;C:\Users\Admin\AppData\Roaming\npm;
USERNAME=Admin
OS=Windows_NT
PROCESSOR_IDENTIFIER=Intel64 Family 6 Model 158 Stepping 10, GenuineIntel



---------------  S Y S T E M  ---------------

OS: Windows 10 , 64 bit Build 19041 (10.0.19041.1202)
OS uptime: 14 days 23:19 hours

CPU:total 8 (initial active 8) (4 cores per cpu, 2 threads per core) family 6 model 158 stepping 10, cmov, cx8, fxsr, mmx, sse, sse2, sse3, ssse3, sse4.1, sse4.2, popcnt, avx, avx2, aes, clmul, erms, 3dnowpref, lzcnt, ht, tsc, tscinvbit, bmi1, bmi2, adx, fma

Memory: 4k page, system-wide physical 8072M (748M free)
TotalPageFile size 12168M (AvailPageFile size 70M)
current process WorkingSet (physical memory assigned to process): 382M, peak: 406M
current process commit charge ("private bytes"): 456M, peak: 476M

vm_info: OpenJDK 64-Bit Server VM (11.0.8+10) for windows-amd64 JRE (11.0.8+10), built on Jul 15 2020 11:45:54 by "" with MS VC++ 15.9 (VS2017)

END.
