#
# There is insufficient memory for the Java Runtime Environment to continue.
# Native memory allocation (malloc) failed to allocate 522176 bytes for Chunk::new
# Possible reasons:
#   The system is out of physical RAM or swap space
#   The process is running with CompressedOops enabled, and the Java Heap may be blocking the growth of the native heap
# Possible solutions:
#   Reduce memory load on the system
#   Increase physical memory or swap space
#   Check if swap backing store is full
#   Decrease Java heap size (-Xmx/-Xms)
#   Decrease number of Java threads
#   Decrease Java thread stack sizes (-Xss)
#   Set larger code cache with -XX:ReservedCodeCacheSize=
#   JVM is running with Unscaled Compressed Oops mode in which the Java heap is
#     placed in the first 4GB address space. The Java Heap base address is the
#     maximum limit for the native heap growth. Please use -XX:HeapBaseMinAddress
#     to set the Java Heap base and to place the Java Heap above 4GB virtual address.
# This output file may be truncated or incomplete.
#
#  Out of Memory Error (./src/hotspot/share/memory/arena.cpp:197), pid=13788, tid=4208
#
# JRE version: OpenJDK Runtime Environment AdoptOpenJDK (11.0.8+10) (build 11.0.8+10)
# Java VM: OpenJDK 64-Bit Server VM AdoptOpenJDK (11.0.8+10, mixed mode, tiered, compressed oops, g1 gc, windows-amd64)
# No core dump will be written. Minidumps are not enabled by default on client versions of Windows
#

---------------  S U M M A R Y ------------

Command Line: -javaagent:D:\IntelliJ IDEA 2021.1\lib\idea_rt.jar=60350:D:\IntelliJ IDEA 2021.1\bin -Dfile.encoding=UTF-8 com.example.demo.SpringbootProjectApplication

Host: Intel(R) Core(TM) i5-9300H CPU @ 2.40GHz, 8 cores, 7G,  Windows 10 , 64 bit Build 19041 (10.0.19041.1202)
Time: Mon Oct 25 15:56:23 2021 SE Asia Standard Time elapsed time: 41 seconds (0d 0h 0m 41s)

---------------  T H R E A D  ---------------

Current thread (0x000002387f82f800):  JavaThread "C2 CompilerThread0" daemon [_thread_in_native, id=4208, stack(0x0000003ea6f00000,0x0000003ea7000000)]


Current CompileTask:
C2:  41253 7544       4       org.attoparser.HtmlMarkupHandler::handleText (17 bytes)

Stack: [0x0000003ea6f00000,0x0000003ea7000000]
Native frames: (J=compiled Java code, j=interpreted, Vv=VM code, C=native code)
V  [jvm.dll+0x5dfa5a]
V  [jvm.dll+0x7175ce]
V  [jvm.dll+0x718c9f]
V  [jvm.dll+0x719363]
V  [jvm.dll+0x240e48]
V  [jvm.dll+0xb96ac]
V  [jvm.dll+0xb9dac]
V  [jvm.dll+0x2b0804]
V  [jvm.dll+0x500086]
V  [jvm.dll+0x1fc48b]
V  [jvm.dll+0x1f99bf]
V  [jvm.dll+0x17e4ec]
V  [jvm.dll+0x208f27]
V  [jvm.dll+0x20710b]
V  [jvm.dll+0x6dc339]
V  [jvm.dll+0x6d53e4]
V  [jvm.dll+0x5de996]
C  [ucrtbase.dll+0x21bb2]
C  [KERNEL32.DLL+0x17034]
C  [ntdll.dll+0x52651]


---------------  P R O C E S S  ---------------

Threads class SMR info:
_java_thread_list=0x0000023818a89f10, length=33, elements={
0x000002387f819800, 0x000002387f823000, 0x000002387f982800, 0x000002387f82f000,
0x000002387f82f800, 0x000002387f987800, 0x000002387f98a800, 0x000002387f7b1800,
0x0000023818040800, 0x00000238180e5800, 0x000002381a83b800, 0x0000023818c15000,
0x000002381abad000, 0x000002381c494800, 0x000002381e49e800, 0x000002387fb0a800,
0x000002387fb0b800, 0x000002387fb0c000, 0x000002387fb0d000, 0x000002387fb0e000,
0x000002387fb09000, 0x000002387fb0f800, 0x0000023820847800, 0x0000023820849800,
0x0000023820848800, 0x000002382084a000, 0x000002382084c000, 0x0000023820846000,
0x000002382084b000, 0x000002382084c800, 0x0000023820847000, 0x0000023820851800,
0x0000023820850000
}

Java Threads: ( => current thread )
  0x000002387f819800 JavaThread "Reference Handler" daemon [_thread_blocked, id=16312, stack(0x0000003ea6b00000,0x0000003ea6c00000)]
  0x000002387f823000 JavaThread "Finalizer" daemon [_thread_blocked, id=11824, stack(0x0000003ea6c00000,0x0000003ea6d00000)]
  0x000002387f982800 JavaThread "Signal Dispatcher" daemon [_thread_blocked, id=11740, stack(0x0000003ea6d00000,0x0000003ea6e00000)]
  0x000002387f82f000 JavaThread "Attach Listener" daemon [_thread_blocked, id=19508, stack(0x0000003ea6e00000,0x0000003ea6f00000)]
=>0x000002387f82f800 JavaThread "C2 CompilerThread0" daemon [_thread_in_native, id=4208, stack(0x0000003ea6f00000,0x0000003ea7000000)]
  0x000002387f987800 JavaThread "C1 CompilerThread0" daemon [_thread_in_vm, id=15876, stack(0x0000003ea7000000,0x0000003ea7100000)]
  0x000002387f98a800 JavaThread "Sweeper thread" daemon [_thread_blocked, id=4840, stack(0x0000003ea7100000,0x0000003ea7200000)]
  0x000002387f7b1800 JavaThread "Common-Cleaner" daemon [_thread_blocked, id=5524, stack(0x0000003ea7200000,0x0000003ea7300000)]
  0x0000023818040800 JavaThread "Monitor Ctrl-Break" daemon [_thread_in_native, id=10404, stack(0x0000003ea7400000,0x0000003ea7500000)]
  0x00000238180e5800 JavaThread "Service Thread" daemon [_thread_blocked, id=14316, stack(0x0000003ea7500000,0x0000003ea7600000)]
  0x000002381a83b800 JavaThread "mssql-jdbc-shared-timer-core-0" daemon [_thread_blocked, id=2464, stack(0x0000003ea8300000,0x0000003ea8400000)]
  0x0000023818c15000 JavaThread "HikariPool-1 housekeeper" daemon [_thread_blocked, id=15128, stack(0x0000003ea8400000,0x0000003ea8500000)]
  0x000002381abad000 JavaThread "Catalina-utility-1" [_thread_blocked, id=5076, stack(0x0000003ea8600000,0x0000003ea8700000)]
  0x000002381c494800 JavaThread "Catalina-utility-2" [_thread_blocked, id=1668, stack(0x0000003ea8700000,0x0000003ea8800000)]
  0x000002381e49e800 JavaThread "container-0" [_thread_blocked, id=17744, stack(0x0000003ea8800000,0x0000003ea8900000)]
  0x000002387fb0a800 JavaThread "File Watcher" daemon [_thread_blocked, id=17080, stack(0x0000003ea8900000,0x0000003ea8a00000)]
  0x000002387fb0b800 JavaThread "Live Reload Server" daemon [_thread_in_native, id=18656, stack(0x0000003ea8b00000,0x0000003ea8c00000)]
  0x000002387fb0c000 JavaThread "http-nio-6789-BlockPoller" daemon [_thread_in_native, id=10344, stack(0x0000003ea8a00000,0x0000003ea8b00000)]
  0x000002387fb0d000 JavaThread "http-nio-6789-exec-1" daemon [_thread_blocked, id=12924, stack(0x0000003ea8c00000,0x0000003ea8d00000)]
  0x000002387fb0e000 JavaThread "http-nio-6789-exec-2" daemon [_thread_blocked, id=12932, stack(0x0000003ea8d00000,0x0000003ea8e00000)]
  0x000002387fb09000 JavaThread "http-nio-6789-exec-3" daemon [_thread_blocked, id=11572, stack(0x0000003ea8e00000,0x0000003ea8f00000)]
  0x000002387fb0f800 JavaThread "http-nio-6789-exec-4" daemon [_thread_in_native, id=12660, stack(0x0000003ea8f00000,0x0000003ea9000000)]
  0x0000023820847800 JavaThread "http-nio-6789-exec-5" daemon [_thread_blocked, id=12308, stack(0x0000003ea9000000,0x0000003ea9100000)]
  0x0000023820849800 JavaThread "http-nio-6789-exec-6" daemon [_thread_blocked, id=19088, stack(0x0000003ea9100000,0x0000003ea9200000)]
  0x0000023820848800 JavaThread "http-nio-6789-exec-7" daemon [_thread_blocked, id=11396, stack(0x0000003ea9200000,0x0000003ea9300000)]
  0x000002382084a000 JavaThread "http-nio-6789-exec-8" daemon [_thread_blocked, id=16860, stack(0x0000003ea9300000,0x0000003ea9400000)]
  0x000002382084c000 JavaThread "http-nio-6789-exec-9" daemon [_thread_blocked, id=17880, stack(0x0000003ea9400000,0x0000003ea9500000)]
  0x0000023820846000 JavaThread "http-nio-6789-exec-10" daemon [_thread_blocked, id=17004, stack(0x0000003ea9500000,0x0000003ea9600000)]
  0x000002382084b000 JavaThread "http-nio-6789-ClientPoller" daemon [_thread_in_native, id=15568, stack(0x0000003ea9600000,0x0000003ea9700000)]
  0x000002382084c800 JavaThread "http-nio-6789-Acceptor" daemon [_thread_in_native, id=17516, stack(0x0000003ea9700000,0x0000003ea9800000)]
  0x0000023820847000 JavaThread "DestroyJavaVM" [_thread_blocked, id=14552, stack(0x0000003ea6400000,0x0000003ea6500000)]
  0x0000023820851800 JavaThread "C2 CompilerThread1" daemon [_thread_in_native, id=1228, stack(0x0000003ea7a00000,0x0000003ea7b00000)]
  0x0000023820850000 JavaThread "C2 CompilerThread2" daemon [_thread_in_native, id=14564, stack(0x0000003ea7b00000,0x0000003ea7c00000)]

Other Threads:
  0x000002387f7f7000 VMThread "VM Thread" [stack: 0x0000003ea6a00000,0x0000003ea6b00000] [id=18280]
  0x00000238180e6000 WatcherThread [stack: 0x0000003ea7600000,0x0000003ea7700000] [id=12248]
  0x0000023877eb4000 GCTaskThread "GC Thread#0" [stack: 0x0000003ea6500000,0x0000003ea6600000] [id=1360]
  0x0000023818827800 GCTaskThread "GC Thread#1" [stack: 0x0000003ea7700000,0x0000003ea7800000] [id=7752]
  0x0000023818828000 GCTaskThread "GC Thread#2" [stack: 0x0000003ea7800000,0x0000003ea7900000] [id=8056]
  0x00000238189e3000 GCTaskThread "GC Thread#3" [stack: 0x0000003ea7c00000,0x0000003ea7d00000] [id=20276]
  0x0000023818f4d800 GCTaskThread "GC Thread#4" [stack: 0x0000003ea7d00000,0x0000003ea7e00000] [id=20416]
  0x0000023818a7b800 GCTaskThread "GC Thread#5" [stack: 0x0000003ea7e00000,0x0000003ea7f00000] [id=10700]
  0x0000023818a73800 GCTaskThread "GC Thread#6" [stack: 0x0000003ea8000000,0x0000003ea8100000] [id=4052]
  0x000002381886f000 GCTaskThread "GC Thread#7" [stack: 0x0000003ea8100000,0x0000003ea8200000] [id=18424]
  0x0000023877ee5000 ConcurrentGCThread "G1 Main Marker" [stack: 0x0000003ea6600000,0x0000003ea6700000] [id=9432]
  0x0000023877ee6800 ConcurrentGCThread "G1 Conc#0" [stack: 0x0000003ea6700000,0x0000003ea6800000] [id=1652]
  0x0000023818b48000 ConcurrentGCThread "G1 Conc#1" [stack: 0x0000003ea8200000,0x0000003ea8300000] [id=20012]
  0x000002387f662800 ConcurrentGCThread "G1 Refine#0" [stack: 0x0000003ea6800000,0x0000003ea6900000] [id=15636]
  0x0000023877f69800 ConcurrentGCThread "G1 Young RemSet Sampling" [stack: 0x0000003ea6900000,0x0000003ea6a00000] [id=10664]

Threads with active compile tasks:
C2 CompilerThread0  41281 7544       4       org.attoparser.HtmlMarkupHandler::handleText (17 bytes)
C1 CompilerThread0  41281 7789       2       org.thymeleaf.standard.expression.ExpressionCache::getFromCache (43 bytes)
C2 CompilerThread1  41281 7548       4       org.attoparser.select.BlockSelectorMarkupHandler::handleAttribute (79 bytes)
C2 CompilerThread2  41282 7578       4       org.attoparser.select.BlockSelectorMarkupHandler::handleText (184 bytes)

VM state:not at safepoint (normal execution)

VM Mutex/Monitor currently owned by a thread: None

Heap address: 0x0000000081c00000, size: 2020 MB, Compressed Oops mode: 32-bit
Narrow klass base: 0x0000000000000000, Narrow klass shift: 3
Compressed class space size: 1073741824 Address: 0x0000000100000000

Heap:
 garbage-first heap   total 193536K, used 92433K [0x0000000081c00000, 0x0000000100000000)
  region size 1024K, 73 young (74752K), 12 survivors (12288K)
 Metaspace       used 80503K, capacity 82444K, committed 82688K, reserved 1120256K
  class space    used 10192K, capacity 10952K, committed 11008K, reserved 1048576K
Heap Regions: E=young(eden), S=young(survivor), O=old, HS=humongous(starts), HC=humongous(continues), CS=collection set, F=free, A=archive, TAMS=top-at-mark-start (previous, next)
|   0|0x0000000081c00000, 0x0000000081d00000, 0x0000000081d00000|100%|HS|  |TAMS 0x0000000081d00000, 0x0000000081c00000| Complete 
|   1|0x0000000081d00000, 0x0000000081e00000, 0x0000000081e00000|100%| O|  |TAMS 0x0000000081e00000, 0x0000000081d00000| Untracked 
|   2|0x0000000081e00000, 0x0000000081f00000, 0x0000000081f00000|100%| O|  |TAMS 0x0000000081f00000, 0x0000000081e00000| Untracked 
|   3|0x0000000081f00000, 0x0000000082000000, 0x0000000082000000|100%| O|  |TAMS 0x0000000082000000, 0x0000000081f00000| Untracked 
|   4|0x0000000082000000, 0x0000000082100000, 0x0000000082100000|100%| O|  |TAMS 0x0000000082100000, 0x0000000082000000| Untracked 
|   5|0x0000000082100000, 0x0000000082200000, 0x0000000082200000|100%| O|  |TAMS 0x0000000082200000, 0x0000000082100000| Untracked 
|   6|0x0000000082200000, 0x0000000082300000, 0x0000000082300000|100%| O|  |TAMS 0x0000000082300000, 0x0000000082200000| Untracked 
|   7|0x0000000082300000, 0x0000000082400000, 0x0000000082400000|100%| O|  |TAMS 0x0000000082400000, 0x0000000082300000| Untracked 
|   8|0x0000000082400000, 0x0000000082500000, 0x0000000082500000|100%| O|  |TAMS 0x0000000082500000, 0x0000000082400000| Untracked 
|   9|0x0000000082500000, 0x0000000082600000, 0x0000000082600000|100%| O|  |TAMS 0x0000000082600000, 0x0000000082500000| Untracked 
|  10|0x0000000082600000, 0x0000000082700000, 0x0000000082700000|100%| O|  |TAMS 0x0000000082700000, 0x0000000082600000| Untracked 
|  11|0x0000000082700000, 0x0000000082800000, 0x0000000082800000|100%| O|  |TAMS 0x0000000082800000, 0x0000000082700000| Untracked 
|  12|0x0000000082800000, 0x0000000082900000, 0x0000000082900000|100%| O|  |TAMS 0x0000000082900000, 0x0000000082800000| Untracked 
|  13|0x0000000082900000, 0x0000000082a00000, 0x0000000082a00000|100%| O|  |TAMS 0x0000000082a00000, 0x0000000082900000| Untracked 
|  14|0x0000000082a00000, 0x0000000082b00000, 0x0000000082b00000|100%| O|  |TAMS 0x0000000082afc400, 0x0000000082a00000| Untracked 
|  15|0x0000000082b00000, 0x0000000082c00000, 0x0000000082c00000|100%| O|  |TAMS 0x0000000082b00000, 0x0000000082b00000| Untracked 
|  16|0x0000000082c00000, 0x0000000082d00000, 0x0000000082d00000|100%| O|  |TAMS 0x0000000082c00000, 0x0000000082c00000| Untracked 
|  17|0x0000000082d00000, 0x0000000082e00000, 0x0000000082e00000|100%| O|  |TAMS 0x0000000082d00000, 0x0000000082d00000| Untracked 
|  18|0x0000000082e00000, 0x0000000082f00000, 0x0000000082f00000|100%| O|  |TAMS 0x0000000082e00000, 0x0000000082e00000| Untracked 
|  19|0x0000000082f00000, 0x0000000083000000, 0x0000000083000000|100%| O|  |TAMS 0x0000000082f00000, 0x0000000082f00000| Untracked 
|  20|0x0000000083000000, 0x0000000083010400, 0x0000000083100000|  6%| O|  |TAMS 0x0000000083000000, 0x0000000083000000| Untracked 
|  21|0x0000000083100000, 0x0000000083100000, 0x0000000083200000|  0%| F|  |TAMS 0x0000000083100000, 0x0000000083100000| Untracked 
|  22|0x0000000083200000, 0x0000000083200000, 0x0000000083300000|  0%| F|  |TAMS 0x0000000083200000, 0x0000000083200000| Untracked 
|  23|0x0000000083300000, 0x0000000083300000, 0x0000000083400000|  0%| F|  |TAMS 0x0000000083300000, 0x0000000083300000| Untracked 
|  24|0x0000000083400000, 0x0000000083400000, 0x0000000083500000|  0%| F|  |TAMS 0x0000000083400000, 0x0000000083400000| Untracked 
|  25|0x0000000083500000, 0x0000000083500000, 0x0000000083600000|  0%| F|  |TAMS 0x0000000083500000, 0x0000000083500000| Untracked 
|  26|0x0000000083600000, 0x0000000083600000, 0x0000000083700000|  0%| F|  |TAMS 0x0000000083600000, 0x0000000083600000| Untracked 
|  27|0x0000000083700000, 0x0000000083700000, 0x0000000083800000|  0%| F|  |TAMS 0x0000000083700000, 0x0000000083700000| Untracked 
|  28|0x0000000083800000, 0x0000000083800000, 0x0000000083900000|  0%| F|  |TAMS 0x0000000083800000, 0x0000000083800000| Untracked 
|  29|0x0000000083900000, 0x0000000083900000, 0x0000000083a00000|  0%| F|  |TAMS 0x0000000083900000, 0x0000000083900000| Untracked 
|  30|0x0000000083a00000, 0x0000000083a00000, 0x0000000083b00000|  0%| F|  |TAMS 0x0000000083a00000, 0x0000000083a00000| Untracked 
|  31|0x0000000083b00000, 0x0000000083b00000, 0x0000000083c00000|  0%| F|  |TAMS 0x0000000083b00000, 0x0000000083b00000| Untracked 
|  32|0x0000000083c00000, 0x0000000083c00000, 0x0000000083d00000|  0%| F|  |TAMS 0x0000000083c00000, 0x0000000083c00000| Untracked 
|  33|0x0000000083d00000, 0x0000000083d00000, 0x0000000083e00000|  0%| F|  |TAMS 0x0000000083d00000, 0x0000000083d00000| Untracked 
|  34|0x0000000083e00000, 0x0000000083e00000, 0x0000000083f00000|  0%| F|  |TAMS 0x0000000083e00000, 0x0000000083e00000| Untracked 
|  35|0x0000000083f00000, 0x0000000083f00000, 0x0000000084000000|  0%| F|  |TAMS 0x0000000083f00000, 0x0000000083f00000| Untracked 
|  36|0x0000000084000000, 0x0000000084000000, 0x0000000084100000|  0%| F|  |TAMS 0x0000000084000000, 0x0000000084000000| Untracked 
|  37|0x0000000084100000, 0x0000000084100000, 0x0000000084200000|  0%| F|  |TAMS 0x0000000084100000, 0x0000000084100000| Untracked 
|  38|0x0000000084200000, 0x0000000084200000, 0x0000000084300000|  0%| F|  |TAMS 0x0000000084200000, 0x0000000084200000| Untracked 
|  39|0x0000000084300000, 0x0000000084300000, 0x0000000084400000|  0%| F|  |TAMS 0x0000000084300000, 0x0000000084300000| Untracked 
|  40|0x0000000084400000, 0x0000000084400000, 0x0000000084500000|  0%| F|  |TAMS 0x0000000084400000, 0x0000000084400000| Untracked 
|  41|0x0000000084500000, 0x0000000084500000, 0x0000000084600000|  0%| F|  |TAMS 0x0000000084500000, 0x0000000084500000| Untracked 
|  42|0x0000000084600000, 0x0000000084600000, 0x0000000084700000|  0%| F|  |TAMS 0x0000000084600000, 0x0000000084600000| Untracked 
|  43|0x0000000084700000, 0x0000000084700000, 0x0000000084800000|  0%| F|  |TAMS 0x0000000084700000, 0x0000000084700000| Untracked 
|  44|0x0000000084800000, 0x0000000084800000, 0x0000000084900000|  0%| F|  |TAMS 0x0000000084800000, 0x0000000084800000| Untracked 
|  45|0x0000000084900000, 0x0000000084900000, 0x0000000084a00000|  0%| F|  |TAMS 0x0000000084900000, 0x0000000084900000| Untracked 
|  46|0x0000000084a00000, 0x0000000084a00000, 0x0000000084b00000|  0%| F|  |TAMS 0x0000000084a00000, 0x0000000084a00000| Untracked 
|  47|0x0000000084b00000, 0x0000000084b00000, 0x0000000084c00000|  0%| F|  |TAMS 0x0000000084b00000, 0x0000000084b00000| Untracked 
|  48|0x0000000084c00000, 0x0000000084c00000, 0x0000000084d00000|  0%| F|  |TAMS 0x0000000084c00000, 0x0000000084c00000| Untracked 
|  49|0x0000000084d00000, 0x0000000084d00000, 0x0000000084e00000|  0%| F|  |TAMS 0x0000000084d00000, 0x0000000084d00000| Untracked 
|  50|0x0000000084e00000, 0x0000000084e00000, 0x0000000084f00000|  0%| F|  |TAMS 0x0000000084e00000, 0x0000000084e00000| Untracked 
|  51|0x0000000084f00000, 0x0000000084f00000, 0x0000000085000000|  0%| F|  |TAMS 0x0000000084f00000, 0x0000000084f00000| Untracked 
|  52|0x0000000085000000, 0x0000000085000000, 0x0000000085100000|  0%| F|  |TAMS 0x0000000085000000, 0x0000000085000000| Untracked 
|  53|0x0000000085100000, 0x0000000085100000, 0x0000000085200000|  0%| F|  |TAMS 0x0000000085100000, 0x0000000085100000| Untracked 
|  54|0x0000000085200000, 0x0000000085200000, 0x0000000085300000|  0%| F|  |TAMS 0x0000000085200000, 0x0000000085200000| Untracked 
|  55|0x0000000085300000, 0x0000000085300000, 0x0000000085400000|  0%| F|  |TAMS 0x0000000085300000, 0x0000000085300000| Untracked 
|  56|0x0000000085400000, 0x0000000085400000, 0x0000000085500000|  0%| F|  |TAMS 0x0000000085400000, 0x0000000085400000| Untracked 
|  57|0x0000000085500000, 0x0000000085500000, 0x0000000085600000|  0%| F|  |TAMS 0x0000000085500000, 0x0000000085500000| Untracked 
|  58|0x0000000085600000, 0x0000000085600000, 0x0000000085700000|  0%| F|  |TAMS 0x0000000085600000, 0x0000000085600000| Untracked 
|  59|0x0000000085700000, 0x0000000085700000, 0x0000000085800000|  0%| F|  |TAMS 0x0000000085700000, 0x0000000085700000| Untracked 
|  60|0x0000000085800000, 0x0000000085800000, 0x0000000085900000|  0%| F|  |TAMS 0x0000000085800000, 0x0000000085800000| Untracked 
|  61|0x0000000085900000, 0x0000000085900000, 0x0000000085a00000|  0%| F|  |TAMS 0x0000000085900000, 0x0000000085900000| Untracked 
|  62|0x0000000085a00000, 0x0000000085a00000, 0x0000000085b00000|  0%| F|  |TAMS 0x0000000085a00000, 0x0000000085a00000| Untracked 
|  63|0x0000000085b00000, 0x0000000085b00000, 0x0000000085c00000|  0%| F|  |TAMS 0x0000000085b00000, 0x0000000085b00000| Untracked 
|  64|0x0000000085c00000, 0x0000000085c34138, 0x0000000085d00000| 20%| S|CS|TAMS 0x0000000085c00000, 0x0000000085c00000| Complete 
|  65|0x0000000085d00000, 0x0000000085e00000, 0x0000000085e00000|100%| S|CS|TAMS 0x0000000085d00000, 0x0000000085d00000| Complete 
|  66|0x0000000085e00000, 0x0000000085e00000, 0x0000000085f00000|  0%| F|  |TAMS 0x0000000085e00000, 0x0000000085e00000| Untracked 
|  67|0x0000000085f00000, 0x0000000085f00000, 0x0000000086000000|  0%| F|  |TAMS 0x0000000085f00000, 0x0000000085f00000| Untracked 
|  68|0x0000000086000000, 0x0000000086000000, 0x0000000086100000|  0%| F|  |TAMS 0x0000000086000000, 0x0000000086000000| Untracked 
|  69|0x0000000086100000, 0x0000000086100000, 0x0000000086200000|  0%| F|  |TAMS 0x0000000086100000, 0x0000000086100000| Untracked 
|  70|0x0000000086200000, 0x0000000086200000, 0x0000000086300000|  0%| F|  |TAMS 0x0000000086200000, 0x0000000086200000| Untracked 
|  71|0x0000000086300000, 0x0000000086300000, 0x0000000086400000|  0%| F|  |TAMS 0x0000000086300000, 0x0000000086300000| Untracked 
|  72|0x0000000086400000, 0x0000000086400000, 0x0000000086500000|  0%| F|  |TAMS 0x0000000086400000, 0x0000000086400000| Untracked 
|  73|0x0000000086500000, 0x0000000086500000, 0x0000000086600000|  0%| F|  |TAMS 0x0000000086500000, 0x0000000086500000| Untracked 
|  74|0x0000000086600000, 0x0000000086700000, 0x0000000086700000|100%| S|CS|TAMS 0x0000000086600000, 0x0000000086600000| Complete 
|  75|0x0000000086700000, 0x0000000086800000, 0x0000000086800000|100%| S|CS|TAMS 0x0000000086700000, 0x0000000086700000| Complete 
|  76|0x0000000086800000, 0x0000000086900000, 0x0000000086900000|100%| S|CS|TAMS 0x0000000086800000, 0x0000000086800000| Complete 
|  77|0x0000000086900000, 0x0000000086a00000, 0x0000000086a00000|100%| S|CS|TAMS 0x0000000086900000, 0x0000000086900000| Complete 
|  78|0x0000000086a00000, 0x0000000086b00000, 0x0000000086b00000|100%| S|CS|TAMS 0x0000000086a00000, 0x0000000086a00000| Complete 
|  79|0x0000000086b00000, 0x0000000086c00000, 0x0000000086c00000|100%| S|CS|TAMS 0x0000000086b00000, 0x0000000086b00000| Complete 
|  80|0x0000000086c00000, 0x0000000086d00000, 0x0000000086d00000|100%| S|CS|TAMS 0x0000000086c00000, 0x0000000086c00000| Complete 
|  81|0x0000000086d00000, 0x0000000086e00000, 0x0000000086e00000|100%| S|CS|TAMS 0x0000000086d00000, 0x0000000086d00000| Complete 
|  82|0x0000000086e00000, 0x0000000086f00000, 0x0000000086f00000|100%| S|CS|TAMS 0x0000000086e00000, 0x0000000086e00000| Complete 
|  83|0x0000000086f00000, 0x0000000087000000, 0x0000000087000000|100%| S|CS|TAMS 0x0000000086f00000, 0x0000000086f00000| Complete 
|  84|0x0000000087000000, 0x0000000087000000, 0x0000000087100000|  0%| F|  |TAMS 0x0000000087000000, 0x0000000087000000| Untracked 
|  85|0x0000000087100000, 0x0000000087100000, 0x0000000087200000|  0%| F|  |TAMS 0x0000000087100000, 0x0000000087100000| Untracked 
|  86|0x0000000087200000, 0x0000000087200000, 0x0000000087300000|  0%| F|  |TAMS 0x0000000087200000, 0x0000000087200000| Untracked 
|  87|0x0000000087300000, 0x0000000087300000, 0x0000000087400000|  0%| F|  |TAMS 0x0000000087300000, 0x0000000087300000| Untracked 
|  88|0x0000000087400000, 0x0000000087400000, 0x0000000087500000|  0%| F|  |TAMS 0x0000000087400000, 0x0000000087400000| Untracked 
|  89|0x0000000087500000, 0x0000000087500000, 0x0000000087600000|  0%| F|  |TAMS 0x0000000087500000, 0x0000000087500000| Untracked 
|  90|0x0000000087600000, 0x0000000087600000, 0x0000000087700000|  0%| F|  |TAMS 0x0000000087600000, 0x0000000087600000| Untracked 
|  91|0x0000000087700000, 0x0000000087700000, 0x0000000087800000|  0%| F|  |TAMS 0x0000000087700000, 0x0000000087700000| Untracked 
|  92|0x0000000087800000, 0x0000000087800000, 0x0000000087900000|  0%| F|  |TAMS 0x0000000087800000, 0x0000000087800000| Untracked 
|  93|0x0000000087900000, 0x0000000087900000, 0x0000000087a00000|  0%| F|  |TAMS 0x0000000087900000, 0x0000000087900000| Untracked 
|  94|0x0000000087a00000, 0x0000000087a00000, 0x0000000087b00000|  0%| F|  |TAMS 0x0000000087a00000, 0x0000000087a00000| Untracked 
|  95|0x0000000087b00000, 0x0000000087b00000, 0x0000000087c00000|  0%| F|  |TAMS 0x0000000087b00000, 0x0000000087b00000| Untracked 
|  96|0x0000000087c00000, 0x0000000087c00000, 0x0000000087d00000|  0%| F|  |TAMS 0x0000000087c00000, 0x0000000087c00000| Untracked 
|  97|0x0000000087d00000, 0x0000000087d00000, 0x0000000087e00000|  0%| F|  |TAMS 0x0000000087d00000, 0x0000000087d00000| Untracked 
|  98|0x0000000087e00000, 0x0000000087e00000, 0x0000000087f00000|  0%| F|  |TAMS 0x0000000087e00000, 0x0000000087e00000| Untracked 
|  99|0x0000000087f00000, 0x0000000087f00000, 0x0000000088000000|  0%| F|  |TAMS 0x0000000087f00000, 0x0000000087f00000| Untracked 
| 100|0x0000000088000000, 0x0000000088000000, 0x0000000088100000|  0%| F|  |TAMS 0x0000000088000000, 0x0000000088000000| Untracked 
| 101|0x0000000088100000, 0x0000000088100000, 0x0000000088200000|  0%| F|  |TAMS 0x0000000088100000, 0x0000000088100000| Untracked 
| 102|0x0000000088200000, 0x0000000088200000, 0x0000000088300000|  0%| F|  |TAMS 0x0000000088200000, 0x0000000088200000| Untracked 
| 103|0x0000000088300000, 0x0000000088300000, 0x0000000088400000|  0%| F|  |TAMS 0x0000000088300000, 0x0000000088300000| Untracked 
| 104|0x0000000088400000, 0x0000000088400000, 0x0000000088500000|  0%| F|  |TAMS 0x0000000088400000, 0x0000000088400000| Untracked 
| 105|0x0000000088500000, 0x0000000088500000, 0x0000000088600000|  0%| F|  |TAMS 0x0000000088500000, 0x0000000088500000| Untracked 
| 106|0x0000000088600000, 0x0000000088600000, 0x0000000088700000|  0%| F|  |TAMS 0x0000000088600000, 0x0000000088600000| Untracked 
| 107|0x0000000088700000, 0x0000000088700000, 0x0000000088800000|  0%| F|  |TAMS 0x0000000088700000, 0x0000000088700000| Untracked 
| 108|0x0000000088800000, 0x0000000088800000, 0x0000000088900000|  0%| F|  |TAMS 0x0000000088800000, 0x0000000088800000| Untracked 
| 109|0x0000000088900000, 0x0000000088900000, 0x0000000088a00000|  0%| F|  |TAMS 0x0000000088900000, 0x0000000088900000| Untracked 
| 110|0x0000000088a00000, 0x0000000088a00000, 0x0000000088b00000|  0%| F|  |TAMS 0x0000000088a00000, 0x0000000088a00000| Untracked 
| 111|0x0000000088b00000, 0x0000000088b00000, 0x0000000088c00000|  0%| F|  |TAMS 0x0000000088b00000, 0x0000000088b00000| Untracked 
| 112|0x0000000088c00000, 0x0000000088c00000, 0x0000000088d00000|  0%| F|  |TAMS 0x0000000088c00000, 0x0000000088c00000| Untracked 
| 113|0x0000000088d00000, 0x0000000088d00000, 0x0000000088e00000|  0%| F|  |TAMS 0x0000000088d00000, 0x0000000088d00000| Untracked 
| 114|0x0000000088e00000, 0x0000000088e00000, 0x0000000088f00000|  0%| F|  |TAMS 0x0000000088e00000, 0x0000000088e00000| Untracked 
| 115|0x0000000088f00000, 0x0000000088f00000, 0x0000000089000000|  0%| F|  |TAMS 0x0000000088f00000, 0x0000000088f00000| Untracked 
| 116|0x0000000089000000, 0x0000000089000000, 0x0000000089100000|  0%| F|  |TAMS 0x0000000089000000, 0x0000000089000000| Untracked 
| 117|0x0000000089100000, 0x0000000089100000, 0x0000000089200000|  0%| F|  |TAMS 0x0000000089100000, 0x0000000089100000| Untracked 
| 118|0x0000000089200000, 0x0000000089200000, 0x0000000089300000|  0%| F|  |TAMS 0x0000000089200000, 0x0000000089200000| Untracked 
| 119|0x0000000089300000, 0x0000000089300000, 0x0000000089400000|  0%| F|  |TAMS 0x0000000089300000, 0x0000000089300000| Untracked 
| 120|0x0000000089400000, 0x0000000089400000, 0x0000000089500000|  0%| F|  |TAMS 0x0000000089400000, 0x0000000089400000| Untracked 
| 121|0x0000000089500000, 0x0000000089500000, 0x0000000089600000|  0%| F|  |TAMS 0x0000000089500000, 0x0000000089500000| Untracked 
| 122|0x0000000089600000, 0x0000000089600000, 0x0000000089700000|  0%| F|  |TAMS 0x0000000089600000, 0x0000000089600000| Untracked 
| 123|0x0000000089700000, 0x0000000089700000, 0x0000000089800000|  0%| F|  |TAMS 0x0000000089700000, 0x0000000089700000| Untracked 
| 124|0x0000000089800000, 0x0000000089800000, 0x0000000089900000|  0%| F|  |TAMS 0x0000000089800000, 0x0000000089800000| Untracked 
| 125|0x0000000089900000, 0x0000000089900000, 0x0000000089a00000|  0%| F|  |TAMS 0x0000000089900000, 0x0000000089900000| Untracked 
| 126|0x0000000089a00000, 0x0000000089a00000, 0x0000000089b00000|  0%| F|  |TAMS 0x0000000089a00000, 0x0000000089a00000| Untracked 
| 127|0x0000000089b00000, 0x0000000089b00000, 0x0000000089c00000|  0%| F|  |TAMS 0x0000000089b00000, 0x0000000089b00000| Untracked 
| 128|0x0000000089c00000, 0x0000000089c42c68, 0x0000000089d00000| 26%| E|  |TAMS 0x0000000089c00000, 0x0000000089c00000| Complete 
| 129|0x0000000089d00000, 0x0000000089e00000, 0x0000000089e00000|100%| E|CS|TAMS 0x0000000089d00000, 0x0000000089d00000| Complete 
| 130|0x0000000089e00000, 0x0000000089f00000, 0x0000000089f00000|100%| E|CS|TAMS 0x0000000089e00000, 0x0000000089e00000| Complete 
| 131|0x0000000089f00000, 0x000000008a000000, 0x000000008a000000|100%| E|CS|TAMS 0x0000000089f00000, 0x0000000089f00000| Complete 
| 132|0x000000008a000000, 0x000000008a100000, 0x000000008a100000|100%| E|CS|TAMS 0x000000008a000000, 0x000000008a000000| Complete 
| 133|0x000000008a100000, 0x000000008a200000, 0x000000008a200000|100%| E|CS|TAMS 0x000000008a100000, 0x000000008a100000| Complete 
| 134|0x000000008a200000, 0x000000008a300000, 0x000000008a300000|100%| E|CS|TAMS 0x000000008a200000, 0x000000008a200000| Complete 
| 135|0x000000008a300000, 0x000000008a400000, 0x000000008a400000|100%| E|CS|TAMS 0x000000008a300000, 0x000000008a300000| Complete 
| 136|0x000000008a400000, 0x000000008a500000, 0x000000008a500000|100%| E|CS|TAMS 0x000000008a400000, 0x000000008a400000| Complete 
| 137|0x000000008a500000, 0x000000008a600000, 0x000000008a600000|100%| E|CS|TAMS 0x000000008a500000, 0x000000008a500000| Complete 
| 138|0x000000008a600000, 0x000000008a700000, 0x000000008a700000|100%| E|CS|TAMS 0x000000008a600000, 0x000000008a600000| Complete 
| 139|0x000000008a700000, 0x000000008a800000, 0x000000008a800000|100%| E|CS|TAMS 0x000000008a700000, 0x000000008a700000| Complete 
| 140|0x000000008a800000, 0x000000008a900000, 0x000000008a900000|100%| E|CS|TAMS 0x000000008a800000, 0x000000008a800000| Complete 
| 141|0x000000008a900000, 0x000000008aa00000, 0x000000008aa00000|100%| E|CS|TAMS 0x000000008a900000, 0x000000008a900000| Complete 
| 142|0x000000008aa00000, 0x000000008ab00000, 0x000000008ab00000|100%| E|CS|TAMS 0x000000008aa00000, 0x000000008aa00000| Complete 
| 143|0x000000008ab00000, 0x000000008ac00000, 0x000000008ac00000|100%| E|CS|TAMS 0x000000008ab00000, 0x000000008ab00000| Complete 
| 144|0x000000008ac00000, 0x000000008ad00000, 0x000000008ad00000|100%| E|CS|TAMS 0x000000008ac00000, 0x000000008ac00000| Complete 
| 145|0x000000008ad00000, 0x000000008ae00000, 0x000000008ae00000|100%| E|CS|TAMS 0x000000008ad00000, 0x000000008ad00000| Complete 
| 146|0x000000008ae00000, 0x000000008af00000, 0x000000008af00000|100%| E|CS|TAMS 0x000000008ae00000, 0x000000008ae00000| Complete 
| 147|0x000000008af00000, 0x000000008b000000, 0x000000008b000000|100%| E|CS|TAMS 0x000000008af00000, 0x000000008af00000| Complete 
| 148|0x000000008b000000, 0x000000008b100000, 0x000000008b100000|100%| E|CS|TAMS 0x000000008b000000, 0x000000008b000000| Complete 
| 149|0x000000008b100000, 0x000000008b200000, 0x000000008b200000|100%| E|CS|TAMS 0x000000008b100000, 0x000000008b100000| Complete 
| 150|0x000000008b200000, 0x000000008b300000, 0x000000008b300000|100%| E|CS|TAMS 0x000000008b200000, 0x000000008b200000| Complete 
| 151|0x000000008b300000, 0x000000008b400000, 0x000000008b400000|100%| E|CS|TAMS 0x000000008b300000, 0x000000008b300000| Complete 
| 152|0x000000008b400000, 0x000000008b500000, 0x000000008b500000|100%| E|CS|TAMS 0x000000008b400000, 0x000000008b400000| Complete 
| 153|0x000000008b500000, 0x000000008b600000, 0x000000008b600000|100%| E|CS|TAMS 0x000000008b500000, 0x000000008b500000| Complete 
| 154|0x000000008b600000, 0x000000008b700000, 0x000000008b700000|100%| E|CS|TAMS 0x000000008b600000, 0x000000008b600000| Complete 
| 155|0x000000008b700000, 0x000000008b800000, 0x000000008b800000|100%| E|CS|TAMS 0x000000008b700000, 0x000000008b700000| Complete 
| 156|0x000000008b800000, 0x000000008b900000, 0x000000008b900000|100%| E|CS|TAMS 0x000000008b800000, 0x000000008b800000| Complete 
| 157|0x000000008b900000, 0x000000008ba00000, 0x000000008ba00000|100%| E|CS|TAMS 0x000000008b900000, 0x000000008b900000| Complete 
| 158|0x000000008ba00000, 0x000000008baffe20, 0x000000008bb00000| 99%| E|  |TAMS 0x000000008ba00000, 0x000000008ba00000| Complete 
| 159|0x000000008bb00000, 0x000000008bc00000, 0x000000008bc00000|100%| E|CS|TAMS 0x000000008bb00000, 0x000000008bb00000| Complete 
| 160|0x000000008bc00000, 0x000000008bd00000, 0x000000008bd00000|100%| E|CS|TAMS 0x000000008bc00000, 0x000000008bc00000| Complete 
| 161|0x000000008bd00000, 0x000000008be00000, 0x000000008be00000|100%| E|CS|TAMS 0x000000008bd00000, 0x000000008bd00000| Complete 
| 162|0x000000008be00000, 0x000000008bf00000, 0x000000008bf00000|100%| E|CS|TAMS 0x000000008be00000, 0x000000008be00000| Complete 
| 163|0x000000008bf00000, 0x000000008c000000, 0x000000008c000000|100%| E|CS|TAMS 0x000000008bf00000, 0x000000008bf00000| Complete 
| 164|0x000000008c000000, 0x000000008c100000, 0x000000008c100000|100%| E|CS|TAMS 0x000000008c000000, 0x000000008c000000| Complete 
| 165|0x000000008c100000, 0x000000008c200000, 0x000000008c200000|100%| E|CS|TAMS 0x000000008c100000, 0x000000008c100000| Complete 
| 166|0x000000008c200000, 0x000000008c300000, 0x000000008c300000|100%| E|CS|TAMS 0x000000008c200000, 0x000000008c200000| Complete 
| 167|0x000000008c300000, 0x000000008c400000, 0x000000008c400000|100%| E|CS|TAMS 0x000000008c300000, 0x000000008c300000| Complete 
| 168|0x000000008c400000, 0x000000008c500000, 0x000000008c500000|100%| E|CS|TAMS 0x000000008c400000, 0x000000008c400000| Complete 
| 169|0x000000008c500000, 0x000000008c600000, 0x000000008c600000|100%| E|CS|TAMS 0x000000008c500000, 0x000000008c500000| Complete 
| 170|0x000000008c600000, 0x000000008c700000, 0x000000008c700000|100%| E|CS|TAMS 0x000000008c600000, 0x000000008c600000| Complete 
| 171|0x000000008c700000, 0x000000008c800000, 0x000000008c800000|100%| E|CS|TAMS 0x000000008c700000, 0x000000008c700000| Complete 
| 172|0x000000008c800000, 0x000000008c900000, 0x000000008c900000|100%| E|CS|TAMS 0x000000008c800000, 0x000000008c800000| Complete 
| 173|0x000000008c900000, 0x000000008ca00000, 0x000000008ca00000|100%| E|CS|TAMS 0x000000008c900000, 0x000000008c900000| Complete 
| 174|0x000000008ca00000, 0x000000008cb00000, 0x000000008cb00000|100%| E|CS|TAMS 0x000000008ca00000, 0x000000008ca00000| Complete 
| 175|0x000000008cb00000, 0x000000008cc00000, 0x000000008cc00000|100%| E|CS|TAMS 0x000000008cb00000, 0x000000008cb00000| Complete 
| 176|0x000000008cc00000, 0x000000008cd00000, 0x000000008cd00000|100%| E|CS|TAMS 0x000000008cc00000, 0x000000008cc00000| Complete 
| 177|0x000000008cd00000, 0x000000008ce00000, 0x000000008ce00000|100%| E|CS|TAMS 0x000000008cd00000, 0x000000008cd00000| Complete 
| 178|0x000000008ce00000, 0x000000008cf00000, 0x000000008cf00000|100%| E|CS|TAMS 0x000000008ce00000, 0x000000008ce00000| Complete 
| 179|0x000000008cf00000, 0x000000008d000000, 0x000000008d000000|100%| E|CS|TAMS 0x000000008cf00000, 0x000000008cf00000| Complete 
| 180|0x000000008d000000, 0x000000008d100000, 0x000000008d100000|100%| E|CS|TAMS 0x000000008d000000, 0x000000008d000000| Complete 
| 181|0x000000008d100000, 0x000000008d200000, 0x000000008d200000|100%| E|CS|TAMS 0x000000008d100000, 0x000000008d100000| Complete 
| 182|0x000000008d200000, 0x000000008d300000, 0x000000008d300000|100%| E|CS|TAMS 0x000000008d200000, 0x000000008d200000| Complete 
| 183|0x000000008d300000, 0x000000008d400000, 0x000000008d400000|100%| E|CS|TAMS 0x000000008d300000, 0x000000008d300000| Complete 
| 184|0x000000008d400000, 0x000000008d500000, 0x000000008d500000|100%| E|CS|TAMS 0x000000008d400000, 0x000000008d400000| Complete 
| 185|0x000000008d500000, 0x000000008d600000, 0x000000008d600000|100%| E|CS|TAMS 0x000000008d500000, 0x000000008d500000| Complete 
| 186|0x000000008d600000, 0x000000008d700000, 0x000000008d700000|100%| E|CS|TAMS 0x000000008d600000, 0x000000008d600000| Complete 
| 187|0x000000008d700000, 0x000000008d800000, 0x000000008d800000|100%| E|CS|TAMS 0x000000008d700000, 0x000000008d700000| Complete 
| 188|0x000000008d800000, 0x000000008d900000, 0x000000008d900000|100%| E|CS|TAMS 0x000000008d800000, 0x000000008d800000| Complete 

Card table byte_map: [0x00000238786a0000,0x0000023878aa0000] _byte_map_base: 0x0000023878292000

Marking Bits (Prev, Next): (CMBitMap*) 0x0000023877edc730, (CMBitMap*) 0x0000023877edc6f8
 Prev Bits: [0x000002387ae30000, 0x000002387cdc0000)
 Next Bits: [0x0000023878ea0000, 0x000002387ae30000)

Polling page: 0x0000023877670000

Metaspace:

Usage:
  Non-class:     69.82 MB capacity,    68.66 MB ( 98%) used,   933.60 KB (  1%) free+waste,   247.25 KB ( <1%) overhead. 
      Class:     10.70 MB capacity,     9.95 MB ( 93%) used,   646.11 KB (  6%) free+waste,   113.19 KB (  1%) overhead. 
       Both:     80.51 MB capacity,    78.62 MB ( 98%) used,     1.54 MB (  2%) free+waste,   360.44 KB ( <1%) overhead. 

Virtual space:
  Non-class space:       70.00 MB reserved,      70.00 MB (100%) committed 
      Class space:        1.00 GB reserved,      10.75 MB (  1%) committed 
             Both:        1.07 GB reserved,      80.75 MB (  7%) committed 

Chunk freelists:
   Non-Class:  0 bytes
       Class:  24.00 KB
        Both:  24.00 KB

MaxMetaspaceSize: 17179869184.00 GB
CompressedClassSpaceSize: 1.00 GB

CodeHeap 'non-profiled nmethods': size=120000Kb used=5253Kb max_used=5253Kb free=114746Kb
 bounds [0x0000023810060000, 0x0000023810590000, 0x0000023817590000]
CodeHeap 'profiled nmethods': size=120000Kb used=16352Kb max_used=16352Kb free=103647Kb
 bounds [0x0000023808b30000, 0x0000023809b30000, 0x0000023810060000]
CodeHeap 'non-nmethods': size=5760Kb used=1272Kb max_used=1307Kb free=4487Kb
 bounds [0x0000023808590000, 0x0000023808800000, 0x0000023808b30000]
 total_blobs=8294 nmethods=7636 adapters=568
 compilation: enabled
              stopped_count=0, restarted_count=0
 full_count=0

Compilation events (20 events):
Event: 41.243 Thread 0x000002387f987800 nmethod 7734 0x0000023809b11290 code [0x0000023809b11460, 0x0000023809b11608]
Event: 41.243 Thread 0x000002387f987800 7736   !   2       org.apache.catalina.connector.Request::doGetSession (505 bytes)
Event: 41.245 Thread 0x000002387f987800 nmethod 7736 0x0000023809b11710 code [0x0000023809b11ae0, 0x0000023809b12cd8]
Event: 41.246 Thread 0x000002387f987800 7738       2       org.thymeleaf.standard.expression.Expression::execute (31 bytes)
Event: 41.246 Thread 0x000002387f987800 nmethod 7738 0x0000023809b13710 code [0x0000023809b13900, 0x0000023809b13bb8]
Event: 41.246 Thread 0x000002387f987800 7739       2       org.thymeleaf.standard.expression.StandardExpressions::getVariableExpressionEvaluator (76 bytes)
Event: 41.247 Thread 0x000002387f987800 nmethod 7739 0x0000023809b13d90 code [0x0000023809b14000, 0x0000023809b145c8]
Event: 41.247 Thread 0x000002387f987800 7740       2       org.thymeleaf.standard.expression.Expression::execute (68 bytes)
Event: 41.247 Thread 0x000002387f987800 nmethod 7740 0x0000023809b14910 code [0x0000023809b14b60, 0x0000023809b150c8]
Event: 41.247 Thread 0x000002387f987800 7741       2       org.thymeleaf.standard.expression.SimpleExpression::executeSimple (220 bytes)
Event: 41.249 Thread 0x000002387f987800 nmethod 7741 0x0000023809b15390 code [0x0000023809b157a0, 0x0000023809b16888]
Event: 41.250 Thread 0x000002387f987800 7744       2       sun.nio.cs.UTF_8$Decoder::isNotContinuation (17 bytes)
Event: 41.250 Thread 0x000002387f987800 nmethod 7744 0x0000023809b17290 code [0x0000023809b17440, 0x0000023809b17538]
Event: 41.250 Thread 0x000002387f987800 7735       1       org.thymeleaf.spring5.view.AbstractThymeleafView::getContentType (5 bytes)
Event: 41.250 Thread 0x000002387f987800 nmethod 7735 0x000002381057f110 code [0x000002381057f2c0, 0x000002381057f378]
Event: 41.250 Thread 0x000002387f987800 7745       1       org.thymeleaf.templateresolver.TemplateResolution::getValidity (5 bytes)
Event: 41.250 Thread 0x000002387f987800 nmethod 7745 0x000002381057f410 code [0x000002381057f5c0, 0x000002381057f678]
Event: 41.250 Thread 0x000002387f987800 7742       1       org.attoparser.config.ParseConfiguration$PrologPresence::isRequired (5 bytes)
Event: 41.250 Thread 0x000002387f987800 nmethod 7742 0x000002381057f710 code [0x000002381057f8c0, 0x000002381057f978]
Event: 41.252 Thread 0x000002387f987800 7747       2       org.attoparser.util.TextUtil::endsWith (144 bytes)

GC Heap History (20 events):
Event: 0.666 GC heap before
{Heap before GC invocations=1 (full 0):
 garbage-first heap   total 131072K, used 54179K [0x0000000081c00000, 0x0000000100000000)
  region size 1024K, 49 young (50176K), 3 survivors (3072K)
 Metaspace       used 13146K, capacity 13459K, committed 13568K, reserved 1060864K
  class space    used 1326K, capacity 1453K, committed 1536K, reserved 1048576K
}
Event: 0.678 GC heap after
{Heap after GC invocations=2 (full 0):
 garbage-first heap   total 131072K, used 8509K [0x0000000081c00000, 0x0000000100000000)
  region size 1024K, 4 young (4096K), 4 survivors (4096K)
 Metaspace       used 13146K, capacity 13459K, committed 13568K, reserved 1060864K
  class space    used 1326K, capacity 1453K, committed 1536K, reserved 1048576K
}
Event: 1.188 GC heap before
{Heap before GC invocations=2 (full 0):
 garbage-first heap   total 131072K, used 41277K [0x0000000081c00000, 0x0000000100000000)
  region size 1024K, 38 young (38912K), 4 survivors (4096K)
 Metaspace       used 20667K, capacity 21160K, committed 21248K, reserved 1069056K
  class space    used 2314K, capacity 2489K, committed 2560K, reserved 1048576K
}
Event: 1.194 GC heap after
{Heap after GC invocations=3 (full 0):
 garbage-first heap   total 131072K, used 10637K [0x0000000081c00000, 0x0000000100000000)
  region size 1024K, 6 young (6144K), 6 survivors (6144K)
 Metaspace       used 20667K, capacity 21160K, committed 21248K, reserved 1069056K
  class space    used 2314K, capacity 2489K, committed 2560K, reserved 1048576K
}
Event: 1.519 GC heap before
{Heap before GC invocations=4 (full 0):
 garbage-first heap   total 131072K, used 67981K [0x0000000081c00000, 0x0000000100000000)
  region size 1024K, 63 young (64512K), 6 survivors (6144K)
 Metaspace       used 26100K, capacity 26721K, committed 26880K, reserved 1073152K
  class space    used 3050K, capacity 3297K, committed 3328K, reserved 1048576K
}
Event: 1.526 GC heap after
{Heap after GC invocations=5 (full 0):
 garbage-first heap   total 131072K, used 12277K [0x0000000081c00000, 0x0000000100000000)
  region size 1024K, 5 young (5120K), 5 survivors (5120K)
 Metaspace       used 26100K, capacity 26721K, committed 26880K, reserved 1073152K
  class space    used 3050K, capacity 3297K, committed 3328K, reserved 1048576K
}
Event: 1.928 GC heap before
{Heap before GC invocations=5 (full 0):
 garbage-first heap   total 131072K, used 79861K [0x0000000081c00000, 0x0000000100000000)
  region size 1024K, 72 young (73728K), 5 survivors (5120K)
 Metaspace       used 30259K, capacity 30985K, committed 31232K, reserved 1077248K
  class space    used 3556K, capacity 3840K, committed 3840K, reserved 1048576K
}
Event: 1.932 GC heap after
{Heap after GC invocations=6 (full 0):
 garbage-first heap   total 160768K, used 13935K [0x0000000081c00000, 0x0000000100000000)
  region size 1024K, 6 young (6144K), 6 survivors (6144K)
 Metaspace       used 30259K, capacity 30985K, committed 31232K, reserved 1077248K
  class space    used 3556K, capacity 3840K, committed 3840K, reserved 1048576K
}
Event: 2.668 GC heap before
{Heap before GC invocations=6 (full 0):
 garbage-first heap   total 160768K, used 50799K [0x0000000081c00000, 0x0000000100000000)
  region size 1024K, 43 young (44032K), 6 survivors (6144K)
 Metaspace       used 34806K, capacity 35686K, committed 35840K, reserved 1081344K
  class space    used 4162K, capacity 4507K, committed 4608K, reserved 1048576K
}
Event: 2.678 GC heap after
{Heap after GC invocations=7 (full 0):
 garbage-first heap   total 160768K, used 15502K [0x0000000081c00000, 0x0000000100000000)
  region size 1024K, 8 young (8192K), 8 survivors (8192K)
 Metaspace       used 34806K, capacity 35686K, committed 35840K, reserved 1081344K
  class space    used 4162K, capacity 4507K, committed 4608K, reserved 1048576K
}
Event: 3.962 GC heap before
{Heap before GC invocations=8 (full 0):
 garbage-first heap   total 160768K, used 92302K [0x0000000081c00000, 0x0000000100000000)
  region size 1024K, 84 young (86016K), 8 survivors (8192K)
 Metaspace       used 40701K, capacity 41838K, committed 41984K, reserved 1085440K
  class space    used 4870K, capacity 5332K, committed 5376K, reserved 1048576K
}
Event: 3.969 GC heap after
{Heap after GC invocations=9 (full 0):
 garbage-first heap   total 160768K, used 18547K [0x0000000081c00000, 0x0000000100000000)
  region size 1024K, 9 young (9216K), 9 survivors (9216K)
 Metaspace       used 40701K, capacity 41838K, committed 41984K, reserved 1085440K
  class space    used 4870K, capacity 5332K, committed 5376K, reserved 1048576K
}
Event: 4.514 GC heap before
{Heap before GC invocations=9 (full 0):
 garbage-first heap   total 160768K, used 104563K [0x0000000081c00000, 0x0000000100000000)
  region size 1024K, 94 young (96256K), 9 survivors (9216K)
 Metaspace       used 46526K, capacity 47765K, committed 48000K, reserved 1091584K
  class space    used 5759K, capacity 6261K, committed 6272K, reserved 1048576K
}
Event: 4.521 GC heap after
{Heap after GC invocations=10 (full 0):
 garbage-first heap   total 160768K, used 20605K [0x0000000081c00000, 0x0000000100000000)
  region size 1024K, 8 young (8192K), 8 survivors (8192K)
 Metaspace       used 46526K, capacity 47765K, committed 48000K, reserved 1091584K
  class space    used 5759K, capacity 6261K, committed 6272K, reserved 1048576K
}
Event: 5.310 GC heap before
{Heap before GC invocations=10 (full 0):
 garbage-first heap   total 160768K, used 93309K [0x0000000081c00000, 0x0000000100000000)
  region size 1024K, 80 young (81920K), 8 survivors (8192K)
 Metaspace       used 58827K, capacity 60100K, committed 60160K, reserved 1101824K
  class space    used 7276K, capacity 7763K, committed 7808K, reserved 1048576K
}
Event: 5.325 GC heap after
{Heap after GC invocations=11 (full 0):
 garbage-first heap   total 193536K, used 26453K [0x0000000081c00000, 0x0000000100000000)
  region size 1024K, 11 young (11264K), 11 survivors (11264K)
 Metaspace       used 58827K, capacity 60100K, committed 60160K, reserved 1101824K
  class space    used 7276K, capacity 7763K, committed 7808K, reserved 1048576K
}
Event: 6.544 GC heap before
{Heap before GC invocations=12 (full 0):
 garbage-first heap   total 193536K, used 130901K [0x0000000081c00000, 0x0000000100000000)
  region size 1024K, 113 young (115712K), 11 survivors (11264K)
 Metaspace       used 69887K, capacity 71608K, committed 71808K, reserved 1112064K
  class space    used 8860K, capacity 9489K, committed 9600K, reserved 1048576K
}
Event: 6.553 GC heap after
{Heap after GC invocations=13 (full 0):
 garbage-first heap   total 193536K, used 27801K [0x0000000081c00000, 0x0000000100000000)
  region size 1024K, 10 young (10240K), 10 survivors (10240K)
 Metaspace       used 69887K, capacity 71608K, committed 71808K, reserved 1112064K
  class space    used 8860K, capacity 9489K, committed 9600K, reserved 1048576K
}
Event: 30.374 GC heap before
{Heap before GC invocations=13 (full 0):
 garbage-first heap   total 193536K, used 133273K [0x0000000081c00000, 0x0000000100000000)
  region size 1024K, 113 young (115712K), 10 survivors (10240K)
 Metaspace       used 75449K, capacity 77357K, committed 77440K, reserved 1116160K
  class space    used 9627K, capacity 10324K, committed 10368K, reserved 1048576K
}
Event: 30.381 GC heap after
{Heap after GC invocations=14 (full 0):
 garbage-first heap   total 193536K, used 32017K [0x0000000081c00000, 0x0000000100000000)
  region size 1024K, 12 young (12288K), 12 survivors (12288K)
 Metaspace       used 75449K, capacity 77357K, committed 77440K, reserved 1116160K
  class space    used 9627K, capacity 10324K, committed 10368K, reserved 1048576K
}

Deoptimization events (20 events):
Event: 41.090 Thread 0x0000023820847800 Uncommon trap: trap_request=0xffffff4d fr.pc=0x00000238104f79e4 relative=0x00000000000004e4
Event: 41.090 Thread 0x0000023820847800 Uncommon trap: reason=unstable_if action=reinterpret pc=0x00000238104f79e4 method=org.thymeleaf.util.ProcessorComparators$ProcessorPrecedenceComparator.compare(Lorg/thymeleaf/processor/IProcessor;Lorg/thymeleaf/processor/IProcessor;)I @ 2 c2
Event: 41.090 Thread 0x0000023820847800 DEOPT PACKING pc=0x00000238104f79e4 sp=0x0000003ea90fa920
Event: 41.090 Thread 0x0000023820847800 DEOPT UNPACKING pc=0x00000238085b74af sp=0x0000003ea90fa830 mode 2
Event: 41.108 Thread 0x000002382084c000 Uncommon trap: trap_request=0xffffff4d fr.pc=0x00000238104f8b0c relative=0x000000000000042c
Event: 41.108 Thread 0x000002382084c000 Uncommon trap: reason=unstable_if action=reinterpret pc=0x00000238104f8b0c method=org.thymeleaf.util.ProcessorComparators$ProcessorPrecedenceComparator.compare(Lorg/thymeleaf/processor/IProcessor;Lorg/thymeleaf/processor/IProcessor;)I @ 2 c2
Event: 41.108 Thread 0x000002382084c000 DEOPT PACKING pc=0x00000238104f8b0c sp=0x0000003ea94fac20
Event: 41.108 Thread 0x000002382084c000 DEOPT UNPACKING pc=0x00000238085b74af sp=0x0000003ea94faba0 mode 2
Event: 41.115 Thread 0x0000023820847800 Uncommon trap: trap_request=0xffffff4d fr.pc=0x0000023810186ff8 relative=0x0000000000000058
Event: 41.115 Thread 0x0000023820847800 Uncommon trap: reason=unstable_if action=reinterpret pc=0x0000023810186ff8 method=org.springframework.util.StringUtils.deleteAny(Ljava/lang/String;Ljava/lang/String;)Ljava/lang/String; @ 11 c2
Event: 41.115 Thread 0x0000023820847800 DEOPT PACKING pc=0x0000023810186ff8 sp=0x0000003ea90fa890
Event: 41.115 Thread 0x0000023820847800 DEOPT UNPACKING pc=0x00000238085b74af sp=0x0000003ea90fa810 mode 2
Event: 41.119 Thread 0x0000023820847800 Uncommon trap: trap_request=0xffffff4d fr.pc=0x0000023810242fd0 relative=0x00000000000004b0
Event: 41.119 Thread 0x0000023820847800 Uncommon trap: reason=unstable_if action=reinterpret pc=0x0000023810242fd0 method=java.util.Properties.load0(Ljava/util/Properties$LineReader;)V @ 79 c2
Event: 41.119 Thread 0x0000023820847800 DEOPT PACKING pc=0x0000023810242fd0 sp=0x0000003ea90f9d00
Event: 41.119 Thread 0x0000023820847800 DEOPT UNPACKING pc=0x00000238085b74af sp=0x0000003ea90f9cb8 mode 2
Event: 41.122 Thread 0x0000023820847800 Uncommon trap: trap_request=0xffffff4d fr.pc=0x000002381043b6bc relative=0x0000000000000c3c
Event: 41.122 Thread 0x0000023820847800 Uncommon trap: reason=unstable_if action=reinterpret pc=0x000002381043b6bc method=sun.reflect.annotation.AnnotationInvocationHandler.invoke(Ljava/lang/Object;Ljava/lang/reflect/Method;[Ljava/lang/Object;)Ljava/lang/Object; @ 15 c2
Event: 41.122 Thread 0x0000023820847800 DEOPT PACKING pc=0x000002381043b6bc sp=0x0000003ea90fa0e0
Event: 41.122 Thread 0x0000023820847800 DEOPT UNPACKING pc=0x00000238085b74af sp=0x0000003ea90fa0b0 mode 2

Classes redefined (0 events):
No events

Internal exceptions (20 events):
Event: 7.134 Thread 0x00000238188f8000 Exception <a 'java/lang/ClassNotFoundException'{0x000000008b1336a8}: java/lang/ObjectCustomizer> (0x000000008b1336a8) thrown at [./src/hotspot/share/classfile/systemDictionary.cpp, line 231]
Event: 7.135 Thread 0x00000238188f8000 Exception <a 'java/lang/ClassNotFoundException'{0x000000008b145250}: com/example/demo/entity/financeCustomizer> (0x000000008b145250) thrown at [./src/hotspot/share/classfile/systemDictionary.cpp, line 231]
Event: 7.576 Thread 0x00000238188f8000 Exception <a 'java/lang/NoSuchMethodError'{0x000000008a260b70}: 'java.lang.Object java.lang.invoke.DirectMethodHandle$Holder.invokeSpecial(java.lang.Object, java.lang.Object, int, java.lang.Object, int, java.lang.Object)'> (0x000000008a260b70) thrown at [./src/hotspot/share/interpreter/linkResolver.cpp, line 773]
Event: 7.577 Thread 0x00000238188f8000 Exception <a 'java/lang/NoSuchMethodError'{0x000000008a268300}: 'java.lang.Object java.lang.invoke.DirectMethodHandle$Holder.invokeStatic(java.lang.Object, java.lang.Object, int, java.lang.Object, int)'> (0x000000008a268300) thrown at [./src/hotspot/share/interpreter/linkResolver.cpp, line 773]
Event: 7.577 Thread 0x00000238188f8000 Exception <a 'java/lang/NoSuchMethodError'{0x000000008a26bae0}: 'java.lang.Object java.lang.invoke.DirectMethodHandle$Holder.invokeSpecial(java.lang.Object, java.lang.Object, java.lang.Object, int, java.lang.Object, int)'> (0x000000008a26bae0) thrown at [./src/hotspot/share/interpreter/linkResolver.cpp, line 773]
Event: 7.578 Thread 0x00000238188f8000 Exception <a 'java/lang/NoSuchMethodError'{0x000000008a275798}: 'void java.lang.invoke.DirectMethodHandle$Holder.invokeVirtual(java.lang.Object, java.lang.Object)'> (0x000000008a275798) thrown at [./src/hotspot/share/interpreter/linkResolver.cpp, line 773]
Event: 40.826 Thread 0x000002382084c000 Exception <a 'java/lang/NoSuchMethodError'{0x000000008ac17f58}: 'java.lang.Object java.lang.invoke.DirectMethodHandle$Holder.invokeStatic(java.lang.Object, int, java.lang.Object, java.lang.Object)'> (0x000000008ac17f58) thrown at [./src/hotspot/share/interpreter/linkResolver.cpp, line 773]
Event: 40.827 Thread 0x000002382084c000 Exception <a 'java/lang/NoSuchMethodError'{0x000000008ac1f240}: 'java.lang.Object java.lang.invoke.DirectMethodHandle$Holder.invokeSpecial(java.lang.Object, java.lang.Object, int, java.lang.Object, java.lang.Object)'> (0x000000008ac1f240) thrown at [./src/hotspot/share/interpreter/linkResolver.cpp, line 773]
Event: 40.827 Thread 0x0000023820849800 Exception <a 'java/lang/NoSuchMethodError'{0x000000008ad6d418}: 'java.lang.Object java.lang.invoke.DirectMethodHandle$Holder.invokeSpecial(java.lang.Object, java.lang.Object, int, java.lang.Object, java.lang.Object)'> (0x000000008ad6d418) thrown at [./src/hotspot/share/interpreter/linkResolver.cpp, line 773]
Event: 40.837 Thread 0x000002382084a000 Exception <a 'java/lang/NoSuchMethodError'{0x000000008addec68}: 'java.lang.Object java.lang.invoke.Invokers$Holder.linkToTargetMethod(int, java.lang.Object, java.lang.Object, java.lang.Object)'> (0x000000008addec68) thrown at [./src/hotspot/share/interpreter/linkResolver.cpp, line 773]
Event: 40.837 Thread 0x0000023820849800 Exception <a 'java/lang/NoSuchMethodError'{0x000000008ad709a8}: 'java.lang.Object java.lang.invoke.Invokers$Holder.linkToTargetMethod(int, java.lang.Object, java.lang.Object, java.lang.Object)'> (0x000000008ad709a8) thrown at [./src/hotspot/share/interpreter/linkResolver.cpp, line 773]
Event: 40.837 Thread 0x0000023820846000 Exception <a 'java/lang/NoSuchMethodError'{0x000000008ac58278}: 'java.lang.Object java.lang.invoke.Invokers$Holder.linkToTargetMethod(int, java.lang.Object, java.lang.Object, java.lang.Object)'> (0x000000008ac58278) thrown at [./src/hotspot/share/interpreter/linkResolver.cpp, line 773]
Event: 41.096 Thread 0x0000023820847800 Exception <a 'java/lang/ClassNotFoundException'{0x000000008a614fd0}: java/lang/ObjectCustomizer> (0x000000008a614fd0) thrown at [./src/hotspot/share/classfile/systemDictionary.cpp, line 231]
Event: 41.097 Thread 0x0000023820847800 Exception <a 'java/lang/ClassNotFoundException'{0x000000008a62b950}: com/example/demo/entity/UserCustomizer> (0x000000008a62b950) thrown at [./src/hotspot/share/classfile/systemDictionary.cpp, line 231]
Event: 41.100 Thread 0x0000023820847800 Exception <a 'java/lang/ClassNotFoundException'{0x000000008a6a07f0}: org/springframework/security/core/userdetails/UserDetailsCustomizer> (0x000000008a6a07f0) thrown at [./src/hotspot/share/classfile/systemDictionary.cpp, line 231]
Event: 41.148 Thread 0x0000023820847800 Exception <a 'java/io/IOException'{0x000000008a33d698}> (0x000000008a33d698) thrown at [./src/hotspot/share/prims/jni.cpp, line 615]
Event: 41.152 Thread 0x0000023820847800 Exception <a 'java/io/IOException'{0x000000008a2bd1e8}> (0x000000008a2bd1e8) thrown at [./src/hotspot/share/prims/jni.cpp, line 615]
Event: 41.154 Thread 0x000002382084c000 Exception <a 'java/io/IOException'{0x000000008a377250}> (0x000000008a377250) thrown at [./src/hotspot/share/prims/jni.cpp, line 615]
Event: 41.158 Thread 0x000002382084c000 Exception <a 'java/io/IOException'{0x000000008a379128}> (0x000000008a379128) thrown at [./src/hotspot/share/prims/jni.cpp, line 615]
Event: 41.170 Thread 0x000002387fb0d000 Exception <a 'java/io/IOException'{0x000000008a273360}> (0x000000008a273360) thrown at [./src/hotspot/share/prims/jni.cpp, line 615]

Events (20 events):
Event: 41.115 loading class org/thymeleaf/spring5/util/SpringValueFormatter
Event: 41.115 loading class org/thymeleaf/spring5/util/SpringValueFormatter done
Event: 41.116 loading class org/springframework/web/util/HtmlUtils
Event: 41.116 loading class org/springframework/web/util/HtmlUtils done
Event: 41.116 loading class org/springframework/web/util/HtmlCharacterEntityReferences
Event: 41.116 loading class org/springframework/web/util/HtmlCharacterEntityReferences done
Event: 41.118 Executing VM operation: RevokeBias
Event: 41.118 Executing VM operation: RevokeBias done
Event: 41.118 Executing VM operation: RevokeBias
Event: 41.119 Executing VM operation: RevokeBias done
Event: 41.119 Executing VM operation: RevokeBias
Event: 41.119 Executing VM operation: RevokeBias done
Event: 41.122 loading class sun/reflect/annotation/AnnotationInvocationHandler$1
Event: 41.123 loading class sun/reflect/annotation/AnnotationInvocationHandler$1 done
Event: 41.152 Executing VM operation: RevokeBias
Event: 41.153 Executing VM operation: RevokeBias done
Event: 41.157 Executing VM operation: RevokeBias
Event: 41.157 Executing VM operation: RevokeBias done
Event: 41.239 Executing VM operation: RevokeBias
Event: 41.239 Executing VM operation: RevokeBias done


Dynamic libraries:
0x00007ff6bbe70000 - 0x00007ff6bbe7d000 	C:\Program Files\AdoptOpenJDK\jdk-11.0.8.10-hotspot\bin\java.exe
0x00007ff9eb7f0000 - 0x00007ff9eb9e5000 	C:\WINDOWS\SYSTEM32\ntdll.dll
0x00007ff9eaba0000 - 0x00007ff9eac5e000 	C:\WINDOWS\System32\KERNEL32.DLL
0x00007ff9e9570000 - 0x00007ff9e9839000 	C:\WINDOWS\System32\KERNELBASE.dll
0x00007ff9e9030000 - 0x00007ff9e9130000 	C:\WINDOWS\System32\ucrtbase.dll
0x00007ff9e2da0000 - 0x00007ff9e2db7000 	C:\Program Files\AdoptOpenJDK\jdk-11.0.8.10-hotspot\bin\jli.dll
0x00007ff9eb580000 - 0x00007ff9eb721000 	C:\WINDOWS\System32\USER32.dll
0x00007ff9e22c0000 - 0x00007ff9e22d5000 	C:\Program Files\AdoptOpenJDK\jdk-11.0.8.10-hotspot\bin\VCRUNTIME140.dll
0x00007ff9cd1a0000 - 0x00007ff9cd43a000 	C:\WINDOWS\WinSxS\amd64_microsoft.windows.common-controls_6595b64144ccf1df_6.0.19041.1110_none_60b5254171f9507e\COMCTL32.dll
0x00007ff9e92f0000 - 0x00007ff9e9312000 	C:\WINDOWS\System32\win32u.dll
0x00007ff9e9c10000 - 0x00007ff9e9cae000 	C:\WINDOWS\System32\msvcrt.dll
0x00007ff9e9840000 - 0x00007ff9e986b000 	C:\WINDOWS\System32\GDI32.dll
0x00007ff9e91e0000 - 0x00007ff9e92eb000 	C:\WINDOWS\System32\gdi32full.dll
0x00007ff9e8f90000 - 0x00007ff9e902d000 	C:\WINDOWS\System32\msvcp_win.dll
0x00007ff9e9be0000 - 0x00007ff9e9c10000 	C:\WINDOWS\System32\IMM32.DLL
0x00007ff9d7c60000 - 0x00007ff9d7cfb000 	C:\Program Files\AdoptOpenJDK\jdk-11.0.8.10-hotspot\bin\msvcp140.dll
0x00007ff9a04f0000 - 0x00007ff9a0fad000 	C:\Program Files\AdoptOpenJDK\jdk-11.0.8.10-hotspot\bin\server\jvm.dll
0x00007ff9e9cb0000 - 0x00007ff9e9d5c000 	C:\WINDOWS\System32\ADVAPI32.dll
0x00007ff9eb310000 - 0x00007ff9eb3ab000 	C:\WINDOWS\System32\sechost.dll
0x00007ff9e9ab0000 - 0x00007ff9e9bda000 	C:\WINDOWS\System32\RPCRT4.dll
0x00007ff9eb3b0000 - 0x00007ff9eb3b8000 	C:\WINDOWS\System32\PSAPI.DLL
0x00007ff9d78e0000 - 0x00007ff9d78e9000 	C:\WINDOWS\SYSTEM32\WSOCK32.dll
0x00007ff9db690000 - 0x00007ff9db6b7000 	C:\WINDOWS\SYSTEM32\WINMM.dll
0x00007ff9e1dd0000 - 0x00007ff9e1dda000 	C:\WINDOWS\SYSTEM32\VERSION.dll
0x00007ff9eab30000 - 0x00007ff9eab9b000 	C:\WINDOWS\System32\WS2_32.dll
0x00007ff9e7790000 - 0x00007ff9e77a2000 	C:\WINDOWS\SYSTEM32\kernel.appcore.dll
0x00007ff9e64d0000 - 0x00007ff9e64e0000 	C:\Program Files\AdoptOpenJDK\jdk-11.0.8.10-hotspot\bin\verify.dll
0x00007ff9e6d10000 - 0x00007ff9e6ef4000 	C:\WINDOWS\SYSTEM32\DBGHELP.DLL
0x00007ff9ce810000 - 0x00007ff9ce83c000 	C:\WINDOWS\SYSTEM32\dbgcore.DLL
0x00007ff9e9320000 - 0x00007ff9e93a3000 	C:\WINDOWS\System32\bcryptPrimitives.dll
0x00007ff9e2290000 - 0x00007ff9e22b8000 	C:\Program Files\AdoptOpenJDK\jdk-11.0.8.10-hotspot\bin\java.dll
0x00007ff9e4380000 - 0x00007ff9e438a000 	C:\Program Files\AdoptOpenJDK\jdk-11.0.8.10-hotspot\bin\jimage.dll
0x00007ff9e4360000 - 0x00007ff9e436e000 	C:\Program Files\AdoptOpenJDK\jdk-11.0.8.10-hotspot\bin\instrument.dll
0x00007ff9e2240000 - 0x00007ff9e2257000 	C:\Program Files\AdoptOpenJDK\jdk-11.0.8.10-hotspot\bin\zip.dll
0x00007ff9e9d60000 - 0x00007ff9ea49f000 	C:\WINDOWS\System32\SHELL32.dll
0x00007ff9e6ff0000 - 0x00007ff9e7780000 	C:\WINDOWS\SYSTEM32\windows.storage.dll
0x00007ff9eaea0000 - 0x00007ff9eb1f5000 	C:\WINDOWS\System32\combase.dll
0x00007ff9e8890000 - 0x00007ff9e88bc000 	C:\WINDOWS\SYSTEM32\Wldp.dll
0x00007ff9eb260000 - 0x00007ff9eb30e000 	C:\WINDOWS\System32\SHCORE.dll
0x00007ff9eb200000 - 0x00007ff9eb255000 	C:\WINDOWS\System32\shlwapi.dll
0x00007ff9e8e50000 - 0x00007ff9e8e6f000 	C:\WINDOWS\SYSTEM32\profapi.dll
0x00007ff9e21c0000 - 0x00007ff9e21d9000 	C:\Program Files\AdoptOpenJDK\jdk-11.0.8.10-hotspot\bin\net.dll
0x00007ff9de220000 - 0x00007ff9de328000 	C:\WINDOWS\SYSTEM32\WINHTTP.dll
0x00007ff9e85f0000 - 0x00007ff9e865a000 	C:\WINDOWS\system32\mswsock.dll
0x00007ff9e21a0000 - 0x00007ff9e21b2000 	C:\Program Files\AdoptOpenJDK\jdk-11.0.8.10-hotspot\bin\nio.dll
0x00007ff9e0f70000 - 0x00007ff9e0f8a000 	D:\IntelliJ IDEA 2021.1\bin\breakgen64.dll
0x00007ff9e3170000 - 0x00007ff9e3179000 	C:\Program Files\AdoptOpenJDK\jdk-11.0.8.10-hotspot\bin\management.dll
0x00007ff9e2d50000 - 0x00007ff9e2d5b000 	C:\Program Files\AdoptOpenJDK\jdk-11.0.8.10-hotspot\bin\management_ext.dll
0x00007ff9d89b0000 - 0x00007ff9d89c7000 	C:\WINDOWS\system32\napinsp.dll
0x00007ff9b2d10000 - 0x00007ff9b2d2b000 	C:\WINDOWS\system32\pnrpnsp.dll
0x00007ff9e3810000 - 0x00007ff9e3825000 	C:\WINDOWS\system32\wshbth.dll
0x00007ff9e4230000 - 0x00007ff9e424d000 	C:\WINDOWS\system32\NLAapi.dll
0x00007ff9e82e0000 - 0x00007ff9e831b000 	C:\WINDOWS\SYSTEM32\IPHLPAPI.DLL
0x00007ff9e8320000 - 0x00007ff9e83ec000 	C:\WINDOWS\SYSTEM32\DNSAPI.dll
0x00007ff9eb570000 - 0x00007ff9eb578000 	C:\WINDOWS\System32\NSI.dll
0x00007ff9b2cf0000 - 0x00007ff9b2d02000 	C:\WINDOWS\System32\winrnr.dll
0x00007ff9e13e0000 - 0x00007ff9e13ea000 	C:\Windows\System32\rasadhlp.dll
0x00007ff9def80000 - 0x00007ff9defff000 	C:\WINDOWS\System32\fwpuclnt.dll
0x00007ff9e8f60000 - 0x00007ff9e8f87000 	C:\WINDOWS\System32\bcrypt.dll
0x0000000180000000 - 0x0000000180285000 	D:\apache-tomcat-9.0.37\bin\tcnative-1.dll
0x00007ff9e93b0000 - 0x00007ff9e9506000 	C:\WINDOWS\System32\CRYPT32.dll
0x00007ff9e87f0000 - 0x00007ff9e8808000 	C:\WINDOWS\SYSTEM32\CRYPTSP.dll
0x00007ff9e7f70000 - 0x00007ff9e7fa4000 	C:\WINDOWS\system32\rsaenh.dll
0x00007ff9e8e10000 - 0x00007ff9e8e3e000 	C:\WINDOWS\SYSTEM32\USERENV.dll
0x00007ff9e87e0000 - 0x00007ff9e87ec000 	C:\WINDOWS\SYSTEM32\CRYPTBASE.dll
0x00007ff9e0010000 - 0x00007ff9e0027000 	C:\WINDOWS\SYSTEM32\dhcpcsvc6.DLL
0x00007ff9e0730000 - 0x00007ff9e074d000 	C:\WINDOWS\SYSTEM32\dhcpcsvc.DLL
0x00007ff9e2c30000 - 0x00007ff9e2c3e000 	C:\Program Files\AdoptOpenJDK\jdk-11.0.8.10-hotspot\bin\sunmscapi.dll
0x00007ff9e8900000 - 0x00007ff9e8927000 	C:\WINDOWS\SYSTEM32\ncrypt.dll
0x00007ff9e88c0000 - 0x00007ff9e88fb000 	C:\WINDOWS\SYSTEM32\NTASN1.dll
0x00007ff9de1f0000 - 0x00007ff9de215000 	C:\Program Files\AdoptOpenJDK\jdk-11.0.8.10-hotspot\bin\sunec.dll

dbghelp: loaded successfully - version: 4.0.5 - missing functions: none
symbol engine: initialized successfully - sym options: 0x614 - pdb path: .;C:\Program Files\AdoptOpenJDK\jdk-11.0.8.10-hotspot\bin;C:\WINDOWS\SYSTEM32;C:\WINDOWS\WinSxS\amd64_microsoft.windows.common-controls_6595b64144ccf1df_6.0.19041.1110_none_60b5254171f9507e;C:\Program Files\AdoptOpenJDK\jdk-11.0.8.10-hotspot\bin\server;D:\IntelliJ IDEA 2021.1\bin;D:\apache-tomcat-9.0.37\bin

VM Arguments:
jvm_args: -javaagent:D:\IntelliJ IDEA 2021.1\lib\idea_rt.jar=60350:D:\IntelliJ IDEA 2021.1\bin -Dfile.encoding=UTF-8 
java_command: com.example.demo.SpringbootProjectApplication
java_class_path (initial): C:\Users\Admin\eclipse-workspace\Springboot_project\target\classes;C:\Users\Admin\.m2\repository\org\springframework\boot\spring-boot-starter-security\2.4.5\spring-boot-starter-security-2.4.5.jar;C:\Users\Admin\.m2\repository\org\springframework\boot\spring-boot-starter\2.4.5\spring-boot-starter-2.4.5.jar;C:\Users\Admin\.m2\repository\org\springframework\boot\spring-boot-starter-logging\2.4.5\spring-boot-starter-logging-2.4.5.jar;C:\Users\Admin\.m2\repository\ch\qos\logback\logback-classic\1.2.3\logback-classic-1.2.3.jar;C:\Users\Admin\.m2\repository\ch\qos\logback\logback-core\1.2.3\logback-core-1.2.3.jar;C:\Users\Admin\.m2\repository\org\apache\logging\log4j\log4j-to-slf4j\2.13.3\log4j-to-slf4j-2.13.3.jar;C:\Users\Admin\.m2\repository\org\apache\logging\log4j\log4j-api\2.13.3\log4j-api-2.13.3.jar;C:\Users\Admin\.m2\repository\org\slf4j\jul-to-slf4j\1.7.30\jul-to-slf4j-1.7.30.jar;C:\Users\Admin\.m2\repository\jakarta\annotation\jakarta.annotation-api\1.3.5\jakarta.annotation-api-1.3.5.jar;C:\Users\Admin\.m2\repository\org\yaml\snakeyaml\1.27\snakeyaml-1.27.jar;C:\Users\Admin\.m2\repository\org\springframework\spring-aop\5.3.6\spring-aop-5.3.6.jar;C:\Users\Admin\.m2\repository\org\springframework\spring-beans\5.3.6\spring-beans-5.3.6.jar;C:\Users\Admin\.m2\repository\org\springframework\security\spring-security-config\5.4.6\spring-security-config-5.4.6.jar;C:\Users\Admin\.m2\repository\org\springframework\spring-context\5.3.6\spring-context-5.3.6.jar;C:\Users\Admin\.m2\repository\org\springframework\security\spring-security-web\5.4.6\spring-security-web-5.4.6.jar;C:\Users\Admin\.m2\repository\org\springframework\spring-expression\5.3.6\spring-expression-5.3.6.jar;C:\Users\Admin\.m2\repository\org\springframework\boot\spring-boot-starter-thymeleaf\2.4.5\spring-boot-starter-thymeleaf-2.4.5.jar;C:\Users\Admin\.m2\repository\org\thymeleaf\thymeleaf-spring5\3.0.12.RELEASE\thymeleaf-spring5-3.0.12.RELEASE.jar;C:\Users\Admin\.m2\repository\org\
Launcher Type: SUN_STANDARD

[Global flags]
     intx CICompilerCount                          = 4                                         {product} {ergonomic}
     uint ConcGCThreads                            = 2                                         {product} {ergonomic}
     uint G1ConcRefinementThreads                  = 8                                         {product} {ergonomic}
   size_t G1HeapRegionSize                         = 1048576                                   {product} {ergonomic}
    uintx GCDrainStackTargetSize                   = 64                                        {product} {ergonomic}
   size_t InitialHeapSize                          = 134217728                                 {product} {ergonomic}
   size_t MarkStackSize                            = 4194304                                   {product} {ergonomic}
   size_t MaxHeapSize                              = 2118123520                                {product} {ergonomic}
   size_t MaxNewSize                               = 1270874112                                {product} {ergonomic}
   size_t MinHeapDeltaBytes                        = 1048576                                   {product} {ergonomic}
    uintx NonNMethodCodeHeapSize                   = 5836300                                {pd product} {ergonomic}
    uintx NonProfiledCodeHeapSize                  = 122910970                              {pd product} {ergonomic}
    uintx ProfiledCodeHeapSize                     = 122910970                              {pd product} {ergonomic}
    uintx ReservedCodeCacheSize                    = 251658240                              {pd product} {ergonomic}
     bool SegmentedCodeCache                       = true                                      {product} {ergonomic}
     bool UseCompressedClassPointers               = true                                 {lp64_product} {ergonomic}
     bool UseCompressedOops                        = true                                 {lp64_product} {ergonomic}
     bool UseG1GC                                  = true                                      {product} {ergonomic}
     bool UseLargePagesIndividualAllocation        = false                                  {pd product} {ergonomic}

Logging:
Log output configuration:
 #0: stdout all=warning uptime,level,tags
 #1: stderr all=off uptime,level,tags

Environment Variables:
JAVA_HOME=C:\Program Files\AdoptOpenJDK\jdk-11.0.8.10-hotspot\
PATH=C:\Program Files\AdoptOpenJDK\jdk-11.0.8.10-hotspot\bin;C:\WINDOWS\system32;C:\WINDOWS;C:\WINDOWS\System32\Wbem;C:\WINDOWS\System32\WindowsPowerShell\v1.0\;C:\WINDOWS\System32\OpenSSH\;C:\Program Files (x86)\Microsoft SQL Server\110\Tools\Binn\ManagementStudio\;C:\Program Files (x86)\Microsoft SQL Server\110\Tools\Binn\;C:\Program Files\Microsoft SQL Server\110\Tools\Binn\;C:\Program Files (x86)\Microsoft SQL Server\110\DTS\Binn\;C:\Program Files\Microsoft SQL Server\Client SDK\ODBC\110\Tools\Binn\;C:\Program Files (x86)\Microsoft SQL Server\120\Tools\Binn\;C:\Program Files\Microsoft SQL Server\120\Tools\Binn\;C:\Program Files\Microsoft SQL Server\120\DTS\Binn\;C:\Program Files (x86)\Microsoft SQL Server\120\Tools\Binn\ManagementStudio\;C:\Program Files (x86)\Microsoft SQL Server\120\DTS\Binn\;C:\Users\Admin\Downloads\apache-maven-3.6.0;C:\Users\Admin\Downloads\apache-maven-3.6.0\bin;C:\Program Files\NVIDIA Corporation\NVIDIA NvDLISR;C:\Program Files (x86)\NVIDIA Corporation\PhysX\Common;C:\Users\Admin\Downloads\apache-maven-3.6.0\bin;C:\Program Files\nodejs\;C:\Program Files\Git\cmd;C:\WINDOWS\system32;C:\WINDOWS;C:\WINDOWS\System32\Wbem;C:\WINDOWS\System32\WindowsPowerShell\v1.0\;C:\WINDOWS\System32\OpenSSH\;C:\Users\Admin\AppData\Local\Microsoft\WindowsApps;C:\Users\Admin\AppData\Local\Programs\Microsoft VS Code\bin;D:\apache-tomcat-9.0.37\bin;C:\Users\Admin\AppData\Roaming\npm;
USERNAME=Admin
OS=Windows_NT
PROCESSOR_IDENTIFIER=Intel64 Family 6 Model 158 Stepping 10, GenuineIntel



---------------  S Y S T E M  ---------------

OS: Windows 10 , 64 bit Build 19041 (10.0.19041.1202)
OS uptime: 11 days 22:48 hours

CPU:total 8 (initial active 8) (4 cores per cpu, 2 threads per core) family 6 model 158 stepping 10, cmov, cx8, fxsr, mmx, sse, sse2, sse3, ssse3, sse4.1, sse4.2, popcnt, avx, avx2, aes, clmul, erms, 3dnowpref, lzcnt, ht, tsc, tscinvbit, bmi1, bmi2, adx, fma

Memory: 4k page, system-wide physical 8072M (644M free)
TotalPageFile size 12168M (AvailPageFile size 3M)
current process WorkingSet (physical memory assigned to process): 365M, peak: 403M
current process commit charge ("private bytes"): 436M, peak: 476M

vm_info: OpenJDK 64-Bit Server VM (11.0.8+10) for windows-amd64 JRE (11.0.8+10), built on Jul 15 2020 11:45:54 by "" with MS VC++ 15.9 (VS2017)

END.
