#
# There is insufficient memory for the Java Runtime Environment to continue.
# Native memory allocation (malloc) failed to allocate 699856 bytes for Chunk::new
# Possible reasons:
#   The system is out of physical RAM or swap space
#   The process is running with CompressedOops enabled, and the Java Heap may be blocking the growth of the native heap
# Possible solutions:
#   Reduce memory load on the system
#   Increase physical memory or swap space
#   Check if swap backing store is full
#   Decrease Java heap size (-Xmx/-Xms)
#   Decrease number of Java threads
#   Decrease Java thread stack sizes (-Xss)
#   Set larger code cache with -XX:ReservedCodeCacheSize=
#   JVM is running with Unscaled Compressed Oops mode in which the Java heap is
#     placed in the first 4GB address space. The Java Heap base address is the
#     maximum limit for the native heap growth. Please use -XX:HeapBaseMinAddress
#     to set the Java Heap base and to place the Java Heap above 4GB virtual address.
# This output file may be truncated or incomplete.
#
#  Out of Memory Error (./src/hotspot/share/memory/arena.cpp:197), pid=1596, tid=12488
#
# JRE version: OpenJDK Runtime Environment AdoptOpenJDK (11.0.8+10) (build 11.0.8+10)
# Java VM: OpenJDK 64-Bit Server VM AdoptOpenJDK (11.0.8+10, mixed mode, tiered, compressed oops, g1 gc, windows-amd64)
# No core dump will be written. Minidumps are not enabled by default on client versions of Windows
#

---------------  S U M M A R Y ------------

Command Line: -javaagent:D:\IntelliJ IDEA 2021.1\lib\idea_rt.jar=49269:D:\IntelliJ IDEA 2021.1\bin -Dfile.encoding=UTF-8 com.example.demo.SpringbootProjectApplication

Host: Intel(R) Core(TM) i5-9300H CPU @ 2.40GHz, 8 cores, 7G,  Windows 10 , 64 bit Build 19041 (10.0.19041.1202)
Time: Mon Nov  1 15:48:51 2021 SE Asia Standard Time elapsed time: 42 seconds (0d 0h 0m 42s)

---------------  T H R E A D  ---------------

Current thread (0x0000019983637000):  JavaThread "C2 CompilerThread1" daemon [_thread_in_native, id=12488, stack(0x0000005bde200000,0x0000005bde300000)]


Current CompileTask:
C2:  42891 7807       4       org.attoparser.HtmlMarkupHandler::handleInnerWhiteSpace (48 bytes)

Stack: [0x0000005bde200000,0x0000005bde300000]
Native frames: (J=compiled Java code, j=interpreted, Vv=VM code, C=native code)
V  [jvm.dll+0x5dfa5a]
V  [jvm.dll+0x7175ce]
V  [jvm.dll+0x718c9f]
V  [jvm.dll+0x719363]
V  [jvm.dll+0x240e48]
V  [jvm.dll+0xb96ac]
V  [jvm.dll+0xb9dac]
V  [jvm.dll+0x346387]
V  [jvm.dll+0x193831]
V  [jvm.dll+0x1faa32]
V  [jvm.dll+0x1f9adf]
V  [jvm.dll+0x17e4ec]
V  [jvm.dll+0x208f27]
V  [jvm.dll+0x20710b]
V  [jvm.dll+0x6dc339]
V  [jvm.dll+0x6d53e4]
V  [jvm.dll+0x5de996]
C  [ucrtbase.dll+0x21bb2]
C  [KERNEL32.DLL+0x17034]
C  [ntdll.dll+0x52651]


---------------  P R O C E S S  ---------------

Threads class SMR info:
_java_thread_list=0x000001998647cab0, length=33, elements={
0x00000199fe34b000, 0x00000199fe34c800, 0x00000199fe360800, 0x00000199fe361800,
0x00000199fe363000, 0x00000199fecb4800, 0x00000199fecbf000, 0x00000199fe2df800,
0x00000199ff12e800, 0x00000199ff12f000, 0x0000019980ea9000, 0x0000019982067000,
0x0000019980d72000, 0x000001998243c000, 0x000001998243e800, 0x0000019982441000,
0x0000019982442800, 0x000001998243d000, 0x000001998243e000, 0x0000019983984800,
0x0000019983980800, 0x0000019983982800, 0x0000019983983800, 0x0000019983985000,
0x0000019983986000, 0x0000019983982000, 0x0000019983987000, 0x0000019983981000,
0x0000019983633000, 0x0000019983634000, 0x0000019983636800, 0x0000019983637000,
0x0000019983635800
}

Java Threads: ( => current thread )
  0x00000199fe34b000 JavaThread "Reference Handler" daemon [_thread_blocked, id=11552, stack(0x0000005bdd300000,0x0000005bdd400000)]
  0x00000199fe34c800 JavaThread "Finalizer" daemon [_thread_blocked, id=11792, stack(0x0000005bdd400000,0x0000005bdd500000)]
  0x00000199fe360800 JavaThread "Signal Dispatcher" daemon [_thread_blocked, id=9276, stack(0x0000005bdd500000,0x0000005bdd600000)]
  0x00000199fe361800 JavaThread "Attach Listener" daemon [_thread_blocked, id=9344, stack(0x0000005bdd600000,0x0000005bdd700000)]
  0x00000199fe363000 JavaThread "C2 CompilerThread0" daemon [_thread_blocked, id=11584, stack(0x0000005bdd700000,0x0000005bdd800000)]
  0x00000199fecb4800 JavaThread "C1 CompilerThread0" daemon [_thread_blocked, id=11452, stack(0x0000005bdd800000,0x0000005bdd900000)]
  0x00000199fecbf000 JavaThread "Sweeper thread" daemon [_thread_blocked, id=12376, stack(0x0000005bdd900000,0x0000005bdda00000)]
  0x00000199fe2df800 JavaThread "Common-Cleaner" daemon [_thread_blocked, id=12384, stack(0x0000005bdda00000,0x0000005bddb00000)]
  0x00000199ff12e800 JavaThread "Monitor Ctrl-Break" daemon [_thread_in_native, id=11372, stack(0x0000005bddb00000,0x0000005bddc00000)]
  0x00000199ff12f000 JavaThread "Service Thread" daemon [_thread_blocked, id=12464, stack(0x0000005bddc00000,0x0000005bddd00000)]
  0x0000019980ea9000 JavaThread "mssql-jdbc-shared-timer-core-0" daemon [_thread_blocked, id=1100, stack(0x0000005bdeb00000,0x0000005bdec00000)]
  0x0000019982067000 JavaThread "HikariPool-1 housekeeper" daemon [_thread_blocked, id=13388, stack(0x0000005bdec00000,0x0000005bded00000)]
  0x0000019980d72000 JavaThread "Catalina-utility-1" [_thread_blocked, id=17612, stack(0x0000005bdee00000,0x0000005bdef00000)]
  0x000001998243c000 JavaThread "Catalina-utility-2" [_thread_blocked, id=14884, stack(0x0000005bdef00000,0x0000005bdf000000)]
  0x000001998243e800 JavaThread "container-0" [_thread_blocked, id=2564, stack(0x0000005bdf000000,0x0000005bdf100000)]
  0x0000019982441000 JavaThread "File Watcher" daemon [_thread_blocked, id=8020, stack(0x0000005bde600000,0x0000005bde700000)]
  0x0000019982442800 JavaThread "Live Reload Server" daemon [_thread_in_native, id=10884, stack(0x0000005bdf200000,0x0000005bdf300000)]
  0x000001998243d000 JavaThread "http-nio-6789-BlockPoller" daemon [_thread_in_native, id=15876, stack(0x0000005bdf300000,0x0000005bdf400000)]
  0x000001998243e000 JavaThread "http-nio-6789-exec-1" daemon [_thread_blocked, id=13008, stack(0x0000005bdf400000,0x0000005bdf500000)]
  0x0000019983984800 JavaThread "http-nio-6789-exec-2" daemon [_thread_blocked, id=15808, stack(0x0000005bdf500000,0x0000005bdf600000)]
  0x0000019983980800 JavaThread "http-nio-6789-exec-3" daemon [_thread_blocked, id=15976, stack(0x0000005bdf600000,0x0000005bdf700000)]
  0x0000019983982800 JavaThread "http-nio-6789-exec-4" daemon [_thread_blocked, id=2348, stack(0x0000005bdf700000,0x0000005bdf800000)]
  0x0000019983983800 JavaThread "http-nio-6789-exec-5" daemon [_thread_blocked, id=17880, stack(0x0000005bdf800000,0x0000005bdf900000)]
  0x0000019983985000 JavaThread "http-nio-6789-exec-6" daemon [_thread_blocked, id=540, stack(0x0000005bdf900000,0x0000005bdfa00000)]
  0x0000019983986000 JavaThread "http-nio-6789-exec-7" daemon [_thread_blocked, id=9324, stack(0x0000005bdfa00000,0x0000005bdfb00000)]
  0x0000019983982000 JavaThread "http-nio-6789-exec-8" daemon [_thread_blocked, id=2940, stack(0x0000005bdfb00000,0x0000005bdfc00000)]
  0x0000019983987000 JavaThread "http-nio-6789-exec-9" daemon [_thread_blocked, id=18312, stack(0x0000005bdfc00000,0x0000005bdfd00000)]
  0x0000019983981000 JavaThread "http-nio-6789-exec-10" daemon [_thread_blocked, id=12088, stack(0x0000005bdfd00000,0x0000005bdfe00000)]
  0x0000019983633000 JavaThread "http-nio-6789-ClientPoller" daemon [_thread_in_native, id=8516, stack(0x0000005bdfe00000,0x0000005bdff00000)]
  0x0000019983634000 JavaThread "http-nio-6789-Acceptor" daemon [_thread_in_native, id=14248, stack(0x0000005bdff00000,0x0000005be0000000)]
  0x0000019983636800 JavaThread "DestroyJavaVM" [_thread_blocked, id=14444, stack(0x0000005bdcc00000,0x0000005bdcd00000)]
=>0x0000019983637000 JavaThread "C2 CompilerThread1" daemon [_thread_in_native, id=12488, stack(0x0000005bde200000,0x0000005bde300000)]
  0x0000019983635800 JavaThread "C2 CompilerThread2" daemon [_thread_in_native, id=18216, stack(0x0000005bded00000,0x0000005bdee00000)]

Other Threads:
  0x00000199fe347800 VMThread "VM Thread" [stack: 0x0000005bdd200000,0x0000005bdd300000] [id=11528]
  0x00000199ff0ec800 WatcherThread [stack: 0x0000005bddd00000,0x0000005bdde00000] [id=11432]
  0x00000199df3a5000 GCTaskThread "GC Thread#0" [stack: 0x0000005bdcd00000,0x0000005bdce00000] [id=16448]
  0x0000019980225800 GCTaskThread "GC Thread#1" [stack: 0x0000005bddf00000,0x0000005bde000000] [id=15216]
  0x0000019980226000 GCTaskThread "GC Thread#2" [stack: 0x0000005bde000000,0x0000005bde100000] [id=15252]
  0x000001998020a800 GCTaskThread "GC Thread#3" [stack: 0x0000005bde300000,0x0000005bde400000] [id=10156]
  0x0000019980bf5800 GCTaskThread "GC Thread#4" [stack: 0x0000005bde400000,0x0000005bde500000] [id=10660]
  0x0000019980c20000 GCTaskThread "GC Thread#5" [stack: 0x0000005bde500000,0x0000005bde600000] [id=13144]
  0x000001998178b800 GCTaskThread "GC Thread#6" [stack: 0x0000005bde800000,0x0000005bde900000] [id=2408]
  0x00000199802f7800 GCTaskThread "GC Thread#7" [stack: 0x0000005bde900000,0x0000005bdea00000] [id=6432]
  0x00000199df3d4000 ConcurrentGCThread "G1 Main Marker" [stack: 0x0000005bdce00000,0x0000005bdcf00000] [id=7760]
  0x00000199df3d5800 ConcurrentGCThread "G1 Conc#0" [stack: 0x0000005bdcf00000,0x0000005bdd000000] [id=4036]
  0x0000019981763000 ConcurrentGCThread "G1 Conc#1" [stack: 0x0000005bdea00000,0x0000005bdeb00000] [id=5240]
  0x00000199df45e000 ConcurrentGCThread "G1 Refine#0" [stack: 0x0000005bdd000000,0x0000005bdd100000] [id=12196]
  0x00000199fe18c800 ConcurrentGCThread "G1 Young RemSet Sampling" [stack: 0x0000005bdd100000,0x0000005bdd200000] [id=11560]

Threads with active compile tasks:
C2 CompilerThread1  42929 7807       4       org.attoparser.HtmlMarkupHandler::handleInnerWhiteSpace (48 bytes)
C2 CompilerThread2  42929 7944       4       org.springframework.util.AntPathMatcher::doMatch (619 bytes)

VM state:not at safepoint (normal execution)

VM Mutex/Monitor currently owned by a thread: None

Heap address: 0x0000000081c00000, size: 2020 MB, Compressed Oops mode: 32-bit
Narrow klass base: 0x0000000000000000, Narrow klass shift: 3
Compressed class space size: 1073741824 Address: 0x0000000100000000

Heap:
 garbage-first heap   total 157696K, used 62082K [0x0000000081c00000, 0x0000000100000000)
  region size 1024K, 38 young (38912K), 10 survivors (10240K)
 Metaspace       used 81937K, capacity 83866K, committed 84096K, reserved 1122304K
  class space    used 10346K, capacity 11086K, committed 11136K, reserved 1048576K
Heap Regions: E=young(eden), S=young(survivor), O=old, HS=humongous(starts), HC=humongous(continues), CS=collection set, F=free, A=archive, TAMS=top-at-mark-start (previous, next)
|   0|0x0000000081c00000, 0x0000000081d00000, 0x0000000081d00000|100%|HS|  |TAMS 0x0000000081d00000, 0x0000000081c00000| Complete 
|   1|0x0000000081d00000, 0x0000000081e00000, 0x0000000081e00000|100%| O|  |TAMS 0x0000000081e00000, 0x0000000081d00000| Untracked 
|   2|0x0000000081e00000, 0x0000000081f00000, 0x0000000081f00000|100%| O|  |TAMS 0x0000000081f00000, 0x0000000081e00000| Untracked 
|   3|0x0000000081f00000, 0x0000000082000000, 0x0000000082000000|100%| O|  |TAMS 0x0000000082000000, 0x0000000081f00000| Untracked 
|   4|0x0000000082000000, 0x0000000082100000, 0x0000000082100000|100%| O|  |TAMS 0x0000000082100000, 0x0000000082000000| Untracked 
|   5|0x0000000082100000, 0x0000000082200000, 0x0000000082200000|100%| O|  |TAMS 0x0000000082200000, 0x0000000082100000| Untracked 
|   6|0x0000000082200000, 0x0000000082300000, 0x0000000082300000|100%| O|  |TAMS 0x0000000082300000, 0x0000000082200000| Untracked 
|   7|0x0000000082300000, 0x0000000082400000, 0x0000000082400000|100%| O|  |TAMS 0x0000000082400000, 0x0000000082300000| Untracked 
|   8|0x0000000082400000, 0x0000000082500000, 0x0000000082500000|100%| O|  |TAMS 0x0000000082500000, 0x0000000082400000| Untracked 
|   9|0x0000000082500000, 0x0000000082600000, 0x0000000082600000|100%| O|  |TAMS 0x0000000082600000, 0x0000000082500000| Untracked 
|  10|0x0000000082600000, 0x0000000082700000, 0x0000000082700000|100%| O|  |TAMS 0x0000000082700000, 0x0000000082600000| Untracked 
|  11|0x0000000082700000, 0x0000000082800000, 0x0000000082800000|100%| O|  |TAMS 0x0000000082800000, 0x0000000082700000| Untracked 
|  12|0x0000000082800000, 0x0000000082900000, 0x0000000082900000|100%| O|  |TAMS 0x0000000082900000, 0x0000000082800000| Untracked 
|  13|0x0000000082900000, 0x0000000082a00000, 0x0000000082a00000|100%| O|  |TAMS 0x0000000082a00000, 0x0000000082900000| Untracked 
|  14|0x0000000082a00000, 0x0000000082b00000, 0x0000000082b00000|100%| O|  |TAMS 0x0000000082b00000, 0x0000000082a00000| Untracked 
|  15|0x0000000082b00000, 0x0000000082c00000, 0x0000000082c00000|100%| O|  |TAMS 0x0000000082c00000, 0x0000000082b00000| Untracked 
|  16|0x0000000082c00000, 0x0000000082d00000, 0x0000000082d00000|100%| O|  |TAMS 0x0000000082d00000, 0x0000000082c00000| Untracked 
|  17|0x0000000082d00000, 0x0000000082e00000, 0x0000000082e00000|100%| O|  |TAMS 0x0000000082e00000, 0x0000000082d00000| Untracked 
|  18|0x0000000082e00000, 0x0000000082f00000, 0x0000000082f00000|100%| O|  |TAMS 0x0000000082f00000, 0x0000000082e00000| Untracked 
|  19|0x0000000082f00000, 0x0000000083000000, 0x0000000083000000|100%| O|  |TAMS 0x0000000082fa1a00, 0x0000000082f00000| Untracked 
|  20|0x0000000083000000, 0x0000000083100000, 0x0000000083100000|100%| O|  |TAMS 0x0000000083000000, 0x0000000083000000| Untracked 
|  21|0x0000000083100000, 0x0000000083200000, 0x0000000083200000|100%| O|  |TAMS 0x0000000083100000, 0x0000000083100000| Untracked 
|  22|0x0000000083200000, 0x0000000083300000, 0x0000000083300000|100%| O|  |TAMS 0x0000000083200000, 0x0000000083200000| Untracked 
|  23|0x0000000083300000, 0x0000000083400000, 0x0000000083400000|100%| O|  |TAMS 0x0000000083300000, 0x0000000083300000| Untracked 
|  24|0x0000000083400000, 0x0000000083500000, 0x0000000083500000|100%| O|  |TAMS 0x0000000083400000, 0x0000000083400000| Untracked 
|  25|0x0000000083500000, 0x0000000083563a00, 0x0000000083600000| 38%| O|  |TAMS 0x0000000083500000, 0x0000000083500000| Untracked 
|  26|0x0000000083600000, 0x0000000083600000, 0x0000000083700000|  0%| F|  |TAMS 0x0000000083600000, 0x0000000083600000| Untracked 
|  27|0x0000000083700000, 0x0000000083700000, 0x0000000083800000|  0%| F|  |TAMS 0x0000000083700000, 0x0000000083700000| Untracked 
|  28|0x0000000083800000, 0x0000000083800000, 0x0000000083900000|  0%| F|  |TAMS 0x0000000083800000, 0x0000000083800000| Untracked 
|  29|0x0000000083900000, 0x0000000083900000, 0x0000000083a00000|  0%| F|  |TAMS 0x0000000083900000, 0x0000000083900000| Untracked 
|  30|0x0000000083a00000, 0x0000000083a00000, 0x0000000083b00000|  0%| F|  |TAMS 0x0000000083a00000, 0x0000000083a00000| Untracked 
|  31|0x0000000083b00000, 0x0000000083b00000, 0x0000000083c00000|  0%| F|  |TAMS 0x0000000083b00000, 0x0000000083b00000| Untracked 
|  32|0x0000000083c00000, 0x0000000083c00000, 0x0000000083d00000|  0%| F|  |TAMS 0x0000000083c00000, 0x0000000083c00000| Untracked 
|  33|0x0000000083d00000, 0x0000000083d00000, 0x0000000083e00000|  0%| F|  |TAMS 0x0000000083d00000, 0x0000000083d00000| Untracked 
|  34|0x0000000083e00000, 0x0000000083e00000, 0x0000000083f00000|  0%| F|  |TAMS 0x0000000083e00000, 0x0000000083e00000| Untracked 
|  35|0x0000000083f00000, 0x0000000083f00000, 0x0000000084000000|  0%| F|  |TAMS 0x0000000083f00000, 0x0000000083f00000| Untracked 
|  36|0x0000000084000000, 0x0000000084000000, 0x0000000084100000|  0%| F|  |TAMS 0x0000000084000000, 0x0000000084000000| Untracked 
|  37|0x0000000084100000, 0x0000000084100000, 0x0000000084200000|  0%| F|  |TAMS 0x0000000084100000, 0x0000000084100000| Untracked 
|  38|0x0000000084200000, 0x0000000084200000, 0x0000000084300000|  0%| F|  |TAMS 0x0000000084200000, 0x0000000084200000| Untracked 
|  39|0x0000000084300000, 0x0000000084300000, 0x0000000084400000|  0%| F|  |TAMS 0x0000000084300000, 0x0000000084300000| Untracked 
|  40|0x0000000084400000, 0x0000000084400000, 0x0000000084500000|  0%| F|  |TAMS 0x0000000084400000, 0x0000000084400000| Untracked 
|  41|0x0000000084500000, 0x0000000084500000, 0x0000000084600000|  0%| F|  |TAMS 0x0000000084500000, 0x0000000084500000| Untracked 
|  42|0x0000000084600000, 0x0000000084600000, 0x0000000084700000|  0%| F|  |TAMS 0x0000000084600000, 0x0000000084600000| Untracked 
|  43|0x0000000084700000, 0x0000000084700000, 0x0000000084800000|  0%| F|  |TAMS 0x0000000084700000, 0x0000000084700000| Untracked 
|  44|0x0000000084800000, 0x0000000084800000, 0x0000000084900000|  0%| F|  |TAMS 0x0000000084800000, 0x0000000084800000| Untracked 
|  45|0x0000000084900000, 0x0000000084900000, 0x0000000084a00000|  0%| F|  |TAMS 0x0000000084900000, 0x0000000084900000| Untracked 
|  46|0x0000000084a00000, 0x0000000084a00000, 0x0000000084b00000|  0%| F|  |TAMS 0x0000000084a00000, 0x0000000084a00000| Untracked 
|  47|0x0000000084b00000, 0x0000000084b00000, 0x0000000084c00000|  0%| F|  |TAMS 0x0000000084b00000, 0x0000000084b00000| Untracked 
|  48|0x0000000084c00000, 0x0000000084c00000, 0x0000000084d00000|  0%| F|  |TAMS 0x0000000084c00000, 0x0000000084c00000| Untracked 
|  49|0x0000000084d00000, 0x0000000084d00000, 0x0000000084e00000|  0%| F|  |TAMS 0x0000000084d00000, 0x0000000084d00000| Untracked 
|  50|0x0000000084e00000, 0x0000000084e00000, 0x0000000084f00000|  0%| F|  |TAMS 0x0000000084e00000, 0x0000000084e00000| Untracked 
|  51|0x0000000084f00000, 0x0000000084f00000, 0x0000000085000000|  0%| F|  |TAMS 0x0000000084f00000, 0x0000000084f00000| Untracked 
|  52|0x0000000085000000, 0x000000008503d030, 0x0000000085100000| 23%| S|CS|TAMS 0x0000000085000000, 0x0000000085000000| Complete 
|  53|0x0000000085100000, 0x0000000085200000, 0x0000000085200000|100%| S|CS|TAMS 0x0000000085100000, 0x0000000085100000| Complete 
|  54|0x0000000085200000, 0x0000000085300000, 0x0000000085300000|100%| S|CS|TAMS 0x0000000085200000, 0x0000000085200000| Complete 
|  55|0x0000000085300000, 0x0000000085400000, 0x0000000085400000|100%| S|CS|TAMS 0x0000000085300000, 0x0000000085300000| Complete 
|  56|0x0000000085400000, 0x0000000085500000, 0x0000000085500000|100%| S|CS|TAMS 0x0000000085400000, 0x0000000085400000| Complete 
|  57|0x0000000085500000, 0x0000000085600000, 0x0000000085600000|100%| S|CS|TAMS 0x0000000085500000, 0x0000000085500000| Complete 
|  58|0x0000000085600000, 0x0000000085600000, 0x0000000085700000|  0%| F|  |TAMS 0x0000000085600000, 0x0000000085600000| Untracked 
|  59|0x0000000085700000, 0x0000000085700000, 0x0000000085800000|  0%| F|  |TAMS 0x0000000085700000, 0x0000000085700000| Untracked 
|  60|0x0000000085800000, 0x0000000085800000, 0x0000000085900000|  0%| F|  |TAMS 0x0000000085800000, 0x0000000085800000| Untracked 
|  61|0x0000000085900000, 0x0000000085900000, 0x0000000085a00000|  0%| F|  |TAMS 0x0000000085900000, 0x0000000085900000| Untracked 
|  62|0x0000000085a00000, 0x0000000085a00000, 0x0000000085b00000|  0%| F|  |TAMS 0x0000000085a00000, 0x0000000085a00000| Untracked 
|  63|0x0000000085b00000, 0x0000000085b00000, 0x0000000085c00000|  0%| F|  |TAMS 0x0000000085b00000, 0x0000000085b00000| Untracked 
|  64|0x0000000085c00000, 0x0000000085c00000, 0x0000000085d00000|  0%| F|  |TAMS 0x0000000085c00000, 0x0000000085c00000| Untracked 
|  65|0x0000000085d00000, 0x0000000085e00000, 0x0000000085e00000|100%| S|CS|TAMS 0x0000000085d00000, 0x0000000085d00000| Complete 
|  66|0x0000000085e00000, 0x0000000085f00000, 0x0000000085f00000|100%| S|CS|TAMS 0x0000000085e00000, 0x0000000085e00000| Complete 
|  67|0x0000000085f00000, 0x0000000086000000, 0x0000000086000000|100%| S|CS|TAMS 0x0000000085f00000, 0x0000000085f00000| Complete 
|  68|0x0000000086000000, 0x0000000086100000, 0x0000000086100000|100%| S|CS|TAMS 0x0000000086000000, 0x0000000086000000| Complete 
|  69|0x0000000086100000, 0x0000000086100000, 0x0000000086200000|  0%| F|  |TAMS 0x0000000086100000, 0x0000000086100000| Untracked 
|  70|0x0000000086200000, 0x0000000086200000, 0x0000000086300000|  0%| F|  |TAMS 0x0000000086200000, 0x0000000086200000| Untracked 
|  71|0x0000000086300000, 0x0000000086300000, 0x0000000086400000|  0%| F|  |TAMS 0x0000000086300000, 0x0000000086300000| Untracked 
|  72|0x0000000086400000, 0x0000000086400000, 0x0000000086500000|  0%| F|  |TAMS 0x0000000086400000, 0x0000000086400000| Untracked 
|  73|0x0000000086500000, 0x0000000086500000, 0x0000000086600000|  0%| F|  |TAMS 0x0000000086500000, 0x0000000086500000| Untracked 
|  74|0x0000000086600000, 0x0000000086600000, 0x0000000086700000|  0%| F|  |TAMS 0x0000000086600000, 0x0000000086600000| Untracked 
|  75|0x0000000086700000, 0x0000000086700000, 0x0000000086800000|  0%| F|  |TAMS 0x0000000086700000, 0x0000000086700000| Untracked 
|  76|0x0000000086800000, 0x0000000086800000, 0x0000000086900000|  0%| F|  |TAMS 0x0000000086800000, 0x0000000086800000| Untracked 
|  77|0x0000000086900000, 0x0000000086900000, 0x0000000086a00000|  0%| F|  |TAMS 0x0000000086900000, 0x0000000086900000| Untracked 
|  78|0x0000000086a00000, 0x0000000086a00000, 0x0000000086b00000|  0%| F|  |TAMS 0x0000000086a00000, 0x0000000086a00000| Untracked 
|  79|0x0000000086b00000, 0x0000000086b00000, 0x0000000086c00000|  0%| F|  |TAMS 0x0000000086b00000, 0x0000000086b00000| Untracked 
|  80|0x0000000086c00000, 0x0000000086c00000, 0x0000000086d00000|  0%| F|  |TAMS 0x0000000086c00000, 0x0000000086c00000| Untracked 
|  81|0x0000000086d00000, 0x0000000086d00000, 0x0000000086e00000|  0%| F|  |TAMS 0x0000000086d00000, 0x0000000086d00000| Untracked 
|  82|0x0000000086e00000, 0x0000000086e00000, 0x0000000086f00000|  0%| F|  |TAMS 0x0000000086e00000, 0x0000000086e00000| Untracked 
|  83|0x0000000086f00000, 0x0000000086f00000, 0x0000000087000000|  0%| F|  |TAMS 0x0000000086f00000, 0x0000000086f00000| Untracked 
|  84|0x0000000087000000, 0x0000000087000000, 0x0000000087100000|  0%| F|  |TAMS 0x0000000087000000, 0x0000000087000000| Untracked 
|  85|0x0000000087100000, 0x0000000087100000, 0x0000000087200000|  0%| F|  |TAMS 0x0000000087100000, 0x0000000087100000| Untracked 
|  86|0x0000000087200000, 0x0000000087200000, 0x0000000087300000|  0%| F|  |TAMS 0x0000000087200000, 0x0000000087200000| Untracked 
|  87|0x0000000087300000, 0x0000000087300000, 0x0000000087400000|  0%| F|  |TAMS 0x0000000087300000, 0x0000000087300000| Untracked 
|  88|0x0000000087400000, 0x0000000087400000, 0x0000000087500000|  0%| F|  |TAMS 0x0000000087400000, 0x0000000087400000| Untracked 
|  89|0x0000000087500000, 0x0000000087500000, 0x0000000087600000|  0%| F|  |TAMS 0x0000000087500000, 0x0000000087500000| Untracked 
|  90|0x0000000087600000, 0x0000000087600000, 0x0000000087700000|  0%| F|  |TAMS 0x0000000087600000, 0x0000000087600000| Untracked 
|  91|0x0000000087700000, 0x0000000087700000, 0x0000000087800000|  0%| F|  |TAMS 0x0000000087700000, 0x0000000087700000| Untracked 
|  92|0x0000000087800000, 0x0000000087800000, 0x0000000087900000|  0%| F|  |TAMS 0x0000000087800000, 0x0000000087800000| Untracked 
|  93|0x0000000087900000, 0x0000000087900000, 0x0000000087a00000|  0%| F|  |TAMS 0x0000000087900000, 0x0000000087900000| Untracked 
|  94|0x0000000087a00000, 0x0000000087a00000, 0x0000000087b00000|  0%| F|  |TAMS 0x0000000087a00000, 0x0000000087a00000| Untracked 
|  95|0x0000000087b00000, 0x0000000087b00000, 0x0000000087c00000|  0%| F|  |TAMS 0x0000000087b00000, 0x0000000087b00000| Untracked 
|  96|0x0000000087c00000, 0x0000000087c00000, 0x0000000087d00000|  0%| F|  |TAMS 0x0000000087c00000, 0x0000000087c00000| Untracked 
|  97|0x0000000087d00000, 0x0000000087d00000, 0x0000000087e00000|  0%| F|  |TAMS 0x0000000087d00000, 0x0000000087d00000| Untracked 
|  98|0x0000000087e00000, 0x0000000087e00000, 0x0000000087f00000|  0%| F|  |TAMS 0x0000000087e00000, 0x0000000087e00000| Untracked 
|  99|0x0000000087f00000, 0x0000000087f00000, 0x0000000088000000|  0%| F|  |TAMS 0x0000000087f00000, 0x0000000087f00000| Untracked 
| 100|0x0000000088000000, 0x0000000088000000, 0x0000000088100000|  0%| F|  |TAMS 0x0000000088000000, 0x0000000088000000| Untracked 
| 101|0x0000000088100000, 0x0000000088100000, 0x0000000088200000|  0%| F|  |TAMS 0x0000000088100000, 0x0000000088100000| Untracked 
| 102|0x0000000088200000, 0x0000000088200000, 0x0000000088300000|  0%| F|  |TAMS 0x0000000088200000, 0x0000000088200000| Untracked 
| 103|0x0000000088300000, 0x0000000088300000, 0x0000000088400000|  0%| F|  |TAMS 0x0000000088300000, 0x0000000088300000| Untracked 
| 104|0x0000000088400000, 0x0000000088400000, 0x0000000088500000|  0%| F|  |TAMS 0x0000000088400000, 0x0000000088400000| Untracked 
| 105|0x0000000088500000, 0x0000000088500000, 0x0000000088600000|  0%| F|  |TAMS 0x0000000088500000, 0x0000000088500000| Untracked 
| 106|0x0000000088600000, 0x0000000088600000, 0x0000000088700000|  0%| F|  |TAMS 0x0000000088600000, 0x0000000088600000| Untracked 
| 107|0x0000000088700000, 0x0000000088700000, 0x0000000088800000|  0%| F|  |TAMS 0x0000000088700000, 0x0000000088700000| Untracked 
| 108|0x0000000088800000, 0x0000000088800000, 0x0000000088900000|  0%| F|  |TAMS 0x0000000088800000, 0x0000000088800000| Untracked 
| 109|0x0000000088900000, 0x0000000088900000, 0x0000000088a00000|  0%| F|  |TAMS 0x0000000088900000, 0x0000000088900000| Untracked 
| 110|0x0000000088a00000, 0x0000000088a00000, 0x0000000088b00000|  0%| F|  |TAMS 0x0000000088a00000, 0x0000000088a00000| Untracked 
| 111|0x0000000088b00000, 0x0000000088b00000, 0x0000000088c00000|  0%| F|  |TAMS 0x0000000088b00000, 0x0000000088b00000| Untracked 
| 112|0x0000000088c00000, 0x0000000088c00000, 0x0000000088d00000|  0%| F|  |TAMS 0x0000000088c00000, 0x0000000088c00000| Untracked 
| 113|0x0000000088d00000, 0x0000000088d00000, 0x0000000088e00000|  0%| F|  |TAMS 0x0000000088d00000, 0x0000000088d00000| Untracked 
| 114|0x0000000088e00000, 0x0000000088e00000, 0x0000000088f00000|  0%| F|  |TAMS 0x0000000088e00000, 0x0000000088e00000| Untracked 
| 115|0x0000000088f00000, 0x0000000088f00000, 0x0000000089000000|  0%| F|  |TAMS 0x0000000088f00000, 0x0000000088f00000| Untracked 
| 116|0x0000000089000000, 0x0000000089000000, 0x0000000089100000|  0%| F|  |TAMS 0x0000000089000000, 0x0000000089000000| Untracked 
| 117|0x0000000089100000, 0x0000000089100000, 0x0000000089200000|  0%| F|  |TAMS 0x0000000089100000, 0x0000000089100000| Untracked 
| 118|0x0000000089200000, 0x0000000089200000, 0x0000000089300000|  0%| F|  |TAMS 0x0000000089200000, 0x0000000089200000| Untracked 
| 119|0x0000000089300000, 0x0000000089300000, 0x0000000089400000|  0%| F|  |TAMS 0x0000000089300000, 0x0000000089300000| Untracked 
| 120|0x0000000089400000, 0x0000000089400000, 0x0000000089500000|  0%| F|  |TAMS 0x0000000089400000, 0x0000000089400000| Untracked 
| 121|0x0000000089500000, 0x0000000089500000, 0x0000000089600000|  0%| F|  |TAMS 0x0000000089500000, 0x0000000089500000| Untracked 
| 122|0x0000000089600000, 0x0000000089600000, 0x0000000089700000|  0%| F|  |TAMS 0x0000000089600000, 0x0000000089600000| Untracked 
| 123|0x0000000089700000, 0x0000000089700000, 0x0000000089800000|  0%| F|  |TAMS 0x0000000089700000, 0x0000000089700000| Untracked 
| 124|0x0000000089800000, 0x0000000089800000, 0x0000000089900000|  0%| F|  |TAMS 0x0000000089800000, 0x0000000089800000| Untracked 
| 125|0x0000000089900000, 0x0000000089900000, 0x0000000089a00000|  0%| F|  |TAMS 0x0000000089900000, 0x0000000089900000| Untracked 
| 126|0x0000000089a00000, 0x0000000089b00000, 0x0000000089b00000|100%| E|  |TAMS 0x0000000089a00000, 0x0000000089a00000| Complete 
| 127|0x0000000089b00000, 0x0000000089c00000, 0x0000000089c00000|100%| E|CS|TAMS 0x0000000089b00000, 0x0000000089b00000| Complete 
| 128|0x0000000089c00000, 0x0000000089d00000, 0x0000000089d00000|100%| E|CS|TAMS 0x0000000089c00000, 0x0000000089c00000| Complete 
| 129|0x0000000089d00000, 0x0000000089e00000, 0x0000000089e00000|100%| E|CS|TAMS 0x0000000089d00000, 0x0000000089d00000| Complete 
| 130|0x0000000089e00000, 0x0000000089f00000, 0x0000000089f00000|100%| E|CS|TAMS 0x0000000089e00000, 0x0000000089e00000| Complete 
| 131|0x0000000089f00000, 0x000000008a000000, 0x000000008a000000|100%| E|CS|TAMS 0x0000000089f00000, 0x0000000089f00000| Complete 
| 132|0x000000008a000000, 0x000000008a100000, 0x000000008a100000|100%| E|CS|TAMS 0x000000008a000000, 0x000000008a000000| Complete 
| 133|0x000000008a100000, 0x000000008a200000, 0x000000008a200000|100%| E|CS|TAMS 0x000000008a100000, 0x000000008a100000| Complete 
| 134|0x000000008a200000, 0x000000008a300000, 0x000000008a300000|100%| E|CS|TAMS 0x000000008a200000, 0x000000008a200000| Complete 
| 135|0x000000008a300000, 0x000000008a400000, 0x000000008a400000|100%| E|CS|TAMS 0x000000008a300000, 0x000000008a300000| Complete 
| 136|0x000000008a400000, 0x000000008a500000, 0x000000008a500000|100%| E|CS|TAMS 0x000000008a400000, 0x000000008a400000| Complete 
| 137|0x000000008a500000, 0x000000008a600000, 0x000000008a600000|100%| E|CS|TAMS 0x000000008a500000, 0x000000008a500000| Complete 
| 138|0x000000008a600000, 0x000000008a700000, 0x000000008a700000|100%| E|CS|TAMS 0x000000008a600000, 0x000000008a600000| Complete 
| 139|0x000000008a700000, 0x000000008a800000, 0x000000008a800000|100%| E|CS|TAMS 0x000000008a700000, 0x000000008a700000| Complete 
| 140|0x000000008a800000, 0x000000008a900000, 0x000000008a900000|100%| E|CS|TAMS 0x000000008a800000, 0x000000008a800000| Complete 
| 141|0x000000008a900000, 0x000000008aa00000, 0x000000008aa00000|100%| E|CS|TAMS 0x000000008a900000, 0x000000008a900000| Complete 
| 142|0x000000008aa00000, 0x000000008ab00000, 0x000000008ab00000|100%| E|CS|TAMS 0x000000008aa00000, 0x000000008aa00000| Complete 
| 143|0x000000008ab00000, 0x000000008ac00000, 0x000000008ac00000|100%| E|CS|TAMS 0x000000008ab00000, 0x000000008ab00000| Complete 
| 144|0x000000008ac00000, 0x000000008ad00000, 0x000000008ad00000|100%| E|CS|TAMS 0x000000008ac00000, 0x000000008ac00000| Complete 
| 145|0x000000008ad00000, 0x000000008ae00000, 0x000000008ae00000|100%| E|CS|TAMS 0x000000008ad00000, 0x000000008ad00000| Complete 
| 146|0x000000008ae00000, 0x000000008af00000, 0x000000008af00000|100%| E|CS|TAMS 0x000000008ae00000, 0x000000008ae00000| Complete 
| 147|0x000000008af00000, 0x000000008b000000, 0x000000008b000000|100%| E|  |TAMS 0x000000008af00000, 0x000000008af00000| Complete 
| 148|0x000000008b000000, 0x000000008b100000, 0x000000008b100000|100%| E|CS|TAMS 0x000000008b000000, 0x000000008b000000| Complete 
| 149|0x000000008b100000, 0x000000008b200000, 0x000000008b200000|100%| E|CS|TAMS 0x000000008b100000, 0x000000008b100000| Complete 
| 150|0x000000008b200000, 0x000000008b300000, 0x000000008b300000|100%| E|CS|TAMS 0x000000008b200000, 0x000000008b200000| Complete 
| 151|0x000000008b300000, 0x000000008b400000, 0x000000008b400000|100%| E|CS|TAMS 0x000000008b300000, 0x000000008b300000| Complete 
| 152|0x000000008b400000, 0x000000008b500000, 0x000000008b500000|100%| E|CS|TAMS 0x000000008b400000, 0x000000008b400000| Complete 
| 153|0x000000008b500000, 0x000000008b600000, 0x000000008b600000|100%| E|CS|TAMS 0x000000008b500000, 0x000000008b500000| Complete 

Card table byte_map: [0x00000199f7120000,0x00000199f7520000] _byte_map_base: 0x00000199f6d12000

Marking Bits (Prev, Next): (CMBitMap*) 0x00000199df3cb538, (CMBitMap*) 0x00000199df3cb570
 Prev Bits: [0x00000199f7920000, 0x00000199f98b0000)
 Next Bits: [0x00000199f98b0000, 0x00000199fb840000)

Polling page: 0x00000199deb60000

Metaspace:

Usage:
  Non-class:     71.07 MB capacity,    69.91 MB ( 98%) used,   939.20 KB (  1%) free+waste,   249.38 KB ( <1%) overhead. 
      Class:     10.83 MB capacity,    10.10 MB ( 93%) used,   625.80 KB (  6%) free+waste,   113.81 KB (  1%) overhead. 
       Both:     81.90 MB capacity,    80.02 MB ( 98%) used,     1.53 MB (  2%) free+waste,   363.19 KB ( <1%) overhead. 

Virtual space:
  Non-class space:       72.00 MB reserved,      71.25 MB ( 99%) committed 
      Class space:        1.00 GB reserved,      10.88 MB (  1%) committed 
             Both:        1.07 GB reserved,      82.13 MB (  7%) committed 

Chunk freelists:
   Non-Class:  52.00 KB
       Class:  18.00 KB
        Both:  70.00 KB

MaxMetaspaceSize: 17179869184.00 GB
CompressedClassSpaceSize: 1.00 GB

CodeHeap 'non-profiled nmethods': size=120000Kb used=5814Kb max_used=5814Kb free=114185Kb
 bounds [0x00000199ef4c0000, 0x00000199efa70000, 0x00000199f69f0000]
CodeHeap 'profiled nmethods': size=120000Kb used=17085Kb max_used=17085Kb free=102914Kb
 bounds [0x00000199e7f90000, 0x00000199e9040000, 0x00000199ef4c0000]
CodeHeap 'non-nmethods': size=5760Kb used=1282Kb max_used=1347Kb free=4477Kb
 bounds [0x00000199e79f0000, 0x00000199e7c60000, 0x00000199e7f90000]
 total_blobs=8500 nmethods=7826 adapters=584
 compilation: enabled
              stopped_count=0, restarted_count=0
 full_count=0

Compilation events (20 events):
Event: 42.859 Thread 0x00000199fecb4800 7958       3       org.apache.catalina.connector.Request::addLocale (10 bytes)
Event: 42.860 Thread 0x00000199fecb4800 nmethod 7958 0x00000199e903c010 code [0x00000199e903c220, 0x00000199e903c898]
Event: 42.860 Thread 0x00000199fecb4800 7954       3       org.apache.catalina.core.ApplicationFilterFactory::matchFiltersURL (61 bytes)
Event: 42.860 Thread 0x00000199fecb4800 nmethod 7954 0x00000199e903cb10 code [0x00000199e903cd00, 0x00000199e903d148]
Event: 42.861 Thread 0x00000199fecb4800 7960       3       org.apache.tomcat.util.http.parser.TokenList::parseTokenList (47 bytes)
Event: 42.862 Thread 0x00000199fecb4800 nmethod 7960 0x00000199e903d310 code [0x00000199e903d540, 0x00000199e903dd48]
Event: 42.862 Thread 0x00000199fecb4800 7961       3       java.lang.Thread::isInterrupted (6 bytes)
Event: 42.862 Thread 0x00000199fecb4800 nmethod 7961 0x00000199e903e010 code [0x00000199e903e1c0, 0x00000199e903e308]
Event: 42.862 Thread 0x00000199fecb4800 7959       3       org.apache.coyote.http11.Http11Processor::isConnectionToken (40 bytes)
Event: 42.862 Thread 0x00000199fecb4800 nmethod 7959 0x00000199e903e390 code [0x00000199e903e5e0, 0x00000199e903ee38]
Event: 42.862 Thread 0x00000199fecb4800 7963       3       org.apache.coyote.http11.Http11InputBuffer$HeaderParseData::recycle (26 bytes)
Event: 42.862 Thread 0x00000199fecb4800 nmethod 7963 0x00000199e903f190 code [0x00000199e903f340, 0x00000199e903f478]
Event: 42.862 Thread 0x00000199fecb4800 7962       3       org.apache.catalina.connector.Request::isAsync (34 bytes)
Event: 42.863 Thread 0x00000199fecb4800 nmethod 7962 0x00000199e903f510 code [0x00000199e903f700, 0x00000199e903fac8]
Event: 42.870 Thread 0x00000199fe363000 nmethod 7812 0x00000199efa62190 code [0x00000199efa62520, 0x00000199efa65b90]
Event: 42.870 Thread 0x00000199fe363000 7941       4       java.util.StringTokenizer::scanToken (179 bytes)
Event: 42.880 Thread 0x0000019983635800 nmethod 7901 0x00000199efa67410 code [0x00000199efa67680, 0x00000199efa693c0]
Event: 42.880 Thread 0x0000019983635800 7944       4       org.springframework.util.AntPathMatcher::doMatch (619 bytes)
Event: 42.889 Thread 0x00000199fe363000 nmethod 7941 0x00000199efa6a110 code [0x00000199efa6a320, 0x00000199efa6ab70]
Event: 42.889 Thread 0x00000199fe363000 7904   !   4       sun.nio.cs.ISO_8859_1$Encoder::encodeBufferLoop (135 bytes)

GC Heap History (20 events):
Event: 1.568 GC heap before
{Heap before GC invocations=2 (full 0):
 garbage-first heap   total 131072K, used 35520K [0x0000000081c00000, 0x0000000100000000)
  region size 1024K, 32 young (32768K), 4 survivors (4096K)
 Metaspace       used 20630K, capacity 21124K, committed 21248K, reserved 1069056K
  class space    used 2299K, capacity 2476K, committed 2560K, reserved 1048576K
}
Event: 1.582 GC heap after
{Heap after GC invocations=3 (full 0):
 garbage-first heap   total 131072K, used 10563K [0x0000000081c00000, 0x0000000100000000)
  region size 1024K, 6 young (6144K), 6 survivors (6144K)
 Metaspace       used 20630K, capacity 21124K, committed 21248K, reserved 1069056K
  class space    used 2299K, capacity 2476K, committed 2560K, reserved 1048576K
}
Event: 2.328 GC heap before
{Heap before GC invocations=4 (full 0):
 garbage-first heap   total 131072K, used 68931K [0x0000000081c00000, 0x0000000100000000)
  region size 1024K, 64 young (65536K), 6 survivors (6144K)
 Metaspace       used 26876K, capacity 27457K, committed 27776K, reserved 1073152K
  class space    used 3105K, capacity 3329K, committed 3456K, reserved 1048576K
}
Event: 2.341 GC heap after
{Heap after GC invocations=5 (full 0):
 garbage-first heap   total 131072K, used 12416K [0x0000000081c00000, 0x0000000100000000)
  region size 1024K, 5 young (5120K), 5 survivors (5120K)
 Metaspace       used 26876K, capacity 27457K, committed 27776K, reserved 1073152K
  class space    used 3105K, capacity 3329K, committed 3456K, reserved 1048576K
}
Event: 3.260 GC heap before
{Heap before GC invocations=6 (full 0):
 garbage-first heap   total 131072K, used 83072K [0x0000000081c00000, 0x0000000100000000)
  region size 1024K, 75 young (76800K), 5 survivors (5120K)
 Metaspace       used 30545K, capacity 31334K, committed 31616K, reserved 1077248K
  class space    used 3599K, capacity 3912K, committed 3968K, reserved 1048576K
}
Event: 3.267 GC heap after
{Heap after GC invocations=7 (full 0):
 garbage-first heap   total 157696K, used 13922K [0x0000000081c00000, 0x0000000100000000)
  region size 1024K, 6 young (6144K), 6 survivors (6144K)
 Metaspace       used 30545K, capacity 31334K, committed 31616K, reserved 1077248K
  class space    used 3599K, capacity 3912K, committed 3968K, reserved 1048576K
}
Event: 5.805 GC heap before
{Heap before GC invocations=7 (full 0):
 garbage-first heap   total 157696K, used 100962K [0x0000000081c00000, 0x0000000100000000)
  region size 1024K, 92 young (94208K), 6 survivors (6144K)
 Metaspace       used 40200K, capacity 41312K, committed 41472K, reserved 1085440K
  class space    used 4820K, capacity 5261K, committed 5376K, reserved 1048576K
}
Event: 5.814 GC heap after
{Heap after GC invocations=8 (full 0):
 garbage-first heap   total 157696K, used 18248K [0x0000000081c00000, 0x0000000100000000)
  region size 1024K, 10 young (10240K), 10 survivors (10240K)
 Metaspace       used 40200K, capacity 41312K, committed 41472K, reserved 1085440K
  class space    used 4820K, capacity 5261K, committed 5376K, reserved 1048576K
}
Event: 6.572 GC heap before
{Heap before GC invocations=8 (full 0):
 garbage-first heap   total 157696K, used 101192K [0x0000000081c00000, 0x0000000100000000)
  region size 1024K, 92 young (94208K), 10 survivors (10240K)
 Metaspace       used 42150K, capacity 43370K, committed 43520K, reserved 1087488K
  class space    used 5041K, capacity 5541K, committed 5632K, reserved 1048576K
}
Event: 6.581 GC heap after
{Heap after GC invocations=9 (full 0):
 garbage-first heap   total 157696K, used 19775K [0x0000000081c00000, 0x0000000100000000)
  region size 1024K, 8 young (8192K), 8 survivors (8192K)
 Metaspace       used 42150K, capacity 43370K, committed 43520K, reserved 1087488K
  class space    used 5041K, capacity 5541K, committed 5632K, reserved 1048576K
}
Event: 7.158 GC heap before
{Heap before GC invocations=9 (full 0):
 garbage-first heap   total 157696K, used 37183K [0x0000000081c00000, 0x0000000100000000)
  region size 1024K, 26 young (26624K), 8 survivors (8192K)
 Metaspace       used 44861K, capacity 46033K, committed 46208K, reserved 1089536K
  class space    used 5415K, capacity 5896K, committed 6016K, reserved 1048576K
}
Event: 7.167 GC heap after
{Heap after GC invocations=10 (full 0):
 garbage-first heap   total 157696K, used 20644K [0x0000000081c00000, 0x0000000100000000)
  region size 1024K, 7 young (7168K), 7 survivors (7168K)
 Metaspace       used 44861K, capacity 46033K, committed 46208K, reserved 1089536K
  class space    used 5415K, capacity 5896K, committed 6016K, reserved 1048576K
}
Event: 9.666 GC heap before
{Heap before GC invocations=11 (full 0):
 garbage-first heap   total 157696K, used 105636K [0x0000000081c00000, 0x0000000100000000)
  region size 1024K, 90 young (92160K), 7 survivors (7168K)
 Metaspace       used 58834K, capacity 60142K, committed 60288K, reserved 1101824K
  class space    used 7293K, capacity 7796K, committed 7808K, reserved 1048576K
}
Event: 9.678 GC heap after
{Heap after GC invocations=12 (full 0):
 garbage-first heap   total 157696K, used 26553K [0x0000000081c00000, 0x0000000100000000)
  region size 1024K, 9 young (9216K), 9 survivors (9216K)
 Metaspace       used 58834K, capacity 60142K, committed 60288K, reserved 1101824K
  class space    used 7293K, capacity 7796K, committed 7808K, reserved 1048576K
}
Event: 11.518 GC heap before
{Heap before GC invocations=12 (full 0):
 garbage-first heap   total 157696K, used 110521K [0x0000000081c00000, 0x0000000100000000)
  region size 1024K, 91 young (93184K), 9 survivors (9216K)
 Metaspace       used 69014K, capacity 70616K, committed 70784K, reserved 1110016K
  class space    used 8704K, capacity 9309K, committed 9344K, reserved 1048576K
}
Event: 11.526 GC heap after
{Heap after GC invocations=13 (full 0):
 garbage-first heap   total 157696K, used 26916K [0x0000000081c00000, 0x0000000100000000)
  region size 1024K, 7 young (7168K), 7 survivors (7168K)
 Metaspace       used 69014K, capacity 70616K, committed 70784K, reserved 1110016K
  class space    used 8704K, capacity 9309K, committed 9344K, reserved 1048576K
}
Event: 13.564 GC heap before
{Heap before GC invocations=13 (full 0):
 garbage-first heap   total 157696K, used 104740K [0x0000000081c00000, 0x0000000100000000)
  region size 1024K, 84 young (86016K), 7 survivors (7168K)
 Metaspace       used 75535K, capacity 77407K, committed 77440K, reserved 1116160K
  class space    used 9629K, capacity 10340K, committed 10368K, reserved 1048576K
}
Event: 13.584 GC heap after
{Heap after GC invocations=14 (full 0):
 garbage-first heap   total 157696K, used 31955K [0x0000000081c00000, 0x0000000100000000)
  region size 1024K, 12 young (12288K), 12 survivors (12288K)
 Metaspace       used 75535K, capacity 77407K, committed 77440K, reserved 1116160K
  class space    used 9629K, capacity 10340K, committed 10368K, reserved 1048576K
}
Event: 39.310 GC heap before
{Heap before GC invocations=15 (full 0):
 garbage-first heap   total 157696K, used 113875K [0x0000000081c00000, 0x0000000100000000)
  region size 1024K, 92 young (94208K), 12 survivors (12288K)
 Metaspace       used 80165K, capacity 82070K, committed 82176K, reserved 1120256K
  class space    used 10207K, capacity 10934K, committed 11008K, reserved 1048576K
}
Event: 39.319 GC heap after
{Heap after GC invocations=16 (full 0):
 garbage-first heap   total 157696K, used 35458K [0x0000000081c00000, 0x0000000100000000)
  region size 1024K, 10 young (10240K), 10 survivors (10240K)
 Metaspace       used 80165K, capacity 82070K, committed 82176K, reserved 1120256K
  class space    used 10207K, capacity 10934K, committed 11008K, reserved 1048576K
}

Deoptimization events (20 events):
Event: 42.651 Thread 0x0000019983986000 DEOPT PACKING pc=0x00000199efa44ae8 sp=0x0000005bdfafd030
Event: 42.651 Thread 0x0000019983986000 DEOPT UNPACKING pc=0x00000199e7a174af sp=0x0000005bdfafd020 mode 2
Event: 42.692 Thread 0x0000019983986000 Uncommon trap: trap_request=0xffffff4d fr.pc=0x00000199efa1cdd0 relative=0x0000000000000290
Event: 42.692 Thread 0x0000019983986000 Uncommon trap: reason=unstable_if action=reinterpret pc=0x00000199efa1cdd0 method=org.attoparser.ParsingMarkupUtil.findNextWhitespaceCharWildcard([CIIZ[I)I @ 125 c2
Event: 42.692 Thread 0x0000019983986000 DEOPT PACKING pc=0x00000199efa1cdd0 sp=0x0000005bdfafb0d0
Event: 42.692 Thread 0x0000019983986000 DEOPT UNPACKING pc=0x00000199e7a174af sp=0x0000005bdfafb028 mode 2
Event: 42.747 Thread 0x0000019983985000 Uncommon trap: trap_request=0xffffffbe fr.pc=0x00000199efa44ae8 relative=0x0000000000005b88
Event: 42.747 Thread 0x0000019983985000 Uncommon trap: reason=profile_predicate action=maybe_recompile pc=0x00000199efa44ae8 method=org.springframework.util.AntPathMatcher.doMatch(Ljava/lang/String;Ljava/lang/String;ZLjava/util/Map;)Z @ 86 c2
Event: 42.747 Thread 0x0000019983985000 DEOPT PACKING pc=0x00000199efa44ae8 sp=0x0000005bdf9fd030
Event: 42.747 Thread 0x0000019983985000 DEOPT UNPACKING pc=0x00000199e7a174af sp=0x0000005bdf9fd020 mode 2
Event: 42.747 Thread 0x0000019983985000 Uncommon trap: trap_request=0xffffffbe fr.pc=0x00000199efa44ae8 relative=0x0000000000005b88
Event: 42.747 Thread 0x0000019983985000 Uncommon trap: reason=profile_predicate action=maybe_recompile pc=0x00000199efa44ae8 method=org.springframework.util.AntPathMatcher.doMatch(Ljava/lang/String;Ljava/lang/String;ZLjava/util/Map;)Z @ 86 c2
Event: 42.747 Thread 0x0000019983985000 DEOPT PACKING pc=0x00000199efa44ae8 sp=0x0000005bdf9fd030
Event: 42.747 Thread 0x0000019983985000 DEOPT UNPACKING pc=0x00000199e7a174af sp=0x0000005bdf9fd020 mode 2
Event: 42.747 Thread 0x0000019983985000 Uncommon trap: trap_request=0xffffffbe fr.pc=0x00000199efa44ae8 relative=0x0000000000005b88
Event: 42.747 Thread 0x0000019983985000 Uncommon trap: reason=profile_predicate action=maybe_recompile pc=0x00000199efa44ae8 method=org.springframework.util.AntPathMatcher.doMatch(Ljava/lang/String;Ljava/lang/String;ZLjava/util/Map;)Z @ 86 c2
Event: 42.747 Thread 0x0000019983985000 DEOPT PACKING pc=0x00000199efa44ae8 sp=0x0000005bdf9fd030
Event: 42.747 Thread 0x0000019983985000 DEOPT UNPACKING pc=0x00000199e7a174af sp=0x0000005bdf9fd020 mode 2
Event: 42.749 Thread 0x0000019983985000 DEOPT PACKING pc=0x00000199e7fea79b sp=0x0000005bdf9fd2d0
Event: 42.749 Thread 0x0000019983985000 DEOPT UNPACKING pc=0x00000199e7a172ce sp=0x0000005bdf9fc810 mode 0

Classes redefined (0 events):
No events

Internal exceptions (20 events):
Event: 12.672 Thread 0x0000019980398800 Exception <a 'java/lang/NoSuchMethodError'{0x00000000882af070}: 'void java.lang.invoke.DirectMethodHandle$Holder.invokeVirtual(java.lang.Object, java.lang.Object, int)'> (0x00000000882af070) thrown at [./src/hotspot/share/interpreter/linkResolver.cpp, line 773]
Event: 12.674 Thread 0x0000019980398800 Exception <a 'java/lang/NoSuchMethodError'{0x00000000882c8c38}: 'void java.lang.invoke.DirectMethodHandle$Holder.invokeVirtual(java.lang.Object, java.lang.Object, long)'> (0x00000000882c8c38) thrown at [./src/hotspot/share/interpreter/linkResolver.cpp, line 773]
Event: 12.888 Thread 0x0000019980398800 Exception <a 'java/lang/ClassNotFoundException'{0x000000008760f9e0}: java/lang/ObjectCustomizer> (0x000000008760f9e0) thrown at [./src/hotspot/share/classfile/systemDictionary.cpp, line 231]
Event: 12.889 Thread 0x0000019980398800 Exception <a 'java/lang/ClassNotFoundException'{0x00000000876217c8}: com/example/demo/entity/financeCustomizer> (0x00000000876217c8) thrown at [./src/hotspot/share/classfile/systemDictionary.cpp, line 231]
Event: 13.528 Thread 0x0000019980398800 Exception <a 'java/lang/NoSuchMethodError'{0x0000000086a2c040}: 'java.lang.Object java.lang.invoke.DirectMethodHandle$Holder.invokeSpecial(java.lang.Object, java.lang.Object, int, java.lang.Object, int, java.lang.Object)'> (0x0000000086a2c040) thrown at [./src/hotspot/share/interpreter/linkResolver.cpp, line 773]
Event: 13.529 Thread 0x0000019980398800 Exception <a 'java/lang/NoSuchMethodError'{0x0000000086a337d0}: 'java.lang.Object java.lang.invoke.DirectMethodHandle$Holder.invokeStatic(java.lang.Object, java.lang.Object, int, java.lang.Object, int)'> (0x0000000086a337d0) thrown at [./src/hotspot/share/interpreter/linkResolver.cpp, line 773]
Event: 13.529 Thread 0x0000019980398800 Exception <a 'java/lang/NoSuchMethodError'{0x0000000086a36fb0}: 'java.lang.Object java.lang.invoke.DirectMethodHandle$Holder.invokeSpecial(java.lang.Object, java.lang.Object, java.lang.Object, int, java.lang.Object, int)'> (0x0000000086a36fb0) thrown at [./src/hotspot/share/interpreter/linkResolver.cpp, line 773]
Event: 13.531 Thread 0x0000019980398800 Exception <a 'java/lang/NoSuchMethodError'{0x0000000086a40c68}: 'void java.lang.invoke.DirectMethodHandle$Holder.invokeVirtual(java.lang.Object, java.lang.Object)'> (0x0000000086a40c68) thrown at [./src/hotspot/share/interpreter/linkResolver.cpp, line 773]
Event: 32.781 Thread 0x0000019983982000 Exception <a 'java/lang/NoSuchMethodError'{0x0000000088ae1eb0}: 'java.lang.Object java.lang.invoke.DirectMethodHandle$Holder.invokeStatic(java.lang.Object, int, java.lang.Object, java.lang.Object)'> (0x0000000088ae1eb0) thrown at [./src/hotspot/share/interpreter/linkResolver.cpp, line 773]
Event: 32.781 Thread 0x0000019983982000 Exception <a 'java/lang/NoSuchMethodError'{0x0000000088ae9198}: 'java.lang.Object java.lang.invoke.DirectMethodHandle$Holder.invokeSpecial(java.lang.Object, java.lang.Object, int, java.lang.Object, java.lang.Object)'> (0x0000000088ae9198) thrown at [./src/hotspot/share/interpreter/linkResolver.cpp, line 773]
Event: 33.379 Thread 0x0000019983987000 Exception <a 'java/lang/ClassNotFoundException'{0x00000000878eb450}: java/lang/ObjectCustomizer> (0x00000000878eb450) thrown at [./src/hotspot/share/classfile/systemDictionary.cpp, line 231]
Event: 33.380 Thread 0x0000019983987000 Exception <a 'java/lang/ClassNotFoundException'{0x0000000087702330}: com/example/demo/entity/UserCustomizer> (0x0000000087702330) thrown at [./src/hotspot/share/classfile/systemDictionary.cpp, line 231]
Event: 33.382 Thread 0x0000019983987000 Exception <a 'java/lang/ClassNotFoundException'{0x0000000087738410}: org/springframework/security/core/userdetails/UserDetailsCustomizer> (0x0000000087738410) thrown at [./src/hotspot/share/classfile/systemDictionary.cpp, line 231]
Event: 39.783 Thread 0x0000019983982800 Exception <a 'java/lang/NoSuchMethodError'{0x000000008ad815f8}: 'java.lang.Object java.lang.invoke.DirectMethodHandle$Holder.invokeStaticInit(java.lang.Object, java.lang.Object, java.lang.Object, java.lang.Object, java.lang.Object, java.lang.Object)'> (0x000000008ad815f8) thrown at [./src/hotspot/share/interpreter/linkResolver.cpp, line 773]
Event: 40.138 Thread 0x0000019983982000 Exception <a 'java/lang/ClassNotFoundException'{0x000000008aa8f748}: java/lang/ObjectCustomizer> (0x000000008aa8f748) thrown at [./src/hotspot/share/classfile/systemDictionary.cpp, line 231]
Event: 40.139 Thread 0x0000019983982000 Exception <a 'java/lang/ClassNotFoundException'{0x000000008aaaac68}: org/springframework/security/authentication/AbstractAuthenticationTokenCustomizer> (0x000000008aaaac68) thrown at [./src/hotspot/share/classfile/systemDictionary.cpp, line 231]
Event: 40.141 Thread 0x0000019983982000 Exception <a 'java/lang/ClassNotFoundException'{0x000000008aacbe90}: org/springframework/security/authentication/UsernamePasswordAuthenticationTokenCustomizer> (0x000000008aacbe90) thrown at [./src/hotspot/share/classfile/systemDictionary.cpp, line 231]
Event: 40.142 Thread 0x0000019983982000 Exception <a 'java/lang/ClassNotFoundException'{0x000000008aaec520}: org/springframework/security/core/AuthenticationCustomizer> (0x000000008aaec520) thrown at [./src/hotspot/share/classfile/systemDictionary.cpp, line 231]
Event: 40.142 Thread 0x0000019983982000 Exception <a 'java/lang/ClassNotFoundException'{0x000000008aaf8728}: java/security/PrincipalCustomizer> (0x000000008aaf8728) thrown at [./src/hotspot/share/classfile/systemDictionary.cpp, line 231]
Event: 40.143 Thread 0x0000019983982000 Exception <a 'java/lang/ClassNotFoundException'{0x000000008a910a98}: org/springframework/security/core/CredentialsContainerCustomizer> (0x000000008a910a98) thrown at [./src/hotspot/share/classfile/systemDictionary.cpp, line 231]

Events (20 events):
Event: 40.234 Executing VM operation: RevokeBias
Event: 40.234 Executing VM operation: RevokeBias done
Event: 40.308 loading class org/apache/catalina/core/ApplicationContext$DispatchData
Event: 40.308 loading class org/apache/catalina/core/ApplicationContext$DispatchData done
Event: 40.308 loading class org/apache/catalina/core/ApplicationMapping$1
Event: 40.308 loading class org/apache/catalina/core/ApplicationMapping$1 done
Event: 40.308 loading class org/apache/catalina/core/ApplicationMapping$MappingImpl
Event: 40.308 loading class org/apache/catalina/core/ApplicationMapping$MappingImpl done
Event: 40.309 loading class org/apache/catalina/core/ApplicationDispatcher$State
Event: 40.309 loading class org/apache/catalina/core/ApplicationDispatcher$State done
Event: 40.309 loading class org/apache/catalina/core/ApplicationHttpRequest
Event: 40.309 loading class org/apache/catalina/core/ApplicationHttpRequest done
Event: 41.394 Thread 0x0000019983638000 Thread exited: 0x0000019983638000
Event: 42.649 Thread 0x0000019983637000 Thread exited: 0x0000019983637000
Event: 42.651 loading class org/springframework/security/web/savedrequest/SavedRequestAwareWrapper
Event: 42.651 loading class org/springframework/security/web/savedrequest/SavedRequestAwareWrapper done
Event: 42.655 loading class org/springframework/security/web/savedrequest/Enumerator
Event: 42.655 loading class org/springframework/security/web/savedrequest/Enumerator done
Event: 42.660 Thread 0x0000019983637000 Thread added: 0x0000019983637000
Event: 42.661 Thread 0x0000019983635800 Thread added: 0x0000019983635800


Dynamic libraries:
0x00007ff671ff0000 - 0x00007ff671ffd000 	C:\Program Files\AdoptOpenJDK\jdk-11.0.8.10-hotspot\bin\java.exe
0x00007ffda05f0000 - 0x00007ffda07e5000 	C:\WINDOWS\SYSTEM32\ntdll.dll
0x00007ffd9edd0000 - 0x00007ffd9ee8e000 	C:\WINDOWS\System32\KERNEL32.DLL
0x00007ffd9e310000 - 0x00007ffd9e5d9000 	C:\WINDOWS\System32\KERNELBASE.dll
0x00007ffd9e170000 - 0x00007ffd9e270000 	C:\WINDOWS\System32\ucrtbase.dll
0x00007ffd97ea0000 - 0x00007ffd97eb7000 	C:\Program Files\AdoptOpenJDK\jdk-11.0.8.10-hotspot\bin\jli.dll
0x00007ffd97e80000 - 0x00007ffd97e95000 	C:\Program Files\AdoptOpenJDK\jdk-11.0.8.10-hotspot\bin\VCRUNTIME140.dll
0x00007ffd9ef00000 - 0x00007ffd9f0a1000 	C:\WINDOWS\System32\USER32.dll
0x00007ffd9dd10000 - 0x00007ffd9dd32000 	C:\WINDOWS\System32\win32u.dll
0x00007ffd83b80000 - 0x00007ffd83e1a000 	C:\WINDOWS\WinSxS\amd64_microsoft.windows.common-controls_6595b64144ccf1df_6.0.19041.1110_none_60b5254171f9507e\COMCTL32.dll
0x00007ffd9e7c0000 - 0x00007ffd9e7eb000 	C:\WINDOWS\System32\GDI32.dll
0x00007ffd9f740000 - 0x00007ffd9f7de000 	C:\WINDOWS\System32\msvcrt.dll
0x00007ffd9e060000 - 0x00007ffd9e16b000 	C:\WINDOWS\System32\gdi32full.dll
0x00007ffd9e270000 - 0x00007ffd9e30d000 	C:\WINDOWS\System32\msvcp_win.dll
0x00007ffd9f570000 - 0x00007ffd9f5a0000 	C:\WINDOWS\System32\IMM32.DLL
0x00007ffd7dbe0000 - 0x00007ffd7dc7b000 	C:\Program Files\AdoptOpenJDK\jdk-11.0.8.10-hotspot\bin\msvcp140.dll
0x00007ffd37e70000 - 0x00007ffd3892d000 	C:\Program Files\AdoptOpenJDK\jdk-11.0.8.10-hotspot\bin\server\jvm.dll
0x00007ffd9f0b0000 - 0x00007ffd9f15c000 	C:\WINDOWS\System32\ADVAPI32.dll
0x00007ffd9e640000 - 0x00007ffd9e6db000 	C:\WINDOWS\System32\sechost.dll
0x00007ffd9eaa0000 - 0x00007ffd9ebca000 	C:\WINDOWS\System32\RPCRT4.dll
0x00007ffd9edc0000 - 0x00007ffd9edc8000 	C:\WINDOWS\System32\PSAPI.DLL
0x00007ffd8d8b0000 - 0x00007ffd8d8b9000 	C:\WINDOWS\SYSTEM32\WSOCK32.dll
0x00007ffd8ea90000 - 0x00007ffd8eab7000 	C:\WINDOWS\SYSTEM32\WINMM.dll
0x00007ffd9ee90000 - 0x00007ffd9eefb000 	C:\WINDOWS\System32\WS2_32.dll
0x00007ffd97890000 - 0x00007ffd9789a000 	C:\WINDOWS\SYSTEM32\VERSION.dll
0x00007ffd9c590000 - 0x00007ffd9c5a2000 	C:\WINDOWS\SYSTEM32\kernel.appcore.dll
0x00007ffd97c80000 - 0x00007ffd97c90000 	C:\Program Files\AdoptOpenJDK\jdk-11.0.8.10-hotspot\bin\verify.dll
0x00007ffd9bb10000 - 0x00007ffd9bcf4000 	C:\WINDOWS\SYSTEM32\DBGHELP.DLL
0x00007ffd941f0000 - 0x00007ffd9421c000 	C:\WINDOWS\SYSTEM32\dbgcore.DLL
0x00007ffd9dfd0000 - 0x00007ffd9e053000 	C:\WINDOWS\System32\bcryptPrimitives.dll
0x00007ffd94660000 - 0x00007ffd94688000 	C:\Program Files\AdoptOpenJDK\jdk-11.0.8.10-hotspot\bin\java.dll
0x00007ffd954e0000 - 0x00007ffd954ea000 	C:\Program Files\AdoptOpenJDK\jdk-11.0.8.10-hotspot\bin\jimage.dll
0x00007ffd94640000 - 0x00007ffd9464e000 	C:\Program Files\AdoptOpenJDK\jdk-11.0.8.10-hotspot\bin\instrument.dll
0x00007ffd936e0000 - 0x00007ffd936f7000 	C:\Program Files\AdoptOpenJDK\jdk-11.0.8.10-hotspot\bin\zip.dll
0x00007ffd9fe70000 - 0x00007ffda05af000 	C:\WINDOWS\System32\SHELL32.dll
0x00007ffd9bd00000 - 0x00007ffd9c490000 	C:\WINDOWS\SYSTEM32\windows.storage.dll
0x00007ffd9f210000 - 0x00007ffd9f565000 	C:\WINDOWS\System32\combase.dll
0x00007ffd9d690000 - 0x00007ffd9d6bc000 	C:\WINDOWS\SYSTEM32\Wldp.dll
0x00007ffd9f160000 - 0x00007ffd9f20e000 	C:\WINDOWS\System32\SHCORE.dll
0x00007ffd9f7e0000 - 0x00007ffd9f835000 	C:\WINDOWS\System32\shlwapi.dll
0x00007ffd9dc50000 - 0x00007ffd9dc6f000 	C:\WINDOWS\SYSTEM32\profapi.dll
0x00007ffd91a50000 - 0x00007ffd91a69000 	C:\Program Files\AdoptOpenJDK\jdk-11.0.8.10-hotspot\bin\net.dll
0x00007ffd92570000 - 0x00007ffd92678000 	C:\WINDOWS\SYSTEM32\WINHTTP.dll
0x00007ffd9d3f0000 - 0x00007ffd9d45a000 	C:\WINDOWS\system32\mswsock.dll
0x00007ffd91a30000 - 0x00007ffd91a42000 	C:\Program Files\AdoptOpenJDK\jdk-11.0.8.10-hotspot\bin\nio.dll
0x00007ffd97dd0000 - 0x00007ffd97dea000 	D:\IntelliJ IDEA 2021.1\bin\breakgen64.dll
0x00007ffd93c50000 - 0x00007ffd93c59000 	C:\Program Files\AdoptOpenJDK\jdk-11.0.8.10-hotspot\bin\management.dll
0x00007ffd936d0000 - 0x00007ffd936db000 	C:\Program Files\AdoptOpenJDK\jdk-11.0.8.10-hotspot\bin\management_ext.dll
0x00007ffd63960000 - 0x00007ffd63977000 	C:\WINDOWS\system32\napinsp.dll
0x00007ffd63940000 - 0x00007ffd6395b000 	C:\WINDOWS\system32\pnrpnsp.dll
0x00007ffd98a50000 - 0x00007ffd98a65000 	C:\WINDOWS\system32\wshbth.dll
0x00007ffd961f0000 - 0x00007ffd9620d000 	C:\WINDOWS\system32\NLAapi.dll
0x00007ffd9d0e0000 - 0x00007ffd9d11b000 	C:\WINDOWS\SYSTEM32\IPHLPAPI.DLL
0x00007ffd9d120000 - 0x00007ffd9d1ec000 	C:\WINDOWS\SYSTEM32\DNSAPI.dll
0x00007ffd9e7f0000 - 0x00007ffd9e7f8000 	C:\WINDOWS\System32\NSI.dll
0x00007ffd63920000 - 0x00007ffd63932000 	C:\WINDOWS\System32\winrnr.dll
0x00007ffd95e20000 - 0x00007ffd95e2a000 	C:\Windows\System32\rasadhlp.dll
0x00007ffd93350000 - 0x00007ffd933cf000 	C:\WINDOWS\System32\fwpuclnt.dll
0x00007ffd9dfa0000 - 0x00007ffd9dfc7000 	C:\WINDOWS\System32\bcrypt.dll
0x0000000180000000 - 0x0000000180285000 	D:\apache-tomcat-9.0.37\bin\tcnative-1.dll
0x00007ffd9de40000 - 0x00007ffd9df96000 	C:\WINDOWS\System32\CRYPT32.dll
0x00007ffd9d5f0000 - 0x00007ffd9d608000 	C:\WINDOWS\SYSTEM32\CRYPTSP.dll
0x00007ffd9cd70000 - 0x00007ffd9cda4000 	C:\WINDOWS\system32\rsaenh.dll
0x00007ffd9dc10000 - 0x00007ffd9dc3e000 	C:\WINDOWS\SYSTEM32\USERENV.dll
0x00007ffd9d5e0000 - 0x00007ffd9d5ec000 	C:\WINDOWS\SYSTEM32\CRYPTBASE.dll
0x00007ffd95630000 - 0x00007ffd95647000 	C:\WINDOWS\SYSTEM32\dhcpcsvc6.DLL
0x00007ffd95820000 - 0x00007ffd9583d000 	C:\WINDOWS\SYSTEM32\dhcpcsvc.DLL
0x00007ffd73a40000 - 0x00007ffd73a65000 	C:\Program Files\AdoptOpenJDK\jdk-11.0.8.10-hotspot\bin\sunec.dll
0x00007ffd7db90000 - 0x00007ffd7db9e000 	C:\Program Files\AdoptOpenJDK\jdk-11.0.8.10-hotspot\bin\sunmscapi.dll
0x00007ffd9d700000 - 0x00007ffd9d727000 	C:\WINDOWS\SYSTEM32\ncrypt.dll
0x00007ffd9d6c0000 - 0x00007ffd9d6fb000 	C:\WINDOWS\SYSTEM32\NTASN1.dll

dbghelp: loaded successfully - version: 4.0.5 - missing functions: none
symbol engine: initialized successfully - sym options: 0x614 - pdb path: .;C:\Program Files\AdoptOpenJDK\jdk-11.0.8.10-hotspot\bin;C:\WINDOWS\SYSTEM32;C:\WINDOWS\WinSxS\amd64_microsoft.windows.common-controls_6595b64144ccf1df_6.0.19041.1110_none_60b5254171f9507e;C:\Program Files\AdoptOpenJDK\jdk-11.0.8.10-hotspot\bin\server;D:\IntelliJ IDEA 2021.1\bin;D:\apache-tomcat-9.0.37\bin

VM Arguments:
jvm_args: -javaagent:D:\IntelliJ IDEA 2021.1\lib\idea_rt.jar=49269:D:\IntelliJ IDEA 2021.1\bin -Dfile.encoding=UTF-8 
java_command: com.example.demo.SpringbootProjectApplication
java_class_path (initial): C:\Users\Admin\eclipse-workspace\Springboot_project\target\classes;C:\Users\Admin\.m2\repository\org\springframework\boot\spring-boot-starter-security\2.4.5\spring-boot-starter-security-2.4.5.jar;C:\Users\Admin\.m2\repository\org\springframework\boot\spring-boot-starter\2.4.5\spring-boot-starter-2.4.5.jar;C:\Users\Admin\.m2\repository\org\springframework\boot\spring-boot-starter-logging\2.4.5\spring-boot-starter-logging-2.4.5.jar;C:\Users\Admin\.m2\repository\ch\qos\logback\logback-classic\1.2.3\logback-classic-1.2.3.jar;C:\Users\Admin\.m2\repository\ch\qos\logback\logback-core\1.2.3\logback-core-1.2.3.jar;C:\Users\Admin\.m2\repository\org\apache\logging\log4j\log4j-to-slf4j\2.13.3\log4j-to-slf4j-2.13.3.jar;C:\Users\Admin\.m2\repository\org\apache\logging\log4j\log4j-api\2.13.3\log4j-api-2.13.3.jar;C:\Users\Admin\.m2\repository\org\slf4j\jul-to-slf4j\1.7.30\jul-to-slf4j-1.7.30.jar;C:\Users\Admin\.m2\repository\jakarta\annotation\jakarta.annotation-api\1.3.5\jakarta.annotation-api-1.3.5.jar;C:\Users\Admin\.m2\repository\org\yaml\snakeyaml\1.27\snakeyaml-1.27.jar;C:\Users\Admin\.m2\repository\org\springframework\spring-aop\5.3.6\spring-aop-5.3.6.jar;C:\Users\Admin\.m2\repository\org\springframework\spring-beans\5.3.6\spring-beans-5.3.6.jar;C:\Users\Admin\.m2\repository\org\springframework\security\spring-security-config\5.4.6\spring-security-config-5.4.6.jar;C:\Users\Admin\.m2\repository\org\springframework\spring-context\5.3.6\spring-context-5.3.6.jar;C:\Users\Admin\.m2\repository\org\springframework\security\spring-security-web\5.4.6\spring-security-web-5.4.6.jar;C:\Users\Admin\.m2\repository\org\springframework\spring-expression\5.3.6\spring-expression-5.3.6.jar;C:\Users\Admin\.m2\repository\org\springframework\boot\spring-boot-starter-thymeleaf\2.4.5\spring-boot-starter-thymeleaf-2.4.5.jar;C:\Users\Admin\.m2\repository\org\thymeleaf\thymeleaf-spring5\3.0.12.RELEASE\thymeleaf-spring5-3.0.12.RELEASE.jar;C:\Users\Admin\.m2\repository\org\
Launcher Type: SUN_STANDARD

[Global flags]
     intx CICompilerCount                          = 4                                         {product} {ergonomic}
     uint ConcGCThreads                            = 2                                         {product} {ergonomic}
     uint G1ConcRefinementThreads                  = 8                                         {product} {ergonomic}
   size_t G1HeapRegionSize                         = 1048576                                   {product} {ergonomic}
    uintx GCDrainStackTargetSize                   = 64                                        {product} {ergonomic}
   size_t InitialHeapSize                          = 134217728                                 {product} {ergonomic}
   size_t MarkStackSize                            = 4194304                                   {product} {ergonomic}
   size_t MaxHeapSize                              = 2118123520                                {product} {ergonomic}
   size_t MaxNewSize                               = 1270874112                                {product} {ergonomic}
   size_t MinHeapDeltaBytes                        = 1048576                                   {product} {ergonomic}
    uintx NonNMethodCodeHeapSize                   = 5836300                                {pd product} {ergonomic}
    uintx NonProfiledCodeHeapSize                  = 122910970                              {pd product} {ergonomic}
    uintx ProfiledCodeHeapSize                     = 122910970                              {pd product} {ergonomic}
    uintx ReservedCodeCacheSize                    = 251658240                              {pd product} {ergonomic}
     bool SegmentedCodeCache                       = true                                      {product} {ergonomic}
     bool UseCompressedClassPointers               = true                                 {lp64_product} {ergonomic}
     bool UseCompressedOops                        = true                                 {lp64_product} {ergonomic}
     bool UseG1GC                                  = true                                      {product} {ergonomic}
     bool UseLargePagesIndividualAllocation        = false                                  {pd product} {ergonomic}

Logging:
Log output configuration:
 #0: stdout all=warning uptime,level,tags
 #1: stderr all=off uptime,level,tags

Environment Variables:
JAVA_HOME=C:\Program Files\AdoptOpenJDK\jdk-11.0.8.10-hotspot\
PATH=C:\Program Files\AdoptOpenJDK\jdk-11.0.8.10-hotspot\bin;C:\WINDOWS\system32;C:\WINDOWS;C:\WINDOWS\System32\Wbem;C:\WINDOWS\System32\WindowsPowerShell\v1.0\;C:\WINDOWS\System32\OpenSSH\;C:\Program Files (x86)\Microsoft SQL Server\110\Tools\Binn\ManagementStudio\;C:\Program Files (x86)\Microsoft SQL Server\110\Tools\Binn\;C:\Program Files\Microsoft SQL Server\110\Tools\Binn\;C:\Program Files (x86)\Microsoft SQL Server\110\DTS\Binn\;C:\Program Files\Microsoft SQL Server\Client SDK\ODBC\110\Tools\Binn\;C:\Program Files (x86)\Microsoft SQL Server\120\Tools\Binn\;C:\Program Files\Microsoft SQL Server\120\Tools\Binn\;C:\Program Files\Microsoft SQL Server\120\DTS\Binn\;C:\Program Files (x86)\Microsoft SQL Server\120\Tools\Binn\ManagementStudio\;C:\Program Files (x86)\Microsoft SQL Server\120\DTS\Binn\;C:\Users\Admin\Downloads\apache-maven-3.6.0;C:\Users\Admin\Downloads\apache-maven-3.6.0\bin;C:\Program Files\NVIDIA Corporation\NVIDIA NvDLISR;C:\Program Files (x86)\NVIDIA Corporation\PhysX\Common;C:\Users\Admin\Downloads\apache-maven-3.6.0\bin;C:\Program Files\nodejs\;C:\Program Files\Git\cmd;C:\WINDOWS\system32;C:\WINDOWS;C:\WINDOWS\System32\Wbem;C:\WINDOWS\System32\WindowsPowerShell\v1.0\;C:\WINDOWS\System32\OpenSSH\;C:\Users\Admin\AppData\Local\Microsoft\WindowsApps;C:\Users\Admin\AppData\Local\Programs\Microsoft VS Code\bin;D:\apache-tomcat-9.0.37\bin;C:\Users\Admin\AppData\Roaming\npm;
USERNAME=Admin
OS=Windows_NT
PROCESSOR_IDENTIFIER=Intel64 Family 6 Model 158 Stepping 10, GenuineIntel



---------------  S Y S T E M  ---------------

OS: Windows 10 , 64 bit Build 19041 (10.0.19041.1202)
OS uptime: 0 days 0:38 hours

CPU:total 8 (initial active 8) (4 cores per cpu, 2 threads per core) family 6 model 158 stepping 10, cmov, cx8, fxsr, mmx, sse, sse2, sse3, ssse3, sse4.1, sse4.2, popcnt, avx, avx2, aes, clmul, erms, 3dnowpref, lzcnt, ht, tsc, tscinvbit, bmi1, bmi2, adx, fma

Memory: 4k page, system-wide physical 8072M (813M free)
TotalPageFile size 12168M (AvailPageFile size 1M)
current process WorkingSet (physical memory assigned to process): 343M, peak: 369M
current process commit charge ("private bytes"): 407M, peak: 438M

vm_info: OpenJDK 64-Bit Server VM (11.0.8+10) for windows-amd64 JRE (11.0.8+10), built on Jul 15 2020 11:45:54 by "" with MS VC++ 15.9 (VS2017)

END.
